{"type":"operationStart","subtype":"profile","data":{"_id":"usFar9G4V3X1gpVh","timestamp":"2024-01-14T17:14:05.099Z","state":"queued","mode":"standard","creationDate":"2024-01-14T17:14:05.105Z","modificationDate":"2024-01-14T17:14:05.105Z","shortid":"-dhO1lw","$entitySet":"profiles"},"doDiffs":false,"timestamp":1705252445101,"id":"6gn51l4kacmkswz","previousOperationId":null,"operationId":"wbltxgh1wd4ld9f"}
{"type":"log","level":"info","message":"Render request 1 queued for execution and waiting for available worker","previousOperationId":"wbltxgh1wd4ld9f","timestamp":1705252445103,"id":"n2ew40dqtt0kvw9"}
{"type":"operationStart","subtype":"render","name":"orders-header","previousOperationId":"wbltxgh1wd4ld9f","timestamp":1705252445147,"id":"ays9djk3nia966o","previousEventId":"6gn51l4kacmkswz","operationId":"tb74cp68z7nvtnd"}
{"type":"log","timestamp":1705252445148,"level":"info","message":"Starting rendering request 1","meta":{"rootId":"lt8t3590n1slb00","id":"lt8t3590n1slb00"},"id":"qm3dfwq2i7n3bwz","previousOperationId":"tb74cp68z7nvtnd"}
{"type":"log","timestamp":1705252445150,"level":"info","message":"Rendering template { name: orders-header, recipe: chrome-pdf, engine: handlebars, preview: true }","meta":{"rootId":"lt8t3590n1slb00","id":"lt8t3590n1slb00"},"id":"ake2yp8mc2706jk","previousOperationId":"tb74cp68z7nvtnd"}
{"type":"log","timestamp":1705252445161,"level":"debug","message":"Data item not defined for this template.","meta":{"rootId":"lt8t3590n1slb00","id":"lt8t3590n1slb00"},"id":"p3hvzmzy7o5sxg2","previousOperationId":"tb74cp68z7nvtnd"}
{"type":"log","timestamp":1705252445167,"level":"debug","message":"Base url not specified, skipping its injection.","meta":{"rootId":"lt8t3590n1slb00","id":"lt8t3590n1slb00"},"id":"zuy8hjb1bi66xc4","previousOperationId":"tb74cp68z7nvtnd"}
{"type":"operationStart","subtype":"engine","name":"handlebars","timestamp":1705252445168,"id":"uetwdq42gk0pnso","previousEventId":"ays9djk3nia966o","operationId":"jrtjoghypuir3kx","previousOperationId":"tb74cp68z7nvtnd"}
{"type":"log","timestamp":1705252445168,"level":"debug","message":"Rendering engine handlebars","meta":{"rootId":"lt8t3590n1slb00","id":"lt8t3590n1slb00"},"id":"8dysel3txicbp94","previousOperationId":"jrtjoghypuir3kx"}
{"type":"operationEnd","operationId":"jrtjoghypuir3kx","timestamp":1705252446002,"id":"wvnv4pcgoc4e202","previousEventId":"uetwdq42gk0pnso","previousOperationId":"jrtjoghypuir3kx"}
{"type":"operationStart","subtype":"recipe","name":"chrome-pdf","timestamp":1705252446003,"id":"l9lclnwt3c15oue","previousEventId":"wvnv4pcgoc4e202","operationId":"16z41abg0hhu4nk","previousOperationId":"jrtjoghypuir3kx"}
{"type":"log","timestamp":1705252446003,"level":"debug","message":"Executing recipe chrome-pdf","meta":{"rootId":"lt8t3590n1slb00","id":"lt8t3590n1slb00"},"id":"yw6sv9rqdo9hsa6","previousOperationId":"16z41abg0hhu4nk"}
{"type":"log","timestamp":1705252446834,"level":"debug","message":"Converting with chrome HeadlessChrome/117.0.5938.149 using chrome-pool strategy","meta":{"rootId":"lt8t3590n1slb00","id":"lt8t3590n1slb00"},"id":"5p0p6gisl63cq90","previousOperationId":"16z41abg0hhu4nk"}
{"type":"log","timestamp":1705252447073,"level":"debug","message":"Page request: GET (document) file:///C:/Users/arida/AppData/Local/Temp/jsreport/autocleanup/a7759308-0dad-4378-959b-997497bebcc7-chrome-pdf.html","meta":{"rootId":"lt8t3590n1slb00","id":"lt8t3590n1slb00"},"id":"pi99ba19ge31ip4","previousOperationId":"16z41abg0hhu4nk"}
{"type":"log","timestamp":1705252447091,"level":"debug","message":"Page request: GET (stylesheet) https://cdnjs.cloudflare.com/ajax/libs/metro/4.1.5/css/metro.min.css","meta":{"rootId":"lt8t3590n1slb00","id":"lt8t3590n1slb00"},"id":"lxjvqfcujp6wkas","previousOperationId":"16z41abg0hhu4nk"}
{"type":"log","timestamp":1705252447092,"level":"debug","message":"Page request finished: GET (document) 200 file:///C:/Users/arida/AppData/Local/Temp/jsreport/autocleanup/a7759308-0dad-4378-959b-997497bebcc7-chrome-pdf.html","meta":{"rootId":"lt8t3590n1slb00","id":"lt8t3590n1slb00"},"id":"kiw3u3qr1xgzqwa","previousOperationId":"16z41abg0hhu4nk"}
{"type":"log","timestamp":1705252449747,"level":"debug","message":"Page request finished: GET (stylesheet) 200 https://cdnjs.cloudflare.com/ajax/libs/metro/4.1.5/css/metro.min.css","meta":{"rootId":"lt8t3590n1slb00","id":"lt8t3590n1slb00"},"id":"e4wymi103obrhva","previousOperationId":"16z41abg0hhu4nk"}
{"type":"log","timestamp":1705252449752,"level":"debug","message":"Running chrome with params {\"printBackground\":true,\"marginTop\":\"1.5cm\",\"marginRight\":\"1.5cm\",\"marginLeft\":\"1.cm\",\"timeout\":58590,\"margin\":{\"top\":\"1.5cm\",\"right\":\"1.5cm\",\"left\":\"1.cm\"}}","meta":{"rootId":"lt8t3590n1slb00","id":"lt8t3590n1slb00"},"id":"pxluql17ssjqx4a","previousOperationId":"16z41abg0hhu4nk"}
{"type":"operationEnd","operationId":"16z41abg0hhu4nk","timestamp":1705252449780,"id":"e28lq0043qns78m","previousEventId":"l9lclnwt3c15oue","previousOperationId":"16z41abg0hhu4nk"}
{"type":"log","timestamp":1705252449782,"level":"debug","message":"Skipping storing report.","meta":{"rootId":"lt8t3590n1slb00","id":"lt8t3590n1slb00"},"id":"ifom924f7elfl9y","previousOperationId":"16z41abg0hhu4nk"}
{"type":"log","timestamp":1705252449782,"level":"info","message":"Rendering request 1 finished in 4684 ms","meta":{"rootId":"lt8t3590n1slb00","id":"lt8t3590n1slb00"},"id":"cqr54w8iapayg2q","previousOperationId":"16z41abg0hhu4nk"}
{"type":"operationEnd","subtype":"render","operationId":"tb74cp68z7nvtnd","timestamp":1705252449782,"id":"ryx2wo6e55uy401","previousEventId":"e28lq0043qns78m","previousOperationId":"16z41abg0hhu4nk"}
{"type":"operationEnd","doDiffs":false,"previousEventId":"6gn51l4kacmkswz","previousOperationId":"wbltxgh1wd4ld9f","operationId":"wbltxgh1wd4ld9f","timestamp":1705252449791,"id":"dogaoyegeuepfkp"}
