{"type":"operationStart","subtype":"profile","data":{"_id":"z2CQ4FJgQ08dI8Be","timestamp":"2024-01-09T20:11:36.415Z","state":"queued","mode":"standard","creationDate":"2024-01-09T20:11:36.418Z","modificationDate":"2024-01-09T20:11:36.418Z","shortid":"mXFv6aj","$entitySet":"profiles"},"doDiffs":false,"timestamp":1704831096416,"id":"sp6hyobogg3wm45","previousOperationId":null,"operationId":"58dik9w8cenie66"}
{"type":"log","level":"info","message":"Render request 11 queued for execution and waiting for available worker","previousOperationId":"58dik9w8cenie66","timestamp":1704831096417,"id":"fge7pirt98ojhty"}
{"type":"operationStart","subtype":"render","name":"orders-main","previousOperationId":"58dik9w8cenie66","timestamp":1704831096433,"id":"wqmiyyvtsj6rcsp","previousEventId":"sp6hyobogg3wm45","operationId":"4zena40b0f28tgr"}
{"type":"log","timestamp":1704831096433,"level":"info","message":"Starting rendering request 11","meta":{"rootId":"03thviyorsny7ve","id":"03thviyorsny7ve"},"id":"a06m02s0hkcwtyo","previousOperationId":"4zena40b0f28tgr"}
{"type":"log","timestamp":1704831096433,"level":"info","message":"Rendering template { name: orders-main, recipe: chrome-pdf, engine: handlebars, preview: true }","meta":{"rootId":"03thviyorsny7ve","id":"03thviyorsny7ve"},"id":"dzoufjm74geipqq","previousOperationId":"4zena40b0f28tgr"}
{"type":"log","timestamp":1704831096435,"level":"debug","message":"Data item not defined for this template.","meta":{"rootId":"03thviyorsny7ve","id":"03thviyorsny7ve"},"id":"p5mg5mx9x0xgeha","previousOperationId":"4zena40b0f28tgr"}
{"type":"log","timestamp":1704831096439,"level":"debug","message":"Executing script orders-script (beforeRender)","meta":{"rootId":"03thviyorsny7ve","id":"03thviyorsny7ve"},"id":"odd37tm2g3z6d6m","previousOperationId":"4zena40b0f28tgr"}
{"type":"operationStart","subtype":"scriptsBeforeRender","name":"scripts beforeRender","timestamp":1704831096459,"id":"4acr5hsdvarf3r9","previousEventId":"wqmiyyvtsj6rcsp","operationId":"r6a961m10fz9kka","previousOperationId":"4zena40b0f28tgr"}
{"type":"operationStart","subtype":"script","name":"scripts orders-script","previousOperationId":"r6a961m10fz9kka","timestamp":1704831096459,"id":"xnb8i3tniaq6f4q","previousEventId":"4acr5hsdvarf3r9","operationId":"svw4imqtv17gce0"}
{"type":"log","timestamp":1704831096460,"level":"debug","message":"(console:log) {}","meta":{"userLevel":true,"rootId":"03thviyorsny7ve","id":"03thviyorsny7ve"},"id":"2twhkb0yf0ixc61","previousOperationId":"svw4imqtv17gce0"}
{"type":"log","timestamp":1704831097334,"level":"debug","message":"(console:log) undefined","meta":{"userLevel":true,"rootId":"03thviyorsny7ve","id":"03thviyorsny7ve"},"id":"e7nqra3mol8srj0","previousOperationId":"svw4imqtv17gce0"}
{"type":"operationEnd","operationId":"svw4imqtv17gce0","timestamp":1704831097736,"id":"yesigi0y6f12t2l","previousEventId":"wqmiyyvtsj6rcsp","previousOperationId":"4zena40b0f28tgr"}
{"type":"operationEnd","operationId":"r6a961m10fz9kka","timestamp":1704831097736,"id":"0wkprmz9f80mwyo","previousEventId":"yesigi0y6f12t2l","previousOperationId":"4zena40b0f28tgr"}
{"type":"log","timestamp":1704831097736,"level":"debug","message":"Base url not specified, skipping its injection.","meta":{"rootId":"03thviyorsny7ve","id":"03thviyorsny7ve"},"id":"eahb80ovqv5hr3e","previousOperationId":"r6a961m10fz9kka"}
{"type":"operationStart","subtype":"engine","name":"handlebars","timestamp":1704831097736,"id":"nb5mjnedo7ynkic","previousEventId":"0wkprmz9f80mwyo","operationId":"x1qh919kgg5b79t","previousOperationId":"r6a961m10fz9kka"}
{"type":"log","timestamp":1704831097736,"level":"debug","message":"Rendering engine handlebars","meta":{"rootId":"03thviyorsny7ve","id":"03thviyorsny7ve"},"id":"8zuab388nmgmr18","previousOperationId":"x1qh919kgg5b79t"}
{"type":"log","timestamp":1704831097747,"level":"debug","message":"(console:log) Pdf utils adding group field, value: \"France\"","meta":{"userLevel":true,"rootId":"03thviyorsny7ve","id":"03thviyorsny7ve"},"id":"95qxrfltkfqu4zp","previousOperationId":"x1qh919kgg5b79t"}
{"type":"log","timestamp":1704831097747,"level":"debug","message":"(console:log) Pdf utils adding group field, value: \"Germany\"","meta":{"userLevel":true,"rootId":"03thviyorsny7ve","id":"03thviyorsny7ve"},"id":"ewbrla2lnrtmmro","previousOperationId":"x1qh919kgg5b79t"}
{"type":"operationEnd","operationId":"x1qh919kgg5b79t","timestamp":1704831097747,"id":"9h6cxxt9o6gg8lx","previousEventId":"nb5mjnedo7ynkic","previousOperationId":"x1qh919kgg5b79t"}
{"type":"operationStart","subtype":"recipe","name":"chrome-pdf","timestamp":1704831097748,"id":"d24btsb4yzz0s9j","previousEventId":"9h6cxxt9o6gg8lx","operationId":"97s7gw0277wivc7","previousOperationId":"x1qh919kgg5b79t"}
{"type":"log","timestamp":1704831097748,"level":"debug","message":"Executing recipe chrome-pdf","meta":{"rootId":"03thviyorsny7ve","id":"03thviyorsny7ve"},"id":"8g5mhkhghb8s9ca","previousOperationId":"97s7gw0277wivc7"}
{"type":"log","timestamp":1704831097751,"level":"debug","message":"Converting with chrome HeadlessChrome/117.0.5938.149 using chrome-pool strategy","meta":{"rootId":"03thviyorsny7ve","id":"03thviyorsny7ve"},"id":"zcl1xz6hdejjh7v","previousOperationId":"97s7gw0277wivc7"}
{"type":"log","timestamp":1704831097882,"level":"debug","message":"Page request: GET (document) file:///C:/Users/arida/AppData/Local/Temp/jsreport/autocleanup/0b34e742-7dcd-40c9-9a34-474e55ea7412-chrome-pdf.html","meta":{"rootId":"03thviyorsny7ve","id":"03thviyorsny7ve"},"id":"z9a41oo866mayyb","previousOperationId":"97s7gw0277wivc7"}
{"type":"log","timestamp":1704831097945,"level":"debug","message":"Page request finished: GET (document) 200 file:///C:/Users/arida/AppData/Local/Temp/jsreport/autocleanup/0b34e742-7dcd-40c9-9a34-474e55ea7412-chrome-pdf.html","meta":{"rootId":"03thviyorsny7ve","id":"03thviyorsny7ve"},"id":"qx9xvryz10efnes","previousOperationId":"97s7gw0277wivc7"}
{"type":"log","timestamp":1704831097945,"level":"debug","message":"Page request: GET (stylesheet) https://cdnjs.cloudflare.com/ajax/libs/metro/4.1.5/css/metro.min.css","meta":{"rootId":"03thviyorsny7ve","id":"03thviyorsny7ve"},"id":"xhgo2pvep7y538i","previousOperationId":"97s7gw0277wivc7"}
{"type":"log","timestamp":1704831097946,"level":"debug","message":"Page request: GET (script) https://cdnjs.cloudflare.com/ajax/libs/Chart.js/2.7.2/Chart.min.js","meta":{"rootId":"03thviyorsny7ve","id":"03thviyorsny7ve"},"id":"se5jytueh17vdbs","previousOperationId":"97s7gw0277wivc7"}
{"type":"log","timestamp":1704831097970,"level":"debug","message":"Page request finished: GET (stylesheet) 200 https://cdnjs.cloudflare.com/ajax/libs/metro/4.1.5/css/metro.min.css","meta":{"rootId":"03thviyorsny7ve","id":"03thviyorsny7ve"},"id":"gd30nh81z0rm4mo","previousOperationId":"97s7gw0277wivc7"}
{"type":"log","timestamp":1704831097971,"level":"debug","message":"Page request finished: GET (script) 200 https://cdnjs.cloudflare.com/ajax/libs/Chart.js/2.7.2/Chart.min.js","meta":{"rootId":"03thviyorsny7ve","id":"03thviyorsny7ve"},"id":"p8t6vz4h6y6cixu","previousOperationId":"97s7gw0277wivc7"}
{"type":"log","timestamp":1704831098069,"level":"debug","message":"Running chrome with params {\"printBackground\":true,\"marginTop\":\"4cm\",\"marginRight\":\"1.5cm\",\"marginBottom\":\"1.5cm\",\"marginLeft\":\"1.5cm\",\"waitForJS\":false,\"timeout\":58664,\"margin\":{\"top\":\"4cm\",\"right\":\"1.5cm\",\"bottom\":\"1.5cm\",\"left\":\"1.5cm\"}}","meta":{"rootId":"03thviyorsny7ve","id":"03thviyorsny7ve"},"id":"gi5h7krnztuybfp","previousOperationId":"97s7gw0277wivc7"}
{"type":"operationEnd","operationId":"97s7gw0277wivc7","timestamp":1704831098271,"id":"tc5yho40cakqb0i","previousEventId":"d24btsb4yzz0s9j","previousOperationId":"97s7gw0277wivc7"}
{"type":"log","timestamp":1704831098271,"level":"info","message":"pdf-utils is starting pdf processing","meta":{"rootId":"03thviyorsny7ve","id":"03thviyorsny7ve"},"id":"i9knp7ooe2trlw8","previousOperationId":"97s7gw0277wivc7"}
{"type":"operationStart","subtype":"pdfUtils","name":"pdf utils","timestamp":1704831098271,"id":"nbj5lggdiyqafvy","previousEventId":"tc5yho40cakqb0i","operationId":"pcow0tuyie0da95","previousOperationId":"97s7gw0277wivc7"}
{"type":"log","timestamp":1704831098271,"level":"debug","message":"pdf-utils detected 1 pdf operation(s) to process","meta":{"rootId":"03thviyorsny7ve","id":"03thviyorsny7ve"},"id":"1k56qo53bge8cdl","previousOperationId":"pcow0tuyie0da95"}
{"type":"log","timestamp":1704831098312,"level":"debug","message":"pdf-utils running pdf operation merge","meta":{"rootId":"03thviyorsny7ve","id":"03thviyorsny7ve"},"id":"jrxcka62zoxsf06","previousOperationId":"pcow0tuyie0da95"}
{"type":"operationStart","subtype":"pdfUtilsMerge","name":"pdf utils merge","previousOperationId":"pcow0tuyie0da95","timestamp":1704831098312,"id":"kffgolb2iqfzwqu","previousEventId":"nbj5lggdiyqafvy","operationId":"bhkuyujnio0ngqr"}
{"type":"operationStart","subtype":"render","name":"orders-header","previousOperationId":"bhkuyujnio0ngqr","timestamp":1704831098313,"id":"zsnmzavaa40v6a3","previousEventId":"kffgolb2iqfzwqu","operationId":"vdp85y67dncff3m"}
{"type":"log","timestamp":1704831098313,"level":"info","message":"Starting rendering (child) request","meta":{"rootId":"03thviyorsny7ve","id":"w7mapeoixbbj91y"},"id":"50xlgjmp23j65ym","previousOperationId":"vdp85y67dncff3m"}
{"type":"log","timestamp":1704831098313,"level":"info","message":"Rendering template { name: orders-header, recipe: chrome-pdf, engine: handlebars, preview: true }","meta":{"rootId":"03thviyorsny7ve","id":"w7mapeoixbbj91y"},"id":"7k28k87elc4s53v","previousOperationId":"vdp85y67dncff3m"}
{"type":"log","timestamp":1704831098316,"level":"debug","message":"Inline data specified.","meta":{"rootId":"03thviyorsny7ve","id":"w7mapeoixbbj91y"},"id":"otjdz8nk7hb80yz","previousOperationId":"vdp85y67dncff3m"}
{"type":"log","timestamp":1704831098319,"level":"debug","message":"Base url not specified, skipping its injection.","meta":{"rootId":"03thviyorsny7ve","id":"w7mapeoixbbj91y"},"id":"ipvxg9jcz8ypgsg","previousOperationId":"vdp85y67dncff3m"}
{"type":"operationStart","subtype":"engine","name":"handlebars","timestamp":1704831098319,"id":"71qclycjm4envl3","previousEventId":"zsnmzavaa40v6a3","operationId":"jnxigcri0m7stm8","previousOperationId":"vdp85y67dncff3m"}
{"type":"log","timestamp":1704831098319,"level":"debug","message":"Rendering engine handlebars","meta":{"rootId":"03thviyorsny7ve","id":"w7mapeoixbbj91y"},"id":"snr34blf1pid9gl","previousOperationId":"jnxigcri0m7stm8"}
{"type":"operationEnd","operationId":"jnxigcri0m7stm8","timestamp":1704831098346,"id":"cr14xsjlpdid694","previousEventId":"71qclycjm4envl3","previousOperationId":"jnxigcri0m7stm8"}
{"type":"operationStart","subtype":"recipe","name":"chrome-pdf","timestamp":1704831098346,"id":"d8sjdlt38u3ilx7","previousEventId":"cr14xsjlpdid694","operationId":"5zavcxa0s1iqgu2","previousOperationId":"jnxigcri0m7stm8"}
{"type":"log","timestamp":1704831098346,"level":"debug","message":"Executing recipe chrome-pdf","meta":{"rootId":"03thviyorsny7ve","id":"w7mapeoixbbj91y"},"id":"le49jm4vpwhwnch","previousOperationId":"5zavcxa0s1iqgu2"}
{"type":"log","timestamp":1704831098350,"level":"debug","message":"Converting with chrome HeadlessChrome/117.0.5938.149 using chrome-pool strategy","meta":{"rootId":"03thviyorsny7ve","id":"w7mapeoixbbj91y"},"id":"lo2dy6dnhx8k9ue","previousOperationId":"5zavcxa0s1iqgu2"}
{"type":"log","timestamp":1704831098479,"level":"debug","message":"Page request: GET (document) file:///C:/Users/arida/AppData/Local/Temp/jsreport/autocleanup/00db20fc-a542-476c-9aa6-e7aca1fb027a-chrome-pdf.html","meta":{"rootId":"03thviyorsny7ve","id":"w7mapeoixbbj91y"},"id":"tu0pdxw63y7h8zi","previousOperationId":"5zavcxa0s1iqgu2"}
{"type":"log","timestamp":1704831098491,"level":"debug","message":"Page request: GET (stylesheet) https://cdnjs.cloudflare.com/ajax/libs/metro/4.1.5/css/metro.min.css","meta":{"rootId":"03thviyorsny7ve","id":"w7mapeoixbbj91y"},"id":"ppnby8x45ues8qk","previousOperationId":"5zavcxa0s1iqgu2"}
{"type":"log","timestamp":1704831098491,"level":"debug","message":"Page request finished: GET (document) 200 file:///C:/Users/arida/AppData/Local/Temp/jsreport/autocleanup/00db20fc-a542-476c-9aa6-e7aca1fb027a-chrome-pdf.html","meta":{"rootId":"03thviyorsny7ve","id":"w7mapeoixbbj91y"},"id":"7dq8k4mtskavfdh","previousOperationId":"5zavcxa0s1iqgu2"}
{"type":"log","timestamp":1704831098510,"level":"debug","message":"Page request finished: GET (stylesheet) 200 https://cdnjs.cloudflare.com/ajax/libs/metro/4.1.5/css/metro.min.css","meta":{"rootId":"03thviyorsny7ve","id":"w7mapeoixbbj91y"},"id":"7c2h8z8ux331rhg","previousOperationId":"5zavcxa0s1iqgu2"}
{"type":"log","timestamp":1704831098533,"level":"debug","message":"Running chrome with params {\"printBackground\":true,\"marginTop\":\"1.5cm\",\"marginRight\":\"1.5cm\",\"marginLeft\":\"1.cm\",\"timeout\":58065,\"margin\":{\"top\":\"1.5cm\",\"right\":\"1.5cm\",\"left\":\"1.cm\"}}","meta":{"rootId":"03thviyorsny7ve","id":"w7mapeoixbbj91y"},"id":"caozxqg09urg0p2","previousOperationId":"5zavcxa0s1iqgu2"}
{"type":"operationEnd","operationId":"5zavcxa0s1iqgu2","timestamp":1704831098577,"id":"5g6k17qmmaxqrhv","previousEventId":"d8sjdlt38u3ilx7","previousOperationId":"5zavcxa0s1iqgu2"}
{"type":"log","timestamp":1704831098577,"level":"debug","message":"Skipping storing report.","meta":{"rootId":"03thviyorsny7ve","id":"w7mapeoixbbj91y"},"id":"nhltr88of76yh5c","previousOperationId":"5zavcxa0s1iqgu2"}
{"type":"log","timestamp":1704831098578,"level":"info","message":"Rendering (child) request finished in 2164 ms","meta":{"rootId":"03thviyorsny7ve","id":"w7mapeoixbbj91y"},"id":"8i7se5w0uiemens","previousOperationId":"5zavcxa0s1iqgu2"}
{"type":"operationEnd","subtype":"render","operationId":"vdp85y67dncff3m","timestamp":1704831098578,"id":"7no2st5olily0q7","previousEventId":"5g6k17qmmaxqrhv","previousOperationId":"5zavcxa0s1iqgu2"}
{"type":"operationEnd","operationId":"bhkuyujnio0ngqr","timestamp":1704831098602,"id":"212anzzci3kpuvf","previousEventId":"kffgolb2iqfzwqu","previousOperationId":"bhkuyujnio0ngqr"}
{"type":"log","timestamp":1704831098602,"level":"debug","message":"pdf-utils postproces start","meta":{"rootId":"03thviyorsny7ve","id":"03thviyorsny7ve"},"id":"m6olxn1h4zmpnok","previousOperationId":"bhkuyujnio0ngqr"}
{"type":"log","timestamp":1704831098628,"level":"debug","message":"pdf-utils postproces end","meta":{"rootId":"03thviyorsny7ve","id":"03thviyorsny7ve"},"id":"4grpryx4vkxtdcv","previousOperationId":"bhkuyujnio0ngqr"}
{"type":"operationEnd","operationId":"pcow0tuyie0da95","timestamp":1704831098628,"id":"9dh83fc3xlmb1nu","previousEventId":"212anzzci3kpuvf","previousOperationId":"bhkuyujnio0ngqr"}
{"type":"log","timestamp":1704831098628,"level":"info","message":"pdf-utils pdf processing was finished","meta":{"rootId":"03thviyorsny7ve","id":"03thviyorsny7ve"},"id":"tuulfz7vqrl5wnt","previousOperationId":"pcow0tuyie0da95"}
{"type":"log","timestamp":1704831098628,"level":"debug","message":"Skipping storing report.","meta":{"rootId":"03thviyorsny7ve","id":"03thviyorsny7ve"},"id":"gn4allfl2301drx","previousOperationId":"pcow0tuyie0da95"}
{"type":"log","timestamp":1704831098628,"level":"info","message":"Rendering request 11 finished in 2214 ms","meta":{"rootId":"03thviyorsny7ve","id":"03thviyorsny7ve"},"id":"8gky6ke87m2oger","previousOperationId":"pcow0tuyie0da95"}
{"type":"operationEnd","subtype":"render","operationId":"4zena40b0f28tgr","timestamp":1704831098628,"id":"5ki7thnpt6lyca1","previousEventId":"9dh83fc3xlmb1nu","previousOperationId":"pcow0tuyie0da95"}
{"type":"operationEnd","doDiffs":false,"previousEventId":"sp6hyobogg3wm45","previousOperationId":"58dik9w8cenie66","operationId":"58dik9w8cenie66","timestamp":1704831098638,"id":"aiaqdnorsosqvqa"}
