{"type":"operationStart","subtype":"profile","data":{"_id":"7XVL0dV2EYJJiQ5j","timestamp":"2024-01-14T17:33:23.225Z","state":"queued","mode":"standard","creationDate":"2024-01-14T17:33:23.232Z","modificationDate":"2024-01-14T17:33:23.232Z","shortid":"rGaZ8XS","$entitySet":"profiles"},"doDiffs":false,"timestamp":1705253603229,"id":"bagek78j8uraigh","previousOperationId":null,"operationId":"xxqt8ytg3tx7l6e"}
{"type":"log","level":"info","message":"Render request 1 queued for execution and waiting for available worker","previousOperationId":"xxqt8ytg3tx7l6e","timestamp":1705253603230,"id":"k7l7b64fqv0tvji"}
{"type":"operationStart","subtype":"render","name":"orders-main","previousOperationId":"xxqt8ytg3tx7l6e","timestamp":1705253603268,"id":"b34kkz3ervu7gj5","previousEventId":"bagek78j8uraigh","operationId":"wb33er79s35xqu0"}
{"type":"log","timestamp":1705253603269,"level":"info","message":"Starting rendering request 1","meta":{"rootId":"0atxxcris2d82n8","id":"0atxxcris2d82n8"},"id":"tl9gunxa4170vmw","previousOperationId":"wb33er79s35xqu0"}
{"type":"log","timestamp":1705253603270,"level":"info","message":"Rendering template { name: orders-main, recipe: chrome-pdf, engine: handlebars, preview: true }","meta":{"rootId":"0atxxcris2d82n8","id":"0atxxcris2d82n8"},"id":"rhmo6uvzlxqh6zh","previousOperationId":"wb33er79s35xqu0"}
{"type":"log","timestamp":1705253603275,"level":"debug","message":"Data item not defined for this template.","meta":{"rootId":"0atxxcris2d82n8","id":"0atxxcris2d82n8"},"id":"ygkx3afnoe3v40h","previousOperationId":"wb33er79s35xqu0"}
{"type":"log","timestamp":1705253603289,"level":"debug","message":"Executing script orders-script (beforeRender)","meta":{"rootId":"0atxxcris2d82n8","id":"0atxxcris2d82n8"},"id":"m3vc0055pn4er4t","previousOperationId":"wb33er79s35xqu0"}
{"type":"operationStart","subtype":"scriptsBeforeRender","name":"scripts beforeRender","timestamp":1705253603687,"id":"t01mlndb8bydka1","previousEventId":"b34kkz3ervu7gj5","operationId":"by9w1w069cw895l","previousOperationId":"wb33er79s35xqu0"}
{"type":"operationStart","subtype":"script","name":"scripts orders-script","previousOperationId":"by9w1w069cw895l","timestamp":1705253603687,"id":"dsmh9gf79scd8ds","previousEventId":"t01mlndb8bydka1","operationId":"392ss0t5isjynvi"}
{"type":"operationEnd","operationId":"392ss0t5isjynvi","timestamp":1705253603729,"id":"89a65bz9bgr6vrt","previousEventId":"b34kkz3ervu7gj5","previousOperationId":"wb33er79s35xqu0"}
{"type":"operationEnd","operationId":"by9w1w069cw895l","timestamp":1705253603729,"id":"w63d7kv9pxh784j","previousEventId":"89a65bz9bgr6vrt","previousOperationId":"wb33er79s35xqu0"}
{"type":"log","timestamp":1705253603729,"level":"debug","message":"Base url not specified, skipping its injection.","meta":{"rootId":"0atxxcris2d82n8","id":"0atxxcris2d82n8"},"id":"v271m595sck8zpa","previousOperationId":"by9w1w069cw895l"}
{"type":"operationStart","subtype":"engine","name":"handlebars","timestamp":1705253603730,"id":"q2rw4xvqh3v9hyn","previousEventId":"w63d7kv9pxh784j","operationId":"93lz2mxhojax72l","previousOperationId":"by9w1w069cw895l"}
{"type":"log","timestamp":1705253603730,"level":"debug","message":"Rendering engine handlebars","meta":{"rootId":"0atxxcris2d82n8","id":"0atxxcris2d82n8"},"id":"7cbx0k4h2zbwmri","previousOperationId":"93lz2mxhojax72l"}
{"type":"operationEnd","operationId":"93lz2mxhojax72l","timestamp":1705253604111,"id":"d1ic4cd92rm202e","previousEventId":"q2rw4xvqh3v9hyn","previousOperationId":"93lz2mxhojax72l"}
{"type":"operationStart","subtype":"recipe","name":"chrome-pdf","timestamp":1705253604112,"id":"itrzbpndr2zku5r","previousEventId":"d1ic4cd92rm202e","operationId":"te3owqgnii2e9e4","previousOperationId":"93lz2mxhojax72l"}
{"type":"log","timestamp":1705253604112,"level":"debug","message":"Executing recipe chrome-pdf","meta":{"rootId":"0atxxcris2d82n8","id":"0atxxcris2d82n8"},"id":"dja838b1e8cmx86","previousOperationId":"te3owqgnii2e9e4"}
{"type":"log","timestamp":1705253604909,"level":"debug","message":"Converting with chrome HeadlessChrome/117.0.5938.149 using chrome-pool strategy","meta":{"rootId":"0atxxcris2d82n8","id":"0atxxcris2d82n8"},"id":"lhn7rnb7fpu9fal","previousOperationId":"te3owqgnii2e9e4"}
{"type":"log","timestamp":1705253605138,"level":"debug","message":"Page request: GET (document) file:///C:/Users/arida/AppData/Local/Temp/jsreport/autocleanup/b3047efc-c4e3-415a-b9ba-b21109ac9b89-chrome-pdf.html","meta":{"rootId":"0atxxcris2d82n8","id":"0atxxcris2d82n8"},"id":"d5x0ikyftvhls2g","previousOperationId":"te3owqgnii2e9e4"}
{"type":"log","timestamp":1705253605157,"level":"debug","message":"Page request: GET (stylesheet) https://cdnjs.cloudflare.com/ajax/libs/metro/4.1.5/css/metro.min.css","meta":{"rootId":"0atxxcris2d82n8","id":"0atxxcris2d82n8"},"id":"hcc26uafu1740xl","previousOperationId":"te3owqgnii2e9e4"}
{"type":"log","timestamp":1705253605158,"level":"debug","message":"Page request: GET (script) https://cdnjs.cloudflare.com/ajax/libs/Chart.js/2.7.2/Chart.min.js","meta":{"rootId":"0atxxcris2d82n8","id":"0atxxcris2d82n8"},"id":"akar12kqmtufs1h","previousOperationId":"te3owqgnii2e9e4"}
{"type":"log","timestamp":1705253605158,"level":"debug","message":"Page request finished: GET (document) 200 file:///C:/Users/arida/AppData/Local/Temp/jsreport/autocleanup/b3047efc-c4e3-415a-b9ba-b21109ac9b89-chrome-pdf.html","meta":{"rootId":"0atxxcris2d82n8","id":"0atxxcris2d82n8"},"id":"8t7o70ng0tb2u16","previousOperationId":"te3owqgnii2e9e4"}
{"type":"log","timestamp":1705253605396,"level":"debug","message":"Page request finished: GET (script) 200 https://cdnjs.cloudflare.com/ajax/libs/Chart.js/2.7.2/Chart.min.js","meta":{"rootId":"0atxxcris2d82n8","id":"0atxxcris2d82n8"},"id":"zwsjvwpsrsmtn1t","previousOperationId":"te3owqgnii2e9e4"}
{"type":"log","timestamp":1705253605438,"level":"debug","message":"Page request finished: GET (stylesheet) 200 https://cdnjs.cloudflare.com/ajax/libs/metro/4.1.5/css/metro.min.css","meta":{"rootId":"0atxxcris2d82n8","id":"0atxxcris2d82n8"},"id":"gjzr4qangx0wfx0","previousOperationId":"te3owqgnii2e9e4"}
{"type":"log","timestamp":1705253605454,"level":"debug","message":"Running chrome with params {\"printBackground\":true,\"marginTop\":\"4cm\",\"marginRight\":\"1.5cm\",\"marginBottom\":\"1.5cm\",\"marginLeft\":\"1.5cm\",\"waitForJS\":false,\"timeout\":58557,\"margin\":{\"top\":\"4cm\",\"right\":\"1.5cm\",\"bottom\":\"1.5cm\",\"left\":\"1.5cm\"}}","meta":{"rootId":"0atxxcris2d82n8","id":"0atxxcris2d82n8"},"id":"y08f03t9ztpupc5","previousOperationId":"te3owqgnii2e9e4"}
{"type":"operationEnd","operationId":"te3owqgnii2e9e4","timestamp":1705253605479,"id":"ejrhivajuxvpyul","previousEventId":"itrzbpndr2zku5r","previousOperationId":"te3owqgnii2e9e4"}
{"type":"log","timestamp":1705253605479,"level":"info","message":"pdf-utils is starting pdf processing","meta":{"rootId":"0atxxcris2d82n8","id":"0atxxcris2d82n8"},"id":"brqw7qv7yw7n3qu","previousOperationId":"te3owqgnii2e9e4"}
{"type":"operationStart","subtype":"pdfUtils","name":"pdf utils","timestamp":1705253605721,"id":"qx41kwuuotyneqy","previousEventId":"ejrhivajuxvpyul","operationId":"z1fcpqu6snmob57","previousOperationId":"te3owqgnii2e9e4"}
{"type":"log","timestamp":1705253605721,"level":"debug","message":"pdf-utils detected 1 pdf operation(s) to process","meta":{"rootId":"0atxxcris2d82n8","id":"0atxxcris2d82n8"},"id":"o4xauw51l1qm3kk","previousOperationId":"z1fcpqu6snmob57"}
{"type":"log","timestamp":1705253605921,"level":"debug","message":"pdf-utils running pdf operation merge","meta":{"rootId":"0atxxcris2d82n8","id":"0atxxcris2d82n8"},"id":"f253jm7fmk2ixr6","previousOperationId":"z1fcpqu6snmob57"}
{"type":"operationStart","subtype":"pdfUtilsMerge","name":"pdf utils merge","previousOperationId":"z1fcpqu6snmob57","timestamp":1705253605921,"id":"dnd2uwl97awkxue","previousEventId":"qx41kwuuotyneqy","operationId":"3c9by0mh50b3bri"}
{"type":"operationStart","subtype":"render","name":"orders-header","previousOperationId":"3c9by0mh50b3bri","timestamp":1705253605922,"id":"2tleu0ubaf7rqqs","previousEventId":"dnd2uwl97awkxue","operationId":"gum87g2fl7ax21s"}
{"type":"log","timestamp":1705253605922,"level":"info","message":"Starting rendering (child) request","meta":{"rootId":"0atxxcris2d82n8","id":"c5p4u491nwxedyt"},"id":"8s42c1ohgid2dgb","previousOperationId":"gum87g2fl7ax21s"}
{"type":"log","timestamp":1705253605922,"level":"info","message":"Rendering template { name: orders-header, recipe: chrome-pdf, engine: handlebars, preview: true }","meta":{"rootId":"0atxxcris2d82n8","id":"c5p4u491nwxedyt"},"id":"mqbdp0gcic8wspq","previousOperationId":"gum87g2fl7ax21s"}
{"type":"log","timestamp":1705253605933,"level":"debug","message":"Inline data specified.","meta":{"rootId":"0atxxcris2d82n8","id":"c5p4u491nwxedyt"},"id":"li038wg12px4uv1","previousOperationId":"gum87g2fl7ax21s"}
{"type":"log","timestamp":1705253605937,"level":"debug","message":"Base url not specified, skipping its injection.","meta":{"rootId":"0atxxcris2d82n8","id":"c5p4u491nwxedyt"},"id":"bpgse7j8bscccv8","previousOperationId":"gum87g2fl7ax21s"}
{"type":"operationStart","subtype":"engine","name":"handlebars","timestamp":1705253605937,"id":"6mh46qwtwme7fcu","previousEventId":"2tleu0ubaf7rqqs","operationId":"6pa17h1ffhg0zh3","previousOperationId":"gum87g2fl7ax21s"}
{"type":"log","timestamp":1705253605937,"level":"debug","message":"Rendering engine handlebars","meta":{"rootId":"0atxxcris2d82n8","id":"c5p4u491nwxedyt"},"id":"5zjv0eru7uyph28","previousOperationId":"6pa17h1ffhg0zh3"}
{"type":"operationEnd","operationId":"6pa17h1ffhg0zh3","timestamp":1705253605997,"id":"dw73xz664muqcue","previousEventId":"6mh46qwtwme7fcu","previousOperationId":"6pa17h1ffhg0zh3"}
{"type":"operationStart","subtype":"recipe","name":"chrome-pdf","timestamp":1705253605997,"id":"4zz98tons9tdyfo","previousEventId":"dw73xz664muqcue","operationId":"5rp5y4ck9a2z237","previousOperationId":"6pa17h1ffhg0zh3"}
{"type":"log","timestamp":1705253605997,"level":"debug","message":"Executing recipe chrome-pdf","meta":{"rootId":"0atxxcris2d82n8","id":"c5p4u491nwxedyt"},"id":"ad5s1n2qe85vbzc","previousOperationId":"5rp5y4ck9a2z237"}
{"type":"log","timestamp":1705253606001,"level":"debug","message":"Converting with chrome HeadlessChrome/117.0.5938.149 using chrome-pool strategy","meta":{"rootId":"0atxxcris2d82n8","id":"c5p4u491nwxedyt"},"id":"hlnf6py2y9gu3xp","previousOperationId":"5rp5y4ck9a2z237"}
{"type":"log","timestamp":1705253606129,"level":"debug","message":"Page request: GET (document) file:///C:/Users/arida/AppData/Local/Temp/jsreport/autocleanup/579002ad-2fd4-4c13-8bb5-51dbe0a977fa-chrome-pdf.html","meta":{"rootId":"0atxxcris2d82n8","id":"c5p4u491nwxedyt"},"id":"xzlh9tzxsg8f6ya","previousOperationId":"5rp5y4ck9a2z237"}
{"type":"log","timestamp":1705253606141,"level":"debug","message":"Page request: GET (stylesheet) https://cdnjs.cloudflare.com/ajax/libs/metro/4.1.5/css/metro.min.css","meta":{"rootId":"0atxxcris2d82n8","id":"c5p4u491nwxedyt"},"id":"fl6tz1xv0qt6hxb","previousOperationId":"5rp5y4ck9a2z237"}
{"type":"log","timestamp":1705253606141,"level":"debug","message":"Page request finished: GET (document) 200 file:///C:/Users/arida/AppData/Local/Temp/jsreport/autocleanup/579002ad-2fd4-4c13-8bb5-51dbe0a977fa-chrome-pdf.html","meta":{"rootId":"0atxxcris2d82n8","id":"c5p4u491nwxedyt"},"id":"pqcuk139xv0qofb","previousOperationId":"5rp5y4ck9a2z237"}
{"type":"log","timestamp":1705253606164,"level":"debug","message":"Page request finished: GET (stylesheet) 200 https://cdnjs.cloudflare.com/ajax/libs/metro/4.1.5/css/metro.min.css","meta":{"rootId":"0atxxcris2d82n8","id":"c5p4u491nwxedyt"},"id":"rt5ujbbkchz2r0i","previousOperationId":"5rp5y4ck9a2z237"}
{"type":"log","timestamp":1705253606182,"level":"debug","message":"Running chrome with params {\"printBackground\":true,\"marginTop\":\"1.5cm\",\"marginRight\":\"1.5cm\",\"marginLeft\":\"1.cm\",\"timeout\":57226,\"margin\":{\"top\":\"1.5cm\",\"right\":\"1.5cm\",\"left\":\"1.cm\"}}","meta":{"rootId":"0atxxcris2d82n8","id":"c5p4u491nwxedyt"},"id":"yh4t592ryeou83p","previousOperationId":"5rp5y4ck9a2z237"}
{"type":"operationEnd","operationId":"5rp5y4ck9a2z237","timestamp":1705253606216,"id":"r94g9x2cph9w9rm","previousEventId":"4zz98tons9tdyfo","previousOperationId":"5rp5y4ck9a2z237"}
{"type":"log","timestamp":1705253606217,"level":"debug","message":"Skipping storing report.","meta":{"rootId":"0atxxcris2d82n8","id":"c5p4u491nwxedyt"},"id":"peddb4ql25vq4ws","previousOperationId":"5rp5y4ck9a2z237"}
{"type":"log","timestamp":1705253606217,"level":"info","message":"Rendering (child) request finished in 2992 ms","meta":{"rootId":"0atxxcris2d82n8","id":"c5p4u491nwxedyt"},"id":"lqtpmpqdjpjzj6l","previousOperationId":"5rp5y4ck9a2z237"}
{"type":"operationEnd","subtype":"render","operationId":"gum87g2fl7ax21s","timestamp":1705253606217,"id":"bslna6en33zgo4c","previousEventId":"r94g9x2cph9w9rm","previousOperationId":"5rp5y4ck9a2z237"}
{"type":"operationEnd","operationId":"3c9by0mh50b3bri","timestamp":1705253606235,"id":"maovlwniq1wv9dh","previousEventId":"dnd2uwl97awkxue","previousOperationId":"3c9by0mh50b3bri"}
{"type":"log","timestamp":1705253606235,"level":"debug","message":"pdf-utils postproces start","meta":{"rootId":"0atxxcris2d82n8","id":"0atxxcris2d82n8"},"id":"sp4n9nf9vm2pg29","previousOperationId":"3c9by0mh50b3bri"}
{"type":"log","timestamp":1705253606244,"level":"debug","message":"pdf-utils postproces end","meta":{"rootId":"0atxxcris2d82n8","id":"0atxxcris2d82n8"},"id":"xvnapjkz3rnhsci","previousOperationId":"3c9by0mh50b3bri"}
{"type":"operationEnd","operationId":"z1fcpqu6snmob57","timestamp":1705253606244,"id":"pmz5f2urklejbb7","previousEventId":"maovlwniq1wv9dh","previousOperationId":"3c9by0mh50b3bri"}
{"type":"log","timestamp":1705253606244,"level":"info","message":"pdf-utils pdf processing was finished","meta":{"rootId":"0atxxcris2d82n8","id":"0atxxcris2d82n8"},"id":"q6i6k7b1m8emcvg","previousOperationId":"z1fcpqu6snmob57"}
{"type":"log","timestamp":1705253606244,"level":"debug","message":"Skipping storing report.","meta":{"rootId":"0atxxcris2d82n8","id":"0atxxcris2d82n8"},"id":"58zm3ulzpt40zh7","previousOperationId":"z1fcpqu6snmob57"}
{"type":"log","timestamp":1705253606244,"level":"info","message":"Rendering request 1 finished in 3019 ms","meta":{"rootId":"0atxxcris2d82n8","id":"0atxxcris2d82n8"},"id":"r4buqaoea7pr7sc","previousOperationId":"z1fcpqu6snmob57"}
{"type":"operationEnd","subtype":"render","operationId":"wb33er79s35xqu0","timestamp":1705253606244,"id":"9v2z9cjwg806c81","previousEventId":"pmz5f2urklejbb7","previousOperationId":"z1fcpqu6snmob57"}
{"type":"operationEnd","doDiffs":false,"previousEventId":"bagek78j8uraigh","previousOperationId":"xxqt8ytg3tx7l6e","operationId":"xxqt8ytg3tx7l6e","timestamp":1705253606262,"id":"r7wkn8j3jmlj216"}
