{"type":"operationStart","subtype":"profile","data":{"_id":"Ui54ctAfFjxkzFi9","timestamp":"2024-01-14T19:41:06.452Z","state":"queued","mode":"standard","creationDate":"2024-01-14T19:41:06.455Z","modificationDate":"2024-01-14T19:41:06.455Z","shortid":"rgmJVyC","$entitySet":"profiles"},"doDiffs":false,"timestamp":1705261266454,"id":"u05b3tto9uwltn7","previousOperationId":null,"operationId":"5ppnm4o5nomyiub"}
{"type":"log","level":"info","message":"Render request 6 queued for execution and waiting for available worker","previousOperationId":"5ppnm4o5nomyiub","timestamp":1705261266454,"id":"wb8eo8u2lhb7q10"}
{"type":"operationStart","subtype":"render","name":"orders-main","previousOperationId":"5ppnm4o5nomyiub","timestamp":1705261266469,"id":"hdlrxgfvrcxeixg","previousEventId":"u05b3tto9uwltn7","operationId":"7jind07m2flx2zr"}
{"type":"log","timestamp":1705261266469,"level":"info","message":"Starting rendering request 6","meta":{"rootId":"0yhwe2rubpgpq2o","id":"0yhwe2rubpgpq2o"},"id":"wqujh9ba32zbuqw","previousOperationId":"7jind07m2flx2zr"}
{"type":"log","timestamp":1705261266469,"level":"info","message":"Rendering template { name: orders-main, recipe: chrome-pdf, engine: handlebars, preview: true }","meta":{"rootId":"0yhwe2rubpgpq2o","id":"0yhwe2rubpgpq2o"},"id":"2xn14rdgtw4lc2p","previousOperationId":"7jind07m2flx2zr"}
{"type":"log","timestamp":1705261266472,"level":"debug","message":"Data item not defined for this template.","meta":{"rootId":"0yhwe2rubpgpq2o","id":"0yhwe2rubpgpq2o"},"id":"6mqtd7blv6qkjv5","previousOperationId":"7jind07m2flx2zr"}
{"type":"log","timestamp":1705261266476,"level":"debug","message":"Executing script orders-script (beforeRender)","meta":{"rootId":"0yhwe2rubpgpq2o","id":"0yhwe2rubpgpq2o"},"id":"tr4w9t5e6c11hxk","previousOperationId":"7jind07m2flx2zr"}
{"type":"operationStart","subtype":"scriptsBeforeRender","name":"scripts beforeRender","timestamp":1705261266487,"id":"bacy67sb28t4j80","previousEventId":"hdlrxgfvrcxeixg","operationId":"lm98k8z2hi7lglo","previousOperationId":"7jind07m2flx2zr"}
{"type":"operationStart","subtype":"script","name":"scripts orders-script","previousOperationId":"lm98k8z2hi7lglo","timestamp":1705261266487,"id":"2n0fpfldr7j71t2","previousEventId":"bacy67sb28t4j80","operationId":"f56h9sap2kul0pl"}
{"type":"operationEnd","operationId":"f56h9sap2kul0pl","timestamp":1705261266499,"id":"936g1yll4dee61o","previousEventId":"hdlrxgfvrcxeixg","previousOperationId":"7jind07m2flx2zr"}
{"type":"operationEnd","operationId":"lm98k8z2hi7lglo","timestamp":1705261266499,"id":"o6pfxnq1kaijx2w","previousEventId":"936g1yll4dee61o","previousOperationId":"7jind07m2flx2zr"}
{"type":"log","timestamp":1705261266500,"level":"debug","message":"Base url not specified, skipping its injection.","meta":{"rootId":"0yhwe2rubpgpq2o","id":"0yhwe2rubpgpq2o"},"id":"6qske5hd2pgunvl","previousOperationId":"lm98k8z2hi7lglo"}
{"type":"operationStart","subtype":"engine","name":"handlebars","timestamp":1705261266500,"id":"schnd955ldtiam8","previousEventId":"o6pfxnq1kaijx2w","operationId":"vfyy1f026vhlt8b","previousOperationId":"lm98k8z2hi7lglo"}
{"type":"log","timestamp":1705261266500,"level":"debug","message":"Rendering engine handlebars","meta":{"rootId":"0yhwe2rubpgpq2o","id":"0yhwe2rubpgpq2o"},"id":"vqv6fncau5uu0pt","previousOperationId":"vfyy1f026vhlt8b"}
{"type":"log","timestamp":1705261266520,"level":"debug","message":"(console:log) Pdf utils adding group field, value: \"Ingenio\"","meta":{"userLevel":true,"rootId":"0yhwe2rubpgpq2o","id":"0yhwe2rubpgpq2o"},"id":"4mo9vskd4ljkxst","previousOperationId":"vfyy1f026vhlt8b"}
{"type":"log","timestamp":1705261266521,"level":"debug","message":"(console:log) Pdf utils adding group field, value: \"Las Palmas\"","meta":{"userLevel":true,"rootId":"0yhwe2rubpgpq2o","id":"0yhwe2rubpgpq2o"},"id":"1b04aafy8v23zz0","previousOperationId":"vfyy1f026vhlt8b"}
{"type":"operationEnd","operationId":"vfyy1f026vhlt8b","timestamp":1705261266521,"id":"81vp0lhiu7bkvx6","previousEventId":"schnd955ldtiam8","previousOperationId":"vfyy1f026vhlt8b"}
{"type":"operationStart","subtype":"recipe","name":"chrome-pdf","timestamp":1705261266521,"id":"xyks7ekjpj75yhu","previousEventId":"81vp0lhiu7bkvx6","operationId":"ef8hffw57bk19yg","previousOperationId":"vfyy1f026vhlt8b"}
{"type":"log","timestamp":1705261266521,"level":"debug","message":"Executing recipe chrome-pdf","meta":{"rootId":"0yhwe2rubpgpq2o","id":"0yhwe2rubpgpq2o"},"id":"w13iejcin6w605i","previousOperationId":"ef8hffw57bk19yg"}
{"type":"log","timestamp":1705261266525,"level":"debug","message":"Converting with chrome HeadlessChrome/117.0.5938.149 using chrome-pool strategy","meta":{"rootId":"0yhwe2rubpgpq2o","id":"0yhwe2rubpgpq2o"},"id":"mm6to3nas5y16gj","previousOperationId":"ef8hffw57bk19yg"}
{"type":"log","timestamp":1705261266662,"level":"debug","message":"Page request: GET (document) file:///C:/Users/arida/AppData/Local/Temp/jsreport/autocleanup/3e8d4272-bac4-4777-86ce-840abb1f23fa-chrome-pdf.html","meta":{"rootId":"0yhwe2rubpgpq2o","id":"0yhwe2rubpgpq2o"},"id":"lrr1a9ybtzfz95x","previousOperationId":"ef8hffw57bk19yg"}
{"type":"log","timestamp":1705261266703,"level":"debug","message":"Page request: GET (stylesheet) https://cdnjs.cloudflare.com/ajax/libs/metro/4.1.5/css/metro.min.css","meta":{"rootId":"0yhwe2rubpgpq2o","id":"0yhwe2rubpgpq2o"},"id":"f4g99tlyjlimjnw","previousOperationId":"ef8hffw57bk19yg"}
{"type":"log","timestamp":1705261266703,"level":"debug","message":"Page request: GET (script) https://cdnjs.cloudflare.com/ajax/libs/Chart.js/2.7.2/Chart.min.js","meta":{"rootId":"0yhwe2rubpgpq2o","id":"0yhwe2rubpgpq2o"},"id":"o0ajp7zchozu6r8","previousOperationId":"ef8hffw57bk19yg"}
{"type":"log","timestamp":1705261266703,"level":"debug","message":"Page request finished: GET (document) 200 file:///C:/Users/arida/AppData/Local/Temp/jsreport/autocleanup/3e8d4272-bac4-4777-86ce-840abb1f23fa-chrome-pdf.html","meta":{"rootId":"0yhwe2rubpgpq2o","id":"0yhwe2rubpgpq2o"},"id":"8d7701l6m2q5pt2","previousOperationId":"ef8hffw57bk19yg"}
{"type":"log","timestamp":1705261266728,"level":"debug","message":"Page request finished: GET (stylesheet) 200 https://cdnjs.cloudflare.com/ajax/libs/metro/4.1.5/css/metro.min.css","meta":{"rootId":"0yhwe2rubpgpq2o","id":"0yhwe2rubpgpq2o"},"id":"6q5b0mrzhikcqf8","previousOperationId":"ef8hffw57bk19yg"}
{"type":"log","timestamp":1705261266728,"level":"debug","message":"Page request finished: GET (script) 200 https://cdnjs.cloudflare.com/ajax/libs/Chart.js/2.7.2/Chart.min.js","meta":{"rootId":"0yhwe2rubpgpq2o","id":"0yhwe2rubpgpq2o"},"id":"l65snlccwns2tqh","previousOperationId":"ef8hffw57bk19yg"}
{"type":"log","timestamp":1705261266736,"level":"warn","message":"Page error: helpers is not defined , stack: ReferenceError: helpers is not defined\n    at <anonymous> (file:///C:/Users/arida/AppData/Local/Temp/jsreport/autocleanup/3e8d4272-bac4-4777-86ce-840abb1f23fa-chrome-pdf.html:43:9)","meta":{"rootId":"0yhwe2rubpgpq2o","id":"0yhwe2rubpgpq2o"},"id":"861nge70ew3e8jn","previousOperationId":"ef8hffw57bk19yg"}
{"type":"log","timestamp":1705261266737,"level":"warn","message":"Page error: missing ) after argument list , stack: SyntaxError: missing ) after argument list","meta":{"rootId":"0yhwe2rubpgpq2o","id":"0yhwe2rubpgpq2o"},"id":"ebadq7e9dkfop7p","previousOperationId":"ef8hffw57bk19yg"}
{"type":"log","timestamp":1705261266765,"level":"debug","message":"Running chrome with params {\"printBackground\":true,\"marginTop\":\"4cm\",\"marginRight\":\"1.5cm\",\"marginBottom\":\"1.5cm\",\"marginLeft\":\"1.5cm\",\"waitForJS\":false,\"timeout\":59929,\"margin\":{\"top\":\"4cm\",\"right\":\"1.5cm\",\"bottom\":\"1.5cm\",\"left\":\"1.5cm\"}}","meta":{"rootId":"0yhwe2rubpgpq2o","id":"0yhwe2rubpgpq2o"},"id":"wsjkqh6emufep0d","previousOperationId":"ef8hffw57bk19yg"}
{"type":"operationEnd","operationId":"ef8hffw57bk19yg","timestamp":1705261266834,"id":"6mjky3nu1wb48ps","previousEventId":"xyks7ekjpj75yhu","previousOperationId":"ef8hffw57bk19yg"}
{"type":"log","timestamp":1705261266834,"level":"info","message":"pdf-utils is starting pdf processing","meta":{"rootId":"0yhwe2rubpgpq2o","id":"0yhwe2rubpgpq2o"},"id":"n9kpbbo9afd4mva","previousOperationId":"ef8hffw57bk19yg"}
{"type":"operationStart","subtype":"pdfUtils","name":"pdf utils","timestamp":1705261266834,"id":"tqn1zs8nxnk6pyf","previousEventId":"6mjky3nu1wb48ps","operationId":"6hcie27dp9wu4tq","previousOperationId":"ef8hffw57bk19yg"}
{"type":"log","timestamp":1705261266834,"level":"debug","message":"pdf-utils detected 1 pdf operation(s) to process","meta":{"rootId":"0yhwe2rubpgpq2o","id":"0yhwe2rubpgpq2o"},"id":"z4nrryctl7b8qgt","previousOperationId":"6hcie27dp9wu4tq"}
{"type":"log","timestamp":1705261266859,"level":"debug","message":"pdf-utils running pdf operation merge","meta":{"rootId":"0yhwe2rubpgpq2o","id":"0yhwe2rubpgpq2o"},"id":"25z235e6aqflhi8","previousOperationId":"6hcie27dp9wu4tq"}
{"type":"operationStart","subtype":"pdfUtilsMerge","name":"pdf utils merge","previousOperationId":"6hcie27dp9wu4tq","timestamp":1705261266859,"id":"iznuzm35qsbch79","previousEventId":"tqn1zs8nxnk6pyf","operationId":"p2zm1epxl0qe0f8"}
{"type":"operationStart","subtype":"render","name":"orders-header","previousOperationId":"p2zm1epxl0qe0f8","timestamp":1705261266861,"id":"jkfv36dbs15hj8r","previousEventId":"iznuzm35qsbch79","operationId":"fgu9v8l0s2l9qjc"}
{"type":"log","timestamp":1705261266861,"level":"info","message":"Starting rendering (child) request","meta":{"rootId":"0yhwe2rubpgpq2o","id":"rodn048kyjz8m3o"},"id":"ynl0rdd8yqd0oww","previousOperationId":"fgu9v8l0s2l9qjc"}
{"type":"log","timestamp":1705261266861,"level":"info","message":"Rendering template { name: orders-header, recipe: chrome-pdf, engine: handlebars, preview: true }","meta":{"rootId":"0yhwe2rubpgpq2o","id":"rodn048kyjz8m3o"},"id":"a425owzyf6j94rl","previousOperationId":"fgu9v8l0s2l9qjc"}
{"type":"log","timestamp":1705261266862,"level":"debug","message":"Inline data specified.","meta":{"rootId":"0yhwe2rubpgpq2o","id":"rodn048kyjz8m3o"},"id":"57da4hlplbjxiij","previousOperationId":"fgu9v8l0s2l9qjc"}
{"type":"log","timestamp":1705261266880,"level":"debug","message":"Base url not specified, skipping its injection.","meta":{"rootId":"0yhwe2rubpgpq2o","id":"rodn048kyjz8m3o"},"id":"s8fydoyeq3gexyj","previousOperationId":"fgu9v8l0s2l9qjc"}
{"type":"operationStart","subtype":"engine","name":"handlebars","timestamp":1705261266881,"id":"6ppx2ko0pxmu4d9","previousEventId":"jkfv36dbs15hj8r","operationId":"wfefrzcni57mhe6","previousOperationId":"fgu9v8l0s2l9qjc"}
{"type":"log","timestamp":1705261266881,"level":"debug","message":"Rendering engine handlebars","meta":{"rootId":"0yhwe2rubpgpq2o","id":"rodn048kyjz8m3o"},"id":"xw18mlrlnf3bpz5","previousOperationId":"wfefrzcni57mhe6"}
{"type":"operationEnd","operationId":"wfefrzcni57mhe6","timestamp":1705261266900,"id":"f9p93clitrza1sd","previousEventId":"6ppx2ko0pxmu4d9","previousOperationId":"wfefrzcni57mhe6"}
{"type":"operationStart","subtype":"recipe","name":"chrome-pdf","timestamp":1705261266900,"id":"yq217uwx9lf1cdb","previousEventId":"f9p93clitrza1sd","operationId":"v55d180jzcjksql","previousOperationId":"wfefrzcni57mhe6"}
{"type":"log","timestamp":1705261266900,"level":"debug","message":"Executing recipe chrome-pdf","meta":{"rootId":"0yhwe2rubpgpq2o","id":"rodn048kyjz8m3o"},"id":"fbrrpgqrafpbztl","previousOperationId":"v55d180jzcjksql"}
{"type":"log","timestamp":1705261266903,"level":"debug","message":"Converting with chrome HeadlessChrome/117.0.5938.149 using chrome-pool strategy","meta":{"rootId":"0yhwe2rubpgpq2o","id":"rodn048kyjz8m3o"},"id":"26e4xes1vpe0v1t","previousOperationId":"v55d180jzcjksql"}
{"type":"log","timestamp":1705261267036,"level":"debug","message":"Page request: GET (document) file:///C:/Users/arida/AppData/Local/Temp/jsreport/autocleanup/70dbe15e-646b-4bf0-be01-3123a5ca07d0-chrome-pdf.html","meta":{"rootId":"0yhwe2rubpgpq2o","id":"rodn048kyjz8m3o"},"id":"y6lzjc93sqktjcl","previousOperationId":"v55d180jzcjksql"}
{"type":"log","timestamp":1705261267049,"level":"debug","message":"Page request: GET (stylesheet) https://cdnjs.cloudflare.com/ajax/libs/metro/4.1.5/css/metro.min.css","meta":{"rootId":"0yhwe2rubpgpq2o","id":"rodn048kyjz8m3o"},"id":"wefkmq0b9fk9e7y","previousOperationId":"v55d180jzcjksql"}
{"type":"log","timestamp":1705261267049,"level":"debug","message":"Page request finished: GET (document) 200 file:///C:/Users/arida/AppData/Local/Temp/jsreport/autocleanup/70dbe15e-646b-4bf0-be01-3123a5ca07d0-chrome-pdf.html","meta":{"rootId":"0yhwe2rubpgpq2o","id":"rodn048kyjz8m3o"},"id":"jmnxvsf25z5dwhj","previousOperationId":"v55d180jzcjksql"}
{"type":"log","timestamp":1705261267076,"level":"debug","message":"Page request finished: GET (stylesheet) 200 https://cdnjs.cloudflare.com/ajax/libs/metro/4.1.5/css/metro.min.css","meta":{"rootId":"0yhwe2rubpgpq2o","id":"rodn048kyjz8m3o"},"id":"mp97kopowakveee","previousOperationId":"v55d180jzcjksql"}
{"type":"log","timestamp":1705261267105,"level":"debug","message":"Running chrome with params {\"printBackground\":true,\"marginTop\":\"1.5cm\",\"marginRight\":\"1.5cm\",\"marginLeft\":\"1.cm\",\"timeout\":59549,\"margin\":{\"top\":\"1.5cm\",\"right\":\"1.5cm\",\"left\":\"1.cm\"}}","meta":{"rootId":"0yhwe2rubpgpq2o","id":"rodn048kyjz8m3o"},"id":"i92go85p0ng2ndt","previousOperationId":"v55d180jzcjksql"}
{"type":"operationEnd","operationId":"v55d180jzcjksql","timestamp":1705261267155,"id":"t38xoqmbd3pk50a","previousEventId":"yq217uwx9lf1cdb","previousOperationId":"v55d180jzcjksql"}
{"type":"log","timestamp":1705261267155,"level":"debug","message":"Skipping storing report.","meta":{"rootId":"0yhwe2rubpgpq2o","id":"rodn048kyjz8m3o"},"id":"eab75ssikc7giw6","previousOperationId":"v55d180jzcjksql"}
{"type":"log","timestamp":1705261267155,"level":"info","message":"Rendering (child) request finished in 703 ms","meta":{"rootId":"0yhwe2rubpgpq2o","id":"rodn048kyjz8m3o"},"id":"hpbrpwv8zdi77eg","previousOperationId":"v55d180jzcjksql"}
{"type":"operationEnd","subtype":"render","operationId":"fgu9v8l0s2l9qjc","timestamp":1705261267155,"id":"l2q2z32rd1yb0o8","previousEventId":"t38xoqmbd3pk50a","previousOperationId":"v55d180jzcjksql"}
{"type":"operationEnd","operationId":"p2zm1epxl0qe0f8","timestamp":1705261267169,"id":"ft299dam8bfz7cz","previousEventId":"iznuzm35qsbch79","previousOperationId":"p2zm1epxl0qe0f8"}
{"type":"log","timestamp":1705261267169,"level":"debug","message":"pdf-utils postproces start","meta":{"rootId":"0yhwe2rubpgpq2o","id":"0yhwe2rubpgpq2o"},"id":"h7g88uqu26kj4z2","previousOperationId":"p2zm1epxl0qe0f8"}
{"type":"log","timestamp":1705261267187,"level":"debug","message":"pdf-utils postproces end","meta":{"rootId":"0yhwe2rubpgpq2o","id":"0yhwe2rubpgpq2o"},"id":"aadinfyk2s93x9y","previousOperationId":"p2zm1epxl0qe0f8"}
{"type":"operationEnd","operationId":"6hcie27dp9wu4tq","timestamp":1705261267187,"id":"o7wx8p4k3txptwg","previousEventId":"ft299dam8bfz7cz","previousOperationId":"p2zm1epxl0qe0f8"}
{"type":"log","timestamp":1705261267187,"level":"info","message":"pdf-utils pdf processing was finished","meta":{"rootId":"0yhwe2rubpgpq2o","id":"0yhwe2rubpgpq2o"},"id":"1mbmulg62j13gzm","previousOperationId":"6hcie27dp9wu4tq"}
{"type":"log","timestamp":1705261267187,"level":"debug","message":"Skipping storing report.","meta":{"rootId":"0yhwe2rubpgpq2o","id":"0yhwe2rubpgpq2o"},"id":"ukjh2vcud2p3oq1","previousOperationId":"6hcie27dp9wu4tq"}
{"type":"log","timestamp":1705261267187,"level":"info","message":"Rendering request 6 finished in 735 ms","meta":{"rootId":"0yhwe2rubpgpq2o","id":"0yhwe2rubpgpq2o"},"id":"25ymca54j96pad4","previousOperationId":"6hcie27dp9wu4tq"}
{"type":"operationEnd","subtype":"render","operationId":"7jind07m2flx2zr","timestamp":1705261267187,"id":"qlmxxrm38wozk9v","previousEventId":"o7wx8p4k3txptwg","previousOperationId":"6hcie27dp9wu4tq"}
{"type":"operationEnd","doDiffs":false,"previousEventId":"u05b3tto9uwltn7","previousOperationId":"5ppnm4o5nomyiub","operationId":"5ppnm4o5nomyiub","timestamp":1705261267198,"id":"t8myhlhql7hxp79"}
