{"type":"operationStart","subtype":"profile","data":{"_id":"zgbgG1HXu4UWeSn6","timestamp":"2024-01-14T19:08:46.338Z","state":"queued","mode":"standard","creationDate":"2024-01-14T19:08:46.341Z","modificationDate":"2024-01-14T19:08:46.341Z","shortid":"9K-8INx","$entitySet":"profiles"},"doDiffs":false,"timestamp":1705259326340,"id":"y3n7sejwn4vm3lp","previousOperationId":null,"operationId":"f5wdu8cvj3blwo4"}
{"type":"log","level":"info","message":"Render request 7 queued for execution and waiting for available worker","previousOperationId":"f5wdu8cvj3blwo4","timestamp":1705259326340,"id":"3unxzys33wmh4dn"}
{"type":"operationStart","subtype":"render","name":"orders-main","previousOperationId":"f5wdu8cvj3blwo4","timestamp":1705259326349,"id":"mjgaz5abi1q9jrf","previousEventId":"y3n7sejwn4vm3lp","operationId":"i99avy415gmgzr9"}
{"type":"log","timestamp":1705259326349,"level":"info","message":"Starting rendering request 7","meta":{"rootId":"13s598hzs3iwi2n","id":"13s598hzs3iwi2n"},"id":"lhtk9kuywegwdti","previousOperationId":"i99avy415gmgzr9"}
{"type":"log","timestamp":1705259326349,"level":"info","message":"Rendering template { name: orders-main, recipe: chrome-pdf, engine: handlebars, preview: false }","meta":{"rootId":"13s598hzs3iwi2n","id":"13s598hzs3iwi2n"},"id":"t6jezr9k9b4fgwf","previousOperationId":"i99avy415gmgzr9"}
{"type":"log","timestamp":1705259326351,"level":"debug","message":"Data item not defined for this template.","meta":{"rootId":"13s598hzs3iwi2n","id":"13s598hzs3iwi2n"},"id":"7o6gmrr4wshf10c","previousOperationId":"i99avy415gmgzr9"}
{"type":"log","timestamp":1705259326356,"level":"debug","message":"Executing script orders-script (beforeRender)","meta":{"rootId":"13s598hzs3iwi2n","id":"13s598hzs3iwi2n"},"id":"cp9ba2nxftb4oli","previousOperationId":"i99avy415gmgzr9"}
{"type":"operationStart","subtype":"scriptsBeforeRender","name":"scripts beforeRender","timestamp":1705259326366,"id":"cqsougicm61hobo","previousEventId":"mjgaz5abi1q9jrf","operationId":"qne2nvwet99ycs0","previousOperationId":"i99avy415gmgzr9"}
{"type":"operationStart","subtype":"script","name":"scripts orders-script","previousOperationId":"qne2nvwet99ycs0","timestamp":1705259326366,"id":"kiv1903sradvo37","previousEventId":"cqsougicm61hobo","operationId":"5h9i7a01d8w96e6"}
{"type":"operationEnd","operationId":"5h9i7a01d8w96e6","timestamp":1705259326381,"id":"cpli0qtfif2xctb","previousEventId":"mjgaz5abi1q9jrf","previousOperationId":"i99avy415gmgzr9"}
{"type":"operationEnd","operationId":"qne2nvwet99ycs0","timestamp":1705259326381,"id":"38crlmddqbaih5m","previousEventId":"cpli0qtfif2xctb","previousOperationId":"i99avy415gmgzr9"}
{"type":"log","timestamp":1705259326381,"level":"debug","message":"Base url not specified, skipping its injection.","meta":{"rootId":"13s598hzs3iwi2n","id":"13s598hzs3iwi2n"},"id":"ubana4suuyhy65i","previousOperationId":"qne2nvwet99ycs0"}
{"type":"operationStart","subtype":"engine","name":"handlebars","timestamp":1705259326382,"id":"kgssyokm9x0qre3","previousEventId":"38crlmddqbaih5m","operationId":"btzpgl2r4hg3rsd","previousOperationId":"qne2nvwet99ycs0"}
{"type":"log","timestamp":1705259326382,"level":"debug","message":"Rendering engine handlebars","meta":{"rootId":"13s598hzs3iwi2n","id":"13s598hzs3iwi2n"},"id":"qb3jl0mvmj53hvw","previousOperationId":"btzpgl2r4hg3rsd"}
{"type":"operationEnd","operationId":"btzpgl2r4hg3rsd","timestamp":1705259326395,"id":"pm96oqr96vtyl49","previousEventId":"kgssyokm9x0qre3","previousOperationId":"btzpgl2r4hg3rsd"}
{"type":"operationStart","subtype":"recipe","name":"chrome-pdf","timestamp":1705259326395,"id":"j3fg8ft8hdvh84l","previousEventId":"pm96oqr96vtyl49","operationId":"i5bl3i6jl4769w2","previousOperationId":"btzpgl2r4hg3rsd"}
{"type":"log","timestamp":1705259326395,"level":"debug","message":"Executing recipe chrome-pdf","meta":{"rootId":"13s598hzs3iwi2n","id":"13s598hzs3iwi2n"},"id":"dx8e0zsgywh5w43","previousOperationId":"i5bl3i6jl4769w2"}
{"type":"log","timestamp":1705259326577,"level":"debug","message":"Converting with chrome HeadlessChrome/117.0.5938.149 using chrome-pool strategy","meta":{"rootId":"13s598hzs3iwi2n","id":"13s598hzs3iwi2n"},"id":"5ofwl2cwzf0y3k5","previousOperationId":"i5bl3i6jl4769w2"}
{"type":"log","timestamp":1705259326844,"level":"debug","message":"Page request: GET (document) file:///C:/Users/arida/AppData/Local/Temp/jsreport/autocleanup/33041382-4ee7-4e1f-b23e-a7299b8f9db5-chrome-pdf.html","meta":{"rootId":"13s598hzs3iwi2n","id":"13s598hzs3iwi2n"},"id":"h34mvaeimephxmw","previousOperationId":"i5bl3i6jl4769w2"}
{"type":"log","timestamp":1705259326856,"level":"debug","message":"Page request: GET (stylesheet) https://cdnjs.cloudflare.com/ajax/libs/metro/4.1.5/css/metro.min.css","meta":{"rootId":"13s598hzs3iwi2n","id":"13s598hzs3iwi2n"},"id":"t8ciibwk128uk59","previousOperationId":"i5bl3i6jl4769w2"}
{"type":"log","timestamp":1705259326856,"level":"debug","message":"Page request: GET (script) https://cdnjs.cloudflare.com/ajax/libs/Chart.js/2.7.2/Chart.min.js","meta":{"rootId":"13s598hzs3iwi2n","id":"13s598hzs3iwi2n"},"id":"vpoqwn8rrpzozvj","previousOperationId":"i5bl3i6jl4769w2"}
{"type":"log","timestamp":1705259326856,"level":"debug","message":"Page request finished: GET (document) 200 file:///C:/Users/arida/AppData/Local/Temp/jsreport/autocleanup/33041382-4ee7-4e1f-b23e-a7299b8f9db5-chrome-pdf.html","meta":{"rootId":"13s598hzs3iwi2n","id":"13s598hzs3iwi2n"},"id":"u861m75re6pczhi","previousOperationId":"i5bl3i6jl4769w2"}
{"type":"log","timestamp":1705259327112,"level":"debug","message":"Page request finished: GET (stylesheet) 200 https://cdnjs.cloudflare.com/ajax/libs/metro/4.1.5/css/metro.min.css","meta":{"rootId":"13s598hzs3iwi2n","id":"13s598hzs3iwi2n"},"id":"oxjpqh5empkkwti","previousOperationId":"i5bl3i6jl4769w2"}
{"type":"log","timestamp":1705259327129,"level":"debug","message":"Page request finished: GET (script) 200 https://cdnjs.cloudflare.com/ajax/libs/Chart.js/2.7.2/Chart.min.js","meta":{"rootId":"13s598hzs3iwi2n","id":"13s598hzs3iwi2n"},"id":"bc56qvh51dr3cvd","previousOperationId":"i5bl3i6jl4769w2"}
{"type":"log","timestamp":1705259327163,"level":"debug","message":"Running chrome with params {\"printBackground\":true,\"marginTop\":\"4cm\",\"marginRight\":\"1.5cm\",\"marginBottom\":\"1.5cm\",\"marginLeft\":\"1.5cm\",\"waitForJS\":false,\"timeout\":59940,\"margin\":{\"top\":\"4cm\",\"right\":\"1.5cm\",\"bottom\":\"1.5cm\",\"left\":\"1.5cm\"}}","meta":{"rootId":"13s598hzs3iwi2n","id":"13s598hzs3iwi2n"},"id":"jowx88j5kjqxrh5","previousOperationId":"i5bl3i6jl4769w2"}
{"type":"operationEnd","operationId":"i5bl3i6jl4769w2","timestamp":1705259327200,"id":"w2k20fixsrwednq","previousEventId":"j3fg8ft8hdvh84l","previousOperationId":"i5bl3i6jl4769w2"}
{"type":"log","timestamp":1705259327200,"level":"info","message":"pdf-utils is starting pdf processing","meta":{"rootId":"13s598hzs3iwi2n","id":"13s598hzs3iwi2n"},"id":"ll34etcl5ub2aaw","previousOperationId":"i5bl3i6jl4769w2"}
{"type":"operationStart","subtype":"pdfUtils","name":"pdf utils","timestamp":1705259327200,"id":"79t253fculng19v","previousEventId":"w2k20fixsrwednq","operationId":"arvzdzjqhzqyr4w","previousOperationId":"i5bl3i6jl4769w2"}
{"type":"log","timestamp":1705259327200,"level":"debug","message":"pdf-utils detected 1 pdf operation(s) to process","meta":{"rootId":"13s598hzs3iwi2n","id":"13s598hzs3iwi2n"},"id":"eml1d6l7kk3mdw8","previousOperationId":"arvzdzjqhzqyr4w"}
{"type":"log","timestamp":1705259327222,"level":"debug","message":"pdf-utils running pdf operation merge","meta":{"rootId":"13s598hzs3iwi2n","id":"13s598hzs3iwi2n"},"id":"qmsm5c1tk7s9n6x","previousOperationId":"arvzdzjqhzqyr4w"}
{"type":"operationStart","subtype":"pdfUtilsMerge","name":"pdf utils merge","previousOperationId":"arvzdzjqhzqyr4w","timestamp":1705259327223,"id":"9w7r05ktzxxjhm3","previousEventId":"79t253fculng19v","operationId":"sfwniv7vt41ja3p"}
{"type":"operationStart","subtype":"render","name":"orders-header","previousOperationId":"sfwniv7vt41ja3p","timestamp":1705259327224,"id":"rdjczy57qb51d2c","previousEventId":"9w7r05ktzxxjhm3","operationId":"tfcf3qhzse8gigd"}
{"type":"log","timestamp":1705259327224,"level":"info","message":"Starting rendering (child) request","meta":{"rootId":"13s598hzs3iwi2n","id":"wyn3cdlnpxykmtk"},"id":"4xnl6pz6vxvuuk3","previousOperationId":"tfcf3qhzse8gigd"}
{"type":"log","timestamp":1705259327224,"level":"info","message":"Rendering template { name: orders-header, recipe: chrome-pdf, engine: handlebars, preview: false }","meta":{"rootId":"13s598hzs3iwi2n","id":"wyn3cdlnpxykmtk"},"id":"4jbfgm52ngd10x1","previousOperationId":"tfcf3qhzse8gigd"}
{"type":"log","timestamp":1705259327225,"level":"debug","message":"Inline data specified.","meta":{"rootId":"13s598hzs3iwi2n","id":"wyn3cdlnpxykmtk"},"id":"ay454kkvfyinedq","previousOperationId":"tfcf3qhzse8gigd"}
{"type":"log","timestamp":1705259327229,"level":"debug","message":"Base url not specified, skipping its injection.","meta":{"rootId":"13s598hzs3iwi2n","id":"wyn3cdlnpxykmtk"},"id":"kika3th60edlp2r","previousOperationId":"tfcf3qhzse8gigd"}
{"type":"operationStart","subtype":"engine","name":"handlebars","timestamp":1705259327229,"id":"sdsqx3rjbuv4q4b","previousEventId":"rdjczy57qb51d2c","operationId":"ulgviemo99r6gbj","previousOperationId":"tfcf3qhzse8gigd"}
{"type":"log","timestamp":1705259327229,"level":"debug","message":"Rendering engine handlebars","meta":{"rootId":"13s598hzs3iwi2n","id":"wyn3cdlnpxykmtk"},"id":"iacr3ks9ocpo4nz","previousOperationId":"ulgviemo99r6gbj"}
{"type":"operationEnd","operationId":"ulgviemo99r6gbj","timestamp":1705259327252,"id":"1crzhtuia8zs3ay","previousEventId":"sdsqx3rjbuv4q4b","previousOperationId":"ulgviemo99r6gbj"}
{"type":"operationStart","subtype":"recipe","name":"chrome-pdf","timestamp":1705259327252,"id":"gcald0l6pi3iqui","previousEventId":"1crzhtuia8zs3ay","operationId":"hta0dhblrq494x5","previousOperationId":"ulgviemo99r6gbj"}
{"type":"log","timestamp":1705259327252,"level":"debug","message":"Executing recipe chrome-pdf","meta":{"rootId":"13s598hzs3iwi2n","id":"wyn3cdlnpxykmtk"},"id":"8g3yua2ypktvmm7","previousOperationId":"hta0dhblrq494x5"}
{"type":"log","timestamp":1705259327255,"level":"debug","message":"Converting with chrome HeadlessChrome/117.0.5938.149 using chrome-pool strategy","meta":{"rootId":"13s598hzs3iwi2n","id":"wyn3cdlnpxykmtk"},"id":"vf1obopyz6dqm3c","previousOperationId":"hta0dhblrq494x5"}
{"type":"log","timestamp":1705259327378,"level":"debug","message":"Page request: GET (document) file:///C:/Users/arida/AppData/Local/Temp/jsreport/autocleanup/3ec808b7-9e6c-4df5-80cf-304d4c16a5c3-chrome-pdf.html","meta":{"rootId":"13s598hzs3iwi2n","id":"wyn3cdlnpxykmtk"},"id":"m4ntpundb20crmx","previousOperationId":"hta0dhblrq494x5"}
{"type":"log","timestamp":1705259327390,"level":"debug","message":"Page request: GET (stylesheet) https://cdnjs.cloudflare.com/ajax/libs/metro/4.1.5/css/metro.min.css","meta":{"rootId":"13s598hzs3iwi2n","id":"wyn3cdlnpxykmtk"},"id":"lvb47xm9dh73p6e","previousOperationId":"hta0dhblrq494x5"}
{"type":"log","timestamp":1705259327390,"level":"debug","message":"Page request finished: GET (document) 200 file:///C:/Users/arida/AppData/Local/Temp/jsreport/autocleanup/3ec808b7-9e6c-4df5-80cf-304d4c16a5c3-chrome-pdf.html","meta":{"rootId":"13s598hzs3iwi2n","id":"wyn3cdlnpxykmtk"},"id":"zkqeby0se251msu","previousOperationId":"hta0dhblrq494x5"}
{"type":"log","timestamp":1705259327412,"level":"debug","message":"Page request finished: GET (stylesheet) 200 https://cdnjs.cloudflare.com/ajax/libs/metro/4.1.5/css/metro.min.css","meta":{"rootId":"13s598hzs3iwi2n","id":"wyn3cdlnpxykmtk"},"id":"nzzpk7u1poxd0cx","previousOperationId":"hta0dhblrq494x5"}
{"type":"log","timestamp":1705259327432,"level":"debug","message":"Running chrome with params {\"printBackground\":true,\"marginTop\":\"1.5cm\",\"marginRight\":\"1.5cm\",\"marginLeft\":\"1.cm\",\"timeout\":59083,\"margin\":{\"top\":\"1.5cm\",\"right\":\"1.5cm\",\"left\":\"1.cm\"}}","meta":{"rootId":"13s598hzs3iwi2n","id":"wyn3cdlnpxykmtk"},"id":"hobtuzvpzb04c6y","previousOperationId":"hta0dhblrq494x5"}
{"type":"operationEnd","operationId":"hta0dhblrq494x5","timestamp":1705259327469,"id":"kn5biez5jn0ybne","previousEventId":"gcald0l6pi3iqui","previousOperationId":"hta0dhblrq494x5"}
{"type":"log","timestamp":1705259327469,"level":"debug","message":"Skipping storing report.","meta":{"rootId":"13s598hzs3iwi2n","id":"wyn3cdlnpxykmtk"},"id":"am1as8o8yvy8wt6","previousOperationId":"hta0dhblrq494x5"}
{"type":"log","timestamp":1705259327469,"level":"info","message":"Rendering (child) request finished in 1132 ms","meta":{"rootId":"13s598hzs3iwi2n","id":"wyn3cdlnpxykmtk"},"id":"mu4htc85v9teguf","previousOperationId":"hta0dhblrq494x5"}
{"type":"operationEnd","subtype":"render","operationId":"tfcf3qhzse8gigd","timestamp":1705259327469,"id":"tz26e3e9cfa0hiz","previousEventId":"kn5biez5jn0ybne","previousOperationId":"hta0dhblrq494x5"}
{"type":"operationEnd","operationId":"sfwniv7vt41ja3p","timestamp":1705259327479,"id":"33ch4axv19d0kfs","previousEventId":"9w7r05ktzxxjhm3","previousOperationId":"sfwniv7vt41ja3p"}
{"type":"log","timestamp":1705259327479,"level":"debug","message":"pdf-utils postproces start","meta":{"rootId":"13s598hzs3iwi2n","id":"13s598hzs3iwi2n"},"id":"vbhwjip4ftjvp2u","previousOperationId":"sfwniv7vt41ja3p"}
{"type":"log","timestamp":1705259327486,"level":"debug","message":"pdf-utils postproces end","meta":{"rootId":"13s598hzs3iwi2n","id":"13s598hzs3iwi2n"},"id":"dw1jei87gy2lcbq","previousOperationId":"sfwniv7vt41ja3p"}
{"type":"operationEnd","operationId":"arvzdzjqhzqyr4w","timestamp":1705259327486,"id":"wlzjefl0datshiu","previousEventId":"33ch4axv19d0kfs","previousOperationId":"sfwniv7vt41ja3p"}
{"type":"log","timestamp":1705259327486,"level":"info","message":"pdf-utils pdf processing was finished","meta":{"rootId":"13s598hzs3iwi2n","id":"13s598hzs3iwi2n"},"id":"h6v4qiig4jhccut","previousOperationId":"arvzdzjqhzqyr4w"}
{"type":"log","timestamp":1705259327486,"level":"debug","message":"Skipping storing report.","meta":{"rootId":"13s598hzs3iwi2n","id":"13s598hzs3iwi2n"},"id":"so3ngm9ywpbwdcs","previousOperationId":"arvzdzjqhzqyr4w"}
{"type":"log","timestamp":1705259327486,"level":"info","message":"Rendering request 7 finished in 1149 ms","meta":{"rootId":"13s598hzs3iwi2n","id":"13s598hzs3iwi2n"},"id":"qpufj729p3wzf0t","previousOperationId":"arvzdzjqhzqyr4w"}
{"type":"operationEnd","subtype":"render","operationId":"i99avy415gmgzr9","timestamp":1705259327486,"id":"nucjs0g39zhf7q1","previousEventId":"wlzjefl0datshiu","previousOperationId":"arvzdzjqhzqyr4w"}
{"type":"operationEnd","doDiffs":false,"previousEventId":"y3n7sejwn4vm3lp","previousOperationId":"f5wdu8cvj3blwo4","operationId":"f5wdu8cvj3blwo4","timestamp":1705259327493,"id":"jw5grp5wertzhtl"}
