{"type":"operationStart","subtype":"profile","data":{"_id":"ugfqFQUHvO2dXynw","timestamp":"2024-01-14T19:51:20.954Z","state":"queued","mode":"standard","creationDate":"2024-01-14T19:51:20.958Z","modificationDate":"2024-01-14T19:51:20.958Z","shortid":"EVGJsPZ","$entitySet":"profiles"},"doDiffs":false,"timestamp":1705261880956,"id":"l4luv1p45lb2ujo","previousOperationId":null,"operationId":"a8yolak0ta7jul2"}
{"type":"log","level":"info","message":"Render request 9 queued for execution and waiting for available worker","previousOperationId":"a8yolak0ta7jul2","timestamp":1705261880956,"id":"syewit78j2naykp"}
{"type":"operationStart","subtype":"render","name":"orders-main","previousOperationId":"a8yolak0ta7jul2","timestamp":1705261880972,"id":"yctvp4k5rnjkzij","previousEventId":"l4luv1p45lb2ujo","operationId":"4jp1ttb0ef8j87z"}
{"type":"log","timestamp":1705261880972,"level":"info","message":"Starting rendering request 9","meta":{"rootId":"1l19vbqily9rg06","id":"1l19vbqily9rg06"},"id":"7opknjntshj7ujj","previousOperationId":"4jp1ttb0ef8j87z"}
{"type":"log","timestamp":1705261880973,"level":"info","message":"Rendering template { name: orders-main, recipe: chrome-pdf, engine: handlebars, preview: true }","meta":{"rootId":"1l19vbqily9rg06","id":"1l19vbqily9rg06"},"id":"95p1hgaf9dh5rjz","previousOperationId":"4jp1ttb0ef8j87z"}
{"type":"log","timestamp":1705261880974,"level":"debug","message":"Data item not defined for this template.","meta":{"rootId":"1l19vbqily9rg06","id":"1l19vbqily9rg06"},"id":"itll4oq4bjnz9z2","previousOperationId":"4jp1ttb0ef8j87z"}
{"type":"log","timestamp":1705261880979,"level":"debug","message":"Executing script orders-script (beforeRender)","meta":{"rootId":"1l19vbqily9rg06","id":"1l19vbqily9rg06"},"id":"ln51xw13quswf0r","previousOperationId":"4jp1ttb0ef8j87z"}
{"type":"operationStart","subtype":"scriptsBeforeRender","name":"scripts beforeRender","timestamp":1705261880993,"id":"ja2km4p1u69zver","previousEventId":"yctvp4k5rnjkzij","operationId":"zjvtgunaqhxu58z","previousOperationId":"4jp1ttb0ef8j87z"}
{"type":"operationStart","subtype":"script","name":"scripts orders-script","previousOperationId":"zjvtgunaqhxu58z","timestamp":1705261880993,"id":"88d1zd3pqfrcpk1","previousEventId":"ja2km4p1u69zver","operationId":"n16b9i1kaee38ve"}
{"type":"operationEnd","operationId":"n16b9i1kaee38ve","timestamp":1705261881008,"id":"2y8tt5nwaw8a0zk","previousEventId":"yctvp4k5rnjkzij","previousOperationId":"4jp1ttb0ef8j87z"}
{"type":"operationEnd","operationId":"zjvtgunaqhxu58z","timestamp":1705261881008,"id":"eq8uonr8z30mlwp","previousEventId":"2y8tt5nwaw8a0zk","previousOperationId":"4jp1ttb0ef8j87z"}
{"type":"log","timestamp":1705261881009,"level":"debug","message":"Base url not specified, skipping its injection.","meta":{"rootId":"1l19vbqily9rg06","id":"1l19vbqily9rg06"},"id":"5g0yvph7xtd0flh","previousOperationId":"zjvtgunaqhxu58z"}
{"type":"operationStart","subtype":"engine","name":"handlebars","timestamp":1705261881009,"id":"udvvdy4cgf785pn","previousEventId":"eq8uonr8z30mlwp","operationId":"aitx1ma0g5uuzx3","previousOperationId":"zjvtgunaqhxu58z"}
{"type":"log","timestamp":1705261881009,"level":"debug","message":"Rendering engine handlebars","meta":{"rootId":"1l19vbqily9rg06","id":"1l19vbqily9rg06"},"id":"mtd3uwfcnuq83jg","previousOperationId":"aitx1ma0g5uuzx3"}
{"type":"operationEnd","operationId":"aitx1ma0g5uuzx3","timestamp":1705261881025,"id":"eyulvkfjuwoo47u","previousEventId":"udvvdy4cgf785pn","previousOperationId":"aitx1ma0g5uuzx3"}
{"type":"operationStart","subtype":"recipe","name":"chrome-pdf","timestamp":1705261881025,"id":"dqwu13wgiws05e4","previousEventId":"eyulvkfjuwoo47u","operationId":"ezu2ywukkzom7m3","previousOperationId":"aitx1ma0g5uuzx3"}
{"type":"log","timestamp":1705261881025,"level":"debug","message":"Executing recipe chrome-pdf","meta":{"rootId":"1l19vbqily9rg06","id":"1l19vbqily9rg06"},"id":"f7mnpjyq51nhbc6","previousOperationId":"ezu2ywukkzom7m3"}
{"type":"log","timestamp":1705261881028,"level":"debug","message":"Converting with chrome HeadlessChrome/117.0.5938.149 using chrome-pool strategy","meta":{"rootId":"1l19vbqily9rg06","id":"1l19vbqily9rg06"},"id":"y3fhd1x6ysj7s47","previousOperationId":"ezu2ywukkzom7m3"}
{"type":"log","timestamp":1705261881170,"level":"debug","message":"Page request: GET (document) file:///C:/Users/arida/AppData/Local/Temp/jsreport/autocleanup/47a57e74-39bd-4345-9d4b-47c2619d9cfa-chrome-pdf.html","meta":{"rootId":"1l19vbqily9rg06","id":"1l19vbqily9rg06"},"id":"xgf2thmr2qcy2q4","previousOperationId":"ezu2ywukkzom7m3"}
{"type":"log","timestamp":1705261881184,"level":"debug","message":"Page request: GET (stylesheet) https://cdnjs.cloudflare.com/ajax/libs/metro/4.1.5/css/metro.min.css","meta":{"rootId":"1l19vbqily9rg06","id":"1l19vbqily9rg06"},"id":"xzzhma8penynr7o","previousOperationId":"ezu2ywukkzom7m3"}
{"type":"log","timestamp":1705261881184,"level":"debug","message":"Page request: GET (script) https://cdnjs.cloudflare.com/ajax/libs/Chart.js/2.7.2/Chart.min.js","meta":{"rootId":"1l19vbqily9rg06","id":"1l19vbqily9rg06"},"id":"v6twyhmn3cgr6qp","previousOperationId":"ezu2ywukkzom7m3"}
{"type":"log","timestamp":1705261881185,"level":"debug","message":"Page request finished: GET (document) 200 file:///C:/Users/arida/AppData/Local/Temp/jsreport/autocleanup/47a57e74-39bd-4345-9d4b-47c2619d9cfa-chrome-pdf.html","meta":{"rootId":"1l19vbqily9rg06","id":"1l19vbqily9rg06"},"id":"8xyofl6gj0k5clh","previousOperationId":"ezu2ywukkzom7m3"}
{"type":"log","timestamp":1705261881191,"level":"debug","message":"Page request finished: GET (script) 200 https://cdnjs.cloudflare.com/ajax/libs/Chart.js/2.7.2/Chart.min.js","meta":{"rootId":"1l19vbqily9rg06","id":"1l19vbqily9rg06"},"id":"ld7aveze47jsu99","previousOperationId":"ezu2ywukkzom7m3"}
{"type":"log","timestamp":1705261881210,"level":"debug","message":"Page request finished: GET (stylesheet) 200 https://cdnjs.cloudflare.com/ajax/libs/metro/4.1.5/css/metro.min.css","meta":{"rootId":"1l19vbqily9rg06","id":"1l19vbqily9rg06"},"id":"rt3g68t363p5yto","previousOperationId":"ezu2ywukkzom7m3"}
{"type":"log","timestamp":1705261881218,"level":"warn","message":"Page error: \"undefined\" is not valid JSON\nJSON.parse (<anonymous>) , stack: SyntaxError: \"undefined\" is not valid JSON\nJSON.parse (<anonymous>)\n    at <anonymous> (file:///C:/Users/arida/AppData/Local/Temp/jsreport/autocleanup/47a57e74-39bd-4345-9d4b-47c2619d9cfa-chrome-pdf.html:35:12)","meta":{"rootId":"1l19vbqily9rg06","id":"1l19vbqily9rg06"},"id":"5dw60i6hd6pivl7","previousOperationId":"ezu2ywukkzom7m3"}
{"type":"log","timestamp":1705261881247,"level":"debug","message":"Running chrome with params {\"printBackground\":true,\"marginTop\":\"4cm\",\"marginRight\":\"1.5cm\",\"marginBottom\":\"1.5cm\",\"marginLeft\":\"1.5cm\",\"waitForJS\":false,\"timeout\":59927,\"margin\":{\"top\":\"4cm\",\"right\":\"1.5cm\",\"bottom\":\"1.5cm\",\"left\":\"1.5cm\"}}","meta":{"rootId":"1l19vbqily9rg06","id":"1l19vbqily9rg06"},"id":"lmv43qg8icrf6lp","previousOperationId":"ezu2ywukkzom7m3"}
{"type":"operationEnd","operationId":"ezu2ywukkzom7m3","timestamp":1705261881304,"id":"3vorkd8vnranink","previousEventId":"dqwu13wgiws05e4","previousOperationId":"ezu2ywukkzom7m3"}
{"type":"log","timestamp":1705261881304,"level":"info","message":"pdf-utils is starting pdf processing","meta":{"rootId":"1l19vbqily9rg06","id":"1l19vbqily9rg06"},"id":"zlo4w9o9gxq5wx0","previousOperationId":"ezu2ywukkzom7m3"}
{"type":"operationStart","subtype":"pdfUtils","name":"pdf utils","timestamp":1705261881304,"id":"0oitoa21wsd4zxc","previousEventId":"3vorkd8vnranink","operationId":"q7shwkff1w8lur9","previousOperationId":"ezu2ywukkzom7m3"}
{"type":"log","timestamp":1705261881304,"level":"debug","message":"pdf-utils detected 1 pdf operation(s) to process","meta":{"rootId":"1l19vbqily9rg06","id":"1l19vbqily9rg06"},"id":"x9tmmubwcr4slhv","previousOperationId":"q7shwkff1w8lur9"}
{"type":"log","timestamp":1705261881319,"level":"debug","message":"pdf-utils running pdf operation merge","meta":{"rootId":"1l19vbqily9rg06","id":"1l19vbqily9rg06"},"id":"qzfd00abq3m28t4","previousOperationId":"q7shwkff1w8lur9"}
{"type":"operationStart","subtype":"pdfUtilsMerge","name":"pdf utils merge","previousOperationId":"q7shwkff1w8lur9","timestamp":1705261881319,"id":"77aj43kc76lopsi","previousEventId":"0oitoa21wsd4zxc","operationId":"hyfz7g1qfl1kr0m"}
{"type":"operationStart","subtype":"render","name":"orders-header","previousOperationId":"hyfz7g1qfl1kr0m","timestamp":1705261881320,"id":"g9ssrrgtyq593y2","previousEventId":"77aj43kc76lopsi","operationId":"d1t9dh70awsy84z"}
{"type":"log","timestamp":1705261881320,"level":"info","message":"Starting rendering (child) request","meta":{"rootId":"1l19vbqily9rg06","id":"8z2e65jd1pikmye"},"id":"y0duiekpze09e8p","previousOperationId":"d1t9dh70awsy84z"}
{"type":"log","timestamp":1705261881320,"level":"info","message":"Rendering template { name: orders-header, recipe: chrome-pdf, engine: handlebars, preview: true }","meta":{"rootId":"1l19vbqily9rg06","id":"8z2e65jd1pikmye"},"id":"ijqk3bz6gk6fq0m","previousOperationId":"d1t9dh70awsy84z"}
{"type":"log","timestamp":1705261881322,"level":"debug","message":"Inline data specified.","meta":{"rootId":"1l19vbqily9rg06","id":"8z2e65jd1pikmye"},"id":"ir0fjc088us5nsw","previousOperationId":"d1t9dh70awsy84z"}
{"type":"log","timestamp":1705261881325,"level":"debug","message":"Base url not specified, skipping its injection.","meta":{"rootId":"1l19vbqily9rg06","id":"8z2e65jd1pikmye"},"id":"sf4i9bjtqp28g4r","previousOperationId":"d1t9dh70awsy84z"}
{"type":"operationStart","subtype":"engine","name":"handlebars","timestamp":1705261881326,"id":"rl423anbu1b52h6","previousEventId":"g9ssrrgtyq593y2","operationId":"0ljgxrn7e5vaw5p","previousOperationId":"d1t9dh70awsy84z"}
{"type":"log","timestamp":1705261881326,"level":"debug","message":"Rendering engine handlebars","meta":{"rootId":"1l19vbqily9rg06","id":"8z2e65jd1pikmye"},"id":"i0czi4irpxrwgjn","previousOperationId":"0ljgxrn7e5vaw5p"}
{"type":"operationEnd","operationId":"0ljgxrn7e5vaw5p","timestamp":1705261881350,"id":"xzbinb0smx8yakz","previousEventId":"rl423anbu1b52h6","previousOperationId":"0ljgxrn7e5vaw5p"}
{"type":"operationStart","subtype":"recipe","name":"chrome-pdf","timestamp":1705261881350,"id":"8d9uvq6frxtopkr","previousEventId":"xzbinb0smx8yakz","operationId":"d7l0d6b9lw56b5u","previousOperationId":"0ljgxrn7e5vaw5p"}
{"type":"log","timestamp":1705261881350,"level":"debug","message":"Executing recipe chrome-pdf","meta":{"rootId":"1l19vbqily9rg06","id":"8z2e65jd1pikmye"},"id":"bo7zyzzmbu2q0dn","previousOperationId":"d7l0d6b9lw56b5u"}
{"type":"log","timestamp":1705261881353,"level":"debug","message":"Converting with chrome HeadlessChrome/117.0.5938.149 using chrome-pool strategy","meta":{"rootId":"1l19vbqily9rg06","id":"8z2e65jd1pikmye"},"id":"97il9ihoupa6lv7","previousOperationId":"d7l0d6b9lw56b5u"}
{"type":"log","timestamp":1705261881481,"level":"debug","message":"Page request: GET (document) file:///C:/Users/arida/AppData/Local/Temp/jsreport/autocleanup/c0524214-79c4-45a1-a62b-df712656ceb9-chrome-pdf.html","meta":{"rootId":"1l19vbqily9rg06","id":"8z2e65jd1pikmye"},"id":"40jq2zr7a0og4z3","previousOperationId":"d7l0d6b9lw56b5u"}
{"type":"log","timestamp":1705261881492,"level":"debug","message":"Page request: GET (stylesheet) https://cdnjs.cloudflare.com/ajax/libs/metro/4.1.5/css/metro.min.css","meta":{"rootId":"1l19vbqily9rg06","id":"8z2e65jd1pikmye"},"id":"wtwejtmcawpw1tq","previousOperationId":"d7l0d6b9lw56b5u"}
{"type":"log","timestamp":1705261881492,"level":"debug","message":"Page request finished: GET (document) 200 file:///C:/Users/arida/AppData/Local/Temp/jsreport/autocleanup/c0524214-79c4-45a1-a62b-df712656ceb9-chrome-pdf.html","meta":{"rootId":"1l19vbqily9rg06","id":"8z2e65jd1pikmye"},"id":"zxqquzrbx6s41a5","previousOperationId":"d7l0d6b9lw56b5u"}
{"type":"log","timestamp":1705261881513,"level":"debug","message":"Page request finished: GET (stylesheet) 200 https://cdnjs.cloudflare.com/ajax/libs/metro/4.1.5/css/metro.min.css","meta":{"rootId":"1l19vbqily9rg06","id":"8z2e65jd1pikmye"},"id":"0mq22cjpau8ttkn","previousOperationId":"d7l0d6b9lw56b5u"}
{"type":"log","timestamp":1705261881532,"level":"debug","message":"Running chrome with params {\"printBackground\":true,\"marginTop\":\"1.5cm\",\"marginRight\":\"1.5cm\",\"marginLeft\":\"1.cm\",\"timeout\":59602,\"margin\":{\"top\":\"1.5cm\",\"right\":\"1.5cm\",\"left\":\"1.cm\"}}","meta":{"rootId":"1l19vbqily9rg06","id":"8z2e65jd1pikmye"},"id":"wiapiqlqrxeney1","previousOperationId":"d7l0d6b9lw56b5u"}
{"type":"operationEnd","operationId":"d7l0d6b9lw56b5u","timestamp":1705261881568,"id":"7dy2yl2lbrw7lty","previousEventId":"8d9uvq6frxtopkr","previousOperationId":"d7l0d6b9lw56b5u"}
{"type":"log","timestamp":1705261881568,"level":"debug","message":"Skipping storing report.","meta":{"rootId":"1l19vbqily9rg06","id":"8z2e65jd1pikmye"},"id":"u03yicidxu13a8b","previousOperationId":"d7l0d6b9lw56b5u"}
{"type":"log","timestamp":1705261881569,"level":"info","message":"Rendering (child) request finished in 615 ms","meta":{"rootId":"1l19vbqily9rg06","id":"8z2e65jd1pikmye"},"id":"2re64alraur2r0z","previousOperationId":"d7l0d6b9lw56b5u"}
{"type":"operationEnd","subtype":"render","operationId":"d1t9dh70awsy84z","timestamp":1705261881569,"id":"g8qi5otkv2ak0bo","previousEventId":"7dy2yl2lbrw7lty","previousOperationId":"d7l0d6b9lw56b5u"}
{"type":"operationEnd","operationId":"hyfz7g1qfl1kr0m","timestamp":1705261881578,"id":"gc2wl02kl3dhp5y","previousEventId":"77aj43kc76lopsi","previousOperationId":"hyfz7g1qfl1kr0m"}
{"type":"log","timestamp":1705261881578,"level":"debug","message":"pdf-utils postproces start","meta":{"rootId":"1l19vbqily9rg06","id":"1l19vbqily9rg06"},"id":"t1y5sifc3klibbs","previousOperationId":"hyfz7g1qfl1kr0m"}
{"type":"log","timestamp":1705261881589,"level":"debug","message":"pdf-utils postproces end","meta":{"rootId":"1l19vbqily9rg06","id":"1l19vbqily9rg06"},"id":"rnhpfyf6k1facss","previousOperationId":"hyfz7g1qfl1kr0m"}
{"type":"operationEnd","operationId":"q7shwkff1w8lur9","timestamp":1705261881589,"id":"fdn7e945lxfmhie","previousEventId":"gc2wl02kl3dhp5y","previousOperationId":"hyfz7g1qfl1kr0m"}
{"type":"log","timestamp":1705261881589,"level":"info","message":"pdf-utils pdf processing was finished","meta":{"rootId":"1l19vbqily9rg06","id":"1l19vbqily9rg06"},"id":"bvb4wjdxy9mwxk2","previousOperationId":"q7shwkff1w8lur9"}
{"type":"log","timestamp":1705261881589,"level":"debug","message":"Skipping storing report.","meta":{"rootId":"1l19vbqily9rg06","id":"1l19vbqily9rg06"},"id":"5qarp0cibuho4jg","previousOperationId":"q7shwkff1w8lur9"}
{"type":"log","timestamp":1705261881589,"level":"info","message":"Rendering request 9 finished in 635 ms","meta":{"rootId":"1l19vbqily9rg06","id":"1l19vbqily9rg06"},"id":"6a07f2s4sx7jo2d","previousOperationId":"q7shwkff1w8lur9"}
{"type":"operationEnd","subtype":"render","operationId":"4jp1ttb0ef8j87z","timestamp":1705261881589,"id":"ll68ckmfqu1f499","previousEventId":"fdn7e945lxfmhie","previousOperationId":"q7shwkff1w8lur9"}
{"type":"operationEnd","doDiffs":false,"previousEventId":"l4luv1p45lb2ujo","previousOperationId":"a8yolak0ta7jul2","operationId":"a8yolak0ta7jul2","timestamp":1705261881604,"id":"50py1ttlcx7r3lm"}
