{"type":"operationStart","subtype":"profile","data":{"_id":"92FjJLMcwruJlG8k","timestamp":"2024-01-14T18:07:02.737Z","state":"queued","mode":"standard","creationDate":"2024-01-14T18:07:02.745Z","modificationDate":"2024-01-14T18:07:02.745Z","shortid":"nTYshOJ","$entitySet":"profiles"},"doDiffs":false,"timestamp":1705255622741,"id":"lnqssyk5xoo9ngt","previousOperationId":null,"operationId":"thxbbn27li0k56t"}
{"type":"log","level":"info","message":"Render request 1 queued for execution and waiting for available worker","previousOperationId":"thxbbn27li0k56t","timestamp":1705255622742,"id":"w537ts5lp1snh4g"}
{"type":"operationStart","subtype":"render","name":"orders-main","previousOperationId":"thxbbn27li0k56t","timestamp":1705255622789,"id":"wh9glbm2mu1oulx","previousEventId":"lnqssyk5xoo9ngt","operationId":"0k4oeas2cmzx0ds"}
{"type":"log","timestamp":1705255622790,"level":"info","message":"Starting rendering request 1","meta":{"rootId":"1mjigy65ny9m3s4","id":"1mjigy65ny9m3s4"},"id":"xnyaub7jpwdth7i","previousOperationId":"0k4oeas2cmzx0ds"}
{"type":"log","timestamp":1705255622792,"level":"info","message":"Rendering template { name: orders-main, recipe: chrome-pdf, engine: handlebars, preview: true }","meta":{"rootId":"1mjigy65ny9m3s4","id":"1mjigy65ny9m3s4"},"id":"ft1ha9gesatetz6","previousOperationId":"0k4oeas2cmzx0ds"}
{"type":"log","timestamp":1705255622797,"level":"debug","message":"Data item not defined for this template.","meta":{"rootId":"1mjigy65ny9m3s4","id":"1mjigy65ny9m3s4"},"id":"i4ppy4zol5mwcog","previousOperationId":"0k4oeas2cmzx0ds"}
{"type":"log","timestamp":1705255622804,"level":"debug","message":"Executing script orders-script (beforeRender)","meta":{"rootId":"1mjigy65ny9m3s4","id":"1mjigy65ny9m3s4"},"id":"141uoqi93n8a5h1","previousOperationId":"0k4oeas2cmzx0ds"}
{"type":"operationStart","subtype":"scriptsBeforeRender","name":"scripts beforeRender","timestamp":1705255623249,"id":"n3t0vwldm8mjq5s","previousEventId":"wh9glbm2mu1oulx","operationId":"61sua8ymzmfrei3","previousOperationId":"0k4oeas2cmzx0ds"}
{"type":"operationStart","subtype":"script","name":"scripts orders-script","previousOperationId":"61sua8ymzmfrei3","timestamp":1705255623250,"id":"3xjm1n3m9vgzngs","previousEventId":"n3t0vwldm8mjq5s","operationId":"04cwhvlmmfonznj"}
{"type":"operationEnd","operationId":"04cwhvlmmfonznj","timestamp":1705255623281,"id":"vlkvc66ov0v4lxm","previousEventId":"wh9glbm2mu1oulx","previousOperationId":"0k4oeas2cmzx0ds"}
{"type":"operationEnd","operationId":"61sua8ymzmfrei3","timestamp":1705255623281,"id":"hd3zn3pedh6z0wl","previousEventId":"vlkvc66ov0v4lxm","previousOperationId":"0k4oeas2cmzx0ds"}
{"type":"log","timestamp":1705255623281,"level":"debug","message":"Base url not specified, skipping its injection.","meta":{"rootId":"1mjigy65ny9m3s4","id":"1mjigy65ny9m3s4"},"id":"gnbjkb35uqr4af7","previousOperationId":"61sua8ymzmfrei3"}
{"type":"operationStart","subtype":"engine","name":"handlebars","timestamp":1705255623282,"id":"vi5vj8187bmsiv1","previousEventId":"hd3zn3pedh6z0wl","operationId":"mi508tp3xherchj","previousOperationId":"61sua8ymzmfrei3"}
{"type":"log","timestamp":1705255623282,"level":"debug","message":"Rendering engine handlebars","meta":{"rootId":"1mjigy65ny9m3s4","id":"1mjigy65ny9m3s4"},"id":"z0oqzhk959fg2ql","previousOperationId":"mi508tp3xherchj"}
{"type":"operationEnd","operationId":"mi508tp3xherchj","timestamp":1705255623708,"id":"icy1vs3r5yejblx","previousEventId":"vi5vj8187bmsiv1","previousOperationId":"mi508tp3xherchj"}
{"type":"operationStart","subtype":"recipe","name":"chrome-pdf","timestamp":1705255623709,"id":"tsztb2nsd5314zq","previousEventId":"icy1vs3r5yejblx","operationId":"egyrlthhw3s3egu","previousOperationId":"mi508tp3xherchj"}
{"type":"log","timestamp":1705255623709,"level":"debug","message":"Executing recipe chrome-pdf","meta":{"rootId":"1mjigy65ny9m3s4","id":"1mjigy65ny9m3s4"},"id":"h77hmp7fu271pen","previousOperationId":"egyrlthhw3s3egu"}
{"type":"log","timestamp":1705255624658,"level":"debug","message":"Converting with chrome HeadlessChrome/117.0.5938.149 using chrome-pool strategy","meta":{"rootId":"1mjigy65ny9m3s4","id":"1mjigy65ny9m3s4"},"id":"t8klecl3z2esb7o","previousOperationId":"egyrlthhw3s3egu"}
{"type":"log","timestamp":1705255624885,"level":"debug","message":"Page request: GET (document) file:///C:/Users/arida/AppData/Local/Temp/jsreport/autocleanup/cd91f815-b36c-4465-8a1b-9e97f7e883b6-chrome-pdf.html","meta":{"rootId":"1mjigy65ny9m3s4","id":"1mjigy65ny9m3s4"},"id":"6mkxobvn1u3lk1z","previousOperationId":"egyrlthhw3s3egu"}
{"type":"log","timestamp":1705255624899,"level":"debug","message":"Page request: GET (stylesheet) https://cdnjs.cloudflare.com/ajax/libs/metro/4.1.5/css/metro.min.css","meta":{"rootId":"1mjigy65ny9m3s4","id":"1mjigy65ny9m3s4"},"id":"u78qwbxe6m94zm5","previousOperationId":"egyrlthhw3s3egu"}
{"type":"log","timestamp":1705255624900,"level":"debug","message":"Page request: GET (script) https://cdnjs.cloudflare.com/ajax/libs/Chart.js/2.7.2/Chart.min.js","meta":{"rootId":"1mjigy65ny9m3s4","id":"1mjigy65ny9m3s4"},"id":"5krmlamq5qzc32n","previousOperationId":"egyrlthhw3s3egu"}
{"type":"log","timestamp":1705255624901,"level":"debug","message":"Page request finished: GET (document) 200 file:///C:/Users/arida/AppData/Local/Temp/jsreport/autocleanup/cd91f815-b36c-4465-8a1b-9e97f7e883b6-chrome-pdf.html","meta":{"rootId":"1mjigy65ny9m3s4","id":"1mjigy65ny9m3s4"},"id":"dzf3ginh72t20qp","previousOperationId":"egyrlthhw3s3egu"}
{"type":"log","timestamp":1705255625202,"level":"debug","message":"Page request finished: GET (stylesheet) 200 https://cdnjs.cloudflare.com/ajax/libs/metro/4.1.5/css/metro.min.css","meta":{"rootId":"1mjigy65ny9m3s4","id":"1mjigy65ny9m3s4"},"id":"3n08eehforq82m6","previousOperationId":"egyrlthhw3s3egu"}
{"type":"log","timestamp":1705255625237,"level":"debug","message":"Page request finished: GET (script) 200 https://cdnjs.cloudflare.com/ajax/libs/Chart.js/2.7.2/Chart.min.js","meta":{"rootId":"1mjigy65ny9m3s4","id":"1mjigy65ny9m3s4"},"id":"v8skgvp0dsx6lnh","previousOperationId":"egyrlthhw3s3egu"}
{"type":"log","timestamp":1705255625272,"level":"debug","message":"Running chrome with params {\"printBackground\":true,\"marginTop\":\"4cm\",\"marginRight\":\"1.5cm\",\"marginBottom\":\"1.5cm\",\"marginLeft\":\"1.5cm\",\"waitForJS\":false,\"timeout\":58313,\"margin\":{\"top\":\"4cm\",\"right\":\"1.5cm\",\"bottom\":\"1.5cm\",\"left\":\"1.5cm\"}}","meta":{"rootId":"1mjigy65ny9m3s4","id":"1mjigy65ny9m3s4"},"id":"eqozh5fugaokq0l","previousOperationId":"egyrlthhw3s3egu"}
{"type":"operationEnd","operationId":"egyrlthhw3s3egu","timestamp":1705255625387,"id":"bux264244on4x2c","previousEventId":"tsztb2nsd5314zq","previousOperationId":"egyrlthhw3s3egu"}
{"type":"log","timestamp":1705255625388,"level":"info","message":"pdf-utils is starting pdf processing","meta":{"rootId":"1mjigy65ny9m3s4","id":"1mjigy65ny9m3s4"},"id":"3ss7ucu95r6180n","previousOperationId":"egyrlthhw3s3egu"}
{"type":"operationStart","subtype":"pdfUtils","name":"pdf utils","timestamp":1705255625642,"id":"4cgy2zj0qmabdl9","previousEventId":"bux264244on4x2c","operationId":"k5kb3uj5vafmfua","previousOperationId":"egyrlthhw3s3egu"}
{"type":"log","timestamp":1705255625643,"level":"debug","message":"pdf-utils detected 1 pdf operation(s) to process","meta":{"rootId":"1mjigy65ny9m3s4","id":"1mjigy65ny9m3s4"},"id":"k6j5xqjhcvjr4tm","previousOperationId":"k5kb3uj5vafmfua"}
{"type":"log","timestamp":1705255625841,"level":"debug","message":"pdf-utils running pdf operation merge","meta":{"rootId":"1mjigy65ny9m3s4","id":"1mjigy65ny9m3s4"},"id":"0xmookg49vn4ehl","previousOperationId":"k5kb3uj5vafmfua"}
{"type":"operationStart","subtype":"pdfUtilsMerge","name":"pdf utils merge","previousOperationId":"k5kb3uj5vafmfua","timestamp":1705255625841,"id":"gjmeuids0ktwqme","previousEventId":"4cgy2zj0qmabdl9","operationId":"5tjdf9pfe3zn0s0"}
{"type":"operationStart","subtype":"render","name":"orders-header","previousOperationId":"5tjdf9pfe3zn0s0","timestamp":1705255625846,"id":"12mp476o45oalyt","previousEventId":"gjmeuids0ktwqme","operationId":"rzpicfolptrpmnj"}
{"type":"log","timestamp":1705255625846,"level":"info","message":"Starting rendering (child) request","meta":{"rootId":"1mjigy65ny9m3s4","id":"s42998thznzq9pd"},"id":"0tmtgczt7zz4tka","previousOperationId":"rzpicfolptrpmnj"}
{"type":"log","timestamp":1705255625846,"level":"info","message":"Rendering template { name: orders-header, recipe: chrome-pdf, engine: handlebars, preview: true }","meta":{"rootId":"1mjigy65ny9m3s4","id":"s42998thznzq9pd"},"id":"40jmkbp72miq9sz","previousOperationId":"rzpicfolptrpmnj"}
{"type":"log","timestamp":1705255625852,"level":"debug","message":"Inline data specified.","meta":{"rootId":"1mjigy65ny9m3s4","id":"s42998thznzq9pd"},"id":"pd7k7zpx5smj0ft","previousOperationId":"rzpicfolptrpmnj"}
{"type":"log","timestamp":1705255625856,"level":"debug","message":"Base url not specified, skipping its injection.","meta":{"rootId":"1mjigy65ny9m3s4","id":"s42998thznzq9pd"},"id":"ok1ckiws763ku67","previousOperationId":"rzpicfolptrpmnj"}
{"type":"operationStart","subtype":"engine","name":"handlebars","timestamp":1705255625856,"id":"kmtauorg5am04ok","previousEventId":"12mp476o45oalyt","operationId":"j2rlmeior1ya01k","previousOperationId":"rzpicfolptrpmnj"}
{"type":"log","timestamp":1705255625856,"level":"debug","message":"Rendering engine handlebars","meta":{"rootId":"1mjigy65ny9m3s4","id":"s42998thznzq9pd"},"id":"ijpgzuz5m4r2hbc","previousOperationId":"j2rlmeior1ya01k"}
{"type":"operationEnd","operationId":"j2rlmeior1ya01k","timestamp":1705255625907,"id":"ry7kyz8ex6qp63s","previousEventId":"kmtauorg5am04ok","previousOperationId":"j2rlmeior1ya01k"}
{"type":"operationStart","subtype":"recipe","name":"chrome-pdf","timestamp":1705255625907,"id":"7weknqxllbw5sf9","previousEventId":"ry7kyz8ex6qp63s","operationId":"w11e4otantj2ns7","previousOperationId":"j2rlmeior1ya01k"}
{"type":"log","timestamp":1705255625907,"level":"debug","message":"Executing recipe chrome-pdf","meta":{"rootId":"1mjigy65ny9m3s4","id":"s42998thznzq9pd"},"id":"yk2d0z5wd80kb0v","previousOperationId":"w11e4otantj2ns7"}
{"type":"log","timestamp":1705255625910,"level":"debug","message":"Converting with chrome HeadlessChrome/117.0.5938.149 using chrome-pool strategy","meta":{"rootId":"1mjigy65ny9m3s4","id":"s42998thznzq9pd"},"id":"xdai7q4clzd54vz","previousOperationId":"w11e4otantj2ns7"}
{"type":"log","timestamp":1705255626030,"level":"debug","message":"Page request: GET (document) file:///C:/Users/arida/AppData/Local/Temp/jsreport/autocleanup/1eee3499-e7c1-4a0b-a839-7cd7aed47d36-chrome-pdf.html","meta":{"rootId":"1mjigy65ny9m3s4","id":"s42998thznzq9pd"},"id":"nsrhonvxigzg2wm","previousOperationId":"w11e4otantj2ns7"}
{"type":"log","timestamp":1705255626046,"level":"debug","message":"Page request: GET (stylesheet) https://cdnjs.cloudflare.com/ajax/libs/metro/4.1.5/css/metro.min.css","meta":{"rootId":"1mjigy65ny9m3s4","id":"s42998thznzq9pd"},"id":"7sbherpc8x780ml","previousOperationId":"w11e4otantj2ns7"}
{"type":"log","timestamp":1705255626047,"level":"debug","message":"Page request finished: GET (document) 200 file:///C:/Users/arida/AppData/Local/Temp/jsreport/autocleanup/1eee3499-e7c1-4a0b-a839-7cd7aed47d36-chrome-pdf.html","meta":{"rootId":"1mjigy65ny9m3s4","id":"s42998thznzq9pd"},"id":"3ikwgm3pi4yn953","previousOperationId":"w11e4otantj2ns7"}
{"type":"log","timestamp":1705255626077,"level":"debug","message":"Page request finished: GET (stylesheet) 200 https://cdnjs.cloudflare.com/ajax/libs/metro/4.1.5/css/metro.min.css","meta":{"rootId":"1mjigy65ny9m3s4","id":"s42998thznzq9pd"},"id":"a7enll9kqcy13xw","previousOperationId":"w11e4otantj2ns7"}
{"type":"log","timestamp":1705255626106,"level":"debug","message":"Running chrome with params {\"printBackground\":true,\"marginTop\":\"1.5cm\",\"marginRight\":\"1.5cm\",\"marginLeft\":\"1.cm\",\"timeout\":56827,\"margin\":{\"top\":\"1.5cm\",\"right\":\"1.5cm\",\"left\":\"1.cm\"}}","meta":{"rootId":"1mjigy65ny9m3s4","id":"s42998thznzq9pd"},"id":"qcrd3xmgidj5pna","previousOperationId":"w11e4otantj2ns7"}
{"type":"operationEnd","operationId":"w11e4otantj2ns7","timestamp":1705255626151,"id":"i6497jawxbfugyh","previousEventId":"7weknqxllbw5sf9","previousOperationId":"w11e4otantj2ns7"}
{"type":"log","timestamp":1705255626152,"level":"debug","message":"Skipping storing report.","meta":{"rootId":"1mjigy65ny9m3s4","id":"s42998thznzq9pd"},"id":"7hesbvjdat80ne1","previousOperationId":"w11e4otantj2ns7"}
{"type":"log","timestamp":1705255626153,"level":"info","message":"Rendering (child) request finished in 3417 ms","meta":{"rootId":"1mjigy65ny9m3s4","id":"s42998thznzq9pd"},"id":"e8529f3am6pd0bc","previousOperationId":"w11e4otantj2ns7"}
{"type":"operationEnd","subtype":"render","operationId":"rzpicfolptrpmnj","timestamp":1705255626153,"id":"dvnywcinnn02rv6","previousEventId":"i6497jawxbfugyh","previousOperationId":"w11e4otantj2ns7"}
{"type":"operationEnd","operationId":"5tjdf9pfe3zn0s0","timestamp":1705255626180,"id":"bn5qm9130klimbw","previousEventId":"gjmeuids0ktwqme","previousOperationId":"5tjdf9pfe3zn0s0"}
{"type":"log","timestamp":1705255626180,"level":"debug","message":"pdf-utils postproces start","meta":{"rootId":"1mjigy65ny9m3s4","id":"1mjigy65ny9m3s4"},"id":"iwrkqgcr04oqi1y","previousOperationId":"5tjdf9pfe3zn0s0"}
{"type":"log","timestamp":1705255626193,"level":"debug","message":"pdf-utils postproces end","meta":{"rootId":"1mjigy65ny9m3s4","id":"1mjigy65ny9m3s4"},"id":"rgyzoks0khnzga8","previousOperationId":"5tjdf9pfe3zn0s0"}
{"type":"operationEnd","operationId":"k5kb3uj5vafmfua","timestamp":1705255626193,"id":"wtq8l02dgkrc2dc","previousEventId":"bn5qm9130klimbw","previousOperationId":"5tjdf9pfe3zn0s0"}
{"type":"log","timestamp":1705255626193,"level":"info","message":"pdf-utils pdf processing was finished","meta":{"rootId":"1mjigy65ny9m3s4","id":"1mjigy65ny9m3s4"},"id":"43os4pl813ioc1m","previousOperationId":"k5kb3uj5vafmfua"}
{"type":"log","timestamp":1705255626193,"level":"debug","message":"Skipping storing report.","meta":{"rootId":"1mjigy65ny9m3s4","id":"1mjigy65ny9m3s4"},"id":"6n47la7w1t4t0e5","previousOperationId":"k5kb3uj5vafmfua"}
{"type":"log","timestamp":1705255626193,"level":"info","message":"Rendering request 1 finished in 3457 ms","meta":{"rootId":"1mjigy65ny9m3s4","id":"1mjigy65ny9m3s4"},"id":"raui3g1bkw4ryvz","previousOperationId":"k5kb3uj5vafmfua"}
{"type":"operationEnd","subtype":"render","operationId":"0k4oeas2cmzx0ds","timestamp":1705255626193,"id":"etton71aenfa77y","previousEventId":"wtq8l02dgkrc2dc","previousOperationId":"k5kb3uj5vafmfua"}
{"type":"operationEnd","doDiffs":false,"previousEventId":"lnqssyk5xoo9ngt","previousOperationId":"thxbbn27li0k56t","operationId":"thxbbn27li0k56t","timestamp":1705255626205,"id":"v66srfzly1giyn2"}
