{"type":"operationStart","subtype":"profile","data":{"_id":"h6VM4g18TimhtXJC","timestamp":"2024-01-14T19:39:51.461Z","state":"queued","mode":"standard","creationDate":"2024-01-14T19:39:51.464Z","modificationDate":"2024-01-14T19:39:51.464Z","shortid":"G2IgWdi","$entitySet":"profiles"},"doDiffs":false,"timestamp":1705261191463,"id":"sgey1jp2tah05er","previousOperationId":null,"operationId":"xhbsqwh37y5gjm8"}
{"type":"log","level":"info","message":"Render request 4 queued for execution and waiting for available worker","previousOperationId":"xhbsqwh37y5gjm8","timestamp":1705261191463,"id":"zdoykevmuhaeb60"}
{"type":"operationStart","subtype":"render","name":"orders-main","previousOperationId":"xhbsqwh37y5gjm8","timestamp":1705261191478,"id":"ezyrlxlbtk5ppie","previousEventId":"sgey1jp2tah05er","operationId":"zm6ee282bd15x62"}
{"type":"log","timestamp":1705261191478,"level":"info","message":"Starting rendering request 4","meta":{"rootId":"34wywrkbp5w29ed","id":"34wywrkbp5w29ed"},"id":"5vt28gxv473flwf","previousOperationId":"zm6ee282bd15x62"}
{"type":"log","timestamp":1705261191479,"level":"info","message":"Rendering template { name: orders-main, recipe: chrome-pdf, engine: handlebars, preview: true }","meta":{"rootId":"34wywrkbp5w29ed","id":"34wywrkbp5w29ed"},"id":"ejtpz77hkt2pw63","previousOperationId":"zm6ee282bd15x62"}
{"type":"log","timestamp":1705261191480,"level":"debug","message":"Data item not defined for this template.","meta":{"rootId":"34wywrkbp5w29ed","id":"34wywrkbp5w29ed"},"id":"kkld49w3jzjc5qd","previousOperationId":"zm6ee282bd15x62"}
{"type":"log","timestamp":1705261191484,"level":"debug","message":"Executing script orders-script (beforeRender)","meta":{"rootId":"34wywrkbp5w29ed","id":"34wywrkbp5w29ed"},"id":"q5eklt7c8tp5p5j","previousOperationId":"zm6ee282bd15x62"}
{"type":"operationStart","subtype":"scriptsBeforeRender","name":"scripts beforeRender","timestamp":1705261191497,"id":"wwl3motlx9jql79","previousEventId":"ezyrlxlbtk5ppie","operationId":"r09d3mdol4wghpn","previousOperationId":"zm6ee282bd15x62"}
{"type":"operationStart","subtype":"script","name":"scripts orders-script","previousOperationId":"r09d3mdol4wghpn","timestamp":1705261191497,"id":"q8znz782tqat52r","previousEventId":"wwl3motlx9jql79","operationId":"jr40rgvy2ymq3t5"}
{"type":"operationEnd","operationId":"jr40rgvy2ymq3t5","timestamp":1705261191514,"id":"db31yu5y2vedn2a","previousEventId":"ezyrlxlbtk5ppie","previousOperationId":"zm6ee282bd15x62"}
{"type":"operationEnd","operationId":"r09d3mdol4wghpn","timestamp":1705261191514,"id":"tjkjmpzbt7homrl","previousEventId":"db31yu5y2vedn2a","previousOperationId":"zm6ee282bd15x62"}
{"type":"log","timestamp":1705261191514,"level":"debug","message":"Base url not specified, skipping its injection.","meta":{"rootId":"34wywrkbp5w29ed","id":"34wywrkbp5w29ed"},"id":"jl6gnaa5lac0gsa","previousOperationId":"r09d3mdol4wghpn"}
{"type":"operationStart","subtype":"engine","name":"handlebars","timestamp":1705261191514,"id":"v3ufkwmbscrqr22","previousEventId":"tjkjmpzbt7homrl","operationId":"1qsxsajwolffne6","previousOperationId":"r09d3mdol4wghpn"}
{"type":"log","timestamp":1705261191514,"level":"debug","message":"Rendering engine handlebars","meta":{"rootId":"34wywrkbp5w29ed","id":"34wywrkbp5w29ed"},"id":"784imhechknwjof","previousOperationId":"1qsxsajwolffne6"}
{"type":"operationEnd","operationId":"1qsxsajwolffne6","timestamp":1705261191540,"id":"o18k93o5v5g6nrd","previousEventId":"v3ufkwmbscrqr22","previousOperationId":"1qsxsajwolffne6"}
{"type":"operationStart","subtype":"recipe","name":"chrome-pdf","timestamp":1705261191540,"id":"e9b7s4q2ee05xlc","previousEventId":"o18k93o5v5g6nrd","operationId":"x92zgxz5teml2dm","previousOperationId":"1qsxsajwolffne6"}
{"type":"log","timestamp":1705261191541,"level":"debug","message":"Executing recipe chrome-pdf","meta":{"rootId":"34wywrkbp5w29ed","id":"34wywrkbp5w29ed"},"id":"ugsq1wc7wyhlx5w","previousOperationId":"x92zgxz5teml2dm"}
{"type":"log","timestamp":1705261191544,"level":"debug","message":"Converting with chrome HeadlessChrome/117.0.5938.149 using chrome-pool strategy","meta":{"rootId":"34wywrkbp5w29ed","id":"34wywrkbp5w29ed"},"id":"pmdrm28xt0vesdt","previousOperationId":"x92zgxz5teml2dm"}
{"type":"log","timestamp":1705261191691,"level":"debug","message":"Page request: GET (document) file:///C:/Users/arida/AppData/Local/Temp/jsreport/autocleanup/19600f7e-20ca-4245-a54d-652e5a6762f1-chrome-pdf.html","meta":{"rootId":"34wywrkbp5w29ed","id":"34wywrkbp5w29ed"},"id":"74bq4yx1hflpns5","previousOperationId":"x92zgxz5teml2dm"}
{"type":"log","timestamp":1705261191724,"level":"debug","message":"Page request: GET (stylesheet) https://cdnjs.cloudflare.com/ajax/libs/metro/4.1.5/css/metro.min.css","meta":{"rootId":"34wywrkbp5w29ed","id":"34wywrkbp5w29ed"},"id":"vtx3mt5inkfno1g","previousOperationId":"x92zgxz5teml2dm"}
{"type":"log","timestamp":1705261191724,"level":"debug","message":"Page request: GET (script) https://cdnjs.cloudflare.com/ajax/libs/Chart.js/2.7.2/Chart.min.js","meta":{"rootId":"34wywrkbp5w29ed","id":"34wywrkbp5w29ed"},"id":"74kmh3shu852epy","previousOperationId":"x92zgxz5teml2dm"}
{"type":"log","timestamp":1705261191725,"level":"debug","message":"Page request finished: GET (document) 200 file:///C:/Users/arida/AppData/Local/Temp/jsreport/autocleanup/19600f7e-20ca-4245-a54d-652e5a6762f1-chrome-pdf.html","meta":{"rootId":"34wywrkbp5w29ed","id":"34wywrkbp5w29ed"},"id":"3bi2uz40k5jxx6n","previousOperationId":"x92zgxz5teml2dm"}
{"type":"log","timestamp":1705261191749,"level":"debug","message":"Page request finished: GET (stylesheet) 200 https://cdnjs.cloudflare.com/ajax/libs/metro/4.1.5/css/metro.min.css","meta":{"rootId":"34wywrkbp5w29ed","id":"34wywrkbp5w29ed"},"id":"wl56czb5x9v3ns0","previousOperationId":"x92zgxz5teml2dm"}
{"type":"log","timestamp":1705261191749,"level":"debug","message":"Page request finished: GET (script) 200 https://cdnjs.cloudflare.com/ajax/libs/Chart.js/2.7.2/Chart.min.js","meta":{"rootId":"34wywrkbp5w29ed","id":"34wywrkbp5w29ed"},"id":"u9lrri00o4xixgv","previousOperationId":"x92zgxz5teml2dm"}
{"type":"log","timestamp":1705261191764,"level":"warn","message":"Page error: Unexpected identifier 'afterwards' , stack: SyntaxError: Unexpected identifier 'afterwards'","meta":{"rootId":"34wywrkbp5w29ed","id":"34wywrkbp5w29ed"},"id":"ehz8bl8pjs0bjuy","previousOperationId":"x92zgxz5teml2dm"}
{"type":"log","timestamp":1705261191799,"level":"debug","message":"Running chrome with params {\"printBackground\":true,\"marginTop\":\"4cm\",\"marginRight\":\"1.5cm\",\"marginBottom\":\"1.5cm\",\"marginLeft\":\"1.5cm\",\"waitForJS\":false,\"timeout\":59918,\"margin\":{\"top\":\"4cm\",\"right\":\"1.5cm\",\"bottom\":\"1.5cm\",\"left\":\"1.5cm\"}}","meta":{"rootId":"34wywrkbp5w29ed","id":"34wywrkbp5w29ed"},"id":"2q76g8tndas2dn4","previousOperationId":"x92zgxz5teml2dm"}
{"type":"operationEnd","operationId":"x92zgxz5teml2dm","timestamp":1705261191856,"id":"kiv66vt756e3crg","previousEventId":"e9b7s4q2ee05xlc","previousOperationId":"x92zgxz5teml2dm"}
{"type":"log","timestamp":1705261191856,"level":"info","message":"pdf-utils is starting pdf processing","meta":{"rootId":"34wywrkbp5w29ed","id":"34wywrkbp5w29ed"},"id":"hbca8tabu6d7tym","previousOperationId":"x92zgxz5teml2dm"}
{"type":"operationStart","subtype":"pdfUtils","name":"pdf utils","timestamp":1705261191856,"id":"041u0laqxu2ie62","previousEventId":"kiv66vt756e3crg","operationId":"jhksxtjbmryzwfz","previousOperationId":"x92zgxz5teml2dm"}
{"type":"log","timestamp":1705261191857,"level":"debug","message":"pdf-utils detected 1 pdf operation(s) to process","meta":{"rootId":"34wywrkbp5w29ed","id":"34wywrkbp5w29ed"},"id":"ik5w9w1cfzwor86","previousOperationId":"jhksxtjbmryzwfz"}
{"type":"log","timestamp":1705261191882,"level":"debug","message":"pdf-utils running pdf operation merge","meta":{"rootId":"34wywrkbp5w29ed","id":"34wywrkbp5w29ed"},"id":"i8agxov5cw70hih","previousOperationId":"jhksxtjbmryzwfz"}
{"type":"operationStart","subtype":"pdfUtilsMerge","name":"pdf utils merge","previousOperationId":"jhksxtjbmryzwfz","timestamp":1705261191882,"id":"sbufvebs2vi80x5","previousEventId":"041u0laqxu2ie62","operationId":"n8myariyq9rianu"}
{"type":"operationStart","subtype":"render","name":"orders-header","previousOperationId":"n8myariyq9rianu","timestamp":1705261191883,"id":"5q6wkafvn344eug","previousEventId":"sbufvebs2vi80x5","operationId":"98c04pidgg04cuu"}
{"type":"log","timestamp":1705261191883,"level":"info","message":"Starting rendering (child) request","meta":{"rootId":"34wywrkbp5w29ed","id":"zfqd0dxb8e6clj2"},"id":"rh89ur4rtvncjux","previousOperationId":"98c04pidgg04cuu"}
{"type":"log","timestamp":1705261191884,"level":"info","message":"Rendering template { name: orders-header, recipe: chrome-pdf, engine: handlebars, preview: true }","meta":{"rootId":"34wywrkbp5w29ed","id":"zfqd0dxb8e6clj2"},"id":"n3ocxsds04mbdsm","previousOperationId":"98c04pidgg04cuu"}
{"type":"log","timestamp":1705261191892,"level":"debug","message":"Inline data specified.","meta":{"rootId":"34wywrkbp5w29ed","id":"zfqd0dxb8e6clj2"},"id":"2bzrcbhli9qeqsc","previousOperationId":"98c04pidgg04cuu"}
{"type":"log","timestamp":1705261191897,"level":"debug","message":"Base url not specified, skipping its injection.","meta":{"rootId":"34wywrkbp5w29ed","id":"zfqd0dxb8e6clj2"},"id":"6jkn4bus4b847i0","previousOperationId":"98c04pidgg04cuu"}
{"type":"operationStart","subtype":"engine","name":"handlebars","timestamp":1705261191897,"id":"8ubvy0pq8q4toru","previousEventId":"5q6wkafvn344eug","operationId":"4mgjv93omsnolvf","previousOperationId":"98c04pidgg04cuu"}
{"type":"log","timestamp":1705261191897,"level":"debug","message":"Rendering engine handlebars","meta":{"rootId":"34wywrkbp5w29ed","id":"zfqd0dxb8e6clj2"},"id":"chqsxjgzy9womyr","previousOperationId":"4mgjv93omsnolvf"}
{"type":"operationEnd","operationId":"4mgjv93omsnolvf","timestamp":1705261191914,"id":"3o2c1t386u06grq","previousEventId":"8ubvy0pq8q4toru","previousOperationId":"4mgjv93omsnolvf"}
{"type":"operationStart","subtype":"recipe","name":"chrome-pdf","timestamp":1705261191915,"id":"f8uhyv9w2zwhc0o","previousEventId":"3o2c1t386u06grq","operationId":"tc719vi74ounwj0","previousOperationId":"4mgjv93omsnolvf"}
{"type":"log","timestamp":1705261191915,"level":"debug","message":"Executing recipe chrome-pdf","meta":{"rootId":"34wywrkbp5w29ed","id":"zfqd0dxb8e6clj2"},"id":"rx8blln2k78yggf","previousOperationId":"tc719vi74ounwj0"}
{"type":"log","timestamp":1705261191918,"level":"debug","message":"Converting with chrome HeadlessChrome/117.0.5938.149 using chrome-pool strategy","meta":{"rootId":"34wywrkbp5w29ed","id":"zfqd0dxb8e6clj2"},"id":"nleefr9mqpjgz90","previousOperationId":"tc719vi74ounwj0"}
{"type":"log","timestamp":1705261192043,"level":"debug","message":"Page request: GET (document) file:///C:/Users/arida/AppData/Local/Temp/jsreport/autocleanup/a31e8b36-b2e4-4324-b6dd-8ca58530140d-chrome-pdf.html","meta":{"rootId":"34wywrkbp5w29ed","id":"zfqd0dxb8e6clj2"},"id":"tmfoe7apt22oxd3","previousOperationId":"tc719vi74ounwj0"}
{"type":"log","timestamp":1705261192055,"level":"debug","message":"Page request: GET (stylesheet) https://cdnjs.cloudflare.com/ajax/libs/metro/4.1.5/css/metro.min.css","meta":{"rootId":"34wywrkbp5w29ed","id":"zfqd0dxb8e6clj2"},"id":"b40g35itul5rwml","previousOperationId":"tc719vi74ounwj0"}
{"type":"log","timestamp":1705261192056,"level":"debug","message":"Page request finished: GET (document) 200 file:///C:/Users/arida/AppData/Local/Temp/jsreport/autocleanup/a31e8b36-b2e4-4324-b6dd-8ca58530140d-chrome-pdf.html","meta":{"rootId":"34wywrkbp5w29ed","id":"zfqd0dxb8e6clj2"},"id":"15va4344273l4tg","previousOperationId":"tc719vi74ounwj0"}
{"type":"log","timestamp":1705261192082,"level":"debug","message":"Page request finished: GET (stylesheet) 200 https://cdnjs.cloudflare.com/ajax/libs/metro/4.1.5/css/metro.min.css","meta":{"rootId":"34wywrkbp5w29ed","id":"zfqd0dxb8e6clj2"},"id":"6nnclwpupj0vp0k","previousOperationId":"tc719vi74ounwj0"}
{"type":"log","timestamp":1705261192106,"level":"debug","message":"Running chrome with params {\"printBackground\":true,\"marginTop\":\"1.5cm\",\"marginRight\":\"1.5cm\",\"marginLeft\":\"1.cm\",\"timeout\":59544,\"margin\":{\"top\":\"1.5cm\",\"right\":\"1.5cm\",\"left\":\"1.cm\"}}","meta":{"rootId":"34wywrkbp5w29ed","id":"zfqd0dxb8e6clj2"},"id":"usrkvif4v4pbbnh","previousOperationId":"tc719vi74ounwj0"}
{"type":"operationEnd","operationId":"tc719vi74ounwj0","timestamp":1705261192150,"id":"hdgi7r4ccxeo03m","previousEventId":"f8uhyv9w2zwhc0o","previousOperationId":"tc719vi74ounwj0"}
{"type":"log","timestamp":1705261192150,"level":"debug","message":"Skipping storing report.","meta":{"rootId":"34wywrkbp5w29ed","id":"zfqd0dxb8e6clj2"},"id":"q8s69u4gc4x8lrc","previousOperationId":"tc719vi74ounwj0"}
{"type":"log","timestamp":1705261192150,"level":"info","message":"Rendering (child) request finished in 689 ms","meta":{"rootId":"34wywrkbp5w29ed","id":"zfqd0dxb8e6clj2"},"id":"q2z9svb1ovq05zj","previousOperationId":"tc719vi74ounwj0"}
{"type":"operationEnd","subtype":"render","operationId":"98c04pidgg04cuu","timestamp":1705261192150,"id":"s18vqbtz7waaao7","previousEventId":"hdgi7r4ccxeo03m","previousOperationId":"tc719vi74ounwj0"}
{"type":"operationEnd","operationId":"n8myariyq9rianu","timestamp":1705261192162,"id":"hmoi6nh4sz55wrt","previousEventId":"sbufvebs2vi80x5","previousOperationId":"n8myariyq9rianu"}
{"type":"log","timestamp":1705261192162,"level":"debug","message":"pdf-utils postproces start","meta":{"rootId":"34wywrkbp5w29ed","id":"34wywrkbp5w29ed"},"id":"tilfwtm3y7v9zg6","previousOperationId":"n8myariyq9rianu"}
{"type":"log","timestamp":1705261192174,"level":"debug","message":"pdf-utils postproces end","meta":{"rootId":"34wywrkbp5w29ed","id":"34wywrkbp5w29ed"},"id":"f32ph8x9ip3dvia","previousOperationId":"n8myariyq9rianu"}
{"type":"operationEnd","operationId":"jhksxtjbmryzwfz","timestamp":1705261192174,"id":"iegpr8nk73q32wv","previousEventId":"hmoi6nh4sz55wrt","previousOperationId":"n8myariyq9rianu"}
{"type":"log","timestamp":1705261192174,"level":"info","message":"pdf-utils pdf processing was finished","meta":{"rootId":"34wywrkbp5w29ed","id":"34wywrkbp5w29ed"},"id":"hsdj6p9v371se7h","previousOperationId":"jhksxtjbmryzwfz"}
{"type":"log","timestamp":1705261192174,"level":"debug","message":"Skipping storing report.","meta":{"rootId":"34wywrkbp5w29ed","id":"34wywrkbp5w29ed"},"id":"cr0803evdh29czi","previousOperationId":"jhksxtjbmryzwfz"}
{"type":"log","timestamp":1705261192174,"level":"info","message":"Rendering request 4 finished in 713 ms","meta":{"rootId":"34wywrkbp5w29ed","id":"34wywrkbp5w29ed"},"id":"cb14ww5ir8aiiqd","previousOperationId":"jhksxtjbmryzwfz"}
{"type":"operationEnd","subtype":"render","operationId":"zm6ee282bd15x62","timestamp":1705261192174,"id":"41w2pg1qp5wmwvq","previousEventId":"iegpr8nk73q32wv","previousOperationId":"jhksxtjbmryzwfz"}
{"type":"operationEnd","doDiffs":false,"previousEventId":"sgey1jp2tah05er","previousOperationId":"xhbsqwh37y5gjm8","operationId":"xhbsqwh37y5gjm8","timestamp":1705261192187,"id":"rkj9u67o9bbrgaz"}
