{"type":"operationStart","subtype":"profile","data":{"_id":"RjaxOW1SoFGBoCMq","timestamp":"2024-01-14T17:46:38.103Z","state":"queued","mode":"standard","creationDate":"2024-01-14T17:46:38.108Z","modificationDate":"2024-01-14T17:46:38.108Z","shortid":"oyFAVXV","$entitySet":"profiles"},"doDiffs":false,"timestamp":1705254398105,"id":"nlxqrw30wq3nuc3","previousOperationId":null,"operationId":"ly4pjywemnjjrgr"}
{"type":"log","level":"info","message":"Render request 2 queued for execution and waiting for available worker","previousOperationId":"ly4pjywemnjjrgr","timestamp":1705254398105,"id":"int7rjalos9au2q"}
{"type":"operationStart","subtype":"render","name":"orders-main","previousOperationId":"ly4pjywemnjjrgr","timestamp":1705254398124,"id":"hnjpb8f8pyplxy8","previousEventId":"nlxqrw30wq3nuc3","operationId":"86o1gximz47b35z"}
{"type":"log","timestamp":1705254398125,"level":"info","message":"Starting rendering request 2","meta":{"rootId":"3awut5prtsrnqdb","id":"3awut5prtsrnqdb"},"id":"h4kxjsrlu53k514","previousOperationId":"86o1gximz47b35z"}
{"type":"log","timestamp":1705254398127,"level":"info","message":"Rendering template { name: orders-main, recipe: chrome-pdf, engine: handlebars, preview: true }","meta":{"rootId":"3awut5prtsrnqdb","id":"3awut5prtsrnqdb"},"id":"8e1adjfk96ei5id","previousOperationId":"86o1gximz47b35z"}
{"type":"log","timestamp":1705254398129,"level":"debug","message":"Data item not defined for this template.","meta":{"rootId":"3awut5prtsrnqdb","id":"3awut5prtsrnqdb"},"id":"40wid0lmrdor018","previousOperationId":"86o1gximz47b35z"}
{"type":"log","timestamp":1705254398134,"level":"debug","message":"Executing script orders-script (beforeRender)","meta":{"rootId":"3awut5prtsrnqdb","id":"3awut5prtsrnqdb"},"id":"rwudnaymoblroct","previousOperationId":"86o1gximz47b35z"}
{"type":"operationStart","subtype":"scriptsBeforeRender","name":"scripts beforeRender","timestamp":1705254398434,"id":"1rqx0wpfd20tyg5","previousEventId":"hnjpb8f8pyplxy8","operationId":"l38w6288nylu813","previousOperationId":"86o1gximz47b35z"}
{"type":"operationStart","subtype":"script","name":"scripts orders-script","previousOperationId":"l38w6288nylu813","timestamp":1705254398434,"id":"hqyufgfgyuc5jtl","previousEventId":"1rqx0wpfd20tyg5","operationId":"j784aktmzo1sdk8"}
{"type":"log","timestamp":1705254398464,"level":"debug","message":"(console:log) [\n  { numEvento: 3, name: 'Ingenio' },\n  { numEvento: 0, name: 'Las Palmas' }\n]","meta":{"userLevel":true,"rootId":"3awut5prtsrnqdb","id":"3awut5prtsrnqdb"},"id":"o99idkld02hhwwk","previousOperationId":"j784aktmzo1sdk8"}
{"type":"operationEnd","operationId":"j784aktmzo1sdk8","timestamp":1705254398465,"id":"qbhc0j6kijhk9hs","previousEventId":"hnjpb8f8pyplxy8","previousOperationId":"86o1gximz47b35z"}
{"type":"operationEnd","operationId":"l38w6288nylu813","timestamp":1705254398466,"id":"s2cyxp88imei69m","previousEventId":"qbhc0j6kijhk9hs","previousOperationId":"86o1gximz47b35z"}
{"type":"log","timestamp":1705254398466,"level":"debug","message":"Base url not specified, skipping its injection.","meta":{"rootId":"3awut5prtsrnqdb","id":"3awut5prtsrnqdb"},"id":"twuhokgf05okweh","previousOperationId":"l38w6288nylu813"}
{"type":"operationStart","subtype":"engine","name":"handlebars","timestamp":1705254398466,"id":"zmul5daghrmu9yo","previousEventId":"s2cyxp88imei69m","operationId":"yecoq1g7axlb324","previousOperationId":"l38w6288nylu813"}
{"type":"log","timestamp":1705254398466,"level":"debug","message":"Rendering engine handlebars","meta":{"rootId":"3awut5prtsrnqdb","id":"3awut5prtsrnqdb"},"id":"fbehzjtbd8yl5oc","previousOperationId":"yecoq1g7axlb324"}
{"type":"operationEnd","operationId":"yecoq1g7axlb324","timestamp":1705254398898,"id":"eu3yzn0ltwcj5k8","previousEventId":"zmul5daghrmu9yo","previousOperationId":"yecoq1g7axlb324"}
{"type":"operationStart","subtype":"recipe","name":"chrome-pdf","timestamp":1705254398899,"id":"u072x2ji8d6trvf","previousEventId":"eu3yzn0ltwcj5k8","operationId":"c8h4wz9cwf0vrp3","previousOperationId":"yecoq1g7axlb324"}
{"type":"log","timestamp":1705254398899,"level":"debug","message":"Executing recipe chrome-pdf","meta":{"rootId":"3awut5prtsrnqdb","id":"3awut5prtsrnqdb"},"id":"t3klhhebstsbl4j","previousOperationId":"c8h4wz9cwf0vrp3"}
{"type":"log","timestamp":1705254399636,"level":"debug","message":"Converting with chrome HeadlessChrome/117.0.5938.149 using chrome-pool strategy","meta":{"rootId":"3awut5prtsrnqdb","id":"3awut5prtsrnqdb"},"id":"3v9xcve6fl87juq","previousOperationId":"c8h4wz9cwf0vrp3"}
{"type":"log","timestamp":1705254399847,"level":"debug","message":"Page request: GET (document) file:///C:/Users/arida/AppData/Local/Temp/jsreport/autocleanup/ba4f3b05-0951-4279-9ba2-5de9dbf7852e-chrome-pdf.html","meta":{"rootId":"3awut5prtsrnqdb","id":"3awut5prtsrnqdb"},"id":"02lkfxf5n6br7q4","previousOperationId":"c8h4wz9cwf0vrp3"}
{"type":"log","timestamp":1705254399858,"level":"debug","message":"Page request: GET (stylesheet) https://cdnjs.cloudflare.com/ajax/libs/metro/4.1.5/css/metro.min.css","meta":{"rootId":"3awut5prtsrnqdb","id":"3awut5prtsrnqdb"},"id":"t30f1kgde3or1fs","previousOperationId":"c8h4wz9cwf0vrp3"}
{"type":"log","timestamp":1705254399858,"level":"debug","message":"Page request: GET (script) https://cdnjs.cloudflare.com/ajax/libs/Chart.js/2.7.2/Chart.min.js","meta":{"rootId":"3awut5prtsrnqdb","id":"3awut5prtsrnqdb"},"id":"9grc6dlle54hk8o","previousOperationId":"c8h4wz9cwf0vrp3"}
{"type":"log","timestamp":1705254399859,"level":"debug","message":"Page request finished: GET (document) 200 file:///C:/Users/arida/AppData/Local/Temp/jsreport/autocleanup/ba4f3b05-0951-4279-9ba2-5de9dbf7852e-chrome-pdf.html","meta":{"rootId":"3awut5prtsrnqdb","id":"3awut5prtsrnqdb"},"id":"95eiwqlg5c6axdw","previousOperationId":"c8h4wz9cwf0vrp3"}
{"type":"log","timestamp":1705254400102,"level":"debug","message":"Page request finished: GET (stylesheet) 200 https://cdnjs.cloudflare.com/ajax/libs/metro/4.1.5/css/metro.min.css","meta":{"rootId":"3awut5prtsrnqdb","id":"3awut5prtsrnqdb"},"id":"fv2sbh08d7at14p","previousOperationId":"c8h4wz9cwf0vrp3"}
{"type":"log","timestamp":1705254400132,"level":"debug","message":"Page request finished: GET (script) 200 https://cdnjs.cloudflare.com/ajax/libs/Chart.js/2.7.2/Chart.min.js","meta":{"rootId":"3awut5prtsrnqdb","id":"3awut5prtsrnqdb"},"id":"moj89ckil1jxp7a","previousOperationId":"c8h4wz9cwf0vrp3"}
{"type":"log","timestamp":1705254400146,"level":"debug","message":"Running chrome with params {\"printBackground\":true,\"marginTop\":\"4cm\",\"marginRight\":\"1.5cm\",\"marginBottom\":\"1.5cm\",\"marginLeft\":\"1.5cm\",\"waitForJS\":false,\"timeout\":58714,\"margin\":{\"top\":\"4cm\",\"right\":\"1.5cm\",\"bottom\":\"1.5cm\",\"left\":\"1.5cm\"}}","meta":{"rootId":"3awut5prtsrnqdb","id":"3awut5prtsrnqdb"},"id":"tq7mqxrlocz873l","previousOperationId":"c8h4wz9cwf0vrp3"}
{"type":"operationEnd","operationId":"c8h4wz9cwf0vrp3","timestamp":1705254400173,"id":"3mpnnpwll7zs3ba","previousEventId":"u072x2ji8d6trvf","previousOperationId":"c8h4wz9cwf0vrp3"}
{"type":"log","timestamp":1705254400174,"level":"info","message":"pdf-utils is starting pdf processing","meta":{"rootId":"3awut5prtsrnqdb","id":"3awut5prtsrnqdb"},"id":"afmqnbdj3jqix96","previousOperationId":"c8h4wz9cwf0vrp3"}
{"type":"operationStart","subtype":"pdfUtils","name":"pdf utils","timestamp":1705254400407,"id":"49j8z23a0sgt2dg","previousEventId":"3mpnnpwll7zs3ba","operationId":"5vftzjar4rvw2kt","previousOperationId":"c8h4wz9cwf0vrp3"}
{"type":"log","timestamp":1705254400408,"level":"debug","message":"pdf-utils detected 1 pdf operation(s) to process","meta":{"rootId":"3awut5prtsrnqdb","id":"3awut5prtsrnqdb"},"id":"m1ku907dr4wg9zw","previousOperationId":"5vftzjar4rvw2kt"}
{"type":"log","timestamp":1705254400585,"level":"debug","message":"pdf-utils running pdf operation merge","meta":{"rootId":"3awut5prtsrnqdb","id":"3awut5prtsrnqdb"},"id":"i465robeohnm3bq","previousOperationId":"5vftzjar4rvw2kt"}
{"type":"operationStart","subtype":"pdfUtilsMerge","name":"pdf utils merge","previousOperationId":"5vftzjar4rvw2kt","timestamp":1705254400585,"id":"dcs01974z6m23e2","previousEventId":"49j8z23a0sgt2dg","operationId":"gok4r2azinornbk"}
{"type":"operationStart","subtype":"render","name":"orders-header","previousOperationId":"gok4r2azinornbk","timestamp":1705254400590,"id":"2nki0jf4ttlyefw","previousEventId":"dcs01974z6m23e2","operationId":"xmc5a32j2w56vrt"}
{"type":"log","timestamp":1705254400590,"level":"info","message":"Starting rendering (child) request","meta":{"rootId":"3awut5prtsrnqdb","id":"kw73bufqk2atdbz"},"id":"l567ppy8ch5ylwd","previousOperationId":"xmc5a32j2w56vrt"}
{"type":"log","timestamp":1705254400590,"level":"info","message":"Rendering template { name: orders-header, recipe: chrome-pdf, engine: handlebars, preview: true }","meta":{"rootId":"3awut5prtsrnqdb","id":"kw73bufqk2atdbz"},"id":"whl6yo0rjj888rz","previousOperationId":"xmc5a32j2w56vrt"}
{"type":"log","timestamp":1705254400603,"level":"debug","message":"Inline data specified.","meta":{"rootId":"3awut5prtsrnqdb","id":"kw73bufqk2atdbz"},"id":"ibioxo4c5hqzwnq","previousOperationId":"xmc5a32j2w56vrt"}
{"type":"log","timestamp":1705254400605,"level":"debug","message":"Base url not specified, skipping its injection.","meta":{"rootId":"3awut5prtsrnqdb","id":"kw73bufqk2atdbz"},"id":"4dg92s56wgwll3x","previousOperationId":"xmc5a32j2w56vrt"}
{"type":"operationStart","subtype":"engine","name":"handlebars","timestamp":1705254400605,"id":"o5xfsd7s74bjzvw","previousEventId":"2nki0jf4ttlyefw","operationId":"q50erry1dh1pjwb","previousOperationId":"xmc5a32j2w56vrt"}
{"type":"log","timestamp":1705254400605,"level":"debug","message":"Rendering engine handlebars","meta":{"rootId":"3awut5prtsrnqdb","id":"kw73bufqk2atdbz"},"id":"50i0tbup5nfc92m","previousOperationId":"q50erry1dh1pjwb"}
{"type":"operationEnd","operationId":"q50erry1dh1pjwb","timestamp":1705254400637,"id":"naedchvphz0avhb","previousEventId":"o5xfsd7s74bjzvw","previousOperationId":"q50erry1dh1pjwb"}
{"type":"operationStart","subtype":"recipe","name":"chrome-pdf","timestamp":1705254400637,"id":"334v76emopl3dz6","previousEventId":"naedchvphz0avhb","operationId":"vd730pkry9ahx9m","previousOperationId":"q50erry1dh1pjwb"}
{"type":"log","timestamp":1705254400637,"level":"debug","message":"Executing recipe chrome-pdf","meta":{"rootId":"3awut5prtsrnqdb","id":"kw73bufqk2atdbz"},"id":"eacg9jz4iceqdxv","previousOperationId":"vd730pkry9ahx9m"}
{"type":"log","timestamp":1705254400642,"level":"debug","message":"Converting with chrome HeadlessChrome/117.0.5938.149 using chrome-pool strategy","meta":{"rootId":"3awut5prtsrnqdb","id":"kw73bufqk2atdbz"},"id":"f8yor6kxjax1e5h","previousOperationId":"vd730pkry9ahx9m"}
{"type":"log","timestamp":1705254400760,"level":"debug","message":"Page request: GET (document) file:///C:/Users/arida/AppData/Local/Temp/jsreport/autocleanup/79329e43-15ee-4800-8d90-50620a2d1f57-chrome-pdf.html","meta":{"rootId":"3awut5prtsrnqdb","id":"kw73bufqk2atdbz"},"id":"lzv2xgoryq37c1b","previousOperationId":"vd730pkry9ahx9m"}
{"type":"log","timestamp":1705254400771,"level":"debug","message":"Page request: GET (stylesheet) https://cdnjs.cloudflare.com/ajax/libs/metro/4.1.5/css/metro.min.css","meta":{"rootId":"3awut5prtsrnqdb","id":"kw73bufqk2atdbz"},"id":"xpqcj2lbxasjrw4","previousOperationId":"vd730pkry9ahx9m"}
{"type":"log","timestamp":1705254400772,"level":"debug","message":"Page request finished: GET (document) 200 file:///C:/Users/arida/AppData/Local/Temp/jsreport/autocleanup/79329e43-15ee-4800-8d90-50620a2d1f57-chrome-pdf.html","meta":{"rootId":"3awut5prtsrnqdb","id":"kw73bufqk2atdbz"},"id":"oy66axrhn587hg6","previousOperationId":"vd730pkry9ahx9m"}
{"type":"log","timestamp":1705254400790,"level":"debug","message":"Page request finished: GET (stylesheet) 200 https://cdnjs.cloudflare.com/ajax/libs/metro/4.1.5/css/metro.min.css","meta":{"rootId":"3awut5prtsrnqdb","id":"kw73bufqk2atdbz"},"id":"ihos5b911df436c","previousOperationId":"vd730pkry9ahx9m"}
{"type":"log","timestamp":1705254400807,"level":"debug","message":"Running chrome with params {\"printBackground\":true,\"marginTop\":\"1.5cm\",\"marginRight\":\"1.5cm\",\"marginLeft\":\"1.cm\",\"timeout\":57461,\"margin\":{\"top\":\"1.5cm\",\"right\":\"1.5cm\",\"left\":\"1.cm\"}}","meta":{"rootId":"3awut5prtsrnqdb","id":"kw73bufqk2atdbz"},"id":"0edurm4mth94y2w","previousOperationId":"vd730pkry9ahx9m"}
{"type":"operationEnd","operationId":"vd730pkry9ahx9m","timestamp":1705254400842,"id":"o99mpsbxxc2ur4n","previousEventId":"334v76emopl3dz6","previousOperationId":"vd730pkry9ahx9m"}
{"type":"log","timestamp":1705254400844,"level":"debug","message":"Skipping storing report.","meta":{"rootId":"3awut5prtsrnqdb","id":"kw73bufqk2atdbz"},"id":"zt1tzt07ozpu5sg","previousOperationId":"vd730pkry9ahx9m"}
{"type":"log","timestamp":1705254400844,"level":"info","message":"Rendering (child) request finished in 2742 ms","meta":{"rootId":"3awut5prtsrnqdb","id":"kw73bufqk2atdbz"},"id":"0t57ki0qk37pj3o","previousOperationId":"vd730pkry9ahx9m"}
{"type":"operationEnd","subtype":"render","operationId":"xmc5a32j2w56vrt","timestamp":1705254400844,"id":"8b8x2nx8x70h5ls","previousEventId":"o99mpsbxxc2ur4n","previousOperationId":"vd730pkry9ahx9m"}
{"type":"operationEnd","operationId":"gok4r2azinornbk","timestamp":1705254400864,"id":"xagdo7qgm9yqrp1","previousEventId":"dcs01974z6m23e2","previousOperationId":"gok4r2azinornbk"}
{"type":"log","timestamp":1705254400864,"level":"debug","message":"pdf-utils postproces start","meta":{"rootId":"3awut5prtsrnqdb","id":"3awut5prtsrnqdb"},"id":"5cn1vh5gxoy28xv","previousOperationId":"gok4r2azinornbk"}
{"type":"log","timestamp":1705254400871,"level":"debug","message":"pdf-utils postproces end","meta":{"rootId":"3awut5prtsrnqdb","id":"3awut5prtsrnqdb"},"id":"ujyqxbjhv3s7gk0","previousOperationId":"gok4r2azinornbk"}
{"type":"operationEnd","operationId":"5vftzjar4rvw2kt","timestamp":1705254400871,"id":"0ptdlc2ou6ibzbj","previousEventId":"xagdo7qgm9yqrp1","previousOperationId":"gok4r2azinornbk"}
{"type":"log","timestamp":1705254400871,"level":"info","message":"pdf-utils pdf processing was finished","meta":{"rootId":"3awut5prtsrnqdb","id":"3awut5prtsrnqdb"},"id":"u04om50wq0g0w7d","previousOperationId":"5vftzjar4rvw2kt"}
{"type":"log","timestamp":1705254400871,"level":"debug","message":"Skipping storing report.","meta":{"rootId":"3awut5prtsrnqdb","id":"3awut5prtsrnqdb"},"id":"7q0vvbj4pc0gclz","previousOperationId":"5vftzjar4rvw2kt"}
{"type":"log","timestamp":1705254400871,"level":"info","message":"Rendering request 2 finished in 2769 ms","meta":{"rootId":"3awut5prtsrnqdb","id":"3awut5prtsrnqdb"},"id":"ekjtfl61707a100","previousOperationId":"5vftzjar4rvw2kt"}
{"type":"operationEnd","subtype":"render","operationId":"86o1gximz47b35z","timestamp":1705254400871,"id":"8lmf4crkmwryb8z","previousEventId":"0ptdlc2ou6ibzbj","previousOperationId":"5vftzjar4rvw2kt"}
{"type":"operationEnd","doDiffs":false,"previousEventId":"nlxqrw30wq3nuc3","previousOperationId":"ly4pjywemnjjrgr","operationId":"ly4pjywemnjjrgr","timestamp":1705254400889,"id":"ne7sge3786cmtuq"}
