{"type":"operationStart","subtype":"profile","data":{"_id":"QPnSUkkGN0IPrc37","timestamp":"2024-01-14T19:41:22.284Z","state":"queued","mode":"standard","creationDate":"2024-01-14T19:41:22.287Z","modificationDate":"2024-01-14T19:41:22.287Z","shortid":"qiRFRTf","$entitySet":"profiles"},"doDiffs":false,"timestamp":1705261282285,"id":"3z72quy5kvo4j3g","previousOperationId":null,"operationId":"ny4ybbcuaaub7vy"}
{"type":"log","level":"info","message":"Render request 8 queued for execution and waiting for available worker","previousOperationId":"ny4ybbcuaaub7vy","timestamp":1705261282286,"id":"uo5l4zw01qhebbj"}
{"type":"operationStart","subtype":"render","name":"orders-main","previousOperationId":"ny4ybbcuaaub7vy","timestamp":1705261282302,"id":"maqbhslqqc5afng","previousEventId":"3z72quy5kvo4j3g","operationId":"oxwss8sk5mtmdqo"}
{"type":"log","timestamp":1705261282302,"level":"info","message":"Starting rendering request 8","meta":{"rootId":"3ly70pd0a1xhk80","id":"3ly70pd0a1xhk80"},"id":"ok8h0otzakab73r","previousOperationId":"oxwss8sk5mtmdqo"}
{"type":"log","timestamp":1705261282302,"level":"info","message":"Rendering template { name: orders-main, recipe: chrome-pdf, engine: handlebars, preview: true }","meta":{"rootId":"3ly70pd0a1xhk80","id":"3ly70pd0a1xhk80"},"id":"yf200and3f41jy7","previousOperationId":"oxwss8sk5mtmdqo"}
{"type":"log","timestamp":1705261282304,"level":"debug","message":"Data item not defined for this template.","meta":{"rootId":"3ly70pd0a1xhk80","id":"3ly70pd0a1xhk80"},"id":"pn31zt85nw48lnt","previousOperationId":"oxwss8sk5mtmdqo"}
{"type":"log","timestamp":1705261282309,"level":"debug","message":"Executing script orders-script (beforeRender)","meta":{"rootId":"3ly70pd0a1xhk80","id":"3ly70pd0a1xhk80"},"id":"kpcvvdg6pyt9tpk","previousOperationId":"oxwss8sk5mtmdqo"}
{"type":"operationStart","subtype":"scriptsBeforeRender","name":"scripts beforeRender","timestamp":1705261282321,"id":"8l9nmdlsldwjqjp","previousEventId":"maqbhslqqc5afng","operationId":"rgus3ey1ss93mdr","previousOperationId":"oxwss8sk5mtmdqo"}
{"type":"operationStart","subtype":"script","name":"scripts orders-script","previousOperationId":"rgus3ey1ss93mdr","timestamp":1705261282321,"id":"tgvst86yl6kv9t1","previousEventId":"8l9nmdlsldwjqjp","operationId":"4ogg6kan65qju42"}
{"type":"operationEnd","operationId":"4ogg6kan65qju42","timestamp":1705261282331,"id":"9fsdgfi7prkdd51","previousEventId":"maqbhslqqc5afng","previousOperationId":"oxwss8sk5mtmdqo"}
{"type":"operationEnd","operationId":"rgus3ey1ss93mdr","timestamp":1705261282331,"id":"1tx3yszva2w3h1f","previousEventId":"9fsdgfi7prkdd51","previousOperationId":"oxwss8sk5mtmdqo"}
{"type":"log","timestamp":1705261282331,"level":"debug","message":"Base url not specified, skipping its injection.","meta":{"rootId":"3ly70pd0a1xhk80","id":"3ly70pd0a1xhk80"},"id":"zn6gnnndmmo9dmf","previousOperationId":"rgus3ey1ss93mdr"}
{"type":"operationStart","subtype":"engine","name":"handlebars","timestamp":1705261282332,"id":"awkp4gqgw5phra2","previousEventId":"1tx3yszva2w3h1f","operationId":"lifuarm4bnf9lis","previousOperationId":"rgus3ey1ss93mdr"}
{"type":"log","timestamp":1705261282332,"level":"debug","message":"Rendering engine handlebars","meta":{"rootId":"3ly70pd0a1xhk80","id":"3ly70pd0a1xhk80"},"id":"1olsm01gi8navez","previousOperationId":"lifuarm4bnf9lis"}
{"type":"operationEnd","operationId":"lifuarm4bnf9lis","timestamp":1705261282356,"id":"wdkne5e8dpjzpv2","previousEventId":"awkp4gqgw5phra2","previousOperationId":"lifuarm4bnf9lis"}
{"type":"operationStart","subtype":"recipe","name":"chrome-pdf","timestamp":1705261282356,"id":"1xe22sp320fwtql","previousEventId":"wdkne5e8dpjzpv2","operationId":"5xbdxtm9009dylt","previousOperationId":"lifuarm4bnf9lis"}
{"type":"log","timestamp":1705261282356,"level":"debug","message":"Executing recipe chrome-pdf","meta":{"rootId":"3ly70pd0a1xhk80","id":"3ly70pd0a1xhk80"},"id":"5iglcpqqilvh04x","previousOperationId":"5xbdxtm9009dylt"}
{"type":"log","timestamp":1705261282360,"level":"debug","message":"Converting with chrome HeadlessChrome/117.0.5938.149 using chrome-pool strategy","meta":{"rootId":"3ly70pd0a1xhk80","id":"3ly70pd0a1xhk80"},"id":"apwhy2pab1uqu2r","previousOperationId":"5xbdxtm9009dylt"}
{"type":"log","timestamp":1705261282498,"level":"debug","message":"Page request: GET (document) file:///C:/Users/arida/AppData/Local/Temp/jsreport/autocleanup/e8519cac-11be-42e3-bc90-7a31fd80ea2a-chrome-pdf.html","meta":{"rootId":"3ly70pd0a1xhk80","id":"3ly70pd0a1xhk80"},"id":"w2j7znriwdug3c8","previousOperationId":"5xbdxtm9009dylt"}
{"type":"log","timestamp":1705261282538,"level":"debug","message":"Page request: GET (stylesheet) https://cdnjs.cloudflare.com/ajax/libs/metro/4.1.5/css/metro.min.css","meta":{"rootId":"3ly70pd0a1xhk80","id":"3ly70pd0a1xhk80"},"id":"xe4gtj904no1zol","previousOperationId":"5xbdxtm9009dylt"}
{"type":"log","timestamp":1705261282538,"level":"debug","message":"Page request: GET (script) https://cdnjs.cloudflare.com/ajax/libs/Chart.js/2.7.2/Chart.min.js","meta":{"rootId":"3ly70pd0a1xhk80","id":"3ly70pd0a1xhk80"},"id":"zi1dwr5t1wa543a","previousOperationId":"5xbdxtm9009dylt"}
{"type":"log","timestamp":1705261282539,"level":"debug","message":"Page request finished: GET (document) 200 file:///C:/Users/arida/AppData/Local/Temp/jsreport/autocleanup/e8519cac-11be-42e3-bc90-7a31fd80ea2a-chrome-pdf.html","meta":{"rootId":"3ly70pd0a1xhk80","id":"3ly70pd0a1xhk80"},"id":"atiosaqg237vyk5","previousOperationId":"5xbdxtm9009dylt"}
{"type":"log","timestamp":1705261282563,"level":"debug","message":"Page request finished: GET (stylesheet) 200 https://cdnjs.cloudflare.com/ajax/libs/metro/4.1.5/css/metro.min.css","meta":{"rootId":"3ly70pd0a1xhk80","id":"3ly70pd0a1xhk80"},"id":"j1h4m0ooiny153j","previousOperationId":"5xbdxtm9009dylt"}
{"type":"log","timestamp":1705261282563,"level":"debug","message":"Page request finished: GET (script) 200 https://cdnjs.cloudflare.com/ajax/libs/Chart.js/2.7.2/Chart.min.js","meta":{"rootId":"3ly70pd0a1xhk80","id":"3ly70pd0a1xhk80"},"id":"ud329l9ukjwny8s","previousOperationId":"5xbdxtm9009dylt"}
{"type":"log","timestamp":1705261282570,"level":"warn","message":"Page error: helpers is not defined , stack: ReferenceError: helpers is not defined\n    at <anonymous> (file:///C:/Users/arida/AppData/Local/Temp/jsreport/autocleanup/e8519cac-11be-42e3-bc90-7a31fd80ea2a-chrome-pdf.html:42:9)","meta":{"rootId":"3ly70pd0a1xhk80","id":"3ly70pd0a1xhk80"},"id":"hfjy8v8f0pt9pe4","previousOperationId":"5xbdxtm9009dylt"}
{"type":"log","timestamp":1705261282571,"level":"warn","message":"Page error: missing ) after argument list , stack: SyntaxError: missing ) after argument list","meta":{"rootId":"3ly70pd0a1xhk80","id":"3ly70pd0a1xhk80"},"id":"hs7f7mqnqg6ey28","previousOperationId":"5xbdxtm9009dylt"}
{"type":"log","timestamp":1705261282595,"level":"debug","message":"Running chrome with params {\"printBackground\":true,\"marginTop\":\"4cm\",\"marginRight\":\"1.5cm\",\"marginBottom\":\"1.5cm\",\"marginLeft\":\"1.5cm\",\"waitForJS\":false,\"timeout\":59925,\"margin\":{\"top\":\"4cm\",\"right\":\"1.5cm\",\"bottom\":\"1.5cm\",\"left\":\"1.5cm\"}}","meta":{"rootId":"3ly70pd0a1xhk80","id":"3ly70pd0a1xhk80"},"id":"htbqvzi4oo6rd2i","previousOperationId":"5xbdxtm9009dylt"}
{"type":"operationEnd","operationId":"5xbdxtm9009dylt","timestamp":1705261282636,"id":"7qkj7w4xb3q7ykz","previousEventId":"1xe22sp320fwtql","previousOperationId":"5xbdxtm9009dylt"}
{"type":"log","timestamp":1705261282636,"level":"info","message":"pdf-utils is starting pdf processing","meta":{"rootId":"3ly70pd0a1xhk80","id":"3ly70pd0a1xhk80"},"id":"fb3qgipdxghpgoe","previousOperationId":"5xbdxtm9009dylt"}
{"type":"operationStart","subtype":"pdfUtils","name":"pdf utils","timestamp":1705261282636,"id":"87vc821pm9icafl","previousEventId":"7qkj7w4xb3q7ykz","operationId":"d4p33jj0mtbmxty","previousOperationId":"5xbdxtm9009dylt"}
{"type":"log","timestamp":1705261282636,"level":"debug","message":"pdf-utils detected 1 pdf operation(s) to process","meta":{"rootId":"3ly70pd0a1xhk80","id":"3ly70pd0a1xhk80"},"id":"gmah2hc92n0vbt1","previousOperationId":"d4p33jj0mtbmxty"}
{"type":"log","timestamp":1705261282649,"level":"debug","message":"pdf-utils running pdf operation merge","meta":{"rootId":"3ly70pd0a1xhk80","id":"3ly70pd0a1xhk80"},"id":"lyfn1ibsqgfpjpp","previousOperationId":"d4p33jj0mtbmxty"}
{"type":"operationStart","subtype":"pdfUtilsMerge","name":"pdf utils merge","previousOperationId":"d4p33jj0mtbmxty","timestamp":1705261282649,"id":"7stahay28c3hi67","previousEventId":"87vc821pm9icafl","operationId":"bu7f0emyi95cqyi"}
{"type":"operationStart","subtype":"render","name":"orders-header","previousOperationId":"bu7f0emyi95cqyi","timestamp":1705261282650,"id":"5jtrcvka1z4dmba","previousEventId":"7stahay28c3hi67","operationId":"fjyag05blx9zega"}
{"type":"log","timestamp":1705261282650,"level":"info","message":"Starting rendering (child) request","meta":{"rootId":"3ly70pd0a1xhk80","id":"t8nf8a9hq5hrizl"},"id":"0yous56kq4mn9sn","previousOperationId":"fjyag05blx9zega"}
{"type":"log","timestamp":1705261282650,"level":"info","message":"Rendering template { name: orders-header, recipe: chrome-pdf, engine: handlebars, preview: true }","meta":{"rootId":"3ly70pd0a1xhk80","id":"t8nf8a9hq5hrizl"},"id":"uf737sywvgb4wb0","previousOperationId":"fjyag05blx9zega"}
{"type":"log","timestamp":1705261282651,"level":"debug","message":"Inline data specified.","meta":{"rootId":"3ly70pd0a1xhk80","id":"t8nf8a9hq5hrizl"},"id":"nr2o4ymsswtocbv","previousOperationId":"fjyag05blx9zega"}
{"type":"log","timestamp":1705261282654,"level":"debug","message":"Base url not specified, skipping its injection.","meta":{"rootId":"3ly70pd0a1xhk80","id":"t8nf8a9hq5hrizl"},"id":"6hiqivjqbkh14qy","previousOperationId":"fjyag05blx9zega"}
{"type":"operationStart","subtype":"engine","name":"handlebars","timestamp":1705261282655,"id":"jxtahrwc9kpjgo4","previousEventId":"5jtrcvka1z4dmba","operationId":"cbrv4vb85r3imsc","previousOperationId":"fjyag05blx9zega"}
{"type":"log","timestamp":1705261282655,"level":"debug","message":"Rendering engine handlebars","meta":{"rootId":"3ly70pd0a1xhk80","id":"t8nf8a9hq5hrizl"},"id":"lwaxs0ckc8j7se3","previousOperationId":"cbrv4vb85r3imsc"}
{"type":"operationEnd","operationId":"cbrv4vb85r3imsc","timestamp":1705261282677,"id":"rnxvwegwzp0fwyp","previousEventId":"jxtahrwc9kpjgo4","previousOperationId":"cbrv4vb85r3imsc"}
{"type":"operationStart","subtype":"recipe","name":"chrome-pdf","timestamp":1705261282678,"id":"cy28885uqhjmsrx","previousEventId":"rnxvwegwzp0fwyp","operationId":"fblommbjkfd4x13","previousOperationId":"cbrv4vb85r3imsc"}
{"type":"log","timestamp":1705261282678,"level":"debug","message":"Executing recipe chrome-pdf","meta":{"rootId":"3ly70pd0a1xhk80","id":"t8nf8a9hq5hrizl"},"id":"7ejida9dtxcmlkm","previousOperationId":"fblommbjkfd4x13"}
{"type":"log","timestamp":1705261282680,"level":"debug","message":"Converting with chrome HeadlessChrome/117.0.5938.149 using chrome-pool strategy","meta":{"rootId":"3ly70pd0a1xhk80","id":"t8nf8a9hq5hrizl"},"id":"fetstyyuglduicf","previousOperationId":"fblommbjkfd4x13"}
{"type":"log","timestamp":1705261282802,"level":"debug","message":"Page request: GET (document) file:///C:/Users/arida/AppData/Local/Temp/jsreport/autocleanup/9d5699b6-4297-4d27-8c80-c19c1fe9344d-chrome-pdf.html","meta":{"rootId":"3ly70pd0a1xhk80","id":"t8nf8a9hq5hrizl"},"id":"hmluy04em44nz2b","previousOperationId":"fblommbjkfd4x13"}
{"type":"log","timestamp":1705261282813,"level":"debug","message":"Page request: GET (stylesheet) https://cdnjs.cloudflare.com/ajax/libs/metro/4.1.5/css/metro.min.css","meta":{"rootId":"3ly70pd0a1xhk80","id":"t8nf8a9hq5hrizl"},"id":"yldrfyf4bmz2fi3","previousOperationId":"fblommbjkfd4x13"}
{"type":"log","timestamp":1705261282814,"level":"debug","message":"Page request finished: GET (document) 200 file:///C:/Users/arida/AppData/Local/Temp/jsreport/autocleanup/9d5699b6-4297-4d27-8c80-c19c1fe9344d-chrome-pdf.html","meta":{"rootId":"3ly70pd0a1xhk80","id":"t8nf8a9hq5hrizl"},"id":"dugv444luy4ziwv","previousOperationId":"fblommbjkfd4x13"}
{"type":"log","timestamp":1705261282835,"level":"debug","message":"Page request finished: GET (stylesheet) 200 https://cdnjs.cloudflare.com/ajax/libs/metro/4.1.5/css/metro.min.css","meta":{"rootId":"3ly70pd0a1xhk80","id":"t8nf8a9hq5hrizl"},"id":"aj2y8nrtnxa68fr","previousOperationId":"fblommbjkfd4x13"}
{"type":"log","timestamp":1705261282859,"level":"debug","message":"Running chrome with params {\"printBackground\":true,\"marginTop\":\"1.5cm\",\"marginRight\":\"1.5cm\",\"marginLeft\":\"1.cm\",\"timeout\":59604,\"margin\":{\"top\":\"1.5cm\",\"right\":\"1.5cm\",\"left\":\"1.cm\"}}","meta":{"rootId":"3ly70pd0a1xhk80","id":"t8nf8a9hq5hrizl"},"id":"4g03j8uezjauf6m","previousOperationId":"fblommbjkfd4x13"}
{"type":"operationEnd","operationId":"fblommbjkfd4x13","timestamp":1705261282902,"id":"pr5ntkqnk1w7d5e","previousEventId":"cy28885uqhjmsrx","previousOperationId":"fblommbjkfd4x13"}
{"type":"log","timestamp":1705261282902,"level":"debug","message":"Skipping storing report.","meta":{"rootId":"3ly70pd0a1xhk80","id":"t8nf8a9hq5hrizl"},"id":"kt2tvjg3xylf6fl","previousOperationId":"fblommbjkfd4x13"}
{"type":"log","timestamp":1705261282902,"level":"info","message":"Rendering (child) request finished in 618 ms","meta":{"rootId":"3ly70pd0a1xhk80","id":"t8nf8a9hq5hrizl"},"id":"0zn2rsbvzi0a9ot","previousOperationId":"fblommbjkfd4x13"}
{"type":"operationEnd","subtype":"render","operationId":"fjyag05blx9zega","timestamp":1705261282902,"id":"7y829r173edwedy","previousEventId":"pr5ntkqnk1w7d5e","previousOperationId":"fblommbjkfd4x13"}
{"type":"operationEnd","operationId":"bu7f0emyi95cqyi","timestamp":1705261282914,"id":"vnl4zyaujtxlgzh","previousEventId":"7stahay28c3hi67","previousOperationId":"bu7f0emyi95cqyi"}
{"type":"log","timestamp":1705261282914,"level":"debug","message":"pdf-utils postproces start","meta":{"rootId":"3ly70pd0a1xhk80","id":"3ly70pd0a1xhk80"},"id":"0ixz4mau5a0p4qd","previousOperationId":"bu7f0emyi95cqyi"}
{"type":"log","timestamp":1705261282927,"level":"debug","message":"pdf-utils postproces end","meta":{"rootId":"3ly70pd0a1xhk80","id":"3ly70pd0a1xhk80"},"id":"9fvrsku3bti5trd","previousOperationId":"bu7f0emyi95cqyi"}
{"type":"operationEnd","operationId":"d4p33jj0mtbmxty","timestamp":1705261282927,"id":"9jjmuszhb5kl8fn","previousEventId":"vnl4zyaujtxlgzh","previousOperationId":"bu7f0emyi95cqyi"}
{"type":"log","timestamp":1705261282927,"level":"info","message":"pdf-utils pdf processing was finished","meta":{"rootId":"3ly70pd0a1xhk80","id":"3ly70pd0a1xhk80"},"id":"zosfibo10wfldov","previousOperationId":"d4p33jj0mtbmxty"}
{"type":"log","timestamp":1705261282927,"level":"debug","message":"Skipping storing report.","meta":{"rootId":"3ly70pd0a1xhk80","id":"3ly70pd0a1xhk80"},"id":"qjoxlw935owsb7r","previousOperationId":"d4p33jj0mtbmxty"}
{"type":"log","timestamp":1705261282927,"level":"info","message":"Rendering request 8 finished in 643 ms","meta":{"rootId":"3ly70pd0a1xhk80","id":"3ly70pd0a1xhk80"},"id":"txnjuwqofpa2q6k","previousOperationId":"d4p33jj0mtbmxty"}
{"type":"operationEnd","subtype":"render","operationId":"oxwss8sk5mtmdqo","timestamp":1705261282927,"id":"srk9pxtakubgpuk","previousEventId":"9jjmuszhb5kl8fn","previousOperationId":"d4p33jj0mtbmxty"}
{"type":"operationEnd","doDiffs":false,"previousEventId":"3z72quy5kvo4j3g","previousOperationId":"ny4ybbcuaaub7vy","operationId":"ny4ybbcuaaub7vy","timestamp":1705261282938,"id":"rwuhglvg6xuon7x"}
