{"type":"operationStart","subtype":"profile","data":{"_id":"vtMXKnA7HNKRcNEY","timestamp":"2024-01-14T19:51:09.442Z","state":"queued","mode":"standard","creationDate":"2024-01-14T19:51:09.445Z","modificationDate":"2024-01-14T19:51:09.445Z","shortid":"1OKSYC0","$entitySet":"profiles"},"doDiffs":false,"timestamp":1705261869443,"id":"ouifi1sx6kl32xj","previousOperationId":null,"operationId":"0955wj2aqrp3uw3"}
{"type":"log","level":"info","message":"Render request 8 queued for execution and waiting for available worker","previousOperationId":"0955wj2aqrp3uw3","timestamp":1705261869443,"id":"hsh28pmx9jemf2w"}
{"type":"operationStart","subtype":"render","name":"orders-main","previousOperationId":"0955wj2aqrp3uw3","timestamp":1705261869461,"id":"i2s7k3r1ampk9np","previousEventId":"ouifi1sx6kl32xj","operationId":"uzgbwmh3696nnkp"}
{"type":"log","timestamp":1705261869461,"level":"info","message":"Starting rendering request 8","meta":{"rootId":"3zoa8gc80u5q08u","id":"3zoa8gc80u5q08u"},"id":"4ami7yv8kjk2jl7","previousOperationId":"uzgbwmh3696nnkp"}
{"type":"log","timestamp":1705261869461,"level":"info","message":"Rendering template { name: orders-main, recipe: chrome-pdf, engine: handlebars, preview: true }","meta":{"rootId":"3zoa8gc80u5q08u","id":"3zoa8gc80u5q08u"},"id":"bhgrzdfz37udrox","previousOperationId":"uzgbwmh3696nnkp"}
{"type":"log","timestamp":1705261869463,"level":"debug","message":"Data item not defined for this template.","meta":{"rootId":"3zoa8gc80u5q08u","id":"3zoa8gc80u5q08u"},"id":"zhj38e7vcvswdt9","previousOperationId":"uzgbwmh3696nnkp"}
{"type":"log","timestamp":1705261869468,"level":"debug","message":"Executing script orders-script (beforeRender)","meta":{"rootId":"3zoa8gc80u5q08u","id":"3zoa8gc80u5q08u"},"id":"wqyz0zb9xd1ywuf","previousOperationId":"uzgbwmh3696nnkp"}
{"type":"operationStart","subtype":"scriptsBeforeRender","name":"scripts beforeRender","timestamp":1705261869477,"id":"k47jp6d4a6y4g10","previousEventId":"i2s7k3r1ampk9np","operationId":"vfmp4r95a1e94av","previousOperationId":"uzgbwmh3696nnkp"}
{"type":"operationStart","subtype":"script","name":"scripts orders-script","previousOperationId":"vfmp4r95a1e94av","timestamp":1705261869477,"id":"w7qp5vdhs4jhn7f","previousEventId":"k47jp6d4a6y4g10","operationId":"hy1irx3v1v4yid8"}
{"type":"operationEnd","operationId":"hy1irx3v1v4yid8","timestamp":1705261869492,"id":"jkarqf1sctnuu7u","previousEventId":"i2s7k3r1ampk9np","previousOperationId":"uzgbwmh3696nnkp"}
{"type":"operationEnd","operationId":"vfmp4r95a1e94av","timestamp":1705261869492,"id":"nwazbjvjmnvmf8o","previousEventId":"jkarqf1sctnuu7u","previousOperationId":"uzgbwmh3696nnkp"}
{"type":"log","timestamp":1705261869492,"level":"debug","message":"Base url not specified, skipping its injection.","meta":{"rootId":"3zoa8gc80u5q08u","id":"3zoa8gc80u5q08u"},"id":"131h2c37bhl6wrv","previousOperationId":"vfmp4r95a1e94av"}
{"type":"operationStart","subtype":"engine","name":"handlebars","timestamp":1705261869492,"id":"od5hvg2py3x8yjm","previousEventId":"nwazbjvjmnvmf8o","operationId":"y5xg9cklbmgtb4w","previousOperationId":"vfmp4r95a1e94av"}
{"type":"log","timestamp":1705261869492,"level":"debug","message":"Rendering engine handlebars","meta":{"rootId":"3zoa8gc80u5q08u","id":"3zoa8gc80u5q08u"},"id":"naklccgc3pkgc28","previousOperationId":"y5xg9cklbmgtb4w"}
{"type":"operationEnd","operationId":"y5xg9cklbmgtb4w","timestamp":1705261869513,"id":"g1x0qxv4nuuxnmv","previousEventId":"od5hvg2py3x8yjm","previousOperationId":"y5xg9cklbmgtb4w"}
{"type":"operationStart","subtype":"recipe","name":"chrome-pdf","timestamp":1705261869513,"id":"msm4naqranjslff","previousEventId":"g1x0qxv4nuuxnmv","operationId":"lf6cj5ubfy13a4w","previousOperationId":"y5xg9cklbmgtb4w"}
{"type":"log","timestamp":1705261869513,"level":"debug","message":"Executing recipe chrome-pdf","meta":{"rootId":"3zoa8gc80u5q08u","id":"3zoa8gc80u5q08u"},"id":"p9sp2nc0eh16e9w","previousOperationId":"lf6cj5ubfy13a4w"}
{"type":"log","timestamp":1705261869517,"level":"debug","message":"Converting with chrome HeadlessChrome/117.0.5938.149 using chrome-pool strategy","meta":{"rootId":"3zoa8gc80u5q08u","id":"3zoa8gc80u5q08u"},"id":"u2p4fp7xz98n2m3","previousOperationId":"lf6cj5ubfy13a4w"}
{"type":"log","timestamp":1705261869652,"level":"debug","message":"Page request: GET (document) file:///C:/Users/arida/AppData/Local/Temp/jsreport/autocleanup/85e8b7d1-238d-4d79-a495-bcd88496cb30-chrome-pdf.html","meta":{"rootId":"3zoa8gc80u5q08u","id":"3zoa8gc80u5q08u"},"id":"j4vho7hio2ipik1","previousOperationId":"lf6cj5ubfy13a4w"}
{"type":"log","timestamp":1705261869680,"level":"debug","message":"Page request finished: GET (document) 200 file:///C:/Users/arida/AppData/Local/Temp/jsreport/autocleanup/85e8b7d1-238d-4d79-a495-bcd88496cb30-chrome-pdf.html","meta":{"rootId":"3zoa8gc80u5q08u","id":"3zoa8gc80u5q08u"},"id":"2f3u9063z9e0c7y","previousOperationId":"lf6cj5ubfy13a4w"}
{"type":"log","timestamp":1705261869680,"level":"warn","message":"Page error: Invalid or unexpected token , stack: SyntaxError: Invalid or unexpected token","meta":{"rootId":"3zoa8gc80u5q08u","id":"3zoa8gc80u5q08u"},"id":"8qa2j7gxujmkqlz","previousOperationId":"lf6cj5ubfy13a4w"}
{"type":"log","timestamp":1705261869695,"level":"debug","message":"Running chrome with params {\"printBackground\":true,\"marginTop\":\"4cm\",\"marginRight\":\"1.5cm\",\"marginBottom\":\"1.5cm\",\"marginLeft\":\"1.5cm\",\"waitForJS\":false,\"timeout\":59925,\"margin\":{\"top\":\"4cm\",\"right\":\"1.5cm\",\"bottom\":\"1.5cm\",\"left\":\"1.5cm\"}}","meta":{"rootId":"3zoa8gc80u5q08u","id":"3zoa8gc80u5q08u"},"id":"7lo5ocr5lti0kpb","previousOperationId":"lf6cj5ubfy13a4w"}
{"type":"operationEnd","operationId":"lf6cj5ubfy13a4w","timestamp":1705261869739,"id":"abk204jkj9rh88x","previousEventId":"msm4naqranjslff","previousOperationId":"lf6cj5ubfy13a4w"}
{"type":"log","timestamp":1705261869739,"level":"info","message":"pdf-utils is starting pdf processing","meta":{"rootId":"3zoa8gc80u5q08u","id":"3zoa8gc80u5q08u"},"id":"k8dqr8d5spb2e0q","previousOperationId":"lf6cj5ubfy13a4w"}
{"type":"operationStart","subtype":"pdfUtils","name":"pdf utils","timestamp":1705261869739,"id":"iarptyxrl9fupox","previousEventId":"abk204jkj9rh88x","operationId":"liidvvab9mj817z","previousOperationId":"lf6cj5ubfy13a4w"}
{"type":"log","timestamp":1705261869739,"level":"debug","message":"pdf-utils detected 1 pdf operation(s) to process","meta":{"rootId":"3zoa8gc80u5q08u","id":"3zoa8gc80u5q08u"},"id":"7vczycqvp9g113e","previousOperationId":"liidvvab9mj817z"}
{"type":"log","timestamp":1705261869752,"level":"debug","message":"pdf-utils running pdf operation merge","meta":{"rootId":"3zoa8gc80u5q08u","id":"3zoa8gc80u5q08u"},"id":"mc52mppc7xgqc74","previousOperationId":"liidvvab9mj817z"}
{"type":"operationStart","subtype":"pdfUtilsMerge","name":"pdf utils merge","previousOperationId":"liidvvab9mj817z","timestamp":1705261869752,"id":"5m40hi7s360tu8b","previousEventId":"iarptyxrl9fupox","operationId":"v9amb7fpb0r456s"}
{"type":"operationStart","subtype":"render","name":"orders-header","previousOperationId":"v9amb7fpb0r456s","timestamp":1705261869753,"id":"2uyrbi4cihqlsvr","previousEventId":"5m40hi7s360tu8b","operationId":"ukj4me5ltu7u2zd"}
{"type":"log","timestamp":1705261869753,"level":"info","message":"Starting rendering (child) request","meta":{"rootId":"3zoa8gc80u5q08u","id":"6dpcefclye54590"},"id":"qb9cltp9hxvfw6x","previousOperationId":"ukj4me5ltu7u2zd"}
{"type":"log","timestamp":1705261869753,"level":"info","message":"Rendering template { name: orders-header, recipe: chrome-pdf, engine: handlebars, preview: true }","meta":{"rootId":"3zoa8gc80u5q08u","id":"6dpcefclye54590"},"id":"9q1xomcpwksq829","previousOperationId":"ukj4me5ltu7u2zd"}
{"type":"log","timestamp":1705261869764,"level":"debug","message":"Inline data specified.","meta":{"rootId":"3zoa8gc80u5q08u","id":"6dpcefclye54590"},"id":"dg2zuvdy1f14gie","previousOperationId":"ukj4me5ltu7u2zd"}
{"type":"log","timestamp":1705261869768,"level":"debug","message":"Base url not specified, skipping its injection.","meta":{"rootId":"3zoa8gc80u5q08u","id":"6dpcefclye54590"},"id":"2mkjwvxhyzxn7pj","previousOperationId":"ukj4me5ltu7u2zd"}
{"type":"operationStart","subtype":"engine","name":"handlebars","timestamp":1705261869768,"id":"6rrrcusv5a8ce8b","previousEventId":"2uyrbi4cihqlsvr","operationId":"3zmyt0mkapp2ddy","previousOperationId":"ukj4me5ltu7u2zd"}
{"type":"log","timestamp":1705261869768,"level":"debug","message":"Rendering engine handlebars","meta":{"rootId":"3zoa8gc80u5q08u","id":"6dpcefclye54590"},"id":"gaefuqhbk6c9ad6","previousOperationId":"3zmyt0mkapp2ddy"}
{"type":"operationEnd","operationId":"3zmyt0mkapp2ddy","timestamp":1705261869785,"id":"kiw92yyiuhu59o4","previousEventId":"6rrrcusv5a8ce8b","previousOperationId":"3zmyt0mkapp2ddy"}
{"type":"operationStart","subtype":"recipe","name":"chrome-pdf","timestamp":1705261869786,"id":"ojgmd9ipbjpdbku","previousEventId":"kiw92yyiuhu59o4","operationId":"571n2hxyweg4z8y","previousOperationId":"3zmyt0mkapp2ddy"}
{"type":"log","timestamp":1705261869786,"level":"debug","message":"Executing recipe chrome-pdf","meta":{"rootId":"3zoa8gc80u5q08u","id":"6dpcefclye54590"},"id":"a3qq4bzfiwuuvnp","previousOperationId":"571n2hxyweg4z8y"}
{"type":"log","timestamp":1705261869788,"level":"debug","message":"Converting with chrome HeadlessChrome/117.0.5938.149 using chrome-pool strategy","meta":{"rootId":"3zoa8gc80u5q08u","id":"6dpcefclye54590"},"id":"0b9qu96y3ta9166","previousOperationId":"571n2hxyweg4z8y"}
{"type":"log","timestamp":1705261869921,"level":"debug","message":"Page request: GET (document) file:///C:/Users/arida/AppData/Local/Temp/jsreport/autocleanup/0bf1ad5e-6866-46f0-ba79-ee8b16696459-chrome-pdf.html","meta":{"rootId":"3zoa8gc80u5q08u","id":"6dpcefclye54590"},"id":"we0kklfcsbt78vm","previousOperationId":"571n2hxyweg4z8y"}
{"type":"log","timestamp":1705261869933,"level":"debug","message":"Page request: GET (stylesheet) https://cdnjs.cloudflare.com/ajax/libs/metro/4.1.5/css/metro.min.css","meta":{"rootId":"3zoa8gc80u5q08u","id":"6dpcefclye54590"},"id":"vk0glidxubq2955","previousOperationId":"571n2hxyweg4z8y"}
{"type":"log","timestamp":1705261869934,"level":"debug","message":"Page request finished: GET (document) 200 file:///C:/Users/arida/AppData/Local/Temp/jsreport/autocleanup/0bf1ad5e-6866-46f0-ba79-ee8b16696459-chrome-pdf.html","meta":{"rootId":"3zoa8gc80u5q08u","id":"6dpcefclye54590"},"id":"foucg5wx9dzj5zd","previousOperationId":"571n2hxyweg4z8y"}
{"type":"log","timestamp":1705261869955,"level":"debug","message":"Page request finished: GET (stylesheet) 200 https://cdnjs.cloudflare.com/ajax/libs/metro/4.1.5/css/metro.min.css","meta":{"rootId":"3zoa8gc80u5q08u","id":"6dpcefclye54590"},"id":"z8b134bc9hijp3t","previousOperationId":"571n2hxyweg4z8y"}
{"type":"log","timestamp":1705261869978,"level":"debug","message":"Running chrome with params {\"printBackground\":true,\"marginTop\":\"1.5cm\",\"marginRight\":\"1.5cm\",\"marginLeft\":\"1.cm\",\"timeout\":59654,\"margin\":{\"top\":\"1.5cm\",\"right\":\"1.5cm\",\"left\":\"1.cm\"}}","meta":{"rootId":"3zoa8gc80u5q08u","id":"6dpcefclye54590"},"id":"5mgw5rgkwnmtbqy","previousOperationId":"571n2hxyweg4z8y"}
{"type":"operationEnd","operationId":"571n2hxyweg4z8y","timestamp":1705261870021,"id":"4i5seg0rp23qq7b","previousEventId":"ojgmd9ipbjpdbku","previousOperationId":"571n2hxyweg4z8y"}
{"type":"log","timestamp":1705261870021,"level":"debug","message":"Skipping storing report.","meta":{"rootId":"3zoa8gc80u5q08u","id":"6dpcefclye54590"},"id":"a3e4jp9pf0z18fq","previousOperationId":"571n2hxyweg4z8y"}
{"type":"log","timestamp":1705261870021,"level":"info","message":"Rendering (child) request finished in 580 ms","meta":{"rootId":"3zoa8gc80u5q08u","id":"6dpcefclye54590"},"id":"qp32gvc1eikrzht","previousOperationId":"571n2hxyweg4z8y"}
{"type":"operationEnd","subtype":"render","operationId":"ukj4me5ltu7u2zd","timestamp":1705261870021,"id":"rsrbfk1w3631ouc","previousEventId":"4i5seg0rp23qq7b","previousOperationId":"571n2hxyweg4z8y"}
{"type":"operationEnd","operationId":"v9amb7fpb0r456s","timestamp":1705261870028,"id":"s4hnhi4v0xqg763","previousEventId":"5m40hi7s360tu8b","previousOperationId":"v9amb7fpb0r456s"}
{"type":"log","timestamp":1705261870028,"level":"debug","message":"pdf-utils postproces start","meta":{"rootId":"3zoa8gc80u5q08u","id":"3zoa8gc80u5q08u"},"id":"v4wtd4bzdwbu15g","previousOperationId":"v9amb7fpb0r456s"}
{"type":"log","timestamp":1705261870040,"level":"debug","message":"pdf-utils postproces end","meta":{"rootId":"3zoa8gc80u5q08u","id":"3zoa8gc80u5q08u"},"id":"v5174vuo8cpsnc5","previousOperationId":"v9amb7fpb0r456s"}
{"type":"operationEnd","operationId":"liidvvab9mj817z","timestamp":1705261870040,"id":"0dx9j8mmmugfcdh","previousEventId":"s4hnhi4v0xqg763","previousOperationId":"v9amb7fpb0r456s"}
{"type":"log","timestamp":1705261870040,"level":"info","message":"pdf-utils pdf processing was finished","meta":{"rootId":"3zoa8gc80u5q08u","id":"3zoa8gc80u5q08u"},"id":"76114y3o8c6kre2","previousOperationId":"liidvvab9mj817z"}
{"type":"log","timestamp":1705261870040,"level":"debug","message":"Skipping storing report.","meta":{"rootId":"3zoa8gc80u5q08u","id":"3zoa8gc80u5q08u"},"id":"4jg1k35j8hpuhfe","previousOperationId":"liidvvab9mj817z"}
{"type":"log","timestamp":1705261870040,"level":"info","message":"Rendering request 8 finished in 599 ms","meta":{"rootId":"3zoa8gc80u5q08u","id":"3zoa8gc80u5q08u"},"id":"lotph65z9p6u3og","previousOperationId":"liidvvab9mj817z"}
{"type":"operationEnd","subtype":"render","operationId":"uzgbwmh3696nnkp","timestamp":1705261870040,"id":"lhw184c37b6zsts","previousEventId":"0dx9j8mmmugfcdh","previousOperationId":"liidvvab9mj817z"}
{"type":"operationEnd","doDiffs":false,"previousEventId":"ouifi1sx6kl32xj","previousOperationId":"0955wj2aqrp3uw3","operationId":"0955wj2aqrp3uw3","timestamp":1705261870055,"id":"7zlkds1of6608v5"}
