{"type":"operationStart","subtype":"profile","data":{"_id":"7XenGK1upPuabovf","timestamp":"2024-01-14T17:49:27.106Z","state":"queued","mode":"standard","creationDate":"2024-01-14T17:49:27.110Z","modificationDate":"2024-01-14T17:49:27.110Z","shortid":"WtEDyh8","$entitySet":"profiles"},"doDiffs":false,"timestamp":1705254567108,"id":"p36ryb85ddk58uk","previousOperationId":null,"operationId":"fpjs6ahugq9r59a"}
{"type":"log","level":"info","message":"Render request 1 queued for execution and waiting for available worker","previousOperationId":"fpjs6ahugq9r59a","timestamp":1705254567109,"id":"8371sb035ak6jc8"}
{"type":"operationStart","subtype":"render","name":"orders-main","previousOperationId":"fpjs6ahugq9r59a","timestamp":1705254567143,"id":"ll5ltxxhik9i3m9","previousEventId":"p36ryb85ddk58uk","operationId":"tnwhao34wtho6hm"}
{"type":"log","timestamp":1705254567144,"level":"info","message":"Starting rendering request 1","meta":{"rootId":"47o1rx1txqyv07e","id":"47o1rx1txqyv07e"},"id":"xlk8mkwc17a81nc","previousOperationId":"tnwhao34wtho6hm"}
{"type":"log","timestamp":1705254567145,"level":"info","message":"Rendering template { name: orders-main, recipe: chrome-pdf, engine: handlebars, preview: true }","meta":{"rootId":"47o1rx1txqyv07e","id":"47o1rx1txqyv07e"},"id":"zb3ahj8arp8mooe","previousOperationId":"tnwhao34wtho6hm"}
{"type":"log","timestamp":1705254567148,"level":"debug","message":"Data item not defined for this template.","meta":{"rootId":"47o1rx1txqyv07e","id":"47o1rx1txqyv07e"},"id":"odp3jqguam8xl99","previousOperationId":"tnwhao34wtho6hm"}
{"type":"log","timestamp":1705254567154,"level":"debug","message":"Executing script orders-script (beforeRender)","meta":{"rootId":"47o1rx1txqyv07e","id":"47o1rx1txqyv07e"},"id":"z3vvxhrxbi0ap8p","previousOperationId":"tnwhao34wtho6hm"}
{"type":"operationStart","subtype":"scriptsBeforeRender","name":"scripts beforeRender","timestamp":1705254567523,"id":"bro3y65nkr36ghi","previousEventId":"ll5ltxxhik9i3m9","operationId":"k47ynf4bkodg9np","previousOperationId":"tnwhao34wtho6hm"}
{"type":"operationStart","subtype":"script","name":"scripts orders-script","previousOperationId":"k47ynf4bkodg9np","timestamp":1705254567523,"id":"kx2c77yoohyzexz","previousEventId":"bro3y65nkr36ghi","operationId":"a0uq3htnpyo4x9p"}
{"type":"operationEnd","operationId":"a0uq3htnpyo4x9p","timestamp":1705254567566,"id":"v3e9yuo9vdvxcv8","previousEventId":"ll5ltxxhik9i3m9","previousOperationId":"tnwhao34wtho6hm"}
{"type":"operationEnd","operationId":"k47ynf4bkodg9np","timestamp":1705254567566,"id":"1xul3i37ednwuel","previousEventId":"v3e9yuo9vdvxcv8","previousOperationId":"tnwhao34wtho6hm"}
{"type":"log","timestamp":1705254567566,"level":"debug","message":"Base url not specified, skipping its injection.","meta":{"rootId":"47o1rx1txqyv07e","id":"47o1rx1txqyv07e"},"id":"kd6p25ojj9t3p5t","previousOperationId":"k47ynf4bkodg9np"}
{"type":"operationStart","subtype":"engine","name":"handlebars","timestamp":1705254567567,"id":"2qrx3opqdr0z53r","previousEventId":"1xul3i37ednwuel","operationId":"adhz8kcu4ukh9q4","previousOperationId":"k47ynf4bkodg9np"}
{"type":"log","timestamp":1705254567567,"level":"debug","message":"Rendering engine handlebars","meta":{"rootId":"47o1rx1txqyv07e","id":"47o1rx1txqyv07e"},"id":"i9jc1dg00bw4hno","previousOperationId":"adhz8kcu4ukh9q4"}
{"type":"operationEnd","operationId":"adhz8kcu4ukh9q4","timestamp":1705254567900,"id":"mybjmpujv1bzr09","previousEventId":"2qrx3opqdr0z53r","previousOperationId":"adhz8kcu4ukh9q4"}
{"type":"operationStart","subtype":"recipe","name":"chrome-pdf","timestamp":1705254567901,"id":"q5e3jjjlg6sytr2","previousEventId":"mybjmpujv1bzr09","operationId":"d8ggejokr4el9ag","previousOperationId":"adhz8kcu4ukh9q4"}
{"type":"log","timestamp":1705254567901,"level":"debug","message":"Executing recipe chrome-pdf","meta":{"rootId":"47o1rx1txqyv07e","id":"47o1rx1txqyv07e"},"id":"u3xfun0ka91etxp","previousOperationId":"d8ggejokr4el9ag"}
{"type":"log","timestamp":1705254568663,"level":"debug","message":"Converting with chrome HeadlessChrome/117.0.5938.149 using chrome-pool strategy","meta":{"rootId":"47o1rx1txqyv07e","id":"47o1rx1txqyv07e"},"id":"fmjirbxmubxwu7e","previousOperationId":"d8ggejokr4el9ag"}
{"type":"log","timestamp":1705254568883,"level":"debug","message":"Page request: GET (document) file:///C:/Users/arida/AppData/Local/Temp/jsreport/autocleanup/426c1ffd-95ee-4923-9675-7b4b5c94ae9d-chrome-pdf.html","meta":{"rootId":"47o1rx1txqyv07e","id":"47o1rx1txqyv07e"},"id":"21rw9a0qf9zm2a1","previousOperationId":"d8ggejokr4el9ag"}
{"type":"log","timestamp":1705254568927,"level":"debug","message":"Page request: GET (stylesheet) https://cdnjs.cloudflare.com/ajax/libs/metro/4.1.5/css/metro.min.css","meta":{"rootId":"47o1rx1txqyv07e","id":"47o1rx1txqyv07e"},"id":"28l2wp1wjxi5mgk","previousOperationId":"d8ggejokr4el9ag"}
{"type":"log","timestamp":1705254568928,"level":"debug","message":"Page request: GET (script) https://cdnjs.cloudflare.com/ajax/libs/Chart.js/2.7.2/Chart.min.js","meta":{"rootId":"47o1rx1txqyv07e","id":"47o1rx1txqyv07e"},"id":"9mqq0v98pyur64j","previousOperationId":"d8ggejokr4el9ag"}
{"type":"log","timestamp":1705254568929,"level":"debug","message":"Page request finished: GET (document) 200 file:///C:/Users/arida/AppData/Local/Temp/jsreport/autocleanup/426c1ffd-95ee-4923-9675-7b4b5c94ae9d-chrome-pdf.html","meta":{"rootId":"47o1rx1txqyv07e","id":"47o1rx1txqyv07e"},"id":"tv0qu4sn0bgd4u6","previousOperationId":"d8ggejokr4el9ag"}
{"type":"log","timestamp":1705254569182,"level":"debug","message":"Page request finished: GET (stylesheet) 200 https://cdnjs.cloudflare.com/ajax/libs/metro/4.1.5/css/metro.min.css","meta":{"rootId":"47o1rx1txqyv07e","id":"47o1rx1txqyv07e"},"id":"pzh9r84foyllvwd","previousOperationId":"d8ggejokr4el9ag"}
{"type":"log","timestamp":1705254569227,"level":"debug","message":"Page request finished: GET (script) 200 https://cdnjs.cloudflare.com/ajax/libs/Chart.js/2.7.2/Chart.min.js","meta":{"rootId":"47o1rx1txqyv07e","id":"47o1rx1txqyv07e"},"id":"dzih8v6phsingab","previousOperationId":"d8ggejokr4el9ag"}
{"type":"log","timestamp":1705254569248,"level":"debug","message":"Running chrome with params {\"printBackground\":true,\"marginTop\":\"4cm\",\"marginRight\":\"1.5cm\",\"marginBottom\":\"1.5cm\",\"marginLeft\":\"1.5cm\",\"waitForJS\":false,\"timeout\":58663,\"margin\":{\"top\":\"4cm\",\"right\":\"1.5cm\",\"bottom\":\"1.5cm\",\"left\":\"1.5cm\"}}","meta":{"rootId":"47o1rx1txqyv07e","id":"47o1rx1txqyv07e"},"id":"m135fnut92rvwy7","previousOperationId":"d8ggejokr4el9ag"}
{"type":"operationEnd","operationId":"d8ggejokr4el9ag","timestamp":1705254569274,"id":"oius2fmg5yy7lv7","previousEventId":"q5e3jjjlg6sytr2","previousOperationId":"d8ggejokr4el9ag"}
{"type":"log","timestamp":1705254569274,"level":"info","message":"pdf-utils is starting pdf processing","meta":{"rootId":"47o1rx1txqyv07e","id":"47o1rx1txqyv07e"},"id":"3wy2j82f6pgkyj0","previousOperationId":"d8ggejokr4el9ag"}
{"type":"operationStart","subtype":"pdfUtils","name":"pdf utils","timestamp":1705254569508,"id":"ytyk8k8lhzh6xen","previousEventId":"oius2fmg5yy7lv7","operationId":"tihhtm6461rf69q","previousOperationId":"d8ggejokr4el9ag"}
{"type":"log","timestamp":1705254569508,"level":"debug","message":"pdf-utils detected 1 pdf operation(s) to process","meta":{"rootId":"47o1rx1txqyv07e","id":"47o1rx1txqyv07e"},"id":"5hl6x1aln5cpeje","previousOperationId":"tihhtm6461rf69q"}
{"type":"log","timestamp":1705254569691,"level":"debug","message":"pdf-utils running pdf operation merge","meta":{"rootId":"47o1rx1txqyv07e","id":"47o1rx1txqyv07e"},"id":"7zknhxrtfh3ebuy","previousOperationId":"tihhtm6461rf69q"}
{"type":"operationStart","subtype":"pdfUtilsMerge","name":"pdf utils merge","previousOperationId":"tihhtm6461rf69q","timestamp":1705254569691,"id":"pjnm9eeemll2iu5","previousEventId":"ytyk8k8lhzh6xen","operationId":"0sbhxths4x546x3"}
{"type":"operationStart","subtype":"render","name":"orders-header","previousOperationId":"0sbhxths4x546x3","timestamp":1705254569693,"id":"5zhaiqmxsyyokcw","previousEventId":"pjnm9eeemll2iu5","operationId":"jsdhhr6250x0aug"}
{"type":"log","timestamp":1705254569693,"level":"info","message":"Starting rendering (child) request","meta":{"rootId":"47o1rx1txqyv07e","id":"2z2t3g96s8jv8gi"},"id":"rvkb1wtnupdo7oe","previousOperationId":"jsdhhr6250x0aug"}
{"type":"log","timestamp":1705254569693,"level":"info","message":"Rendering template { name: orders-header, recipe: chrome-pdf, engine: handlebars, preview: true }","meta":{"rootId":"47o1rx1txqyv07e","id":"2z2t3g96s8jv8gi"},"id":"7qg0n8xl114i8t5","previousOperationId":"jsdhhr6250x0aug"}
{"type":"log","timestamp":1705254569703,"level":"debug","message":"Inline data specified.","meta":{"rootId":"47o1rx1txqyv07e","id":"2z2t3g96s8jv8gi"},"id":"33b6xui2gomwypg","previousOperationId":"jsdhhr6250x0aug"}
{"type":"log","timestamp":1705254569706,"level":"debug","message":"Base url not specified, skipping its injection.","meta":{"rootId":"47o1rx1txqyv07e","id":"2z2t3g96s8jv8gi"},"id":"tng7f54pbgex85k","previousOperationId":"jsdhhr6250x0aug"}
{"type":"operationStart","subtype":"engine","name":"handlebars","timestamp":1705254569706,"id":"ykfitsk9hig0652","previousEventId":"5zhaiqmxsyyokcw","operationId":"qkvf2i4kk2nla05","previousOperationId":"jsdhhr6250x0aug"}
{"type":"log","timestamp":1705254569706,"level":"debug","message":"Rendering engine handlebars","meta":{"rootId":"47o1rx1txqyv07e","id":"2z2t3g96s8jv8gi"},"id":"r4e98voo16bnvif","previousOperationId":"qkvf2i4kk2nla05"}
{"type":"operationEnd","operationId":"qkvf2i4kk2nla05","timestamp":1705254569765,"id":"7qpu2jivpdjgyqd","previousEventId":"ykfitsk9hig0652","previousOperationId":"qkvf2i4kk2nla05"}
{"type":"operationStart","subtype":"recipe","name":"chrome-pdf","timestamp":1705254569765,"id":"xcboi02aw30oct3","previousEventId":"7qpu2jivpdjgyqd","operationId":"nt9nmfn9f16kflm","previousOperationId":"qkvf2i4kk2nla05"}
{"type":"log","timestamp":1705254569765,"level":"debug","message":"Executing recipe chrome-pdf","meta":{"rootId":"47o1rx1txqyv07e","id":"2z2t3g96s8jv8gi"},"id":"yi35igsdmujlxc8","previousOperationId":"nt9nmfn9f16kflm"}
{"type":"log","timestamp":1705254569768,"level":"debug","message":"Converting with chrome HeadlessChrome/117.0.5938.149 using chrome-pool strategy","meta":{"rootId":"47o1rx1txqyv07e","id":"2z2t3g96s8jv8gi"},"id":"8f850h521qgert0","previousOperationId":"nt9nmfn9f16kflm"}
{"type":"log","timestamp":1705254569887,"level":"debug","message":"Page request: GET (document) file:///C:/Users/arida/AppData/Local/Temp/jsreport/autocleanup/ebdc27f5-971c-4402-bace-a80359aed335-chrome-pdf.html","meta":{"rootId":"47o1rx1txqyv07e","id":"2z2t3g96s8jv8gi"},"id":"mk8evx7vhf4z022","previousOperationId":"nt9nmfn9f16kflm"}
{"type":"log","timestamp":1705254569897,"level":"debug","message":"Page request: GET (stylesheet) https://cdnjs.cloudflare.com/ajax/libs/metro/4.1.5/css/metro.min.css","meta":{"rootId":"47o1rx1txqyv07e","id":"2z2t3g96s8jv8gi"},"id":"it4eoqnccb77x1v","previousOperationId":"nt9nmfn9f16kflm"}
{"type":"log","timestamp":1705254569898,"level":"debug","message":"Page request finished: GET (document) 200 file:///C:/Users/arida/AppData/Local/Temp/jsreport/autocleanup/ebdc27f5-971c-4402-bace-a80359aed335-chrome-pdf.html","meta":{"rootId":"47o1rx1txqyv07e","id":"2z2t3g96s8jv8gi"},"id":"k6o23atn3ijosj1","previousOperationId":"nt9nmfn9f16kflm"}
{"type":"log","timestamp":1705254569916,"level":"debug","message":"Page request finished: GET (stylesheet) 200 https://cdnjs.cloudflare.com/ajax/libs/metro/4.1.5/css/metro.min.css","meta":{"rootId":"47o1rx1txqyv07e","id":"2z2t3g96s8jv8gi"},"id":"avdf94jmyd55hm0","previousOperationId":"nt9nmfn9f16kflm"}
{"type":"log","timestamp":1705254569943,"level":"debug","message":"Running chrome with params {\"printBackground\":true,\"marginTop\":\"1.5cm\",\"marginRight\":\"1.5cm\",\"marginLeft\":\"1.cm\",\"timeout\":57339,\"margin\":{\"top\":\"1.5cm\",\"right\":\"1.5cm\",\"left\":\"1.cm\"}}","meta":{"rootId":"47o1rx1txqyv07e","id":"2z2t3g96s8jv8gi"},"id":"sfz8mywih2cfjdw","previousOperationId":"nt9nmfn9f16kflm"}
{"type":"operationEnd","operationId":"nt9nmfn9f16kflm","timestamp":1705254569980,"id":"zes5tkauded9lte","previousEventId":"xcboi02aw30oct3","previousOperationId":"nt9nmfn9f16kflm"}
{"type":"log","timestamp":1705254569981,"level":"debug","message":"Skipping storing report.","meta":{"rootId":"47o1rx1txqyv07e","id":"2z2t3g96s8jv8gi"},"id":"50m07wg1odtx4mj","previousOperationId":"nt9nmfn9f16kflm"}
{"type":"log","timestamp":1705254569981,"level":"info","message":"Rendering (child) request finished in 2875 ms","meta":{"rootId":"47o1rx1txqyv07e","id":"2z2t3g96s8jv8gi"},"id":"6pbtdh90d4jm8ik","previousOperationId":"nt9nmfn9f16kflm"}
{"type":"operationEnd","subtype":"render","operationId":"jsdhhr6250x0aug","timestamp":1705254569981,"id":"unyciz677nenht6","previousEventId":"zes5tkauded9lte","previousOperationId":"nt9nmfn9f16kflm"}
{"type":"operationEnd","operationId":"0sbhxths4x546x3","timestamp":1705254570000,"id":"uhu2nnfrmw9di48","previousEventId":"pjnm9eeemll2iu5","previousOperationId":"0sbhxths4x546x3"}
{"type":"log","timestamp":1705254570000,"level":"debug","message":"pdf-utils postproces start","meta":{"rootId":"47o1rx1txqyv07e","id":"47o1rx1txqyv07e"},"id":"zz6n61dtubl7o1u","previousOperationId":"0sbhxths4x546x3"}
{"type":"log","timestamp":1705254570009,"level":"debug","message":"pdf-utils postproces end","meta":{"rootId":"47o1rx1txqyv07e","id":"47o1rx1txqyv07e"},"id":"b4oe5d2tdazgc06","previousOperationId":"0sbhxths4x546x3"}
{"type":"operationEnd","operationId":"tihhtm6461rf69q","timestamp":1705254570009,"id":"zefmcrgmkk8tq3w","previousEventId":"uhu2nnfrmw9di48","previousOperationId":"0sbhxths4x546x3"}
{"type":"log","timestamp":1705254570009,"level":"info","message":"pdf-utils pdf processing was finished","meta":{"rootId":"47o1rx1txqyv07e","id":"47o1rx1txqyv07e"},"id":"ncf0bimhr8cuqah","previousOperationId":"tihhtm6461rf69q"}
{"type":"log","timestamp":1705254570009,"level":"debug","message":"Skipping storing report.","meta":{"rootId":"47o1rx1txqyv07e","id":"47o1rx1txqyv07e"},"id":"rovo398xix3lqbi","previousOperationId":"tihhtm6461rf69q"}
{"type":"log","timestamp":1705254570009,"level":"info","message":"Rendering request 1 finished in 2903 ms","meta":{"rootId":"47o1rx1txqyv07e","id":"47o1rx1txqyv07e"},"id":"5edl3syxixvdxe1","previousOperationId":"tihhtm6461rf69q"}
{"type":"operationEnd","subtype":"render","operationId":"tnwhao34wtho6hm","timestamp":1705254570009,"id":"8r8vgkuyyaimqdj","previousEventId":"zefmcrgmkk8tq3w","previousOperationId":"tihhtm6461rf69q"}
{"type":"operationEnd","doDiffs":false,"previousEventId":"p36ryb85ddk58uk","previousOperationId":"fpjs6ahugq9r59a","operationId":"fpjs6ahugq9r59a","timestamp":1705254570022,"id":"juhe554lulrvhf1"}
