{"type":"operationStart","subtype":"profile","data":{"_id":"AaOPNBs5In021YoX","timestamp":"2024-01-14T20:48:59.131Z","state":"queued","mode":"standard","creationDate":"2024-01-14T20:48:59.134Z","modificationDate":"2024-01-14T20:48:59.134Z","shortid":"BaVty4C","$entitySet":"profiles"},"doDiffs":false,"timestamp":1705265339132,"id":"77b9fq778bu3eco","previousOperationId":null,"operationId":"46r3jzuwwszjslq"}
{"type":"log","level":"info","message":"Render request 15 queued for execution and waiting for available worker","previousOperationId":"46r3jzuwwszjslq","timestamp":1705265339132,"id":"6g0g2oba5i3vdu4"}
{"type":"operationStart","subtype":"render","name":"orders-main","previousOperationId":"46r3jzuwwszjslq","timestamp":1705265339146,"id":"19x66013kdm4goi","previousEventId":"77b9fq778bu3eco","operationId":"1eqxudsgld0ch0j"}
{"type":"log","timestamp":1705265339146,"level":"info","message":"Starting rendering request 15","meta":{"rootId":"4g8axqzmdes9ged","id":"4g8axqzmdes9ged"},"id":"9g94xe7afd9ambh","previousOperationId":"1eqxudsgld0ch0j"}
{"type":"log","timestamp":1705265339146,"level":"info","message":"Rendering template { name: orders-main, recipe: chrome-pdf, engine: handlebars, preview: true }","meta":{"rootId":"4g8axqzmdes9ged","id":"4g8axqzmdes9ged"},"id":"e73ysly03d1l44z","previousOperationId":"1eqxudsgld0ch0j"}
{"type":"log","timestamp":1705265339151,"level":"debug","message":"Data item not defined for this template.","meta":{"rootId":"4g8axqzmdes9ged","id":"4g8axqzmdes9ged"},"id":"0fxk58vern3wfig","previousOperationId":"1eqxudsgld0ch0j"}
{"type":"log","timestamp":1705265339155,"level":"debug","message":"Executing script orders-script (beforeRender)","meta":{"rootId":"4g8axqzmdes9ged","id":"4g8axqzmdes9ged"},"id":"r716sz4obfdioae","previousOperationId":"1eqxudsgld0ch0j"}
{"type":"operationStart","subtype":"scriptsBeforeRender","name":"scripts beforeRender","timestamp":1705265339163,"id":"11pddsdsgtgtgow","previousEventId":"19x66013kdm4goi","operationId":"axa6d6rnp1qxvto","previousOperationId":"1eqxudsgld0ch0j"}
{"type":"operationStart","subtype":"script","name":"scripts orders-script","previousOperationId":"axa6d6rnp1qxvto","timestamp":1705265339163,"id":"0szsfjtc65m8cz2","previousEventId":"11pddsdsgtgtgow","operationId":"429c0vrrigc2mzv"}
{"type":"operationEnd","operationId":"429c0vrrigc2mzv","timestamp":1705265339172,"id":"ehqzmxy7hxmn0nv","previousEventId":"19x66013kdm4goi","previousOperationId":"1eqxudsgld0ch0j"}
{"type":"operationEnd","operationId":"axa6d6rnp1qxvto","timestamp":1705265339172,"id":"lsa4wfpb7f4w175","previousEventId":"ehqzmxy7hxmn0nv","previousOperationId":"1eqxudsgld0ch0j"}
{"type":"log","timestamp":1705265339172,"level":"debug","message":"Base url not specified, skipping its injection.","meta":{"rootId":"4g8axqzmdes9ged","id":"4g8axqzmdes9ged"},"id":"98890i2u71hd91r","previousOperationId":"axa6d6rnp1qxvto"}
{"type":"operationStart","subtype":"engine","name":"handlebars","timestamp":1705265339172,"id":"n7wdrixlm1whq19","previousEventId":"lsa4wfpb7f4w175","operationId":"dq884moo4jbe9xc","previousOperationId":"axa6d6rnp1qxvto"}
{"type":"log","timestamp":1705265339172,"level":"debug","message":"Rendering engine handlebars","meta":{"rootId":"4g8axqzmdes9ged","id":"4g8axqzmdes9ged"},"id":"baouz12whwd4mo9","previousOperationId":"dq884moo4jbe9xc"}
{"type":"operationEnd","operationId":"dq884moo4jbe9xc","timestamp":1705265339189,"id":"1asxkcsvm59sgu5","previousEventId":"n7wdrixlm1whq19","previousOperationId":"dq884moo4jbe9xc"}
{"type":"operationStart","subtype":"recipe","name":"chrome-pdf","timestamp":1705265339190,"id":"54vbadrupb4jb09","previousEventId":"1asxkcsvm59sgu5","operationId":"y9swncxvn0w7o0r","previousOperationId":"dq884moo4jbe9xc"}
{"type":"log","timestamp":1705265339190,"level":"debug","message":"Executing recipe chrome-pdf","meta":{"rootId":"4g8axqzmdes9ged","id":"4g8axqzmdes9ged"},"id":"h8kogj8ybskxdef","previousOperationId":"y9swncxvn0w7o0r"}
{"type":"log","timestamp":1705265339194,"level":"debug","message":"Converting with chrome HeadlessChrome/117.0.5938.149 using chrome-pool strategy","meta":{"rootId":"4g8axqzmdes9ged","id":"4g8axqzmdes9ged"},"id":"5qlif3p1imibt76","previousOperationId":"y9swncxvn0w7o0r"}
{"type":"log","timestamp":1705265339331,"level":"debug","message":"Page request: GET (document) file:///C:/Users/arida/AppData/Local/Temp/jsreport/autocleanup/ed64f596-b124-450b-8d1d-ff3ff8996fdf-chrome-pdf.html","meta":{"rootId":"4g8axqzmdes9ged","id":"4g8axqzmdes9ged"},"id":"gv399ja6hkdtur3","previousOperationId":"y9swncxvn0w7o0r"}
{"type":"log","timestamp":1705265339371,"level":"debug","message":"Page request: GET (stylesheet) https://cdnjs.cloudflare.com/ajax/libs/metro/4.1.5/css/metro.min.css","meta":{"rootId":"4g8axqzmdes9ged","id":"4g8axqzmdes9ged"},"id":"48errmibd8zks9c","previousOperationId":"y9swncxvn0w7o0r"}
{"type":"log","timestamp":1705265339371,"level":"debug","message":"Page request: GET (script) https://cdnjs.cloudflare.com/ajax/libs/Chart.js/2.7.2/Chart.min.js","meta":{"rootId":"4g8axqzmdes9ged","id":"4g8axqzmdes9ged"},"id":"391uo4j859srdnr","previousOperationId":"y9swncxvn0w7o0r"}
{"type":"log","timestamp":1705265339372,"level":"debug","message":"Page request finished: GET (document) 200 file:///C:/Users/arida/AppData/Local/Temp/jsreport/autocleanup/ed64f596-b124-450b-8d1d-ff3ff8996fdf-chrome-pdf.html","meta":{"rootId":"4g8axqzmdes9ged","id":"4g8axqzmdes9ged"},"id":"xu1y3igs96fgmou","previousOperationId":"y9swncxvn0w7o0r"}
{"type":"log","timestamp":1705265339398,"level":"debug","message":"Page request finished: GET (stylesheet) 200 https://cdnjs.cloudflare.com/ajax/libs/metro/4.1.5/css/metro.min.css","meta":{"rootId":"4g8axqzmdes9ged","id":"4g8axqzmdes9ged"},"id":"8gnaznnsbqnwovb","previousOperationId":"y9swncxvn0w7o0r"}
{"type":"log","timestamp":1705265339398,"level":"debug","message":"Page request finished: GET (script) 200 https://cdnjs.cloudflare.com/ajax/libs/Chart.js/2.7.2/Chart.min.js","meta":{"rootId":"4g8axqzmdes9ged","id":"4g8axqzmdes9ged"},"id":"3r9yhgt1h4ovhp6","previousOperationId":"y9swncxvn0w7o0r"}
{"type":"log","timestamp":1705265339414,"level":"warn","message":"Page error: \"undefined\" is not valid JSON\nJSON.parse (<anonymous>) , stack: SyntaxError: \"undefined\" is not valid JSON\nJSON.parse (<anonymous>)\n    at <anonymous> (file:///C:/Users/arida/AppData/Local/Temp/jsreport/autocleanup/ed64f596-b124-450b-8d1d-ff3ff8996fdf-chrome-pdf.html:20:14)","meta":{"rootId":"4g8axqzmdes9ged","id":"4g8axqzmdes9ged"},"id":"k8bzc40vb0pe7gx","previousOperationId":"y9swncxvn0w7o0r"}
{"type":"log","timestamp":1705265339415,"level":"warn","message":"Page error: \"undefined\" is not valid JSON\nJSON.parse (<anonymous>) , stack: SyntaxError: \"undefined\" is not valid JSON\nJSON.parse (<anonymous>)\n    at <anonymous> (file:///C:/Users/arida/AppData/Local/Temp/jsreport/autocleanup/ed64f596-b124-450b-8d1d-ff3ff8996fdf-chrome-pdf.html:51:14)","meta":{"rootId":"4g8axqzmdes9ged","id":"4g8axqzmdes9ged"},"id":"z7nd0y0pxiiijun","previousOperationId":"y9swncxvn0w7o0r"}
{"type":"log","timestamp":1705265339441,"level":"debug","message":"Running chrome with params {\"printBackground\":true,\"marginTop\":\"4cm\",\"marginRight\":\"1.5cm\",\"marginBottom\":\"1.5cm\",\"marginLeft\":\"1.5cm\",\"waitForJS\":false,\"timeout\":59939,\"margin\":{\"top\":\"4cm\",\"right\":\"1.5cm\",\"bottom\":\"1.5cm\",\"left\":\"1.5cm\"}}","meta":{"rootId":"4g8axqzmdes9ged","id":"4g8axqzmdes9ged"},"id":"hcau77z98dtra0s","previousOperationId":"y9swncxvn0w7o0r"}
{"type":"operationEnd","operationId":"y9swncxvn0w7o0r","timestamp":1705265339476,"id":"uslyaq2tcramldf","previousEventId":"54vbadrupb4jb09","previousOperationId":"y9swncxvn0w7o0r"}
{"type":"log","timestamp":1705265339476,"level":"info","message":"pdf-utils is starting pdf processing","meta":{"rootId":"4g8axqzmdes9ged","id":"4g8axqzmdes9ged"},"id":"9r1bevoak0ptzs7","previousOperationId":"y9swncxvn0w7o0r"}
{"type":"operationStart","subtype":"pdfUtils","name":"pdf utils","timestamp":1705265339476,"id":"p95rqvxbp2ppxpv","previousEventId":"uslyaq2tcramldf","operationId":"qqemefkivydszhm","previousOperationId":"y9swncxvn0w7o0r"}
{"type":"log","timestamp":1705265339476,"level":"debug","message":"pdf-utils detected 1 pdf operation(s) to process","meta":{"rootId":"4g8axqzmdes9ged","id":"4g8axqzmdes9ged"},"id":"i3bqrf6kvrrstuj","previousOperationId":"qqemefkivydszhm"}
{"type":"log","timestamp":1705265339487,"level":"debug","message":"pdf-utils running pdf operation merge","meta":{"rootId":"4g8axqzmdes9ged","id":"4g8axqzmdes9ged"},"id":"n2a4i2c1p7ew4ay","previousOperationId":"qqemefkivydszhm"}
{"type":"operationStart","subtype":"pdfUtilsMerge","name":"pdf utils merge","previousOperationId":"qqemefkivydszhm","timestamp":1705265339487,"id":"9gkt3il6rvhwk1k","previousEventId":"p95rqvxbp2ppxpv","operationId":"zilqtzgtrmwjydx"}
{"type":"operationStart","subtype":"render","name":"orders-header","previousOperationId":"zilqtzgtrmwjydx","timestamp":1705265339489,"id":"h3yozx4e3t7eudb","previousEventId":"9gkt3il6rvhwk1k","operationId":"x6v7qnnxzf3vxzi"}
{"type":"log","timestamp":1705265339489,"level":"info","message":"Starting rendering (child) request","meta":{"rootId":"4g8axqzmdes9ged","id":"hznblu158p4a2b3"},"id":"z4my8hotshtgil9","previousOperationId":"x6v7qnnxzf3vxzi"}
{"type":"log","timestamp":1705265339489,"level":"info","message":"Rendering template { name: orders-header, recipe: chrome-pdf, engine: handlebars, preview: true }","meta":{"rootId":"4g8axqzmdes9ged","id":"hznblu158p4a2b3"},"id":"l75ch8gxrgover7","previousOperationId":"x6v7qnnxzf3vxzi"}
{"type":"log","timestamp":1705265339490,"level":"debug","message":"Inline data specified.","meta":{"rootId":"4g8axqzmdes9ged","id":"hznblu158p4a2b3"},"id":"cl2z27h0bgg4xd1","previousOperationId":"x6v7qnnxzf3vxzi"}
{"type":"log","timestamp":1705265339493,"level":"debug","message":"Base url not specified, skipping its injection.","meta":{"rootId":"4g8axqzmdes9ged","id":"hznblu158p4a2b3"},"id":"4pphn77jv0ebnui","previousOperationId":"x6v7qnnxzf3vxzi"}
{"type":"operationStart","subtype":"engine","name":"handlebars","timestamp":1705265339493,"id":"zd21zz6sm8ccgar","previousEventId":"h3yozx4e3t7eudb","operationId":"rf2s3h627qsw918","previousOperationId":"x6v7qnnxzf3vxzi"}
{"type":"log","timestamp":1705265339493,"level":"debug","message":"Rendering engine handlebars","meta":{"rootId":"4g8axqzmdes9ged","id":"hznblu158p4a2b3"},"id":"q7w9bmrdslzo4r5","previousOperationId":"rf2s3h627qsw918"}
{"type":"operationEnd","operationId":"rf2s3h627qsw918","timestamp":1705265339513,"id":"a119y0dir2et7l8","previousEventId":"zd21zz6sm8ccgar","previousOperationId":"rf2s3h627qsw918"}
{"type":"operationStart","subtype":"recipe","name":"chrome-pdf","timestamp":1705265339513,"id":"vo0wvsk0lj3wxut","previousEventId":"a119y0dir2et7l8","operationId":"hzsh0uqfnge1efr","previousOperationId":"rf2s3h627qsw918"}
{"type":"log","timestamp":1705265339513,"level":"debug","message":"Executing recipe chrome-pdf","meta":{"rootId":"4g8axqzmdes9ged","id":"hznblu158p4a2b3"},"id":"7c0m0nkls11v05a","previousOperationId":"hzsh0uqfnge1efr"}
{"type":"log","timestamp":1705265339516,"level":"debug","message":"Converting with chrome HeadlessChrome/117.0.5938.149 using chrome-pool strategy","meta":{"rootId":"4g8axqzmdes9ged","id":"hznblu158p4a2b3"},"id":"dnocwyo441w1tuu","previousOperationId":"hzsh0uqfnge1efr"}
{"type":"log","timestamp":1705265339634,"level":"debug","message":"Page request: GET (document) file:///C:/Users/arida/AppData/Local/Temp/jsreport/autocleanup/5ca58f8d-09e7-4bea-8452-65d803f3364d-chrome-pdf.html","meta":{"rootId":"4g8axqzmdes9ged","id":"hznblu158p4a2b3"},"id":"6w0yq5ohcj44xvi","previousOperationId":"hzsh0uqfnge1efr"}
{"type":"log","timestamp":1705265339646,"level":"debug","message":"Page request: GET (stylesheet) https://cdnjs.cloudflare.com/ajax/libs/metro/4.1.5/css/metro.min.css","meta":{"rootId":"4g8axqzmdes9ged","id":"hznblu158p4a2b3"},"id":"1j3gj1ylvho5p7t","previousOperationId":"hzsh0uqfnge1efr"}
{"type":"log","timestamp":1705265339646,"level":"debug","message":"Page request finished: GET (document) 200 file:///C:/Users/arida/AppData/Local/Temp/jsreport/autocleanup/5ca58f8d-09e7-4bea-8452-65d803f3364d-chrome-pdf.html","meta":{"rootId":"4g8axqzmdes9ged","id":"hznblu158p4a2b3"},"id":"wbp0ulmsswprdjb","previousOperationId":"hzsh0uqfnge1efr"}
{"type":"log","timestamp":1705265339666,"level":"debug","message":"Page request finished: GET (stylesheet) 200 https://cdnjs.cloudflare.com/ajax/libs/metro/4.1.5/css/metro.min.css","meta":{"rootId":"4g8axqzmdes9ged","id":"hznblu158p4a2b3"},"id":"6qscfdf1xyoumo8","previousOperationId":"hzsh0uqfnge1efr"}
{"type":"log","timestamp":1705265339684,"level":"debug","message":"Running chrome with params {\"printBackground\":true,\"marginTop\":\"1.5cm\",\"marginRight\":\"1.5cm\",\"marginLeft\":\"1.cm\",\"timeout\":59616,\"margin\":{\"top\":\"1.5cm\",\"right\":\"1.5cm\",\"left\":\"1.cm\"}}","meta":{"rootId":"4g8axqzmdes9ged","id":"hznblu158p4a2b3"},"id":"7zchzrce3s5j6pj","previousOperationId":"hzsh0uqfnge1efr"}
{"type":"operationEnd","operationId":"hzsh0uqfnge1efr","timestamp":1705265339721,"id":"vgm3pvopcfg9dwv","previousEventId":"vo0wvsk0lj3wxut","previousOperationId":"hzsh0uqfnge1efr"}
{"type":"log","timestamp":1705265339721,"level":"debug","message":"Skipping storing report.","meta":{"rootId":"4g8axqzmdes9ged","id":"hznblu158p4a2b3"},"id":"q6tly4jmgw9s0xk","previousOperationId":"hzsh0uqfnge1efr"}
{"type":"log","timestamp":1705265339721,"level":"info","message":"Rendering (child) request finished in 590 ms","meta":{"rootId":"4g8axqzmdes9ged","id":"hznblu158p4a2b3"},"id":"h2vn9izzbwq086r","previousOperationId":"hzsh0uqfnge1efr"}
{"type":"operationEnd","subtype":"render","operationId":"x6v7qnnxzf3vxzi","timestamp":1705265339721,"id":"1wfvoyme6eoyf2t","previousEventId":"vgm3pvopcfg9dwv","previousOperationId":"hzsh0uqfnge1efr"}
{"type":"operationEnd","operationId":"zilqtzgtrmwjydx","timestamp":1705265339729,"id":"ra4zx5vbfj2sf6i","previousEventId":"9gkt3il6rvhwk1k","previousOperationId":"zilqtzgtrmwjydx"}
{"type":"log","timestamp":1705265339729,"level":"debug","message":"pdf-utils postproces start","meta":{"rootId":"4g8axqzmdes9ged","id":"4g8axqzmdes9ged"},"id":"92aiqbwxap5oneq","previousOperationId":"zilqtzgtrmwjydx"}
{"type":"log","timestamp":1705265339736,"level":"debug","message":"pdf-utils postproces end","meta":{"rootId":"4g8axqzmdes9ged","id":"4g8axqzmdes9ged"},"id":"58a1lw4p6fnkp4a","previousOperationId":"zilqtzgtrmwjydx"}
{"type":"operationEnd","operationId":"qqemefkivydszhm","timestamp":1705265339736,"id":"b07uwyxgbycqp76","previousEventId":"ra4zx5vbfj2sf6i","previousOperationId":"zilqtzgtrmwjydx"}
{"type":"log","timestamp":1705265339737,"level":"info","message":"pdf-utils pdf processing was finished","meta":{"rootId":"4g8axqzmdes9ged","id":"4g8axqzmdes9ged"},"id":"gquxui8rxcal50o","previousOperationId":"qqemefkivydszhm"}
{"type":"log","timestamp":1705265339737,"level":"debug","message":"Skipping storing report.","meta":{"rootId":"4g8axqzmdes9ged","id":"4g8axqzmdes9ged"},"id":"c8qrjhkjtwub2nu","previousOperationId":"qqemefkivydszhm"}
{"type":"log","timestamp":1705265339737,"level":"info","message":"Rendering request 15 finished in 606 ms","meta":{"rootId":"4g8axqzmdes9ged","id":"4g8axqzmdes9ged"},"id":"q58un8gf3xfoob6","previousOperationId":"qqemefkivydszhm"}
{"type":"operationEnd","subtype":"render","operationId":"1eqxudsgld0ch0j","timestamp":1705265339737,"id":"eh2gwftc59zp1ec","previousEventId":"b07uwyxgbycqp76","previousOperationId":"qqemefkivydszhm"}
{"type":"operationEnd","doDiffs":false,"previousEventId":"77b9fq778bu3eco","previousOperationId":"46r3jzuwwszjslq","operationId":"46r3jzuwwszjslq","timestamp":1705265339749,"id":"4x868409900iapt"}
