{"type":"operationStart","subtype":"profile","data":{"_id":"dCB18HPQCu83mGm2","timestamp":"2024-01-09T20:41:44.737Z","state":"queued","mode":"standard","creationDate":"2024-01-09T20:41:44.740Z","modificationDate":"2024-01-09T20:41:44.740Z","shortid":"vubgZG1","$entitySet":"profiles"},"doDiffs":false,"timestamp":1704832904739,"id":"h2ofremck6smtkp","previousOperationId":null,"operationId":"zw0z9c2g26trfp6"}
{"type":"log","level":"info","message":"Render request 6 queued for execution and waiting for available worker","previousOperationId":"zw0z9c2g26trfp6","timestamp":1704832904739,"id":"jlu453llra23al1"}
{"type":"operationStart","subtype":"render","name":"orders-main","previousOperationId":"zw0z9c2g26trfp6","timestamp":1704832904745,"id":"eu42fim8lbdn7q7","previousEventId":"h2ofremck6smtkp","operationId":"avvubdqgvjrxw3u"}
{"type":"log","timestamp":1704832904745,"level":"info","message":"Starting rendering request 6","meta":{"rootId":"4ik75e0hpywt8oq","id":"4ik75e0hpywt8oq"},"id":"fge2o2kqqtcp0rh","previousOperationId":"avvubdqgvjrxw3u"}
{"type":"log","timestamp":1704832904745,"level":"info","message":"Rendering template { name: orders-main, recipe: chrome-pdf, engine: handlebars, preview: false }","meta":{"rootId":"4ik75e0hpywt8oq","id":"4ik75e0hpywt8oq"},"id":"3mkmnbw9tvbt6fg","previousOperationId":"avvubdqgvjrxw3u"}
{"type":"log","timestamp":1704832904749,"level":"debug","message":"Data item not defined for this template.","meta":{"rootId":"4ik75e0hpywt8oq","id":"4ik75e0hpywt8oq"},"id":"uq937w0j9xwsrhz","previousOperationId":"avvubdqgvjrxw3u"}
{"type":"log","timestamp":1704832904755,"level":"debug","message":"Executing script orders-script (beforeRender)","meta":{"rootId":"4ik75e0hpywt8oq","id":"4ik75e0hpywt8oq"},"id":"e9qenylnk528v9b","previousOperationId":"avvubdqgvjrxw3u"}
{"type":"operationStart","subtype":"scriptsBeforeRender","name":"scripts beforeRender","timestamp":1704832904766,"id":"9yi5q4pl81prguz","previousEventId":"eu42fim8lbdn7q7","operationId":"o2jjvtmajsjyfmk","previousOperationId":"avvubdqgvjrxw3u"}
{"type":"operationStart","subtype":"script","name":"scripts orders-script","previousOperationId":"o2jjvtmajsjyfmk","timestamp":1704832904766,"id":"o0db78vvbx4h23u","previousEventId":"9yi5q4pl81prguz","operationId":"42q9pa4f90mlwtq"}
{"type":"log","timestamp":1704832904767,"level":"debug","message":"(console:log) { id: '1' }","meta":{"userLevel":true,"rootId":"4ik75e0hpywt8oq","id":"4ik75e0hpywt8oq"},"id":"bow5c1t1v9hvknq","previousOperationId":"42q9pa4f90mlwtq"}
{"type":"operationEnd","operationId":"42q9pa4f90mlwtq","timestamp":1704832906294,"id":"vd0p77rpqx45utk","previousEventId":"eu42fim8lbdn7q7","previousOperationId":"avvubdqgvjrxw3u"}
{"type":"operationEnd","operationId":"o2jjvtmajsjyfmk","timestamp":1704832906294,"id":"r63wd4vrtpgy39g","previousEventId":"vd0p77rpqx45utk","previousOperationId":"avvubdqgvjrxw3u"}
{"type":"log","timestamp":1704832906294,"level":"debug","message":"Base url not specified, skipping its injection.","meta":{"rootId":"4ik75e0hpywt8oq","id":"4ik75e0hpywt8oq"},"id":"l692xaqr1z5mbcg","previousOperationId":"o2jjvtmajsjyfmk"}
{"type":"operationStart","subtype":"engine","name":"handlebars","timestamp":1704832906294,"id":"7fwxntpb0ae5bbj","previousEventId":"r63wd4vrtpgy39g","operationId":"nzv3blinpmtp2hp","previousOperationId":"o2jjvtmajsjyfmk"}
{"type":"log","timestamp":1704832906294,"level":"debug","message":"Rendering engine handlebars","meta":{"rootId":"4ik75e0hpywt8oq","id":"4ik75e0hpywt8oq"},"id":"d2q28nuwvflyknn","previousOperationId":"nzv3blinpmtp2hp"}
{"type":"log","timestamp":1704832906320,"level":"debug","message":"(console:log) Pdf utils adding group field, value: \"France\"","meta":{"userLevel":true,"rootId":"4ik75e0hpywt8oq","id":"4ik75e0hpywt8oq"},"id":"5dw49epnxjhh3hr","previousOperationId":"nzv3blinpmtp2hp"}
{"type":"log","timestamp":1704832906321,"level":"debug","message":"(console:log) Pdf utils adding group field, value: \"Germany\"","meta":{"userLevel":true,"rootId":"4ik75e0hpywt8oq","id":"4ik75e0hpywt8oq"},"id":"5k5gubt7fvtgldh","previousOperationId":"nzv3blinpmtp2hp"}
{"type":"operationEnd","operationId":"nzv3blinpmtp2hp","timestamp":1704832906322,"id":"v9gg4ragkx01d7g","previousEventId":"7fwxntpb0ae5bbj","previousOperationId":"nzv3blinpmtp2hp"}
{"type":"operationStart","subtype":"recipe","name":"chrome-pdf","timestamp":1704832906323,"id":"ibaeu15mdjr0cxt","previousEventId":"v9gg4ragkx01d7g","operationId":"epgp683vgvcobht","previousOperationId":"nzv3blinpmtp2hp"}
{"type":"log","timestamp":1704832906323,"level":"debug","message":"Executing recipe chrome-pdf","meta":{"rootId":"4ik75e0hpywt8oq","id":"4ik75e0hpywt8oq"},"id":"oyfka75jixce739","previousOperationId":"epgp683vgvcobht"}
{"type":"log","timestamp":1704832906330,"level":"debug","message":"Converting with chrome HeadlessChrome/117.0.5938.149 using chrome-pool strategy","meta":{"rootId":"4ik75e0hpywt8oq","id":"4ik75e0hpywt8oq"},"id":"jn4olq0pi5ihiwm","previousOperationId":"epgp683vgvcobht"}
{"type":"log","timestamp":1704832906524,"level":"debug","message":"Page request: GET (document) file:///C:/Users/arida/AppData/Local/Temp/jsreport/autocleanup/ad2d53e2-b765-42bf-8daf-33bf7e53fb8d-chrome-pdf.html","meta":{"rootId":"4ik75e0hpywt8oq","id":"4ik75e0hpywt8oq"},"id":"p02sdahl3qk5mjh","previousOperationId":"epgp683vgvcobht"}
{"type":"log","timestamp":1704832906570,"level":"debug","message":"Page request: GET (stylesheet) https://cdnjs.cloudflare.com/ajax/libs/metro/4.1.5/css/metro.min.css","meta":{"rootId":"4ik75e0hpywt8oq","id":"4ik75e0hpywt8oq"},"id":"n05bxx60csx1y96","previousOperationId":"epgp683vgvcobht"}
{"type":"log","timestamp":1704832906571,"level":"debug","message":"Page request: GET (script) https://cdnjs.cloudflare.com/ajax/libs/Chart.js/2.7.2/Chart.min.js","meta":{"rootId":"4ik75e0hpywt8oq","id":"4ik75e0hpywt8oq"},"id":"wb4s2qty5y5owu7","previousOperationId":"epgp683vgvcobht"}
{"type":"log","timestamp":1704832906572,"level":"debug","message":"Page request finished: GET (document) 200 file:///C:/Users/arida/AppData/Local/Temp/jsreport/autocleanup/ad2d53e2-b765-42bf-8daf-33bf7e53fb8d-chrome-pdf.html","meta":{"rootId":"4ik75e0hpywt8oq","id":"4ik75e0hpywt8oq"},"id":"rwxomycerlbt7lp","previousOperationId":"epgp683vgvcobht"}
{"type":"log","timestamp":1704832906580,"level":"debug","message":"Page request finished: GET (script) 200 https://cdnjs.cloudflare.com/ajax/libs/Chart.js/2.7.2/Chart.min.js","meta":{"rootId":"4ik75e0hpywt8oq","id":"4ik75e0hpywt8oq"},"id":"zlmm8abri1rnar1","previousOperationId":"epgp683vgvcobht"}
{"type":"log","timestamp":1704832906593,"level":"debug","message":"Page request finished: GET (stylesheet) 200 https://cdnjs.cloudflare.com/ajax/libs/metro/4.1.5/css/metro.min.css","meta":{"rootId":"4ik75e0hpywt8oq","id":"4ik75e0hpywt8oq"},"id":"mu79n6jrck82wfj","previousOperationId":"epgp683vgvcobht"}
{"type":"log","timestamp":1704832906671,"level":"debug","message":"Running chrome with params {\"printBackground\":true,\"marginTop\":\"4cm\",\"marginRight\":\"1.5cm\",\"marginBottom\":\"1.5cm\",\"marginLeft\":\"1.5cm\",\"waitForJS\":false,\"timeout\":58408,\"margin\":{\"top\":\"4cm\",\"right\":\"1.5cm\",\"bottom\":\"1.5cm\",\"left\":\"1.5cm\"}}","meta":{"rootId":"4ik75e0hpywt8oq","id":"4ik75e0hpywt8oq"},"id":"008py8o8az8zlb4","previousOperationId":"epgp683vgvcobht"}
{"type":"operationEnd","operationId":"epgp683vgvcobht","timestamp":1704832906882,"id":"qqyuj8bbxl6mcm9","previousEventId":"ibaeu15mdjr0cxt","previousOperationId":"epgp683vgvcobht"}
{"type":"log","timestamp":1704832906882,"level":"info","message":"pdf-utils is starting pdf processing","meta":{"rootId":"4ik75e0hpywt8oq","id":"4ik75e0hpywt8oq"},"id":"zjx3r4xicejmrb4","previousOperationId":"epgp683vgvcobht"}
{"type":"operationStart","subtype":"pdfUtils","name":"pdf utils","timestamp":1704832906882,"id":"7w97rjpz34bpa8o","previousEventId":"qqyuj8bbxl6mcm9","operationId":"786i7roawhkp788","previousOperationId":"epgp683vgvcobht"}
{"type":"log","timestamp":1704832906882,"level":"debug","message":"pdf-utils detected 1 pdf operation(s) to process","meta":{"rootId":"4ik75e0hpywt8oq","id":"4ik75e0hpywt8oq"},"id":"qao92arfbepi8sx","previousOperationId":"786i7roawhkp788"}
{"type":"log","timestamp":1704832906932,"level":"debug","message":"pdf-utils running pdf operation merge","meta":{"rootId":"4ik75e0hpywt8oq","id":"4ik75e0hpywt8oq"},"id":"b4omteylhfbcsqy","previousOperationId":"786i7roawhkp788"}
{"type":"operationStart","subtype":"pdfUtilsMerge","name":"pdf utils merge","previousOperationId":"786i7roawhkp788","timestamp":1704832906932,"id":"hur5usg1leszafc","previousEventId":"7w97rjpz34bpa8o","operationId":"oef70ug1cx31h2h"}
{"type":"operationStart","subtype":"render","name":"orders-header","previousOperationId":"oef70ug1cx31h2h","timestamp":1704832906933,"id":"ovaomucqjgasftf","previousEventId":"hur5usg1leszafc","operationId":"mlqktwamj1ix9mg"}
{"type":"log","timestamp":1704832906933,"level":"info","message":"Starting rendering (child) request","meta":{"rootId":"4ik75e0hpywt8oq","id":"lnnpavmbkk0yhai"},"id":"639p1cci0k4jg3h","previousOperationId":"mlqktwamj1ix9mg"}
{"type":"log","timestamp":1704832906933,"level":"info","message":"Rendering template { name: orders-header, recipe: chrome-pdf, engine: handlebars, preview: false }","meta":{"rootId":"4ik75e0hpywt8oq","id":"lnnpavmbkk0yhai"},"id":"wjryyc0qombehbe","previousOperationId":"mlqktwamj1ix9mg"}
{"type":"log","timestamp":1704832906935,"level":"debug","message":"Inline data specified.","meta":{"rootId":"4ik75e0hpywt8oq","id":"lnnpavmbkk0yhai"},"id":"3ih1ouf6vpznl43","previousOperationId":"mlqktwamj1ix9mg"}
{"type":"log","timestamp":1704832906938,"level":"debug","message":"Base url not specified, skipping its injection.","meta":{"rootId":"4ik75e0hpywt8oq","id":"lnnpavmbkk0yhai"},"id":"ni79xm018hdbsdu","previousOperationId":"mlqktwamj1ix9mg"}
{"type":"operationStart","subtype":"engine","name":"handlebars","timestamp":1704832906939,"id":"tbz9lh7fquuok8a","previousEventId":"ovaomucqjgasftf","operationId":"6ygxtutdvfzsqz0","previousOperationId":"mlqktwamj1ix9mg"}
{"type":"log","timestamp":1704832906939,"level":"debug","message":"Rendering engine handlebars","meta":{"rootId":"4ik75e0hpywt8oq","id":"lnnpavmbkk0yhai"},"id":"ecagpd6203kyhhh","previousOperationId":"6ygxtutdvfzsqz0"}
{"type":"operationEnd","operationId":"6ygxtutdvfzsqz0","timestamp":1704832906964,"id":"radskutxazu17b6","previousEventId":"tbz9lh7fquuok8a","previousOperationId":"6ygxtutdvfzsqz0"}
{"type":"operationStart","subtype":"recipe","name":"chrome-pdf","timestamp":1704832906964,"id":"h3if3uurg4guat8","previousEventId":"radskutxazu17b6","operationId":"boon8us7uxx1z88","previousOperationId":"6ygxtutdvfzsqz0"}
{"type":"log","timestamp":1704832906964,"level":"debug","message":"Executing recipe chrome-pdf","meta":{"rootId":"4ik75e0hpywt8oq","id":"lnnpavmbkk0yhai"},"id":"4dcyviaxrpxth32","previousOperationId":"boon8us7uxx1z88"}
{"type":"log","timestamp":1704832906966,"level":"debug","message":"Converting with chrome HeadlessChrome/117.0.5938.149 using chrome-pool strategy","meta":{"rootId":"4ik75e0hpywt8oq","id":"lnnpavmbkk0yhai"},"id":"xt21emvqlwhe87a","previousOperationId":"boon8us7uxx1z88"}
{"type":"log","timestamp":1704832907108,"level":"debug","message":"Page request: GET (document) file:///C:/Users/arida/AppData/Local/Temp/jsreport/autocleanup/240cb9ef-5191-4cc3-b0fe-d8bf31f593f5-chrome-pdf.html","meta":{"rootId":"4ik75e0hpywt8oq","id":"lnnpavmbkk0yhai"},"id":"vzfntfizuy8pazf","previousOperationId":"boon8us7uxx1z88"}
{"type":"log","timestamp":1704832907121,"level":"debug","message":"Page request: GET (stylesheet) https://cdnjs.cloudflare.com/ajax/libs/metro/4.1.5/css/metro.min.css","meta":{"rootId":"4ik75e0hpywt8oq","id":"lnnpavmbkk0yhai"},"id":"l9tcis1e4ycph9y","previousOperationId":"boon8us7uxx1z88"}
{"type":"log","timestamp":1704832907121,"level":"debug","message":"Page request finished: GET (document) 200 file:///C:/Users/arida/AppData/Local/Temp/jsreport/autocleanup/240cb9ef-5191-4cc3-b0fe-d8bf31f593f5-chrome-pdf.html","meta":{"rootId":"4ik75e0hpywt8oq","id":"lnnpavmbkk0yhai"},"id":"mk9tgcnhcn4b1da","previousOperationId":"boon8us7uxx1z88"}
{"type":"log","timestamp":1704832907144,"level":"debug","message":"Page request finished: GET (stylesheet) 200 https://cdnjs.cloudflare.com/ajax/libs/metro/4.1.5/css/metro.min.css","meta":{"rootId":"4ik75e0hpywt8oq","id":"lnnpavmbkk0yhai"},"id":"mtdk32qgwppnak3","previousOperationId":"boon8us7uxx1z88"}
{"type":"log","timestamp":1704832907174,"level":"debug","message":"Running chrome with params {\"printBackground\":true,\"marginTop\":\"1.5cm\",\"marginRight\":\"1.5cm\",\"marginLeft\":\"1.cm\",\"timeout\":57771,\"margin\":{\"top\":\"1.5cm\",\"right\":\"1.5cm\",\"left\":\"1.cm\"}}","meta":{"rootId":"4ik75e0hpywt8oq","id":"lnnpavmbkk0yhai"},"id":"8p59tt2pt5efdm8","previousOperationId":"boon8us7uxx1z88"}
{"type":"operationEnd","operationId":"boon8us7uxx1z88","timestamp":1704832907233,"id":"g4l2nxzm689e742","previousEventId":"h3if3uurg4guat8","previousOperationId":"boon8us7uxx1z88"}
{"type":"log","timestamp":1704832907233,"level":"debug","message":"Skipping storing report.","meta":{"rootId":"4ik75e0hpywt8oq","id":"lnnpavmbkk0yhai"},"id":"lsjc6e4sdh2hgd1","previousOperationId":"boon8us7uxx1z88"}
{"type":"log","timestamp":1704832907233,"level":"info","message":"Rendering (child) request finished in 2497 ms","meta":{"rootId":"4ik75e0hpywt8oq","id":"lnnpavmbkk0yhai"},"id":"joy804m96yvv8s0","previousOperationId":"boon8us7uxx1z88"}
{"type":"operationEnd","subtype":"render","operationId":"mlqktwamj1ix9mg","timestamp":1704832907233,"id":"pencqlql3t6acfe","previousEventId":"g4l2nxzm689e742","previousOperationId":"boon8us7uxx1z88"}
{"type":"operationEnd","operationId":"oef70ug1cx31h2h","timestamp":1704832907249,"id":"3124s7hdrhhsb48","previousEventId":"hur5usg1leszafc","previousOperationId":"oef70ug1cx31h2h"}
{"type":"log","timestamp":1704832907249,"level":"debug","message":"pdf-utils postproces start","meta":{"rootId":"4ik75e0hpywt8oq","id":"4ik75e0hpywt8oq"},"id":"mc4r8s629zev23w","previousOperationId":"oef70ug1cx31h2h"}
{"type":"log","timestamp":1704832907270,"level":"debug","message":"pdf-utils postproces end","meta":{"rootId":"4ik75e0hpywt8oq","id":"4ik75e0hpywt8oq"},"id":"jdqku47upduhc6d","previousOperationId":"oef70ug1cx31h2h"}
{"type":"operationEnd","operationId":"786i7roawhkp788","timestamp":1704832907270,"id":"yjdjacpbuutsew0","previousEventId":"3124s7hdrhhsb48","previousOperationId":"oef70ug1cx31h2h"}
{"type":"log","timestamp":1704832907270,"level":"info","message":"pdf-utils pdf processing was finished","meta":{"rootId":"4ik75e0hpywt8oq","id":"4ik75e0hpywt8oq"},"id":"4hxwrh7gdefh45b","previousOperationId":"786i7roawhkp788"}
{"type":"log","timestamp":1704832907270,"level":"debug","message":"Skipping storing report.","meta":{"rootId":"4ik75e0hpywt8oq","id":"4ik75e0hpywt8oq"},"id":"4eysl5yp9efxkik","previousOperationId":"786i7roawhkp788"}
{"type":"log","timestamp":1704832907270,"level":"info","message":"Rendering request 6 finished in 2534 ms","meta":{"rootId":"4ik75e0hpywt8oq","id":"4ik75e0hpywt8oq"},"id":"pxgk6jp7rk68u4z","previousOperationId":"786i7roawhkp788"}
{"type":"operationEnd","subtype":"render","operationId":"avvubdqgvjrxw3u","timestamp":1704832907270,"id":"qiy9vg9n1e8a0og","previousEventId":"yjdjacpbuutsew0","previousOperationId":"786i7roawhkp788"}
{"type":"operationEnd","doDiffs":false,"previousEventId":"h2ofremck6smtkp","previousOperationId":"zw0z9c2g26trfp6","operationId":"zw0z9c2g26trfp6","timestamp":1704832907277,"id":"2243rxyy27n8rbd"}
