{"type":"operationStart","subtype":"profile","data":{"_id":"00vfnD6gtZKSOjQY","timestamp":"2024-01-14T19:13:22.253Z","state":"queued","mode":"standard","creationDate":"2024-01-14T19:13:22.257Z","modificationDate":"2024-01-14T19:13:22.257Z","shortid":"c24n9BZ","$entitySet":"profiles"},"doDiffs":false,"timestamp":1705259602256,"id":"kq2j0ydxkm7o3in","previousOperationId":null,"operationId":"1zmpvfvpw9662zq"}
{"type":"log","level":"info","message":"Render request 10 queued for execution and waiting for available worker","previousOperationId":"1zmpvfvpw9662zq","timestamp":1705259602256,"id":"v9esjj653e5x4lb"}
{"type":"operationStart","subtype":"render","name":"orders-main","previousOperationId":"1zmpvfvpw9662zq","timestamp":1705259602263,"id":"d22dtxsbua9p5m4","previousEventId":"kq2j0ydxkm7o3in","operationId":"ylvilo5ns4gg0fm"}
{"type":"log","timestamp":1705259602263,"level":"info","message":"Starting rendering request 10","meta":{"rootId":"4jhqkqo8ta6epao","id":"4jhqkqo8ta6epao"},"id":"rbtpwoc98g93p3c","previousOperationId":"ylvilo5ns4gg0fm"}
{"type":"log","timestamp":1705259602264,"level":"info","message":"Rendering template { name: orders-main, recipe: chrome-pdf, engine: handlebars, preview: false }","meta":{"rootId":"4jhqkqo8ta6epao","id":"4jhqkqo8ta6epao"},"id":"hec6nxgdt74jmbf","previousOperationId":"ylvilo5ns4gg0fm"}
{"type":"log","timestamp":1705259602266,"level":"debug","message":"Data item not defined for this template.","meta":{"rootId":"4jhqkqo8ta6epao","id":"4jhqkqo8ta6epao"},"id":"vhxkx7h9ev9687w","previousOperationId":"ylvilo5ns4gg0fm"}
{"type":"log","timestamp":1705259602270,"level":"debug","message":"Executing script orders-script (beforeRender)","meta":{"rootId":"4jhqkqo8ta6epao","id":"4jhqkqo8ta6epao"},"id":"onlnocw9h2r2ul7","previousOperationId":"ylvilo5ns4gg0fm"}
{"type":"operationStart","subtype":"scriptsBeforeRender","name":"scripts beforeRender","timestamp":1705259602281,"id":"133yomx675s9xey","previousEventId":"d22dtxsbua9p5m4","operationId":"je5cj6e820efm6b","previousOperationId":"ylvilo5ns4gg0fm"}
{"type":"operationStart","subtype":"script","name":"scripts orders-script","previousOperationId":"je5cj6e820efm6b","timestamp":1705259602281,"id":"hni1p0fjsaii1l2","previousEventId":"133yomx675s9xey","operationId":"sj95kimzejwee85"}
{"type":"operationEnd","operationId":"sj95kimzejwee85","timestamp":1705259602295,"id":"ippzek0c4o8iulp","previousEventId":"d22dtxsbua9p5m4","previousOperationId":"ylvilo5ns4gg0fm"}
{"type":"operationEnd","operationId":"je5cj6e820efm6b","timestamp":1705259602295,"id":"b97iua0e41ayhx6","previousEventId":"ippzek0c4o8iulp","previousOperationId":"ylvilo5ns4gg0fm"}
{"type":"log","timestamp":1705259602295,"level":"debug","message":"Base url not specified, skipping its injection.","meta":{"rootId":"4jhqkqo8ta6epao","id":"4jhqkqo8ta6epao"},"id":"8q7tb07jrc4kq93","previousOperationId":"je5cj6e820efm6b"}
{"type":"operationStart","subtype":"engine","name":"handlebars","timestamp":1705259602295,"id":"63uost39bauv0oj","previousEventId":"b97iua0e41ayhx6","operationId":"ei4om1ll1h18hlz","previousOperationId":"je5cj6e820efm6b"}
{"type":"log","timestamp":1705259602295,"level":"debug","message":"Rendering engine handlebars","meta":{"rootId":"4jhqkqo8ta6epao","id":"4jhqkqo8ta6epao"},"id":"sspknslj2h5s9z6","previousOperationId":"ei4om1ll1h18hlz"}
{"type":"operationEnd","operationId":"ei4om1ll1h18hlz","timestamp":1705259602304,"id":"53wahean6g0m5l0","previousEventId":"63uost39bauv0oj","previousOperationId":"ei4om1ll1h18hlz"}
{"type":"operationStart","subtype":"recipe","name":"chrome-pdf","timestamp":1705259602304,"id":"onhldnr50utz67a","previousEventId":"53wahean6g0m5l0","operationId":"wuad47jtyllzc54","previousOperationId":"ei4om1ll1h18hlz"}
{"type":"log","timestamp":1705259602304,"level":"debug","message":"Executing recipe chrome-pdf","meta":{"rootId":"4jhqkqo8ta6epao","id":"4jhqkqo8ta6epao"},"id":"3cujva26mdpr3cn","previousOperationId":"wuad47jtyllzc54"}
{"type":"log","timestamp":1705259602307,"level":"debug","message":"Converting with chrome HeadlessChrome/117.0.5938.149 using chrome-pool strategy","meta":{"rootId":"4jhqkqo8ta6epao","id":"4jhqkqo8ta6epao"},"id":"qf6s5v599equsla","previousOperationId":"wuad47jtyllzc54"}
{"type":"log","timestamp":1705259602437,"level":"debug","message":"Page request: GET (document) file:///C:/Users/arida/AppData/Local/Temp/jsreport/autocleanup/546ee7a0-ff38-459c-994e-21c2a4a20736-chrome-pdf.html","meta":{"rootId":"4jhqkqo8ta6epao","id":"4jhqkqo8ta6epao"},"id":"liyqdhqhy4pt0jn","previousOperationId":"wuad47jtyllzc54"}
{"type":"log","timestamp":1705259602449,"level":"debug","message":"Page request: GET (stylesheet) https://cdnjs.cloudflare.com/ajax/libs/metro/4.1.5/css/metro.min.css","meta":{"rootId":"4jhqkqo8ta6epao","id":"4jhqkqo8ta6epao"},"id":"oibt5tf6aqw3g7u","previousOperationId":"wuad47jtyllzc54"}
{"type":"log","timestamp":1705259602450,"level":"debug","message":"Page request: GET (script) https://cdnjs.cloudflare.com/ajax/libs/Chart.js/2.7.2/Chart.min.js","meta":{"rootId":"4jhqkqo8ta6epao","id":"4jhqkqo8ta6epao"},"id":"yce7k8ziljouwoj","previousOperationId":"wuad47jtyllzc54"}
{"type":"log","timestamp":1705259602450,"level":"debug","message":"Page request finished: GET (document) 200 file:///C:/Users/arida/AppData/Local/Temp/jsreport/autocleanup/546ee7a0-ff38-459c-994e-21c2a4a20736-chrome-pdf.html","meta":{"rootId":"4jhqkqo8ta6epao","id":"4jhqkqo8ta6epao"},"id":"oa9hq9g4dkeduqq","previousOperationId":"wuad47jtyllzc54"}
{"type":"log","timestamp":1705259602472,"level":"debug","message":"Page request finished: GET (stylesheet) 200 https://cdnjs.cloudflare.com/ajax/libs/metro/4.1.5/css/metro.min.css","meta":{"rootId":"4jhqkqo8ta6epao","id":"4jhqkqo8ta6epao"},"id":"rs4ax6sjliszkja","previousOperationId":"wuad47jtyllzc54"}
{"type":"log","timestamp":1705259602473,"level":"debug","message":"Page request finished: GET (script) 200 https://cdnjs.cloudflare.com/ajax/libs/Chart.js/2.7.2/Chart.min.js","meta":{"rootId":"4jhqkqo8ta6epao","id":"4jhqkqo8ta6epao"},"id":"hagesnrfm631fpj","previousOperationId":"wuad47jtyllzc54"}
{"type":"log","timestamp":1705259602496,"level":"debug","message":"Running chrome with params {\"printBackground\":true,\"marginTop\":\"4cm\",\"marginRight\":\"1.5cm\",\"marginBottom\":\"1.5cm\",\"marginLeft\":\"1.5cm\",\"waitForJS\":false,\"timeout\":59947,\"margin\":{\"top\":\"4cm\",\"right\":\"1.5cm\",\"bottom\":\"1.5cm\",\"left\":\"1.5cm\"}}","meta":{"rootId":"4jhqkqo8ta6epao","id":"4jhqkqo8ta6epao"},"id":"rk26krm8xj87xeb","previousOperationId":"wuad47jtyllzc54"}
{"type":"operationEnd","operationId":"wuad47jtyllzc54","timestamp":1705259602540,"id":"h6jm36cyfumclia","previousEventId":"onhldnr50utz67a","previousOperationId":"wuad47jtyllzc54"}
{"type":"log","timestamp":1705259602540,"level":"info","message":"pdf-utils is starting pdf processing","meta":{"rootId":"4jhqkqo8ta6epao","id":"4jhqkqo8ta6epao"},"id":"vnf96ge684bw4dc","previousOperationId":"wuad47jtyllzc54"}
{"type":"operationStart","subtype":"pdfUtils","name":"pdf utils","timestamp":1705259602540,"id":"fmfo3e3l1wksj6v","previousEventId":"h6jm36cyfumclia","operationId":"pq78ap0pgzte1fw","previousOperationId":"wuad47jtyllzc54"}
{"type":"log","timestamp":1705259602540,"level":"debug","message":"pdf-utils detected 1 pdf operation(s) to process","meta":{"rootId":"4jhqkqo8ta6epao","id":"4jhqkqo8ta6epao"},"id":"75dpoiq1sspa7qv","previousOperationId":"pq78ap0pgzte1fw"}
{"type":"log","timestamp":1705259602552,"level":"debug","message":"pdf-utils running pdf operation merge","meta":{"rootId":"4jhqkqo8ta6epao","id":"4jhqkqo8ta6epao"},"id":"hcxarg2854vx84j","previousOperationId":"pq78ap0pgzte1fw"}
{"type":"operationStart","subtype":"pdfUtilsMerge","name":"pdf utils merge","previousOperationId":"pq78ap0pgzte1fw","timestamp":1705259602552,"id":"9z0dwamvwo0ejv4","previousEventId":"fmfo3e3l1wksj6v","operationId":"h2ose4cnjwilesm"}
{"type":"operationStart","subtype":"render","name":"orders-header","previousOperationId":"h2ose4cnjwilesm","timestamp":1705259602553,"id":"9ioh862lhpgyy1r","previousEventId":"9z0dwamvwo0ejv4","operationId":"1j4eu4u1jekasgq"}
{"type":"log","timestamp":1705259602553,"level":"info","message":"Starting rendering (child) request","meta":{"rootId":"4jhqkqo8ta6epao","id":"87jjhsuta2pgqne"},"id":"myjl8z1g7q6g7cz","previousOperationId":"1j4eu4u1jekasgq"}
{"type":"log","timestamp":1705259602553,"level":"info","message":"Rendering template { name: orders-header, recipe: chrome-pdf, engine: handlebars, preview: false }","meta":{"rootId":"4jhqkqo8ta6epao","id":"87jjhsuta2pgqne"},"id":"8n22ji2itjbrqqp","previousOperationId":"1j4eu4u1jekasgq"}
{"type":"log","timestamp":1705259602554,"level":"debug","message":"Inline data specified.","meta":{"rootId":"4jhqkqo8ta6epao","id":"87jjhsuta2pgqne"},"id":"e01uxk8axtv4tpj","previousOperationId":"1j4eu4u1jekasgq"}
{"type":"log","timestamp":1705259602557,"level":"debug","message":"Base url not specified, skipping its injection.","meta":{"rootId":"4jhqkqo8ta6epao","id":"87jjhsuta2pgqne"},"id":"wc8heow8p1em45c","previousOperationId":"1j4eu4u1jekasgq"}
{"type":"operationStart","subtype":"engine","name":"handlebars","timestamp":1705259602557,"id":"sdibgvgqw14lrif","previousEventId":"9ioh862lhpgyy1r","operationId":"uh3wdfbtp9czrz9","previousOperationId":"1j4eu4u1jekasgq"}
{"type":"log","timestamp":1705259602557,"level":"debug","message":"Rendering engine handlebars","meta":{"rootId":"4jhqkqo8ta6epao","id":"87jjhsuta2pgqne"},"id":"c4lemoy7b53a0sm","previousOperationId":"uh3wdfbtp9czrz9"}
{"type":"operationEnd","operationId":"uh3wdfbtp9czrz9","timestamp":1705259602574,"id":"3zj5ycg6zluti75","previousEventId":"sdibgvgqw14lrif","previousOperationId":"uh3wdfbtp9czrz9"}
{"type":"operationStart","subtype":"recipe","name":"chrome-pdf","timestamp":1705259602574,"id":"doa1c3ikiy0yqzw","previousEventId":"3zj5ycg6zluti75","operationId":"qy31i93eoeqedqd","previousOperationId":"uh3wdfbtp9czrz9"}
{"type":"log","timestamp":1705259602574,"level":"debug","message":"Executing recipe chrome-pdf","meta":{"rootId":"4jhqkqo8ta6epao","id":"87jjhsuta2pgqne"},"id":"31kzimavj5obsst","previousOperationId":"qy31i93eoeqedqd"}
{"type":"log","timestamp":1705259602577,"level":"debug","message":"Converting with chrome HeadlessChrome/117.0.5938.149 using chrome-pool strategy","meta":{"rootId":"4jhqkqo8ta6epao","id":"87jjhsuta2pgqne"},"id":"88klgs81n3gxyxv","previousOperationId":"qy31i93eoeqedqd"}
{"type":"log","timestamp":1705259602698,"level":"debug","message":"Page request: GET (document) file:///C:/Users/arida/AppData/Local/Temp/jsreport/autocleanup/d94b167a-e989-491f-bbbb-7cf4ed08951d-chrome-pdf.html","meta":{"rootId":"4jhqkqo8ta6epao","id":"87jjhsuta2pgqne"},"id":"6oa2650f1jhgol1","previousOperationId":"qy31i93eoeqedqd"}
{"type":"log","timestamp":1705259602709,"level":"debug","message":"Page request: GET (stylesheet) https://cdnjs.cloudflare.com/ajax/libs/metro/4.1.5/css/metro.min.css","meta":{"rootId":"4jhqkqo8ta6epao","id":"87jjhsuta2pgqne"},"id":"o297c5xw3riddxu","previousOperationId":"qy31i93eoeqedqd"}
{"type":"log","timestamp":1705259602710,"level":"debug","message":"Page request finished: GET (document) 200 file:///C:/Users/arida/AppData/Local/Temp/jsreport/autocleanup/d94b167a-e989-491f-bbbb-7cf4ed08951d-chrome-pdf.html","meta":{"rootId":"4jhqkqo8ta6epao","id":"87jjhsuta2pgqne"},"id":"xd4p6p46crm5l7l","previousOperationId":"qy31i93eoeqedqd"}
{"type":"log","timestamp":1705259602732,"level":"debug","message":"Page request finished: GET (stylesheet) 200 https://cdnjs.cloudflare.com/ajax/libs/metro/4.1.5/css/metro.min.css","meta":{"rootId":"4jhqkqo8ta6epao","id":"87jjhsuta2pgqne"},"id":"44dzzdp7pfkdc8u","previousOperationId":"qy31i93eoeqedqd"}
{"type":"log","timestamp":1705259602755,"level":"debug","message":"Running chrome with params {\"printBackground\":true,\"marginTop\":\"1.5cm\",\"marginRight\":\"1.5cm\",\"marginLeft\":\"1.cm\",\"timeout\":59677,\"margin\":{\"top\":\"1.5cm\",\"right\":\"1.5cm\",\"left\":\"1.cm\"}}","meta":{"rootId":"4jhqkqo8ta6epao","id":"87jjhsuta2pgqne"},"id":"3l92pbjlyqim92i","previousOperationId":"qy31i93eoeqedqd"}
{"type":"operationEnd","operationId":"qy31i93eoeqedqd","timestamp":1705259602798,"id":"uihfbhkehfc5rjg","previousEventId":"doa1c3ikiy0yqzw","previousOperationId":"qy31i93eoeqedqd"}
{"type":"log","timestamp":1705259602798,"level":"debug","message":"Skipping storing report.","meta":{"rootId":"4jhqkqo8ta6epao","id":"87jjhsuta2pgqne"},"id":"e95f3sbif3qi55z","previousOperationId":"qy31i93eoeqedqd"}
{"type":"log","timestamp":1705259602798,"level":"info","message":"Rendering (child) request finished in 545 ms","meta":{"rootId":"4jhqkqo8ta6epao","id":"87jjhsuta2pgqne"},"id":"qph7i8uj9dkwj7u","previousOperationId":"qy31i93eoeqedqd"}
{"type":"operationEnd","subtype":"render","operationId":"1j4eu4u1jekasgq","timestamp":1705259602798,"id":"2mtv8wnvcykause","previousEventId":"uihfbhkehfc5rjg","previousOperationId":"qy31i93eoeqedqd"}
{"type":"operationEnd","operationId":"h2ose4cnjwilesm","timestamp":1705259602806,"id":"etzxag3zlbulfxr","previousEventId":"9z0dwamvwo0ejv4","previousOperationId":"h2ose4cnjwilesm"}
{"type":"log","timestamp":1705259602806,"level":"debug","message":"pdf-utils postproces start","meta":{"rootId":"4jhqkqo8ta6epao","id":"4jhqkqo8ta6epao"},"id":"of9xwsajsynu7jt","previousOperationId":"h2ose4cnjwilesm"}
{"type":"log","timestamp":1705259602814,"level":"debug","message":"pdf-utils postproces end","meta":{"rootId":"4jhqkqo8ta6epao","id":"4jhqkqo8ta6epao"},"id":"zpr4r576o14u8zz","previousOperationId":"h2ose4cnjwilesm"}
{"type":"operationEnd","operationId":"pq78ap0pgzte1fw","timestamp":1705259602814,"id":"7n1w2eg3git2ya2","previousEventId":"etzxag3zlbulfxr","previousOperationId":"h2ose4cnjwilesm"}
{"type":"log","timestamp":1705259602814,"level":"info","message":"pdf-utils pdf processing was finished","meta":{"rootId":"4jhqkqo8ta6epao","id":"4jhqkqo8ta6epao"},"id":"0946qjd7jklh0hc","previousOperationId":"pq78ap0pgzte1fw"}
{"type":"log","timestamp":1705259602814,"level":"debug","message":"Skipping storing report.","meta":{"rootId":"4jhqkqo8ta6epao","id":"4jhqkqo8ta6epao"},"id":"0zkimr4g3j68nul","previousOperationId":"pq78ap0pgzte1fw"}
{"type":"log","timestamp":1705259602814,"level":"info","message":"Rendering request 10 finished in 561 ms","meta":{"rootId":"4jhqkqo8ta6epao","id":"4jhqkqo8ta6epao"},"id":"97mqqel7ul3ghal","previousOperationId":"pq78ap0pgzte1fw"}
{"type":"operationEnd","subtype":"render","operationId":"ylvilo5ns4gg0fm","timestamp":1705259602814,"id":"z4ii6rhmf6nrznc","previousEventId":"7n1w2eg3git2ya2","previousOperationId":"pq78ap0pgzte1fw"}
{"type":"operationEnd","doDiffs":false,"previousEventId":"kq2j0ydxkm7o3in","previousOperationId":"1zmpvfvpw9662zq","operationId":"1zmpvfvpw9662zq","timestamp":1705259602820,"id":"bia88qwvr9phj6k"}
