{"type":"operationStart","subtype":"profile","data":{"_id":"JWehU0riq2R96jGN","timestamp":"2024-01-14T17:55:54.155Z","state":"queued","mode":"standard","creationDate":"2024-01-14T17:55:54.159Z","modificationDate":"2024-01-14T17:55:54.159Z","shortid":"3edSPNj","$entitySet":"profiles"},"doDiffs":false,"timestamp":1705254954156,"id":"k7wawqg7ba8lroc","previousOperationId":null,"operationId":"mmsjsk87f0gct1e"}
{"type":"log","level":"info","message":"Render request 1 queued for execution and waiting for available worker","previousOperationId":"mmsjsk87f0gct1e","timestamp":1705254954157,"id":"sjw8tljncjqe6f5"}
{"type":"operationStart","subtype":"render","name":"orders-main","previousOperationId":"mmsjsk87f0gct1e","timestamp":1705254954195,"id":"ffrod9961pafgxb","previousEventId":"k7wawqg7ba8lroc","operationId":"f9yo3oerqgg4z1t"}
{"type":"log","timestamp":1705254954196,"level":"info","message":"Starting rendering request 1","meta":{"rootId":"4r5s3nrr2xcryk2","id":"4r5s3nrr2xcryk2"},"id":"ym8gjt4agmyv925","previousOperationId":"f9yo3oerqgg4z1t"}
{"type":"log","timestamp":1705254954197,"level":"info","message":"Rendering template { name: orders-main, recipe: chrome-pdf, engine: handlebars, preview: true }","meta":{"rootId":"4r5s3nrr2xcryk2","id":"4r5s3nrr2xcryk2"},"id":"4p51ae07z7vpqdg","previousOperationId":"f9yo3oerqgg4z1t"}
{"type":"log","timestamp":1705254954206,"level":"debug","message":"Data item not defined for this template.","meta":{"rootId":"4r5s3nrr2xcryk2","id":"4r5s3nrr2xcryk2"},"id":"jggccz0405bjesc","previousOperationId":"f9yo3oerqgg4z1t"}
{"type":"log","timestamp":1705254954213,"level":"debug","message":"Executing script orders-script (beforeRender)","meta":{"rootId":"4r5s3nrr2xcryk2","id":"4r5s3nrr2xcryk2"},"id":"goum44horp08chx","previousOperationId":"f9yo3oerqgg4z1t"}
{"type":"operationStart","subtype":"scriptsBeforeRender","name":"scripts beforeRender","timestamp":1705254954639,"id":"c0epy47ffyud920","previousEventId":"ffrod9961pafgxb","operationId":"r15161kq7w5t96k","previousOperationId":"f9yo3oerqgg4z1t"}
{"type":"operationStart","subtype":"script","name":"scripts orders-script","previousOperationId":"r15161kq7w5t96k","timestamp":1705254954639,"id":"plaxbg9wywvk5f1","previousEventId":"c0epy47ffyud920","operationId":"ec29qcsmy6df1kx"}
{"type":"operationEnd","operationId":"ec29qcsmy6df1kx","timestamp":1705254954673,"id":"64vx32u38a3o61k","previousEventId":"ffrod9961pafgxb","previousOperationId":"f9yo3oerqgg4z1t"}
{"type":"operationEnd","operationId":"r15161kq7w5t96k","timestamp":1705254954673,"id":"6mbyna14xvbus9u","previousEventId":"64vx32u38a3o61k","previousOperationId":"f9yo3oerqgg4z1t"}
{"type":"log","timestamp":1705254954673,"level":"debug","message":"Base url not specified, skipping its injection.","meta":{"rootId":"4r5s3nrr2xcryk2","id":"4r5s3nrr2xcryk2"},"id":"dhdk72m6hnlq78j","previousOperationId":"r15161kq7w5t96k"}
{"type":"operationStart","subtype":"engine","name":"handlebars","timestamp":1705254954674,"id":"beke92sx43m1ygi","previousEventId":"6mbyna14xvbus9u","operationId":"48bfsvop6bfhsaz","previousOperationId":"r15161kq7w5t96k"}
{"type":"log","timestamp":1705254954674,"level":"debug","message":"Rendering engine handlebars","meta":{"rootId":"4r5s3nrr2xcryk2","id":"4r5s3nrr2xcryk2"},"id":"ndbr5x98mwph0lf","previousOperationId":"48bfsvop6bfhsaz"}
{"type":"operationEnd","operationId":"48bfsvop6bfhsaz","timestamp":1705254954993,"id":"cmzg364oensixur","previousEventId":"beke92sx43m1ygi","previousOperationId":"48bfsvop6bfhsaz"}
{"type":"operationStart","subtype":"recipe","name":"chrome-pdf","timestamp":1705254954994,"id":"dmk6ydg707hwfcd","previousEventId":"cmzg364oensixur","operationId":"v9jlr9mgwxehng7","previousOperationId":"48bfsvop6bfhsaz"}
{"type":"log","timestamp":1705254954994,"level":"debug","message":"Executing recipe chrome-pdf","meta":{"rootId":"4r5s3nrr2xcryk2","id":"4r5s3nrr2xcryk2"},"id":"g7fcxndpmtb9v0y","previousOperationId":"v9jlr9mgwxehng7"}
{"type":"log","timestamp":1705254955841,"level":"debug","message":"Converting with chrome HeadlessChrome/117.0.5938.149 using chrome-pool strategy","meta":{"rootId":"4r5s3nrr2xcryk2","id":"4r5s3nrr2xcryk2"},"id":"ksp5nmtnsdpvb2b","previousOperationId":"v9jlr9mgwxehng7"}
{"type":"log","timestamp":1705254956077,"level":"debug","message":"Page request: GET (document) file:///C:/Users/arida/AppData/Local/Temp/jsreport/autocleanup/efede0f2-d107-4a7a-8eba-eb67eb1a70bc-chrome-pdf.html","meta":{"rootId":"4r5s3nrr2xcryk2","id":"4r5s3nrr2xcryk2"},"id":"bhzfm05i49h3fqy","previousOperationId":"v9jlr9mgwxehng7"}
{"type":"log","timestamp":1705254956102,"level":"debug","message":"Page request: GET (stylesheet) https://cdnjs.cloudflare.com/ajax/libs/metro/4.1.5/css/metro.min.css","meta":{"rootId":"4r5s3nrr2xcryk2","id":"4r5s3nrr2xcryk2"},"id":"wg732ddqst0qabd","previousOperationId":"v9jlr9mgwxehng7"}
{"type":"log","timestamp":1705254956104,"level":"debug","message":"Page request: GET (script) https://cdnjs.cloudflare.com/ajax/libs/Chart.js/2.7.2/Chart.min.js","meta":{"rootId":"4r5s3nrr2xcryk2","id":"4r5s3nrr2xcryk2"},"id":"my1ymeym6mbhzkt","previousOperationId":"v9jlr9mgwxehng7"}
{"type":"log","timestamp":1705254956105,"level":"debug","message":"Page request finished: GET (document) 200 file:///C:/Users/arida/AppData/Local/Temp/jsreport/autocleanup/efede0f2-d107-4a7a-8eba-eb67eb1a70bc-chrome-pdf.html","meta":{"rootId":"4r5s3nrr2xcryk2","id":"4r5s3nrr2xcryk2"},"id":"ikpc6p487wqdo6z","previousOperationId":"v9jlr9mgwxehng7"}
{"type":"log","timestamp":1705254956349,"level":"debug","message":"Page request finished: GET (stylesheet) 200 https://cdnjs.cloudflare.com/ajax/libs/metro/4.1.5/css/metro.min.css","meta":{"rootId":"4r5s3nrr2xcryk2","id":"4r5s3nrr2xcryk2"},"id":"c8hsmyipgj6ei4b","previousOperationId":"v9jlr9mgwxehng7"}
{"type":"log","timestamp":1705254956375,"level":"debug","message":"Page request finished: GET (script) 200 https://cdnjs.cloudflare.com/ajax/libs/Chart.js/2.7.2/Chart.min.js","meta":{"rootId":"4r5s3nrr2xcryk2","id":"4r5s3nrr2xcryk2"},"id":"k3piotvjx4cnco2","previousOperationId":"v9jlr9mgwxehng7"}
{"type":"log","timestamp":1705254956418,"level":"debug","message":"Running chrome with params {\"printBackground\":true,\"marginTop\":\"4cm\",\"marginRight\":\"1.5cm\",\"marginBottom\":\"1.5cm\",\"marginLeft\":\"1.5cm\",\"waitForJS\":false,\"timeout\":58539,\"margin\":{\"top\":\"4cm\",\"right\":\"1.5cm\",\"bottom\":\"1.5cm\",\"left\":\"1.5cm\"}}","meta":{"rootId":"4r5s3nrr2xcryk2","id":"4r5s3nrr2xcryk2"},"id":"fqhyhzd1tkoe6ne","previousOperationId":"v9jlr9mgwxehng7"}
{"type":"operationEnd","operationId":"v9jlr9mgwxehng7","timestamp":1705254956471,"id":"04zagk54tzwenpe","previousEventId":"dmk6ydg707hwfcd","previousOperationId":"v9jlr9mgwxehng7"}
{"type":"log","timestamp":1705254956472,"level":"info","message":"pdf-utils is starting pdf processing","meta":{"rootId":"4r5s3nrr2xcryk2","id":"4r5s3nrr2xcryk2"},"id":"2agux52vxmai7gz","previousOperationId":"v9jlr9mgwxehng7"}
{"type":"operationStart","subtype":"pdfUtils","name":"pdf utils","timestamp":1705254956817,"id":"n1hjl841tzgvybq","previousEventId":"04zagk54tzwenpe","operationId":"669olo4510l80b8","previousOperationId":"v9jlr9mgwxehng7"}
{"type":"log","timestamp":1705254956818,"level":"debug","message":"pdf-utils detected 1 pdf operation(s) to process","meta":{"rootId":"4r5s3nrr2xcryk2","id":"4r5s3nrr2xcryk2"},"id":"c111dddiud0yz1i","previousOperationId":"669olo4510l80b8"}
{"type":"log","timestamp":1705254957084,"level":"debug","message":"pdf-utils running pdf operation merge","meta":{"rootId":"4r5s3nrr2xcryk2","id":"4r5s3nrr2xcryk2"},"id":"2bfput6khhgrg9v","previousOperationId":"669olo4510l80b8"}
{"type":"operationStart","subtype":"pdfUtilsMerge","name":"pdf utils merge","previousOperationId":"669olo4510l80b8","timestamp":1705254957084,"id":"6qdkhuqk932j6gp","previousEventId":"n1hjl841tzgvybq","operationId":"ceyl3epcof1dpkd"}
{"type":"operationStart","subtype":"render","name":"orders-header","previousOperationId":"ceyl3epcof1dpkd","timestamp":1705254957091,"id":"j3ntu7diircs588","previousEventId":"6qdkhuqk932j6gp","operationId":"daogym1uxo77lxz"}
{"type":"log","timestamp":1705254957091,"level":"info","message":"Starting rendering (child) request","meta":{"rootId":"4r5s3nrr2xcryk2","id":"duw2parf07l9tl8"},"id":"tch70ar9kg16ji1","previousOperationId":"daogym1uxo77lxz"}
{"type":"log","timestamp":1705254957091,"level":"info","message":"Rendering template { name: orders-header, recipe: chrome-pdf, engine: handlebars, preview: true }","meta":{"rootId":"4r5s3nrr2xcryk2","id":"duw2parf07l9tl8"},"id":"jam3u2zlylg8tza","previousOperationId":"daogym1uxo77lxz"}
{"type":"log","timestamp":1705254957096,"level":"debug","message":"Inline data specified.","meta":{"rootId":"4r5s3nrr2xcryk2","id":"duw2parf07l9tl8"},"id":"4y10ooun10qxcd0","previousOperationId":"daogym1uxo77lxz"}
{"type":"log","timestamp":1705254957099,"level":"debug","message":"Base url not specified, skipping its injection.","meta":{"rootId":"4r5s3nrr2xcryk2","id":"duw2parf07l9tl8"},"id":"hbwqqkfmlya3utw","previousOperationId":"daogym1uxo77lxz"}
{"type":"operationStart","subtype":"engine","name":"handlebars","timestamp":1705254957099,"id":"jphnhwm7kan1znl","previousEventId":"j3ntu7diircs588","operationId":"f5m91v2t3q48qvh","previousOperationId":"daogym1uxo77lxz"}
{"type":"log","timestamp":1705254957099,"level":"debug","message":"Rendering engine handlebars","meta":{"rootId":"4r5s3nrr2xcryk2","id":"duw2parf07l9tl8"},"id":"fnb1sunufak7inc","previousOperationId":"f5m91v2t3q48qvh"}
{"type":"operationEnd","operationId":"f5m91v2t3q48qvh","timestamp":1705254957156,"id":"e438ct5o7j19tb7","previousEventId":"jphnhwm7kan1znl","previousOperationId":"f5m91v2t3q48qvh"}
{"type":"operationStart","subtype":"recipe","name":"chrome-pdf","timestamp":1705254957156,"id":"i5wthztaxqqdmoi","previousEventId":"e438ct5o7j19tb7","operationId":"phsiqd5fxtb0qfk","previousOperationId":"f5m91v2t3q48qvh"}
{"type":"log","timestamp":1705254957156,"level":"debug","message":"Executing recipe chrome-pdf","meta":{"rootId":"4r5s3nrr2xcryk2","id":"duw2parf07l9tl8"},"id":"069xwxs8udww7nn","previousOperationId":"phsiqd5fxtb0qfk"}
{"type":"log","timestamp":1705254957159,"level":"debug","message":"Converting with chrome HeadlessChrome/117.0.5938.149 using chrome-pool strategy","meta":{"rootId":"4r5s3nrr2xcryk2","id":"duw2parf07l9tl8"},"id":"at5o6591obn83nf","previousOperationId":"phsiqd5fxtb0qfk"}
{"type":"log","timestamp":1705254957285,"level":"debug","message":"Page request: GET (document) file:///C:/Users/arida/AppData/Local/Temp/jsreport/autocleanup/c7acf190-f7f1-4c28-ba23-7dc8298f8a17-chrome-pdf.html","meta":{"rootId":"4r5s3nrr2xcryk2","id":"duw2parf07l9tl8"},"id":"1zgu6c779k5k2tn","previousOperationId":"phsiqd5fxtb0qfk"}
{"type":"log","timestamp":1705254957298,"level":"debug","message":"Page request: GET (stylesheet) https://cdnjs.cloudflare.com/ajax/libs/metro/4.1.5/css/metro.min.css","meta":{"rootId":"4r5s3nrr2xcryk2","id":"duw2parf07l9tl8"},"id":"etbxey4t1tyhhme","previousOperationId":"phsiqd5fxtb0qfk"}
{"type":"log","timestamp":1705254957299,"level":"debug","message":"Page request finished: GET (document) 200 file:///C:/Users/arida/AppData/Local/Temp/jsreport/autocleanup/c7acf190-f7f1-4c28-ba23-7dc8298f8a17-chrome-pdf.html","meta":{"rootId":"4r5s3nrr2xcryk2","id":"duw2parf07l9tl8"},"id":"v829tkcapsdip7q","previousOperationId":"phsiqd5fxtb0qfk"}
{"type":"log","timestamp":1705254957324,"level":"debug","message":"Page request finished: GET (stylesheet) 200 https://cdnjs.cloudflare.com/ajax/libs/metro/4.1.5/css/metro.min.css","meta":{"rootId":"4r5s3nrr2xcryk2","id":"duw2parf07l9tl8"},"id":"bjt9e4m4a3hr1ni","previousOperationId":"phsiqd5fxtb0qfk"}
{"type":"log","timestamp":1705254957344,"level":"debug","message":"Running chrome with params {\"printBackground\":true,\"marginTop\":\"1.5cm\",\"marginRight\":\"1.5cm\",\"marginLeft\":\"1.cm\",\"timeout\":56996,\"margin\":{\"top\":\"1.5cm\",\"right\":\"1.5cm\",\"left\":\"1.cm\"}}","meta":{"rootId":"4r5s3nrr2xcryk2","id":"duw2parf07l9tl8"},"id":"ueliug2ad12ep2x","previousOperationId":"phsiqd5fxtb0qfk"}
{"type":"operationEnd","operationId":"phsiqd5fxtb0qfk","timestamp":1705254957382,"id":"xkvgv8ika77xiv8","previousEventId":"i5wthztaxqqdmoi","previousOperationId":"phsiqd5fxtb0qfk"}
{"type":"log","timestamp":1705254957383,"level":"debug","message":"Skipping storing report.","meta":{"rootId":"4r5s3nrr2xcryk2","id":"duw2parf07l9tl8"},"id":"he4ii6ocqkkbbe6","previousOperationId":"phsiqd5fxtb0qfk"}
{"type":"log","timestamp":1705254957383,"level":"info","message":"Rendering (child) request finished in 3229 ms","meta":{"rootId":"4r5s3nrr2xcryk2","id":"duw2parf07l9tl8"},"id":"p5mdaikxc3pvhdj","previousOperationId":"phsiqd5fxtb0qfk"}
{"type":"operationEnd","subtype":"render","operationId":"daogym1uxo77lxz","timestamp":1705254957383,"id":"3xavsu8bkezfrdw","previousEventId":"xkvgv8ika77xiv8","previousOperationId":"phsiqd5fxtb0qfk"}
{"type":"operationEnd","operationId":"ceyl3epcof1dpkd","timestamp":1705254957403,"id":"982gj9m1q9dtcrt","previousEventId":"6qdkhuqk932j6gp","previousOperationId":"ceyl3epcof1dpkd"}
{"type":"log","timestamp":1705254957403,"level":"debug","message":"pdf-utils postproces start","meta":{"rootId":"4r5s3nrr2xcryk2","id":"4r5s3nrr2xcryk2"},"id":"7lwman5l18rsim7","previousOperationId":"ceyl3epcof1dpkd"}
{"type":"log","timestamp":1705254957412,"level":"debug","message":"pdf-utils postproces end","meta":{"rootId":"4r5s3nrr2xcryk2","id":"4r5s3nrr2xcryk2"},"id":"gx4u229tlau88qj","previousOperationId":"ceyl3epcof1dpkd"}
{"type":"operationEnd","operationId":"669olo4510l80b8","timestamp":1705254957412,"id":"3ou0merkkx6qgrv","previousEventId":"982gj9m1q9dtcrt","previousOperationId":"ceyl3epcof1dpkd"}
{"type":"log","timestamp":1705254957413,"level":"info","message":"pdf-utils pdf processing was finished","meta":{"rootId":"4r5s3nrr2xcryk2","id":"4r5s3nrr2xcryk2"},"id":"fl7ty1ot1h5af6n","previousOperationId":"669olo4510l80b8"}
{"type":"log","timestamp":1705254957413,"level":"debug","message":"Skipping storing report.","meta":{"rootId":"4r5s3nrr2xcryk2","id":"4r5s3nrr2xcryk2"},"id":"mdpfy9x73448wix","previousOperationId":"669olo4510l80b8"}
{"type":"log","timestamp":1705254957413,"level":"info","message":"Rendering request 1 finished in 3259 ms","meta":{"rootId":"4r5s3nrr2xcryk2","id":"4r5s3nrr2xcryk2"},"id":"lktbofibdf2ssbw","previousOperationId":"669olo4510l80b8"}
{"type":"operationEnd","subtype":"render","operationId":"f9yo3oerqgg4z1t","timestamp":1705254957413,"id":"irtwlniot7fp9vf","previousEventId":"3ou0merkkx6qgrv","previousOperationId":"669olo4510l80b8"}
{"type":"operationEnd","doDiffs":false,"previousEventId":"k7wawqg7ba8lroc","previousOperationId":"mmsjsk87f0gct1e","operationId":"mmsjsk87f0gct1e","timestamp":1705254957429,"id":"piwovc4lpchv13f"}
