{"type":"operationStart","subtype":"profile","data":{"_id":"CLo7CJLjj94SXhW0","timestamp":"2024-01-14T17:37:59.978Z","state":"queued","mode":"standard","creationDate":"2024-01-14T17:37:59.982Z","modificationDate":"2024-01-14T17:37:59.982Z","shortid":"OIBy7D-","$entitySet":"profiles"},"doDiffs":false,"timestamp":1705253879980,"id":"crv1lyp2zsh0fpn","previousOperationId":null,"operationId":"qz3qofmirfbzxa5"}
{"type":"log","level":"info","message":"Render request 1 queued for execution and waiting for available worker","previousOperationId":"qz3qofmirfbzxa5","timestamp":1705253879980,"id":"w58ipr9gkluqfu8"}
{"type":"operationStart","subtype":"render","name":"orders-main","previousOperationId":"qz3qofmirfbzxa5","timestamp":1705253880020,"id":"k0km73tv9ja00d4","previousEventId":"crv1lyp2zsh0fpn","operationId":"318qh0upx4limyu"}
{"type":"log","timestamp":1705253880021,"level":"info","message":"Starting rendering request 1","meta":{"rootId":"53n2hk6rpfogcer","id":"53n2hk6rpfogcer"},"id":"wp7zp8x0o2igbb3","previousOperationId":"318qh0upx4limyu"}
{"type":"log","timestamp":1705253880023,"level":"info","message":"Rendering template { name: orders-main, recipe: chrome-pdf, engine: handlebars, preview: true }","meta":{"rootId":"53n2hk6rpfogcer","id":"53n2hk6rpfogcer"},"id":"3ca9ypv4pyau9tf","previousOperationId":"318qh0upx4limyu"}
{"type":"log","timestamp":1705253880027,"level":"debug","message":"Data item not defined for this template.","meta":{"rootId":"53n2hk6rpfogcer","id":"53n2hk6rpfogcer"},"id":"e64r017oso7lz5k","previousOperationId":"318qh0upx4limyu"}
{"type":"log","timestamp":1705253880049,"level":"debug","message":"Executing script orders-script (beforeRender)","meta":{"rootId":"53n2hk6rpfogcer","id":"53n2hk6rpfogcer"},"id":"17umyyw9542n0ik","previousOperationId":"318qh0upx4limyu"}
{"type":"operationStart","subtype":"scriptsBeforeRender","name":"scripts beforeRender","timestamp":1705253880466,"id":"59t9gjmdxmqzaq8","previousEventId":"k0km73tv9ja00d4","operationId":"yjcqhwtz1ogz7j7","previousOperationId":"318qh0upx4limyu"}
{"type":"operationStart","subtype":"script","name":"scripts orders-script","previousOperationId":"yjcqhwtz1ogz7j7","timestamp":1705253880466,"id":"uwow9is3w6o4q0s","previousEventId":"59t9gjmdxmqzaq8","operationId":"ysbevgzzquelyt7"}
{"type":"log","timestamp":1705253880515,"level":"debug","message":"(console:log) undefined","meta":{"userLevel":true,"rootId":"53n2hk6rpfogcer","id":"53n2hk6rpfogcer"},"id":"xv2imfcgigysino","previousOperationId":"ysbevgzzquelyt7"}
{"type":"operationEnd","operationId":"ysbevgzzquelyt7","timestamp":1705253880517,"id":"73n7ho4m26ym6fx","previousEventId":"k0km73tv9ja00d4","previousOperationId":"318qh0upx4limyu"}
{"type":"operationEnd","operationId":"yjcqhwtz1ogz7j7","timestamp":1705253880517,"id":"c0jjcyrih9hr1dx","previousEventId":"73n7ho4m26ym6fx","previousOperationId":"318qh0upx4limyu"}
{"type":"log","timestamp":1705253880517,"level":"debug","message":"Base url not specified, skipping its injection.","meta":{"rootId":"53n2hk6rpfogcer","id":"53n2hk6rpfogcer"},"id":"ndi498p0yvw8ec2","previousOperationId":"yjcqhwtz1ogz7j7"}
{"type":"operationStart","subtype":"engine","name":"handlebars","timestamp":1705253880519,"id":"2pvu32j4plol0n6","previousEventId":"c0jjcyrih9hr1dx","operationId":"5ziz22siimfr86y","previousOperationId":"yjcqhwtz1ogz7j7"}
{"type":"log","timestamp":1705253880519,"level":"debug","message":"Rendering engine handlebars","meta":{"rootId":"53n2hk6rpfogcer","id":"53n2hk6rpfogcer"},"id":"6cpnrmfx9pyuj5z","previousOperationId":"5ziz22siimfr86y"}
{"type":"operationEnd","operationId":"5ziz22siimfr86y","timestamp":1705253880918,"id":"l1hz8jzw3uuttjp","previousEventId":"2pvu32j4plol0n6","previousOperationId":"5ziz22siimfr86y"}
{"type":"operationStart","subtype":"recipe","name":"chrome-pdf","timestamp":1705253880919,"id":"rqfgtaw7zici74y","previousEventId":"l1hz8jzw3uuttjp","operationId":"hcddddxixouxdk7","previousOperationId":"5ziz22siimfr86y"}
{"type":"log","timestamp":1705253880919,"level":"debug","message":"Executing recipe chrome-pdf","meta":{"rootId":"53n2hk6rpfogcer","id":"53n2hk6rpfogcer"},"id":"k2rrj62bi6lwvlq","previousOperationId":"hcddddxixouxdk7"}
{"type":"log","timestamp":1705253881769,"level":"debug","message":"Converting with chrome HeadlessChrome/117.0.5938.149 using chrome-pool strategy","meta":{"rootId":"53n2hk6rpfogcer","id":"53n2hk6rpfogcer"},"id":"o794vj28ra892zw","previousOperationId":"hcddddxixouxdk7"}
{"type":"log","timestamp":1705253882018,"level":"debug","message":"Page request: GET (document) file:///C:/Users/arida/AppData/Local/Temp/jsreport/autocleanup/080ab634-d518-4685-a1ee-9be782a30ac7-chrome-pdf.html","meta":{"rootId":"53n2hk6rpfogcer","id":"53n2hk6rpfogcer"},"id":"ze1u2g4mkowf2ja","previousOperationId":"hcddddxixouxdk7"}
{"type":"log","timestamp":1705253882036,"level":"debug","message":"Page request: GET (stylesheet) https://cdnjs.cloudflare.com/ajax/libs/metro/4.1.5/css/metro.min.css","meta":{"rootId":"53n2hk6rpfogcer","id":"53n2hk6rpfogcer"},"id":"s4dp6d608qmbq90","previousOperationId":"hcddddxixouxdk7"}
{"type":"log","timestamp":1705253882036,"level":"debug","message":"Page request: GET (script) https://cdnjs.cloudflare.com/ajax/libs/Chart.js/2.7.2/Chart.min.js","meta":{"rootId":"53n2hk6rpfogcer","id":"53n2hk6rpfogcer"},"id":"8pn53sl4c9jdx36","previousOperationId":"hcddddxixouxdk7"}
{"type":"log","timestamp":1705253882038,"level":"debug","message":"Page request finished: GET (document) 200 file:///C:/Users/arida/AppData/Local/Temp/jsreport/autocleanup/080ab634-d518-4685-a1ee-9be782a30ac7-chrome-pdf.html","meta":{"rootId":"53n2hk6rpfogcer","id":"53n2hk6rpfogcer"},"id":"8bfte7sofrudaln","previousOperationId":"hcddddxixouxdk7"}
{"type":"log","timestamp":1705253882281,"level":"debug","message":"Page request finished: GET (script) 200 https://cdnjs.cloudflare.com/ajax/libs/Chart.js/2.7.2/Chart.min.js","meta":{"rootId":"53n2hk6rpfogcer","id":"53n2hk6rpfogcer"},"id":"3vl0nombm7wyapm","previousOperationId":"hcddddxixouxdk7"}
{"type":"log","timestamp":1705253882339,"level":"debug","message":"Page request finished: GET (stylesheet) 200 https://cdnjs.cloudflare.com/ajax/libs/metro/4.1.5/css/metro.min.css","meta":{"rootId":"53n2hk6rpfogcer","id":"53n2hk6rpfogcer"},"id":"czvbwko2dwgrjp0","previousOperationId":"hcddddxixouxdk7"}
{"type":"log","timestamp":1705253882362,"level":"debug","message":"Running chrome with params {\"printBackground\":true,\"marginTop\":\"4cm\",\"marginRight\":\"1.5cm\",\"marginBottom\":\"1.5cm\",\"marginLeft\":\"1.5cm\",\"waitForJS\":false,\"timeout\":58481,\"margin\":{\"top\":\"4cm\",\"right\":\"1.5cm\",\"bottom\":\"1.5cm\",\"left\":\"1.5cm\"}}","meta":{"rootId":"53n2hk6rpfogcer","id":"53n2hk6rpfogcer"},"id":"8g9sylrs5690ekq","previousOperationId":"hcddddxixouxdk7"}
{"type":"operationEnd","operationId":"hcddddxixouxdk7","timestamp":1705253882403,"id":"21go7ap8vu75rfi","previousEventId":"rqfgtaw7zici74y","previousOperationId":"hcddddxixouxdk7"}
{"type":"log","timestamp":1705253882404,"level":"info","message":"pdf-utils is starting pdf processing","meta":{"rootId":"53n2hk6rpfogcer","id":"53n2hk6rpfogcer"},"id":"l9eercdwqa3a581","previousOperationId":"hcddddxixouxdk7"}
{"type":"operationStart","subtype":"pdfUtils","name":"pdf utils","timestamp":1705253882814,"id":"7hs9iwozu8ffh8z","previousEventId":"21go7ap8vu75rfi","operationId":"cka5mwldag7i4jl","previousOperationId":"hcddddxixouxdk7"}
{"type":"log","timestamp":1705253882815,"level":"debug","message":"pdf-utils detected 1 pdf operation(s) to process","meta":{"rootId":"53n2hk6rpfogcer","id":"53n2hk6rpfogcer"},"id":"z3hmlts8zd02m0u","previousOperationId":"cka5mwldag7i4jl"}
{"type":"log","timestamp":1705253883070,"level":"debug","message":"pdf-utils running pdf operation merge","meta":{"rootId":"53n2hk6rpfogcer","id":"53n2hk6rpfogcer"},"id":"ltqnrhrs1c75v1f","previousOperationId":"cka5mwldag7i4jl"}
{"type":"operationStart","subtype":"pdfUtilsMerge","name":"pdf utils merge","previousOperationId":"cka5mwldag7i4jl","timestamp":1705253883070,"id":"zhds34g8lkghrt8","previousEventId":"7hs9iwozu8ffh8z","operationId":"vra8xy26x66v4c1"}
{"type":"operationStart","subtype":"render","name":"orders-header","previousOperationId":"vra8xy26x66v4c1","timestamp":1705253883078,"id":"9bgrige0wrcoze8","previousEventId":"zhds34g8lkghrt8","operationId":"3cgtjqzzsctwvlo"}
{"type":"log","timestamp":1705253883078,"level":"info","message":"Starting rendering (child) request","meta":{"rootId":"53n2hk6rpfogcer","id":"cgpb6gdcukpjzps"},"id":"164uifqqxguln7p","previousOperationId":"3cgtjqzzsctwvlo"}
{"type":"log","timestamp":1705253883078,"level":"info","message":"Rendering template { name: orders-header, recipe: chrome-pdf, engine: handlebars, preview: true }","meta":{"rootId":"53n2hk6rpfogcer","id":"cgpb6gdcukpjzps"},"id":"nfhlx3p1xis8wub","previousOperationId":"3cgtjqzzsctwvlo"}
{"type":"log","timestamp":1705253883089,"level":"debug","message":"Inline data specified.","meta":{"rootId":"53n2hk6rpfogcer","id":"cgpb6gdcukpjzps"},"id":"a2rz581l39dku2q","previousOperationId":"3cgtjqzzsctwvlo"}
{"type":"log","timestamp":1705253883094,"level":"debug","message":"Base url not specified, skipping its injection.","meta":{"rootId":"53n2hk6rpfogcer","id":"cgpb6gdcukpjzps"},"id":"m2rcew4r0zon2jg","previousOperationId":"3cgtjqzzsctwvlo"}
{"type":"operationStart","subtype":"engine","name":"handlebars","timestamp":1705253883095,"id":"p5tb3dvczqy6oor","previousEventId":"9bgrige0wrcoze8","operationId":"tf1i7xr149fn6qi","previousOperationId":"3cgtjqzzsctwvlo"}
{"type":"log","timestamp":1705253883095,"level":"debug","message":"Rendering engine handlebars","meta":{"rootId":"53n2hk6rpfogcer","id":"cgpb6gdcukpjzps"},"id":"aujjg7trw2kkaro","previousOperationId":"tf1i7xr149fn6qi"}
{"type":"operationEnd","operationId":"tf1i7xr149fn6qi","timestamp":1705253883174,"id":"k48rhgb2fccafet","previousEventId":"p5tb3dvczqy6oor","previousOperationId":"tf1i7xr149fn6qi"}
{"type":"operationStart","subtype":"recipe","name":"chrome-pdf","timestamp":1705253883176,"id":"xudqh66nao1pbrj","previousEventId":"k48rhgb2fccafet","operationId":"wn5jw8mhj4w30fq","previousOperationId":"tf1i7xr149fn6qi"}
{"type":"log","timestamp":1705253883176,"level":"debug","message":"Executing recipe chrome-pdf","meta":{"rootId":"53n2hk6rpfogcer","id":"cgpb6gdcukpjzps"},"id":"nvm6j09ylt6f8rn","previousOperationId":"wn5jw8mhj4w30fq"}
{"type":"log","timestamp":1705253883192,"level":"debug","message":"Converting with chrome HeadlessChrome/117.0.5938.149 using chrome-pool strategy","meta":{"rootId":"53n2hk6rpfogcer","id":"cgpb6gdcukpjzps"},"id":"77nnmpj90iqwlmh","previousOperationId":"wn5jw8mhj4w30fq"}
{"type":"log","timestamp":1705253883334,"level":"debug","message":"Page request: GET (document) file:///C:/Users/arida/AppData/Local/Temp/jsreport/autocleanup/3b19133b-3cb7-40f2-bb4e-5bf9393692ab-chrome-pdf.html","meta":{"rootId":"53n2hk6rpfogcer","id":"cgpb6gdcukpjzps"},"id":"939v00629sgm547","previousOperationId":"wn5jw8mhj4w30fq"}
{"type":"log","timestamp":1705253883347,"level":"debug","message":"Page request: GET (stylesheet) https://cdnjs.cloudflare.com/ajax/libs/metro/4.1.5/css/metro.min.css","meta":{"rootId":"53n2hk6rpfogcer","id":"cgpb6gdcukpjzps"},"id":"ifnhgdbrfdgpd97","previousOperationId":"wn5jw8mhj4w30fq"}
{"type":"log","timestamp":1705253883347,"level":"debug","message":"Page request finished: GET (document) 200 file:///C:/Users/arida/AppData/Local/Temp/jsreport/autocleanup/3b19133b-3cb7-40f2-bb4e-5bf9393692ab-chrome-pdf.html","meta":{"rootId":"53n2hk6rpfogcer","id":"cgpb6gdcukpjzps"},"id":"bnbfkykv0m0zw31","previousOperationId":"wn5jw8mhj4w30fq"}
{"type":"log","timestamp":1705253883371,"level":"debug","message":"Page request finished: GET (stylesheet) 200 https://cdnjs.cloudflare.com/ajax/libs/metro/4.1.5/css/metro.min.css","meta":{"rootId":"53n2hk6rpfogcer","id":"cgpb6gdcukpjzps"},"id":"n4ndh1s6stct032","previousOperationId":"wn5jw8mhj4w30fq"}
{"type":"log","timestamp":1705253883396,"level":"debug","message":"Running chrome with params {\"printBackground\":true,\"marginTop\":\"1.5cm\",\"marginRight\":\"1.5cm\",\"marginLeft\":\"1.cm\",\"timeout\":56800,\"margin\":{\"top\":\"1.5cm\",\"right\":\"1.5cm\",\"left\":\"1.cm\"}}","meta":{"rootId":"53n2hk6rpfogcer","id":"cgpb6gdcukpjzps"},"id":"gv3t8achfiuow3q","previousOperationId":"wn5jw8mhj4w30fq"}
{"type":"operationEnd","operationId":"wn5jw8mhj4w30fq","timestamp":1705253883436,"id":"b75kex4q7s233xa","previousEventId":"xudqh66nao1pbrj","previousOperationId":"wn5jw8mhj4w30fq"}
{"type":"log","timestamp":1705253883437,"level":"debug","message":"Skipping storing report.","meta":{"rootId":"53n2hk6rpfogcer","id":"cgpb6gdcukpjzps"},"id":"f6holis0j0blzep","previousOperationId":"wn5jw8mhj4w30fq"}
{"type":"log","timestamp":1705253883437,"level":"info","message":"Rendering (child) request finished in 3459 ms","meta":{"rootId":"53n2hk6rpfogcer","id":"cgpb6gdcukpjzps"},"id":"piifaetr7dxa5df","previousOperationId":"wn5jw8mhj4w30fq"}
{"type":"operationEnd","subtype":"render","operationId":"3cgtjqzzsctwvlo","timestamp":1705253883438,"id":"woxq01jykxxqbm8","previousEventId":"b75kex4q7s233xa","previousOperationId":"wn5jw8mhj4w30fq"}
{"type":"operationEnd","operationId":"vra8xy26x66v4c1","timestamp":1705253883461,"id":"umk6aaizwpbx0dl","previousEventId":"zhds34g8lkghrt8","previousOperationId":"vra8xy26x66v4c1"}
{"type":"log","timestamp":1705253883461,"level":"debug","message":"pdf-utils postproces start","meta":{"rootId":"53n2hk6rpfogcer","id":"53n2hk6rpfogcer"},"id":"94lwo36mz2e1wum","previousOperationId":"vra8xy26x66v4c1"}
{"type":"log","timestamp":1705253883468,"level":"debug","message":"pdf-utils postproces end","meta":{"rootId":"53n2hk6rpfogcer","id":"53n2hk6rpfogcer"},"id":"28o5z2p12tklp8l","previousOperationId":"vra8xy26x66v4c1"}
{"type":"operationEnd","operationId":"cka5mwldag7i4jl","timestamp":1705253883469,"id":"pepb91q2d50px44","previousEventId":"umk6aaizwpbx0dl","previousOperationId":"vra8xy26x66v4c1"}
{"type":"log","timestamp":1705253883469,"level":"info","message":"pdf-utils pdf processing was finished","meta":{"rootId":"53n2hk6rpfogcer","id":"53n2hk6rpfogcer"},"id":"8d05jeon0g6sj2k","previousOperationId":"cka5mwldag7i4jl"}
{"type":"log","timestamp":1705253883469,"level":"debug","message":"Skipping storing report.","meta":{"rootId":"53n2hk6rpfogcer","id":"53n2hk6rpfogcer"},"id":"mxkr6crc5dwz60v","previousOperationId":"cka5mwldag7i4jl"}
{"type":"log","timestamp":1705253883469,"level":"info","message":"Rendering request 1 finished in 3491 ms","meta":{"rootId":"53n2hk6rpfogcer","id":"53n2hk6rpfogcer"},"id":"28kr68caw6zcn92","previousOperationId":"cka5mwldag7i4jl"}
{"type":"operationEnd","subtype":"render","operationId":"318qh0upx4limyu","timestamp":1705253883469,"id":"lp96mqlot9k5evj","previousEventId":"pepb91q2d50px44","previousOperationId":"cka5mwldag7i4jl"}
{"type":"operationEnd","doDiffs":false,"previousEventId":"crv1lyp2zsh0fpn","previousOperationId":"qz3qofmirfbzxa5","operationId":"qz3qofmirfbzxa5","timestamp":1705253883484,"id":"k1z3pb8wb4u1ua9"}
