{"type":"operationStart","subtype":"profile","data":{"_id":"7URLJXU7qiE7vBi7","timestamp":"2024-01-09T20:00:08.874Z","state":"queued","mode":"standard","creationDate":"2024-01-09T20:00:08.879Z","modificationDate":"2024-01-09T20:00:08.879Z","shortid":"bosyJ4s","$entitySet":"profiles"},"doDiffs":false,"timestamp":1704830408876,"id":"336t9vjtola9hz5","previousOperationId":null,"operationId":"8gwi3spnoygzx0k"}
{"type":"log","level":"info","message":"Render request 1 queued for execution and waiting for available worker","previousOperationId":"8gwi3spnoygzx0k","timestamp":1704830408878,"id":"dfwhbhqlr4islor"}
{"type":"operationStart","subtype":"render","name":"orders-main","previousOperationId":"8gwi3spnoygzx0k","timestamp":1704830408921,"id":"agqohp9nk6zyb87","previousEventId":"336t9vjtola9hz5","operationId":"u3ln11gnld11lkc"}
{"type":"log","timestamp":1704830408922,"level":"info","message":"Starting rendering request 1","meta":{"rootId":"5hzn6m6s1qgdzsh","id":"5hzn6m6s1qgdzsh"},"id":"ithxmrmxx9icwxi","previousOperationId":"u3ln11gnld11lkc"}
{"type":"log","timestamp":1704830408923,"level":"info","message":"Rendering template { name: orders-main, recipe: chrome-pdf, engine: handlebars, preview: true }","meta":{"rootId":"5hzn6m6s1qgdzsh","id":"5hzn6m6s1qgdzsh"},"id":"v0oqzjn66rlhmhh","previousOperationId":"u3ln11gnld11lkc"}
{"type":"log","timestamp":1704830408928,"level":"debug","message":"Data item not defined for this template.","meta":{"rootId":"5hzn6m6s1qgdzsh","id":"5hzn6m6s1qgdzsh"},"id":"vsg7k5sgai413f3","previousOperationId":"u3ln11gnld11lkc"}
{"type":"log","timestamp":1704830408933,"level":"debug","message":"Executing script orders-script (beforeRender)","meta":{"rootId":"5hzn6m6s1qgdzsh","id":"5hzn6m6s1qgdzsh"},"id":"cpri0nwlu0fwkzi","previousOperationId":"u3ln11gnld11lkc"}
{"type":"operationStart","subtype":"scriptsBeforeRender","name":"scripts beforeRender","timestamp":1704830409248,"id":"xzskhl625vtnoek","previousEventId":"agqohp9nk6zyb87","operationId":"z0i9tsumvtr6ovp","previousOperationId":"u3ln11gnld11lkc"}
{"type":"operationStart","subtype":"script","name":"scripts orders-script","previousOperationId":"z0i9tsumvtr6ovp","timestamp":1704830409248,"id":"kt8dk3kuel7uvum","previousEventId":"xzskhl625vtnoek","operationId":"ybmaw2d5a2nhdmd"}
{"type":"operationEnd","operationId":"ybmaw2d5a2nhdmd","timestamp":1704830410672,"id":"l2208fftshwvyb7","previousEventId":"agqohp9nk6zyb87","previousOperationId":"u3ln11gnld11lkc"}
{"type":"operationEnd","operationId":"z0i9tsumvtr6ovp","timestamp":1704830410672,"id":"u2zr03fbo3qgn1j","previousEventId":"l2208fftshwvyb7","previousOperationId":"u3ln11gnld11lkc"}
{"type":"log","timestamp":1704830410672,"level":"debug","message":"Base url not specified, skipping its injection.","meta":{"rootId":"5hzn6m6s1qgdzsh","id":"5hzn6m6s1qgdzsh"},"id":"vnwyl28kpjltfw6","previousOperationId":"z0i9tsumvtr6ovp"}
{"type":"operationStart","subtype":"engine","name":"handlebars","timestamp":1704830410673,"id":"ghgxaq9nsyan7z9","previousEventId":"u2zr03fbo3qgn1j","operationId":"sqoi0p3vr95xulg","previousOperationId":"z0i9tsumvtr6ovp"}
{"type":"log","timestamp":1704830410673,"level":"debug","message":"Rendering engine handlebars","meta":{"rootId":"5hzn6m6s1qgdzsh","id":"5hzn6m6s1qgdzsh"},"id":"w63i5inokes1of4","previousOperationId":"sqoi0p3vr95xulg"}
{"type":"log","timestamp":1704830411082,"level":"debug","message":"(console:log) Pdf utils adding group field, value: \"France\"","meta":{"userLevel":true,"rootId":"5hzn6m6s1qgdzsh","id":"5hzn6m6s1qgdzsh"},"id":"kgfjk6t0qd2phdq","previousOperationId":"sqoi0p3vr95xulg"}
{"type":"log","timestamp":1704830411083,"level":"debug","message":"(console:log) Pdf utils adding group field, value: \"Germany\"","meta":{"userLevel":true,"rootId":"5hzn6m6s1qgdzsh","id":"5hzn6m6s1qgdzsh"},"id":"f87qz5h3v2wwb3t","previousOperationId":"sqoi0p3vr95xulg"}
{"type":"operationEnd","operationId":"sqoi0p3vr95xulg","timestamp":1704830411084,"id":"xjqwryiugpsqkrf","previousEventId":"ghgxaq9nsyan7z9","previousOperationId":"sqoi0p3vr95xulg"}
{"type":"operationStart","subtype":"recipe","name":"chrome-pdf","timestamp":1704830411085,"id":"irmyd9j5zys70o2","previousEventId":"xjqwryiugpsqkrf","operationId":"c3xm44wtpez05vu","previousOperationId":"sqoi0p3vr95xulg"}
{"type":"log","timestamp":1704830411085,"level":"debug","message":"Executing recipe chrome-pdf","meta":{"rootId":"5hzn6m6s1qgdzsh","id":"5hzn6m6s1qgdzsh"},"id":"fb6ct7cjbqe8huk","previousOperationId":"c3xm44wtpez05vu"}
{"type":"log","timestamp":1704830411944,"level":"debug","message":"Converting with chrome HeadlessChrome/117.0.5938.149 using chrome-pool strategy","meta":{"rootId":"5hzn6m6s1qgdzsh","id":"5hzn6m6s1qgdzsh"},"id":"67xh7qz2aoqm8k6","previousOperationId":"c3xm44wtpez05vu"}
{"type":"log","timestamp":1704830412172,"level":"debug","message":"Page request: GET (document) file:///C:/Users/arida/AppData/Local/Temp/jsreport/autocleanup/80e7a876-cda2-4c54-93c1-dceebe17cdca-chrome-pdf.html","meta":{"rootId":"5hzn6m6s1qgdzsh","id":"5hzn6m6s1qgdzsh"},"id":"k07pk4t09fkd70f","previousOperationId":"c3xm44wtpez05vu"}
{"type":"log","timestamp":1704830412226,"level":"debug","message":"Page request: GET (stylesheet) https://cdnjs.cloudflare.com/ajax/libs/metro/4.1.5/css/metro.min.css","meta":{"rootId":"5hzn6m6s1qgdzsh","id":"5hzn6m6s1qgdzsh"},"id":"nbtkdfom0ku7985","previousOperationId":"c3xm44wtpez05vu"}
{"type":"log","timestamp":1704830412227,"level":"debug","message":"Page request: GET (script) https://cdnjs.cloudflare.com/ajax/libs/Chart.js/2.7.2/Chart.min.js","meta":{"rootId":"5hzn6m6s1qgdzsh","id":"5hzn6m6s1qgdzsh"},"id":"0ut5dzmryhs4sae","previousOperationId":"c3xm44wtpez05vu"}
{"type":"log","timestamp":1704830412228,"level":"debug","message":"Page request finished: GET (document) 200 file:///C:/Users/arida/AppData/Local/Temp/jsreport/autocleanup/80e7a876-cda2-4c54-93c1-dceebe17cdca-chrome-pdf.html","meta":{"rootId":"5hzn6m6s1qgdzsh","id":"5hzn6m6s1qgdzsh"},"id":"io8ht0r6opx3g5t","previousOperationId":"c3xm44wtpez05vu"}
{"type":"log","timestamp":1704830414775,"level":"debug","message":"Page request finished: GET (stylesheet) 200 https://cdnjs.cloudflare.com/ajax/libs/metro/4.1.5/css/metro.min.css","meta":{"rootId":"5hzn6m6s1qgdzsh","id":"5hzn6m6s1qgdzsh"},"id":"ydiji511aigku1h","previousOperationId":"c3xm44wtpez05vu"}
{"type":"log","timestamp":1704830414795,"level":"debug","message":"Page request finished: GET (script) 200 https://cdnjs.cloudflare.com/ajax/libs/Chart.js/2.7.2/Chart.min.js","meta":{"rootId":"5hzn6m6s1qgdzsh","id":"5hzn6m6s1qgdzsh"},"id":"c11j8sum6me6pem","previousOperationId":"c3xm44wtpez05vu"}
{"type":"log","timestamp":1704830414879,"level":"debug","message":"Running chrome with params {\"printBackground\":true,\"marginTop\":\"4cm\",\"marginRight\":\"1.5cm\",\"marginBottom\":\"1.5cm\",\"marginLeft\":\"1.5cm\",\"waitForJS\":false,\"timeout\":57143,\"margin\":{\"top\":\"4cm\",\"right\":\"1.5cm\",\"bottom\":\"1.5cm\",\"left\":\"1.5cm\"}}","meta":{"rootId":"5hzn6m6s1qgdzsh","id":"5hzn6m6s1qgdzsh"},"id":"10vy1oatzpjcnbl","previousOperationId":"c3xm44wtpez05vu"}
{"type":"operationEnd","operationId":"c3xm44wtpez05vu","timestamp":1704830415040,"id":"mspmtnhkvmpfzmr","previousEventId":"irmyd9j5zys70o2","previousOperationId":"c3xm44wtpez05vu"}
{"type":"log","timestamp":1704830415041,"level":"info","message":"pdf-utils is starting pdf processing","meta":{"rootId":"5hzn6m6s1qgdzsh","id":"5hzn6m6s1qgdzsh"},"id":"3rfjbvlbnnmnwvn","previousOperationId":"c3xm44wtpez05vu"}
{"type":"operationStart","subtype":"pdfUtils","name":"pdf utils","timestamp":1704830415279,"id":"rma1p2a8ap1klvx","previousEventId":"mspmtnhkvmpfzmr","operationId":"ojy1hvl4ckpnq63","previousOperationId":"c3xm44wtpez05vu"}
{"type":"log","timestamp":1704830415280,"level":"debug","message":"pdf-utils detected 1 pdf operation(s) to process","meta":{"rootId":"5hzn6m6s1qgdzsh","id":"5hzn6m6s1qgdzsh"},"id":"56ov4ktlrv1ezp5","previousOperationId":"ojy1hvl4ckpnq63"}
{"type":"log","timestamp":1704830415538,"level":"debug","message":"pdf-utils running pdf operation merge","meta":{"rootId":"5hzn6m6s1qgdzsh","id":"5hzn6m6s1qgdzsh"},"id":"rc896rxa7xfdex2","previousOperationId":"ojy1hvl4ckpnq63"}
{"type":"operationStart","subtype":"pdfUtilsMerge","name":"pdf utils merge","previousOperationId":"ojy1hvl4ckpnq63","timestamp":1704830415538,"id":"w7mt1v3sj1ca3xv","previousEventId":"rma1p2a8ap1klvx","operationId":"5n1ajdz873cif4i"}
{"type":"operationStart","subtype":"render","name":"orders-header","previousOperationId":"5n1ajdz873cif4i","timestamp":1704830415540,"id":"2m63bugyrzykmfh","previousEventId":"w7mt1v3sj1ca3xv","operationId":"z0mu4u17u5kri1g"}
{"type":"log","timestamp":1704830415540,"level":"info","message":"Starting rendering (child) request","meta":{"rootId":"5hzn6m6s1qgdzsh","id":"rkp03iehk6q9tbk"},"id":"4ptyzilnxb4fx01","previousOperationId":"z0mu4u17u5kri1g"}
{"type":"log","timestamp":1704830415540,"level":"info","message":"Rendering template { name: orders-header, recipe: chrome-pdf, engine: handlebars, preview: true }","meta":{"rootId":"5hzn6m6s1qgdzsh","id":"rkp03iehk6q9tbk"},"id":"4evqwrlw4j1fkti","previousOperationId":"z0mu4u17u5kri1g"}
{"type":"log","timestamp":1704830415547,"level":"debug","message":"Inline data specified.","meta":{"rootId":"5hzn6m6s1qgdzsh","id":"rkp03iehk6q9tbk"},"id":"rc0mg67dmvx41pb","previousOperationId":"z0mu4u17u5kri1g"}
{"type":"log","timestamp":1704830415550,"level":"debug","message":"Base url not specified, skipping its injection.","meta":{"rootId":"5hzn6m6s1qgdzsh","id":"rkp03iehk6q9tbk"},"id":"zkhkpy2bq987vaz","previousOperationId":"z0mu4u17u5kri1g"}
{"type":"operationStart","subtype":"engine","name":"handlebars","timestamp":1704830415550,"id":"wzj7fo4ticoovph","previousEventId":"2m63bugyrzykmfh","operationId":"j7b2od9cbcx63um","previousOperationId":"z0mu4u17u5kri1g"}
{"type":"log","timestamp":1704830415550,"level":"debug","message":"Rendering engine handlebars","meta":{"rootId":"5hzn6m6s1qgdzsh","id":"rkp03iehk6q9tbk"},"id":"ztl0j3wv72qqxd0","previousOperationId":"j7b2od9cbcx63um"}
{"type":"operationEnd","operationId":"j7b2od9cbcx63um","timestamp":1704830415604,"id":"jrmcpdq4lx83xwj","previousEventId":"wzj7fo4ticoovph","previousOperationId":"j7b2od9cbcx63um"}
{"type":"operationStart","subtype":"recipe","name":"chrome-pdf","timestamp":1704830415605,"id":"kvz8pwgatxbi097","previousEventId":"jrmcpdq4lx83xwj","operationId":"4jm4d1ef90vs5kw","previousOperationId":"j7b2od9cbcx63um"}
{"type":"log","timestamp":1704830415605,"level":"debug","message":"Executing recipe chrome-pdf","meta":{"rootId":"5hzn6m6s1qgdzsh","id":"rkp03iehk6q9tbk"},"id":"dkgu6uguqlo75lc","previousOperationId":"4jm4d1ef90vs5kw"}
{"type":"log","timestamp":1704830415611,"level":"debug","message":"Converting with chrome HeadlessChrome/117.0.5938.149 using chrome-pool strategy","meta":{"rootId":"5hzn6m6s1qgdzsh","id":"rkp03iehk6q9tbk"},"id":"sl3wt164kl9mmva","previousOperationId":"4jm4d1ef90vs5kw"}
{"type":"log","timestamp":1704830415737,"level":"debug","message":"Page request: GET (document) file:///C:/Users/arida/AppData/Local/Temp/jsreport/autocleanup/e454ed3a-a15c-44c6-958e-e703aded9904-chrome-pdf.html","meta":{"rootId":"5hzn6m6s1qgdzsh","id":"rkp03iehk6q9tbk"},"id":"qaiq72a1vjqyn99","previousOperationId":"4jm4d1ef90vs5kw"}
{"type":"log","timestamp":1704830415757,"level":"debug","message":"Page request: GET (stylesheet) https://cdnjs.cloudflare.com/ajax/libs/metro/4.1.5/css/metro.min.css","meta":{"rootId":"5hzn6m6s1qgdzsh","id":"rkp03iehk6q9tbk"},"id":"09l0aokjqsiezgr","previousOperationId":"4jm4d1ef90vs5kw"}
{"type":"log","timestamp":1704830415758,"level":"debug","message":"Page request finished: GET (document) 200 file:///C:/Users/arida/AppData/Local/Temp/jsreport/autocleanup/e454ed3a-a15c-44c6-958e-e703aded9904-chrome-pdf.html","meta":{"rootId":"5hzn6m6s1qgdzsh","id":"rkp03iehk6q9tbk"},"id":"otrbnu0hivclmh4","previousOperationId":"4jm4d1ef90vs5kw"}
{"type":"log","timestamp":1704830415780,"level":"debug","message":"Page request finished: GET (stylesheet) 200 https://cdnjs.cloudflare.com/ajax/libs/metro/4.1.5/css/metro.min.css","meta":{"rootId":"5hzn6m6s1qgdzsh","id":"rkp03iehk6q9tbk"},"id":"ufn6yf5fptz5d5g","previousOperationId":"4jm4d1ef90vs5kw"}
{"type":"log","timestamp":1704830415803,"level":"debug","message":"Running chrome with params {\"printBackground\":true,\"marginTop\":\"1.5cm\",\"marginRight\":\"1.5cm\",\"marginLeft\":\"1.cm\",\"timeout\":53263,\"margin\":{\"top\":\"1.5cm\",\"right\":\"1.5cm\",\"left\":\"1.cm\"}}","meta":{"rootId":"5hzn6m6s1qgdzsh","id":"rkp03iehk6q9tbk"},"id":"doxtm02jzhs27dz","previousOperationId":"4jm4d1ef90vs5kw"}
{"type":"operationEnd","operationId":"4jm4d1ef90vs5kw","timestamp":1704830415846,"id":"39brujvhfo29tb0","previousEventId":"kvz8pwgatxbi097","previousOperationId":"4jm4d1ef90vs5kw"}
{"type":"log","timestamp":1704830415848,"level":"debug","message":"Skipping storing report.","meta":{"rootId":"5hzn6m6s1qgdzsh","id":"rkp03iehk6q9tbk"},"id":"50zuvf1h6d5ocut","previousOperationId":"4jm4d1ef90vs5kw"}
{"type":"log","timestamp":1704830415848,"level":"info","message":"Rendering (child) request finished in 6975 ms","meta":{"rootId":"5hzn6m6s1qgdzsh","id":"rkp03iehk6q9tbk"},"id":"vt9mjcnpc5f721j","previousOperationId":"4jm4d1ef90vs5kw"}
{"type":"operationEnd","subtype":"render","operationId":"z0mu4u17u5kri1g","timestamp":1704830415848,"id":"kqy7t8tixct05ip","previousEventId":"39brujvhfo29tb0","previousOperationId":"4jm4d1ef90vs5kw"}
{"type":"operationEnd","operationId":"5n1ajdz873cif4i","timestamp":1704830415882,"id":"5usffxr9wzo1kjr","previousEventId":"w7mt1v3sj1ca3xv","previousOperationId":"5n1ajdz873cif4i"}
{"type":"log","timestamp":1704830415882,"level":"debug","message":"pdf-utils postproces start","meta":{"rootId":"5hzn6m6s1qgdzsh","id":"5hzn6m6s1qgdzsh"},"id":"58tskj162lib9ch","previousOperationId":"5n1ajdz873cif4i"}
{"type":"log","timestamp":1704830415908,"level":"debug","message":"pdf-utils postproces end","meta":{"rootId":"5hzn6m6s1qgdzsh","id":"5hzn6m6s1qgdzsh"},"id":"n1u263jzojdj46h","previousOperationId":"5n1ajdz873cif4i"}
{"type":"operationEnd","operationId":"ojy1hvl4ckpnq63","timestamp":1704830415908,"id":"a2ttxtsigyjd1ec","previousEventId":"5usffxr9wzo1kjr","previousOperationId":"5n1ajdz873cif4i"}
{"type":"log","timestamp":1704830415908,"level":"info","message":"pdf-utils pdf processing was finished","meta":{"rootId":"5hzn6m6s1qgdzsh","id":"5hzn6m6s1qgdzsh"},"id":"49tmeuyzcleti2g","previousOperationId":"ojy1hvl4ckpnq63"}
{"type":"log","timestamp":1704830415908,"level":"debug","message":"Skipping storing report.","meta":{"rootId":"5hzn6m6s1qgdzsh","id":"5hzn6m6s1qgdzsh"},"id":"5z9nvd4ku4mnaoi","previousOperationId":"ojy1hvl4ckpnq63"}
{"type":"log","timestamp":1704830415908,"level":"info","message":"Rendering request 1 finished in 7035 ms","meta":{"rootId":"5hzn6m6s1qgdzsh","id":"5hzn6m6s1qgdzsh"},"id":"8zjn2xhtd02kwd1","previousOperationId":"ojy1hvl4ckpnq63"}
{"type":"operationEnd","subtype":"render","operationId":"u3ln11gnld11lkc","timestamp":1704830415908,"id":"ge3daphnh3thb96","previousEventId":"a2ttxtsigyjd1ec","previousOperationId":"ojy1hvl4ckpnq63"}
{"type":"operationEnd","doDiffs":false,"previousEventId":"336t9vjtola9hz5","previousOperationId":"8gwi3spnoygzx0k","operationId":"8gwi3spnoygzx0k","timestamp":1704830415926,"id":"gtevk7m5jbrnmu5"}
