{"type":"operationStart","subtype":"profile","data":{"_id":"s3Hdt7PJqtB7J8BZ","timestamp":"2024-01-14T18:00:03.979Z","state":"queued","mode":"standard","creationDate":"2024-01-14T18:00:03.982Z","modificationDate":"2024-01-14T18:00:03.982Z","shortid":"gDOoTzO","$entitySet":"profiles"},"doDiffs":false,"timestamp":1705255203981,"id":"8y4hkldtb78kxvc","previousOperationId":null,"operationId":"n91xmp6uw1wuqfc"}
{"type":"log","level":"info","message":"Render request 4 queued for execution and waiting for available worker","previousOperationId":"n91xmp6uw1wuqfc","timestamp":1705255203981,"id":"3y6imxgwn7c1dlc"}
{"type":"operationStart","subtype":"render","name":"orders-main","previousOperationId":"n91xmp6uw1wuqfc","timestamp":1705255203998,"id":"zhexsdfswcx4kbo","previousEventId":"8y4hkldtb78kxvc","operationId":"6k5wot36wuxyick"}
{"type":"log","timestamp":1705255203998,"level":"info","message":"Starting rendering request 4","meta":{"rootId":"5ywczi3yokn7xuf","id":"5ywczi3yokn7xuf"},"id":"v7vfzv4kgx62uw9","previousOperationId":"6k5wot36wuxyick"}
{"type":"log","timestamp":1705255203998,"level":"info","message":"Rendering template { name: orders-main, recipe: chrome-pdf, engine: handlebars, preview: true }","meta":{"rootId":"5ywczi3yokn7xuf","id":"5ywczi3yokn7xuf"},"id":"siyl7aotznzw2m4","previousOperationId":"6k5wot36wuxyick"}
{"type":"log","timestamp":1705255204000,"level":"debug","message":"Data item not defined for this template.","meta":{"rootId":"5ywczi3yokn7xuf","id":"5ywczi3yokn7xuf"},"id":"evyvegm4eet3ddo","previousOperationId":"6k5wot36wuxyick"}
{"type":"log","timestamp":1705255204006,"level":"debug","message":"Executing script orders-script (beforeRender)","meta":{"rootId":"5ywczi3yokn7xuf","id":"5ywczi3yokn7xuf"},"id":"duz6bmufv85031u","previousOperationId":"6k5wot36wuxyick"}
{"type":"operationStart","subtype":"scriptsBeforeRender","name":"scripts beforeRender","timestamp":1705255204017,"id":"chc252biq5907pc","previousEventId":"zhexsdfswcx4kbo","operationId":"umwdt3yvftsitbj","previousOperationId":"6k5wot36wuxyick"}
{"type":"operationStart","subtype":"script","name":"scripts orders-script","previousOperationId":"umwdt3yvftsitbj","timestamp":1705255204017,"id":"947bmtnb7e9vnn9","previousEventId":"chc252biq5907pc","operationId":"a7cswhtxue74nt1"}
{"type":"log","timestamp":1705255204026,"level":"debug","message":"(console:log) [\n  {\n    rows: [ [Object], [Object] ],\n    municipio: 'undefined',\n    accumulated: { '3/Ingenio': [Object], '0/Las Palmas': [Object] }\n  }\n]","meta":{"userLevel":true,"rootId":"5ywczi3yokn7xuf","id":"5ywczi3yokn7xuf"},"id":"0afokdlzf8hlj9h","previousOperationId":"a7cswhtxue74nt1"}
{"type":"operationEnd","operationId":"a7cswhtxue74nt1","timestamp":1705255204027,"id":"15xwietqdxdzafy","previousEventId":"zhexsdfswcx4kbo","previousOperationId":"6k5wot36wuxyick"}
{"type":"operationEnd","operationId":"umwdt3yvftsitbj","timestamp":1705255204027,"id":"0z6yxewzrkyuozz","previousEventId":"15xwietqdxdzafy","previousOperationId":"6k5wot36wuxyick"}
{"type":"log","timestamp":1705255204027,"level":"debug","message":"Base url not specified, skipping its injection.","meta":{"rootId":"5ywczi3yokn7xuf","id":"5ywczi3yokn7xuf"},"id":"arcp5u6zv6ac5ne","previousOperationId":"umwdt3yvftsitbj"}
{"type":"operationStart","subtype":"engine","name":"handlebars","timestamp":1705255204027,"id":"jodx6ifp7e5shgs","previousEventId":"0z6yxewzrkyuozz","operationId":"m5wfvsr7shdx8ow","previousOperationId":"umwdt3yvftsitbj"}
{"type":"log","timestamp":1705255204028,"level":"debug","message":"Rendering engine handlebars","meta":{"rootId":"5ywczi3yokn7xuf","id":"5ywczi3yokn7xuf"},"id":"zdff64a50f5hrps","previousOperationId":"m5wfvsr7shdx8ow"}
{"type":"operationEnd","operationId":"m5wfvsr7shdx8ow","timestamp":1705255204058,"id":"g2s2joupmjr41uv","previousEventId":"jodx6ifp7e5shgs","previousOperationId":"m5wfvsr7shdx8ow"}
{"type":"operationStart","subtype":"recipe","name":"chrome-pdf","timestamp":1705255204059,"id":"tuuguaqih7dsnqc","previousEventId":"g2s2joupmjr41uv","operationId":"gi6hh0xg6x1a866","previousOperationId":"m5wfvsr7shdx8ow"}
{"type":"log","timestamp":1705255204059,"level":"debug","message":"Executing recipe chrome-pdf","meta":{"rootId":"5ywczi3yokn7xuf","id":"5ywczi3yokn7xuf"},"id":"d7j0yh13o5inq3y","previousOperationId":"gi6hh0xg6x1a866"}
{"type":"log","timestamp":1705255205067,"level":"debug","message":"Converting with chrome HeadlessChrome/117.0.5938.149 using chrome-pool strategy","meta":{"rootId":"5ywczi3yokn7xuf","id":"5ywczi3yokn7xuf"},"id":"w3nlvz25p0ljl8d","previousOperationId":"gi6hh0xg6x1a866"}
{"type":"log","timestamp":1705255205277,"level":"debug","message":"Page request: GET (document) file:///C:/Users/arida/AppData/Local/Temp/jsreport/autocleanup/ccb7c4c9-20e4-482f-824f-869c53d0deb6-chrome-pdf.html","meta":{"rootId":"5ywczi3yokn7xuf","id":"5ywczi3yokn7xuf"},"id":"k7g16xu01dn6zdy","previousOperationId":"gi6hh0xg6x1a866"}
{"type":"log","timestamp":1705255205288,"level":"debug","message":"Page request: GET (stylesheet) https://cdnjs.cloudflare.com/ajax/libs/metro/4.1.5/css/metro.min.css","meta":{"rootId":"5ywczi3yokn7xuf","id":"5ywczi3yokn7xuf"},"id":"2mqyv15z4omccpd","previousOperationId":"gi6hh0xg6x1a866"}
{"type":"log","timestamp":1705255205289,"level":"debug","message":"Page request: GET (script) https://cdnjs.cloudflare.com/ajax/libs/Chart.js/2.7.2/Chart.min.js","meta":{"rootId":"5ywczi3yokn7xuf","id":"5ywczi3yokn7xuf"},"id":"ld4f6e1272e5upg","previousOperationId":"gi6hh0xg6x1a866"}
{"type":"log","timestamp":1705255205289,"level":"debug","message":"Page request finished: GET (document) 200 file:///C:/Users/arida/AppData/Local/Temp/jsreport/autocleanup/ccb7c4c9-20e4-482f-824f-869c53d0deb6-chrome-pdf.html","meta":{"rootId":"5ywczi3yokn7xuf","id":"5ywczi3yokn7xuf"},"id":"dfrfkntu29acdbk","previousOperationId":"gi6hh0xg6x1a866"}
{"type":"log","timestamp":1705255205521,"level":"debug","message":"Page request finished: GET (script) 200 https://cdnjs.cloudflare.com/ajax/libs/Chart.js/2.7.2/Chart.min.js","meta":{"rootId":"5ywczi3yokn7xuf","id":"5ywczi3yokn7xuf"},"id":"mgvo0jjt09llkh4","previousOperationId":"gi6hh0xg6x1a866"}
{"type":"log","timestamp":1705255205582,"level":"debug","message":"Page request finished: GET (stylesheet) 200 https://cdnjs.cloudflare.com/ajax/libs/metro/4.1.5/css/metro.min.css","meta":{"rootId":"5ywczi3yokn7xuf","id":"5ywczi3yokn7xuf"},"id":"zlnejttefbd48vr","previousOperationId":"gi6hh0xg6x1a866"}
{"type":"log","timestamp":1705255205600,"level":"debug","message":"Running chrome with params {\"printBackground\":true,\"marginTop\":\"4cm\",\"marginRight\":\"1.5cm\",\"marginBottom\":\"1.5cm\",\"marginLeft\":\"1.5cm\",\"waitForJS\":false,\"timeout\":59174,\"margin\":{\"top\":\"4cm\",\"right\":\"1.5cm\",\"bottom\":\"1.5cm\",\"left\":\"1.5cm\"}}","meta":{"rootId":"5ywczi3yokn7xuf","id":"5ywczi3yokn7xuf"},"id":"5jrmghvpczer5jr","previousOperationId":"gi6hh0xg6x1a866"}
{"type":"operationEnd","operationId":"gi6hh0xg6x1a866","timestamp":1705255205624,"id":"gwm3zbysosjrih2","previousEventId":"tuuguaqih7dsnqc","previousOperationId":"gi6hh0xg6x1a866"}
{"type":"log","timestamp":1705255205624,"level":"info","message":"pdf-utils is starting pdf processing","meta":{"rootId":"5ywczi3yokn7xuf","id":"5ywczi3yokn7xuf"},"id":"1gb5qvxdhhyocdi","previousOperationId":"gi6hh0xg6x1a866"}
{"type":"operationStart","subtype":"pdfUtils","name":"pdf utils","timestamp":1705255205857,"id":"9lws7topc578bp8","previousEventId":"gwm3zbysosjrih2","operationId":"xv1yufzkypo9qcz","previousOperationId":"gi6hh0xg6x1a866"}
{"type":"log","timestamp":1705255205858,"level":"debug","message":"pdf-utils detected 1 pdf operation(s) to process","meta":{"rootId":"5ywczi3yokn7xuf","id":"5ywczi3yokn7xuf"},"id":"47bydex0ul0yrpw","previousOperationId":"xv1yufzkypo9qcz"}
{"type":"log","timestamp":1705255206028,"level":"debug","message":"pdf-utils running pdf operation merge","meta":{"rootId":"5ywczi3yokn7xuf","id":"5ywczi3yokn7xuf"},"id":"dof3gxhdbenxz2r","previousOperationId":"xv1yufzkypo9qcz"}
{"type":"operationStart","subtype":"pdfUtilsMerge","name":"pdf utils merge","previousOperationId":"xv1yufzkypo9qcz","timestamp":1705255206028,"id":"4zmze4yhyt2ty5c","previousEventId":"9lws7topc578bp8","operationId":"fgp11xm21yejdxc"}
{"type":"operationStart","subtype":"render","name":"orders-header","previousOperationId":"fgp11xm21yejdxc","timestamp":1705255206030,"id":"t9lulalcf4tncd2","previousEventId":"4zmze4yhyt2ty5c","operationId":"g2zx4hpnuv330q0"}
{"type":"log","timestamp":1705255206030,"level":"info","message":"Starting rendering (child) request","meta":{"rootId":"5ywczi3yokn7xuf","id":"7o3w60lgshs3red"},"id":"hq3bw5fn65lzfft","previousOperationId":"g2zx4hpnuv330q0"}
{"type":"log","timestamp":1705255206030,"level":"info","message":"Rendering template { name: orders-header, recipe: chrome-pdf, engine: handlebars, preview: true }","meta":{"rootId":"5ywczi3yokn7xuf","id":"7o3w60lgshs3red"},"id":"4qv1tug2dgniu2c","previousOperationId":"g2zx4hpnuv330q0"}
{"type":"log","timestamp":1705255206040,"level":"debug","message":"Inline data specified.","meta":{"rootId":"5ywczi3yokn7xuf","id":"7o3w60lgshs3red"},"id":"4wig5dylrqgar3z","previousOperationId":"g2zx4hpnuv330q0"}
{"type":"log","timestamp":1705255206043,"level":"debug","message":"Base url not specified, skipping its injection.","meta":{"rootId":"5ywczi3yokn7xuf","id":"7o3w60lgshs3red"},"id":"an4gak841tomhhm","previousOperationId":"g2zx4hpnuv330q0"}
{"type":"operationStart","subtype":"engine","name":"handlebars","timestamp":1705255206043,"id":"qr2t2qcj6gv6d0q","previousEventId":"t9lulalcf4tncd2","operationId":"clu2fc2jbo2obij","previousOperationId":"g2zx4hpnuv330q0"}
{"type":"log","timestamp":1705255206043,"level":"debug","message":"Rendering engine handlebars","meta":{"rootId":"5ywczi3yokn7xuf","id":"7o3w60lgshs3red"},"id":"kd82yqqgha8csbp","previousOperationId":"clu2fc2jbo2obij"}
{"type":"operationEnd","operationId":"clu2fc2jbo2obij","timestamp":1705255206079,"id":"6z9s9f01xxgb6ob","previousEventId":"qr2t2qcj6gv6d0q","previousOperationId":"clu2fc2jbo2obij"}
{"type":"operationStart","subtype":"recipe","name":"chrome-pdf","timestamp":1705255206080,"id":"4zeigw7kabx0qvy","previousEventId":"6z9s9f01xxgb6ob","operationId":"ab9dwy9hzacpy4u","previousOperationId":"clu2fc2jbo2obij"}
{"type":"log","timestamp":1705255206080,"level":"debug","message":"Executing recipe chrome-pdf","meta":{"rootId":"5ywczi3yokn7xuf","id":"7o3w60lgshs3red"},"id":"juau0pwkb1uhcsw","previousOperationId":"ab9dwy9hzacpy4u"}
{"type":"log","timestamp":1705255206084,"level":"debug","message":"Converting with chrome HeadlessChrome/117.0.5938.149 using chrome-pool strategy","meta":{"rootId":"5ywczi3yokn7xuf","id":"7o3w60lgshs3red"},"id":"6xtl2ehsbb97ihh","previousOperationId":"ab9dwy9hzacpy4u"}
{"type":"log","timestamp":1705255206199,"level":"debug","message":"Page request: GET (document) file:///C:/Users/arida/AppData/Local/Temp/jsreport/autocleanup/ab22670b-08ae-4710-b74b-acb1adf57c3d-chrome-pdf.html","meta":{"rootId":"5ywczi3yokn7xuf","id":"7o3w60lgshs3red"},"id":"m6fq4y98u2lrix2","previousOperationId":"ab9dwy9hzacpy4u"}
{"type":"log","timestamp":1705255206211,"level":"debug","message":"Page request: GET (stylesheet) https://cdnjs.cloudflare.com/ajax/libs/metro/4.1.5/css/metro.min.css","meta":{"rootId":"5ywczi3yokn7xuf","id":"7o3w60lgshs3red"},"id":"xnc54qer1zwd31y","previousOperationId":"ab9dwy9hzacpy4u"}
{"type":"log","timestamp":1705255206211,"level":"debug","message":"Page request finished: GET (document) 200 file:///C:/Users/arida/AppData/Local/Temp/jsreport/autocleanup/ab22670b-08ae-4710-b74b-acb1adf57c3d-chrome-pdf.html","meta":{"rootId":"5ywczi3yokn7xuf","id":"7o3w60lgshs3red"},"id":"h22hvnk29txyzbn","previousOperationId":"ab9dwy9hzacpy4u"}
{"type":"log","timestamp":1705255206228,"level":"debug","message":"Page request finished: GET (stylesheet) 200 https://cdnjs.cloudflare.com/ajax/libs/metro/4.1.5/css/metro.min.css","meta":{"rootId":"5ywczi3yokn7xuf","id":"7o3w60lgshs3red"},"id":"qc0vke4p31pohxm","previousOperationId":"ab9dwy9hzacpy4u"}
{"type":"log","timestamp":1705255206245,"level":"debug","message":"Running chrome with params {\"printBackground\":true,\"marginTop\":\"1.5cm\",\"marginRight\":\"1.5cm\",\"marginLeft\":\"1.cm\",\"timeout\":57896,\"margin\":{\"top\":\"1.5cm\",\"right\":\"1.5cm\",\"left\":\"1.cm\"}}","meta":{"rootId":"5ywczi3yokn7xuf","id":"7o3w60lgshs3red"},"id":"rl1uatia7j8s2sx","previousOperationId":"ab9dwy9hzacpy4u"}
{"type":"operationEnd","operationId":"ab9dwy9hzacpy4u","timestamp":1705255206284,"id":"osa3nm0tx51vq64","previousEventId":"4zeigw7kabx0qvy","previousOperationId":"ab9dwy9hzacpy4u"}
{"type":"log","timestamp":1705255206285,"level":"debug","message":"Skipping storing report.","meta":{"rootId":"5ywczi3yokn7xuf","id":"7o3w60lgshs3red"},"id":"6q2q5b4vkyct8iz","previousOperationId":"ab9dwy9hzacpy4u"}
{"type":"log","timestamp":1705255206285,"level":"info","message":"Rendering (child) request finished in 2306 ms","meta":{"rootId":"5ywczi3yokn7xuf","id":"7o3w60lgshs3red"},"id":"2pgbxjr2ut7tykc","previousOperationId":"ab9dwy9hzacpy4u"}
{"type":"operationEnd","subtype":"render","operationId":"g2zx4hpnuv330q0","timestamp":1705255206285,"id":"m4mongdqe116rrf","previousEventId":"osa3nm0tx51vq64","previousOperationId":"ab9dwy9hzacpy4u"}
{"type":"operationEnd","operationId":"fgp11xm21yejdxc","timestamp":1705255206302,"id":"qvge2um7rfe3kkl","previousEventId":"4zmze4yhyt2ty5c","previousOperationId":"fgp11xm21yejdxc"}
{"type":"log","timestamp":1705255206302,"level":"debug","message":"pdf-utils postproces start","meta":{"rootId":"5ywczi3yokn7xuf","id":"5ywczi3yokn7xuf"},"id":"kjwnl0mei0grryz","previousOperationId":"fgp11xm21yejdxc"}
{"type":"log","timestamp":1705255206312,"level":"debug","message":"pdf-utils postproces end","meta":{"rootId":"5ywczi3yokn7xuf","id":"5ywczi3yokn7xuf"},"id":"g3mcolbqg6wk991","previousOperationId":"fgp11xm21yejdxc"}
{"type":"operationEnd","operationId":"xv1yufzkypo9qcz","timestamp":1705255206312,"id":"nhv1hg55iwnjauz","previousEventId":"qvge2um7rfe3kkl","previousOperationId":"fgp11xm21yejdxc"}
{"type":"log","timestamp":1705255206312,"level":"info","message":"pdf-utils pdf processing was finished","meta":{"rootId":"5ywczi3yokn7xuf","id":"5ywczi3yokn7xuf"},"id":"wjx52djolem8zx6","previousOperationId":"xv1yufzkypo9qcz"}
{"type":"log","timestamp":1705255206312,"level":"debug","message":"Skipping storing report.","meta":{"rootId":"5ywczi3yokn7xuf","id":"5ywczi3yokn7xuf"},"id":"zfc4wdbaut5ipdm","previousOperationId":"xv1yufzkypo9qcz"}
{"type":"log","timestamp":1705255206312,"level":"info","message":"Rendering request 4 finished in 2333 ms","meta":{"rootId":"5ywczi3yokn7xuf","id":"5ywczi3yokn7xuf"},"id":"k0r53ahc211ac8g","previousOperationId":"xv1yufzkypo9qcz"}
{"type":"operationEnd","subtype":"render","operationId":"6k5wot36wuxyick","timestamp":1705255206312,"id":"o6cdqh9hdfxpyyq","previousEventId":"nhv1hg55iwnjauz","previousOperationId":"xv1yufzkypo9qcz"}
{"type":"operationEnd","doDiffs":false,"previousEventId":"8y4hkldtb78kxvc","previousOperationId":"n91xmp6uw1wuqfc","operationId":"n91xmp6uw1wuqfc","timestamp":1705255206325,"id":"31839nprz1sb7zf"}
