{"type":"operationStart","subtype":"profile","data":{"_id":"UqDUxhfgNIPfLhIF","timestamp":"2024-01-14T19:36:33.935Z","state":"queued","mode":"standard","creationDate":"2024-01-14T19:36:33.939Z","modificationDate":"2024-01-14T19:36:33.939Z","shortid":"L7q0oMH","$entitySet":"profiles"},"doDiffs":false,"timestamp":1705260993937,"id":"5w4012sa6o37arr","previousOperationId":null,"operationId":"8y1w0qm9jcnvuec"}
{"type":"log","level":"info","message":"Render request 1 queued for execution and waiting for available worker","previousOperationId":"8y1w0qm9jcnvuec","timestamp":1705260993938,"id":"uqmq7lwvwa414qt"}
{"type":"operationStart","subtype":"render","name":"orders-main","previousOperationId":"8y1w0qm9jcnvuec","timestamp":1705260993984,"id":"cvdnyeahhhrdkcg","previousEventId":"5w4012sa6o37arr","operationId":"rxpcnxbx360gqne"}
{"type":"log","timestamp":1705260993986,"level":"info","message":"Starting rendering request 1","meta":{"rootId":"6h4hfqr2i3yak5b","id":"6h4hfqr2i3yak5b"},"id":"mrc701edq88krem","previousOperationId":"rxpcnxbx360gqne"}
{"type":"log","timestamp":1705260993988,"level":"info","message":"Rendering template { name: orders-main, recipe: chrome-pdf, engine: handlebars, preview: true }","meta":{"rootId":"6h4hfqr2i3yak5b","id":"6h4hfqr2i3yak5b"},"id":"wzjpyjqd2qhniqk","previousOperationId":"rxpcnxbx360gqne"}
{"type":"log","timestamp":1705260993991,"level":"debug","message":"Data item not defined for this template.","meta":{"rootId":"6h4hfqr2i3yak5b","id":"6h4hfqr2i3yak5b"},"id":"8s5xu6g5tct2k98","previousOperationId":"rxpcnxbx360gqne"}
{"type":"log","timestamp":1705260994009,"level":"debug","message":"Executing script orders-script (beforeRender)","meta":{"rootId":"6h4hfqr2i3yak5b","id":"6h4hfqr2i3yak5b"},"id":"h2fmfwjm7zk7ey3","previousOperationId":"rxpcnxbx360gqne"}
{"type":"operationStart","subtype":"scriptsBeforeRender","name":"scripts beforeRender","timestamp":1705260994382,"id":"zypvvktbgfr9mbb","previousEventId":"cvdnyeahhhrdkcg","operationId":"72a539wi5atspc0","previousOperationId":"rxpcnxbx360gqne"}
{"type":"operationStart","subtype":"script","name":"scripts orders-script","previousOperationId":"72a539wi5atspc0","timestamp":1705260994382,"id":"esx3rvorhbp1004","previousEventId":"zypvvktbgfr9mbb","operationId":"n23yqyjjnyhghv4"}
{"type":"operationEnd","operationId":"n23yqyjjnyhghv4","timestamp":1705260994412,"id":"oyo0471tuavkvy9","previousEventId":"cvdnyeahhhrdkcg","previousOperationId":"rxpcnxbx360gqne"}
{"type":"operationEnd","operationId":"72a539wi5atspc0","timestamp":1705260994412,"id":"2yzw660x9w9jyco","previousEventId":"oyo0471tuavkvy9","previousOperationId":"rxpcnxbx360gqne"}
{"type":"log","timestamp":1705260994412,"level":"debug","message":"Base url not specified, skipping its injection.","meta":{"rootId":"6h4hfqr2i3yak5b","id":"6h4hfqr2i3yak5b"},"id":"cyg96kulsf5zyod","previousOperationId":"72a539wi5atspc0"}
{"type":"operationStart","subtype":"engine","name":"handlebars","timestamp":1705260994413,"id":"75ofp3g6njo5fm8","previousEventId":"2yzw660x9w9jyco","operationId":"ab1g7vodhbjbgda","previousOperationId":"72a539wi5atspc0"}
{"type":"log","timestamp":1705260994413,"level":"debug","message":"Rendering engine handlebars","meta":{"rootId":"6h4hfqr2i3yak5b","id":"6h4hfqr2i3yak5b"},"id":"uyibgx1zkszi9sz","previousOperationId":"ab1g7vodhbjbgda"}
{"type":"operationEnd","operationId":"ab1g7vodhbjbgda","timestamp":1705260994738,"id":"ttl7mk7rf8ih7k3","previousEventId":"75ofp3g6njo5fm8","previousOperationId":"ab1g7vodhbjbgda"}
{"type":"operationStart","subtype":"recipe","name":"chrome-pdf","timestamp":1705260994739,"id":"17a2p77fycg5evo","previousEventId":"ttl7mk7rf8ih7k3","operationId":"kmqj6lz21d3ez54","previousOperationId":"ab1g7vodhbjbgda"}
{"type":"log","timestamp":1705260994739,"level":"debug","message":"Executing recipe chrome-pdf","meta":{"rootId":"6h4hfqr2i3yak5b","id":"6h4hfqr2i3yak5b"},"id":"dq304qm7gdz0nok","previousOperationId":"kmqj6lz21d3ez54"}
{"type":"log","timestamp":1705260995476,"level":"debug","message":"Converting with chrome HeadlessChrome/117.0.5938.149 using chrome-pool strategy","meta":{"rootId":"6h4hfqr2i3yak5b","id":"6h4hfqr2i3yak5b"},"id":"vp2a330cqu95duc","previousOperationId":"kmqj6lz21d3ez54"}
{"type":"log","timestamp":1705260996010,"level":"debug","message":"Page request: GET (document) file:///C:/Users/arida/AppData/Local/Temp/jsreport/autocleanup/820328e3-dab8-46f2-a95c-bd8fcc911fb0-chrome-pdf.html","meta":{"rootId":"6h4hfqr2i3yak5b","id":"6h4hfqr2i3yak5b"},"id":"at8vk8bhbih0z9p","previousOperationId":"kmqj6lz21d3ez54"}
{"type":"log","timestamp":1705260996034,"level":"debug","message":"Page request: GET (stylesheet) https://cdnjs.cloudflare.com/ajax/libs/metro/4.1.5/css/metro.min.css","meta":{"rootId":"6h4hfqr2i3yak5b","id":"6h4hfqr2i3yak5b"},"id":"a6k6ok25sf890qe","previousOperationId":"kmqj6lz21d3ez54"}
{"type":"log","timestamp":1705260996034,"level":"debug","message":"Page request: GET (script) https://cdnjs.cloudflare.com/ajax/libs/Chart.js/2.7.2/Chart.min.js","meta":{"rootId":"6h4hfqr2i3yak5b","id":"6h4hfqr2i3yak5b"},"id":"lbenkzja264ynsj","previousOperationId":"kmqj6lz21d3ez54"}
{"type":"log","timestamp":1705260996035,"level":"debug","message":"Page request finished: GET (document) 200 file:///C:/Users/arida/AppData/Local/Temp/jsreport/autocleanup/820328e3-dab8-46f2-a95c-bd8fcc911fb0-chrome-pdf.html","meta":{"rootId":"6h4hfqr2i3yak5b","id":"6h4hfqr2i3yak5b"},"id":"de8g84dw0rmycho","previousOperationId":"kmqj6lz21d3ez54"}
{"type":"log","timestamp":1705260998562,"level":"debug","message":"Page request finished: GET (script) 200 https://cdnjs.cloudflare.com/ajax/libs/Chart.js/2.7.2/Chart.min.js","meta":{"rootId":"6h4hfqr2i3yak5b","id":"6h4hfqr2i3yak5b"},"id":"cs733wiv3n24mzs","previousOperationId":"kmqj6lz21d3ez54"}
{"type":"log","timestamp":1705260998601,"level":"debug","message":"Page request finished: GET (stylesheet) 200 https://cdnjs.cloudflare.com/ajax/libs/metro/4.1.5/css/metro.min.css","meta":{"rootId":"6h4hfqr2i3yak5b","id":"6h4hfqr2i3yak5b"},"id":"mtfvy8lvzby2doh","previousOperationId":"kmqj6lz21d3ez54"}
{"type":"log","timestamp":1705260998616,"level":"debug","message":"Running chrome with params {\"printBackground\":true,\"marginTop\":\"4cm\",\"marginRight\":\"1.5cm\",\"marginBottom\":\"1.5cm\",\"marginLeft\":\"1.5cm\",\"waitForJS\":false,\"timeout\":58693,\"margin\":{\"top\":\"4cm\",\"right\":\"1.5cm\",\"bottom\":\"1.5cm\",\"left\":\"1.5cm\"}}","meta":{"rootId":"6h4hfqr2i3yak5b","id":"6h4hfqr2i3yak5b"},"id":"9ji7zjdxwe0c04d","previousOperationId":"kmqj6lz21d3ez54"}
{"type":"operationEnd","operationId":"kmqj6lz21d3ez54","timestamp":1705260998646,"id":"6c7tzg29p7tijyo","previousEventId":"17a2p77fycg5evo","previousOperationId":"kmqj6lz21d3ez54"}
{"type":"log","timestamp":1705260998646,"level":"info","message":"pdf-utils is starting pdf processing","meta":{"rootId":"6h4hfqr2i3yak5b","id":"6h4hfqr2i3yak5b"},"id":"d6ehzxv2fjfuqo9","previousOperationId":"kmqj6lz21d3ez54"}
{"type":"operationStart","subtype":"pdfUtils","name":"pdf utils","timestamp":1705260998934,"id":"7xwlvdxhdt0au3d","previousEventId":"6c7tzg29p7tijyo","operationId":"1rcbh16izq99b7t","previousOperationId":"kmqj6lz21d3ez54"}
{"type":"log","timestamp":1705260998934,"level":"debug","message":"pdf-utils detected 1 pdf operation(s) to process","meta":{"rootId":"6h4hfqr2i3yak5b","id":"6h4hfqr2i3yak5b"},"id":"81nqiaurbjh2vfq","previousOperationId":"1rcbh16izq99b7t"}
{"type":"log","timestamp":1705260999185,"level":"debug","message":"pdf-utils running pdf operation merge","meta":{"rootId":"6h4hfqr2i3yak5b","id":"6h4hfqr2i3yak5b"},"id":"op5ps4onkb07j7e","previousOperationId":"1rcbh16izq99b7t"}
{"type":"operationStart","subtype":"pdfUtilsMerge","name":"pdf utils merge","previousOperationId":"1rcbh16izq99b7t","timestamp":1705260999185,"id":"tv6szlcglk0zuxf","previousEventId":"7xwlvdxhdt0au3d","operationId":"y9t26ilvgktmu0s"}
{"type":"operationStart","subtype":"render","name":"orders-header","previousOperationId":"y9t26ilvgktmu0s","timestamp":1705260999191,"id":"kr0ubvk36qsktia","previousEventId":"tv6szlcglk0zuxf","operationId":"m7rb7ss1gnf5s1d"}
{"type":"log","timestamp":1705260999191,"level":"info","message":"Starting rendering (child) request","meta":{"rootId":"6h4hfqr2i3yak5b","id":"yxtq5xd7ug1bvhk"},"id":"yzngvdt93b342ps","previousOperationId":"m7rb7ss1gnf5s1d"}
{"type":"log","timestamp":1705260999191,"level":"info","message":"Rendering template { name: orders-header, recipe: chrome-pdf, engine: handlebars, preview: true }","meta":{"rootId":"6h4hfqr2i3yak5b","id":"yxtq5xd7ug1bvhk"},"id":"3i1dk7saj8d9dx5","previousOperationId":"m7rb7ss1gnf5s1d"}
{"type":"log","timestamp":1705260999198,"level":"debug","message":"Inline data specified.","meta":{"rootId":"6h4hfqr2i3yak5b","id":"yxtq5xd7ug1bvhk"},"id":"un7g5uxfxyfmmdi","previousOperationId":"m7rb7ss1gnf5s1d"}
{"type":"log","timestamp":1705260999201,"level":"debug","message":"Base url not specified, skipping its injection.","meta":{"rootId":"6h4hfqr2i3yak5b","id":"yxtq5xd7ug1bvhk"},"id":"zbkz1b59428npgo","previousOperationId":"m7rb7ss1gnf5s1d"}
{"type":"operationStart","subtype":"engine","name":"handlebars","timestamp":1705260999201,"id":"7sd0t1yi8ohs21e","previousEventId":"kr0ubvk36qsktia","operationId":"4reqwui9ld5meom","previousOperationId":"m7rb7ss1gnf5s1d"}
{"type":"log","timestamp":1705260999201,"level":"debug","message":"Rendering engine handlebars","meta":{"rootId":"6h4hfqr2i3yak5b","id":"yxtq5xd7ug1bvhk"},"id":"srm3hvgzhfmmu41","previousOperationId":"4reqwui9ld5meom"}
{"type":"operationEnd","operationId":"4reqwui9ld5meom","timestamp":1705260999268,"id":"tf945hmi2qcdrsa","previousEventId":"7sd0t1yi8ohs21e","previousOperationId":"4reqwui9ld5meom"}
{"type":"operationStart","subtype":"recipe","name":"chrome-pdf","timestamp":1705260999269,"id":"kk023rd5dynk7e9","previousEventId":"tf945hmi2qcdrsa","operationId":"loq4re0wdu08zy6","previousOperationId":"4reqwui9ld5meom"}
{"type":"log","timestamp":1705260999269,"level":"debug","message":"Executing recipe chrome-pdf","meta":{"rootId":"6h4hfqr2i3yak5b","id":"yxtq5xd7ug1bvhk"},"id":"b5uaax5z0ohbhnz","previousOperationId":"loq4re0wdu08zy6"}
{"type":"log","timestamp":1705260999271,"level":"debug","message":"Converting with chrome HeadlessChrome/117.0.5938.149 using chrome-pool strategy","meta":{"rootId":"6h4hfqr2i3yak5b","id":"yxtq5xd7ug1bvhk"},"id":"uh0xodrvzjqpj0d","previousOperationId":"loq4re0wdu08zy6"}
{"type":"log","timestamp":1705260999410,"level":"debug","message":"Page request: GET (document) file:///C:/Users/arida/AppData/Local/Temp/jsreport/autocleanup/aaee2beb-ce04-4174-936d-1d438ae407da-chrome-pdf.html","meta":{"rootId":"6h4hfqr2i3yak5b","id":"yxtq5xd7ug1bvhk"},"id":"7fc54c1knbu95t9","previousOperationId":"loq4re0wdu08zy6"}
{"type":"log","timestamp":1705260999422,"level":"debug","message":"Page request: GET (stylesheet) https://cdnjs.cloudflare.com/ajax/libs/metro/4.1.5/css/metro.min.css","meta":{"rootId":"6h4hfqr2i3yak5b","id":"yxtq5xd7ug1bvhk"},"id":"hqdqs4ox21x0ol7","previousOperationId":"loq4re0wdu08zy6"}
{"type":"log","timestamp":1705260999422,"level":"debug","message":"Page request finished: GET (document) 200 file:///C:/Users/arida/AppData/Local/Temp/jsreport/autocleanup/aaee2beb-ce04-4174-936d-1d438ae407da-chrome-pdf.html","meta":{"rootId":"6h4hfqr2i3yak5b","id":"yxtq5xd7ug1bvhk"},"id":"qyt4piq1pscghrk","previousOperationId":"loq4re0wdu08zy6"}
{"type":"log","timestamp":1705260999446,"level":"debug","message":"Page request finished: GET (stylesheet) 200 https://cdnjs.cloudflare.com/ajax/libs/metro/4.1.5/css/metro.min.css","meta":{"rootId":"6h4hfqr2i3yak5b","id":"yxtq5xd7ug1bvhk"},"id":"jt2ft5qjmq3rqch","previousOperationId":"loq4re0wdu08zy6"}
{"type":"log","timestamp":1705260999469,"level":"debug","message":"Running chrome with params {\"printBackground\":true,\"marginTop\":\"1.5cm\",\"marginRight\":\"1.5cm\",\"marginLeft\":\"1.cm\",\"timeout\":54664,\"margin\":{\"top\":\"1.5cm\",\"right\":\"1.5cm\",\"left\":\"1.cm\"}}","meta":{"rootId":"6h4hfqr2i3yak5b","id":"yxtq5xd7ug1bvhk"},"id":"d8fpc2h88d6v6yi","previousOperationId":"loq4re0wdu08zy6"}
{"type":"operationEnd","operationId":"loq4re0wdu08zy6","timestamp":1705260999514,"id":"7a965h0oofcnbzg","previousEventId":"kk023rd5dynk7e9","previousOperationId":"loq4re0wdu08zy6"}
{"type":"log","timestamp":1705260999515,"level":"debug","message":"Skipping storing report.","meta":{"rootId":"6h4hfqr2i3yak5b","id":"yxtq5xd7ug1bvhk"},"id":"8ywfcevm7v9pp14","previousOperationId":"loq4re0wdu08zy6"}
{"type":"log","timestamp":1705260999515,"level":"info","message":"Rendering (child) request finished in 5580 ms","meta":{"rootId":"6h4hfqr2i3yak5b","id":"yxtq5xd7ug1bvhk"},"id":"upy3al6eknqbx4v","previousOperationId":"loq4re0wdu08zy6"}
{"type":"operationEnd","subtype":"render","operationId":"m7rb7ss1gnf5s1d","timestamp":1705260999515,"id":"p35oo50s0h9111v","previousEventId":"7a965h0oofcnbzg","previousOperationId":"loq4re0wdu08zy6"}
{"type":"operationEnd","operationId":"y9t26ilvgktmu0s","timestamp":1705260999537,"id":"l8e0qj2u2zajlfs","previousEventId":"tv6szlcglk0zuxf","previousOperationId":"y9t26ilvgktmu0s"}
{"type":"log","timestamp":1705260999537,"level":"debug","message":"pdf-utils postproces start","meta":{"rootId":"6h4hfqr2i3yak5b","id":"6h4hfqr2i3yak5b"},"id":"4nvtgjm452b0lqc","previousOperationId":"y9t26ilvgktmu0s"}
{"type":"log","timestamp":1705260999548,"level":"debug","message":"pdf-utils postproces end","meta":{"rootId":"6h4hfqr2i3yak5b","id":"6h4hfqr2i3yak5b"},"id":"9lxqdh5kgk8lodh","previousOperationId":"y9t26ilvgktmu0s"}
{"type":"operationEnd","operationId":"1rcbh16izq99b7t","timestamp":1705260999548,"id":"ytgcvq0zg0ljh89","previousEventId":"l8e0qj2u2zajlfs","previousOperationId":"y9t26ilvgktmu0s"}
{"type":"log","timestamp":1705260999548,"level":"info","message":"pdf-utils pdf processing was finished","meta":{"rootId":"6h4hfqr2i3yak5b","id":"6h4hfqr2i3yak5b"},"id":"9sfwyqhzdcgq7e5","previousOperationId":"1rcbh16izq99b7t"}
{"type":"log","timestamp":1705260999548,"level":"debug","message":"Skipping storing report.","meta":{"rootId":"6h4hfqr2i3yak5b","id":"6h4hfqr2i3yak5b"},"id":"7c2kk4d454dratg","previousOperationId":"1rcbh16izq99b7t"}
{"type":"log","timestamp":1705260999548,"level":"info","message":"Rendering request 1 finished in 5613 ms","meta":{"rootId":"6h4hfqr2i3yak5b","id":"6h4hfqr2i3yak5b"},"id":"h3hr6xdyw9yu13n","previousOperationId":"1rcbh16izq99b7t"}
{"type":"operationEnd","subtype":"render","operationId":"rxpcnxbx360gqne","timestamp":1705260999548,"id":"caqg833g11rifzk","previousEventId":"ytgcvq0zg0ljh89","previousOperationId":"1rcbh16izq99b7t"}
{"type":"operationEnd","doDiffs":false,"previousEventId":"5w4012sa6o37arr","previousOperationId":"8y1w0qm9jcnvuec","operationId":"8y1w0qm9jcnvuec","timestamp":1705260999557,"id":"fqdk35v29si8xgz"}
