{"type":"operationStart","subtype":"profile","data":{"_id":"29ZEuQHuVT4P4cdT","timestamp":"2024-01-09T20:41:24.920Z","state":"queued","mode":"standard","creationDate":"2024-01-09T20:41:24.923Z","modificationDate":"2024-01-09T20:41:24.923Z","shortid":"eRZxDsT","$entitySet":"profiles"},"doDiffs":false,"timestamp":1704832884921,"id":"nszj83qtz4pskga","previousOperationId":null,"operationId":"rogjt0u1ln558mz"}
{"type":"log","level":"info","message":"Render request 4 queued for execution and waiting for available worker","previousOperationId":"rogjt0u1ln558mz","timestamp":1704832884921,"id":"367z4qexlusnl2d"}
{"type":"operationStart","subtype":"render","name":"orders-main","previousOperationId":"rogjt0u1ln558mz","timestamp":1704832884939,"id":"6jgifewzzty2mqp","previousEventId":"nszj83qtz4pskga","operationId":"4h6e5d41an4fodu"}
{"type":"log","timestamp":1704832884939,"level":"info","message":"Starting rendering request 4","meta":{"rootId":"6n708spicdp5tqc","id":"6n708spicdp5tqc"},"id":"9400rx34dejm999","previousOperationId":"4h6e5d41an4fodu"}
{"type":"log","timestamp":1704832884940,"level":"info","message":"Rendering template { name: orders-main, recipe: chrome-pdf, engine: handlebars, preview: true }","meta":{"rootId":"6n708spicdp5tqc","id":"6n708spicdp5tqc"},"id":"tetpmidbtamu84g","previousOperationId":"4h6e5d41an4fodu"}
{"type":"log","timestamp":1704832884942,"level":"debug","message":"Data item not defined for this template.","meta":{"rootId":"6n708spicdp5tqc","id":"6n708spicdp5tqc"},"id":"svh16awtofxku8x","previousOperationId":"4h6e5d41an4fodu"}
{"type":"log","timestamp":1704832884946,"level":"debug","message":"Executing script orders-script (beforeRender)","meta":{"rootId":"6n708spicdp5tqc","id":"6n708spicdp5tqc"},"id":"d2ywyv01s7qdjmi","previousOperationId":"4h6e5d41an4fodu"}
{"type":"operationStart","subtype":"scriptsBeforeRender","name":"scripts beforeRender","timestamp":1704832884974,"id":"q0fkpgmhthd95ji","previousEventId":"6jgifewzzty2mqp","operationId":"h99uc92n0kbfw65","previousOperationId":"4h6e5d41an4fodu"}
{"type":"operationStart","subtype":"script","name":"scripts orders-script","previousOperationId":"h99uc92n0kbfw65","timestamp":1704832884974,"id":"t6u3gc715hv66a1","previousEventId":"q0fkpgmhthd95ji","operationId":"ot0s3eaehuwmq4f"}
{"type":"log","timestamp":1704832884977,"level":"debug","message":"(console:log) { profilerMode: 'standard' }","meta":{"userLevel":true,"rootId":"6n708spicdp5tqc","id":"6n708spicdp5tqc"},"id":"7zi5v59ublt0zhv","previousOperationId":"ot0s3eaehuwmq4f"}
{"type":"operationEnd","operationId":"ot0s3eaehuwmq4f","timestamp":1704832886270,"id":"6mb7qb41msmukts","previousEventId":"6jgifewzzty2mqp","previousOperationId":"4h6e5d41an4fodu"}
{"type":"operationEnd","operationId":"h99uc92n0kbfw65","timestamp":1704832886270,"id":"yjjifwe2ksu3jro","previousEventId":"6mb7qb41msmukts","previousOperationId":"4h6e5d41an4fodu"}
{"type":"log","timestamp":1704832886270,"level":"debug","message":"Base url not specified, skipping its injection.","meta":{"rootId":"6n708spicdp5tqc","id":"6n708spicdp5tqc"},"id":"ucgqqq9n6or26gk","previousOperationId":"h99uc92n0kbfw65"}
{"type":"operationStart","subtype":"engine","name":"handlebars","timestamp":1704832886271,"id":"6eqtd7srp5ep6a0","previousEventId":"yjjifwe2ksu3jro","operationId":"o4ih7sdarg5u9x6","previousOperationId":"h99uc92n0kbfw65"}
{"type":"log","timestamp":1704832886272,"level":"debug","message":"Rendering engine handlebars","meta":{"rootId":"6n708spicdp5tqc","id":"6n708spicdp5tqc"},"id":"2o8gto47j8fx6ze","previousOperationId":"o4ih7sdarg5u9x6"}
{"type":"log","timestamp":1704832886296,"level":"debug","message":"(console:log) Pdf utils adding group field, value: \"France\"","meta":{"userLevel":true,"rootId":"6n708spicdp5tqc","id":"6n708spicdp5tqc"},"id":"hy4koq6a4h2ulta","previousOperationId":"o4ih7sdarg5u9x6"}
{"type":"log","timestamp":1704832886297,"level":"debug","message":"(console:log) Pdf utils adding group field, value: \"Germany\"","meta":{"userLevel":true,"rootId":"6n708spicdp5tqc","id":"6n708spicdp5tqc"},"id":"49unkhsya9i5b3v","previousOperationId":"o4ih7sdarg5u9x6"}
{"type":"operationEnd","operationId":"o4ih7sdarg5u9x6","timestamp":1704832886297,"id":"g9g1q9tw7lnsp38","previousEventId":"6eqtd7srp5ep6a0","previousOperationId":"o4ih7sdarg5u9x6"}
{"type":"operationStart","subtype":"recipe","name":"chrome-pdf","timestamp":1704832886299,"id":"dnn894vedbn9mat","previousEventId":"g9g1q9tw7lnsp38","operationId":"uhxtnicazc6n8xt","previousOperationId":"o4ih7sdarg5u9x6"}
{"type":"log","timestamp":1704832886299,"level":"debug","message":"Executing recipe chrome-pdf","meta":{"rootId":"6n708spicdp5tqc","id":"6n708spicdp5tqc"},"id":"15wqbfwlltl3w34","previousOperationId":"uhxtnicazc6n8xt"}
{"type":"log","timestamp":1704832886301,"level":"debug","message":"Converting with chrome HeadlessChrome/117.0.5938.149 using chrome-pool strategy","meta":{"rootId":"6n708spicdp5tqc","id":"6n708spicdp5tqc"},"id":"q5kgaliu89mwewr","previousOperationId":"uhxtnicazc6n8xt"}
{"type":"log","timestamp":1704832886427,"level":"debug","message":"Page request: GET (document) file:///C:/Users/arida/AppData/Local/Temp/jsreport/autocleanup/7e187080-a651-4340-9909-82d80755b62e-chrome-pdf.html","meta":{"rootId":"6n708spicdp5tqc","id":"6n708spicdp5tqc"},"id":"2ndtlmgrco2o23n","previousOperationId":"uhxtnicazc6n8xt"}
{"type":"log","timestamp":1704832886479,"level":"debug","message":"Page request: GET (stylesheet) https://cdnjs.cloudflare.com/ajax/libs/metro/4.1.5/css/metro.min.css","meta":{"rootId":"6n708spicdp5tqc","id":"6n708spicdp5tqc"},"id":"q67636uu2myem6v","previousOperationId":"uhxtnicazc6n8xt"}
{"type":"log","timestamp":1704832886480,"level":"debug","message":"Page request: GET (script) https://cdnjs.cloudflare.com/ajax/libs/Chart.js/2.7.2/Chart.min.js","meta":{"rootId":"6n708spicdp5tqc","id":"6n708spicdp5tqc"},"id":"93ijiakuhxt2sw2","previousOperationId":"uhxtnicazc6n8xt"}
{"type":"log","timestamp":1704832886480,"level":"debug","message":"Page request finished: GET (document) 200 file:///C:/Users/arida/AppData/Local/Temp/jsreport/autocleanup/7e187080-a651-4340-9909-82d80755b62e-chrome-pdf.html","meta":{"rootId":"6n708spicdp5tqc","id":"6n708spicdp5tqc"},"id":"dekimmxxykhccfw","previousOperationId":"uhxtnicazc6n8xt"}
{"type":"log","timestamp":1704832886503,"level":"debug","message":"Page request finished: GET (stylesheet) 200 https://cdnjs.cloudflare.com/ajax/libs/metro/4.1.5/css/metro.min.css","meta":{"rootId":"6n708spicdp5tqc","id":"6n708spicdp5tqc"},"id":"kjb5pzi5xbvg35f","previousOperationId":"uhxtnicazc6n8xt"}
{"type":"log","timestamp":1704832886503,"level":"debug","message":"Page request finished: GET (script) 200 https://cdnjs.cloudflare.com/ajax/libs/Chart.js/2.7.2/Chart.min.js","meta":{"rootId":"6n708spicdp5tqc","id":"6n708spicdp5tqc"},"id":"3vry619h811ljcn","previousOperationId":"uhxtnicazc6n8xt"}
{"type":"log","timestamp":1704832886587,"level":"debug","message":"Running chrome with params {\"printBackground\":true,\"marginTop\":\"4cm\",\"marginRight\":\"1.5cm\",\"marginBottom\":\"1.5cm\",\"marginLeft\":\"1.5cm\",\"waitForJS\":false,\"timeout\":58619,\"margin\":{\"top\":\"4cm\",\"right\":\"1.5cm\",\"bottom\":\"1.5cm\",\"left\":\"1.5cm\"}}","meta":{"rootId":"6n708spicdp5tqc","id":"6n708spicdp5tqc"},"id":"4lgup2tvkcpa627","previousOperationId":"uhxtnicazc6n8xt"}
{"type":"operationEnd","operationId":"uhxtnicazc6n8xt","timestamp":1704832886740,"id":"98od5dvnf7z1ja9","previousEventId":"dnn894vedbn9mat","previousOperationId":"uhxtnicazc6n8xt"}
{"type":"log","timestamp":1704832886740,"level":"info","message":"pdf-utils is starting pdf processing","meta":{"rootId":"6n708spicdp5tqc","id":"6n708spicdp5tqc"},"id":"aecjfqbsn29epk3","previousOperationId":"uhxtnicazc6n8xt"}
{"type":"operationStart","subtype":"pdfUtils","name":"pdf utils","timestamp":1704832886740,"id":"55s57idzroao88y","previousEventId":"98od5dvnf7z1ja9","operationId":"nhjf78uvr00lx5k","previousOperationId":"uhxtnicazc6n8xt"}
{"type":"log","timestamp":1704832886740,"level":"debug","message":"pdf-utils detected 1 pdf operation(s) to process","meta":{"rootId":"6n708spicdp5tqc","id":"6n708spicdp5tqc"},"id":"j3qp7fhfe73sn4b","previousOperationId":"nhjf78uvr00lx5k"}
{"type":"log","timestamp":1704832886807,"level":"debug","message":"pdf-utils running pdf operation merge","meta":{"rootId":"6n708spicdp5tqc","id":"6n708spicdp5tqc"},"id":"jzklcju080fj3o4","previousOperationId":"nhjf78uvr00lx5k"}
{"type":"operationStart","subtype":"pdfUtilsMerge","name":"pdf utils merge","previousOperationId":"nhjf78uvr00lx5k","timestamp":1704832886808,"id":"owjspuptdwlznjp","previousEventId":"55s57idzroao88y","operationId":"ljpz7p1dafg6bgo"}
{"type":"operationStart","subtype":"render","name":"orders-header","previousOperationId":"ljpz7p1dafg6bgo","timestamp":1704832886809,"id":"r9a8anlnx53rix0","previousEventId":"owjspuptdwlznjp","operationId":"phe19uev31j8s27"}
{"type":"log","timestamp":1704832886809,"level":"info","message":"Starting rendering (child) request","meta":{"rootId":"6n708spicdp5tqc","id":"bbm2wdxw1aw5ioo"},"id":"rdflk99lu9ge0ut","previousOperationId":"phe19uev31j8s27"}
{"type":"log","timestamp":1704832886809,"level":"info","message":"Rendering template { name: orders-header, recipe: chrome-pdf, engine: handlebars, preview: true }","meta":{"rootId":"6n708spicdp5tqc","id":"bbm2wdxw1aw5ioo"},"id":"wtgno0mlf61qur1","previousOperationId":"phe19uev31j8s27"}
{"type":"log","timestamp":1704832886818,"level":"debug","message":"Inline data specified.","meta":{"rootId":"6n708spicdp5tqc","id":"bbm2wdxw1aw5ioo"},"id":"yen70ynur64irwk","previousOperationId":"phe19uev31j8s27"}
{"type":"log","timestamp":1704832886823,"level":"debug","message":"Base url not specified, skipping its injection.","meta":{"rootId":"6n708spicdp5tqc","id":"bbm2wdxw1aw5ioo"},"id":"04g2l8b5vydmu76","previousOperationId":"phe19uev31j8s27"}
{"type":"operationStart","subtype":"engine","name":"handlebars","timestamp":1704832886823,"id":"e8o1f3v84gakdfr","previousEventId":"r9a8anlnx53rix0","operationId":"9jty2s4e19lwk6p","previousOperationId":"phe19uev31j8s27"}
{"type":"log","timestamp":1704832886823,"level":"debug","message":"Rendering engine handlebars","meta":{"rootId":"6n708spicdp5tqc","id":"bbm2wdxw1aw5ioo"},"id":"i49fzvktxkrbtn1","previousOperationId":"9jty2s4e19lwk6p"}
{"type":"operationEnd","operationId":"9jty2s4e19lwk6p","timestamp":1704832886845,"id":"ypi9fcw8pc7lken","previousEventId":"e8o1f3v84gakdfr","previousOperationId":"9jty2s4e19lwk6p"}
{"type":"operationStart","subtype":"recipe","name":"chrome-pdf","timestamp":1704832886845,"id":"vddtxqed1d6qgt7","previousEventId":"ypi9fcw8pc7lken","operationId":"8iuiobq9ewqfudq","previousOperationId":"9jty2s4e19lwk6p"}
{"type":"log","timestamp":1704832886845,"level":"debug","message":"Executing recipe chrome-pdf","meta":{"rootId":"6n708spicdp5tqc","id":"bbm2wdxw1aw5ioo"},"id":"w1x8dalj31ujltu","previousOperationId":"8iuiobq9ewqfudq"}
{"type":"log","timestamp":1704832886848,"level":"debug","message":"Converting with chrome HeadlessChrome/117.0.5938.149 using chrome-pool strategy","meta":{"rootId":"6n708spicdp5tqc","id":"bbm2wdxw1aw5ioo"},"id":"2k4hc9j63sk43ar","previousOperationId":"8iuiobq9ewqfudq"}
{"type":"log","timestamp":1704832886978,"level":"debug","message":"Page request: GET (document) file:///C:/Users/arida/AppData/Local/Temp/jsreport/autocleanup/8744089a-3114-4f2f-b434-16c6c4ff8d05-chrome-pdf.html","meta":{"rootId":"6n708spicdp5tqc","id":"bbm2wdxw1aw5ioo"},"id":"tf1motopfh8h1yx","previousOperationId":"8iuiobq9ewqfudq"}
{"type":"log","timestamp":1704832886991,"level":"debug","message":"Page request: GET (stylesheet) https://cdnjs.cloudflare.com/ajax/libs/metro/4.1.5/css/metro.min.css","meta":{"rootId":"6n708spicdp5tqc","id":"bbm2wdxw1aw5ioo"},"id":"y3ol53267k63co1","previousOperationId":"8iuiobq9ewqfudq"}
{"type":"log","timestamp":1704832886991,"level":"debug","message":"Page request finished: GET (document) 200 file:///C:/Users/arida/AppData/Local/Temp/jsreport/autocleanup/8744089a-3114-4f2f-b434-16c6c4ff8d05-chrome-pdf.html","meta":{"rootId":"6n708spicdp5tqc","id":"bbm2wdxw1aw5ioo"},"id":"8ppigdwl8senk83","previousOperationId":"8iuiobq9ewqfudq"}
{"type":"log","timestamp":1704832887010,"level":"debug","message":"Page request finished: GET (stylesheet) 200 https://cdnjs.cloudflare.com/ajax/libs/metro/4.1.5/css/metro.min.css","meta":{"rootId":"6n708spicdp5tqc","id":"bbm2wdxw1aw5ioo"},"id":"12kwqgk1mefr0bx","previousOperationId":"8iuiobq9ewqfudq"}
{"type":"log","timestamp":1704832887032,"level":"debug","message":"Running chrome with params {\"printBackground\":true,\"marginTop\":\"1.5cm\",\"marginRight\":\"1.5cm\",\"marginLeft\":\"1.cm\",\"timeout\":58073,\"margin\":{\"top\":\"1.5cm\",\"right\":\"1.5cm\",\"left\":\"1.cm\"}}","meta":{"rootId":"6n708spicdp5tqc","id":"bbm2wdxw1aw5ioo"},"id":"5qgxln52mrkm75w","previousOperationId":"8iuiobq9ewqfudq"}
{"type":"operationEnd","operationId":"8iuiobq9ewqfudq","timestamp":1704832887082,"id":"9odwk2jocnu911i","previousEventId":"vddtxqed1d6qgt7","previousOperationId":"8iuiobq9ewqfudq"}
{"type":"log","timestamp":1704832887082,"level":"debug","message":"Skipping storing report.","meta":{"rootId":"6n708spicdp5tqc","id":"bbm2wdxw1aw5ioo"},"id":"bbohkkg16ochv7y","previousOperationId":"8iuiobq9ewqfudq"}
{"type":"log","timestamp":1704832887082,"level":"info","message":"Rendering (child) request finished in 2162 ms","meta":{"rootId":"6n708spicdp5tqc","id":"bbm2wdxw1aw5ioo"},"id":"lri478mx3uhi9dn","previousOperationId":"8iuiobq9ewqfudq"}
{"type":"operationEnd","subtype":"render","operationId":"phe19uev31j8s27","timestamp":1704832887082,"id":"5g0nayq6ffk413l","previousEventId":"9odwk2jocnu911i","previousOperationId":"8iuiobq9ewqfudq"}
{"type":"operationEnd","operationId":"ljpz7p1dafg6bgo","timestamp":1704832887106,"id":"cxih8tauw031gqk","previousEventId":"owjspuptdwlznjp","previousOperationId":"ljpz7p1dafg6bgo"}
{"type":"log","timestamp":1704832887106,"level":"debug","message":"pdf-utils postproces start","meta":{"rootId":"6n708spicdp5tqc","id":"6n708spicdp5tqc"},"id":"6abfzeem1pzbv5o","previousOperationId":"ljpz7p1dafg6bgo"}
{"type":"log","timestamp":1704832887131,"level":"debug","message":"pdf-utils postproces end","meta":{"rootId":"6n708spicdp5tqc","id":"6n708spicdp5tqc"},"id":"mjurk4wa0ylw3ka","previousOperationId":"ljpz7p1dafg6bgo"}
{"type":"operationEnd","operationId":"nhjf78uvr00lx5k","timestamp":1704832887131,"id":"1vmk59bs7pe7jnp","previousEventId":"cxih8tauw031gqk","previousOperationId":"ljpz7p1dafg6bgo"}
{"type":"log","timestamp":1704832887131,"level":"info","message":"pdf-utils pdf processing was finished","meta":{"rootId":"6n708spicdp5tqc","id":"6n708spicdp5tqc"},"id":"7v2tavbbbqboq7u","previousOperationId":"nhjf78uvr00lx5k"}
{"type":"log","timestamp":1704832887131,"level":"debug","message":"Skipping storing report.","meta":{"rootId":"6n708spicdp5tqc","id":"6n708spicdp5tqc"},"id":"d857rqbw1v9ovjd","previousOperationId":"nhjf78uvr00lx5k"}
{"type":"log","timestamp":1704832887131,"level":"info","message":"Rendering request 4 finished in 2211 ms","meta":{"rootId":"6n708spicdp5tqc","id":"6n708spicdp5tqc"},"id":"n6t19zppzvgzls4","previousOperationId":"nhjf78uvr00lx5k"}
{"type":"operationEnd","subtype":"render","operationId":"4h6e5d41an4fodu","timestamp":1704832887131,"id":"nrngjhntyrhtebq","previousEventId":"1vmk59bs7pe7jnp","previousOperationId":"nhjf78uvr00lx5k"}
{"type":"operationEnd","doDiffs":false,"previousEventId":"nszj83qtz4pskga","previousOperationId":"rogjt0u1ln558mz","operationId":"rogjt0u1ln558mz","timestamp":1704832887149,"id":"7exwydho7tv9kj8"}
