{"type":"operationStart","subtype":"profile","data":{"_id":"oTQ6sTv3j1dSUuH8","timestamp":"2024-01-09T20:21:55.828Z","state":"queued","mode":"standard","creationDate":"2024-01-09T20:21:55.831Z","modificationDate":"2024-01-09T20:21:55.831Z","shortid":"eZ_n9RY","$entitySet":"profiles"},"doDiffs":false,"timestamp":1704831715830,"id":"qsjtu3q1xatmzd6","previousOperationId":null,"operationId":"2hvygxd63y8e2sk"}
{"type":"log","level":"info","message":"Render request 4 queued for execution and waiting for available worker","previousOperationId":"2hvygxd63y8e2sk","timestamp":1704831715830,"id":"kwdy8ztfb7biw5g"}
{"type":"operationStart","subtype":"render","name":"orders-main","previousOperationId":"2hvygxd63y8e2sk","timestamp":1704831715847,"id":"28l3bpjt2339emz","previousEventId":"qsjtu3q1xatmzd6","operationId":"2m8srlxtxxcnqf4"}
{"type":"log","timestamp":1704831715847,"level":"info","message":"Starting rendering request 4","meta":{"rootId":"700834beuc16sk2","id":"700834beuc16sk2"},"id":"1mzhicvoo6y353u","previousOperationId":"2m8srlxtxxcnqf4"}
{"type":"log","timestamp":1704831715847,"level":"info","message":"Rendering template { name: orders-main, recipe: chrome-pdf, engine: handlebars, preview: true }","meta":{"rootId":"700834beuc16sk2","id":"700834beuc16sk2"},"id":"avtnt1n1f35scwd","previousOperationId":"2m8srlxtxxcnqf4"}
{"type":"log","timestamp":1704831715849,"level":"debug","message":"Data item not defined for this template.","meta":{"rootId":"700834beuc16sk2","id":"700834beuc16sk2"},"id":"9tktloilk9aosmy","previousOperationId":"2m8srlxtxxcnqf4"}
{"type":"log","timestamp":1704831715852,"level":"debug","message":"Executing script orders-script (beforeRender)","meta":{"rootId":"700834beuc16sk2","id":"700834beuc16sk2"},"id":"3cn4rkmnmv65ei7","previousOperationId":"2m8srlxtxxcnqf4"}
{"type":"operationStart","subtype":"scriptsBeforeRender","name":"scripts beforeRender","timestamp":1704831715875,"id":"cf30afluofs0u2g","previousEventId":"28l3bpjt2339emz","operationId":"h0qnhku9ge0az3y","previousOperationId":"2m8srlxtxxcnqf4"}
{"type":"operationStart","subtype":"script","name":"scripts orders-script","previousOperationId":"h0qnhku9ge0az3y","timestamp":1704831715876,"id":"fkajutzx2tkh26g","previousEventId":"cf30afluofs0u2g","operationId":"5i9jax9i3e6gu2n"}
{"type":"log","timestamp":1704831715877,"level":"debug","message":"(console:log) undefined","meta":{"userLevel":true,"rootId":"700834beuc16sk2","id":"700834beuc16sk2"},"id":"1s9chgvxkyz08c1","previousOperationId":"5i9jax9i3e6gu2n"}
{"type":"operationEnd","operationId":"5i9jax9i3e6gu2n","timestamp":1704831717278,"id":"28qoy3q9cg9coi2","previousEventId":"28l3bpjt2339emz","previousOperationId":"2m8srlxtxxcnqf4"}
{"type":"operationEnd","operationId":"h0qnhku9ge0az3y","timestamp":1704831717278,"id":"xi72odqwgdg4jma","previousEventId":"28qoy3q9cg9coi2","previousOperationId":"2m8srlxtxxcnqf4"}
{"type":"log","timestamp":1704831717278,"level":"debug","message":"Base url not specified, skipping its injection.","meta":{"rootId":"700834beuc16sk2","id":"700834beuc16sk2"},"id":"membifa6x0ubu3f","previousOperationId":"h0qnhku9ge0az3y"}
{"type":"operationStart","subtype":"engine","name":"handlebars","timestamp":1704831717279,"id":"2lwxle6n7xc0m4j","previousEventId":"xi72odqwgdg4jma","operationId":"8nj7rig4bulnhkj","previousOperationId":"h0qnhku9ge0az3y"}
{"type":"log","timestamp":1704831717279,"level":"debug","message":"Rendering engine handlebars","meta":{"rootId":"700834beuc16sk2","id":"700834beuc16sk2"},"id":"0z5uqc2vj2v8o6l","previousOperationId":"8nj7rig4bulnhkj"}
{"type":"log","timestamp":1704831717296,"level":"debug","message":"(console:log) Pdf utils adding group field, value: \"France\"","meta":{"userLevel":true,"rootId":"700834beuc16sk2","id":"700834beuc16sk2"},"id":"frjoa6cc5krtn2j","previousOperationId":"8nj7rig4bulnhkj"}
{"type":"log","timestamp":1704831717297,"level":"debug","message":"(console:log) Pdf utils adding group field, value: \"Germany\"","meta":{"userLevel":true,"rootId":"700834beuc16sk2","id":"700834beuc16sk2"},"id":"q2v00x5w5ma6qzj","previousOperationId":"8nj7rig4bulnhkj"}
{"type":"operationEnd","operationId":"8nj7rig4bulnhkj","timestamp":1704831717297,"id":"019qyugsf85hin7","previousEventId":"2lwxle6n7xc0m4j","previousOperationId":"8nj7rig4bulnhkj"}
{"type":"operationStart","subtype":"recipe","name":"chrome-pdf","timestamp":1704831717299,"id":"euflin2aj9qoz1f","previousEventId":"019qyugsf85hin7","operationId":"7wy4jmotejj4dc6","previousOperationId":"8nj7rig4bulnhkj"}
{"type":"log","timestamp":1704831717299,"level":"debug","message":"Executing recipe chrome-pdf","meta":{"rootId":"700834beuc16sk2","id":"700834beuc16sk2"},"id":"0ec2g5bo8ux0m5c","previousOperationId":"7wy4jmotejj4dc6"}
{"type":"log","timestamp":1704831717302,"level":"debug","message":"Converting with chrome HeadlessChrome/117.0.5938.149 using chrome-pool strategy","meta":{"rootId":"700834beuc16sk2","id":"700834beuc16sk2"},"id":"ualv91nnrtl8piu","previousOperationId":"7wy4jmotejj4dc6"}
{"type":"log","timestamp":1704831717425,"level":"debug","message":"Page request: GET (document) file:///C:/Users/arida/AppData/Local/Temp/jsreport/autocleanup/ad9d2009-32f9-484e-aa9c-48d58ffe906f-chrome-pdf.html","meta":{"rootId":"700834beuc16sk2","id":"700834beuc16sk2"},"id":"xeod75dxl0po233","previousOperationId":"7wy4jmotejj4dc6"}
{"type":"log","timestamp":1704831717475,"level":"debug","message":"Page request: GET (stylesheet) https://cdnjs.cloudflare.com/ajax/libs/metro/4.1.5/css/metro.min.css","meta":{"rootId":"700834beuc16sk2","id":"700834beuc16sk2"},"id":"6fdv2vdu98i6ne7","previousOperationId":"7wy4jmotejj4dc6"}
{"type":"log","timestamp":1704831717476,"level":"debug","message":"Page request: GET (script) https://cdnjs.cloudflare.com/ajax/libs/Chart.js/2.7.2/Chart.min.js","meta":{"rootId":"700834beuc16sk2","id":"700834beuc16sk2"},"id":"mv4ad080h853js4","previousOperationId":"7wy4jmotejj4dc6"}
{"type":"log","timestamp":1704831717476,"level":"debug","message":"Page request finished: GET (document) 200 file:///C:/Users/arida/AppData/Local/Temp/jsreport/autocleanup/ad9d2009-32f9-484e-aa9c-48d58ffe906f-chrome-pdf.html","meta":{"rootId":"700834beuc16sk2","id":"700834beuc16sk2"},"id":"rhny20t8w6f8s8t","previousOperationId":"7wy4jmotejj4dc6"}
{"type":"log","timestamp":1704831717502,"level":"debug","message":"Page request finished: GET (stylesheet) 200 https://cdnjs.cloudflare.com/ajax/libs/metro/4.1.5/css/metro.min.css","meta":{"rootId":"700834beuc16sk2","id":"700834beuc16sk2"},"id":"vzr4mxmgdxrlxpf","previousOperationId":"7wy4jmotejj4dc6"}
{"type":"log","timestamp":1704831717502,"level":"debug","message":"Page request finished: GET (script) 200 https://cdnjs.cloudflare.com/ajax/libs/Chart.js/2.7.2/Chart.min.js","meta":{"rootId":"700834beuc16sk2","id":"700834beuc16sk2"},"id":"txtlhhlbf1hn053","previousOperationId":"7wy4jmotejj4dc6"}
{"type":"log","timestamp":1704831717583,"level":"debug","message":"Running chrome with params {\"printBackground\":true,\"marginTop\":\"4cm\",\"marginRight\":\"1.5cm\",\"marginBottom\":\"1.5cm\",\"marginLeft\":\"1.5cm\",\"waitForJS\":false,\"timeout\":58527,\"margin\":{\"top\":\"4cm\",\"right\":\"1.5cm\",\"bottom\":\"1.5cm\",\"left\":\"1.5cm\"}}","meta":{"rootId":"700834beuc16sk2","id":"700834beuc16sk2"},"id":"d5nrlwnft24738m","previousOperationId":"7wy4jmotejj4dc6"}
{"type":"operationEnd","operationId":"7wy4jmotejj4dc6","timestamp":1704831717747,"id":"in1fi8049zpvgbb","previousEventId":"euflin2aj9qoz1f","previousOperationId":"7wy4jmotejj4dc6"}
{"type":"log","timestamp":1704831717747,"level":"info","message":"pdf-utils is starting pdf processing","meta":{"rootId":"700834beuc16sk2","id":"700834beuc16sk2"},"id":"i6rfridpg5by87r","previousOperationId":"7wy4jmotejj4dc6"}
{"type":"operationStart","subtype":"pdfUtils","name":"pdf utils","timestamp":1704831717747,"id":"mw1ypphci4dgxwy","previousEventId":"in1fi8049zpvgbb","operationId":"u61qzmdbmniz3id","previousOperationId":"7wy4jmotejj4dc6"}
{"type":"log","timestamp":1704831717747,"level":"debug","message":"pdf-utils detected 1 pdf operation(s) to process","meta":{"rootId":"700834beuc16sk2","id":"700834beuc16sk2"},"id":"yrac3y9cxjskvoo","previousOperationId":"u61qzmdbmniz3id"}
{"type":"log","timestamp":1704831717812,"level":"debug","message":"pdf-utils running pdf operation merge","meta":{"rootId":"700834beuc16sk2","id":"700834beuc16sk2"},"id":"pdh7scuxhav9xup","previousOperationId":"u61qzmdbmniz3id"}
{"type":"operationStart","subtype":"pdfUtilsMerge","name":"pdf utils merge","previousOperationId":"u61qzmdbmniz3id","timestamp":1704831717812,"id":"qrvf1fbbf359tq8","previousEventId":"mw1ypphci4dgxwy","operationId":"m7w1z9k1adxbp4i"}
{"type":"operationStart","subtype":"render","name":"orders-header","previousOperationId":"m7w1z9k1adxbp4i","timestamp":1704831717814,"id":"guxk8kcrgce70if","previousEventId":"qrvf1fbbf359tq8","operationId":"pc61t39vmae9tsn"}
{"type":"log","timestamp":1704831717814,"level":"info","message":"Starting rendering (child) request","meta":{"rootId":"700834beuc16sk2","id":"oqgm6ivrjo2ywjv"},"id":"i6pij71ufs4r6pc","previousOperationId":"pc61t39vmae9tsn"}
{"type":"log","timestamp":1704831717814,"level":"info","message":"Rendering template { name: orders-header, recipe: chrome-pdf, engine: handlebars, preview: true }","meta":{"rootId":"700834beuc16sk2","id":"oqgm6ivrjo2ywjv"},"id":"ykbsy4kgbso7zu0","previousOperationId":"pc61t39vmae9tsn"}
{"type":"log","timestamp":1704831717820,"level":"debug","message":"Inline data specified.","meta":{"rootId":"700834beuc16sk2","id":"oqgm6ivrjo2ywjv"},"id":"nscvzpx86i4qgle","previousOperationId":"pc61t39vmae9tsn"}
{"type":"log","timestamp":1704831717823,"level":"debug","message":"Base url not specified, skipping its injection.","meta":{"rootId":"700834beuc16sk2","id":"oqgm6ivrjo2ywjv"},"id":"ocbhmunun2tkovt","previousOperationId":"pc61t39vmae9tsn"}
{"type":"operationStart","subtype":"engine","name":"handlebars","timestamp":1704831717823,"id":"jt1k1xp8832lm65","previousEventId":"guxk8kcrgce70if","operationId":"u9ck3ijafv5tzlj","previousOperationId":"pc61t39vmae9tsn"}
{"type":"log","timestamp":1704831717823,"level":"debug","message":"Rendering engine handlebars","meta":{"rootId":"700834beuc16sk2","id":"oqgm6ivrjo2ywjv"},"id":"e2p0pv0ritx302w","previousOperationId":"u9ck3ijafv5tzlj"}
{"type":"operationEnd","operationId":"u9ck3ijafv5tzlj","timestamp":1704831717846,"id":"l8qqu5p1v81dazh","previousEventId":"jt1k1xp8832lm65","previousOperationId":"u9ck3ijafv5tzlj"}
{"type":"operationStart","subtype":"recipe","name":"chrome-pdf","timestamp":1704831717846,"id":"umfjvtgp5i98rfl","previousEventId":"l8qqu5p1v81dazh","operationId":"be621rgdutnj8w4","previousOperationId":"u9ck3ijafv5tzlj"}
{"type":"log","timestamp":1704831717846,"level":"debug","message":"Executing recipe chrome-pdf","meta":{"rootId":"700834beuc16sk2","id":"oqgm6ivrjo2ywjv"},"id":"5bzoxaamgtiq1gy","previousOperationId":"be621rgdutnj8w4"}
{"type":"log","timestamp":1704831717850,"level":"debug","message":"Converting with chrome HeadlessChrome/117.0.5938.149 using chrome-pool strategy","meta":{"rootId":"700834beuc16sk2","id":"oqgm6ivrjo2ywjv"},"id":"1p6g9cgloicyqmv","previousOperationId":"be621rgdutnj8w4"}
{"type":"log","timestamp":1704831717987,"level":"debug","message":"Page request: GET (document) file:///C:/Users/arida/AppData/Local/Temp/jsreport/autocleanup/93609536-8506-40d8-b6aa-2502ab03eade-chrome-pdf.html","meta":{"rootId":"700834beuc16sk2","id":"oqgm6ivrjo2ywjv"},"id":"44r23bgsd55777s","previousOperationId":"be621rgdutnj8w4"}
{"type":"log","timestamp":1704831718000,"level":"debug","message":"Page request: GET (stylesheet) https://cdnjs.cloudflare.com/ajax/libs/metro/4.1.5/css/metro.min.css","meta":{"rootId":"700834beuc16sk2","id":"oqgm6ivrjo2ywjv"},"id":"b9l5z6yaduk94q5","previousOperationId":"be621rgdutnj8w4"}
{"type":"log","timestamp":1704831718000,"level":"debug","message":"Page request finished: GET (document) 200 file:///C:/Users/arida/AppData/Local/Temp/jsreport/autocleanup/93609536-8506-40d8-b6aa-2502ab03eade-chrome-pdf.html","meta":{"rootId":"700834beuc16sk2","id":"oqgm6ivrjo2ywjv"},"id":"3i0ulyhwe5jmsij","previousOperationId":"be621rgdutnj8w4"}
{"type":"log","timestamp":1704831718021,"level":"debug","message":"Page request finished: GET (stylesheet) 200 https://cdnjs.cloudflare.com/ajax/libs/metro/4.1.5/css/metro.min.css","meta":{"rootId":"700834beuc16sk2","id":"oqgm6ivrjo2ywjv"},"id":"j82n8v3lm4f57ln","previousOperationId":"be621rgdutnj8w4"}
{"type":"log","timestamp":1704831718050,"level":"debug","message":"Running chrome with params {\"printBackground\":true,\"marginTop\":\"1.5cm\",\"marginRight\":\"1.5cm\",\"marginLeft\":\"1.cm\",\"timeout\":57979,\"margin\":{\"top\":\"1.5cm\",\"right\":\"1.5cm\",\"left\":\"1.cm\"}}","meta":{"rootId":"700834beuc16sk2","id":"oqgm6ivrjo2ywjv"},"id":"w816n9eiv6tkdn5","previousOperationId":"be621rgdutnj8w4"}
{"type":"operationEnd","operationId":"be621rgdutnj8w4","timestamp":1704831718109,"id":"t7oz5c659zw5pr0","previousEventId":"umfjvtgp5i98rfl","previousOperationId":"be621rgdutnj8w4"}
{"type":"log","timestamp":1704831718109,"level":"debug","message":"Skipping storing report.","meta":{"rootId":"700834beuc16sk2","id":"oqgm6ivrjo2ywjv"},"id":"e50oo0h48ozvo0p","previousOperationId":"be621rgdutnj8w4"}
{"type":"log","timestamp":1704831718109,"level":"info","message":"Rendering (child) request finished in 2281 ms","meta":{"rootId":"700834beuc16sk2","id":"oqgm6ivrjo2ywjv"},"id":"lgzmjz5965eaei5","previousOperationId":"be621rgdutnj8w4"}
{"type":"operationEnd","subtype":"render","operationId":"pc61t39vmae9tsn","timestamp":1704831718109,"id":"eb576binn5cqysv","previousEventId":"t7oz5c659zw5pr0","previousOperationId":"be621rgdutnj8w4"}
{"type":"operationEnd","operationId":"m7w1z9k1adxbp4i","timestamp":1704831718136,"id":"dmf8mu7stgotqs1","previousEventId":"qrvf1fbbf359tq8","previousOperationId":"m7w1z9k1adxbp4i"}
{"type":"log","timestamp":1704831718136,"level":"debug","message":"pdf-utils postproces start","meta":{"rootId":"700834beuc16sk2","id":"700834beuc16sk2"},"id":"3owdqji2z0xrso7","previousOperationId":"m7w1z9k1adxbp4i"}
{"type":"log","timestamp":1704831718171,"level":"debug","message":"pdf-utils postproces end","meta":{"rootId":"700834beuc16sk2","id":"700834beuc16sk2"},"id":"zpulfbpfdpv40zo","previousOperationId":"m7w1z9k1adxbp4i"}
{"type":"operationEnd","operationId":"u61qzmdbmniz3id","timestamp":1704831718172,"id":"cdqgqt8mqtfbihi","previousEventId":"dmf8mu7stgotqs1","previousOperationId":"m7w1z9k1adxbp4i"}
{"type":"log","timestamp":1704831718172,"level":"info","message":"pdf-utils pdf processing was finished","meta":{"rootId":"700834beuc16sk2","id":"700834beuc16sk2"},"id":"cdwu3k2mublaxea","previousOperationId":"u61qzmdbmniz3id"}
{"type":"log","timestamp":1704831718172,"level":"debug","message":"Skipping storing report.","meta":{"rootId":"700834beuc16sk2","id":"700834beuc16sk2"},"id":"zw9q2kd6uot1iap","previousOperationId":"u61qzmdbmniz3id"}
{"type":"log","timestamp":1704831718172,"level":"info","message":"Rendering request 4 finished in 2344 ms","meta":{"rootId":"700834beuc16sk2","id":"700834beuc16sk2"},"id":"6gz0svg3kfmk4ry","previousOperationId":"u61qzmdbmniz3id"}
{"type":"operationEnd","subtype":"render","operationId":"2m8srlxtxxcnqf4","timestamp":1704831718172,"id":"acdr2lzodsqd6my","previousEventId":"cdqgqt8mqtfbihi","previousOperationId":"u61qzmdbmniz3id"}
{"type":"operationEnd","doDiffs":false,"previousEventId":"qsjtu3q1xatmzd6","previousOperationId":"2hvygxd63y8e2sk","operationId":"2hvygxd63y8e2sk","timestamp":1704831718187,"id":"n2ei8wfvl5y3yiy"}
