{"type":"operationStart","subtype":"profile","data":{"_id":"3Ail0z6jyEwVlzz4","timestamp":"2024-01-14T19:46:01.239Z","state":"queued","mode":"standard","creationDate":"2024-01-14T19:46:01.241Z","modificationDate":"2024-01-14T19:46:01.241Z","shortid":"h-TYnFY","$entitySet":"profiles"},"doDiffs":false,"timestamp":1705261561240,"id":"burekxq5xs0wt6t","previousOperationId":null,"operationId":"72brorxpmq311gf"}
{"type":"log","level":"info","message":"Render request 4 queued for execution and waiting for available worker","previousOperationId":"72brorxpmq311gf","timestamp":1705261561240,"id":"4vdcqcdy2cqt9uk"}
{"type":"operationStart","subtype":"render","name":"orders-main","previousOperationId":"72brorxpmq311gf","timestamp":1705261561253,"id":"uuzljnvgdi97b4t","previousEventId":"burekxq5xs0wt6t","operationId":"fpba38k6g8he5uu"}
{"type":"log","timestamp":1705261561253,"level":"info","message":"Starting rendering request 4","meta":{"rootId":"72ca2xpvfotvik5","id":"72ca2xpvfotvik5"},"id":"ok71on25hegk0tx","previousOperationId":"fpba38k6g8he5uu"}
{"type":"log","timestamp":1705261561254,"level":"info","message":"Rendering template { name: orders-main, recipe: chrome-pdf, engine: handlebars, preview: true }","meta":{"rootId":"72ca2xpvfotvik5","id":"72ca2xpvfotvik5"},"id":"jpumtqzy223rmob","previousOperationId":"fpba38k6g8he5uu"}
{"type":"log","timestamp":1705261561255,"level":"debug","message":"Data item not defined for this template.","meta":{"rootId":"72ca2xpvfotvik5","id":"72ca2xpvfotvik5"},"id":"ii9nvq9bwnr37fk","previousOperationId":"fpba38k6g8he5uu"}
{"type":"log","timestamp":1705261561260,"level":"debug","message":"Executing script orders-script (beforeRender)","meta":{"rootId":"72ca2xpvfotvik5","id":"72ca2xpvfotvik5"},"id":"qsqoknmcrnh61u3","previousOperationId":"fpba38k6g8he5uu"}
{"type":"operationStart","subtype":"scriptsBeforeRender","name":"scripts beforeRender","timestamp":1705261561271,"id":"bamddrpqzdy9loy","previousEventId":"uuzljnvgdi97b4t","operationId":"i1kqiwudca3ri5r","previousOperationId":"fpba38k6g8he5uu"}
{"type":"operationStart","subtype":"script","name":"scripts orders-script","previousOperationId":"i1kqiwudca3ri5r","timestamp":1705261561271,"id":"vwexu1emgo6fmn2","previousEventId":"bamddrpqzdy9loy","operationId":"zudhwmesx99elwg"}
{"type":"operationEnd","operationId":"zudhwmesx99elwg","timestamp":1705261561289,"id":"m7y6f0aailffyr5","previousEventId":"uuzljnvgdi97b4t","previousOperationId":"fpba38k6g8he5uu"}
{"type":"operationEnd","operationId":"i1kqiwudca3ri5r","timestamp":1705261561289,"id":"orr8l2292ox5o3w","previousEventId":"m7y6f0aailffyr5","previousOperationId":"fpba38k6g8he5uu"}
{"type":"log","timestamp":1705261561289,"level":"debug","message":"Base url not specified, skipping its injection.","meta":{"rootId":"72ca2xpvfotvik5","id":"72ca2xpvfotvik5"},"id":"2lz8lxti2x91zkz","previousOperationId":"i1kqiwudca3ri5r"}
{"type":"operationStart","subtype":"engine","name":"handlebars","timestamp":1705261561289,"id":"0lnmmsev9n5kaog","previousEventId":"orr8l2292ox5o3w","operationId":"2n1nchrpwu3l00h","previousOperationId":"i1kqiwudca3ri5r"}
{"type":"log","timestamp":1705261561289,"level":"debug","message":"Rendering engine handlebars","meta":{"rootId":"72ca2xpvfotvik5","id":"72ca2xpvfotvik5"},"id":"25ywmeu51tbh9il","previousOperationId":"2n1nchrpwu3l00h"}
{"type":"operationEnd","operationId":"2n1nchrpwu3l00h","timestamp":1705261561311,"id":"aos9b07ug8nf0yu","previousEventId":"0lnmmsev9n5kaog","previousOperationId":"2n1nchrpwu3l00h"}
{"type":"operationStart","subtype":"recipe","name":"chrome-pdf","timestamp":1705261561311,"id":"nn54xmc4hk24cn1","previousEventId":"aos9b07ug8nf0yu","operationId":"pm0qtlt9h84zikw","previousOperationId":"2n1nchrpwu3l00h"}
{"type":"log","timestamp":1705261561311,"level":"debug","message":"Executing recipe chrome-pdf","meta":{"rootId":"72ca2xpvfotvik5","id":"72ca2xpvfotvik5"},"id":"0h8gqeh45gk947u","previousOperationId":"pm0qtlt9h84zikw"}
{"type":"log","timestamp":1705261561315,"level":"debug","message":"Converting with chrome HeadlessChrome/117.0.5938.149 using chrome-pool strategy","meta":{"rootId":"72ca2xpvfotvik5","id":"72ca2xpvfotvik5"},"id":"mqmjzvvfc78i3oa","previousOperationId":"pm0qtlt9h84zikw"}
{"type":"log","timestamp":1705261561462,"level":"debug","message":"Page request: GET (document) file:///C:/Users/arida/AppData/Local/Temp/jsreport/autocleanup/aeb0326c-13dc-44b0-b910-b97cc867a1cc-chrome-pdf.html","meta":{"rootId":"72ca2xpvfotvik5","id":"72ca2xpvfotvik5"},"id":"m6u7b1rf5jb123x","previousOperationId":"pm0qtlt9h84zikw"}
{"type":"log","timestamp":1705261561495,"level":"debug","message":"Page request: GET (stylesheet) https://cdnjs.cloudflare.com/ajax/libs/metro/4.1.5/css/metro.min.css","meta":{"rootId":"72ca2xpvfotvik5","id":"72ca2xpvfotvik5"},"id":"ojs9cs0we7gtpp7","previousOperationId":"pm0qtlt9h84zikw"}
{"type":"log","timestamp":1705261561496,"level":"debug","message":"Page request: GET (script) https://cdnjs.cloudflare.com/ajax/libs/Chart.js/2.7.2/Chart.min.js","meta":{"rootId":"72ca2xpvfotvik5","id":"72ca2xpvfotvik5"},"id":"bo4qop2t5kc1vf4","previousOperationId":"pm0qtlt9h84zikw"}
{"type":"log","timestamp":1705261561496,"level":"debug","message":"Page request finished: GET (document) 200 file:///C:/Users/arida/AppData/Local/Temp/jsreport/autocleanup/aeb0326c-13dc-44b0-b910-b97cc867a1cc-chrome-pdf.html","meta":{"rootId":"72ca2xpvfotvik5","id":"72ca2xpvfotvik5"},"id":"b3690pxmol96u45","previousOperationId":"pm0qtlt9h84zikw"}
{"type":"log","timestamp":1705261561520,"level":"debug","message":"Page request finished: GET (stylesheet) 200 https://cdnjs.cloudflare.com/ajax/libs/metro/4.1.5/css/metro.min.css","meta":{"rootId":"72ca2xpvfotvik5","id":"72ca2xpvfotvik5"},"id":"6jg1er80xfgq37r","previousOperationId":"pm0qtlt9h84zikw"}
{"type":"log","timestamp":1705261561521,"level":"debug","message":"Page request finished: GET (script) 200 https://cdnjs.cloudflare.com/ajax/libs/Chart.js/2.7.2/Chart.min.js","meta":{"rootId":"72ca2xpvfotvik5","id":"72ca2xpvfotvik5"},"id":"lf4wp4o54im31p6","previousOperationId":"pm0qtlt9h84zikw"}
{"type":"log","timestamp":1705261561536,"level":"warn","message":"Page error: Invalid or unexpected token , stack: SyntaxError: Invalid or unexpected token","meta":{"rootId":"72ca2xpvfotvik5","id":"72ca2xpvfotvik5"},"id":"2hane4i2947q11y","previousOperationId":"pm0qtlt9h84zikw"}
{"type":"log","timestamp":1705261561564,"level":"debug","message":"Running chrome with params {\"printBackground\":true,\"marginTop\":\"4cm\",\"marginRight\":\"1.5cm\",\"marginBottom\":\"1.5cm\",\"marginLeft\":\"1.5cm\",\"waitForJS\":false,\"timeout\":59924,\"margin\":{\"top\":\"4cm\",\"right\":\"1.5cm\",\"bottom\":\"1.5cm\",\"left\":\"1.5cm\"}}","meta":{"rootId":"72ca2xpvfotvik5","id":"72ca2xpvfotvik5"},"id":"54sfbzkxhyqif2p","previousOperationId":"pm0qtlt9h84zikw"}
{"type":"operationEnd","operationId":"pm0qtlt9h84zikw","timestamp":1705261561617,"id":"b0e3q2jr070kg0f","previousEventId":"nn54xmc4hk24cn1","previousOperationId":"pm0qtlt9h84zikw"}
{"type":"log","timestamp":1705261561618,"level":"info","message":"pdf-utils is starting pdf processing","meta":{"rootId":"72ca2xpvfotvik5","id":"72ca2xpvfotvik5"},"id":"1iv95k4tz6kzvr4","previousOperationId":"pm0qtlt9h84zikw"}
{"type":"operationStart","subtype":"pdfUtils","name":"pdf utils","timestamp":1705261561618,"id":"9aq0ydtmdc8yy9y","previousEventId":"b0e3q2jr070kg0f","operationId":"cnne3zug803tus8","previousOperationId":"pm0qtlt9h84zikw"}
{"type":"log","timestamp":1705261561618,"level":"debug","message":"pdf-utils detected 1 pdf operation(s) to process","meta":{"rootId":"72ca2xpvfotvik5","id":"72ca2xpvfotvik5"},"id":"o54ckigtfu5eqq2","previousOperationId":"cnne3zug803tus8"}
{"type":"log","timestamp":1705261561639,"level":"debug","message":"pdf-utils running pdf operation merge","meta":{"rootId":"72ca2xpvfotvik5","id":"72ca2xpvfotvik5"},"id":"vtcxkwanq8e9zne","previousOperationId":"cnne3zug803tus8"}
{"type":"operationStart","subtype":"pdfUtilsMerge","name":"pdf utils merge","previousOperationId":"cnne3zug803tus8","timestamp":1705261561639,"id":"ip7kcn9bftx0a8z","previousEventId":"9aq0ydtmdc8yy9y","operationId":"75850nns1mmmb42"}
{"type":"operationStart","subtype":"render","name":"orders-header","previousOperationId":"75850nns1mmmb42","timestamp":1705261561640,"id":"uiky81zhm2akgvi","previousEventId":"ip7kcn9bftx0a8z","operationId":"5fi1sltutfqnrby"}
{"type":"log","timestamp":1705261561640,"level":"info","message":"Starting rendering (child) request","meta":{"rootId":"72ca2xpvfotvik5","id":"ufxzlr3xwmnmf5s"},"id":"uk57vebunyj4bom","previousOperationId":"5fi1sltutfqnrby"}
{"type":"log","timestamp":1705261561640,"level":"info","message":"Rendering template { name: orders-header, recipe: chrome-pdf, engine: handlebars, preview: true }","meta":{"rootId":"72ca2xpvfotvik5","id":"ufxzlr3xwmnmf5s"},"id":"coo4itn0mzm0mci","previousOperationId":"5fi1sltutfqnrby"}
{"type":"log","timestamp":1705261561641,"level":"debug","message":"Inline data specified.","meta":{"rootId":"72ca2xpvfotvik5","id":"ufxzlr3xwmnmf5s"},"id":"er5xdprs9xijqep","previousOperationId":"5fi1sltutfqnrby"}
{"type":"log","timestamp":1705261561644,"level":"debug","message":"Base url not specified, skipping its injection.","meta":{"rootId":"72ca2xpvfotvik5","id":"ufxzlr3xwmnmf5s"},"id":"0j7op1e3rnezy0j","previousOperationId":"5fi1sltutfqnrby"}
{"type":"operationStart","subtype":"engine","name":"handlebars","timestamp":1705261561644,"id":"iomkrr3hdnngy7h","previousEventId":"uiky81zhm2akgvi","operationId":"3omziegpi5tm3an","previousOperationId":"5fi1sltutfqnrby"}
{"type":"log","timestamp":1705261561644,"level":"debug","message":"Rendering engine handlebars","meta":{"rootId":"72ca2xpvfotvik5","id":"ufxzlr3xwmnmf5s"},"id":"zctbl6dpov123y5","previousOperationId":"3omziegpi5tm3an"}
{"type":"operationEnd","operationId":"3omziegpi5tm3an","timestamp":1705261561669,"id":"vzfwoadfi6jjyp3","previousEventId":"iomkrr3hdnngy7h","previousOperationId":"3omziegpi5tm3an"}
{"type":"operationStart","subtype":"recipe","name":"chrome-pdf","timestamp":1705261561669,"id":"nr5megy34vje00l","previousEventId":"vzfwoadfi6jjyp3","operationId":"0sg9vjmn1xfh6tx","previousOperationId":"3omziegpi5tm3an"}
{"type":"log","timestamp":1705261561669,"level":"debug","message":"Executing recipe chrome-pdf","meta":{"rootId":"72ca2xpvfotvik5","id":"ufxzlr3xwmnmf5s"},"id":"2ugzrefvyn5qydz","previousOperationId":"0sg9vjmn1xfh6tx"}
{"type":"log","timestamp":1705261561673,"level":"debug","message":"Converting with chrome HeadlessChrome/117.0.5938.149 using chrome-pool strategy","meta":{"rootId":"72ca2xpvfotvik5","id":"ufxzlr3xwmnmf5s"},"id":"smyf6ug7ohodaqp","previousOperationId":"0sg9vjmn1xfh6tx"}
{"type":"log","timestamp":1705261561795,"level":"debug","message":"Page request: GET (document) file:///C:/Users/arida/AppData/Local/Temp/jsreport/autocleanup/0bf90ab8-c8fc-4ce2-ad53-3fce77e811d9-chrome-pdf.html","meta":{"rootId":"72ca2xpvfotvik5","id":"ufxzlr3xwmnmf5s"},"id":"nudt5iyxvhnd6av","previousOperationId":"0sg9vjmn1xfh6tx"}
{"type":"log","timestamp":1705261561808,"level":"debug","message":"Page request: GET (stylesheet) https://cdnjs.cloudflare.com/ajax/libs/metro/4.1.5/css/metro.min.css","meta":{"rootId":"72ca2xpvfotvik5","id":"ufxzlr3xwmnmf5s"},"id":"b3qfxowyz22k83s","previousOperationId":"0sg9vjmn1xfh6tx"}
{"type":"log","timestamp":1705261561809,"level":"debug","message":"Page request finished: GET (document) 200 file:///C:/Users/arida/AppData/Local/Temp/jsreport/autocleanup/0bf90ab8-c8fc-4ce2-ad53-3fce77e811d9-chrome-pdf.html","meta":{"rootId":"72ca2xpvfotvik5","id":"ufxzlr3xwmnmf5s"},"id":"s9k3plxgfmfi4om","previousOperationId":"0sg9vjmn1xfh6tx"}
{"type":"log","timestamp":1705261561830,"level":"debug","message":"Page request finished: GET (stylesheet) 200 https://cdnjs.cloudflare.com/ajax/libs/metro/4.1.5/css/metro.min.css","meta":{"rootId":"72ca2xpvfotvik5","id":"ufxzlr3xwmnmf5s"},"id":"g5bn4rgpnitacdc","previousOperationId":"0sg9vjmn1xfh6tx"}
{"type":"log","timestamp":1705261561847,"level":"debug","message":"Running chrome with params {\"printBackground\":true,\"marginTop\":\"1.5cm\",\"marginRight\":\"1.5cm\",\"marginLeft\":\"1.cm\",\"timeout\":59567,\"margin\":{\"top\":\"1.5cm\",\"right\":\"1.5cm\",\"left\":\"1.cm\"}}","meta":{"rootId":"72ca2xpvfotvik5","id":"ufxzlr3xwmnmf5s"},"id":"djk0g9dcf2ue9yv","previousOperationId":"0sg9vjmn1xfh6tx"}
{"type":"operationEnd","operationId":"0sg9vjmn1xfh6tx","timestamp":1705261561878,"id":"3o7uttu4l07hp0c","previousEventId":"nr5megy34vje00l","previousOperationId":"0sg9vjmn1xfh6tx"}
{"type":"log","timestamp":1705261561879,"level":"debug","message":"Skipping storing report.","meta":{"rootId":"72ca2xpvfotvik5","id":"ufxzlr3xwmnmf5s"},"id":"bjvkmir1h3q0le1","previousOperationId":"0sg9vjmn1xfh6tx"}
{"type":"log","timestamp":1705261561879,"level":"info","message":"Rendering (child) request finished in 641 ms","meta":{"rootId":"72ca2xpvfotvik5","id":"ufxzlr3xwmnmf5s"},"id":"35buscs3480764q","previousOperationId":"0sg9vjmn1xfh6tx"}
{"type":"operationEnd","subtype":"render","operationId":"5fi1sltutfqnrby","timestamp":1705261561879,"id":"hym7ztmrhie3o5y","previousEventId":"3o7uttu4l07hp0c","previousOperationId":"0sg9vjmn1xfh6tx"}
{"type":"operationEnd","operationId":"75850nns1mmmb42","timestamp":1705261561893,"id":"1dcw19c265nx87g","previousEventId":"ip7kcn9bftx0a8z","previousOperationId":"75850nns1mmmb42"}
{"type":"log","timestamp":1705261561893,"level":"debug","message":"pdf-utils postproces start","meta":{"rootId":"72ca2xpvfotvik5","id":"72ca2xpvfotvik5"},"id":"spxo8v9s69xediv","previousOperationId":"75850nns1mmmb42"}
{"type":"log","timestamp":1705261561902,"level":"debug","message":"pdf-utils postproces end","meta":{"rootId":"72ca2xpvfotvik5","id":"72ca2xpvfotvik5"},"id":"n11xkmqn5jdcwt6","previousOperationId":"75850nns1mmmb42"}
{"type":"operationEnd","operationId":"cnne3zug803tus8","timestamp":1705261561902,"id":"rsbc5wlil6h7ytj","previousEventId":"1dcw19c265nx87g","previousOperationId":"75850nns1mmmb42"}
{"type":"log","timestamp":1705261561902,"level":"info","message":"pdf-utils pdf processing was finished","meta":{"rootId":"72ca2xpvfotvik5","id":"72ca2xpvfotvik5"},"id":"f7wqz6ukoov9uu2","previousOperationId":"cnne3zug803tus8"}
{"type":"log","timestamp":1705261561902,"level":"debug","message":"Skipping storing report.","meta":{"rootId":"72ca2xpvfotvik5","id":"72ca2xpvfotvik5"},"id":"3dfhnp46aw24khm","previousOperationId":"cnne3zug803tus8"}
{"type":"log","timestamp":1705261561902,"level":"info","message":"Rendering request 4 finished in 664 ms","meta":{"rootId":"72ca2xpvfotvik5","id":"72ca2xpvfotvik5"},"id":"agj9nw1t8ah8r8o","previousOperationId":"cnne3zug803tus8"}
{"type":"operationEnd","subtype":"render","operationId":"fpba38k6g8he5uu","timestamp":1705261561902,"id":"0ac16v93snqhioy","previousEventId":"rsbc5wlil6h7ytj","previousOperationId":"cnne3zug803tus8"}
{"type":"operationEnd","doDiffs":false,"previousEventId":"burekxq5xs0wt6t","previousOperationId":"72brorxpmq311gf","operationId":"72brorxpmq311gf","timestamp":1705261561918,"id":"tzinad6zqagogik"}
