{"type":"operationStart","subtype":"profile","data":{"_id":"rdHvD6QL4DCjzsHE","timestamp":"2024-01-09T20:03:12.054Z","state":"queued","mode":"standard","creationDate":"2024-01-09T20:03:12.058Z","modificationDate":"2024-01-09T20:03:12.058Z","shortid":"w5vG-HT","$entitySet":"profiles"},"doDiffs":false,"timestamp":1704830592056,"id":"37fp7ibpdk6pjt4","previousOperationId":null,"operationId":"cc68o3hm2j6xej1"}
{"type":"log","level":"info","message":"Render request 2 queued for execution and waiting for available worker","previousOperationId":"cc68o3hm2j6xej1","timestamp":1704830592056,"id":"gxomscps3f5o1cr"}
{"type":"operationStart","subtype":"render","name":"orders-main","previousOperationId":"cc68o3hm2j6xej1","timestamp":1704830592077,"id":"s3ibccuosd2eswu","previousEventId":"37fp7ibpdk6pjt4","operationId":"iuew5z2djh5qyto"}
{"type":"log","timestamp":1704830592078,"level":"info","message":"Starting rendering request 2","meta":{"rootId":"73y3618zfsa1n2y","id":"73y3618zfsa1n2y"},"id":"ophbjf733rw6ggq","previousOperationId":"iuew5z2djh5qyto"}
{"type":"log","timestamp":1704830592080,"level":"info","message":"Rendering template { name: orders-main, recipe: chrome-pdf, engine: handlebars, preview: true }","meta":{"rootId":"73y3618zfsa1n2y","id":"73y3618zfsa1n2y"},"id":"h77h6c148h865cf","previousOperationId":"iuew5z2djh5qyto"}
{"type":"log","timestamp":1704830592090,"level":"debug","message":"Data item not defined for this template.","meta":{"rootId":"73y3618zfsa1n2y","id":"73y3618zfsa1n2y"},"id":"48dwuczgdwh5g0s","previousOperationId":"iuew5z2djh5qyto"}
{"type":"log","timestamp":1704830592097,"level":"debug","message":"Executing script orders-script (beforeRender)","meta":{"rootId":"73y3618zfsa1n2y","id":"73y3618zfsa1n2y"},"id":"6hpbt46vqpgsj9h","previousOperationId":"iuew5z2djh5qyto"}
{"type":"operationStart","subtype":"scriptsBeforeRender","name":"scripts beforeRender","timestamp":1704830592514,"id":"p261r2sl6tzu0hl","previousEventId":"s3ibccuosd2eswu","operationId":"v8scbb5ldjqdysh","previousOperationId":"iuew5z2djh5qyto"}
{"type":"operationStart","subtype":"script","name":"scripts orders-script","previousOperationId":"v8scbb5ldjqdysh","timestamp":1704830592514,"id":"k3phjavtt8vre3o","previousEventId":"p261r2sl6tzu0hl","operationId":"nagi3ku62rerulx"}
{"type":"log","timestamp":1704830593506,"level":"debug","message":"(console:log) undefined","meta":{"userLevel":true,"rootId":"73y3618zfsa1n2y","id":"73y3618zfsa1n2y"},"id":"pdxwzabx40qxxuk","previousOperationId":"nagi3ku62rerulx"}
{"type":"operationEnd","operationId":"nagi3ku62rerulx","timestamp":1704830593914,"id":"0015pqu5fwjp1h1","previousEventId":"s3ibccuosd2eswu","previousOperationId":"iuew5z2djh5qyto"}
{"type":"operationEnd","operationId":"v8scbb5ldjqdysh","timestamp":1704830593915,"id":"s2f3ftxe9w4gfwz","previousEventId":"0015pqu5fwjp1h1","previousOperationId":"iuew5z2djh5qyto"}
{"type":"log","timestamp":1704830593915,"level":"debug","message":"Base url not specified, skipping its injection.","meta":{"rootId":"73y3618zfsa1n2y","id":"73y3618zfsa1n2y"},"id":"ns7hqu58nklzoja","previousOperationId":"v8scbb5ldjqdysh"}
{"type":"operationStart","subtype":"engine","name":"handlebars","timestamp":1704830593918,"id":"ly0s0uh6p4zg9g9","previousEventId":"s2f3ftxe9w4gfwz","operationId":"3jxpzu7jg8z8jjv","previousOperationId":"v8scbb5ldjqdysh"}
{"type":"log","timestamp":1704830593918,"level":"debug","message":"Rendering engine handlebars","meta":{"rootId":"73y3618zfsa1n2y","id":"73y3618zfsa1n2y"},"id":"3t0ziib7h0xh4wp","previousOperationId":"3jxpzu7jg8z8jjv"}
{"type":"log","timestamp":1704830594265,"level":"debug","message":"(console:log) Pdf utils adding group field, value: \"France\"","meta":{"userLevel":true,"rootId":"73y3618zfsa1n2y","id":"73y3618zfsa1n2y"},"id":"ro60ateikhvo43z","previousOperationId":"3jxpzu7jg8z8jjv"}
{"type":"log","timestamp":1704830594266,"level":"debug","message":"(console:log) Pdf utils adding group field, value: \"Germany\"","meta":{"userLevel":true,"rootId":"73y3618zfsa1n2y","id":"73y3618zfsa1n2y"},"id":"du147686kseq54g","previousOperationId":"3jxpzu7jg8z8jjv"}
{"type":"operationEnd","operationId":"3jxpzu7jg8z8jjv","timestamp":1704830594267,"id":"no942thq6a5a9op","previousEventId":"ly0s0uh6p4zg9g9","previousOperationId":"3jxpzu7jg8z8jjv"}
{"type":"operationStart","subtype":"recipe","name":"chrome-pdf","timestamp":1704830594268,"id":"cezynvj6cb2luxf","previousEventId":"no942thq6a5a9op","operationId":"xgias2ndwqijb92","previousOperationId":"3jxpzu7jg8z8jjv"}
{"type":"log","timestamp":1704830594268,"level":"debug","message":"Executing recipe chrome-pdf","meta":{"rootId":"73y3618zfsa1n2y","id":"73y3618zfsa1n2y"},"id":"6sgdjbei8wdr1ah","previousOperationId":"xgias2ndwqijb92"}
{"type":"log","timestamp":1704830595011,"level":"debug","message":"Converting with chrome HeadlessChrome/117.0.5938.149 using chrome-pool strategy","meta":{"rootId":"73y3618zfsa1n2y","id":"73y3618zfsa1n2y"},"id":"5bcd5wk6xk8zlob","previousOperationId":"xgias2ndwqijb92"}
{"type":"log","timestamp":1704830595242,"level":"debug","message":"Page request: GET (document) file:///C:/Users/arida/AppData/Local/Temp/jsreport/autocleanup/227ded2b-0aa2-4a9b-a3a7-649d1dc546ec-chrome-pdf.html","meta":{"rootId":"73y3618zfsa1n2y","id":"73y3618zfsa1n2y"},"id":"qm9fgdqylvoggd0","previousOperationId":"xgias2ndwqijb92"}
{"type":"log","timestamp":1704830595297,"level":"debug","message":"Page request: GET (stylesheet) https://cdnjs.cloudflare.com/ajax/libs/metro/4.1.5/css/metro.min.css","meta":{"rootId":"73y3618zfsa1n2y","id":"73y3618zfsa1n2y"},"id":"32l2uenk1mkvx7n","previousOperationId":"xgias2ndwqijb92"}
{"type":"log","timestamp":1704830595298,"level":"debug","message":"Page request: GET (script) https://cdnjs.cloudflare.com/ajax/libs/Chart.js/2.7.2/Chart.min.js","meta":{"rootId":"73y3618zfsa1n2y","id":"73y3618zfsa1n2y"},"id":"9dj5egbss43wdzi","previousOperationId":"xgias2ndwqijb92"}
{"type":"log","timestamp":1704830595299,"level":"debug","message":"Page request finished: GET (document) 200 file:///C:/Users/arida/AppData/Local/Temp/jsreport/autocleanup/227ded2b-0aa2-4a9b-a3a7-649d1dc546ec-chrome-pdf.html","meta":{"rootId":"73y3618zfsa1n2y","id":"73y3618zfsa1n2y"},"id":"zk6e6i2lz8kvqsi","previousOperationId":"xgias2ndwqijb92"}
{"type":"log","timestamp":1704830595502,"level":"debug","message":"Page request finished: GET (stylesheet) 200 https://cdnjs.cloudflare.com/ajax/libs/metro/4.1.5/css/metro.min.css","meta":{"rootId":"73y3618zfsa1n2y","id":"73y3618zfsa1n2y"},"id":"kc31wn40ql5l7ck","previousOperationId":"xgias2ndwqijb92"}
{"type":"log","timestamp":1704830595518,"level":"debug","message":"Page request finished: GET (script) 200 https://cdnjs.cloudflare.com/ajax/libs/Chart.js/2.7.2/Chart.min.js","meta":{"rootId":"73y3618zfsa1n2y","id":"73y3618zfsa1n2y"},"id":"i2bnzgpv5iiombv","previousOperationId":"xgias2ndwqijb92"}
{"type":"log","timestamp":1704830595603,"level":"debug","message":"Running chrome with params {\"printBackground\":true,\"marginTop\":\"4cm\",\"marginRight\":\"1.5cm\",\"marginBottom\":\"1.5cm\",\"marginLeft\":\"1.5cm\",\"waitForJS\":false,\"timeout\":57252,\"margin\":{\"top\":\"4cm\",\"right\":\"1.5cm\",\"bottom\":\"1.5cm\",\"left\":\"1.5cm\"}}","meta":{"rootId":"73y3618zfsa1n2y","id":"73y3618zfsa1n2y"},"id":"n9jlypqergzrlzr","previousOperationId":"xgias2ndwqijb92"}
{"type":"operationEnd","operationId":"xgias2ndwqijb92","timestamp":1704830595764,"id":"9lpypaabii2fgij","previousEventId":"cezynvj6cb2luxf","previousOperationId":"xgias2ndwqijb92"}
{"type":"log","timestamp":1704830595765,"level":"info","message":"pdf-utils is starting pdf processing","meta":{"rootId":"73y3618zfsa1n2y","id":"73y3618zfsa1n2y"},"id":"w6phllyf985v3sj","previousOperationId":"xgias2ndwqijb92"}
{"type":"operationStart","subtype":"pdfUtils","name":"pdf utils","timestamp":1704830596009,"id":"iaxn8v49enu0ug2","previousEventId":"9lpypaabii2fgij","operationId":"o7kdckx9s6a1maz","previousOperationId":"xgias2ndwqijb92"}
{"type":"log","timestamp":1704830596009,"level":"debug","message":"pdf-utils detected 1 pdf operation(s) to process","meta":{"rootId":"73y3618zfsa1n2y","id":"73y3618zfsa1n2y"},"id":"p1yglws6ydqscg7","previousOperationId":"o7kdckx9s6a1maz"}
{"type":"log","timestamp":1704830596349,"level":"debug","message":"pdf-utils running pdf operation merge","meta":{"rootId":"73y3618zfsa1n2y","id":"73y3618zfsa1n2y"},"id":"fjzt8po0g69u6o8","previousOperationId":"o7kdckx9s6a1maz"}
{"type":"operationStart","subtype":"pdfUtilsMerge","name":"pdf utils merge","previousOperationId":"o7kdckx9s6a1maz","timestamp":1704830596349,"id":"l3r23tfgono0wcr","previousEventId":"iaxn8v49enu0ug2","operationId":"6ibkmxcmh8k7pwg"}
{"type":"operationStart","subtype":"render","name":"orders-header","previousOperationId":"6ibkmxcmh8k7pwg","timestamp":1704830596351,"id":"7wf77rppexcbkfb","previousEventId":"l3r23tfgono0wcr","operationId":"7vv00p1rnmodocs"}
{"type":"log","timestamp":1704830596351,"level":"info","message":"Starting rendering (child) request","meta":{"rootId":"73y3618zfsa1n2y","id":"wy2vcn4zo0omj10"},"id":"i97tv9czhehga1d","previousOperationId":"7vv00p1rnmodocs"}
{"type":"log","timestamp":1704830596352,"level":"info","message":"Rendering template { name: orders-header, recipe: chrome-pdf, engine: handlebars, preview: true }","meta":{"rootId":"73y3618zfsa1n2y","id":"wy2vcn4zo0omj10"},"id":"mdkrpegrbyf5von","previousOperationId":"7vv00p1rnmodocs"}
{"type":"log","timestamp":1704830596360,"level":"debug","message":"Inline data specified.","meta":{"rootId":"73y3618zfsa1n2y","id":"wy2vcn4zo0omj10"},"id":"qqfuhlpdpz3i9wb","previousOperationId":"7vv00p1rnmodocs"}
{"type":"log","timestamp":1704830596363,"level":"debug","message":"Base url not specified, skipping its injection.","meta":{"rootId":"73y3618zfsa1n2y","id":"wy2vcn4zo0omj10"},"id":"t3iachqvaf8w3j0","previousOperationId":"7vv00p1rnmodocs"}
{"type":"operationStart","subtype":"engine","name":"handlebars","timestamp":1704830596363,"id":"77gfl4vqagwazm6","previousEventId":"7wf77rppexcbkfb","operationId":"6m6yo933fdyorqj","previousOperationId":"7vv00p1rnmodocs"}
{"type":"log","timestamp":1704830596363,"level":"debug","message":"Rendering engine handlebars","meta":{"rootId":"73y3618zfsa1n2y","id":"wy2vcn4zo0omj10"},"id":"18oouqwg0i8vlso","previousOperationId":"6m6yo933fdyorqj"}
{"type":"operationEnd","operationId":"6m6yo933fdyorqj","timestamp":1704830596398,"id":"7545np47232py9n","previousEventId":"77gfl4vqagwazm6","previousOperationId":"6m6yo933fdyorqj"}
{"type":"operationStart","subtype":"recipe","name":"chrome-pdf","timestamp":1704830596398,"id":"7y03ab5geqwph0m","previousEventId":"7545np47232py9n","operationId":"a7wbz0i3i95cyl0","previousOperationId":"6m6yo933fdyorqj"}
{"type":"log","timestamp":1704830596398,"level":"debug","message":"Executing recipe chrome-pdf","meta":{"rootId":"73y3618zfsa1n2y","id":"wy2vcn4zo0omj10"},"id":"ze63sxyazelcdsy","previousOperationId":"a7wbz0i3i95cyl0"}
{"type":"log","timestamp":1704830596403,"level":"debug","message":"Converting with chrome HeadlessChrome/117.0.5938.149 using chrome-pool strategy","meta":{"rootId":"73y3618zfsa1n2y","id":"wy2vcn4zo0omj10"},"id":"aqm2adjxxbdfgi0","previousOperationId":"a7wbz0i3i95cyl0"}
{"type":"log","timestamp":1704830596548,"level":"debug","message":"Page request: GET (document) file:///C:/Users/arida/AppData/Local/Temp/jsreport/autocleanup/60fd0ce5-ee99-4964-b165-5e83b0dd0fba-chrome-pdf.html","meta":{"rootId":"73y3618zfsa1n2y","id":"wy2vcn4zo0omj10"},"id":"l1wdxkkr694u9f1","previousOperationId":"a7wbz0i3i95cyl0"}
{"type":"log","timestamp":1704830596560,"level":"debug","message":"Page request: GET (stylesheet) https://cdnjs.cloudflare.com/ajax/libs/metro/4.1.5/css/metro.min.css","meta":{"rootId":"73y3618zfsa1n2y","id":"wy2vcn4zo0omj10"},"id":"rvx5dz1qp9jqovs","previousOperationId":"a7wbz0i3i95cyl0"}
{"type":"log","timestamp":1704830596560,"level":"debug","message":"Page request finished: GET (document) 200 file:///C:/Users/arida/AppData/Local/Temp/jsreport/autocleanup/60fd0ce5-ee99-4964-b165-5e83b0dd0fba-chrome-pdf.html","meta":{"rootId":"73y3618zfsa1n2y","id":"wy2vcn4zo0omj10"},"id":"iohyko66s2rp9ql","previousOperationId":"a7wbz0i3i95cyl0"}
{"type":"log","timestamp":1704830596584,"level":"debug","message":"Page request finished: GET (stylesheet) 200 https://cdnjs.cloudflare.com/ajax/libs/metro/4.1.5/css/metro.min.css","meta":{"rootId":"73y3618zfsa1n2y","id":"wy2vcn4zo0omj10"},"id":"m0ib17nebhl9nqm","previousOperationId":"a7wbz0i3i95cyl0"}
{"type":"log","timestamp":1704830596610,"level":"debug","message":"Running chrome with params {\"printBackground\":true,\"marginTop\":\"1.5cm\",\"marginRight\":\"1.5cm\",\"marginLeft\":\"1.cm\",\"timeout\":55652,\"margin\":{\"top\":\"1.5cm\",\"right\":\"1.5cm\",\"left\":\"1.cm\"}}","meta":{"rootId":"73y3618zfsa1n2y","id":"wy2vcn4zo0omj10"},"id":"a7xaefic9fmupj2","previousOperationId":"a7wbz0i3i95cyl0"}
{"type":"operationEnd","operationId":"a7wbz0i3i95cyl0","timestamp":1704830596656,"id":"dob7w8w9cxvzh7r","previousEventId":"7y03ab5geqwph0m","previousOperationId":"a7wbz0i3i95cyl0"}
{"type":"log","timestamp":1704830596657,"level":"debug","message":"Skipping storing report.","meta":{"rootId":"73y3618zfsa1n2y","id":"wy2vcn4zo0omj10"},"id":"3kd787l2ioycbvu","previousOperationId":"a7wbz0i3i95cyl0"}
{"type":"log","timestamp":1704830596657,"level":"info","message":"Rendering (child) request finished in 4604 ms","meta":{"rootId":"73y3618zfsa1n2y","id":"wy2vcn4zo0omj10"},"id":"tekxqqvwei9dhce","previousOperationId":"a7wbz0i3i95cyl0"}
{"type":"operationEnd","subtype":"render","operationId":"7vv00p1rnmodocs","timestamp":1704830596657,"id":"24c8dqensk17ig7","previousEventId":"dob7w8w9cxvzh7r","previousOperationId":"a7wbz0i3i95cyl0"}
{"type":"operationEnd","operationId":"6ibkmxcmh8k7pwg","timestamp":1704830596690,"id":"giegqyetdg0elyr","previousEventId":"l3r23tfgono0wcr","previousOperationId":"6ibkmxcmh8k7pwg"}
{"type":"log","timestamp":1704830596690,"level":"debug","message":"pdf-utils postproces start","meta":{"rootId":"73y3618zfsa1n2y","id":"73y3618zfsa1n2y"},"id":"v8udsvax7bo4io9","previousOperationId":"6ibkmxcmh8k7pwg"}
{"type":"log","timestamp":1704830596728,"level":"debug","message":"pdf-utils postproces end","meta":{"rootId":"73y3618zfsa1n2y","id":"73y3618zfsa1n2y"},"id":"dykp7pnehbr7ldu","previousOperationId":"6ibkmxcmh8k7pwg"}
{"type":"operationEnd","operationId":"o7kdckx9s6a1maz","timestamp":1704830596728,"id":"bpwog1vohoyuppk","previousEventId":"giegqyetdg0elyr","previousOperationId":"6ibkmxcmh8k7pwg"}
{"type":"log","timestamp":1704830596728,"level":"info","message":"pdf-utils pdf processing was finished","meta":{"rootId":"73y3618zfsa1n2y","id":"73y3618zfsa1n2y"},"id":"qbbj3eeye44aylc","previousOperationId":"o7kdckx9s6a1maz"}
{"type":"log","timestamp":1704830596728,"level":"debug","message":"Skipping storing report.","meta":{"rootId":"73y3618zfsa1n2y","id":"73y3618zfsa1n2y"},"id":"rwruohmigt3mp9l","previousOperationId":"o7kdckx9s6a1maz"}
{"type":"log","timestamp":1704830596728,"level":"info","message":"Rendering request 2 finished in 4675 ms","meta":{"rootId":"73y3618zfsa1n2y","id":"73y3618zfsa1n2y"},"id":"ar6gkmjrgbtil4w","previousOperationId":"o7kdckx9s6a1maz"}
{"type":"operationEnd","subtype":"render","operationId":"iuew5z2djh5qyto","timestamp":1704830596728,"id":"v4ft1s9x7p762at","previousEventId":"bpwog1vohoyuppk","previousOperationId":"o7kdckx9s6a1maz"}
{"type":"operationEnd","doDiffs":false,"previousEventId":"37fp7ibpdk6pjt4","previousOperationId":"cc68o3hm2j6xej1","operationId":"cc68o3hm2j6xej1","timestamp":1704830596744,"id":"lhzq0zd4hdmaxu4"}
