{"type":"operationStart","subtype":"profile","data":{"_id":"WRRLPXQW1xrTDrO0","timestamp":"2024-01-09T20:38:05.409Z","state":"queued","mode":"standard","creationDate":"2024-01-09T20:38:05.412Z","modificationDate":"2024-01-09T20:38:05.412Z","shortid":"25A2k3G","$entitySet":"profiles"},"doDiffs":false,"timestamp":1704832685411,"id":"t1czxlya926hask","previousOperationId":null,"operationId":"2gzz2bslfxipmw2"}
{"type":"log","level":"info","message":"Render request 7 queued for execution and waiting for available worker","previousOperationId":"2gzz2bslfxipmw2","timestamp":1704832685411,"id":"szjk1wzicexzpnp"}
{"type":"operationStart","subtype":"render","name":"orders-main","previousOperationId":"2gzz2bslfxipmw2","timestamp":1704832685427,"id":"4m9ttxye7uqjk77","previousEventId":"t1czxlya926hask","operationId":"dumcjdlsrgnh6na"}
{"type":"log","timestamp":1704832685427,"level":"info","message":"Starting rendering request 7","meta":{"rootId":"7atahi3zj8v8int","id":"7atahi3zj8v8int"},"id":"8elyz4uq88wpcf2","previousOperationId":"dumcjdlsrgnh6na"}
{"type":"log","timestamp":1704832685427,"level":"info","message":"Rendering template { name: orders-main, recipe: chrome-pdf, engine: handlebars, preview: true }","meta":{"rootId":"7atahi3zj8v8int","id":"7atahi3zj8v8int"},"id":"phrtnq9xl5w6h99","previousOperationId":"dumcjdlsrgnh6na"}
{"type":"log","timestamp":1704832685428,"level":"debug","message":"Data item not defined for this template.","meta":{"rootId":"7atahi3zj8v8int","id":"7atahi3zj8v8int"},"id":"0a3uipzdbwqeqju","previousOperationId":"dumcjdlsrgnh6na"}
{"type":"log","timestamp":1704832685432,"level":"debug","message":"Executing script orders-script (beforeRender)","meta":{"rootId":"7atahi3zj8v8int","id":"7atahi3zj8v8int"},"id":"uqydmd66ugzcziq","previousOperationId":"dumcjdlsrgnh6na"}
{"type":"operationStart","subtype":"scriptsBeforeRender","name":"scripts beforeRender","timestamp":1704832685450,"id":"iz3jueggr1tvtm8","previousEventId":"4m9ttxye7uqjk77","operationId":"ael96k3vrm029f8","previousOperationId":"dumcjdlsrgnh6na"}
{"type":"operationStart","subtype":"script","name":"scripts orders-script","previousOperationId":"ael96k3vrm029f8","timestamp":1704832685450,"id":"xghadjne7cttpuo","previousEventId":"iz3jueggr1tvtm8","operationId":"oxgea7mzhlcudj9"}
{"type":"log","timestamp":1704832685452,"level":"debug","message":"(console:log) { profilerMode: 'standard' }","meta":{"userLevel":true,"rootId":"7atahi3zj8v8int","id":"7atahi3zj8v8int"},"id":"iz775ca9xqe42vu","previousOperationId":"oxgea7mzhlcudj9"}
{"type":"operationEnd","operationId":"oxgea7mzhlcudj9","timestamp":1704832686828,"id":"hw9067k0ln6yn0l","previousEventId":"4m9ttxye7uqjk77","previousOperationId":"dumcjdlsrgnh6na"}
{"type":"operationEnd","operationId":"ael96k3vrm029f8","timestamp":1704832686828,"id":"o5g4kpiw52kgwq4","previousEventId":"hw9067k0ln6yn0l","previousOperationId":"dumcjdlsrgnh6na"}
{"type":"log","timestamp":1704832686828,"level":"debug","message":"Base url not specified, skipping its injection.","meta":{"rootId":"7atahi3zj8v8int","id":"7atahi3zj8v8int"},"id":"zsrjm5zz9qdah08","previousOperationId":"ael96k3vrm029f8"}
{"type":"operationStart","subtype":"engine","name":"handlebars","timestamp":1704832686828,"id":"zftvhrhat3hb29w","previousEventId":"o5g4kpiw52kgwq4","operationId":"zdgo4t8xsasyqfb","previousOperationId":"ael96k3vrm029f8"}
{"type":"log","timestamp":1704832686828,"level":"debug","message":"Rendering engine handlebars","meta":{"rootId":"7atahi3zj8v8int","id":"7atahi3zj8v8int"},"id":"u2x6frnpdfq608b","previousOperationId":"zdgo4t8xsasyqfb"}
{"type":"log","timestamp":1704832686845,"level":"debug","message":"(console:log) Pdf utils adding group field, value: \"France\"","meta":{"userLevel":true,"rootId":"7atahi3zj8v8int","id":"7atahi3zj8v8int"},"id":"1l5botxyvhdqddv","previousOperationId":"zdgo4t8xsasyqfb"}
{"type":"log","timestamp":1704832686845,"level":"debug","message":"(console:log) Pdf utils adding group field, value: \"Germany\"","meta":{"userLevel":true,"rootId":"7atahi3zj8v8int","id":"7atahi3zj8v8int"},"id":"m36dt947wf5exii","previousOperationId":"zdgo4t8xsasyqfb"}
{"type":"operationEnd","operationId":"zdgo4t8xsasyqfb","timestamp":1704832686846,"id":"cz04qotau9bd8b6","previousEventId":"zftvhrhat3hb29w","previousOperationId":"zdgo4t8xsasyqfb"}
{"type":"operationStart","subtype":"recipe","name":"chrome-pdf","timestamp":1704832686847,"id":"vj8xl15riey1bzr","previousEventId":"cz04qotau9bd8b6","operationId":"1hp2fwgjx2bsnx6","previousOperationId":"zdgo4t8xsasyqfb"}
{"type":"log","timestamp":1704832686847,"level":"debug","message":"Executing recipe chrome-pdf","meta":{"rootId":"7atahi3zj8v8int","id":"7atahi3zj8v8int"},"id":"cjifpel5zd5yu0h","previousOperationId":"1hp2fwgjx2bsnx6"}
{"type":"log","timestamp":1704832686851,"level":"debug","message":"Converting with chrome HeadlessChrome/117.0.5938.149 using chrome-pool strategy","meta":{"rootId":"7atahi3zj8v8int","id":"7atahi3zj8v8int"},"id":"6sui7ebjh35h70r","previousOperationId":"1hp2fwgjx2bsnx6"}
{"type":"log","timestamp":1704832687005,"level":"debug","message":"Page request: GET (document) file:///C:/Users/arida/AppData/Local/Temp/jsreport/autocleanup/f84d5d3c-d624-46ea-bb9e-3d8590e36054-chrome-pdf.html","meta":{"rootId":"7atahi3zj8v8int","id":"7atahi3zj8v8int"},"id":"qk745lfnljhlgnf","previousOperationId":"1hp2fwgjx2bsnx6"}
{"type":"log","timestamp":1704832687066,"level":"debug","message":"Page request: GET (stylesheet) https://cdnjs.cloudflare.com/ajax/libs/metro/4.1.5/css/metro.min.css","meta":{"rootId":"7atahi3zj8v8int","id":"7atahi3zj8v8int"},"id":"qenw75sm3soj4tb","previousOperationId":"1hp2fwgjx2bsnx6"}
{"type":"log","timestamp":1704832687067,"level":"debug","message":"Page request: GET (script) https://cdnjs.cloudflare.com/ajax/libs/Chart.js/2.7.2/Chart.min.js","meta":{"rootId":"7atahi3zj8v8int","id":"7atahi3zj8v8int"},"id":"uesdxeazd9c982m","previousOperationId":"1hp2fwgjx2bsnx6"}
{"type":"log","timestamp":1704832687067,"level":"debug","message":"Page request finished: GET (document) 200 file:///C:/Users/arida/AppData/Local/Temp/jsreport/autocleanup/f84d5d3c-d624-46ea-bb9e-3d8590e36054-chrome-pdf.html","meta":{"rootId":"7atahi3zj8v8int","id":"7atahi3zj8v8int"},"id":"fid2jv76nt5m8v9","previousOperationId":"1hp2fwgjx2bsnx6"}
{"type":"log","timestamp":1704832687093,"level":"debug","message":"Page request finished: GET (stylesheet) 200 https://cdnjs.cloudflare.com/ajax/libs/metro/4.1.5/css/metro.min.css","meta":{"rootId":"7atahi3zj8v8int","id":"7atahi3zj8v8int"},"id":"jt8qbw5jpk4mhhx","previousOperationId":"1hp2fwgjx2bsnx6"}
{"type":"log","timestamp":1704832687093,"level":"debug","message":"Page request finished: GET (script) 200 https://cdnjs.cloudflare.com/ajax/libs/Chart.js/2.7.2/Chart.min.js","meta":{"rootId":"7atahi3zj8v8int","id":"7atahi3zj8v8int"},"id":"xywzlr16lg541ji","previousOperationId":"1hp2fwgjx2bsnx6"}
{"type":"log","timestamp":1704832687199,"level":"debug","message":"Running chrome with params {\"printBackground\":true,\"marginTop\":\"4cm\",\"marginRight\":\"1.5cm\",\"marginBottom\":\"1.5cm\",\"marginLeft\":\"1.5cm\",\"waitForJS\":false,\"timeout\":58559,\"margin\":{\"top\":\"4cm\",\"right\":\"1.5cm\",\"bottom\":\"1.5cm\",\"left\":\"1.5cm\"}}","meta":{"rootId":"7atahi3zj8v8int","id":"7atahi3zj8v8int"},"id":"0h3h4j56887906f","previousOperationId":"1hp2fwgjx2bsnx6"}
{"type":"operationEnd","operationId":"1hp2fwgjx2bsnx6","timestamp":1704832687416,"id":"gdqdt37cjjxrmt2","previousEventId":"vj8xl15riey1bzr","previousOperationId":"1hp2fwgjx2bsnx6"}
{"type":"log","timestamp":1704832687417,"level":"info","message":"pdf-utils is starting pdf processing","meta":{"rootId":"7atahi3zj8v8int","id":"7atahi3zj8v8int"},"id":"zqg5gnh1pnwo2bf","previousOperationId":"1hp2fwgjx2bsnx6"}
{"type":"operationStart","subtype":"pdfUtils","name":"pdf utils","timestamp":1704832687417,"id":"yl02nfgprdro0k9","previousEventId":"gdqdt37cjjxrmt2","operationId":"ypd07h7z2t6xnya","previousOperationId":"1hp2fwgjx2bsnx6"}
{"type":"log","timestamp":1704832687417,"level":"debug","message":"pdf-utils detected 1 pdf operation(s) to process","meta":{"rootId":"7atahi3zj8v8int","id":"7atahi3zj8v8int"},"id":"wbirhxgb3e8g6h8","previousOperationId":"ypd07h7z2t6xnya"}
{"type":"log","timestamp":1704832687504,"level":"debug","message":"pdf-utils running pdf operation merge","meta":{"rootId":"7atahi3zj8v8int","id":"7atahi3zj8v8int"},"id":"d0g6q6cld94dj6u","previousOperationId":"ypd07h7z2t6xnya"}
{"type":"operationStart","subtype":"pdfUtilsMerge","name":"pdf utils merge","previousOperationId":"ypd07h7z2t6xnya","timestamp":1704832687504,"id":"k1k7ruuro2e3djk","previousEventId":"yl02nfgprdro0k9","operationId":"1gi9z6l5wgrr19b"}
{"type":"operationStart","subtype":"render","name":"orders-header","previousOperationId":"1gi9z6l5wgrr19b","timestamp":1704832687506,"id":"joynfqdemulc6xk","previousEventId":"k1k7ruuro2e3djk","operationId":"c1wmcln5lhj9wu4"}
{"type":"log","timestamp":1704832687506,"level":"info","message":"Starting rendering (child) request","meta":{"rootId":"7atahi3zj8v8int","id":"y0f0d2ivvp5ni8d"},"id":"3b6xakeo3r349yq","previousOperationId":"c1wmcln5lhj9wu4"}
{"type":"log","timestamp":1704832687506,"level":"info","message":"Rendering template { name: orders-header, recipe: chrome-pdf, engine: handlebars, preview: true }","meta":{"rootId":"7atahi3zj8v8int","id":"y0f0d2ivvp5ni8d"},"id":"zl5t14rzeag4iva","previousOperationId":"c1wmcln5lhj9wu4"}
{"type":"log","timestamp":1704832687507,"level":"debug","message":"Inline data specified.","meta":{"rootId":"7atahi3zj8v8int","id":"y0f0d2ivvp5ni8d"},"id":"t863subejb8cchn","previousOperationId":"c1wmcln5lhj9wu4"}
{"type":"log","timestamp":1704832687509,"level":"debug","message":"Base url not specified, skipping its injection.","meta":{"rootId":"7atahi3zj8v8int","id":"y0f0d2ivvp5ni8d"},"id":"rybsjtijrhfntf4","previousOperationId":"c1wmcln5lhj9wu4"}
{"type":"operationStart","subtype":"engine","name":"handlebars","timestamp":1704832687509,"id":"teesla7rmnp67qz","previousEventId":"joynfqdemulc6xk","operationId":"culd27zb7zgjlnt","previousOperationId":"c1wmcln5lhj9wu4"}
{"type":"log","timestamp":1704832687509,"level":"debug","message":"Rendering engine handlebars","meta":{"rootId":"7atahi3zj8v8int","id":"y0f0d2ivvp5ni8d"},"id":"s8xvc12pxv6urj3","previousOperationId":"culd27zb7zgjlnt"}
{"type":"operationEnd","operationId":"culd27zb7zgjlnt","timestamp":1704832687538,"id":"kx380jxvl302u1r","previousEventId":"teesla7rmnp67qz","previousOperationId":"culd27zb7zgjlnt"}
{"type":"operationStart","subtype":"recipe","name":"chrome-pdf","timestamp":1704832687538,"id":"85k5kas5kplpyel","previousEventId":"kx380jxvl302u1r","operationId":"skr0gpfuosfusnm","previousOperationId":"culd27zb7zgjlnt"}
{"type":"log","timestamp":1704832687538,"level":"debug","message":"Executing recipe chrome-pdf","meta":{"rootId":"7atahi3zj8v8int","id":"y0f0d2ivvp5ni8d"},"id":"bt21kloj2yrh2sq","previousOperationId":"skr0gpfuosfusnm"}
{"type":"log","timestamp":1704832687542,"level":"debug","message":"Converting with chrome HeadlessChrome/117.0.5938.149 using chrome-pool strategy","meta":{"rootId":"7atahi3zj8v8int","id":"y0f0d2ivvp5ni8d"},"id":"d4wc7orgggb8ctr","previousOperationId":"skr0gpfuosfusnm"}
{"type":"log","timestamp":1704832687683,"level":"debug","message":"Page request: GET (document) file:///C:/Users/arida/AppData/Local/Temp/jsreport/autocleanup/8a150273-5b91-4894-876d-3390c5d79b59-chrome-pdf.html","meta":{"rootId":"7atahi3zj8v8int","id":"y0f0d2ivvp5ni8d"},"id":"a6cmdhnh1ux7h0x","previousOperationId":"skr0gpfuosfusnm"}
{"type":"log","timestamp":1704832687695,"level":"debug","message":"Page request: GET (stylesheet) https://cdnjs.cloudflare.com/ajax/libs/metro/4.1.5/css/metro.min.css","meta":{"rootId":"7atahi3zj8v8int","id":"y0f0d2ivvp5ni8d"},"id":"dp5yikhwjzhrhak","previousOperationId":"skr0gpfuosfusnm"}
{"type":"log","timestamp":1704832687696,"level":"debug","message":"Page request finished: GET (document) 200 file:///C:/Users/arida/AppData/Local/Temp/jsreport/autocleanup/8a150273-5b91-4894-876d-3390c5d79b59-chrome-pdf.html","meta":{"rootId":"7atahi3zj8v8int","id":"y0f0d2ivvp5ni8d"},"id":"zb6oisks9cqx45r","previousOperationId":"skr0gpfuosfusnm"}
{"type":"log","timestamp":1704832687719,"level":"debug","message":"Page request finished: GET (stylesheet) 200 https://cdnjs.cloudflare.com/ajax/libs/metro/4.1.5/css/metro.min.css","meta":{"rootId":"7atahi3zj8v8int","id":"y0f0d2ivvp5ni8d"},"id":"kihqee0xyxtremf","previousOperationId":"skr0gpfuosfusnm"}
{"type":"log","timestamp":1704832687751,"level":"debug","message":"Running chrome with params {\"printBackground\":true,\"marginTop\":\"1.5cm\",\"marginRight\":\"1.5cm\",\"marginLeft\":\"1.cm\",\"timeout\":57869,\"margin\":{\"top\":\"1.5cm\",\"right\":\"1.5cm\",\"left\":\"1.cm\"}}","meta":{"rootId":"7atahi3zj8v8int","id":"y0f0d2ivvp5ni8d"},"id":"pw9xip1t21q1hra","previousOperationId":"skr0gpfuosfusnm"}
{"type":"operationEnd","operationId":"skr0gpfuosfusnm","timestamp":1704832687811,"id":"pjac57it1h1d4a3","previousEventId":"85k5kas5kplpyel","previousOperationId":"skr0gpfuosfusnm"}
{"type":"log","timestamp":1704832687811,"level":"debug","message":"Skipping storing report.","meta":{"rootId":"7atahi3zj8v8int","id":"y0f0d2ivvp5ni8d"},"id":"6uyz52scae3spom","previousOperationId":"skr0gpfuosfusnm"}
{"type":"log","timestamp":1704832687811,"level":"info","message":"Rendering (child) request finished in 2402 ms","meta":{"rootId":"7atahi3zj8v8int","id":"y0f0d2ivvp5ni8d"},"id":"38sz35y86357cm8","previousOperationId":"skr0gpfuosfusnm"}
{"type":"operationEnd","subtype":"render","operationId":"c1wmcln5lhj9wu4","timestamp":1704832687811,"id":"xpf8i8yxle3q85v","previousEventId":"pjac57it1h1d4a3","previousOperationId":"skr0gpfuosfusnm"}
{"type":"operationEnd","operationId":"1gi9z6l5wgrr19b","timestamp":1704832687838,"id":"wmel7fpd2bvfpjc","previousEventId":"k1k7ruuro2e3djk","previousOperationId":"1gi9z6l5wgrr19b"}
{"type":"log","timestamp":1704832687838,"level":"debug","message":"pdf-utils postproces start","meta":{"rootId":"7atahi3zj8v8int","id":"7atahi3zj8v8int"},"id":"f319q2eodcguz4u","previousOperationId":"1gi9z6l5wgrr19b"}
{"type":"log","timestamp":1704832687870,"level":"debug","message":"pdf-utils postproces end","meta":{"rootId":"7atahi3zj8v8int","id":"7atahi3zj8v8int"},"id":"uu5dightzh2bhhw","previousOperationId":"1gi9z6l5wgrr19b"}
{"type":"operationEnd","operationId":"ypd07h7z2t6xnya","timestamp":1704832687870,"id":"fq1bh5hiwwxwvzi","previousEventId":"wmel7fpd2bvfpjc","previousOperationId":"1gi9z6l5wgrr19b"}
{"type":"log","timestamp":1704832687870,"level":"info","message":"pdf-utils pdf processing was finished","meta":{"rootId":"7atahi3zj8v8int","id":"7atahi3zj8v8int"},"id":"7te2v2i9r2vk4ks","previousOperationId":"ypd07h7z2t6xnya"}
{"type":"log","timestamp":1704832687870,"level":"debug","message":"Skipping storing report.","meta":{"rootId":"7atahi3zj8v8int","id":"7atahi3zj8v8int"},"id":"p5css0zf89rg2gd","previousOperationId":"ypd07h7z2t6xnya"}
{"type":"log","timestamp":1704832687870,"level":"info","message":"Rendering request 7 finished in 2461 ms","meta":{"rootId":"7atahi3zj8v8int","id":"7atahi3zj8v8int"},"id":"a4exze1kys4te8x","previousOperationId":"ypd07h7z2t6xnya"}
{"type":"operationEnd","subtype":"render","operationId":"dumcjdlsrgnh6na","timestamp":1704832687870,"id":"ii0rf6psqxbbarv","previousEventId":"fq1bh5hiwwxwvzi","previousOperationId":"ypd07h7z2t6xnya"}
{"type":"operationEnd","doDiffs":false,"previousEventId":"t1czxlya926hask","previousOperationId":"2gzz2bslfxipmw2","operationId":"2gzz2bslfxipmw2","timestamp":1704832687883,"id":"2vporg943hrlg43"}
