{"type":"operationStart","subtype":"profile","data":{"_id":"E1f38Tr62sKSK4p9","timestamp":"2024-01-09T20:40:54.334Z","state":"queued","mode":"standard","creationDate":"2024-01-09T20:40:54.338Z","modificationDate":"2024-01-09T20:40:54.338Z","shortid":"vA1lLHH","$entitySet":"profiles"},"doDiffs":false,"timestamp":1704832854336,"id":"q5buie3s1xntnis","previousOperationId":null,"operationId":"0097sypbbt8wjuz"}
{"type":"log","level":"info","message":"Render request 3 queued for execution and waiting for available worker","previousOperationId":"0097sypbbt8wjuz","timestamp":1704832854337,"id":"g3e9pfisg76c67u"}
{"type":"operationStart","subtype":"render","name":"orders-main","previousOperationId":"0097sypbbt8wjuz","timestamp":1704832854357,"id":"tev76b35dwga4ea","previousEventId":"q5buie3s1xntnis","operationId":"4wd0yhayq8o2rnv"}
{"type":"log","timestamp":1704832854358,"level":"info","message":"Starting rendering request 3","meta":{"rootId":"7dw0065cr6rap87","id":"7dw0065cr6rap87"},"id":"2m67uotc7wik6an","previousOperationId":"4wd0yhayq8o2rnv"}
{"type":"log","timestamp":1704832854359,"level":"info","message":"Rendering template { name: orders-main, recipe: chrome-pdf, engine: handlebars, preview: true }","meta":{"rootId":"7dw0065cr6rap87","id":"7dw0065cr6rap87"},"id":"58wvngbaytx0lc3","previousOperationId":"4wd0yhayq8o2rnv"}
{"type":"log","timestamp":1704832854363,"level":"debug","message":"Data item not defined for this template.","meta":{"rootId":"7dw0065cr6rap87","id":"7dw0065cr6rap87"},"id":"47zqbrojk91ank2","previousOperationId":"4wd0yhayq8o2rnv"}
{"type":"log","timestamp":1704832854368,"level":"debug","message":"Executing script orders-script (beforeRender)","meta":{"rootId":"7dw0065cr6rap87","id":"7dw0065cr6rap87"},"id":"vv1bdy0dsy1tp8l","previousOperationId":"4wd0yhayq8o2rnv"}
{"type":"operationStart","subtype":"scriptsBeforeRender","name":"scripts beforeRender","timestamp":1704832854827,"id":"1arbu956pclx1kf","previousEventId":"tev76b35dwga4ea","operationId":"pro6ynz9tcgr91k","previousOperationId":"4wd0yhayq8o2rnv"}
{"type":"operationStart","subtype":"script","name":"scripts orders-script","previousOperationId":"pro6ynz9tcgr91k","timestamp":1704832854827,"id":"jr1zxr31rpwztj3","previousEventId":"1arbu956pclx1kf","operationId":"2tngl5pjq95xnh0"}
{"type":"log","timestamp":1704832854829,"level":"debug","message":"(console:log) { profilerMode: 'standard' }","meta":{"userLevel":true,"rootId":"7dw0065cr6rap87","id":"7dw0065cr6rap87"},"id":"yfnzvy9zb645iak","previousOperationId":"2tngl5pjq95xnh0"}
{"type":"operationEnd","operationId":"2tngl5pjq95xnh0","timestamp":1704832856202,"id":"hiedfl565kjck9l","previousEventId":"tev76b35dwga4ea","previousOperationId":"4wd0yhayq8o2rnv"}
{"type":"operationEnd","operationId":"pro6ynz9tcgr91k","timestamp":1704832856202,"id":"tv20ynrrqsvauem","previousEventId":"hiedfl565kjck9l","previousOperationId":"4wd0yhayq8o2rnv"}
{"type":"log","timestamp":1704832856203,"level":"debug","message":"Base url not specified, skipping its injection.","meta":{"rootId":"7dw0065cr6rap87","id":"7dw0065cr6rap87"},"id":"ze65mlpypgsmvkc","previousOperationId":"pro6ynz9tcgr91k"}
{"type":"operationStart","subtype":"engine","name":"handlebars","timestamp":1704832856203,"id":"9tnjgwhapkgjn0w","previousEventId":"tv20ynrrqsvauem","operationId":"udcxfqt79qetsnq","previousOperationId":"pro6ynz9tcgr91k"}
{"type":"log","timestamp":1704832856203,"level":"debug","message":"Rendering engine handlebars","meta":{"rootId":"7dw0065cr6rap87","id":"7dw0065cr6rap87"},"id":"yzktjqsdmv5n8oi","previousOperationId":"udcxfqt79qetsnq"}
{"type":"log","timestamp":1704832856534,"level":"debug","message":"(console:log) Pdf utils adding group field, value: \"France\"","meta":{"userLevel":true,"rootId":"7dw0065cr6rap87","id":"7dw0065cr6rap87"},"id":"nwd4jjx656oyequ","previousOperationId":"udcxfqt79qetsnq"}
{"type":"log","timestamp":1704832856535,"level":"debug","message":"(console:log) Pdf utils adding group field, value: \"Germany\"","meta":{"userLevel":true,"rootId":"7dw0065cr6rap87","id":"7dw0065cr6rap87"},"id":"y7ac0jzez3751l9","previousOperationId":"udcxfqt79qetsnq"}
{"type":"operationEnd","operationId":"udcxfqt79qetsnq","timestamp":1704832856535,"id":"x2c4hagzptovnmw","previousEventId":"9tnjgwhapkgjn0w","previousOperationId":"udcxfqt79qetsnq"}
{"type":"operationStart","subtype":"recipe","name":"chrome-pdf","timestamp":1704832856536,"id":"a3ksc0gs6aaadgq","previousEventId":"x2c4hagzptovnmw","operationId":"1fcwu04rl10mn4y","previousOperationId":"udcxfqt79qetsnq"}
{"type":"log","timestamp":1704832856536,"level":"debug","message":"Executing recipe chrome-pdf","meta":{"rootId":"7dw0065cr6rap87","id":"7dw0065cr6rap87"},"id":"whftidltoysu05f","previousOperationId":"1fcwu04rl10mn4y"}
{"type":"log","timestamp":1704832857315,"level":"debug","message":"Converting with chrome HeadlessChrome/117.0.5938.149 using chrome-pool strategy","meta":{"rootId":"7dw0065cr6rap87","id":"7dw0065cr6rap87"},"id":"zr936leuzpdwm7o","previousOperationId":"1fcwu04rl10mn4y"}
{"type":"log","timestamp":1704832857546,"level":"debug","message":"Page request: GET (document) file:///C:/Users/arida/AppData/Local/Temp/jsreport/autocleanup/4bee8263-27ea-467d-abb5-fc63c70663e4-chrome-pdf.html","meta":{"rootId":"7dw0065cr6rap87","id":"7dw0065cr6rap87"},"id":"nyrdm8p26u90gny","previousOperationId":"1fcwu04rl10mn4y"}
{"type":"log","timestamp":1704832857608,"level":"debug","message":"Page request: GET (stylesheet) https://cdnjs.cloudflare.com/ajax/libs/metro/4.1.5/css/metro.min.css","meta":{"rootId":"7dw0065cr6rap87","id":"7dw0065cr6rap87"},"id":"ybqnv6o72mmto4i","previousOperationId":"1fcwu04rl10mn4y"}
{"type":"log","timestamp":1704832857609,"level":"debug","message":"Page request: GET (script) https://cdnjs.cloudflare.com/ajax/libs/Chart.js/2.7.2/Chart.min.js","meta":{"rootId":"7dw0065cr6rap87","id":"7dw0065cr6rap87"},"id":"fmkajo3fdefkbev","previousOperationId":"1fcwu04rl10mn4y"}
{"type":"log","timestamp":1704832857610,"level":"debug","message":"Page request finished: GET (document) 200 file:///C:/Users/arida/AppData/Local/Temp/jsreport/autocleanup/4bee8263-27ea-467d-abb5-fc63c70663e4-chrome-pdf.html","meta":{"rootId":"7dw0065cr6rap87","id":"7dw0065cr6rap87"},"id":"3wzbg78jectxrvw","previousOperationId":"1fcwu04rl10mn4y"}
{"type":"log","timestamp":1704832857828,"level":"debug","message":"Page request finished: GET (stylesheet) 200 https://cdnjs.cloudflare.com/ajax/libs/metro/4.1.5/css/metro.min.css","meta":{"rootId":"7dw0065cr6rap87","id":"7dw0065cr6rap87"},"id":"tkmsnwspvc9r206","previousOperationId":"1fcwu04rl10mn4y"}
{"type":"log","timestamp":1704832857840,"level":"debug","message":"Page request finished: GET (script) 200 https://cdnjs.cloudflare.com/ajax/libs/Chart.js/2.7.2/Chart.min.js","meta":{"rootId":"7dw0065cr6rap87","id":"7dw0065cr6rap87"},"id":"ncltxsful1t5bfz","previousOperationId":"1fcwu04rl10mn4y"}
{"type":"log","timestamp":1704832857922,"level":"debug","message":"Running chrome with params {\"printBackground\":true,\"marginTop\":\"4cm\",\"marginRight\":\"1.5cm\",\"marginBottom\":\"1.5cm\",\"marginLeft\":\"1.5cm\",\"waitForJS\":false,\"timeout\":57259,\"margin\":{\"top\":\"4cm\",\"right\":\"1.5cm\",\"bottom\":\"1.5cm\",\"left\":\"1.5cm\"}}","meta":{"rootId":"7dw0065cr6rap87","id":"7dw0065cr6rap87"},"id":"kp1ldkslpejbmk7","previousOperationId":"1fcwu04rl10mn4y"}
{"type":"operationEnd","operationId":"1fcwu04rl10mn4y","timestamp":1704832858088,"id":"g88urhmau40v568","previousEventId":"a3ksc0gs6aaadgq","previousOperationId":"1fcwu04rl10mn4y"}
{"type":"log","timestamp":1704832858089,"level":"info","message":"pdf-utils is starting pdf processing","meta":{"rootId":"7dw0065cr6rap87","id":"7dw0065cr6rap87"},"id":"verdeaq3l18ojww","previousOperationId":"1fcwu04rl10mn4y"}
{"type":"operationStart","subtype":"pdfUtils","name":"pdf utils","timestamp":1704832858335,"id":"knivffq3r397bfl","previousEventId":"g88urhmau40v568","operationId":"3ylu3mfffuvco47","previousOperationId":"1fcwu04rl10mn4y"}
{"type":"log","timestamp":1704832858335,"level":"debug","message":"pdf-utils detected 1 pdf operation(s) to process","meta":{"rootId":"7dw0065cr6rap87","id":"7dw0065cr6rap87"},"id":"uupw19tq6z0g6cx","previousOperationId":"3ylu3mfffuvco47"}
{"type":"log","timestamp":1704832858620,"level":"debug","message":"pdf-utils running pdf operation merge","meta":{"rootId":"7dw0065cr6rap87","id":"7dw0065cr6rap87"},"id":"kcilta6yl495uaf","previousOperationId":"3ylu3mfffuvco47"}
{"type":"operationStart","subtype":"pdfUtilsMerge","name":"pdf utils merge","previousOperationId":"3ylu3mfffuvco47","timestamp":1704832858620,"id":"9v3576p0lv3jmir","previousEventId":"knivffq3r397bfl","operationId":"kpxsvphpai5c4s8"}
{"type":"operationStart","subtype":"render","name":"orders-header","previousOperationId":"kpxsvphpai5c4s8","timestamp":1704832858622,"id":"b8y9s6nn1rs0mnw","previousEventId":"9v3576p0lv3jmir","operationId":"4g0suong8b3jc5z"}
{"type":"log","timestamp":1704832858622,"level":"info","message":"Starting rendering (child) request","meta":{"rootId":"7dw0065cr6rap87","id":"h3utnxzqob950hf"},"id":"dupp6tps42bmm4j","previousOperationId":"4g0suong8b3jc5z"}
{"type":"log","timestamp":1704832858622,"level":"info","message":"Rendering template { name: orders-header, recipe: chrome-pdf, engine: handlebars, preview: true }","meta":{"rootId":"7dw0065cr6rap87","id":"h3utnxzqob950hf"},"id":"6pw7cdgdye81zzo","previousOperationId":"4g0suong8b3jc5z"}
{"type":"log","timestamp":1704832858628,"level":"debug","message":"Inline data specified.","meta":{"rootId":"7dw0065cr6rap87","id":"h3utnxzqob950hf"},"id":"xubecdau1ri47s0","previousOperationId":"4g0suong8b3jc5z"}
{"type":"log","timestamp":1704832858635,"level":"debug","message":"Base url not specified, skipping its injection.","meta":{"rootId":"7dw0065cr6rap87","id":"h3utnxzqob950hf"},"id":"bl8bvw96xwb3kop","previousOperationId":"4g0suong8b3jc5z"}
{"type":"operationStart","subtype":"engine","name":"handlebars","timestamp":1704832858635,"id":"fiobijs7x9j3oxu","previousEventId":"b8y9s6nn1rs0mnw","operationId":"3s9c3beoiat3uin","previousOperationId":"4g0suong8b3jc5z"}
{"type":"log","timestamp":1704832858635,"level":"debug","message":"Rendering engine handlebars","meta":{"rootId":"7dw0065cr6rap87","id":"h3utnxzqob950hf"},"id":"k5m3pe2jtmmhft0","previousOperationId":"3s9c3beoiat3uin"}
{"type":"operationEnd","operationId":"3s9c3beoiat3uin","timestamp":1704832858671,"id":"5k6aphny15oa0s3","previousEventId":"fiobijs7x9j3oxu","previousOperationId":"3s9c3beoiat3uin"}
{"type":"operationStart","subtype":"recipe","name":"chrome-pdf","timestamp":1704832858671,"id":"1fk6osh61h5sual","previousEventId":"5k6aphny15oa0s3","operationId":"t78wprs5mon2em9","previousOperationId":"3s9c3beoiat3uin"}
{"type":"log","timestamp":1704832858671,"level":"debug","message":"Executing recipe chrome-pdf","meta":{"rootId":"7dw0065cr6rap87","id":"h3utnxzqob950hf"},"id":"jd4xvh5fhhwsuuq","previousOperationId":"t78wprs5mon2em9"}
{"type":"log","timestamp":1704832858674,"level":"debug","message":"Converting with chrome HeadlessChrome/117.0.5938.149 using chrome-pool strategy","meta":{"rootId":"7dw0065cr6rap87","id":"h3utnxzqob950hf"},"id":"0a6t0bxaon1ratf","previousOperationId":"t78wprs5mon2em9"}
{"type":"log","timestamp":1704832858824,"level":"debug","message":"Page request: GET (document) file:///C:/Users/arida/AppData/Local/Temp/jsreport/autocleanup/e5904914-8c1b-4e5b-942e-d14597caaaab-chrome-pdf.html","meta":{"rootId":"7dw0065cr6rap87","id":"h3utnxzqob950hf"},"id":"bmcd2457s23ruyc","previousOperationId":"t78wprs5mon2em9"}
{"type":"log","timestamp":1704832858836,"level":"debug","message":"Page request finished: GET (document) 200 file:///C:/Users/arida/AppData/Local/Temp/jsreport/autocleanup/e5904914-8c1b-4e5b-942e-d14597caaaab-chrome-pdf.html","meta":{"rootId":"7dw0065cr6rap87","id":"h3utnxzqob950hf"},"id":"0c4hygxffitqjqo","previousOperationId":"t78wprs5mon2em9"}
{"type":"log","timestamp":1704832858836,"level":"debug","message":"Page request: GET (stylesheet) https://cdnjs.cloudflare.com/ajax/libs/metro/4.1.5/css/metro.min.css","meta":{"rootId":"7dw0065cr6rap87","id":"h3utnxzqob950hf"},"id":"rokmphrhoujmhsu","previousOperationId":"t78wprs5mon2em9"}
{"type":"log","timestamp":1704832858861,"level":"debug","message":"Page request finished: GET (stylesheet) 200 https://cdnjs.cloudflare.com/ajax/libs/metro/4.1.5/css/metro.min.css","meta":{"rootId":"7dw0065cr6rap87","id":"h3utnxzqob950hf"},"id":"19v1yvdiwzopjry","previousOperationId":"t78wprs5mon2em9"}
{"type":"log","timestamp":1704832858887,"level":"debug","message":"Running chrome with params {\"printBackground\":true,\"marginTop\":\"1.5cm\",\"marginRight\":\"1.5cm\",\"marginLeft\":\"1.cm\",\"timeout\":55661,\"margin\":{\"top\":\"1.5cm\",\"right\":\"1.5cm\",\"left\":\"1.cm\"}}","meta":{"rootId":"7dw0065cr6rap87","id":"h3utnxzqob950hf"},"id":"i40ilnlrvfnp9w4","previousOperationId":"t78wprs5mon2em9"}
{"type":"operationEnd","operationId":"t78wprs5mon2em9","timestamp":1704832858949,"id":"zhspwna3u1oh56p","previousEventId":"1fk6osh61h5sual","previousOperationId":"t78wprs5mon2em9"}
{"type":"log","timestamp":1704832858950,"level":"debug","message":"Skipping storing report.","meta":{"rootId":"7dw0065cr6rap87","id":"h3utnxzqob950hf"},"id":"hl9cffckxgp0ohc","previousOperationId":"t78wprs5mon2em9"}
{"type":"log","timestamp":1704832858950,"level":"info","message":"Rendering (child) request finished in 4616 ms","meta":{"rootId":"7dw0065cr6rap87","id":"h3utnxzqob950hf"},"id":"f2vhozco2h77vf9","previousOperationId":"t78wprs5mon2em9"}
{"type":"operationEnd","subtype":"render","operationId":"4g0suong8b3jc5z","timestamp":1704832858950,"id":"l9up08cwao4bxhf","previousEventId":"zhspwna3u1oh56p","previousOperationId":"t78wprs5mon2em9"}
{"type":"operationEnd","operationId":"kpxsvphpai5c4s8","timestamp":1704832858996,"id":"h2mwrybwrog00fl","previousEventId":"9v3576p0lv3jmir","previousOperationId":"kpxsvphpai5c4s8"}
{"type":"log","timestamp":1704832858996,"level":"debug","message":"pdf-utils postproces start","meta":{"rootId":"7dw0065cr6rap87","id":"7dw0065cr6rap87"},"id":"nu8gskqz3nvvzxd","previousOperationId":"kpxsvphpai5c4s8"}
{"type":"log","timestamp":1704832859036,"level":"debug","message":"pdf-utils postproces end","meta":{"rootId":"7dw0065cr6rap87","id":"7dw0065cr6rap87"},"id":"qjao1pu80sn7m8e","previousOperationId":"kpxsvphpai5c4s8"}
{"type":"operationEnd","operationId":"3ylu3mfffuvco47","timestamp":1704832859036,"id":"qsp0f5b7vlpi0pl","previousEventId":"h2mwrybwrog00fl","previousOperationId":"kpxsvphpai5c4s8"}
{"type":"log","timestamp":1704832859036,"level":"info","message":"pdf-utils pdf processing was finished","meta":{"rootId":"7dw0065cr6rap87","id":"7dw0065cr6rap87"},"id":"iiqt93y1plvwckq","previousOperationId":"3ylu3mfffuvco47"}
{"type":"log","timestamp":1704832859036,"level":"debug","message":"Skipping storing report.","meta":{"rootId":"7dw0065cr6rap87","id":"7dw0065cr6rap87"},"id":"q5o5jfnc53m6dgq","previousOperationId":"3ylu3mfffuvco47"}
{"type":"log","timestamp":1704832859036,"level":"info","message":"Rendering request 3 finished in 4702 ms","meta":{"rootId":"7dw0065cr6rap87","id":"7dw0065cr6rap87"},"id":"4xx54hm9hox31a3","previousOperationId":"3ylu3mfffuvco47"}
{"type":"operationEnd","subtype":"render","operationId":"4wd0yhayq8o2rnv","timestamp":1704832859036,"id":"9ih6v8n4acc2am0","previousEventId":"qsp0f5b7vlpi0pl","previousOperationId":"3ylu3mfffuvco47"}
{"type":"operationEnd","doDiffs":false,"previousEventId":"q5buie3s1xntnis","previousOperationId":"0097sypbbt8wjuz","operationId":"0097sypbbt8wjuz","timestamp":1704832859051,"id":"oanau56ml9skucn"}
