{"type":"operationStart","subtype":"profile","data":{"_id":"IDhyKzzTHKRwQRXA","timestamp":"2024-01-09T20:15:07.647Z","state":"queued","mode":"standard","creationDate":"2024-01-09T20:15:07.649Z","modificationDate":"2024-01-09T20:15:07.649Z","shortid":"j9dXWQ3","$entitySet":"profiles"},"doDiffs":false,"timestamp":1704831307648,"id":"6oqym9qouhk1cct","previousOperationId":null,"operationId":"d258mpjg0jyc2yv"}
{"type":"log","level":"info","message":"Render request 20 queued for execution and waiting for available worker","previousOperationId":"d258mpjg0jyc2yv","timestamp":1704831307649,"id":"3t1t10u9a8p3nlo"}
{"type":"operationStart","subtype":"render","name":"orders-main","previousOperationId":"d258mpjg0jyc2yv","timestamp":1704831307668,"id":"sor9takfyt314vb","previousEventId":"6oqym9qouhk1cct","operationId":"z58qop98j6a8jzv"}
{"type":"log","timestamp":1704831307669,"level":"info","message":"Starting rendering request 20","meta":{"rootId":"7evbxte96h2ij85","id":"7evbxte96h2ij85"},"id":"t04dpjjcg0n3dz1","previousOperationId":"z58qop98j6a8jzv"}
{"type":"log","timestamp":1704831307669,"level":"info","message":"Rendering template { name: orders-main, recipe: chrome-pdf, engine: handlebars, preview: true }","meta":{"rootId":"7evbxte96h2ij85","id":"7evbxte96h2ij85"},"id":"perqbzldw1kjgp1","previousOperationId":"z58qop98j6a8jzv"}
{"type":"log","timestamp":1704831307670,"level":"debug","message":"Data item not defined for this template.","meta":{"rootId":"7evbxte96h2ij85","id":"7evbxte96h2ij85"},"id":"jtvx17nawribeag","previousOperationId":"z58qop98j6a8jzv"}
{"type":"log","timestamp":1704831307674,"level":"debug","message":"Executing script orders-script (beforeRender)","meta":{"rootId":"7evbxte96h2ij85","id":"7evbxte96h2ij85"},"id":"5nn2w04m5qbp6lo","previousOperationId":"z58qop98j6a8jzv"}
{"type":"operationStart","subtype":"scriptsBeforeRender","name":"scripts beforeRender","timestamp":1704831307690,"id":"jq1fizxiobmbrkn","previousEventId":"sor9takfyt314vb","operationId":"osg028ehtdtruel","previousOperationId":"z58qop98j6a8jzv"}
{"type":"operationStart","subtype":"script","name":"scripts orders-script","previousOperationId":"osg028ehtdtruel","timestamp":1704831307690,"id":"zyzrbdpv8ft519a","previousEventId":"jq1fizxiobmbrkn","operationId":"ghgvkhgc49f7yun"}
{"type":"log","timestamp":1704831307691,"level":"debug","message":"(console:log) {\n  http: [Getter/Setter],\n  rootId: [Getter/Setter],\n  id: [Getter/Setter],\n  reportCounter: [Getter/Setter],\n  startTimestamp: [Getter/Setter],\n  logs: [Getter/Setter],\n  skipValidationFor: {\n    state: 'running',\n    timeout: 60000,\n    templateShortid: 'HJH11D83ce',\n    modificationDate: 2024-01-09T20:15:07.667Z\n  },\n  parsedInWorker: true,\n  shared: {},\n  originalInputDataIsEmpty: [Getter/Setter],\n  currentFolderPath: [Getter/Setter],\n  sampleData: [Getter/Setter]\n}","meta":{"userLevel":true,"rootId":"7evbxte96h2ij85","id":"7evbxte96h2ij85"},"id":"9sbfi72dinh63yu","previousOperationId":"ghgvkhgc49f7yun"}
{"type":"operationEnd","operationId":"ghgvkhgc49f7yun","timestamp":1704831309007,"id":"a9i5o5r70f5prn7","previousEventId":"sor9takfyt314vb","previousOperationId":"z58qop98j6a8jzv"}
{"type":"operationEnd","operationId":"osg028ehtdtruel","timestamp":1704831309007,"id":"ygw70yhoxaqfcxg","previousEventId":"a9i5o5r70f5prn7","previousOperationId":"z58qop98j6a8jzv"}
{"type":"log","timestamp":1704831309007,"level":"debug","message":"Base url not specified, skipping its injection.","meta":{"rootId":"7evbxte96h2ij85","id":"7evbxte96h2ij85"},"id":"h559s86d2dyafrs","previousOperationId":"osg028ehtdtruel"}
{"type":"operationStart","subtype":"engine","name":"handlebars","timestamp":1704831309008,"id":"ifiw8kmapyz0iub","previousEventId":"ygw70yhoxaqfcxg","operationId":"mn2kkr46d9zl6fw","previousOperationId":"osg028ehtdtruel"}
{"type":"log","timestamp":1704831309008,"level":"debug","message":"Rendering engine handlebars","meta":{"rootId":"7evbxte96h2ij85","id":"7evbxte96h2ij85"},"id":"b19pntc350wj8g6","previousOperationId":"mn2kkr46d9zl6fw"}
{"type":"log","timestamp":1704831309022,"level":"debug","message":"(console:log) Pdf utils adding group field, value: \"France\"","meta":{"userLevel":true,"rootId":"7evbxte96h2ij85","id":"7evbxte96h2ij85"},"id":"xzm2wkbmo0e5sv8","previousOperationId":"mn2kkr46d9zl6fw"}
{"type":"log","timestamp":1704831309022,"level":"debug","message":"(console:log) Pdf utils adding group field, value: \"Germany\"","meta":{"userLevel":true,"rootId":"7evbxte96h2ij85","id":"7evbxte96h2ij85"},"id":"13d23okjrpkn46w","previousOperationId":"mn2kkr46d9zl6fw"}
{"type":"operationEnd","operationId":"mn2kkr46d9zl6fw","timestamp":1704831309025,"id":"hrbbxjwqjyxuask","previousEventId":"ifiw8kmapyz0iub","previousOperationId":"mn2kkr46d9zl6fw"}
{"type":"operationStart","subtype":"recipe","name":"chrome-pdf","timestamp":1704831309025,"id":"osncetf0mh0a4cc","previousEventId":"hrbbxjwqjyxuask","operationId":"bnqabkrp56dz8gi","previousOperationId":"mn2kkr46d9zl6fw"}
{"type":"log","timestamp":1704831309025,"level":"debug","message":"Executing recipe chrome-pdf","meta":{"rootId":"7evbxte96h2ij85","id":"7evbxte96h2ij85"},"id":"y4mbdbsbe3cl1nm","previousOperationId":"bnqabkrp56dz8gi"}
{"type":"log","timestamp":1704831309029,"level":"debug","message":"Converting with chrome HeadlessChrome/117.0.5938.149 using chrome-pool strategy","meta":{"rootId":"7evbxte96h2ij85","id":"7evbxte96h2ij85"},"id":"u5lia0f1ciurl8r","previousOperationId":"bnqabkrp56dz8gi"}
{"type":"log","timestamp":1704831309152,"level":"debug","message":"Page request: GET (document) file:///C:/Users/arida/AppData/Local/Temp/jsreport/autocleanup/f1dd5886-33de-4048-b5d2-ef5dfcc6008e-chrome-pdf.html","meta":{"rootId":"7evbxte96h2ij85","id":"7evbxte96h2ij85"},"id":"vupj9dt02g9802k","previousOperationId":"bnqabkrp56dz8gi"}
{"type":"log","timestamp":1704831309203,"level":"debug","message":"Page request: GET (stylesheet) https://cdnjs.cloudflare.com/ajax/libs/metro/4.1.5/css/metro.min.css","meta":{"rootId":"7evbxte96h2ij85","id":"7evbxte96h2ij85"},"id":"8wcwk82vjd3jeus","previousOperationId":"bnqabkrp56dz8gi"}
{"type":"log","timestamp":1704831309204,"level":"debug","message":"Page request: GET (script) https://cdnjs.cloudflare.com/ajax/libs/Chart.js/2.7.2/Chart.min.js","meta":{"rootId":"7evbxte96h2ij85","id":"7evbxte96h2ij85"},"id":"8f41gcrrfwgdvpq","previousOperationId":"bnqabkrp56dz8gi"}
{"type":"log","timestamp":1704831309205,"level":"debug","message":"Page request finished: GET (document) 200 file:///C:/Users/arida/AppData/Local/Temp/jsreport/autocleanup/f1dd5886-33de-4048-b5d2-ef5dfcc6008e-chrome-pdf.html","meta":{"rootId":"7evbxte96h2ij85","id":"7evbxte96h2ij85"},"id":"kjuspnt08lc9olz","previousOperationId":"bnqabkrp56dz8gi"}
{"type":"log","timestamp":1704831309224,"level":"debug","message":"Page request finished: GET (stylesheet) 200 https://cdnjs.cloudflare.com/ajax/libs/metro/4.1.5/css/metro.min.css","meta":{"rootId":"7evbxte96h2ij85","id":"7evbxte96h2ij85"},"id":"mc69lrxm9q6egbv","previousOperationId":"bnqabkrp56dz8gi"}
{"type":"log","timestamp":1704831309224,"level":"debug","message":"Page request finished: GET (script) 200 https://cdnjs.cloudflare.com/ajax/libs/Chart.js/2.7.2/Chart.min.js","meta":{"rootId":"7evbxte96h2ij85","id":"7evbxte96h2ij85"},"id":"3qcs9sxhb81f1ue","previousOperationId":"bnqabkrp56dz8gi"}
{"type":"log","timestamp":1704831309313,"level":"debug","message":"Running chrome with params {\"printBackground\":true,\"marginTop\":\"4cm\",\"marginRight\":\"1.5cm\",\"marginBottom\":\"1.5cm\",\"marginLeft\":\"1.5cm\",\"waitForJS\":false,\"timeout\":58620,\"margin\":{\"top\":\"4cm\",\"right\":\"1.5cm\",\"bottom\":\"1.5cm\",\"left\":\"1.5cm\"}}","meta":{"rootId":"7evbxte96h2ij85","id":"7evbxte96h2ij85"},"id":"nuv6ai9hmaxz79y","previousOperationId":"bnqabkrp56dz8gi"}
{"type":"operationEnd","operationId":"bnqabkrp56dz8gi","timestamp":1704831309472,"id":"2r7wfft711m9pvn","previousEventId":"osncetf0mh0a4cc","previousOperationId":"bnqabkrp56dz8gi"}
{"type":"log","timestamp":1704831309472,"level":"info","message":"pdf-utils is starting pdf processing","meta":{"rootId":"7evbxte96h2ij85","id":"7evbxte96h2ij85"},"id":"hbu578snb8jqv31","previousOperationId":"bnqabkrp56dz8gi"}
{"type":"operationStart","subtype":"pdfUtils","name":"pdf utils","timestamp":1704831309472,"id":"osrvz5a5xx0nh45","previousEventId":"2r7wfft711m9pvn","operationId":"dp7s3z8jmlcenid","previousOperationId":"bnqabkrp56dz8gi"}
{"type":"log","timestamp":1704831309472,"level":"debug","message":"pdf-utils detected 1 pdf operation(s) to process","meta":{"rootId":"7evbxte96h2ij85","id":"7evbxte96h2ij85"},"id":"md7nicpi8qyrsdz","previousOperationId":"dp7s3z8jmlcenid"}
{"type":"log","timestamp":1704831309505,"level":"debug","message":"pdf-utils running pdf operation merge","meta":{"rootId":"7evbxte96h2ij85","id":"7evbxte96h2ij85"},"id":"5bkain4fn2nsxe5","previousOperationId":"dp7s3z8jmlcenid"}
{"type":"operationStart","subtype":"pdfUtilsMerge","name":"pdf utils merge","previousOperationId":"dp7s3z8jmlcenid","timestamp":1704831309505,"id":"6lhtho55hy59i9e","previousEventId":"osrvz5a5xx0nh45","operationId":"868ujhgmfokyygu"}
{"type":"operationStart","subtype":"render","name":"orders-header","previousOperationId":"868ujhgmfokyygu","timestamp":1704831309506,"id":"hs5hjmlk0ywiuzq","previousEventId":"6lhtho55hy59i9e","operationId":"ijif5sn4lo3517z"}
{"type":"log","timestamp":1704831309507,"level":"info","message":"Starting rendering (child) request","meta":{"rootId":"7evbxte96h2ij85","id":"6s8o7sk9cuepss7"},"id":"0xj5be5s8oa2n65","previousOperationId":"ijif5sn4lo3517z"}
{"type":"log","timestamp":1704831309507,"level":"info","message":"Rendering template { name: orders-header, recipe: chrome-pdf, engine: handlebars, preview: true }","meta":{"rootId":"7evbxte96h2ij85","id":"6s8o7sk9cuepss7"},"id":"s53v64fl8zr8zkh","previousOperationId":"ijif5sn4lo3517z"}
{"type":"log","timestamp":1704831309508,"level":"debug","message":"Inline data specified.","meta":{"rootId":"7evbxte96h2ij85","id":"6s8o7sk9cuepss7"},"id":"aoutbjrqklqx8x4","previousOperationId":"ijif5sn4lo3517z"}
{"type":"log","timestamp":1704831309513,"level":"debug","message":"Base url not specified, skipping its injection.","meta":{"rootId":"7evbxte96h2ij85","id":"6s8o7sk9cuepss7"},"id":"nbh0u4r06a0pnd0","previousOperationId":"ijif5sn4lo3517z"}
{"type":"operationStart","subtype":"engine","name":"handlebars","timestamp":1704831309513,"id":"24030w8flnmtw33","previousEventId":"hs5hjmlk0ywiuzq","operationId":"gbt16vth7co9xhy","previousOperationId":"ijif5sn4lo3517z"}
{"type":"log","timestamp":1704831309513,"level":"debug","message":"Rendering engine handlebars","meta":{"rootId":"7evbxte96h2ij85","id":"6s8o7sk9cuepss7"},"id":"x496h9t002zk6ob","previousOperationId":"gbt16vth7co9xhy"}
{"type":"operationEnd","operationId":"gbt16vth7co9xhy","timestamp":1704831309547,"id":"kmm65eje55amtki","previousEventId":"24030w8flnmtw33","previousOperationId":"gbt16vth7co9xhy"}
{"type":"operationStart","subtype":"recipe","name":"chrome-pdf","timestamp":1704831309548,"id":"6e20pb3ud83ltsy","previousEventId":"kmm65eje55amtki","operationId":"xjobweubab9siva","previousOperationId":"gbt16vth7co9xhy"}
{"type":"log","timestamp":1704831309548,"level":"debug","message":"Executing recipe chrome-pdf","meta":{"rootId":"7evbxte96h2ij85","id":"6s8o7sk9cuepss7"},"id":"77tec3nso7tumse","previousOperationId":"xjobweubab9siva"}
{"type":"log","timestamp":1704831309551,"level":"debug","message":"Converting with chrome HeadlessChrome/117.0.5938.149 using chrome-pool strategy","meta":{"rootId":"7evbxte96h2ij85","id":"6s8o7sk9cuepss7"},"id":"5odk7v4k94kyt8e","previousOperationId":"xjobweubab9siva"}
{"type":"log","timestamp":1704831309683,"level":"debug","message":"Page request: GET (document) file:///C:/Users/arida/AppData/Local/Temp/jsreport/autocleanup/27fcae90-8735-42fe-beae-a588a9615e66-chrome-pdf.html","meta":{"rootId":"7evbxte96h2ij85","id":"6s8o7sk9cuepss7"},"id":"kid0mfdfms77g7a","previousOperationId":"xjobweubab9siva"}
{"type":"log","timestamp":1704831309695,"level":"debug","message":"Page request: GET (stylesheet) https://cdnjs.cloudflare.com/ajax/libs/metro/4.1.5/css/metro.min.css","meta":{"rootId":"7evbxte96h2ij85","id":"6s8o7sk9cuepss7"},"id":"kqlyh5kzo3gcppn","previousOperationId":"xjobweubab9siva"}
{"type":"log","timestamp":1704831309695,"level":"debug","message":"Page request finished: GET (document) 200 file:///C:/Users/arida/AppData/Local/Temp/jsreport/autocleanup/27fcae90-8735-42fe-beae-a588a9615e66-chrome-pdf.html","meta":{"rootId":"7evbxte96h2ij85","id":"6s8o7sk9cuepss7"},"id":"kp55bq5am8i6s1o","previousOperationId":"xjobweubab9siva"}
{"type":"log","timestamp":1704831309717,"level":"debug","message":"Page request finished: GET (stylesheet) 200 https://cdnjs.cloudflare.com/ajax/libs/metro/4.1.5/css/metro.min.css","meta":{"rootId":"7evbxte96h2ij85","id":"6s8o7sk9cuepss7"},"id":"d926gfig6fct7cb","previousOperationId":"xjobweubab9siva"}
{"type":"log","timestamp":1704831309740,"level":"debug","message":"Running chrome with params {\"printBackground\":true,\"marginTop\":\"1.5cm\",\"marginRight\":\"1.5cm\",\"marginLeft\":\"1.cm\",\"timeout\":58097,\"margin\":{\"top\":\"1.5cm\",\"right\":\"1.5cm\",\"left\":\"1.cm\"}}","meta":{"rootId":"7evbxte96h2ij85","id":"6s8o7sk9cuepss7"},"id":"im1pzgit5a8a8iq","previousOperationId":"xjobweubab9siva"}
{"type":"operationEnd","operationId":"xjobweubab9siva","timestamp":1704831309793,"id":"xcgo5vm3pjry04o","previousEventId":"6e20pb3ud83ltsy","previousOperationId":"xjobweubab9siva"}
{"type":"log","timestamp":1704831309793,"level":"debug","message":"Skipping storing report.","meta":{"rootId":"7evbxte96h2ij85","id":"6s8o7sk9cuepss7"},"id":"gca8j3v92tmbuiq","previousOperationId":"xjobweubab9siva"}
{"type":"log","timestamp":1704831309793,"level":"info","message":"Rendering (child) request finished in 2146 ms","meta":{"rootId":"7evbxte96h2ij85","id":"6s8o7sk9cuepss7"},"id":"g5pjwkx9gssa3k7","previousOperationId":"xjobweubab9siva"}
{"type":"operationEnd","subtype":"render","operationId":"ijif5sn4lo3517z","timestamp":1704831309793,"id":"v3tkedd5rzcg2lf","previousEventId":"xcgo5vm3pjry04o","previousOperationId":"xjobweubab9siva"}
{"type":"operationEnd","operationId":"868ujhgmfokyygu","timestamp":1704831309817,"id":"qird96niwx2kbig","previousEventId":"6lhtho55hy59i9e","previousOperationId":"868ujhgmfokyygu"}
{"type":"log","timestamp":1704831309817,"level":"debug","message":"pdf-utils postproces start","meta":{"rootId":"7evbxte96h2ij85","id":"7evbxte96h2ij85"},"id":"qt2uam0kdem0jlm","previousOperationId":"868ujhgmfokyygu"}
{"type":"log","timestamp":1704831309838,"level":"debug","message":"pdf-utils postproces end","meta":{"rootId":"7evbxte96h2ij85","id":"7evbxte96h2ij85"},"id":"wq19welx2ppl4aw","previousOperationId":"868ujhgmfokyygu"}
{"type":"operationEnd","operationId":"dp7s3z8jmlcenid","timestamp":1704831309838,"id":"7d9o105wey9ocgi","previousEventId":"qird96niwx2kbig","previousOperationId":"868ujhgmfokyygu"}
{"type":"log","timestamp":1704831309838,"level":"info","message":"pdf-utils pdf processing was finished","meta":{"rootId":"7evbxte96h2ij85","id":"7evbxte96h2ij85"},"id":"uwnaxf7qyryneq4","previousOperationId":"dp7s3z8jmlcenid"}
{"type":"log","timestamp":1704831309838,"level":"debug","message":"Skipping storing report.","meta":{"rootId":"7evbxte96h2ij85","id":"7evbxte96h2ij85"},"id":"04b5fah5qxkodiw","previousOperationId":"dp7s3z8jmlcenid"}
{"type":"log","timestamp":1704831309838,"level":"info","message":"Rendering request 20 finished in 2191 ms","meta":{"rootId":"7evbxte96h2ij85","id":"7evbxte96h2ij85"},"id":"ue23yccnvzknc46","previousOperationId":"dp7s3z8jmlcenid"}
{"type":"operationEnd","subtype":"render","operationId":"z58qop98j6a8jzv","timestamp":1704831309838,"id":"7hawdizhuyq1zxy","previousEventId":"7d9o105wey9ocgi","previousOperationId":"dp7s3z8jmlcenid"}
{"type":"operationEnd","doDiffs":false,"previousEventId":"6oqym9qouhk1cct","previousOperationId":"d258mpjg0jyc2yv","operationId":"d258mpjg0jyc2yv","timestamp":1704831309849,"id":"ygaz9m6z6eyrikt"}
