{"type":"operationStart","subtype":"profile","data":{"_id":"9worobXhXsoEoB4n","timestamp":"2024-01-14T19:38:21.704Z","state":"queued","mode":"standard","creationDate":"2024-01-14T19:38:21.708Z","modificationDate":"2024-01-14T19:38:21.708Z","shortid":"QKm9bVf","$entitySet":"profiles"},"doDiffs":false,"timestamp":1705261101706,"id":"aga63awb5lnrusq","previousOperationId":null,"operationId":"9dlrfznr4ta1m3g"}
{"type":"log","level":"info","message":"Render request 1 queued for execution and waiting for available worker","previousOperationId":"9dlrfznr4ta1m3g","timestamp":1705261101707,"id":"3yzh9xz59f6w1mx"}
{"type":"operationStart","subtype":"render","name":"orders-main","previousOperationId":"9dlrfznr4ta1m3g","timestamp":1705261101751,"id":"r1vmns740gp5l6j","previousEventId":"aga63awb5lnrusq","operationId":"c199rr1rmsekzc5"}
{"type":"log","timestamp":1705261101752,"level":"info","message":"Starting rendering request 1","meta":{"rootId":"8a679qruejkjg99","id":"8a679qruejkjg99"},"id":"k826kpc4kidxea3","previousOperationId":"c199rr1rmsekzc5"}
{"type":"log","timestamp":1705261101753,"level":"info","message":"Rendering template { name: orders-main, recipe: chrome-pdf, engine: handlebars, preview: true }","meta":{"rootId":"8a679qruejkjg99","id":"8a679qruejkjg99"},"id":"texuvngou3tu99y","previousOperationId":"c199rr1rmsekzc5"}
{"type":"log","timestamp":1705261101757,"level":"debug","message":"Data item not defined for this template.","meta":{"rootId":"8a679qruejkjg99","id":"8a679qruejkjg99"},"id":"uytsrgi8rq1xqs6","previousOperationId":"c199rr1rmsekzc5"}
{"type":"log","timestamp":1705261101768,"level":"debug","message":"Executing script orders-script (beforeRender)","meta":{"rootId":"8a679qruejkjg99","id":"8a679qruejkjg99"},"id":"302fi6ez8t074rt","previousOperationId":"c199rr1rmsekzc5"}
{"type":"operationStart","subtype":"scriptsBeforeRender","name":"scripts beforeRender","timestamp":1705261102135,"id":"o9swr66t4ms52g5","previousEventId":"r1vmns740gp5l6j","operationId":"notfkhpln05b2ag","previousOperationId":"c199rr1rmsekzc5"}
{"type":"operationStart","subtype":"script","name":"scripts orders-script","previousOperationId":"notfkhpln05b2ag","timestamp":1705261102135,"id":"igm9jzpc0ff1j5o","previousEventId":"o9swr66t4ms52g5","operationId":"dx00xpelnskgrmn"}
{"type":"operationEnd","operationId":"dx00xpelnskgrmn","timestamp":1705261102166,"id":"3rqmmhgvuv26b2v","previousEventId":"r1vmns740gp5l6j","previousOperationId":"c199rr1rmsekzc5"}
{"type":"operationEnd","operationId":"notfkhpln05b2ag","timestamp":1705261102166,"id":"h1t9vus467on19n","previousEventId":"3rqmmhgvuv26b2v","previousOperationId":"c199rr1rmsekzc5"}
{"type":"log","timestamp":1705261102166,"level":"debug","message":"Base url not specified, skipping its injection.","meta":{"rootId":"8a679qruejkjg99","id":"8a679qruejkjg99"},"id":"wjryxn8589c14k2","previousOperationId":"notfkhpln05b2ag"}
{"type":"operationStart","subtype":"engine","name":"handlebars","timestamp":1705261102167,"id":"cke2tucfwtji5gx","previousEventId":"h1t9vus467on19n","operationId":"08y0i6fyz7z34tm","previousOperationId":"notfkhpln05b2ag"}
{"type":"log","timestamp":1705261102167,"level":"debug","message":"Rendering engine handlebars","meta":{"rootId":"8a679qruejkjg99","id":"8a679qruejkjg99"},"id":"hd288qawuw957ky","previousOperationId":"08y0i6fyz7z34tm"}
{"type":"operationEnd","operationId":"08y0i6fyz7z34tm","timestamp":1705261102499,"id":"exeib78mhbuntr8","previousEventId":"cke2tucfwtji5gx","previousOperationId":"08y0i6fyz7z34tm"}
{"type":"operationStart","subtype":"recipe","name":"chrome-pdf","timestamp":1705261102499,"id":"i9vpk62j7eylpqi","previousEventId":"exeib78mhbuntr8","operationId":"xycwwcuayyi64fj","previousOperationId":"08y0i6fyz7z34tm"}
{"type":"log","timestamp":1705261102499,"level":"debug","message":"Executing recipe chrome-pdf","meta":{"rootId":"8a679qruejkjg99","id":"8a679qruejkjg99"},"id":"v0a330ze78mqgri","previousOperationId":"xycwwcuayyi64fj"}
{"type":"log","timestamp":1705261103201,"level":"debug","message":"Converting with chrome HeadlessChrome/117.0.5938.149 using chrome-pool strategy","meta":{"rootId":"8a679qruejkjg99","id":"8a679qruejkjg99"},"id":"b6uygv6xevknzsb","previousOperationId":"xycwwcuayyi64fj"}
{"type":"log","timestamp":1705261103431,"level":"debug","message":"Page request: GET (document) file:///C:/Users/arida/AppData/Local/Temp/jsreport/autocleanup/81031dbe-5c65-40ff-b040-7309ee88a8e2-chrome-pdf.html","meta":{"rootId":"8a679qruejkjg99","id":"8a679qruejkjg99"},"id":"e6yhylnbt7nwscd","previousOperationId":"xycwwcuayyi64fj"}
{"type":"log","timestamp":1705261103459,"level":"debug","message":"Page request: GET (stylesheet) https://cdnjs.cloudflare.com/ajax/libs/metro/4.1.5/css/metro.min.css","meta":{"rootId":"8a679qruejkjg99","id":"8a679qruejkjg99"},"id":"m14w69rxeyhi38e","previousOperationId":"xycwwcuayyi64fj"}
{"type":"log","timestamp":1705261103460,"level":"debug","message":"Page request: GET (script) https://cdnjs.cloudflare.com/ajax/libs/Chart.js/2.7.2/Chart.min.js","meta":{"rootId":"8a679qruejkjg99","id":"8a679qruejkjg99"},"id":"hgkhqb8sapcsci1","previousOperationId":"xycwwcuayyi64fj"}
{"type":"log","timestamp":1705261103461,"level":"debug","message":"Page request finished: GET (document) 200 file:///C:/Users/arida/AppData/Local/Temp/jsreport/autocleanup/81031dbe-5c65-40ff-b040-7309ee88a8e2-chrome-pdf.html","meta":{"rootId":"8a679qruejkjg99","id":"8a679qruejkjg99"},"id":"v0m16i3f6wvq9w6","previousOperationId":"xycwwcuayyi64fj"}
{"type":"log","timestamp":1705261103686,"level":"debug","message":"Page request finished: GET (stylesheet) 200 https://cdnjs.cloudflare.com/ajax/libs/metro/4.1.5/css/metro.min.css","meta":{"rootId":"8a679qruejkjg99","id":"8a679qruejkjg99"},"id":"tyvg4cl4cuaiatv","previousOperationId":"xycwwcuayyi64fj"}
{"type":"log","timestamp":1705261103709,"level":"debug","message":"Page request finished: GET (script) 200 https://cdnjs.cloudflare.com/ajax/libs/Chart.js/2.7.2/Chart.min.js","meta":{"rootId":"8a679qruejkjg99","id":"8a679qruejkjg99"},"id":"4jl9907y6tykdfp","previousOperationId":"xycwwcuayyi64fj"}
{"type":"log","timestamp":1705261103721,"level":"warn","message":"Page error: Unexpected identifier 'afterwards' , stack: SyntaxError: Unexpected identifier 'afterwards'","meta":{"rootId":"8a679qruejkjg99","id":"8a679qruejkjg99"},"id":"1lypadot7uvxs1p","previousOperationId":"xycwwcuayyi64fj"}
{"type":"log","timestamp":1705261103744,"level":"debug","message":"Running chrome with params {\"printBackground\":true,\"marginTop\":\"4cm\",\"marginRight\":\"1.5cm\",\"marginBottom\":\"1.5cm\",\"marginLeft\":\"1.5cm\",\"waitForJS\":false,\"timeout\":58713,\"margin\":{\"top\":\"4cm\",\"right\":\"1.5cm\",\"bottom\":\"1.5cm\",\"left\":\"1.5cm\"}}","meta":{"rootId":"8a679qruejkjg99","id":"8a679qruejkjg99"},"id":"7iayt5fl3ches65","previousOperationId":"xycwwcuayyi64fj"}
{"type":"operationEnd","operationId":"xycwwcuayyi64fj","timestamp":1705261103792,"id":"lg72xpqgx49n7b9","previousEventId":"i9vpk62j7eylpqi","previousOperationId":"xycwwcuayyi64fj"}
{"type":"log","timestamp":1705261103792,"level":"info","message":"pdf-utils is starting pdf processing","meta":{"rootId":"8a679qruejkjg99","id":"8a679qruejkjg99"},"id":"r6acd3fyareqri4","previousOperationId":"xycwwcuayyi64fj"}
{"type":"operationStart","subtype":"pdfUtils","name":"pdf utils","timestamp":1705261104031,"id":"e5i26r2477arsca","previousEventId":"lg72xpqgx49n7b9","operationId":"1rohpwalqxv9zi9","previousOperationId":"xycwwcuayyi64fj"}
{"type":"log","timestamp":1705261104032,"level":"debug","message":"pdf-utils detected 1 pdf operation(s) to process","meta":{"rootId":"8a679qruejkjg99","id":"8a679qruejkjg99"},"id":"gyf7onaqff7k3fa","previousOperationId":"1rohpwalqxv9zi9"}
{"type":"log","timestamp":1705261104246,"level":"debug","message":"pdf-utils running pdf operation merge","meta":{"rootId":"8a679qruejkjg99","id":"8a679qruejkjg99"},"id":"wqpu2i6mjqspqrm","previousOperationId":"1rohpwalqxv9zi9"}
{"type":"operationStart","subtype":"pdfUtilsMerge","name":"pdf utils merge","previousOperationId":"1rohpwalqxv9zi9","timestamp":1705261104246,"id":"bvuwl6pgyixpf3c","previousEventId":"e5i26r2477arsca","operationId":"z3mvhkuppotn8yt"}
{"type":"operationStart","subtype":"render","name":"orders-header","previousOperationId":"z3mvhkuppotn8yt","timestamp":1705261104251,"id":"reuxpbmvijcbbzj","previousEventId":"bvuwl6pgyixpf3c","operationId":"vjhx8mu7yb0shx4"}
{"type":"log","timestamp":1705261104251,"level":"info","message":"Starting rendering (child) request","meta":{"rootId":"8a679qruejkjg99","id":"6tg1qgr3lqe25jy"},"id":"afqtjeorlfilplp","previousOperationId":"vjhx8mu7yb0shx4"}
{"type":"log","timestamp":1705261104251,"level":"info","message":"Rendering template { name: orders-header, recipe: chrome-pdf, engine: handlebars, preview: true }","meta":{"rootId":"8a679qruejkjg99","id":"6tg1qgr3lqe25jy"},"id":"84flh1ok5xm82xl","previousOperationId":"vjhx8mu7yb0shx4"}
{"type":"log","timestamp":1705261104258,"level":"debug","message":"Inline data specified.","meta":{"rootId":"8a679qruejkjg99","id":"6tg1qgr3lqe25jy"},"id":"ya3c73j1aimwlw0","previousOperationId":"vjhx8mu7yb0shx4"}
{"type":"log","timestamp":1705261104262,"level":"debug","message":"Base url not specified, skipping its injection.","meta":{"rootId":"8a679qruejkjg99","id":"6tg1qgr3lqe25jy"},"id":"3i2bvlzmgw97rwj","previousOperationId":"vjhx8mu7yb0shx4"}
{"type":"operationStart","subtype":"engine","name":"handlebars","timestamp":1705261104262,"id":"ksmcbtim2kfh4nw","previousEventId":"reuxpbmvijcbbzj","operationId":"xb3g3xq98y4bbjo","previousOperationId":"vjhx8mu7yb0shx4"}
{"type":"log","timestamp":1705261104262,"level":"debug","message":"Rendering engine handlebars","meta":{"rootId":"8a679qruejkjg99","id":"6tg1qgr3lqe25jy"},"id":"w0rduyidcr7wuog","previousOperationId":"xb3g3xq98y4bbjo"}
{"type":"operationEnd","operationId":"xb3g3xq98y4bbjo","timestamp":1705261104319,"id":"we27xan017nal43","previousEventId":"ksmcbtim2kfh4nw","previousOperationId":"xb3g3xq98y4bbjo"}
{"type":"operationStart","subtype":"recipe","name":"chrome-pdf","timestamp":1705261104319,"id":"7ww7fao3x59vsot","previousEventId":"we27xan017nal43","operationId":"eqbocbsx7bq94v2","previousOperationId":"xb3g3xq98y4bbjo"}
{"type":"log","timestamp":1705261104319,"level":"debug","message":"Executing recipe chrome-pdf","meta":{"rootId":"8a679qruejkjg99","id":"6tg1qgr3lqe25jy"},"id":"vp0c1oz40lo6ekp","previousOperationId":"eqbocbsx7bq94v2"}
{"type":"log","timestamp":1705261104322,"level":"debug","message":"Converting with chrome HeadlessChrome/117.0.5938.149 using chrome-pool strategy","meta":{"rootId":"8a679qruejkjg99","id":"6tg1qgr3lqe25jy"},"id":"73wdqtphbioz6go","previousOperationId":"eqbocbsx7bq94v2"}
{"type":"log","timestamp":1705261104444,"level":"debug","message":"Page request: GET (document) file:///C:/Users/arida/AppData/Local/Temp/jsreport/autocleanup/5fd1ef0e-e5fa-42a7-9f9a-ff40f276c70a-chrome-pdf.html","meta":{"rootId":"8a679qruejkjg99","id":"6tg1qgr3lqe25jy"},"id":"s7vkylgf2z0213l","previousOperationId":"eqbocbsx7bq94v2"}
{"type":"log","timestamp":1705261104465,"level":"debug","message":"Page request: GET (stylesheet) https://cdnjs.cloudflare.com/ajax/libs/metro/4.1.5/css/metro.min.css","meta":{"rootId":"8a679qruejkjg99","id":"6tg1qgr3lqe25jy"},"id":"79j2edbzi88ukck","previousOperationId":"eqbocbsx7bq94v2"}
{"type":"log","timestamp":1705261104466,"level":"debug","message":"Page request finished: GET (document) 200 file:///C:/Users/arida/AppData/Local/Temp/jsreport/autocleanup/5fd1ef0e-e5fa-42a7-9f9a-ff40f276c70a-chrome-pdf.html","meta":{"rootId":"8a679qruejkjg99","id":"6tg1qgr3lqe25jy"},"id":"12sdkwn6gds59xm","previousOperationId":"eqbocbsx7bq94v2"}
{"type":"log","timestamp":1705261104489,"level":"debug","message":"Page request finished: GET (stylesheet) 200 https://cdnjs.cloudflare.com/ajax/libs/metro/4.1.5/css/metro.min.css","meta":{"rootId":"8a679qruejkjg99","id":"6tg1qgr3lqe25jy"},"id":"d5mhik5ock1gueq","previousOperationId":"eqbocbsx7bq94v2"}
{"type":"log","timestamp":1705261104508,"level":"debug","message":"Running chrome with params {\"printBackground\":true,\"marginTop\":\"1.5cm\",\"marginRight\":\"1.5cm\",\"marginLeft\":\"1.cm\",\"timeout\":57382,\"margin\":{\"top\":\"1.5cm\",\"right\":\"1.5cm\",\"left\":\"1.cm\"}}","meta":{"rootId":"8a679qruejkjg99","id":"6tg1qgr3lqe25jy"},"id":"spkell5fadom1t1","previousOperationId":"eqbocbsx7bq94v2"}
{"type":"operationEnd","operationId":"eqbocbsx7bq94v2","timestamp":1705261104540,"id":"i3xcsgqczjnl8wb","previousEventId":"7ww7fao3x59vsot","previousOperationId":"eqbocbsx7bq94v2"}
{"type":"log","timestamp":1705261104541,"level":"debug","message":"Skipping storing report.","meta":{"rootId":"8a679qruejkjg99","id":"6tg1qgr3lqe25jy"},"id":"g10ahmn4tu9v1us","previousOperationId":"eqbocbsx7bq94v2"}
{"type":"log","timestamp":1705261104541,"level":"info","message":"Rendering (child) request finished in 2838 ms","meta":{"rootId":"8a679qruejkjg99","id":"6tg1qgr3lqe25jy"},"id":"66h85181nhp3u8s","previousOperationId":"eqbocbsx7bq94v2"}
{"type":"operationEnd","subtype":"render","operationId":"vjhx8mu7yb0shx4","timestamp":1705261104542,"id":"rn18un7r0p7eu5y","previousEventId":"i3xcsgqczjnl8wb","previousOperationId":"eqbocbsx7bq94v2"}
{"type":"operationEnd","operationId":"z3mvhkuppotn8yt","timestamp":1705261104560,"id":"rv1du5uxbc8zvtb","previousEventId":"bvuwl6pgyixpf3c","previousOperationId":"z3mvhkuppotn8yt"}
{"type":"log","timestamp":1705261104560,"level":"debug","message":"pdf-utils postproces start","meta":{"rootId":"8a679qruejkjg99","id":"8a679qruejkjg99"},"id":"vow5dcciw0huyh9","previousOperationId":"z3mvhkuppotn8yt"}
{"type":"log","timestamp":1705261104569,"level":"debug","message":"pdf-utils postproces end","meta":{"rootId":"8a679qruejkjg99","id":"8a679qruejkjg99"},"id":"0a8p4q5lo012hmf","previousOperationId":"z3mvhkuppotn8yt"}
{"type":"operationEnd","operationId":"1rohpwalqxv9zi9","timestamp":1705261104569,"id":"pms9dipfoa5ug6j","previousEventId":"rv1du5uxbc8zvtb","previousOperationId":"z3mvhkuppotn8yt"}
{"type":"log","timestamp":1705261104570,"level":"info","message":"pdf-utils pdf processing was finished","meta":{"rootId":"8a679qruejkjg99","id":"8a679qruejkjg99"},"id":"0ibhhxa8wku0cdl","previousOperationId":"1rohpwalqxv9zi9"}
{"type":"log","timestamp":1705261104570,"level":"debug","message":"Skipping storing report.","meta":{"rootId":"8a679qruejkjg99","id":"8a679qruejkjg99"},"id":"0oopunehs5x4d0a","previousOperationId":"1rohpwalqxv9zi9"}
{"type":"log","timestamp":1705261104570,"level":"info","message":"Rendering request 1 finished in 2867 ms","meta":{"rootId":"8a679qruejkjg99","id":"8a679qruejkjg99"},"id":"6h2uj3f538eug4k","previousOperationId":"1rohpwalqxv9zi9"}
{"type":"operationEnd","subtype":"render","operationId":"c199rr1rmsekzc5","timestamp":1705261104570,"id":"4dqd2ztp0ed80yt","previousEventId":"pms9dipfoa5ug6j","previousOperationId":"1rohpwalqxv9zi9"}
{"type":"operationEnd","doDiffs":false,"previousEventId":"aga63awb5lnrusq","previousOperationId":"9dlrfznr4ta1m3g","operationId":"9dlrfznr4ta1m3g","timestamp":1705261104586,"id":"jt8x09b4ta4nbt8"}
