{"type":"operationStart","subtype":"profile","data":{"_id":"JdFXIRfXbUwVV6uG","timestamp":"2024-01-09T20:03:54.929Z","state":"queued","mode":"standard","creationDate":"2024-01-09T20:03:54.931Z","modificationDate":"2024-01-09T20:03:54.931Z","shortid":"gQY1qPS","$entitySet":"profiles"},"doDiffs":false,"timestamp":1704830634930,"id":"t8cugapj6kv7tng","previousOperationId":null,"operationId":"w6277fjzbsbrcwh"}
{"type":"log","level":"info","message":"Render request 4 queued for execution and waiting for available worker","previousOperationId":"w6277fjzbsbrcwh","timestamp":1704830634930,"id":"n4z0ypngfjcn4b7"}
{"type":"operationStart","subtype":"render","name":"orders-main","previousOperationId":"w6277fjzbsbrcwh","timestamp":1704830634935,"id":"3nmslxvr01rziu8","previousEventId":"t8cugapj6kv7tng","operationId":"djjjt00lqs6bx9j"}
{"type":"log","timestamp":1704830634935,"level":"info","message":"Starting rendering request 4","meta":{"rootId":"8locurv3cuk5mmw","id":"8locurv3cuk5mmw"},"id":"2bqnmrhj78fp7lk","previousOperationId":"djjjt00lqs6bx9j"}
{"type":"log","timestamp":1704830634936,"level":"info","message":"Rendering template { name: orders-main, recipe: chrome-pdf, engine: handlebars, preview: false }","meta":{"rootId":"8locurv3cuk5mmw","id":"8locurv3cuk5mmw"},"id":"0ndmontvs8ro7t4","previousOperationId":"djjjt00lqs6bx9j"}
{"type":"log","timestamp":1704830634937,"level":"debug","message":"Data item not defined for this template.","meta":{"rootId":"8locurv3cuk5mmw","id":"8locurv3cuk5mmw"},"id":"9cvlu7fqa5dk67l","previousOperationId":"djjjt00lqs6bx9j"}
{"type":"log","timestamp":1704830634941,"level":"debug","message":"Executing script orders-script (beforeRender)","meta":{"rootId":"8locurv3cuk5mmw","id":"8locurv3cuk5mmw"},"id":"xsgdj55zj4ixmw7","previousOperationId":"djjjt00lqs6bx9j"}
{"type":"operationStart","subtype":"scriptsBeforeRender","name":"scripts beforeRender","timestamp":1704830634953,"id":"cy7z7yml61kmeu7","previousEventId":"3nmslxvr01rziu8","operationId":"qpxh9j1u69e5erx","previousOperationId":"djjjt00lqs6bx9j"}
{"type":"operationStart","subtype":"script","name":"scripts orders-script","previousOperationId":"qpxh9j1u69e5erx","timestamp":1704830634953,"id":"p3rf3xx6ihq9pk3","previousEventId":"cy7z7yml61kmeu7","operationId":"wigj57kqh6k76hi"}
{"type":"log","timestamp":1704830635859,"level":"debug","message":"(console:log) undefined","meta":{"userLevel":true,"rootId":"8locurv3cuk5mmw","id":"8locurv3cuk5mmw"},"id":"85qlu3ruwn2fe52","previousOperationId":"wigj57kqh6k76hi"}
{"type":"operationEnd","operationId":"wigj57kqh6k76hi","timestamp":1704830636259,"id":"u42vmbkw7vn986z","previousEventId":"3nmslxvr01rziu8","previousOperationId":"djjjt00lqs6bx9j"}
{"type":"operationEnd","operationId":"qpxh9j1u69e5erx","timestamp":1704830636259,"id":"qm8a0zw6wcr3ch8","previousEventId":"u42vmbkw7vn986z","previousOperationId":"djjjt00lqs6bx9j"}
{"type":"log","timestamp":1704830636259,"level":"debug","message":"Base url not specified, skipping its injection.","meta":{"rootId":"8locurv3cuk5mmw","id":"8locurv3cuk5mmw"},"id":"8lw3buduope3brp","previousOperationId":"qpxh9j1u69e5erx"}
{"type":"operationStart","subtype":"engine","name":"handlebars","timestamp":1704830636260,"id":"waaik3w4s1wsonv","previousEventId":"qm8a0zw6wcr3ch8","operationId":"3z3wdq51mekglta","previousOperationId":"qpxh9j1u69e5erx"}
{"type":"log","timestamp":1704830636260,"level":"debug","message":"Rendering engine handlebars","meta":{"rootId":"8locurv3cuk5mmw","id":"8locurv3cuk5mmw"},"id":"fxu7i9m6aqfcwpy","previousOperationId":"3z3wdq51mekglta"}
{"type":"log","timestamp":1704830636272,"level":"debug","message":"(console:log) Pdf utils adding group field, value: \"France\"","meta":{"userLevel":true,"rootId":"8locurv3cuk5mmw","id":"8locurv3cuk5mmw"},"id":"47tersbbsl86h6l","previousOperationId":"3z3wdq51mekglta"}
{"type":"log","timestamp":1704830636272,"level":"debug","message":"(console:log) Pdf utils adding group field, value: \"Germany\"","meta":{"userLevel":true,"rootId":"8locurv3cuk5mmw","id":"8locurv3cuk5mmw"},"id":"b3m2cj2pq54cxn6","previousOperationId":"3z3wdq51mekglta"}
{"type":"operationEnd","operationId":"3z3wdq51mekglta","timestamp":1704830636273,"id":"khmz27oj9h2ugn6","previousEventId":"waaik3w4s1wsonv","previousOperationId":"3z3wdq51mekglta"}
{"type":"operationStart","subtype":"recipe","name":"chrome-pdf","timestamp":1704830636274,"id":"ydm4odkaau8564f","previousEventId":"khmz27oj9h2ugn6","operationId":"8ed3v4q291u8zfn","previousOperationId":"3z3wdq51mekglta"}
{"type":"log","timestamp":1704830636274,"level":"debug","message":"Executing recipe chrome-pdf","meta":{"rootId":"8locurv3cuk5mmw","id":"8locurv3cuk5mmw"},"id":"s6gfkarctt16y1i","previousOperationId":"8ed3v4q291u8zfn"}
{"type":"log","timestamp":1704830636277,"level":"debug","message":"Converting with chrome HeadlessChrome/117.0.5938.149 using chrome-pool strategy","meta":{"rootId":"8locurv3cuk5mmw","id":"8locurv3cuk5mmw"},"id":"up7dfcmil59w9uq","previousOperationId":"8ed3v4q291u8zfn"}
{"type":"log","timestamp":1704830636396,"level":"debug","message":"Page request: GET (document) file:///C:/Users/arida/AppData/Local/Temp/jsreport/autocleanup/9aceec92-475e-4b10-bc4c-0b0e51f4bab9-chrome-pdf.html","meta":{"rootId":"8locurv3cuk5mmw","id":"8locurv3cuk5mmw"},"id":"p4hmuj6iqizr0rh","previousOperationId":"8ed3v4q291u8zfn"}
{"type":"log","timestamp":1704830636445,"level":"debug","message":"Page request: GET (stylesheet) https://cdnjs.cloudflare.com/ajax/libs/metro/4.1.5/css/metro.min.css","meta":{"rootId":"8locurv3cuk5mmw","id":"8locurv3cuk5mmw"},"id":"im0klv9qtmtr7f1","previousOperationId":"8ed3v4q291u8zfn"}
{"type":"log","timestamp":1704830636446,"level":"debug","message":"Page request: GET (script) https://cdnjs.cloudflare.com/ajax/libs/Chart.js/2.7.2/Chart.min.js","meta":{"rootId":"8locurv3cuk5mmw","id":"8locurv3cuk5mmw"},"id":"lqfs8pd5qno8nlg","previousOperationId":"8ed3v4q291u8zfn"}
{"type":"log","timestamp":1704830636446,"level":"debug","message":"Page request finished: GET (document) 200 file:///C:/Users/arida/AppData/Local/Temp/jsreport/autocleanup/9aceec92-475e-4b10-bc4c-0b0e51f4bab9-chrome-pdf.html","meta":{"rootId":"8locurv3cuk5mmw","id":"8locurv3cuk5mmw"},"id":"p45uuwlk9qi6i3w","previousOperationId":"8ed3v4q291u8zfn"}
{"type":"log","timestamp":1704830636468,"level":"debug","message":"Page request finished: GET (stylesheet) 200 https://cdnjs.cloudflare.com/ajax/libs/metro/4.1.5/css/metro.min.css","meta":{"rootId":"8locurv3cuk5mmw","id":"8locurv3cuk5mmw"},"id":"cmzmjey4rq73idk","previousOperationId":"8ed3v4q291u8zfn"}
{"type":"log","timestamp":1704830636468,"level":"debug","message":"Page request finished: GET (script) 200 https://cdnjs.cloudflare.com/ajax/libs/Chart.js/2.7.2/Chart.min.js","meta":{"rootId":"8locurv3cuk5mmw","id":"8locurv3cuk5mmw"},"id":"539rupjqo7mnbps","previousOperationId":"8ed3v4q291u8zfn"}
{"type":"log","timestamp":1704830636552,"level":"debug","message":"Running chrome with params {\"printBackground\":true,\"marginTop\":\"4cm\",\"marginRight\":\"1.5cm\",\"marginBottom\":\"1.5cm\",\"marginLeft\":\"1.5cm\",\"waitForJS\":false,\"timeout\":58652,\"margin\":{\"top\":\"4cm\",\"right\":\"1.5cm\",\"bottom\":\"1.5cm\",\"left\":\"1.5cm\"}}","meta":{"rootId":"8locurv3cuk5mmw","id":"8locurv3cuk5mmw"},"id":"ze40b7j7uz368uk","previousOperationId":"8ed3v4q291u8zfn"}
{"type":"operationEnd","operationId":"8ed3v4q291u8zfn","timestamp":1704830636764,"id":"pz35w3ghge1xskg","previousEventId":"ydm4odkaau8564f","previousOperationId":"8ed3v4q291u8zfn"}
{"type":"log","timestamp":1704830636764,"level":"info","message":"pdf-utils is starting pdf processing","meta":{"rootId":"8locurv3cuk5mmw","id":"8locurv3cuk5mmw"},"id":"9vh05wc81covvye","previousOperationId":"8ed3v4q291u8zfn"}
{"type":"operationStart","subtype":"pdfUtils","name":"pdf utils","timestamp":1704830636764,"id":"7u2fikzhwdiyc4i","previousEventId":"pz35w3ghge1xskg","operationId":"cvrv4nqnd8ts9lo","previousOperationId":"8ed3v4q291u8zfn"}
{"type":"log","timestamp":1704830636764,"level":"debug","message":"pdf-utils detected 1 pdf operation(s) to process","meta":{"rootId":"8locurv3cuk5mmw","id":"8locurv3cuk5mmw"},"id":"4nv24r48od9vyp2","previousOperationId":"cvrv4nqnd8ts9lo"}
{"type":"log","timestamp":1704830636847,"level":"debug","message":"pdf-utils running pdf operation merge","meta":{"rootId":"8locurv3cuk5mmw","id":"8locurv3cuk5mmw"},"id":"azmmb9kv6xfrmav","previousOperationId":"cvrv4nqnd8ts9lo"}
{"type":"operationStart","subtype":"pdfUtilsMerge","name":"pdf utils merge","previousOperationId":"cvrv4nqnd8ts9lo","timestamp":1704830636847,"id":"23nfv0rg0kpcggy","previousEventId":"7u2fikzhwdiyc4i","operationId":"m15t73bkchmjt70"}
{"type":"operationStart","subtype":"render","name":"orders-header","previousOperationId":"m15t73bkchmjt70","timestamp":1704830636848,"id":"tvn1rzy2bpemtrv","previousEventId":"23nfv0rg0kpcggy","operationId":"h6f1y56k11af5kg"}
{"type":"log","timestamp":1704830636848,"level":"info","message":"Starting rendering (child) request","meta":{"rootId":"8locurv3cuk5mmw","id":"9nro348us6tpwma"},"id":"9gun5n2feeyl76u","previousOperationId":"h6f1y56k11af5kg"}
{"type":"log","timestamp":1704830636849,"level":"info","message":"Rendering template { name: orders-header, recipe: chrome-pdf, engine: handlebars, preview: false }","meta":{"rootId":"8locurv3cuk5mmw","id":"9nro348us6tpwma"},"id":"ro2go8ihx3fl66h","previousOperationId":"h6f1y56k11af5kg"}
{"type":"log","timestamp":1704830636854,"level":"debug","message":"Inline data specified.","meta":{"rootId":"8locurv3cuk5mmw","id":"9nro348us6tpwma"},"id":"t50ph4um3czed4p","previousOperationId":"h6f1y56k11af5kg"}
{"type":"log","timestamp":1704830636857,"level":"debug","message":"Base url not specified, skipping its injection.","meta":{"rootId":"8locurv3cuk5mmw","id":"9nro348us6tpwma"},"id":"tuzzfbw52tzjweb","previousOperationId":"h6f1y56k11af5kg"}
{"type":"operationStart","subtype":"engine","name":"handlebars","timestamp":1704830636857,"id":"st8bva8fzjqkb1a","previousEventId":"tvn1rzy2bpemtrv","operationId":"69e88b86gdipkm6","previousOperationId":"h6f1y56k11af5kg"}
{"type":"log","timestamp":1704830636857,"level":"debug","message":"Rendering engine handlebars","meta":{"rootId":"8locurv3cuk5mmw","id":"9nro348us6tpwma"},"id":"m1kv8xh5njbwuu1","previousOperationId":"69e88b86gdipkm6"}
{"type":"operationEnd","operationId":"69e88b86gdipkm6","timestamp":1704830636872,"id":"zohocaiumixem1m","previousEventId":"st8bva8fzjqkb1a","previousOperationId":"69e88b86gdipkm6"}
{"type":"operationStart","subtype":"recipe","name":"chrome-pdf","timestamp":1704830636872,"id":"5lbbr0bedlwbz8d","previousEventId":"zohocaiumixem1m","operationId":"rkse8t9lc1tq7ze","previousOperationId":"69e88b86gdipkm6"}
{"type":"log","timestamp":1704830636872,"level":"debug","message":"Executing recipe chrome-pdf","meta":{"rootId":"8locurv3cuk5mmw","id":"9nro348us6tpwma"},"id":"4iah9midd1bobre","previousOperationId":"rkse8t9lc1tq7ze"}
{"type":"log","timestamp":1704830636875,"level":"debug","message":"Converting with chrome HeadlessChrome/117.0.5938.149 using chrome-pool strategy","meta":{"rootId":"8locurv3cuk5mmw","id":"9nro348us6tpwma"},"id":"654z813l3jnhztn","previousOperationId":"rkse8t9lc1tq7ze"}
{"type":"log","timestamp":1704830636991,"level":"debug","message":"Page request: GET (document) file:///C:/Users/arida/AppData/Local/Temp/jsreport/autocleanup/4e96dbc4-163d-4f7c-8b79-20af2ff56762-chrome-pdf.html","meta":{"rootId":"8locurv3cuk5mmw","id":"9nro348us6tpwma"},"id":"8bbocrl12ce95w9","previousOperationId":"rkse8t9lc1tq7ze"}
{"type":"log","timestamp":1704830637003,"level":"debug","message":"Page request: GET (stylesheet) https://cdnjs.cloudflare.com/ajax/libs/metro/4.1.5/css/metro.min.css","meta":{"rootId":"8locurv3cuk5mmw","id":"9nro348us6tpwma"},"id":"k7w3nlig5fe0q6v","previousOperationId":"rkse8t9lc1tq7ze"}
{"type":"log","timestamp":1704830637003,"level":"debug","message":"Page request finished: GET (document) 200 file:///C:/Users/arida/AppData/Local/Temp/jsreport/autocleanup/4e96dbc4-163d-4f7c-8b79-20af2ff56762-chrome-pdf.html","meta":{"rootId":"8locurv3cuk5mmw","id":"9nro348us6tpwma"},"id":"qzzbiau6ytkqhpx","previousOperationId":"rkse8t9lc1tq7ze"}
{"type":"log","timestamp":1704830637023,"level":"debug","message":"Page request finished: GET (stylesheet) 200 https://cdnjs.cloudflare.com/ajax/libs/metro/4.1.5/css/metro.min.css","meta":{"rootId":"8locurv3cuk5mmw","id":"9nro348us6tpwma"},"id":"rbtyu62kcw82j6d","previousOperationId":"rkse8t9lc1tq7ze"}
{"type":"log","timestamp":1704830637046,"level":"debug","message":"Running chrome with params {\"printBackground\":true,\"marginTop\":\"1.5cm\",\"marginRight\":\"1.5cm\",\"marginLeft\":\"1.cm\",\"timeout\":58054,\"margin\":{\"top\":\"1.5cm\",\"right\":\"1.5cm\",\"left\":\"1.cm\"}}","meta":{"rootId":"8locurv3cuk5mmw","id":"9nro348us6tpwma"},"id":"y70xnbfl5ci8xzc","previousOperationId":"rkse8t9lc1tq7ze"}
{"type":"operationEnd","operationId":"rkse8t9lc1tq7ze","timestamp":1704830637093,"id":"4b836pz8w3nsepk","previousEventId":"5lbbr0bedlwbz8d","previousOperationId":"rkse8t9lc1tq7ze"}
{"type":"log","timestamp":1704830637093,"level":"debug","message":"Skipping storing report.","meta":{"rootId":"8locurv3cuk5mmw","id":"9nro348us6tpwma"},"id":"3bjsh83u4j3pwk2","previousOperationId":"rkse8t9lc1tq7ze"}
{"type":"log","timestamp":1704830637093,"level":"info","message":"Rendering (child) request finished in 2165 ms","meta":{"rootId":"8locurv3cuk5mmw","id":"9nro348us6tpwma"},"id":"i8dze1xybwz910k","previousOperationId":"rkse8t9lc1tq7ze"}
{"type":"operationEnd","subtype":"render","operationId":"h6f1y56k11af5kg","timestamp":1704830637093,"id":"679r5g0w9z9mf10","previousEventId":"4b836pz8w3nsepk","previousOperationId":"rkse8t9lc1tq7ze"}
{"type":"operationEnd","operationId":"m15t73bkchmjt70","timestamp":1704830637121,"id":"06vvhmj779o6ord","previousEventId":"23nfv0rg0kpcggy","previousOperationId":"m15t73bkchmjt70"}
{"type":"log","timestamp":1704830637121,"level":"debug","message":"pdf-utils postproces start","meta":{"rootId":"8locurv3cuk5mmw","id":"8locurv3cuk5mmw"},"id":"hxj7ab6injfhwrr","previousOperationId":"m15t73bkchmjt70"}
{"type":"log","timestamp":1704830637144,"level":"debug","message":"pdf-utils postproces end","meta":{"rootId":"8locurv3cuk5mmw","id":"8locurv3cuk5mmw"},"id":"755e61ax2ztq2cl","previousOperationId":"m15t73bkchmjt70"}
{"type":"operationEnd","operationId":"cvrv4nqnd8ts9lo","timestamp":1704830637144,"id":"m01tqa1bzapy09l","previousEventId":"06vvhmj779o6ord","previousOperationId":"m15t73bkchmjt70"}
{"type":"log","timestamp":1704830637144,"level":"info","message":"pdf-utils pdf processing was finished","meta":{"rootId":"8locurv3cuk5mmw","id":"8locurv3cuk5mmw"},"id":"op3ow8i4mq2mi9o","previousOperationId":"cvrv4nqnd8ts9lo"}
{"type":"log","timestamp":1704830637144,"level":"debug","message":"Skipping storing report.","meta":{"rootId":"8locurv3cuk5mmw","id":"8locurv3cuk5mmw"},"id":"pis9w0yw2ct45om","previousOperationId":"cvrv4nqnd8ts9lo"}
{"type":"log","timestamp":1704830637144,"level":"info","message":"Rendering request 4 finished in 2216 ms","meta":{"rootId":"8locurv3cuk5mmw","id":"8locurv3cuk5mmw"},"id":"9gxh4t3e23rsi8p","previousOperationId":"cvrv4nqnd8ts9lo"}
{"type":"operationEnd","subtype":"render","operationId":"djjjt00lqs6bx9j","timestamp":1704830637144,"id":"rf93wk970n9rfxz","previousEventId":"m01tqa1bzapy09l","previousOperationId":"cvrv4nqnd8ts9lo"}
{"type":"operationEnd","doDiffs":false,"previousEventId":"t8cugapj6kv7tng","previousOperationId":"w6277fjzbsbrcwh","operationId":"w6277fjzbsbrcwh","timestamp":1704830637151,"id":"iktcq7tr9rjte7s"}
