{"type":"operationStart","subtype":"profile","data":{"_id":"ZqwA7lqBlO7tQMAE","timestamp":"2024-01-14T19:43:57.488Z","state":"queued","mode":"standard","creationDate":"2024-01-14T19:43:57.491Z","modificationDate":"2024-01-14T19:43:57.491Z","shortid":"EDTRri1","$entitySet":"profiles"},"doDiffs":false,"timestamp":1705261437489,"id":"hd3v3fyfgxlifze","previousOperationId":null,"operationId":"767qymg4kj6se2m"}
{"type":"log","level":"info","message":"Render request 2 queued for execution and waiting for available worker","previousOperationId":"767qymg4kj6se2m","timestamp":1705261437489,"id":"wpa7gejee6mn40b"}
{"type":"operationStart","subtype":"render","name":"orders-main","previousOperationId":"767qymg4kj6se2m","timestamp":1705261437508,"id":"bu3wulrggux0szg","previousEventId":"hd3v3fyfgxlifze","operationId":"91zcs1je93p5qx1"}
{"type":"log","timestamp":1705261437509,"level":"info","message":"Starting rendering request 2","meta":{"rootId":"94slq0xrxowt9jz","id":"94slq0xrxowt9jz"},"id":"8fykwy7xv74nvy3","previousOperationId":"91zcs1je93p5qx1"}
{"type":"log","timestamp":1705261437510,"level":"info","message":"Rendering template { name: orders-main, recipe: chrome-pdf, engine: handlebars, preview: true }","meta":{"rootId":"94slq0xrxowt9jz","id":"94slq0xrxowt9jz"},"id":"bdbhacbsocgvgsz","previousOperationId":"91zcs1je93p5qx1"}
{"type":"log","timestamp":1705261437517,"level":"debug","message":"Data item not defined for this template.","meta":{"rootId":"94slq0xrxowt9jz","id":"94slq0xrxowt9jz"},"id":"zebwrrpq14quous","previousOperationId":"91zcs1je93p5qx1"}
{"type":"log","timestamp":1705261437524,"level":"debug","message":"Executing script orders-script (beforeRender)","meta":{"rootId":"94slq0xrxowt9jz","id":"94slq0xrxowt9jz"},"id":"u19kqoa4dklwce9","previousOperationId":"91zcs1je93p5qx1"}
{"type":"operationStart","subtype":"scriptsBeforeRender","name":"scripts beforeRender","timestamp":1705261437829,"id":"b1vzwbnexj32r19","previousEventId":"bu3wulrggux0szg","operationId":"7ebxpwvl7l3y5qq","previousOperationId":"91zcs1je93p5qx1"}
{"type":"operationStart","subtype":"script","name":"scripts orders-script","previousOperationId":"7ebxpwvl7l3y5qq","timestamp":1705261437829,"id":"ogb3veepkghsuks","previousEventId":"b1vzwbnexj32r19","operationId":"2ej6zol4hz08arz"}
{"type":"operationEnd","operationId":"2ej6zol4hz08arz","timestamp":1705261437863,"id":"s3bczyiz6c3sgk7","previousEventId":"bu3wulrggux0szg","previousOperationId":"91zcs1je93p5qx1"}
{"type":"operationEnd","operationId":"7ebxpwvl7l3y5qq","timestamp":1705261437863,"id":"xv9batc60voldrm","previousEventId":"s3bczyiz6c3sgk7","previousOperationId":"91zcs1je93p5qx1"}
{"type":"log","timestamp":1705261437863,"level":"debug","message":"Base url not specified, skipping its injection.","meta":{"rootId":"94slq0xrxowt9jz","id":"94slq0xrxowt9jz"},"id":"zos3ejfo4ndmyvh","previousOperationId":"7ebxpwvl7l3y5qq"}
{"type":"operationStart","subtype":"engine","name":"handlebars","timestamp":1705261437865,"id":"pwlfelekzqtd2dn","previousEventId":"xv9batc60voldrm","operationId":"bthz4pv146k1zg7","previousOperationId":"7ebxpwvl7l3y5qq"}
{"type":"log","timestamp":1705261437865,"level":"debug","message":"Rendering engine handlebars","meta":{"rootId":"94slq0xrxowt9jz","id":"94slq0xrxowt9jz"},"id":"tpz6wljqk4dv7dd","previousOperationId":"bthz4pv146k1zg7"}
{"type":"operationEnd","operationId":"bthz4pv146k1zg7","timestamp":1705261438278,"id":"50zt31a8lpj1vpq","previousEventId":"pwlfelekzqtd2dn","previousOperationId":"bthz4pv146k1zg7"}
{"type":"operationStart","subtype":"recipe","name":"chrome-pdf","timestamp":1705261438278,"id":"e6xjso5y1rt31vg","previousEventId":"50zt31a8lpj1vpq","operationId":"oi2goxolsp4o34u","previousOperationId":"bthz4pv146k1zg7"}
{"type":"log","timestamp":1705261438278,"level":"debug","message":"Executing recipe chrome-pdf","meta":{"rootId":"94slq0xrxowt9jz","id":"94slq0xrxowt9jz"},"id":"melsh473l8p1fsg","previousOperationId":"oi2goxolsp4o34u"}
{"type":"log","timestamp":1705261439059,"level":"debug","message":"Converting with chrome HeadlessChrome/117.0.5938.149 using chrome-pool strategy","meta":{"rootId":"94slq0xrxowt9jz","id":"94slq0xrxowt9jz"},"id":"fbjfmoefvaieqhv","previousOperationId":"oi2goxolsp4o34u"}
{"type":"log","timestamp":1705261439288,"level":"debug","message":"Page request: GET (document) file:///C:/Users/arida/AppData/Local/Temp/jsreport/autocleanup/00e903a3-088e-4069-a84a-ee8eeacd0a5e-chrome-pdf.html","meta":{"rootId":"94slq0xrxowt9jz","id":"94slq0xrxowt9jz"},"id":"kjoybj661jwful8","previousOperationId":"oi2goxolsp4o34u"}
{"type":"log","timestamp":1705261439318,"level":"debug","message":"Page request: GET (stylesheet) https://cdnjs.cloudflare.com/ajax/libs/metro/4.1.5/css/metro.min.css","meta":{"rootId":"94slq0xrxowt9jz","id":"94slq0xrxowt9jz"},"id":"x8lg5c5xtr30fnt","previousOperationId":"oi2goxolsp4o34u"}
{"type":"log","timestamp":1705261439319,"level":"debug","message":"Page request: GET (script) https://cdnjs.cloudflare.com/ajax/libs/Chart.js/2.7.2/Chart.min.js","meta":{"rootId":"94slq0xrxowt9jz","id":"94slq0xrxowt9jz"},"id":"ou3sjj0yhdpcuxw","previousOperationId":"oi2goxolsp4o34u"}
{"type":"log","timestamp":1705261439320,"level":"debug","message":"Page request finished: GET (document) 200 file:///C:/Users/arida/AppData/Local/Temp/jsreport/autocleanup/00e903a3-088e-4069-a84a-ee8eeacd0a5e-chrome-pdf.html","meta":{"rootId":"94slq0xrxowt9jz","id":"94slq0xrxowt9jz"},"id":"eqvejrq51tdw4zy","previousOperationId":"oi2goxolsp4o34u"}
{"type":"log","timestamp":1705261439540,"level":"debug","message":"Page request finished: GET (stylesheet) 200 https://cdnjs.cloudflare.com/ajax/libs/metro/4.1.5/css/metro.min.css","meta":{"rootId":"94slq0xrxowt9jz","id":"94slq0xrxowt9jz"},"id":"wi9hl9s48rg22rk","previousOperationId":"oi2goxolsp4o34u"}
{"type":"log","timestamp":1705261439559,"level":"debug","message":"Page request finished: GET (script) 200 https://cdnjs.cloudflare.com/ajax/libs/Chart.js/2.7.2/Chart.min.js","meta":{"rootId":"94slq0xrxowt9jz","id":"94slq0xrxowt9jz"},"id":"k5a6jtszp44xrth","previousOperationId":"oi2goxolsp4o34u"}
{"type":"log","timestamp":1705261439571,"level":"warn","message":"Page error: Unexpected identifier 'afterwards' , stack: SyntaxError: Unexpected identifier 'afterwards'","meta":{"rootId":"94slq0xrxowt9jz","id":"94slq0xrxowt9jz"},"id":"24j7pejczntrmzg","previousOperationId":"oi2goxolsp4o34u"}
{"type":"log","timestamp":1705261439604,"level":"debug","message":"Running chrome with params {\"printBackground\":true,\"marginTop\":\"4cm\",\"marginRight\":\"1.5cm\",\"marginBottom\":\"1.5cm\",\"marginLeft\":\"1.5cm\",\"waitForJS\":false,\"timeout\":58667,\"margin\":{\"top\":\"4cm\",\"right\":\"1.5cm\",\"bottom\":\"1.5cm\",\"left\":\"1.5cm\"}}","meta":{"rootId":"94slq0xrxowt9jz","id":"94slq0xrxowt9jz"},"id":"0khby9py5xjeba6","previousOperationId":"oi2goxolsp4o34u"}
{"type":"operationEnd","operationId":"oi2goxolsp4o34u","timestamp":1705261439660,"id":"wbdep5mcyldgprj","previousEventId":"e6xjso5y1rt31vg","previousOperationId":"oi2goxolsp4o34u"}
{"type":"log","timestamp":1705261439661,"level":"info","message":"pdf-utils is starting pdf processing","meta":{"rootId":"94slq0xrxowt9jz","id":"94slq0xrxowt9jz"},"id":"6x6rm7eoi41cqip","previousOperationId":"oi2goxolsp4o34u"}
{"type":"operationStart","subtype":"pdfUtils","name":"pdf utils","timestamp":1705261439932,"id":"pqnra0r5oez839i","previousEventId":"wbdep5mcyldgprj","operationId":"eelkysa0ig9hgec","previousOperationId":"oi2goxolsp4o34u"}
{"type":"log","timestamp":1705261439933,"level":"debug","message":"pdf-utils detected 1 pdf operation(s) to process","meta":{"rootId":"94slq0xrxowt9jz","id":"94slq0xrxowt9jz"},"id":"3yycml2g5g8x0mj","previousOperationId":"eelkysa0ig9hgec"}
{"type":"log","timestamp":1705261440175,"level":"debug","message":"pdf-utils running pdf operation merge","meta":{"rootId":"94slq0xrxowt9jz","id":"94slq0xrxowt9jz"},"id":"1e18inr7khn7zan","previousOperationId":"eelkysa0ig9hgec"}
{"type":"operationStart","subtype":"pdfUtilsMerge","name":"pdf utils merge","previousOperationId":"eelkysa0ig9hgec","timestamp":1705261440175,"id":"knmrn87lavqoh6y","previousEventId":"pqnra0r5oez839i","operationId":"xfzljsmn8ip9x8z"}
{"type":"operationStart","subtype":"render","name":"orders-header","previousOperationId":"xfzljsmn8ip9x8z","timestamp":1705261440180,"id":"g7wxh1e06po4obt","previousEventId":"knmrn87lavqoh6y","operationId":"ius2lx6uqsznrcj"}
{"type":"log","timestamp":1705261440180,"level":"info","message":"Starting rendering (child) request","meta":{"rootId":"94slq0xrxowt9jz","id":"ayj9wv0kheyxej1"},"id":"wxv95k1ixpwkq22","previousOperationId":"ius2lx6uqsznrcj"}
{"type":"log","timestamp":1705261440181,"level":"info","message":"Rendering template { name: orders-header, recipe: chrome-pdf, engine: handlebars, preview: true }","meta":{"rootId":"94slq0xrxowt9jz","id":"ayj9wv0kheyxej1"},"id":"2fsthtym6y08pwl","previousOperationId":"ius2lx6uqsznrcj"}
{"type":"log","timestamp":1705261440192,"level":"debug","message":"Inline data specified.","meta":{"rootId":"94slq0xrxowt9jz","id":"ayj9wv0kheyxej1"},"id":"k2dpjfwg8sslp60","previousOperationId":"ius2lx6uqsznrcj"}
{"type":"log","timestamp":1705261440195,"level":"debug","message":"Base url not specified, skipping its injection.","meta":{"rootId":"94slq0xrxowt9jz","id":"ayj9wv0kheyxej1"},"id":"4kl4rw2l3izq9jv","previousOperationId":"ius2lx6uqsznrcj"}
{"type":"operationStart","subtype":"engine","name":"handlebars","timestamp":1705261440195,"id":"f3kvp4ylxkerxha","previousEventId":"g7wxh1e06po4obt","operationId":"th96ik551otf3qx","previousOperationId":"ius2lx6uqsznrcj"}
{"type":"log","timestamp":1705261440195,"level":"debug","message":"Rendering engine handlebars","meta":{"rootId":"94slq0xrxowt9jz","id":"ayj9wv0kheyxej1"},"id":"8rav0cw08ak1lq5","previousOperationId":"th96ik551otf3qx"}
{"type":"operationEnd","operationId":"th96ik551otf3qx","timestamp":1705261440231,"id":"bfsv0cdga4i8h5v","previousEventId":"f3kvp4ylxkerxha","previousOperationId":"th96ik551otf3qx"}
{"type":"operationStart","subtype":"recipe","name":"chrome-pdf","timestamp":1705261440231,"id":"h5dxsrl2j6wsmy4","previousEventId":"bfsv0cdga4i8h5v","operationId":"wsptjjw8mjqh2i4","previousOperationId":"th96ik551otf3qx"}
{"type":"log","timestamp":1705261440231,"level":"debug","message":"Executing recipe chrome-pdf","meta":{"rootId":"94slq0xrxowt9jz","id":"ayj9wv0kheyxej1"},"id":"dfqya6ct7kqp4xx","previousOperationId":"wsptjjw8mjqh2i4"}
{"type":"log","timestamp":1705261440234,"level":"debug","message":"Converting with chrome HeadlessChrome/117.0.5938.149 using chrome-pool strategy","meta":{"rootId":"94slq0xrxowt9jz","id":"ayj9wv0kheyxej1"},"id":"jdznb75q1vow161","previousOperationId":"wsptjjw8mjqh2i4"}
{"type":"log","timestamp":1705261440358,"level":"debug","message":"Page request: GET (document) file:///C:/Users/arida/AppData/Local/Temp/jsreport/autocleanup/8bae43c8-e6cd-4eec-8322-3a93916a4f8a-chrome-pdf.html","meta":{"rootId":"94slq0xrxowt9jz","id":"ayj9wv0kheyxej1"},"id":"7ldanwt8qsnh8fz","previousOperationId":"wsptjjw8mjqh2i4"}
{"type":"log","timestamp":1705261440369,"level":"debug","message":"Page request: GET (stylesheet) https://cdnjs.cloudflare.com/ajax/libs/metro/4.1.5/css/metro.min.css","meta":{"rootId":"94slq0xrxowt9jz","id":"ayj9wv0kheyxej1"},"id":"80wk8dk0gnwbugl","previousOperationId":"wsptjjw8mjqh2i4"}
{"type":"log","timestamp":1705261440370,"level":"debug","message":"Page request finished: GET (document) 200 file:///C:/Users/arida/AppData/Local/Temp/jsreport/autocleanup/8bae43c8-e6cd-4eec-8322-3a93916a4f8a-chrome-pdf.html","meta":{"rootId":"94slq0xrxowt9jz","id":"ayj9wv0kheyxej1"},"id":"rfcwjhlpxrxiz5x","previousOperationId":"wsptjjw8mjqh2i4"}
{"type":"log","timestamp":1705261440391,"level":"debug","message":"Page request finished: GET (stylesheet) 200 https://cdnjs.cloudflare.com/ajax/libs/metro/4.1.5/css/metro.min.css","meta":{"rootId":"94slq0xrxowt9jz","id":"ayj9wv0kheyxej1"},"id":"7sd7v01o7w7jblz","previousOperationId":"wsptjjw8mjqh2i4"}
{"type":"log","timestamp":1705261440414,"level":"debug","message":"Running chrome with params {\"printBackground\":true,\"marginTop\":\"1.5cm\",\"marginRight\":\"1.5cm\",\"marginLeft\":\"1.cm\",\"timeout\":57255,\"margin\":{\"top\":\"1.5cm\",\"right\":\"1.5cm\",\"left\":\"1.cm\"}}","meta":{"rootId":"94slq0xrxowt9jz","id":"ayj9wv0kheyxej1"},"id":"fv8vqmveu7tl2bw","previousOperationId":"wsptjjw8mjqh2i4"}
{"type":"operationEnd","operationId":"wsptjjw8mjqh2i4","timestamp":1705261440451,"id":"xia5vhhl25kia8t","previousEventId":"h5dxsrl2j6wsmy4","previousOperationId":"wsptjjw8mjqh2i4"}
{"type":"log","timestamp":1705261440452,"level":"debug","message":"Skipping storing report.","meta":{"rootId":"94slq0xrxowt9jz","id":"ayj9wv0kheyxej1"},"id":"s5g8l5qaeyjyt1o","previousOperationId":"wsptjjw8mjqh2i4"}
{"type":"log","timestamp":1705261440452,"level":"info","message":"Rendering (child) request finished in 2964 ms","meta":{"rootId":"94slq0xrxowt9jz","id":"ayj9wv0kheyxej1"},"id":"reg4s6p06grgxjv","previousOperationId":"wsptjjw8mjqh2i4"}
{"type":"operationEnd","subtype":"render","operationId":"ius2lx6uqsznrcj","timestamp":1705261440452,"id":"eqqt2nshif5kkzm","previousEventId":"xia5vhhl25kia8t","previousOperationId":"wsptjjw8mjqh2i4"}
{"type":"operationEnd","operationId":"xfzljsmn8ip9x8z","timestamp":1705261440475,"id":"uosycdyi7smmsvk","previousEventId":"knmrn87lavqoh6y","previousOperationId":"xfzljsmn8ip9x8z"}
{"type":"log","timestamp":1705261440475,"level":"debug","message":"pdf-utils postproces start","meta":{"rootId":"94slq0xrxowt9jz","id":"94slq0xrxowt9jz"},"id":"2oss95zk3ousl76","previousOperationId":"xfzljsmn8ip9x8z"}
{"type":"log","timestamp":1705261440489,"level":"debug","message":"pdf-utils postproces end","meta":{"rootId":"94slq0xrxowt9jz","id":"94slq0xrxowt9jz"},"id":"o3f28vf8tpyggja","previousOperationId":"xfzljsmn8ip9x8z"}
{"type":"operationEnd","operationId":"eelkysa0ig9hgec","timestamp":1705261440489,"id":"8goytym2p6hiiq9","previousEventId":"uosycdyi7smmsvk","previousOperationId":"xfzljsmn8ip9x8z"}
{"type":"log","timestamp":1705261440489,"level":"info","message":"pdf-utils pdf processing was finished","meta":{"rootId":"94slq0xrxowt9jz","id":"94slq0xrxowt9jz"},"id":"rqol6ufxcl7yaq3","previousOperationId":"eelkysa0ig9hgec"}
{"type":"log","timestamp":1705261440489,"level":"debug","message":"Skipping storing report.","meta":{"rootId":"94slq0xrxowt9jz","id":"94slq0xrxowt9jz"},"id":"seqkmxef7ye5r59","previousOperationId":"eelkysa0ig9hgec"}
{"type":"log","timestamp":1705261440489,"level":"info","message":"Rendering request 2 finished in 3001 ms","meta":{"rootId":"94slq0xrxowt9jz","id":"94slq0xrxowt9jz"},"id":"zbp7p4fbgtv9i4c","previousOperationId":"eelkysa0ig9hgec"}
{"type":"operationEnd","subtype":"render","operationId":"91zcs1je93p5qx1","timestamp":1705261440489,"id":"oh03s5kpfufprvn","previousEventId":"8goytym2p6hiiq9","previousOperationId":"eelkysa0ig9hgec"}
{"type":"operationEnd","doDiffs":false,"previousEventId":"hd3v3fyfgxlifze","previousOperationId":"767qymg4kj6se2m","operationId":"767qymg4kj6se2m","timestamp":1705261440507,"id":"y6br0uvrwbt8dy3"}
