{"type":"operationStart","subtype":"profile","data":{"_id":"HdpA0Hh4RME7VK1e","timestamp":"2024-01-14T17:56:44.996Z","state":"queued","mode":"standard","creationDate":"2024-01-14T17:56:45.002Z","modificationDate":"2024-01-14T17:56:45.002Z","shortid":"8VtyZZM","$entitySet":"profiles"},"doDiffs":false,"timestamp":1705255004998,"id":"2u36d9hnzh2cl1b","previousOperationId":null,"operationId":"opc717heaagwqa4"}
{"type":"log","level":"info","message":"Render request 1 queued for execution and waiting for available worker","previousOperationId":"opc717heaagwqa4","timestamp":1705255005000,"id":"xgqjww7nom7a0fi"}
{"type":"operationStart","subtype":"render","name":"orders-main","previousOperationId":"opc717heaagwqa4","timestamp":1705255005039,"id":"40tgugg3afs2b2v","previousEventId":"2u36d9hnzh2cl1b","operationId":"wbze8c7gsrvru89"}
{"type":"log","timestamp":1705255005040,"level":"info","message":"Starting rendering request 1","meta":{"rootId":"9ca59fhzz34vbai","id":"9ca59fhzz34vbai"},"id":"jw42mh6p92jsh08","previousOperationId":"wbze8c7gsrvru89"}
{"type":"log","timestamp":1705255005040,"level":"info","message":"Rendering template { name: orders-main, recipe: chrome-pdf, engine: handlebars, preview: true }","meta":{"rootId":"9ca59fhzz34vbai","id":"9ca59fhzz34vbai"},"id":"yjoud616dr2lsd4","previousOperationId":"wbze8c7gsrvru89"}
{"type":"log","timestamp":1705255005043,"level":"debug","message":"Data item not defined for this template.","meta":{"rootId":"9ca59fhzz34vbai","id":"9ca59fhzz34vbai"},"id":"lu07saz8xpernyz","previousOperationId":"wbze8c7gsrvru89"}
{"type":"log","timestamp":1705255005049,"level":"debug","message":"Executing script orders-script (beforeRender)","meta":{"rootId":"9ca59fhzz34vbai","id":"9ca59fhzz34vbai"},"id":"ueaqgjs3bd2x5me","previousOperationId":"wbze8c7gsrvru89"}
{"type":"operationStart","subtype":"scriptsBeforeRender","name":"scripts beforeRender","timestamp":1705255005443,"id":"tjuuyc7z0fd6av7","previousEventId":"40tgugg3afs2b2v","operationId":"83bhkj3jgysczb3","previousOperationId":"wbze8c7gsrvru89"}
{"type":"operationStart","subtype":"script","name":"scripts orders-script","previousOperationId":"83bhkj3jgysczb3","timestamp":1705255005443,"id":"xj53nbodc6pg7y2","previousEventId":"tjuuyc7z0fd6av7","operationId":"2f8q7stzc9rvyb1"}
{"type":"operationEnd","operationId":"2f8q7stzc9rvyb1","timestamp":1705255005473,"id":"uwwnbtrswvi2r9d","previousEventId":"40tgugg3afs2b2v","previousOperationId":"wbze8c7gsrvru89"}
{"type":"operationEnd","operationId":"83bhkj3jgysczb3","timestamp":1705255005473,"id":"hietis1wphjjyus","previousEventId":"uwwnbtrswvi2r9d","previousOperationId":"wbze8c7gsrvru89"}
{"type":"log","timestamp":1705255005473,"level":"debug","message":"Base url not specified, skipping its injection.","meta":{"rootId":"9ca59fhzz34vbai","id":"9ca59fhzz34vbai"},"id":"6eth92fqfbyafl7","previousOperationId":"83bhkj3jgysczb3"}
{"type":"operationStart","subtype":"engine","name":"handlebars","timestamp":1705255005474,"id":"4ol6p95kjisfx9u","previousEventId":"hietis1wphjjyus","operationId":"au2xhk6gphieurf","previousOperationId":"83bhkj3jgysczb3"}
{"type":"log","timestamp":1705255005474,"level":"debug","message":"Rendering engine handlebars","meta":{"rootId":"9ca59fhzz34vbai","id":"9ca59fhzz34vbai"},"id":"odw2pcq2j3wgjt1","previousOperationId":"au2xhk6gphieurf"}
{"type":"operationEnd","operationId":"au2xhk6gphieurf","timestamp":1705255005834,"id":"rs4ztm92y9curnz","previousEventId":"4ol6p95kjisfx9u","previousOperationId":"au2xhk6gphieurf"}
{"type":"operationStart","subtype":"recipe","name":"chrome-pdf","timestamp":1705255005834,"id":"6ukc8v9k5ya04uh","previousEventId":"rs4ztm92y9curnz","operationId":"bvmy1k9kasd61ty","previousOperationId":"au2xhk6gphieurf"}
{"type":"log","timestamp":1705255005834,"level":"debug","message":"Executing recipe chrome-pdf","meta":{"rootId":"9ca59fhzz34vbai","id":"9ca59fhzz34vbai"},"id":"wf6dztfqfxe56mo","previousOperationId":"bvmy1k9kasd61ty"}
{"type":"log","timestamp":1705255006565,"level":"debug","message":"Converting with chrome HeadlessChrome/117.0.5938.149 using chrome-pool strategy","meta":{"rootId":"9ca59fhzz34vbai","id":"9ca59fhzz34vbai"},"id":"ba5lvubwqc7dn8k","previousOperationId":"bvmy1k9kasd61ty"}
{"type":"log","timestamp":1705255006781,"level":"debug","message":"Page request: GET (document) file:///C:/Users/arida/AppData/Local/Temp/jsreport/autocleanup/eb97410d-ed10-4fa1-894b-b8b57463a26c-chrome-pdf.html","meta":{"rootId":"9ca59fhzz34vbai","id":"9ca59fhzz34vbai"},"id":"k1hxht50do5cf5v","previousOperationId":"bvmy1k9kasd61ty"}
{"type":"log","timestamp":1705255006802,"level":"debug","message":"Page request finished: GET (document) 200 file:///C:/Users/arida/AppData/Local/Temp/jsreport/autocleanup/eb97410d-ed10-4fa1-894b-b8b57463a26c-chrome-pdf.html","meta":{"rootId":"9ca59fhzz34vbai","id":"9ca59fhzz34vbai"},"id":"ckcjozrje3rzlf9","previousOperationId":"bvmy1k9kasd61ty"}
{"type":"log","timestamp":1705255006802,"level":"debug","message":"Page request: GET (stylesheet) https://cdnjs.cloudflare.com/ajax/libs/metro/4.1.5/css/metro.min.css","meta":{"rootId":"9ca59fhzz34vbai","id":"9ca59fhzz34vbai"},"id":"n5t3eywd5jvsbj5","previousOperationId":"bvmy1k9kasd61ty"}
{"type":"log","timestamp":1705255006803,"level":"debug","message":"Page request: GET (script) https://cdnjs.cloudflare.com/ajax/libs/Chart.js/2.7.2/Chart.min.js","meta":{"rootId":"9ca59fhzz34vbai","id":"9ca59fhzz34vbai"},"id":"74lkmy6cm6nn7pd","previousOperationId":"bvmy1k9kasd61ty"}
{"type":"log","timestamp":1705255007065,"level":"debug","message":"Page request finished: GET (stylesheet) 200 https://cdnjs.cloudflare.com/ajax/libs/metro/4.1.5/css/metro.min.css","meta":{"rootId":"9ca59fhzz34vbai","id":"9ca59fhzz34vbai"},"id":"2bt3sxz777y4411","previousOperationId":"bvmy1k9kasd61ty"}
{"type":"log","timestamp":1705255007094,"level":"debug","message":"Page request finished: GET (script) 200 https://cdnjs.cloudflare.com/ajax/libs/Chart.js/2.7.2/Chart.min.js","meta":{"rootId":"9ca59fhzz34vbai","id":"9ca59fhzz34vbai"},"id":"7v9q8j0eim031ai","previousOperationId":"bvmy1k9kasd61ty"}
{"type":"log","timestamp":1705255007129,"level":"debug","message":"Running chrome with params {\"printBackground\":true,\"marginTop\":\"4cm\",\"marginRight\":\"1.5cm\",\"marginBottom\":\"1.5cm\",\"marginLeft\":\"1.5cm\",\"waitForJS\":false,\"timeout\":58661,\"margin\":{\"top\":\"4cm\",\"right\":\"1.5cm\",\"bottom\":\"1.5cm\",\"left\":\"1.5cm\"}}","meta":{"rootId":"9ca59fhzz34vbai","id":"9ca59fhzz34vbai"},"id":"dhc3wkwogferifx","previousOperationId":"bvmy1k9kasd61ty"}
{"type":"operationEnd","operationId":"bvmy1k9kasd61ty","timestamp":1705255007173,"id":"ljo867spwinrg1p","previousEventId":"6ukc8v9k5ya04uh","previousOperationId":"bvmy1k9kasd61ty"}
{"type":"log","timestamp":1705255007173,"level":"info","message":"pdf-utils is starting pdf processing","meta":{"rootId":"9ca59fhzz34vbai","id":"9ca59fhzz34vbai"},"id":"mmq2h2evw8qixr9","previousOperationId":"bvmy1k9kasd61ty"}
{"type":"operationStart","subtype":"pdfUtils","name":"pdf utils","timestamp":1705255007426,"id":"3l37b61tf2xpc6u","previousEventId":"ljo867spwinrg1p","operationId":"coepazfc4zrl5bj","previousOperationId":"bvmy1k9kasd61ty"}
{"type":"log","timestamp":1705255007426,"level":"debug","message":"pdf-utils detected 1 pdf operation(s) to process","meta":{"rootId":"9ca59fhzz34vbai","id":"9ca59fhzz34vbai"},"id":"v8oihko6x32dhuo","previousOperationId":"coepazfc4zrl5bj"}
{"type":"log","timestamp":1705255007657,"level":"debug","message":"pdf-utils running pdf operation merge","meta":{"rootId":"9ca59fhzz34vbai","id":"9ca59fhzz34vbai"},"id":"s36yxektworgeqz","previousOperationId":"coepazfc4zrl5bj"}
{"type":"operationStart","subtype":"pdfUtilsMerge","name":"pdf utils merge","previousOperationId":"coepazfc4zrl5bj","timestamp":1705255007657,"id":"kozl81p26v1kxcj","previousEventId":"3l37b61tf2xpc6u","operationId":"3nkiv2rxx4p1lxw"}
{"type":"operationStart","subtype":"render","name":"orders-header","previousOperationId":"3nkiv2rxx4p1lxw","timestamp":1705255007663,"id":"zk8mvnunjlyshpa","previousEventId":"kozl81p26v1kxcj","operationId":"1lbaagmhg73ute0"}
{"type":"log","timestamp":1705255007663,"level":"info","message":"Starting rendering (child) request","meta":{"rootId":"9ca59fhzz34vbai","id":"ghxqq30nuekwyjq"},"id":"s37y1ew9bq7fj93","previousOperationId":"1lbaagmhg73ute0"}
{"type":"log","timestamp":1705255007663,"level":"info","message":"Rendering template { name: orders-header, recipe: chrome-pdf, engine: handlebars, preview: true }","meta":{"rootId":"9ca59fhzz34vbai","id":"ghxqq30nuekwyjq"},"id":"51jlur3n7l94oyl","previousOperationId":"1lbaagmhg73ute0"}
{"type":"log","timestamp":1705255007670,"level":"debug","message":"Inline data specified.","meta":{"rootId":"9ca59fhzz34vbai","id":"ghxqq30nuekwyjq"},"id":"ltz26q1dmb1d9t3","previousOperationId":"1lbaagmhg73ute0"}
{"type":"log","timestamp":1705255007672,"level":"debug","message":"Base url not specified, skipping its injection.","meta":{"rootId":"9ca59fhzz34vbai","id":"ghxqq30nuekwyjq"},"id":"7elhmpsjln15a04","previousOperationId":"1lbaagmhg73ute0"}
{"type":"operationStart","subtype":"engine","name":"handlebars","timestamp":1705255007673,"id":"yyhmuu1o8z02n2h","previousEventId":"zk8mvnunjlyshpa","operationId":"ntrt16vpjpufsuq","previousOperationId":"1lbaagmhg73ute0"}
{"type":"log","timestamp":1705255007673,"level":"debug","message":"Rendering engine handlebars","meta":{"rootId":"9ca59fhzz34vbai","id":"ghxqq30nuekwyjq"},"id":"uzdcjr35wwv0ii9","previousOperationId":"ntrt16vpjpufsuq"}
{"type":"operationEnd","operationId":"ntrt16vpjpufsuq","timestamp":1705255007726,"id":"3wpdy8ojna1grki","previousEventId":"yyhmuu1o8z02n2h","previousOperationId":"ntrt16vpjpufsuq"}
{"type":"operationStart","subtype":"recipe","name":"chrome-pdf","timestamp":1705255007726,"id":"ozap3tn37j8eieq","previousEventId":"3wpdy8ojna1grki","operationId":"f2wg82k1a8o3h0f","previousOperationId":"ntrt16vpjpufsuq"}
{"type":"log","timestamp":1705255007726,"level":"debug","message":"Executing recipe chrome-pdf","meta":{"rootId":"9ca59fhzz34vbai","id":"ghxqq30nuekwyjq"},"id":"j8sw0j4mvppummb","previousOperationId":"f2wg82k1a8o3h0f"}
{"type":"log","timestamp":1705255007729,"level":"debug","message":"Converting with chrome HeadlessChrome/117.0.5938.149 using chrome-pool strategy","meta":{"rootId":"9ca59fhzz34vbai","id":"ghxqq30nuekwyjq"},"id":"hsy4f25ilcvk9f5","previousOperationId":"f2wg82k1a8o3h0f"}
{"type":"log","timestamp":1705255007855,"level":"debug","message":"Page request: GET (document) file:///C:/Users/arida/AppData/Local/Temp/jsreport/autocleanup/1bfb5e5d-7cf6-4a1f-a0f7-fe35f93e380e-chrome-pdf.html","meta":{"rootId":"9ca59fhzz34vbai","id":"ghxqq30nuekwyjq"},"id":"e2gzj665eo7lmvf","previousOperationId":"f2wg82k1a8o3h0f"}
{"type":"log","timestamp":1705255007867,"level":"debug","message":"Page request: GET (stylesheet) https://cdnjs.cloudflare.com/ajax/libs/metro/4.1.5/css/metro.min.css","meta":{"rootId":"9ca59fhzz34vbai","id":"ghxqq30nuekwyjq"},"id":"c7gesjq016k7y58","previousOperationId":"f2wg82k1a8o3h0f"}
{"type":"log","timestamp":1705255007868,"level":"debug","message":"Page request finished: GET (document) 200 file:///C:/Users/arida/AppData/Local/Temp/jsreport/autocleanup/1bfb5e5d-7cf6-4a1f-a0f7-fe35f93e380e-chrome-pdf.html","meta":{"rootId":"9ca59fhzz34vbai","id":"ghxqq30nuekwyjq"},"id":"qjbyizb0gswzoyd","previousOperationId":"f2wg82k1a8o3h0f"}
{"type":"log","timestamp":1705255007894,"level":"debug","message":"Page request finished: GET (stylesheet) 200 https://cdnjs.cloudflare.com/ajax/libs/metro/4.1.5/css/metro.min.css","meta":{"rootId":"9ca59fhzz34vbai","id":"ghxqq30nuekwyjq"},"id":"8mutyg884v0fvmi","previousOperationId":"f2wg82k1a8o3h0f"}
{"type":"log","timestamp":1705255007915,"level":"debug","message":"Running chrome with params {\"printBackground\":true,\"marginTop\":\"1.5cm\",\"marginRight\":\"1.5cm\",\"marginLeft\":\"1.cm\",\"timeout\":57267,\"margin\":{\"top\":\"1.5cm\",\"right\":\"1.5cm\",\"left\":\"1.cm\"}}","meta":{"rootId":"9ca59fhzz34vbai","id":"ghxqq30nuekwyjq"},"id":"e3ryhsnkfe8k2qt","previousOperationId":"f2wg82k1a8o3h0f"}
{"type":"operationEnd","operationId":"f2wg82k1a8o3h0f","timestamp":1705255007960,"id":"cot9scv19lqyocm","previousEventId":"ozap3tn37j8eieq","previousOperationId":"f2wg82k1a8o3h0f"}
{"type":"log","timestamp":1705255007961,"level":"debug","message":"Skipping storing report.","meta":{"rootId":"9ca59fhzz34vbai","id":"ghxqq30nuekwyjq"},"id":"m9yruz6ngzqch9j","previousOperationId":"f2wg82k1a8o3h0f"}
{"type":"log","timestamp":1705255007961,"level":"info","message":"Rendering (child) request finished in 2966 ms","meta":{"rootId":"9ca59fhzz34vbai","id":"ghxqq30nuekwyjq"},"id":"7e2dnt0faux9hfj","previousOperationId":"f2wg82k1a8o3h0f"}
{"type":"operationEnd","subtype":"render","operationId":"1lbaagmhg73ute0","timestamp":1705255007961,"id":"ca2ulus0d8idg5x","previousEventId":"cot9scv19lqyocm","previousOperationId":"f2wg82k1a8o3h0f"}
{"type":"operationEnd","operationId":"3nkiv2rxx4p1lxw","timestamp":1705255007981,"id":"zjipx471ftfpz7f","previousEventId":"kozl81p26v1kxcj","previousOperationId":"3nkiv2rxx4p1lxw"}
{"type":"log","timestamp":1705255007981,"level":"debug","message":"pdf-utils postproces start","meta":{"rootId":"9ca59fhzz34vbai","id":"9ca59fhzz34vbai"},"id":"380o9wapw3getm8","previousOperationId":"3nkiv2rxx4p1lxw"}
{"type":"log","timestamp":1705255007991,"level":"debug","message":"pdf-utils postproces end","meta":{"rootId":"9ca59fhzz34vbai","id":"9ca59fhzz34vbai"},"id":"xhxwrcgv9p9hqyh","previousOperationId":"3nkiv2rxx4p1lxw"}
{"type":"operationEnd","operationId":"coepazfc4zrl5bj","timestamp":1705255007991,"id":"e1oy7as569kiu1z","previousEventId":"zjipx471ftfpz7f","previousOperationId":"3nkiv2rxx4p1lxw"}
{"type":"log","timestamp":1705255007991,"level":"info","message":"pdf-utils pdf processing was finished","meta":{"rootId":"9ca59fhzz34vbai","id":"9ca59fhzz34vbai"},"id":"0shpn5j2x40u0fm","previousOperationId":"coepazfc4zrl5bj"}
{"type":"log","timestamp":1705255007991,"level":"debug","message":"Skipping storing report.","meta":{"rootId":"9ca59fhzz34vbai","id":"9ca59fhzz34vbai"},"id":"9su7po27besnzoh","previousOperationId":"coepazfc4zrl5bj"}
{"type":"log","timestamp":1705255007991,"level":"info","message":"Rendering request 1 finished in 2996 ms","meta":{"rootId":"9ca59fhzz34vbai","id":"9ca59fhzz34vbai"},"id":"1bo3nk95vpmkb0k","previousOperationId":"coepazfc4zrl5bj"}
{"type":"operationEnd","subtype":"render","operationId":"wbze8c7gsrvru89","timestamp":1705255007991,"id":"gbj30a3n2785xve","previousEventId":"e1oy7as569kiu1z","previousOperationId":"coepazfc4zrl5bj"}
{"type":"operationEnd","doDiffs":false,"previousEventId":"2u36d9hnzh2cl1b","previousOperationId":"opc717heaagwqa4","operationId":"opc717heaagwqa4","timestamp":1705255008008,"id":"4qwpqla7vu0vvkj"}
