{"type":"operationStart","subtype":"profile","data":{"_id":"KZ3upsrEYF52WXr7","timestamp":"2024-01-14T17:44:29.161Z","state":"queued","mode":"standard","creationDate":"2024-01-14T17:44:29.165Z","modificationDate":"2024-01-14T17:44:29.165Z","shortid":"mBf5QXa","$entitySet":"profiles"},"doDiffs":false,"timestamp":1705254269163,"id":"5483ycn3c64zama","previousOperationId":null,"operationId":"25inc7nsdmk9400"}
{"type":"log","level":"info","message":"Render request 1 queued for execution and waiting for available worker","previousOperationId":"25inc7nsdmk9400","timestamp":1705254269164,"id":"u9k1wy42byq5104"}
{"type":"operationStart","subtype":"render","name":"orders-main","previousOperationId":"25inc7nsdmk9400","timestamp":1705254269198,"id":"vydotz62hqcifai","previousEventId":"5483ycn3c64zama","operationId":"bm7r52a9ub9uz0z"}
{"type":"log","timestamp":1705254269199,"level":"info","message":"Starting rendering request 1","meta":{"rootId":"9uyegoceras32sk","id":"9uyegoceras32sk"},"id":"f7qerl0b24w1bnw","previousOperationId":"bm7r52a9ub9uz0z"}
{"type":"log","timestamp":1705254269200,"level":"info","message":"Rendering template { name: orders-main, recipe: chrome-pdf, engine: handlebars, preview: true }","meta":{"rootId":"9uyegoceras32sk","id":"9uyegoceras32sk"},"id":"bhxmiqggsmzadfw","previousOperationId":"bm7r52a9ub9uz0z"}
{"type":"log","timestamp":1705254269212,"level":"debug","message":"Data item not defined for this template.","meta":{"rootId":"9uyegoceras32sk","id":"9uyegoceras32sk"},"id":"mzoea3kylj56qku","previousOperationId":"bm7r52a9ub9uz0z"}
{"type":"log","timestamp":1705254269221,"level":"debug","message":"Executing script orders-script (beforeRender)","meta":{"rootId":"9uyegoceras32sk","id":"9uyegoceras32sk"},"id":"r6s4yhdu2n8h4j6","previousOperationId":"bm7r52a9ub9uz0z"}
{"type":"operationStart","subtype":"scriptsBeforeRender","name":"scripts beforeRender","timestamp":1705254269671,"id":"9peamw3xxtdfbn3","previousEventId":"vydotz62hqcifai","operationId":"hfu2o03csbbvk2t","previousOperationId":"bm7r52a9ub9uz0z"}
{"type":"operationStart","subtype":"script","name":"scripts orders-script","previousOperationId":"hfu2o03csbbvk2t","timestamp":1705254269671,"id":"mvj0a4mtgnhtrnr","previousEventId":"9peamw3xxtdfbn3","operationId":"xzyphjtukd8obw4"}
{"type":"log","timestamp":1705254269705,"level":"debug","message":"(console:error) Error al obtener pedidos: El formato de la respuesta no es el esperado.","meta":{"userLevel":true,"rootId":"9uyegoceras32sk","id":"9uyegoceras32sk"},"id":"ozi5ye763j0mnfm","previousOperationId":"xzyphjtukd8obw4"}
{"type":"operationEnd","operationId":"xzyphjtukd8obw4","timestamp":1705254269706,"id":"9d71md6kfuyivtm","previousEventId":"vydotz62hqcifai","previousOperationId":"bm7r52a9ub9uz0z"}
{"type":"operationEnd","operationId":"hfu2o03csbbvk2t","timestamp":1705254269706,"id":"5nfb762s7wqpjhk","previousEventId":"9d71md6kfuyivtm","previousOperationId":"bm7r52a9ub9uz0z"}
{"type":"log","timestamp":1705254269707,"level":"debug","message":"Base url not specified, skipping its injection.","meta":{"rootId":"9uyegoceras32sk","id":"9uyegoceras32sk"},"id":"sle6cn23jpy9yz9","previousOperationId":"hfu2o03csbbvk2t"}
{"type":"operationStart","subtype":"engine","name":"handlebars","timestamp":1705254269708,"id":"y5nh0dtq955zg6o","previousEventId":"5nfb762s7wqpjhk","operationId":"lmnx00wvt96dv4r","previousOperationId":"hfu2o03csbbvk2t"}
{"type":"log","timestamp":1705254269708,"level":"debug","message":"Rendering engine handlebars","meta":{"rootId":"9uyegoceras32sk","id":"9uyegoceras32sk"},"id":"86cmpxtj37xzd4z","previousOperationId":"lmnx00wvt96dv4r"}
{"type":"operationEnd","operationId":"lmnx00wvt96dv4r","timestamp":1705254270086,"id":"vzcp2ur6z59xf34","previousEventId":"y5nh0dtq955zg6o","previousOperationId":"lmnx00wvt96dv4r"}
{"type":"operationStart","subtype":"recipe","name":"chrome-pdf","timestamp":1705254270087,"id":"dvx4t190thbghw3","previousEventId":"vzcp2ur6z59xf34","operationId":"rp77hrv0lv8m9dw","previousOperationId":"lmnx00wvt96dv4r"}
{"type":"log","timestamp":1705254270087,"level":"debug","message":"Executing recipe chrome-pdf","meta":{"rootId":"9uyegoceras32sk","id":"9uyegoceras32sk"},"id":"0kvn4y251a0hja4","previousOperationId":"rp77hrv0lv8m9dw"}
{"type":"log","timestamp":1705254270853,"level":"debug","message":"Converting with chrome HeadlessChrome/117.0.5938.149 using chrome-pool strategy","meta":{"rootId":"9uyegoceras32sk","id":"9uyegoceras32sk"},"id":"gborrtav7sd91av","previousOperationId":"rp77hrv0lv8m9dw"}
{"type":"log","timestamp":1705254271084,"level":"debug","message":"Page request: GET (document) file:///C:/Users/arida/AppData/Local/Temp/jsreport/autocleanup/1cbdf2f4-e543-41b6-ab80-73cd2f04d78f-chrome-pdf.html","meta":{"rootId":"9uyegoceras32sk","id":"9uyegoceras32sk"},"id":"l7zledb8piibyh0","previousOperationId":"rp77hrv0lv8m9dw"}
{"type":"log","timestamp":1705254271096,"level":"debug","message":"Page request: GET (stylesheet) https://cdnjs.cloudflare.com/ajax/libs/metro/4.1.5/css/metro.min.css","meta":{"rootId":"9uyegoceras32sk","id":"9uyegoceras32sk"},"id":"ty4l16pl9n0dc3n","previousOperationId":"rp77hrv0lv8m9dw"}
{"type":"log","timestamp":1705254271096,"level":"debug","message":"Page request: GET (script) https://cdnjs.cloudflare.com/ajax/libs/Chart.js/2.7.2/Chart.min.js","meta":{"rootId":"9uyegoceras32sk","id":"9uyegoceras32sk"},"id":"kude4nh0wdlgwpr","previousOperationId":"rp77hrv0lv8m9dw"}
{"type":"log","timestamp":1705254271097,"level":"debug","message":"Page request finished: GET (document) 200 file:///C:/Users/arida/AppData/Local/Temp/jsreport/autocleanup/1cbdf2f4-e543-41b6-ab80-73cd2f04d78f-chrome-pdf.html","meta":{"rootId":"9uyegoceras32sk","id":"9uyegoceras32sk"},"id":"c6cvgpk28bi8dyg","previousOperationId":"rp77hrv0lv8m9dw"}
{"type":"log","timestamp":1705254273623,"level":"debug","message":"Page request finished: GET (script) 200 https://cdnjs.cloudflare.com/ajax/libs/Chart.js/2.7.2/Chart.min.js","meta":{"rootId":"9uyegoceras32sk","id":"9uyegoceras32sk"},"id":"qendy712rkahxdg","previousOperationId":"rp77hrv0lv8m9dw"}
{"type":"log","timestamp":1705254273682,"level":"debug","message":"Page request finished: GET (stylesheet) 200 https://cdnjs.cloudflare.com/ajax/libs/metro/4.1.5/css/metro.min.css","meta":{"rootId":"9uyegoceras32sk","id":"9uyegoceras32sk"},"id":"br4r9t9b6knzony","previousOperationId":"rp77hrv0lv8m9dw"}
{"type":"log","timestamp":1705254273702,"level":"debug","message":"Running chrome with params {\"printBackground\":true,\"marginTop\":\"4cm\",\"marginRight\":\"1.5cm\",\"marginBottom\":\"1.5cm\",\"marginLeft\":\"1.5cm\",\"waitForJS\":false,\"timeout\":58522,\"margin\":{\"top\":\"4cm\",\"right\":\"1.5cm\",\"bottom\":\"1.5cm\",\"left\":\"1.5cm\"}}","meta":{"rootId":"9uyegoceras32sk","id":"9uyegoceras32sk"},"id":"higt4diljljavut","previousOperationId":"rp77hrv0lv8m9dw"}
{"type":"operationEnd","operationId":"rp77hrv0lv8m9dw","timestamp":1705254273736,"id":"myvacxo4nl5x3y4","previousEventId":"dvx4t190thbghw3","previousOperationId":"rp77hrv0lv8m9dw"}
{"type":"log","timestamp":1705254273737,"level":"info","message":"pdf-utils is starting pdf processing","meta":{"rootId":"9uyegoceras32sk","id":"9uyegoceras32sk"},"id":"qbv7pmmyri09l3x","previousOperationId":"rp77hrv0lv8m9dw"}
{"type":"operationStart","subtype":"pdfUtils","name":"pdf utils","timestamp":1705254273968,"id":"ocoxfggznhusvz8","previousEventId":"myvacxo4nl5x3y4","operationId":"bf9widkcnwoft8h","previousOperationId":"rp77hrv0lv8m9dw"}
{"type":"log","timestamp":1705254273968,"level":"debug","message":"pdf-utils detected 1 pdf operation(s) to process","meta":{"rootId":"9uyegoceras32sk","id":"9uyegoceras32sk"},"id":"5sjtuphl7qnd99r","previousOperationId":"bf9widkcnwoft8h"}
{"type":"log","timestamp":1705254274166,"level":"debug","message":"pdf-utils running pdf operation merge","meta":{"rootId":"9uyegoceras32sk","id":"9uyegoceras32sk"},"id":"aic168e5sv2bu63","previousOperationId":"bf9widkcnwoft8h"}
{"type":"operationStart","subtype":"pdfUtilsMerge","name":"pdf utils merge","previousOperationId":"bf9widkcnwoft8h","timestamp":1705254274166,"id":"tobnxhtd7u17twh","previousEventId":"ocoxfggznhusvz8","operationId":"tgvgp9n5m91uwbc"}
{"type":"operationStart","subtype":"render","name":"orders-header","previousOperationId":"tgvgp9n5m91uwbc","timestamp":1705254274172,"id":"c81dk5fcmge43mi","previousEventId":"tobnxhtd7u17twh","operationId":"c1yhveuoihz8ttf"}
{"type":"log","timestamp":1705254274172,"level":"info","message":"Starting rendering (child) request","meta":{"rootId":"9uyegoceras32sk","id":"g03vbh4ook7glk5"},"id":"7x5zdxcpn9q7so7","previousOperationId":"c1yhveuoihz8ttf"}
{"type":"log","timestamp":1705254274172,"level":"info","message":"Rendering template { name: orders-header, recipe: chrome-pdf, engine: handlebars, preview: true }","meta":{"rootId":"9uyegoceras32sk","id":"g03vbh4ook7glk5"},"id":"dh22d8wdqnsryni","previousOperationId":"c1yhveuoihz8ttf"}
{"type":"log","timestamp":1705254274182,"level":"debug","message":"Inline data specified.","meta":{"rootId":"9uyegoceras32sk","id":"g03vbh4ook7glk5"},"id":"ac3e0m86dxn2awf","previousOperationId":"c1yhveuoihz8ttf"}
{"type":"log","timestamp":1705254274185,"level":"debug","message":"Base url not specified, skipping its injection.","meta":{"rootId":"9uyegoceras32sk","id":"g03vbh4ook7glk5"},"id":"wof56o7a4ewe9iv","previousOperationId":"c1yhveuoihz8ttf"}
{"type":"operationStart","subtype":"engine","name":"handlebars","timestamp":1705254274185,"id":"v9slxlnx6fzt7j4","previousEventId":"c81dk5fcmge43mi","operationId":"koqbok5gfztjdns","previousOperationId":"c1yhveuoihz8ttf"}
{"type":"log","timestamp":1705254274185,"level":"debug","message":"Rendering engine handlebars","meta":{"rootId":"9uyegoceras32sk","id":"g03vbh4ook7glk5"},"id":"l6c6e0zq92zi4hm","previousOperationId":"koqbok5gfztjdns"}
{"type":"operationEnd","operationId":"koqbok5gfztjdns","timestamp":1705254274258,"id":"xwlxl8herzcgj9j","previousEventId":"v9slxlnx6fzt7j4","previousOperationId":"koqbok5gfztjdns"}
{"type":"operationStart","subtype":"recipe","name":"chrome-pdf","timestamp":1705254274259,"id":"d1wx1otcvs4glz9","previousEventId":"xwlxl8herzcgj9j","operationId":"y4mir94foc005pk","previousOperationId":"koqbok5gfztjdns"}
{"type":"log","timestamp":1705254274259,"level":"debug","message":"Executing recipe chrome-pdf","meta":{"rootId":"9uyegoceras32sk","id":"g03vbh4ook7glk5"},"id":"yw62414gzzm5k50","previousOperationId":"y4mir94foc005pk"}
{"type":"log","timestamp":1705254274266,"level":"debug","message":"Converting with chrome HeadlessChrome/117.0.5938.149 using chrome-pool strategy","meta":{"rootId":"9uyegoceras32sk","id":"g03vbh4ook7glk5"},"id":"c6cjj1dgm69sncw","previousOperationId":"y4mir94foc005pk"}
{"type":"log","timestamp":1705254274393,"level":"debug","message":"Page request: GET (document) file:///C:/Users/arida/AppData/Local/Temp/jsreport/autocleanup/3517e977-d964-4981-80ea-654b518d9d63-chrome-pdf.html","meta":{"rootId":"9uyegoceras32sk","id":"g03vbh4ook7glk5"},"id":"ibinqhl596lr1u0","previousOperationId":"y4mir94foc005pk"}
{"type":"log","timestamp":1705254274404,"level":"debug","message":"Page request: GET (stylesheet) https://cdnjs.cloudflare.com/ajax/libs/metro/4.1.5/css/metro.min.css","meta":{"rootId":"9uyegoceras32sk","id":"g03vbh4ook7glk5"},"id":"intv5x4ltl5qa7i","previousOperationId":"y4mir94foc005pk"}
{"type":"log","timestamp":1705254274405,"level":"debug","message":"Page request finished: GET (document) 200 file:///C:/Users/arida/AppData/Local/Temp/jsreport/autocleanup/3517e977-d964-4981-80ea-654b518d9d63-chrome-pdf.html","meta":{"rootId":"9uyegoceras32sk","id":"g03vbh4ook7glk5"},"id":"0blpm254eo6d4hd","previousOperationId":"y4mir94foc005pk"}
{"type":"log","timestamp":1705254274430,"level":"debug","message":"Page request finished: GET (stylesheet) 200 https://cdnjs.cloudflare.com/ajax/libs/metro/4.1.5/css/metro.min.css","meta":{"rootId":"9uyegoceras32sk","id":"g03vbh4ook7glk5"},"id":"c17d1p535kedcyp","previousOperationId":"y4mir94foc005pk"}
{"type":"log","timestamp":1705254274451,"level":"debug","message":"Running chrome with params {\"printBackground\":true,\"marginTop\":\"1.5cm\",\"marginRight\":\"1.5cm\",\"marginLeft\":\"1.cm\",\"timeout\":54899,\"margin\":{\"top\":\"1.5cm\",\"right\":\"1.5cm\",\"left\":\"1.cm\"}}","meta":{"rootId":"9uyegoceras32sk","id":"g03vbh4ook7glk5"},"id":"3c89ichyj0fancm","previousOperationId":"y4mir94foc005pk"}
{"type":"operationEnd","operationId":"y4mir94foc005pk","timestamp":1705254274486,"id":"plsj0gxo3t3earu","previousEventId":"d1wx1otcvs4glz9","previousOperationId":"y4mir94foc005pk"}
{"type":"log","timestamp":1705254274487,"level":"debug","message":"Skipping storing report.","meta":{"rootId":"9uyegoceras32sk","id":"g03vbh4ook7glk5"},"id":"giu1el058uxcwx7","previousOperationId":"y4mir94foc005pk"}
{"type":"log","timestamp":1705254274487,"level":"info","message":"Rendering (child) request finished in 5326 ms","meta":{"rootId":"9uyegoceras32sk","id":"g03vbh4ook7glk5"},"id":"6ulowlpb1o25lbi","previousOperationId":"y4mir94foc005pk"}
{"type":"operationEnd","subtype":"render","operationId":"c1yhveuoihz8ttf","timestamp":1705254274488,"id":"hu09qizn8msaf26","previousEventId":"plsj0gxo3t3earu","previousOperationId":"y4mir94foc005pk"}
{"type":"operationEnd","operationId":"tgvgp9n5m91uwbc","timestamp":1705254274505,"id":"sf17zmcxbpj1sp9","previousEventId":"tobnxhtd7u17twh","previousOperationId":"tgvgp9n5m91uwbc"}
{"type":"log","timestamp":1705254274505,"level":"debug","message":"pdf-utils postproces start","meta":{"rootId":"9uyegoceras32sk","id":"9uyegoceras32sk"},"id":"v10304twjiw1yok","previousOperationId":"tgvgp9n5m91uwbc"}
{"type":"log","timestamp":1705254274517,"level":"debug","message":"pdf-utils postproces end","meta":{"rootId":"9uyegoceras32sk","id":"9uyegoceras32sk"},"id":"ft1b7q7vbr5vp6c","previousOperationId":"tgvgp9n5m91uwbc"}
{"type":"operationEnd","operationId":"bf9widkcnwoft8h","timestamp":1705254274517,"id":"gno7ccwwdabee1d","previousEventId":"sf17zmcxbpj1sp9","previousOperationId":"tgvgp9n5m91uwbc"}
{"type":"log","timestamp":1705254274517,"level":"info","message":"pdf-utils pdf processing was finished","meta":{"rootId":"9uyegoceras32sk","id":"9uyegoceras32sk"},"id":"cplfi089rg5p4pa","previousOperationId":"bf9widkcnwoft8h"}
{"type":"log","timestamp":1705254274517,"level":"debug","message":"Skipping storing report.","meta":{"rootId":"9uyegoceras32sk","id":"9uyegoceras32sk"},"id":"kii8rb4buzbg1tt","previousOperationId":"bf9widkcnwoft8h"}
{"type":"log","timestamp":1705254274517,"level":"info","message":"Rendering request 1 finished in 5356 ms","meta":{"rootId":"9uyegoceras32sk","id":"9uyegoceras32sk"},"id":"53eqhujj9hkpbfi","previousOperationId":"bf9widkcnwoft8h"}
{"type":"operationEnd","subtype":"render","operationId":"bm7r52a9ub9uz0z","timestamp":1705254274517,"id":"8dyvka0kqztbr13","previousEventId":"gno7ccwwdabee1d","previousOperationId":"bf9widkcnwoft8h"}
{"type":"operationEnd","doDiffs":false,"previousEventId":"5483ycn3c64zama","previousOperationId":"25inc7nsdmk9400","operationId":"25inc7nsdmk9400","timestamp":1705254274530,"id":"l6pyne47o2wbf6x"}
