{"type":"operationStart","subtype":"profile","data":{"_id":"3vKf4z0xEVbcdZOr","timestamp":"2024-01-14T17:53:13.465Z","state":"queued","mode":"standard","creationDate":"2024-01-14T17:53:13.469Z","modificationDate":"2024-01-14T17:53:13.469Z","shortid":"ckYcW1X","$entitySet":"profiles"},"doDiffs":false,"timestamp":1705254793466,"id":"7a969gvzbr892us","previousOperationId":null,"operationId":"ucht9ubmzovm9m8"}
{"type":"log","level":"info","message":"Render request 1 queued for execution and waiting for available worker","previousOperationId":"ucht9ubmzovm9m8","timestamp":1705254793467,"id":"yhueh2v9fhuk9g8"}
{"type":"operationStart","subtype":"render","name":"orders-main","previousOperationId":"ucht9ubmzovm9m8","timestamp":1705254793502,"id":"yyb6tasw1eywhn0","previousEventId":"7a969gvzbr892us","operationId":"igk5q9yrh0qonx1"}
{"type":"log","timestamp":1705254793504,"level":"info","message":"Starting rendering request 1","meta":{"rootId":"akcwas6vrtjaws8","id":"akcwas6vrtjaws8"},"id":"n7nn0f5pb84dy71","previousOperationId":"igk5q9yrh0qonx1"}
{"type":"log","timestamp":1705254793506,"level":"info","message":"Rendering template { name: orders-main, recipe: chrome-pdf, engine: handlebars, preview: true }","meta":{"rootId":"akcwas6vrtjaws8","id":"akcwas6vrtjaws8"},"id":"t77p4vuizeq6ccf","previousOperationId":"igk5q9yrh0qonx1"}
{"type":"log","timestamp":1705254793511,"level":"debug","message":"Data item not defined for this template.","meta":{"rootId":"akcwas6vrtjaws8","id":"akcwas6vrtjaws8"},"id":"yvg3gwtzz5alkg4","previousOperationId":"igk5q9yrh0qonx1"}
{"type":"log","timestamp":1705254793519,"level":"debug","message":"Executing script orders-script (beforeRender)","meta":{"rootId":"akcwas6vrtjaws8","id":"akcwas6vrtjaws8"},"id":"tcwywtfutrftzc2","previousOperationId":"igk5q9yrh0qonx1"}
{"type":"operationStart","subtype":"scriptsBeforeRender","name":"scripts beforeRender","timestamp":1705254793871,"id":"bvzf16b7jyaqlzm","previousEventId":"yyb6tasw1eywhn0","operationId":"4giqkfo8imrizbu","previousOperationId":"igk5q9yrh0qonx1"}
{"type":"operationStart","subtype":"script","name":"scripts orders-script","previousOperationId":"4giqkfo8imrizbu","timestamp":1705254793872,"id":"g483ani4ba5nawz","previousEventId":"bvzf16b7jyaqlzm","operationId":"qdgms58729a4fw2"}
{"type":"log","timestamp":1705254793913,"level":"debug","message":"(console:log) [\n  { numEvento: 3, name: 'Ingenio' },\n  { numEvento: 0, name: 'Las Palmas' }\n]","meta":{"userLevel":true,"rootId":"akcwas6vrtjaws8","id":"akcwas6vrtjaws8"},"id":"7cvt6rhrh811qky","previousOperationId":"qdgms58729a4fw2"}
{"type":"operationEnd","operationId":"qdgms58729a4fw2","timestamp":1705254793915,"id":"r8v9xol2yiowr3c","previousEventId":"yyb6tasw1eywhn0","previousOperationId":"igk5q9yrh0qonx1"}
{"type":"operationEnd","operationId":"4giqkfo8imrizbu","timestamp":1705254793915,"id":"5b2ftxgubtstjws","previousEventId":"r8v9xol2yiowr3c","previousOperationId":"igk5q9yrh0qonx1"}
{"type":"log","timestamp":1705254793915,"level":"debug","message":"Base url not specified, skipping its injection.","meta":{"rootId":"akcwas6vrtjaws8","id":"akcwas6vrtjaws8"},"id":"4xe9nlmtr7qa8iw","previousOperationId":"4giqkfo8imrizbu"}
{"type":"operationStart","subtype":"engine","name":"handlebars","timestamp":1705254793916,"id":"xu6vbnb1d57j84u","previousEventId":"5b2ftxgubtstjws","operationId":"a7menkanxfxkobl","previousOperationId":"4giqkfo8imrizbu"}
{"type":"log","timestamp":1705254793916,"level":"debug","message":"Rendering engine handlebars","meta":{"rootId":"akcwas6vrtjaws8","id":"akcwas6vrtjaws8"},"id":"fj2stxeu61g679u","previousOperationId":"a7menkanxfxkobl"}
{"type":"operationEnd","operationId":"a7menkanxfxkobl","timestamp":1705254794300,"id":"wjb3dz7517wpkv1","previousEventId":"xu6vbnb1d57j84u","previousOperationId":"a7menkanxfxkobl"}
{"type":"operationStart","subtype":"recipe","name":"chrome-pdf","timestamp":1705254794301,"id":"wjsxk5p24yxr593","previousEventId":"wjb3dz7517wpkv1","operationId":"qjzi9e1f81lfjif","previousOperationId":"a7menkanxfxkobl"}
{"type":"log","timestamp":1705254794301,"level":"debug","message":"Executing recipe chrome-pdf","meta":{"rootId":"akcwas6vrtjaws8","id":"akcwas6vrtjaws8"},"id":"to580u66grnimes","previousOperationId":"qjzi9e1f81lfjif"}
{"type":"log","timestamp":1705254795006,"level":"debug","message":"Converting with chrome HeadlessChrome/117.0.5938.149 using chrome-pool strategy","meta":{"rootId":"akcwas6vrtjaws8","id":"akcwas6vrtjaws8"},"id":"tqn3h19wnypyzxx","previousOperationId":"qjzi9e1f81lfjif"}
{"type":"log","timestamp":1705254795221,"level":"debug","message":"Page request: GET (document) file:///C:/Users/arida/AppData/Local/Temp/jsreport/autocleanup/4409ebb7-934d-47df-8bf6-d3c8992025a4-chrome-pdf.html","meta":{"rootId":"akcwas6vrtjaws8","id":"akcwas6vrtjaws8"},"id":"a7k974mtolqmgcz","previousOperationId":"qjzi9e1f81lfjif"}
{"type":"log","timestamp":1705254795239,"level":"debug","message":"Page request: GET (stylesheet) https://cdnjs.cloudflare.com/ajax/libs/metro/4.1.5/css/metro.min.css","meta":{"rootId":"akcwas6vrtjaws8","id":"akcwas6vrtjaws8"},"id":"ag6banhysqjh775","previousOperationId":"qjzi9e1f81lfjif"}
{"type":"log","timestamp":1705254795240,"level":"debug","message":"Page request: GET (script) https://cdnjs.cloudflare.com/ajax/libs/Chart.js/2.7.2/Chart.min.js","meta":{"rootId":"akcwas6vrtjaws8","id":"akcwas6vrtjaws8"},"id":"c9bbdrp4k8w6y77","previousOperationId":"qjzi9e1f81lfjif"}
{"type":"log","timestamp":1705254795241,"level":"debug","message":"Page request finished: GET (document) 200 file:///C:/Users/arida/AppData/Local/Temp/jsreport/autocleanup/4409ebb7-934d-47df-8bf6-d3c8992025a4-chrome-pdf.html","meta":{"rootId":"akcwas6vrtjaws8","id":"akcwas6vrtjaws8"},"id":"x5wew3b1d9be19m","previousOperationId":"qjzi9e1f81lfjif"}
{"type":"log","timestamp":1705254795465,"level":"debug","message":"Page request finished: GET (stylesheet) 200 https://cdnjs.cloudflare.com/ajax/libs/metro/4.1.5/css/metro.min.css","meta":{"rootId":"akcwas6vrtjaws8","id":"akcwas6vrtjaws8"},"id":"kymwmq5tx9f2g3q","previousOperationId":"qjzi9e1f81lfjif"}
{"type":"log","timestamp":1705254795505,"level":"debug","message":"Page request finished: GET (script) 200 https://cdnjs.cloudflare.com/ajax/libs/Chart.js/2.7.2/Chart.min.js","meta":{"rootId":"akcwas6vrtjaws8","id":"akcwas6vrtjaws8"},"id":"7ddlgxfdlcmvptz","previousOperationId":"qjzi9e1f81lfjif"}
{"type":"log","timestamp":1705254795533,"level":"debug","message":"Running chrome with params {\"printBackground\":true,\"marginTop\":\"4cm\",\"marginRight\":\"1.5cm\",\"marginBottom\":\"1.5cm\",\"marginLeft\":\"1.5cm\",\"waitForJS\":false,\"timeout\":58667,\"margin\":{\"top\":\"4cm\",\"right\":\"1.5cm\",\"bottom\":\"1.5cm\",\"left\":\"1.5cm\"}}","meta":{"rootId":"akcwas6vrtjaws8","id":"akcwas6vrtjaws8"},"id":"exn0clsjpmifr5j","previousOperationId":"qjzi9e1f81lfjif"}
{"type":"operationEnd","operationId":"qjzi9e1f81lfjif","timestamp":1705254795568,"id":"4m1bshkje8lna58","previousEventId":"wjsxk5p24yxr593","previousOperationId":"qjzi9e1f81lfjif"}
{"type":"log","timestamp":1705254795569,"level":"info","message":"pdf-utils is starting pdf processing","meta":{"rootId":"akcwas6vrtjaws8","id":"akcwas6vrtjaws8"},"id":"lg5b1vsqtykxjrx","previousOperationId":"qjzi9e1f81lfjif"}
{"type":"operationStart","subtype":"pdfUtils","name":"pdf utils","timestamp":1705254795800,"id":"f0h6c97iku92pyv","previousEventId":"4m1bshkje8lna58","operationId":"s8rlctrb9qc254c","previousOperationId":"qjzi9e1f81lfjif"}
{"type":"log","timestamp":1705254795800,"level":"debug","message":"pdf-utils detected 1 pdf operation(s) to process","meta":{"rootId":"akcwas6vrtjaws8","id":"akcwas6vrtjaws8"},"id":"vpjf9y18a4xg485","previousOperationId":"s8rlctrb9qc254c"}
{"type":"log","timestamp":1705254796096,"level":"debug","message":"pdf-utils running pdf operation merge","meta":{"rootId":"akcwas6vrtjaws8","id":"akcwas6vrtjaws8"},"id":"igns1gtbj7vht68","previousOperationId":"s8rlctrb9qc254c"}
{"type":"operationStart","subtype":"pdfUtilsMerge","name":"pdf utils merge","previousOperationId":"s8rlctrb9qc254c","timestamp":1705254796096,"id":"3bjkp928ibz0xci","previousEventId":"f0h6c97iku92pyv","operationId":"625v2js1s1z6bsv"}
{"type":"operationStart","subtype":"render","name":"orders-header","previousOperationId":"625v2js1s1z6bsv","timestamp":1705254796100,"id":"k0fsv7ql6ombnxe","previousEventId":"3bjkp928ibz0xci","operationId":"6u0lex6ye1i42w0"}
{"type":"log","timestamp":1705254796100,"level":"info","message":"Starting rendering (child) request","meta":{"rootId":"akcwas6vrtjaws8","id":"eeo26jn2c1eld0x"},"id":"x047wodz02w1p77","previousOperationId":"6u0lex6ye1i42w0"}
{"type":"log","timestamp":1705254796101,"level":"info","message":"Rendering template { name: orders-header, recipe: chrome-pdf, engine: handlebars, preview: true }","meta":{"rootId":"akcwas6vrtjaws8","id":"eeo26jn2c1eld0x"},"id":"zjoi7hvc5xqboff","previousOperationId":"6u0lex6ye1i42w0"}
{"type":"log","timestamp":1705254796107,"level":"debug","message":"Inline data specified.","meta":{"rootId":"akcwas6vrtjaws8","id":"eeo26jn2c1eld0x"},"id":"yo1kprdmm8jm28d","previousOperationId":"6u0lex6ye1i42w0"}
{"type":"log","timestamp":1705254796110,"level":"debug","message":"Base url not specified, skipping its injection.","meta":{"rootId":"akcwas6vrtjaws8","id":"eeo26jn2c1eld0x"},"id":"ckjjpta6527l8vv","previousOperationId":"6u0lex6ye1i42w0"}
{"type":"operationStart","subtype":"engine","name":"handlebars","timestamp":1705254796110,"id":"qv7gj3hwacm0029","previousEventId":"k0fsv7ql6ombnxe","operationId":"ci4g0do2dyxiqwo","previousOperationId":"6u0lex6ye1i42w0"}
{"type":"log","timestamp":1705254796110,"level":"debug","message":"Rendering engine handlebars","meta":{"rootId":"akcwas6vrtjaws8","id":"eeo26jn2c1eld0x"},"id":"4nlb8vf96onryob","previousOperationId":"ci4g0do2dyxiqwo"}
{"type":"operationEnd","operationId":"ci4g0do2dyxiqwo","timestamp":1705254796165,"id":"pfdlmy9e2udva1r","previousEventId":"qv7gj3hwacm0029","previousOperationId":"ci4g0do2dyxiqwo"}
{"type":"operationStart","subtype":"recipe","name":"chrome-pdf","timestamp":1705254796165,"id":"jryut9zszdasc3r","previousEventId":"pfdlmy9e2udva1r","operationId":"g7fvhzd6dfzt0k0","previousOperationId":"ci4g0do2dyxiqwo"}
{"type":"log","timestamp":1705254796165,"level":"debug","message":"Executing recipe chrome-pdf","meta":{"rootId":"akcwas6vrtjaws8","id":"eeo26jn2c1eld0x"},"id":"7sfjc8caijlrv0t","previousOperationId":"g7fvhzd6dfzt0k0"}
{"type":"log","timestamp":1705254796168,"level":"debug","message":"Converting with chrome HeadlessChrome/117.0.5938.149 using chrome-pool strategy","meta":{"rootId":"akcwas6vrtjaws8","id":"eeo26jn2c1eld0x"},"id":"rqtdjp6kcuuqwg1","previousOperationId":"g7fvhzd6dfzt0k0"}
{"type":"log","timestamp":1705254796292,"level":"debug","message":"Page request: GET (document) file:///C:/Users/arida/AppData/Local/Temp/jsreport/autocleanup/e7c11c68-73f9-452c-b2f7-23499c5cfcbc-chrome-pdf.html","meta":{"rootId":"akcwas6vrtjaws8","id":"eeo26jn2c1eld0x"},"id":"1ggcyu0630paia7","previousOperationId":"g7fvhzd6dfzt0k0"}
{"type":"log","timestamp":1705254796302,"level":"debug","message":"Page request: GET (stylesheet) https://cdnjs.cloudflare.com/ajax/libs/metro/4.1.5/css/metro.min.css","meta":{"rootId":"akcwas6vrtjaws8","id":"eeo26jn2c1eld0x"},"id":"vjduny7qit2737q","previousOperationId":"g7fvhzd6dfzt0k0"}
{"type":"log","timestamp":1705254796303,"level":"debug","message":"Page request finished: GET (document) 200 file:///C:/Users/arida/AppData/Local/Temp/jsreport/autocleanup/e7c11c68-73f9-452c-b2f7-23499c5cfcbc-chrome-pdf.html","meta":{"rootId":"akcwas6vrtjaws8","id":"eeo26jn2c1eld0x"},"id":"5ubkvdk7m1j3ydm","previousOperationId":"g7fvhzd6dfzt0k0"}
{"type":"log","timestamp":1705254796325,"level":"debug","message":"Page request finished: GET (stylesheet) 200 https://cdnjs.cloudflare.com/ajax/libs/metro/4.1.5/css/metro.min.css","meta":{"rootId":"akcwas6vrtjaws8","id":"eeo26jn2c1eld0x"},"id":"txxtsf2xjyl7x77","previousOperationId":"g7fvhzd6dfzt0k0"}
{"type":"log","timestamp":1705254796348,"level":"debug","message":"Running chrome with params {\"printBackground\":true,\"marginTop\":\"1.5cm\",\"marginRight\":\"1.5cm\",\"marginLeft\":\"1.cm\",\"timeout\":57297,\"margin\":{\"top\":\"1.5cm\",\"right\":\"1.5cm\",\"left\":\"1.cm\"}}","meta":{"rootId":"akcwas6vrtjaws8","id":"eeo26jn2c1eld0x"},"id":"v3ul0sles72egei","previousOperationId":"g7fvhzd6dfzt0k0"}
{"type":"operationEnd","operationId":"g7fvhzd6dfzt0k0","timestamp":1705254796386,"id":"zbzpo6kiy7hfsr4","previousEventId":"jryut9zszdasc3r","previousOperationId":"g7fvhzd6dfzt0k0"}
{"type":"log","timestamp":1705254796387,"level":"debug","message":"Skipping storing report.","meta":{"rootId":"akcwas6vrtjaws8","id":"eeo26jn2c1eld0x"},"id":"ea36w14k0udnqko","previousOperationId":"g7fvhzd6dfzt0k0"}
{"type":"log","timestamp":1705254796387,"level":"info","message":"Rendering (child) request finished in 2923 ms","meta":{"rootId":"akcwas6vrtjaws8","id":"eeo26jn2c1eld0x"},"id":"q0lygnrydmm7t50","previousOperationId":"g7fvhzd6dfzt0k0"}
{"type":"operationEnd","subtype":"render","operationId":"6u0lex6ye1i42w0","timestamp":1705254796388,"id":"ev5953qbk6ooe13","previousEventId":"zbzpo6kiy7hfsr4","previousOperationId":"g7fvhzd6dfzt0k0"}
{"type":"operationEnd","operationId":"625v2js1s1z6bsv","timestamp":1705254796404,"id":"4bib6kusxxa073h","previousEventId":"3bjkp928ibz0xci","previousOperationId":"625v2js1s1z6bsv"}
{"type":"log","timestamp":1705254796404,"level":"debug","message":"pdf-utils postproces start","meta":{"rootId":"akcwas6vrtjaws8","id":"akcwas6vrtjaws8"},"id":"pf0jqb3usrfz7cd","previousOperationId":"625v2js1s1z6bsv"}
{"type":"log","timestamp":1705254796414,"level":"debug","message":"pdf-utils postproces end","meta":{"rootId":"akcwas6vrtjaws8","id":"akcwas6vrtjaws8"},"id":"ebpcpwfpy8thldq","previousOperationId":"625v2js1s1z6bsv"}
{"type":"operationEnd","operationId":"s8rlctrb9qc254c","timestamp":1705254796414,"id":"x4bztjz8lixmkdm","previousEventId":"4bib6kusxxa073h","previousOperationId":"625v2js1s1z6bsv"}
{"type":"log","timestamp":1705254796414,"level":"info","message":"pdf-utils pdf processing was finished","meta":{"rootId":"akcwas6vrtjaws8","id":"akcwas6vrtjaws8"},"id":"3mnvj1c2ebym7t5","previousOperationId":"s8rlctrb9qc254c"}
{"type":"log","timestamp":1705254796414,"level":"debug","message":"Skipping storing report.","meta":{"rootId":"akcwas6vrtjaws8","id":"akcwas6vrtjaws8"},"id":"hh98figdk0pje78","previousOperationId":"s8rlctrb9qc254c"}
{"type":"log","timestamp":1705254796414,"level":"info","message":"Rendering request 1 finished in 2950 ms","meta":{"rootId":"akcwas6vrtjaws8","id":"akcwas6vrtjaws8"},"id":"kbins6akgj2yj7j","previousOperationId":"s8rlctrb9qc254c"}
{"type":"operationEnd","subtype":"render","operationId":"igk5q9yrh0qonx1","timestamp":1705254796414,"id":"nlbtrh4fk4hyrj6","previousEventId":"x4bztjz8lixmkdm","previousOperationId":"s8rlctrb9qc254c"}
{"type":"operationEnd","doDiffs":false,"previousEventId":"7a969gvzbr892us","previousOperationId":"ucht9ubmzovm9m8","operationId":"ucht9ubmzovm9m8","timestamp":1705254796430,"id":"gc0w5jqenfkpk5e"}
