{"type":"operationStart","subtype":"profile","data":{"_id":"sRGVZqvDjCOibePk","timestamp":"2024-01-14T19:51:40.052Z","state":"queued","mode":"standard","creationDate":"2024-01-14T19:51:40.056Z","modificationDate":"2024-01-14T19:51:40.056Z","shortid":"3ALkp3X","$entitySet":"profiles"},"doDiffs":false,"timestamp":1705261900054,"id":"yohu2ifth584kdu","previousOperationId":null,"operationId":"eezsi5y4txfnv7n"}
{"type":"log","level":"info","message":"Render request 10 queued for execution and waiting for available worker","previousOperationId":"eezsi5y4txfnv7n","timestamp":1705261900054,"id":"vdvb8ccnecmw471"}
{"type":"operationStart","subtype":"render","name":"orders-main","previousOperationId":"eezsi5y4txfnv7n","timestamp":1705261900070,"id":"oivqj0810njrcjo","previousEventId":"yohu2ifth584kdu","operationId":"aa960a27zyf6c45"}
{"type":"log","timestamp":1705261900070,"level":"info","message":"Starting rendering request 10","meta":{"rootId":"amrddr0yiecdk93","id":"amrddr0yiecdk93"},"id":"weiidgj5z4s3sur","previousOperationId":"aa960a27zyf6c45"}
{"type":"log","timestamp":1705261900070,"level":"info","message":"Rendering template { name: orders-main, recipe: chrome-pdf, engine: handlebars, preview: true }","meta":{"rootId":"amrddr0yiecdk93","id":"amrddr0yiecdk93"},"id":"dbdkzjs8i5iqfpv","previousOperationId":"aa960a27zyf6c45"}
{"type":"log","timestamp":1705261900071,"level":"debug","message":"Data item not defined for this template.","meta":{"rootId":"amrddr0yiecdk93","id":"amrddr0yiecdk93"},"id":"605ldw2dztqrum0","previousOperationId":"aa960a27zyf6c45"}
{"type":"log","timestamp":1705261900074,"level":"debug","message":"Executing script orders-script (beforeRender)","meta":{"rootId":"amrddr0yiecdk93","id":"amrddr0yiecdk93"},"id":"2zjvgs6f2ouvqx3","previousOperationId":"aa960a27zyf6c45"}
{"type":"operationStart","subtype":"scriptsBeforeRender","name":"scripts beforeRender","timestamp":1705261900082,"id":"dlwf5t47r59dpjk","previousEventId":"oivqj0810njrcjo","operationId":"put37brsws88hza","previousOperationId":"aa960a27zyf6c45"}
{"type":"operationStart","subtype":"script","name":"scripts orders-script","previousOperationId":"put37brsws88hza","timestamp":1705261900082,"id":"x9k4rrztxgb02zx","previousEventId":"dlwf5t47r59dpjk","operationId":"cda5zd1mbrxavcy"}
{"type":"operationEnd","operationId":"cda5zd1mbrxavcy","timestamp":1705261900092,"id":"oogvl1ezvoypck5","previousEventId":"oivqj0810njrcjo","previousOperationId":"aa960a27zyf6c45"}
{"type":"operationEnd","operationId":"put37brsws88hza","timestamp":1705261900092,"id":"y2dl14y5sbxgrcs","previousEventId":"oogvl1ezvoypck5","previousOperationId":"aa960a27zyf6c45"}
{"type":"log","timestamp":1705261900092,"level":"debug","message":"Base url not specified, skipping its injection.","meta":{"rootId":"amrddr0yiecdk93","id":"amrddr0yiecdk93"},"id":"8nqxmxq7wxws3u7","previousOperationId":"put37brsws88hza"}
{"type":"operationStart","subtype":"engine","name":"handlebars","timestamp":1705261900093,"id":"0kn1rtviokscqjd","previousEventId":"y2dl14y5sbxgrcs","operationId":"zgimzsjk5lnutll","previousOperationId":"put37brsws88hza"}
{"type":"log","timestamp":1705261900093,"level":"debug","message":"Rendering engine handlebars","meta":{"rootId":"amrddr0yiecdk93","id":"amrddr0yiecdk93"},"id":"h498gg8ki1lf4mr","previousOperationId":"zgimzsjk5lnutll"}
{"type":"operationEnd","operationId":"zgimzsjk5lnutll","timestamp":1705261900110,"id":"cejeux36ym7rmpa","previousEventId":"0kn1rtviokscqjd","previousOperationId":"zgimzsjk5lnutll"}
{"type":"operationStart","subtype":"recipe","name":"chrome-pdf","timestamp":1705261900111,"id":"pf83rzz75l95nf8","previousEventId":"cejeux36ym7rmpa","operationId":"b6cb6q4tvvm1o9h","previousOperationId":"zgimzsjk5lnutll"}
{"type":"log","timestamp":1705261900111,"level":"debug","message":"Executing recipe chrome-pdf","meta":{"rootId":"amrddr0yiecdk93","id":"amrddr0yiecdk93"},"id":"yc4d2cbjyrgshcj","previousOperationId":"b6cb6q4tvvm1o9h"}
{"type":"log","timestamp":1705261900114,"level":"debug","message":"Converting with chrome HeadlessChrome/117.0.5938.149 using chrome-pool strategy","meta":{"rootId":"amrddr0yiecdk93","id":"amrddr0yiecdk93"},"id":"gxs672mgfd16p5d","previousOperationId":"b6cb6q4tvvm1o9h"}
{"type":"log","timestamp":1705261900252,"level":"debug","message":"Page request: GET (document) file:///C:/Users/arida/AppData/Local/Temp/jsreport/autocleanup/97c91b56-d96a-4d0e-a194-034aef7d4fd8-chrome-pdf.html","meta":{"rootId":"amrddr0yiecdk93","id":"amrddr0yiecdk93"},"id":"3b9p8ba2sh6r31a","previousOperationId":"b6cb6q4tvvm1o9h"}
{"type":"log","timestamp":1705261900264,"level":"debug","message":"Page request: GET (stylesheet) https://cdnjs.cloudflare.com/ajax/libs/metro/4.1.5/css/metro.min.css","meta":{"rootId":"amrddr0yiecdk93","id":"amrddr0yiecdk93"},"id":"2cy695wt3wwnu82","previousOperationId":"b6cb6q4tvvm1o9h"}
{"type":"log","timestamp":1705261900264,"level":"debug","message":"Page request: GET (script) https://cdnjs.cloudflare.com/ajax/libs/Chart.js/2.7.2/Chart.min.js","meta":{"rootId":"amrddr0yiecdk93","id":"amrddr0yiecdk93"},"id":"3iu9gn22i6khxzn","previousOperationId":"b6cb6q4tvvm1o9h"}
{"type":"log","timestamp":1705261900265,"level":"debug","message":"Page request finished: GET (document) 200 file:///C:/Users/arida/AppData/Local/Temp/jsreport/autocleanup/97c91b56-d96a-4d0e-a194-034aef7d4fd8-chrome-pdf.html","meta":{"rootId":"amrddr0yiecdk93","id":"amrddr0yiecdk93"},"id":"tsjnbzasvd9p08i","previousOperationId":"b6cb6q4tvvm1o9h"}
{"type":"log","timestamp":1705261900271,"level":"debug","message":"Page request finished: GET (script) 200 https://cdnjs.cloudflare.com/ajax/libs/Chart.js/2.7.2/Chart.min.js","meta":{"rootId":"amrddr0yiecdk93","id":"amrddr0yiecdk93"},"id":"1rtqqkm4y29sycu","previousOperationId":"b6cb6q4tvvm1o9h"}
{"type":"log","timestamp":1705261900288,"level":"debug","message":"Page request finished: GET (stylesheet) 200 https://cdnjs.cloudflare.com/ajax/libs/metro/4.1.5/css/metro.min.css","meta":{"rootId":"amrddr0yiecdk93","id":"amrddr0yiecdk93"},"id":"8iabiisg19p1c4t","previousOperationId":"b6cb6q4tvvm1o9h"}
{"type":"log","timestamp":1705261900295,"level":"warn","message":"Page error: \"undefined\" is not valid JSON\nJSON.parse (<anonymous>) , stack: SyntaxError: \"undefined\" is not valid JSON\nJSON.parse (<anonymous>)\n    at <anonymous> (file:///C:/Users/arida/AppData/Local/Temp/jsreport/autocleanup/97c91b56-d96a-4d0e-a194-034aef7d4fd8-chrome-pdf.html:35:12)","meta":{"rootId":"amrddr0yiecdk93","id":"amrddr0yiecdk93"},"id":"i8ea54rbpqycyck","previousOperationId":"b6cb6q4tvvm1o9h"}
{"type":"log","timestamp":1705261900324,"level":"debug","message":"Running chrome with params {\"printBackground\":true,\"marginTop\":\"4cm\",\"marginRight\":\"1.5cm\",\"marginBottom\":\"1.5cm\",\"marginLeft\":\"1.5cm\",\"waitForJS\":false,\"timeout\":59939,\"margin\":{\"top\":\"4cm\",\"right\":\"1.5cm\",\"bottom\":\"1.5cm\",\"left\":\"1.5cm\"}}","meta":{"rootId":"amrddr0yiecdk93","id":"amrddr0yiecdk93"},"id":"hh9q6polq4oivrw","previousOperationId":"b6cb6q4tvvm1o9h"}
{"type":"operationEnd","operationId":"b6cb6q4tvvm1o9h","timestamp":1705261900382,"id":"d61w3qg8j1wj9ah","previousEventId":"pf83rzz75l95nf8","previousOperationId":"b6cb6q4tvvm1o9h"}
{"type":"log","timestamp":1705261900382,"level":"info","message":"pdf-utils is starting pdf processing","meta":{"rootId":"amrddr0yiecdk93","id":"amrddr0yiecdk93"},"id":"l79425ubj1i5cyp","previousOperationId":"b6cb6q4tvvm1o9h"}
{"type":"operationStart","subtype":"pdfUtils","name":"pdf utils","timestamp":1705261900382,"id":"dayw67de34720yn","previousEventId":"d61w3qg8j1wj9ah","operationId":"r4goj4ib36huagm","previousOperationId":"b6cb6q4tvvm1o9h"}
{"type":"log","timestamp":1705261900382,"level":"debug","message":"pdf-utils detected 1 pdf operation(s) to process","meta":{"rootId":"amrddr0yiecdk93","id":"amrddr0yiecdk93"},"id":"e0q8s31sicx80bl","previousOperationId":"r4goj4ib36huagm"}
{"type":"log","timestamp":1705261900397,"level":"debug","message":"pdf-utils running pdf operation merge","meta":{"rootId":"amrddr0yiecdk93","id":"amrddr0yiecdk93"},"id":"ajti061jj0h7pcs","previousOperationId":"r4goj4ib36huagm"}
{"type":"operationStart","subtype":"pdfUtilsMerge","name":"pdf utils merge","previousOperationId":"r4goj4ib36huagm","timestamp":1705261900397,"id":"gs9ro7fiefpu9yo","previousEventId":"dayw67de34720yn","operationId":"bzm605gi8ordjik"}
{"type":"operationStart","subtype":"render","name":"orders-header","previousOperationId":"bzm605gi8ordjik","timestamp":1705261900399,"id":"svna9jycanh74pl","previousEventId":"gs9ro7fiefpu9yo","operationId":"kf5z11fie55vaid"}
{"type":"log","timestamp":1705261900399,"level":"info","message":"Starting rendering (child) request","meta":{"rootId":"amrddr0yiecdk93","id":"lpdb5qreqc0buzm"},"id":"4mupbj1rg56r7xb","previousOperationId":"kf5z11fie55vaid"}
{"type":"log","timestamp":1705261900399,"level":"info","message":"Rendering template { name: orders-header, recipe: chrome-pdf, engine: handlebars, preview: true }","meta":{"rootId":"amrddr0yiecdk93","id":"lpdb5qreqc0buzm"},"id":"g1w99xw01z056vc","previousOperationId":"kf5z11fie55vaid"}
{"type":"log","timestamp":1705261900401,"level":"debug","message":"Inline data specified.","meta":{"rootId":"amrddr0yiecdk93","id":"lpdb5qreqc0buzm"},"id":"3txalwnuau27k2t","previousOperationId":"kf5z11fie55vaid"}
{"type":"log","timestamp":1705261900404,"level":"debug","message":"Base url not specified, skipping its injection.","meta":{"rootId":"amrddr0yiecdk93","id":"lpdb5qreqc0buzm"},"id":"qq4kl2ez0vedyui","previousOperationId":"kf5z11fie55vaid"}
{"type":"operationStart","subtype":"engine","name":"handlebars","timestamp":1705261900404,"id":"lod3pua5h04zxlq","previousEventId":"svna9jycanh74pl","operationId":"08cfeinu2n7zg5c","previousOperationId":"kf5z11fie55vaid"}
{"type":"log","timestamp":1705261900404,"level":"debug","message":"Rendering engine handlebars","meta":{"rootId":"amrddr0yiecdk93","id":"lpdb5qreqc0buzm"},"id":"clxyfz9zup28ytl","previousOperationId":"08cfeinu2n7zg5c"}
{"type":"operationEnd","operationId":"08cfeinu2n7zg5c","timestamp":1705261900428,"id":"63nw8w4ic7tmajz","previousEventId":"lod3pua5h04zxlq","previousOperationId":"08cfeinu2n7zg5c"}
{"type":"operationStart","subtype":"recipe","name":"chrome-pdf","timestamp":1705261900428,"id":"m2lwqjdtchzifbo","previousEventId":"63nw8w4ic7tmajz","operationId":"u4qm75n1dcpm2n1","previousOperationId":"08cfeinu2n7zg5c"}
{"type":"log","timestamp":1705261900428,"level":"debug","message":"Executing recipe chrome-pdf","meta":{"rootId":"amrddr0yiecdk93","id":"lpdb5qreqc0buzm"},"id":"2wfd8mhh0rbctau","previousOperationId":"u4qm75n1dcpm2n1"}
{"type":"log","timestamp":1705261900431,"level":"debug","message":"Converting with chrome HeadlessChrome/117.0.5938.149 using chrome-pool strategy","meta":{"rootId":"amrddr0yiecdk93","id":"lpdb5qreqc0buzm"},"id":"l7kq7p0nc704bbm","previousOperationId":"u4qm75n1dcpm2n1"}
{"type":"log","timestamp":1705261900562,"level":"debug","message":"Page request: GET (document) file:///C:/Users/arida/AppData/Local/Temp/jsreport/autocleanup/f6a1d671-6db4-4d20-a04a-cca79499ef5e-chrome-pdf.html","meta":{"rootId":"amrddr0yiecdk93","id":"lpdb5qreqc0buzm"},"id":"jtn980r6l73z4c8","previousOperationId":"u4qm75n1dcpm2n1"}
{"type":"log","timestamp":1705261900572,"level":"debug","message":"Page request: GET (stylesheet) https://cdnjs.cloudflare.com/ajax/libs/metro/4.1.5/css/metro.min.css","meta":{"rootId":"amrddr0yiecdk93","id":"lpdb5qreqc0buzm"},"id":"yv9vfvu448y16mm","previousOperationId":"u4qm75n1dcpm2n1"}
{"type":"log","timestamp":1705261900573,"level":"debug","message":"Page request finished: GET (document) 200 file:///C:/Users/arida/AppData/Local/Temp/jsreport/autocleanup/f6a1d671-6db4-4d20-a04a-cca79499ef5e-chrome-pdf.html","meta":{"rootId":"amrddr0yiecdk93","id":"lpdb5qreqc0buzm"},"id":"z5j9sg44uciegwl","previousOperationId":"u4qm75n1dcpm2n1"}
{"type":"log","timestamp":1705261900591,"level":"debug","message":"Page request finished: GET (stylesheet) 200 https://cdnjs.cloudflare.com/ajax/libs/metro/4.1.5/css/metro.min.css","meta":{"rootId":"amrddr0yiecdk93","id":"lpdb5qreqc0buzm"},"id":"6jnzilqjnjvamhc","previousOperationId":"u4qm75n1dcpm2n1"}
{"type":"log","timestamp":1705261900610,"level":"debug","message":"Running chrome with params {\"printBackground\":true,\"marginTop\":\"1.5cm\",\"marginRight\":\"1.5cm\",\"marginLeft\":\"1.cm\",\"timeout\":59622,\"margin\":{\"top\":\"1.5cm\",\"right\":\"1.5cm\",\"left\":\"1.cm\"}}","meta":{"rootId":"amrddr0yiecdk93","id":"lpdb5qreqc0buzm"},"id":"d29m0ia7cf1cwd6","previousOperationId":"u4qm75n1dcpm2n1"}
{"type":"operationEnd","operationId":"u4qm75n1dcpm2n1","timestamp":1705261900641,"id":"u2yoefyo3dn79xt","previousEventId":"m2lwqjdtchzifbo","previousOperationId":"u4qm75n1dcpm2n1"}
{"type":"log","timestamp":1705261900641,"level":"debug","message":"Skipping storing report.","meta":{"rootId":"amrddr0yiecdk93","id":"lpdb5qreqc0buzm"},"id":"flij6lkopzj8u2b","previousOperationId":"u4qm75n1dcpm2n1"}
{"type":"log","timestamp":1705261900641,"level":"info","message":"Rendering (child) request finished in 589 ms","meta":{"rootId":"amrddr0yiecdk93","id":"lpdb5qreqc0buzm"},"id":"aar6ca3t43mhfyn","previousOperationId":"u4qm75n1dcpm2n1"}
{"type":"operationEnd","subtype":"render","operationId":"kf5z11fie55vaid","timestamp":1705261900641,"id":"gibhhgbv4l5vttv","previousEventId":"u2yoefyo3dn79xt","previousOperationId":"u4qm75n1dcpm2n1"}
{"type":"operationEnd","operationId":"bzm605gi8ordjik","timestamp":1705261900653,"id":"644lsts08au5bq2","previousEventId":"gs9ro7fiefpu9yo","previousOperationId":"bzm605gi8ordjik"}
{"type":"log","timestamp":1705261900653,"level":"debug","message":"pdf-utils postproces start","meta":{"rootId":"amrddr0yiecdk93","id":"amrddr0yiecdk93"},"id":"x5hu0z5jomk2dhs","previousOperationId":"bzm605gi8ordjik"}
{"type":"log","timestamp":1705261900663,"level":"debug","message":"pdf-utils postproces end","meta":{"rootId":"amrddr0yiecdk93","id":"amrddr0yiecdk93"},"id":"okk6axlka73v1o5","previousOperationId":"bzm605gi8ordjik"}
{"type":"operationEnd","operationId":"r4goj4ib36huagm","timestamp":1705261900663,"id":"3x60ab0cioif1v1","previousEventId":"644lsts08au5bq2","previousOperationId":"bzm605gi8ordjik"}
{"type":"log","timestamp":1705261900663,"level":"info","message":"pdf-utils pdf processing was finished","meta":{"rootId":"amrddr0yiecdk93","id":"amrddr0yiecdk93"},"id":"gkoowspl7kdl89w","previousOperationId":"r4goj4ib36huagm"}
{"type":"log","timestamp":1705261900663,"level":"debug","message":"Skipping storing report.","meta":{"rootId":"amrddr0yiecdk93","id":"amrddr0yiecdk93"},"id":"ustn7fg3ocu44sn","previousOperationId":"r4goj4ib36huagm"}
{"type":"log","timestamp":1705261900663,"level":"info","message":"Rendering request 10 finished in 611 ms","meta":{"rootId":"amrddr0yiecdk93","id":"amrddr0yiecdk93"},"id":"qerx8yxkj3e6yy4","previousOperationId":"r4goj4ib36huagm"}
{"type":"operationEnd","subtype":"render","operationId":"aa960a27zyf6c45","timestamp":1705261900663,"id":"n7pu2lsw0n2g9i7","previousEventId":"3x60ab0cioif1v1","previousOperationId":"r4goj4ib36huagm"}
{"type":"operationEnd","doDiffs":false,"previousEventId":"yohu2ifth584kdu","previousOperationId":"eezsi5y4txfnv7n","operationId":"eezsi5y4txfnv7n","timestamp":1705261900683,"id":"o00nkg4b4vv1jsc"}
