{"type":"operationStart","subtype":"profile","data":{"_id":"Kq51uyxUKkaRnO7B","timestamp":"2024-01-09T20:13:15.491Z","state":"queued","mode":"standard","creationDate":"2024-01-09T20:13:15.493Z","modificationDate":"2024-01-09T20:13:15.493Z","shortid":"VBLvjG5","$entitySet":"profiles"},"doDiffs":false,"timestamp":1704831195492,"id":"s3vg93y71doktda","previousOperationId":null,"operationId":"7xk0d6liqbqwsl3"}
{"type":"log","level":"info","message":"Render request 18 queued for execution and waiting for available worker","previousOperationId":"7xk0d6liqbqwsl3","timestamp":1704831195492,"id":"9vecwie5os0p4qj"}
{"type":"operationStart","subtype":"render","name":"orders-main","previousOperationId":"7xk0d6liqbqwsl3","timestamp":1704831195497,"id":"sd5srhf2x0h3sd9","previousEventId":"s3vg93y71doktda","operationId":"tflpkrx4gc8xqp6"}
{"type":"log","timestamp":1704831195497,"level":"info","message":"Starting rendering request 18","meta":{"rootId":"avgy48dr9oak4tl","id":"avgy48dr9oak4tl"},"id":"9ko9jkkq4yqbbc9","previousOperationId":"tflpkrx4gc8xqp6"}
{"type":"log","timestamp":1704831195497,"level":"info","message":"Rendering template { name: orders-main, recipe: chrome-pdf, engine: handlebars, preview: false }","meta":{"rootId":"avgy48dr9oak4tl","id":"avgy48dr9oak4tl"},"id":"taarbh2q6jf6o4k","previousOperationId":"tflpkrx4gc8xqp6"}
{"type":"log","timestamp":1704831195500,"level":"debug","message":"Data item not defined for this template.","meta":{"rootId":"avgy48dr9oak4tl","id":"avgy48dr9oak4tl"},"id":"lip0t8muxm5kpxm","previousOperationId":"tflpkrx4gc8xqp6"}
{"type":"log","timestamp":1704831195503,"level":"debug","message":"Executing script orders-script (beforeRender)","meta":{"rootId":"avgy48dr9oak4tl","id":"avgy48dr9oak4tl"},"id":"ptw98e4v4o9kvxx","previousOperationId":"tflpkrx4gc8xqp6"}
{"type":"operationStart","subtype":"scriptsBeforeRender","name":"scripts beforeRender","timestamp":1704831195509,"id":"hwkrgjcnlpautsd","previousEventId":"sd5srhf2x0h3sd9","operationId":"90xqqolpevo4x1y","previousOperationId":"tflpkrx4gc8xqp6"}
{"type":"operationStart","subtype":"script","name":"scripts orders-script","previousOperationId":"90xqqolpevo4x1y","timestamp":1704831195509,"id":"aw7p6o6sjgc12mk","previousEventId":"hwkrgjcnlpautsd","operationId":"ljc1zhwgwjecac7"}
{"type":"log","timestamp":1704831195509,"level":"debug","message":"(console:log) undefined","meta":{"userLevel":true,"rootId":"avgy48dr9oak4tl","id":"avgy48dr9oak4tl"},"id":"scm2ut4wptthdwd","previousOperationId":"ljc1zhwgwjecac7"}
{"type":"operationEnd","operationId":"ljc1zhwgwjecac7","timestamp":1704831196814,"id":"2guq0l0mf70ulo0","previousEventId":"sd5srhf2x0h3sd9","previousOperationId":"tflpkrx4gc8xqp6"}
{"type":"operationEnd","operationId":"90xqqolpevo4x1y","timestamp":1704831196814,"id":"5xe60ihx4qhbyd7","previousEventId":"2guq0l0mf70ulo0","previousOperationId":"tflpkrx4gc8xqp6"}
{"type":"log","timestamp":1704831196814,"level":"debug","message":"Base url not specified, skipping its injection.","meta":{"rootId":"avgy48dr9oak4tl","id":"avgy48dr9oak4tl"},"id":"1lssh4vesh7kjjc","previousOperationId":"90xqqolpevo4x1y"}
{"type":"operationStart","subtype":"engine","name":"handlebars","timestamp":1704831196814,"id":"n3t5hjgxrszbdgq","previousEventId":"5xe60ihx4qhbyd7","operationId":"a7zpof85ksjzzjc","previousOperationId":"90xqqolpevo4x1y"}
{"type":"log","timestamp":1704831196814,"level":"debug","message":"Rendering engine handlebars","meta":{"rootId":"avgy48dr9oak4tl","id":"avgy48dr9oak4tl"},"id":"p75ikbjannade6l","previousOperationId":"a7zpof85ksjzzjc"}
{"type":"log","timestamp":1704831196821,"level":"debug","message":"(console:log) Pdf utils adding group field, value: \"France\"","meta":{"userLevel":true,"rootId":"avgy48dr9oak4tl","id":"avgy48dr9oak4tl"},"id":"hmnw5dwmxf7xjc5","previousOperationId":"a7zpof85ksjzzjc"}
{"type":"log","timestamp":1704831196821,"level":"debug","message":"(console:log) Pdf utils adding group field, value: \"Germany\"","meta":{"userLevel":true,"rootId":"avgy48dr9oak4tl","id":"avgy48dr9oak4tl"},"id":"kitmi1i0ih45hzv","previousOperationId":"a7zpof85ksjzzjc"}
{"type":"operationEnd","operationId":"a7zpof85ksjzzjc","timestamp":1704831196821,"id":"vu5u6ixymdbzbko","previousEventId":"n3t5hjgxrszbdgq","previousOperationId":"a7zpof85ksjzzjc"}
{"type":"operationStart","subtype":"recipe","name":"chrome-pdf","timestamp":1704831196822,"id":"m9k7ifa1qriceqj","previousEventId":"vu5u6ixymdbzbko","operationId":"bgjv2i61q0j0j4t","previousOperationId":"a7zpof85ksjzzjc"}
{"type":"log","timestamp":1704831196822,"level":"debug","message":"Executing recipe chrome-pdf","meta":{"rootId":"avgy48dr9oak4tl","id":"avgy48dr9oak4tl"},"id":"725bt6v5m5714md","previousOperationId":"bgjv2i61q0j0j4t"}
{"type":"log","timestamp":1704831196824,"level":"debug","message":"Converting with chrome HeadlessChrome/117.0.5938.149 using chrome-pool strategy","meta":{"rootId":"avgy48dr9oak4tl","id":"avgy48dr9oak4tl"},"id":"6a5tb7itb399i0p","previousOperationId":"bgjv2i61q0j0j4t"}
{"type":"log","timestamp":1704831196940,"level":"debug","message":"Page request: GET (document) file:///C:/Users/arida/AppData/Local/Temp/jsreport/autocleanup/34c36434-e14d-4ef1-b589-22734b542d53-chrome-pdf.html","meta":{"rootId":"avgy48dr9oak4tl","id":"avgy48dr9oak4tl"},"id":"m3k098slkehmliu","previousOperationId":"bgjv2i61q0j0j4t"}
{"type":"log","timestamp":1704831196988,"level":"debug","message":"Page request: GET (stylesheet) https://cdnjs.cloudflare.com/ajax/libs/metro/4.1.5/css/metro.min.css","meta":{"rootId":"avgy48dr9oak4tl","id":"avgy48dr9oak4tl"},"id":"7si8t37ngvbe1e4","previousOperationId":"bgjv2i61q0j0j4t"}
{"type":"log","timestamp":1704831196988,"level":"debug","message":"Page request finished: GET (document) 200 file:///C:/Users/arida/AppData/Local/Temp/jsreport/autocleanup/34c36434-e14d-4ef1-b589-22734b542d53-chrome-pdf.html","meta":{"rootId":"avgy48dr9oak4tl","id":"avgy48dr9oak4tl"},"id":"woc5fr0o28dzvnd","previousOperationId":"bgjv2i61q0j0j4t"}
{"type":"log","timestamp":1704831196989,"level":"debug","message":"Page request: GET (script) https://cdnjs.cloudflare.com/ajax/libs/Chart.js/2.7.2/Chart.min.js","meta":{"rootId":"avgy48dr9oak4tl","id":"avgy48dr9oak4tl"},"id":"lypzoymv3x9vjew","previousOperationId":"bgjv2i61q0j0j4t"}
{"type":"log","timestamp":1704831197009,"level":"debug","message":"Page request finished: GET (stylesheet) 200 https://cdnjs.cloudflare.com/ajax/libs/metro/4.1.5/css/metro.min.css","meta":{"rootId":"avgy48dr9oak4tl","id":"avgy48dr9oak4tl"},"id":"l15l2ehm6iylpgg","previousOperationId":"bgjv2i61q0j0j4t"}
{"type":"log","timestamp":1704831197009,"level":"debug","message":"Page request finished: GET (script) 200 https://cdnjs.cloudflare.com/ajax/libs/Chart.js/2.7.2/Chart.min.js","meta":{"rootId":"avgy48dr9oak4tl","id":"avgy48dr9oak4tl"},"id":"93am7hlacv3qlbt","previousOperationId":"bgjv2i61q0j0j4t"}
{"type":"log","timestamp":1704831197091,"level":"debug","message":"Running chrome with params {\"printBackground\":true,\"marginTop\":\"4cm\",\"marginRight\":\"1.5cm\",\"marginBottom\":\"1.5cm\",\"marginLeft\":\"1.5cm\",\"waitForJS\":false,\"timeout\":58667,\"margin\":{\"top\":\"4cm\",\"right\":\"1.5cm\",\"bottom\":\"1.5cm\",\"left\":\"1.5cm\"}}","meta":{"rootId":"avgy48dr9oak4tl","id":"avgy48dr9oak4tl"},"id":"ykdt5sv757b1506","previousOperationId":"bgjv2i61q0j0j4t"}
{"type":"operationEnd","operationId":"bgjv2i61q0j0j4t","timestamp":1704831197256,"id":"hesejdm3ofl4url","previousEventId":"m9k7ifa1qriceqj","previousOperationId":"bgjv2i61q0j0j4t"}
{"type":"log","timestamp":1704831197256,"level":"info","message":"pdf-utils is starting pdf processing","meta":{"rootId":"avgy48dr9oak4tl","id":"avgy48dr9oak4tl"},"id":"19r972qungoqj7k","previousOperationId":"bgjv2i61q0j0j4t"}
{"type":"operationStart","subtype":"pdfUtils","name":"pdf utils","timestamp":1704831197256,"id":"0mhf9qudu4b8kvv","previousEventId":"hesejdm3ofl4url","operationId":"54t4z9eewmeoglt","previousOperationId":"bgjv2i61q0j0j4t"}
{"type":"log","timestamp":1704831197256,"level":"debug","message":"pdf-utils detected 1 pdf operation(s) to process","meta":{"rootId":"avgy48dr9oak4tl","id":"avgy48dr9oak4tl"},"id":"ifrblghzgcg6ool","previousOperationId":"54t4z9eewmeoglt"}
{"type":"log","timestamp":1704831197291,"level":"debug","message":"pdf-utils running pdf operation merge","meta":{"rootId":"avgy48dr9oak4tl","id":"avgy48dr9oak4tl"},"id":"gs5k3x73j2hdcsw","previousOperationId":"54t4z9eewmeoglt"}
{"type":"operationStart","subtype":"pdfUtilsMerge","name":"pdf utils merge","previousOperationId":"54t4z9eewmeoglt","timestamp":1704831197291,"id":"nygkeyh0kpf35xe","previousEventId":"0mhf9qudu4b8kvv","operationId":"2crhe9kgr0i400j"}
{"type":"operationStart","subtype":"render","name":"orders-header","previousOperationId":"2crhe9kgr0i400j","timestamp":1704831197292,"id":"fbq9i6g6wk7b310","previousEventId":"nygkeyh0kpf35xe","operationId":"nnr9zq8w8c6jovi"}
{"type":"log","timestamp":1704831197292,"level":"info","message":"Starting rendering (child) request","meta":{"rootId":"avgy48dr9oak4tl","id":"sio0avfw2vw03un"},"id":"8awh3gmlqk5edoe","previousOperationId":"nnr9zq8w8c6jovi"}
{"type":"log","timestamp":1704831197292,"level":"info","message":"Rendering template { name: orders-header, recipe: chrome-pdf, engine: handlebars, preview: false }","meta":{"rootId":"avgy48dr9oak4tl","id":"sio0avfw2vw03un"},"id":"24167n7x0njshfu","previousOperationId":"nnr9zq8w8c6jovi"}
{"type":"log","timestamp":1704831197294,"level":"debug","message":"Inline data specified.","meta":{"rootId":"avgy48dr9oak4tl","id":"sio0avfw2vw03un"},"id":"qqwkvavs1kzwvlu","previousOperationId":"nnr9zq8w8c6jovi"}
{"type":"log","timestamp":1704831197296,"level":"debug","message":"Base url not specified, skipping its injection.","meta":{"rootId":"avgy48dr9oak4tl","id":"sio0avfw2vw03un"},"id":"7cdj7dvtctxcc7a","previousOperationId":"nnr9zq8w8c6jovi"}
{"type":"operationStart","subtype":"engine","name":"handlebars","timestamp":1704831197296,"id":"yhvnqrytx5v9ggx","previousEventId":"fbq9i6g6wk7b310","operationId":"7tc9ceb4dekvi2i","previousOperationId":"nnr9zq8w8c6jovi"}
{"type":"log","timestamp":1704831197296,"level":"debug","message":"Rendering engine handlebars","meta":{"rootId":"avgy48dr9oak4tl","id":"sio0avfw2vw03un"},"id":"5k2bysgg47ub4w1","previousOperationId":"7tc9ceb4dekvi2i"}
{"type":"operationEnd","operationId":"7tc9ceb4dekvi2i","timestamp":1704831197314,"id":"nf8q3yrk4nlv5x7","previousEventId":"yhvnqrytx5v9ggx","previousOperationId":"7tc9ceb4dekvi2i"}
{"type":"operationStart","subtype":"recipe","name":"chrome-pdf","timestamp":1704831197314,"id":"6r4mgawise6knqp","previousEventId":"nf8q3yrk4nlv5x7","operationId":"t424fauhkuzichk","previousOperationId":"7tc9ceb4dekvi2i"}
{"type":"log","timestamp":1704831197314,"level":"debug","message":"Executing recipe chrome-pdf","meta":{"rootId":"avgy48dr9oak4tl","id":"sio0avfw2vw03un"},"id":"p2478dad3e7baqz","previousOperationId":"t424fauhkuzichk"}
{"type":"log","timestamp":1704831197317,"level":"debug","message":"Converting with chrome HeadlessChrome/117.0.5938.149 using chrome-pool strategy","meta":{"rootId":"avgy48dr9oak4tl","id":"sio0avfw2vw03un"},"id":"77igrdgz402tdbi","previousOperationId":"t424fauhkuzichk"}
{"type":"log","timestamp":1704831197447,"level":"debug","message":"Page request: GET (document) file:///C:/Users/arida/AppData/Local/Temp/jsreport/autocleanup/3e1971a6-9726-4342-b86e-d81d2b0da1b8-chrome-pdf.html","meta":{"rootId":"avgy48dr9oak4tl","id":"sio0avfw2vw03un"},"id":"e0djvn30jfkxoi7","previousOperationId":"t424fauhkuzichk"}
{"type":"log","timestamp":1704831197459,"level":"debug","message":"Page request: GET (stylesheet) https://cdnjs.cloudflare.com/ajax/libs/metro/4.1.5/css/metro.min.css","meta":{"rootId":"avgy48dr9oak4tl","id":"sio0avfw2vw03un"},"id":"vdtf5bt4batakv5","previousOperationId":"t424fauhkuzichk"}
{"type":"log","timestamp":1704831197459,"level":"debug","message":"Page request finished: GET (document) 200 file:///C:/Users/arida/AppData/Local/Temp/jsreport/autocleanup/3e1971a6-9726-4342-b86e-d81d2b0da1b8-chrome-pdf.html","meta":{"rootId":"avgy48dr9oak4tl","id":"sio0avfw2vw03un"},"id":"3ppj0vcsottx5ig","previousOperationId":"t424fauhkuzichk"}
{"type":"log","timestamp":1704831197480,"level":"debug","message":"Page request finished: GET (stylesheet) 200 https://cdnjs.cloudflare.com/ajax/libs/metro/4.1.5/css/metro.min.css","meta":{"rootId":"avgy48dr9oak4tl","id":"sio0avfw2vw03un"},"id":"bd1r2862yb4doqk","previousOperationId":"t424fauhkuzichk"}
{"type":"log","timestamp":1704831197509,"level":"debug","message":"Running chrome with params {\"printBackground\":true,\"marginTop\":\"1.5cm\",\"marginRight\":\"1.5cm\",\"marginLeft\":\"1.cm\",\"timeout\":58174,\"margin\":{\"top\":\"1.5cm\",\"right\":\"1.5cm\",\"left\":\"1.cm\"}}","meta":{"rootId":"avgy48dr9oak4tl","id":"sio0avfw2vw03un"},"id":"31rfw6aael1gy3v","previousOperationId":"t424fauhkuzichk"}
{"type":"operationEnd","operationId":"t424fauhkuzichk","timestamp":1704831197567,"id":"vrloxbvsd4oo2zg","previousEventId":"6r4mgawise6knqp","previousOperationId":"t424fauhkuzichk"}
{"type":"log","timestamp":1704831197567,"level":"debug","message":"Skipping storing report.","meta":{"rootId":"avgy48dr9oak4tl","id":"sio0avfw2vw03un"},"id":"0j2pvk3trgj5bb0","previousOperationId":"t424fauhkuzichk"}
{"type":"log","timestamp":1704831197567,"level":"info","message":"Rendering (child) request finished in 2077 ms","meta":{"rootId":"avgy48dr9oak4tl","id":"sio0avfw2vw03un"},"id":"780xdojcz18hv8h","previousOperationId":"t424fauhkuzichk"}
{"type":"operationEnd","subtype":"render","operationId":"nnr9zq8w8c6jovi","timestamp":1704831197567,"id":"5cnyjxu2xtzbf09","previousEventId":"vrloxbvsd4oo2zg","previousOperationId":"t424fauhkuzichk"}
{"type":"operationEnd","operationId":"2crhe9kgr0i400j","timestamp":1704831197586,"id":"w7ssr9smtxo358v","previousEventId":"nygkeyh0kpf35xe","previousOperationId":"2crhe9kgr0i400j"}
{"type":"log","timestamp":1704831197586,"level":"debug","message":"pdf-utils postproces start","meta":{"rootId":"avgy48dr9oak4tl","id":"avgy48dr9oak4tl"},"id":"bvqyz4ilqep4ipl","previousOperationId":"2crhe9kgr0i400j"}
{"type":"log","timestamp":1704831197612,"level":"debug","message":"pdf-utils postproces end","meta":{"rootId":"avgy48dr9oak4tl","id":"avgy48dr9oak4tl"},"id":"d132fm1frbndn7s","previousOperationId":"2crhe9kgr0i400j"}
{"type":"operationEnd","operationId":"54t4z9eewmeoglt","timestamp":1704831197612,"id":"cnfvq93a5i8wrol","previousEventId":"w7ssr9smtxo358v","previousOperationId":"2crhe9kgr0i400j"}
{"type":"log","timestamp":1704831197612,"level":"info","message":"pdf-utils pdf processing was finished","meta":{"rootId":"avgy48dr9oak4tl","id":"avgy48dr9oak4tl"},"id":"diiwbmmhcy2zl4d","previousOperationId":"54t4z9eewmeoglt"}
{"type":"log","timestamp":1704831197612,"level":"debug","message":"Skipping storing report.","meta":{"rootId":"avgy48dr9oak4tl","id":"avgy48dr9oak4tl"},"id":"7zplzxj9xnym6zj","previousOperationId":"54t4z9eewmeoglt"}
{"type":"log","timestamp":1704831197612,"level":"info","message":"Rendering request 18 finished in 2122 ms","meta":{"rootId":"avgy48dr9oak4tl","id":"avgy48dr9oak4tl"},"id":"k1z4y5mtqq0s4uf","previousOperationId":"54t4z9eewmeoglt"}
{"type":"operationEnd","subtype":"render","operationId":"tflpkrx4gc8xqp6","timestamp":1704831197612,"id":"jx8lbht6bimdc3p","previousEventId":"cnfvq93a5i8wrol","previousOperationId":"54t4z9eewmeoglt"}
{"type":"operationEnd","doDiffs":false,"previousEventId":"s3vg93y71doktda","previousOperationId":"7xk0d6liqbqwsl3","operationId":"7xk0d6liqbqwsl3","timestamp":1704831197618,"id":"ko9b3fvq1tt3m0k"}
