{"type":"operationStart","subtype":"profile","data":{"_id":"uHivIAeu8r7RWJrr","timestamp":"2024-01-09T20:18:14.828Z","state":"queued","mode":"standard","creationDate":"2024-01-09T20:18:14.831Z","modificationDate":"2024-01-09T20:18:14.831Z","shortid":"NiJfcLc","$entitySet":"profiles"},"doDiffs":false,"timestamp":1704831494830,"id":"yf8xk7f8t072kqx","previousOperationId":null,"operationId":"yj5wh283qu5hhni"}
{"type":"log","level":"info","message":"Render request 23 queued for execution and waiting for available worker","previousOperationId":"yj5wh283qu5hhni","timestamp":1704831494830,"id":"9h9ozu6s1gfda8e"}
{"type":"operationStart","subtype":"render","name":"orders-main","previousOperationId":"yj5wh283qu5hhni","timestamp":1704831494835,"id":"rsve2sw99nula94","previousEventId":"yf8xk7f8t072kqx","operationId":"4u07ntb474go91a"}
{"type":"log","timestamp":1704831494835,"level":"info","message":"Starting rendering request 23","meta":{"rootId":"b2tekot3mohgtuk","id":"b2tekot3mohgtuk"},"id":"jl1511q4bsorhlz","previousOperationId":"4u07ntb474go91a"}
{"type":"log","timestamp":1704831494835,"level":"info","message":"Rendering template { name: orders-main, recipe: chrome-pdf, engine: handlebars, preview: false }","meta":{"rootId":"b2tekot3mohgtuk","id":"b2tekot3mohgtuk"},"id":"5xayod6svvkplon","previousOperationId":"4u07ntb474go91a"}
{"type":"log","timestamp":1704831494836,"level":"debug","message":"Data item not defined for this template.","meta":{"rootId":"b2tekot3mohgtuk","id":"b2tekot3mohgtuk"},"id":"efyq3x7n0sb5kwu","previousOperationId":"4u07ntb474go91a"}
{"type":"log","timestamp":1704831494839,"level":"debug","message":"Executing script orders-script (beforeRender)","meta":{"rootId":"b2tekot3mohgtuk","id":"b2tekot3mohgtuk"},"id":"durlutc4k4378vy","previousOperationId":"4u07ntb474go91a"}
{"type":"operationStart","subtype":"scriptsBeforeRender","name":"scripts beforeRender","timestamp":1704831494848,"id":"ct00gzxl3tgo4na","previousEventId":"rsve2sw99nula94","operationId":"14965gafvdl6c9i","previousOperationId":"4u07ntb474go91a"}
{"type":"operationStart","subtype":"script","name":"scripts orders-script","previousOperationId":"14965gafvdl6c9i","timestamp":1704831494848,"id":"40pzw6ms5thinlv","previousEventId":"ct00gzxl3tgo4na","operationId":"ol0xk92tq97ml7b"}
{"type":"log","timestamp":1704831494849,"level":"debug","message":"(console:log) {\n  http: [Getter/Setter],\n  rootId: [Getter/Setter],\n  id: [Getter/Setter],\n  reportCounter: [Getter/Setter],\n  startTimestamp: [Getter/Setter],\n  logs: [Getter/Setter],\n  skipValidationFor: {\n    _id: 'uHivIAeu8r7RWJrr',\n    timestamp: 2024-01-09T20:18:14.828Z,\n    state: 'queued',\n    mode: 'standard',\n    creationDate: 2024-01-09T20:18:14.831Z,\n    modificationDate: 2024-01-09T20:18:14.831Z,\n    shortid: 'NiJfcLc'\n  },\n  shared: {},\n  originalInputDataIsEmpty: [Getter/Setter],\n  currentFolderPath: [Getter/Setter],\n  sampleData: [Getter/Setter]\n}","meta":{"userLevel":true,"rootId":"b2tekot3mohgtuk","id":"b2tekot3mohgtuk"},"id":"c5kql7yawmwoap0","previousOperationId":"ol0xk92tq97ml7b"}
{"type":"operationEnd","operationId":"ol0xk92tq97ml7b","timestamp":1704831496227,"id":"w2mdkuz9reft1nh","previousEventId":"rsve2sw99nula94","previousOperationId":"4u07ntb474go91a"}
{"type":"operationEnd","operationId":"14965gafvdl6c9i","timestamp":1704831496227,"id":"t1bs7eknlkiiugn","previousEventId":"w2mdkuz9reft1nh","previousOperationId":"4u07ntb474go91a"}
{"type":"log","timestamp":1704831496227,"level":"debug","message":"Base url not specified, skipping its injection.","meta":{"rootId":"b2tekot3mohgtuk","id":"b2tekot3mohgtuk"},"id":"siup5gi5n2ptt73","previousOperationId":"14965gafvdl6c9i"}
{"type":"operationStart","subtype":"engine","name":"handlebars","timestamp":1704831496227,"id":"dahwmbdm7mdurpi","previousEventId":"t1bs7eknlkiiugn","operationId":"33cbj18mmwrifxa","previousOperationId":"14965gafvdl6c9i"}
{"type":"log","timestamp":1704831496227,"level":"debug","message":"Rendering engine handlebars","meta":{"rootId":"b2tekot3mohgtuk","id":"b2tekot3mohgtuk"},"id":"8mln8e0db2q0kye","previousOperationId":"33cbj18mmwrifxa"}
{"type":"log","timestamp":1704831496236,"level":"debug","message":"(console:log) Pdf utils adding group field, value: \"France\"","meta":{"userLevel":true,"rootId":"b2tekot3mohgtuk","id":"b2tekot3mohgtuk"},"id":"wiht3puhsdfczjj","previousOperationId":"33cbj18mmwrifxa"}
{"type":"log","timestamp":1704831496236,"level":"debug","message":"(console:log) Pdf utils adding group field, value: \"Germany\"","meta":{"userLevel":true,"rootId":"b2tekot3mohgtuk","id":"b2tekot3mohgtuk"},"id":"aic061crhdtnnqs","previousOperationId":"33cbj18mmwrifxa"}
{"type":"operationEnd","operationId":"33cbj18mmwrifxa","timestamp":1704831496236,"id":"jcvi89630i6rhdb","previousEventId":"dahwmbdm7mdurpi","previousOperationId":"33cbj18mmwrifxa"}
{"type":"operationStart","subtype":"recipe","name":"chrome-pdf","timestamp":1704831496237,"id":"evd1666ddpptb1g","previousEventId":"jcvi89630i6rhdb","operationId":"dm6gxs9mg9l4sjr","previousOperationId":"33cbj18mmwrifxa"}
{"type":"log","timestamp":1704831496237,"level":"debug","message":"Executing recipe chrome-pdf","meta":{"rootId":"b2tekot3mohgtuk","id":"b2tekot3mohgtuk"},"id":"fcm11apkmtf7yw9","previousOperationId":"dm6gxs9mg9l4sjr"}
{"type":"log","timestamp":1704831496240,"level":"debug","message":"Converting with chrome HeadlessChrome/117.0.5938.149 using chrome-pool strategy","meta":{"rootId":"b2tekot3mohgtuk","id":"b2tekot3mohgtuk"},"id":"x5rqzbu479cm8eh","previousOperationId":"dm6gxs9mg9l4sjr"}
{"type":"log","timestamp":1704831496368,"level":"debug","message":"Page request: GET (document) file:///C:/Users/arida/AppData/Local/Temp/jsreport/autocleanup/b1781f0d-a0e7-4143-93ba-227414e562a8-chrome-pdf.html","meta":{"rootId":"b2tekot3mohgtuk","id":"b2tekot3mohgtuk"},"id":"5uoem3r9ykpaaro","previousOperationId":"dm6gxs9mg9l4sjr"}
{"type":"log","timestamp":1704831496428,"level":"debug","message":"Page request: GET (stylesheet) https://cdnjs.cloudflare.com/ajax/libs/metro/4.1.5/css/metro.min.css","meta":{"rootId":"b2tekot3mohgtuk","id":"b2tekot3mohgtuk"},"id":"m10lv6c8zid9k8z","previousOperationId":"dm6gxs9mg9l4sjr"}
{"type":"log","timestamp":1704831496429,"level":"debug","message":"Page request: GET (script) https://cdnjs.cloudflare.com/ajax/libs/Chart.js/2.7.2/Chart.min.js","meta":{"rootId":"b2tekot3mohgtuk","id":"b2tekot3mohgtuk"},"id":"d268omrja4ovmrk","previousOperationId":"dm6gxs9mg9l4sjr"}
{"type":"log","timestamp":1704831496430,"level":"debug","message":"Page request finished: GET (document) 200 file:///C:/Users/arida/AppData/Local/Temp/jsreport/autocleanup/b1781f0d-a0e7-4143-93ba-227414e562a8-chrome-pdf.html","meta":{"rootId":"b2tekot3mohgtuk","id":"b2tekot3mohgtuk"},"id":"zt64ens8ybwunap","previousOperationId":"dm6gxs9mg9l4sjr"}
{"type":"log","timestamp":1704831496456,"level":"debug","message":"Page request finished: GET (stylesheet) 200 https://cdnjs.cloudflare.com/ajax/libs/metro/4.1.5/css/metro.min.css","meta":{"rootId":"b2tekot3mohgtuk","id":"b2tekot3mohgtuk"},"id":"gmk5bnf7wirwo66","previousOperationId":"dm6gxs9mg9l4sjr"}
{"type":"log","timestamp":1704831496457,"level":"debug","message":"Page request finished: GET (script) 200 https://cdnjs.cloudflare.com/ajax/libs/Chart.js/2.7.2/Chart.min.js","meta":{"rootId":"b2tekot3mohgtuk","id":"b2tekot3mohgtuk"},"id":"atmr5aj8t7edqod","previousOperationId":"dm6gxs9mg9l4sjr"}
{"type":"log","timestamp":1704831496539,"level":"debug","message":"Running chrome with params {\"printBackground\":true,\"marginTop\":\"4cm\",\"marginRight\":\"1.5cm\",\"marginBottom\":\"1.5cm\",\"marginLeft\":\"1.5cm\",\"waitForJS\":false,\"timeout\":58589,\"margin\":{\"top\":\"4cm\",\"right\":\"1.5cm\",\"bottom\":\"1.5cm\",\"left\":\"1.5cm\"}}","meta":{"rootId":"b2tekot3mohgtuk","id":"b2tekot3mohgtuk"},"id":"nhzl98eo7lv12zk","previousOperationId":"dm6gxs9mg9l4sjr"}
{"type":"operationEnd","operationId":"dm6gxs9mg9l4sjr","timestamp":1704831496696,"id":"jjvji56zknl7ro4","previousEventId":"evd1666ddpptb1g","previousOperationId":"dm6gxs9mg9l4sjr"}
{"type":"log","timestamp":1704831496696,"level":"info","message":"pdf-utils is starting pdf processing","meta":{"rootId":"b2tekot3mohgtuk","id":"b2tekot3mohgtuk"},"id":"5mm7y3z0z51lsl6","previousOperationId":"dm6gxs9mg9l4sjr"}
{"type":"operationStart","subtype":"pdfUtils","name":"pdf utils","timestamp":1704831496696,"id":"l0iazk4rg7aunp7","previousEventId":"jjvji56zknl7ro4","operationId":"oi7w9ar2w2byc1x","previousOperationId":"dm6gxs9mg9l4sjr"}
{"type":"log","timestamp":1704831496696,"level":"debug","message":"pdf-utils detected 1 pdf operation(s) to process","meta":{"rootId":"b2tekot3mohgtuk","id":"b2tekot3mohgtuk"},"id":"58ehgq9ol6398at","previousOperationId":"oi7w9ar2w2byc1x"}
{"type":"log","timestamp":1704831496724,"level":"debug","message":"pdf-utils running pdf operation merge","meta":{"rootId":"b2tekot3mohgtuk","id":"b2tekot3mohgtuk"},"id":"4vn95ukvpxynvo0","previousOperationId":"oi7w9ar2w2byc1x"}
{"type":"operationStart","subtype":"pdfUtilsMerge","name":"pdf utils merge","previousOperationId":"oi7w9ar2w2byc1x","timestamp":1704831496724,"id":"knwe1k1g3hwxjzk","previousEventId":"l0iazk4rg7aunp7","operationId":"0a5q8z8jper47hi"}
{"type":"operationStart","subtype":"render","name":"orders-header","previousOperationId":"0a5q8z8jper47hi","timestamp":1704831496725,"id":"satvjiy9zzwc7gn","previousEventId":"knwe1k1g3hwxjzk","operationId":"0pt49ur0sz4fj6f"}
{"type":"log","timestamp":1704831496725,"level":"info","message":"Starting rendering (child) request","meta":{"rootId":"b2tekot3mohgtuk","id":"jxily3y0ig1rpoe"},"id":"ie2e0um2u1oi655","previousOperationId":"0pt49ur0sz4fj6f"}
{"type":"log","timestamp":1704831496725,"level":"info","message":"Rendering template { name: orders-header, recipe: chrome-pdf, engine: handlebars, preview: false }","meta":{"rootId":"b2tekot3mohgtuk","id":"jxily3y0ig1rpoe"},"id":"55urqrh3dofrmez","previousOperationId":"0pt49ur0sz4fj6f"}
{"type":"log","timestamp":1704831496726,"level":"debug","message":"Inline data specified.","meta":{"rootId":"b2tekot3mohgtuk","id":"jxily3y0ig1rpoe"},"id":"dekmz8uqw6atkh1","previousOperationId":"0pt49ur0sz4fj6f"}
{"type":"log","timestamp":1704831496728,"level":"debug","message":"Base url not specified, skipping its injection.","meta":{"rootId":"b2tekot3mohgtuk","id":"jxily3y0ig1rpoe"},"id":"g4fy9vuz1oe2bly","previousOperationId":"0pt49ur0sz4fj6f"}
{"type":"operationStart","subtype":"engine","name":"handlebars","timestamp":1704831496728,"id":"k0v4wyhquz2836n","previousEventId":"satvjiy9zzwc7gn","operationId":"zchmobh96bg2ct3","previousOperationId":"0pt49ur0sz4fj6f"}
{"type":"log","timestamp":1704831496728,"level":"debug","message":"Rendering engine handlebars","meta":{"rootId":"b2tekot3mohgtuk","id":"jxily3y0ig1rpoe"},"id":"hxedf442bbf65wc","previousOperationId":"zchmobh96bg2ct3"}
{"type":"operationEnd","operationId":"zchmobh96bg2ct3","timestamp":1704831496743,"id":"d52m61jzyyxgq2o","previousEventId":"k0v4wyhquz2836n","previousOperationId":"zchmobh96bg2ct3"}
{"type":"operationStart","subtype":"recipe","name":"chrome-pdf","timestamp":1704831496743,"id":"fcwvo8i273xutnv","previousEventId":"d52m61jzyyxgq2o","operationId":"xnjor9proo9ml9k","previousOperationId":"zchmobh96bg2ct3"}
{"type":"log","timestamp":1704831496743,"level":"debug","message":"Executing recipe chrome-pdf","meta":{"rootId":"b2tekot3mohgtuk","id":"jxily3y0ig1rpoe"},"id":"y9w8d8k6fkkzaw5","previousOperationId":"xnjor9proo9ml9k"}
{"type":"log","timestamp":1704831496746,"level":"debug","message":"Converting with chrome HeadlessChrome/117.0.5938.149 using chrome-pool strategy","meta":{"rootId":"b2tekot3mohgtuk","id":"jxily3y0ig1rpoe"},"id":"hmwz2ij39dsgpnw","previousOperationId":"xnjor9proo9ml9k"}
{"type":"log","timestamp":1704831496868,"level":"debug","message":"Page request: GET (document) file:///C:/Users/arida/AppData/Local/Temp/jsreport/autocleanup/65d3a452-d05f-4a8d-8b0c-d2dfce32e101-chrome-pdf.html","meta":{"rootId":"b2tekot3mohgtuk","id":"jxily3y0ig1rpoe"},"id":"zcbiysnnap1l7bh","previousOperationId":"xnjor9proo9ml9k"}
{"type":"log","timestamp":1704831496879,"level":"debug","message":"Page request: GET (stylesheet) https://cdnjs.cloudflare.com/ajax/libs/metro/4.1.5/css/metro.min.css","meta":{"rootId":"b2tekot3mohgtuk","id":"jxily3y0ig1rpoe"},"id":"2lmmcvl30b41qvp","previousOperationId":"xnjor9proo9ml9k"}
{"type":"log","timestamp":1704831496880,"level":"debug","message":"Page request finished: GET (document) 200 file:///C:/Users/arida/AppData/Local/Temp/jsreport/autocleanup/65d3a452-d05f-4a8d-8b0c-d2dfce32e101-chrome-pdf.html","meta":{"rootId":"b2tekot3mohgtuk","id":"jxily3y0ig1rpoe"},"id":"f4jg1kac5lzdeh9","previousOperationId":"xnjor9proo9ml9k"}
{"type":"log","timestamp":1704831496902,"level":"debug","message":"Page request finished: GET (stylesheet) 200 https://cdnjs.cloudflare.com/ajax/libs/metro/4.1.5/css/metro.min.css","meta":{"rootId":"b2tekot3mohgtuk","id":"jxily3y0ig1rpoe"},"id":"n6240p5efospyvs","previousOperationId":"xnjor9proo9ml9k"}
{"type":"log","timestamp":1704831496929,"level":"debug","message":"Running chrome with params {\"printBackground\":true,\"marginTop\":\"1.5cm\",\"marginRight\":\"1.5cm\",\"marginLeft\":\"1.cm\",\"timeout\":58083,\"margin\":{\"top\":\"1.5cm\",\"right\":\"1.5cm\",\"left\":\"1.cm\"}}","meta":{"rootId":"b2tekot3mohgtuk","id":"jxily3y0ig1rpoe"},"id":"wabyd2ig56qw7xy","previousOperationId":"xnjor9proo9ml9k"}
{"type":"operationEnd","operationId":"xnjor9proo9ml9k","timestamp":1704831496988,"id":"zz8lnnnrl976he8","previousEventId":"fcwvo8i273xutnv","previousOperationId":"xnjor9proo9ml9k"}
{"type":"log","timestamp":1704831496988,"level":"debug","message":"Skipping storing report.","meta":{"rootId":"b2tekot3mohgtuk","id":"jxily3y0ig1rpoe"},"id":"g2j6rop675rf9xf","previousOperationId":"xnjor9proo9ml9k"}
{"type":"log","timestamp":1704831496988,"level":"info","message":"Rendering (child) request finished in 2160 ms","meta":{"rootId":"b2tekot3mohgtuk","id":"jxily3y0ig1rpoe"},"id":"n8pd45nacxpzv5o","previousOperationId":"xnjor9proo9ml9k"}
{"type":"operationEnd","subtype":"render","operationId":"0pt49ur0sz4fj6f","timestamp":1704831496988,"id":"ow4lvzdlvuvenoz","previousEventId":"zz8lnnnrl976he8","previousOperationId":"xnjor9proo9ml9k"}
{"type":"operationEnd","operationId":"0a5q8z8jper47hi","timestamp":1704831497006,"id":"yhk2cc1psjtxqwl","previousEventId":"knwe1k1g3hwxjzk","previousOperationId":"0a5q8z8jper47hi"}
{"type":"log","timestamp":1704831497006,"level":"debug","message":"pdf-utils postproces start","meta":{"rootId":"b2tekot3mohgtuk","id":"b2tekot3mohgtuk"},"id":"xcpe1iy97mfnbh8","previousOperationId":"0a5q8z8jper47hi"}
{"type":"log","timestamp":1704831497029,"level":"debug","message":"pdf-utils postproces end","meta":{"rootId":"b2tekot3mohgtuk","id":"b2tekot3mohgtuk"},"id":"9a0mhz23kmkx9uu","previousOperationId":"0a5q8z8jper47hi"}
{"type":"operationEnd","operationId":"oi7w9ar2w2byc1x","timestamp":1704831497029,"id":"ofhcvxsorb108bo","previousEventId":"yhk2cc1psjtxqwl","previousOperationId":"0a5q8z8jper47hi"}
{"type":"log","timestamp":1704831497029,"level":"info","message":"pdf-utils pdf processing was finished","meta":{"rootId":"b2tekot3mohgtuk","id":"b2tekot3mohgtuk"},"id":"cqnarf28qo42wk4","previousOperationId":"oi7w9ar2w2byc1x"}
{"type":"log","timestamp":1704831497029,"level":"debug","message":"Skipping storing report.","meta":{"rootId":"b2tekot3mohgtuk","id":"b2tekot3mohgtuk"},"id":"kvdzov6vqrjgnyo","previousOperationId":"oi7w9ar2w2byc1x"}
{"type":"log","timestamp":1704831497029,"level":"info","message":"Rendering request 23 finished in 2201 ms","meta":{"rootId":"b2tekot3mohgtuk","id":"b2tekot3mohgtuk"},"id":"3vji2nohndflkz2","previousOperationId":"oi7w9ar2w2byc1x"}
{"type":"operationEnd","subtype":"render","operationId":"4u07ntb474go91a","timestamp":1704831497029,"id":"fezkoikank84mq4","previousEventId":"ofhcvxsorb108bo","previousOperationId":"oi7w9ar2w2byc1x"}
{"type":"operationEnd","doDiffs":false,"previousEventId":"yf8xk7f8t072kqx","previousOperationId":"yj5wh283qu5hhni","operationId":"yj5wh283qu5hhni","timestamp":1704831497035,"id":"gwe9eso59y1p329"}
