{"type":"operationStart","subtype":"profile","data":{"_id":"q2YcoykEaOcLjFeL","timestamp":"2024-01-09T20:05:42.394Z","state":"queued","mode":"standard","creationDate":"2024-01-09T20:05:42.397Z","modificationDate":"2024-01-09T20:05:42.397Z","shortid":"17a37cC","$entitySet":"profiles"},"doDiffs":false,"timestamp":1704830742395,"id":"imokc0axkt7z8u9","previousOperationId":null,"operationId":"azfrq4av5rgwd8i"}
{"type":"log","level":"info","message":"Render request 8 queued for execution and waiting for available worker","previousOperationId":"azfrq4av5rgwd8i","timestamp":1704830742395,"id":"euc0aldnwgpzkf9"}
{"type":"operationStart","subtype":"render","name":"orders-main","previousOperationId":"azfrq4av5rgwd8i","timestamp":1704830742414,"id":"thkpmg0w0frnvtp","previousEventId":"imokc0axkt7z8u9","operationId":"dxwb96reai6q147"}
{"type":"log","timestamp":1704830742414,"level":"info","message":"Starting rendering request 8","meta":{"rootId":"b4dsqpvdchy7e4a","id":"b4dsqpvdchy7e4a"},"id":"irn04pgr8lseh6j","previousOperationId":"dxwb96reai6q147"}
{"type":"log","timestamp":1704830742414,"level":"info","message":"Rendering template { name: orders-main, recipe: chrome-pdf, engine: handlebars, preview: true }","meta":{"rootId":"b4dsqpvdchy7e4a","id":"b4dsqpvdchy7e4a"},"id":"l2q7klhx5ovopp2","previousOperationId":"dxwb96reai6q147"}
{"type":"log","timestamp":1704830742421,"level":"debug","message":"Data item not defined for this template.","meta":{"rootId":"b4dsqpvdchy7e4a","id":"b4dsqpvdchy7e4a"},"id":"ekuasj7taa685sz","previousOperationId":"dxwb96reai6q147"}
{"type":"log","timestamp":1704830742425,"level":"debug","message":"Executing script orders-script (beforeRender)","meta":{"rootId":"b4dsqpvdchy7e4a","id":"b4dsqpvdchy7e4a"},"id":"to83peu5tla5kox","previousOperationId":"dxwb96reai6q147"}
{"type":"operationStart","subtype":"scriptsBeforeRender","name":"scripts beforeRender","timestamp":1704830742446,"id":"vtutv934r4q2s7j","previousEventId":"thkpmg0w0frnvtp","operationId":"sogoz81ut3tmmeo","previousOperationId":"dxwb96reai6q147"}
{"type":"operationStart","subtype":"script","name":"scripts orders-script","previousOperationId":"sogoz81ut3tmmeo","timestamp":1704830742447,"id":"ab0dsa7bd00d61h","previousEventId":"vtutv934r4q2s7j","operationId":"m00ns3e84m0f3uz"}
{"type":"log","timestamp":1704830743394,"level":"debug","message":"(console:log) 1","meta":{"userLevel":true,"rootId":"b4dsqpvdchy7e4a","id":"b4dsqpvdchy7e4a"},"id":"ny8ghfgfcl07gie","previousOperationId":"m00ns3e84m0f3uz"}
{"type":"operationEnd","operationId":"m00ns3e84m0f3uz","timestamp":1704830743796,"id":"s2660vrqw8ns632","previousEventId":"thkpmg0w0frnvtp","previousOperationId":"dxwb96reai6q147"}
{"type":"operationEnd","operationId":"sogoz81ut3tmmeo","timestamp":1704830743796,"id":"g6p2bxogjemeqwd","previousEventId":"s2660vrqw8ns632","previousOperationId":"dxwb96reai6q147"}
{"type":"log","timestamp":1704830743796,"level":"debug","message":"Base url not specified, skipping its injection.","meta":{"rootId":"b4dsqpvdchy7e4a","id":"b4dsqpvdchy7e4a"},"id":"2vk38h8f67dozvd","previousOperationId":"sogoz81ut3tmmeo"}
{"type":"operationStart","subtype":"engine","name":"handlebars","timestamp":1704830743796,"id":"tpnp8lp3kqdc0aj","previousEventId":"g6p2bxogjemeqwd","operationId":"abqmsid6hizuwqh","previousOperationId":"sogoz81ut3tmmeo"}
{"type":"log","timestamp":1704830743796,"level":"debug","message":"Rendering engine handlebars","meta":{"rootId":"b4dsqpvdchy7e4a","id":"b4dsqpvdchy7e4a"},"id":"5g9vpm80wask7nj","previousOperationId":"abqmsid6hizuwqh"}
{"type":"log","timestamp":1704830743809,"level":"debug","message":"(console:log) Pdf utils adding group field, value: \"France\"","meta":{"userLevel":true,"rootId":"b4dsqpvdchy7e4a","id":"b4dsqpvdchy7e4a"},"id":"7z6h5lq4xox7r5a","previousOperationId":"abqmsid6hizuwqh"}
{"type":"log","timestamp":1704830743809,"level":"debug","message":"(console:log) Pdf utils adding group field, value: \"Germany\"","meta":{"userLevel":true,"rootId":"b4dsqpvdchy7e4a","id":"b4dsqpvdchy7e4a"},"id":"zz76a8h92txhydg","previousOperationId":"abqmsid6hizuwqh"}
{"type":"operationEnd","operationId":"abqmsid6hizuwqh","timestamp":1704830743810,"id":"qp5uq1qcb2opu0y","previousEventId":"tpnp8lp3kqdc0aj","previousOperationId":"abqmsid6hizuwqh"}
{"type":"operationStart","subtype":"recipe","name":"chrome-pdf","timestamp":1704830743811,"id":"dp3s62y45w9xro1","previousEventId":"qp5uq1qcb2opu0y","operationId":"jvr5fr5x3aza4yv","previousOperationId":"abqmsid6hizuwqh"}
{"type":"log","timestamp":1704830743811,"level":"debug","message":"Executing recipe chrome-pdf","meta":{"rootId":"b4dsqpvdchy7e4a","id":"b4dsqpvdchy7e4a"},"id":"69ytnufctqo5gfi","previousOperationId":"jvr5fr5x3aza4yv"}
{"type":"log","timestamp":1704830743818,"level":"debug","message":"Converting with chrome HeadlessChrome/117.0.5938.149 using chrome-pool strategy","meta":{"rootId":"b4dsqpvdchy7e4a","id":"b4dsqpvdchy7e4a"},"id":"9wkcmihaq8mdgfz","previousOperationId":"jvr5fr5x3aza4yv"}
{"type":"log","timestamp":1704830743955,"level":"debug","message":"Page request: GET (document) file:///C:/Users/arida/AppData/Local/Temp/jsreport/autocleanup/26e5ed58-bcfa-4a58-82aa-b00131c80566-chrome-pdf.html","meta":{"rootId":"b4dsqpvdchy7e4a","id":"b4dsqpvdchy7e4a"},"id":"wslgmj3mcx0w10h","previousOperationId":"jvr5fr5x3aza4yv"}
{"type":"log","timestamp":1704830744008,"level":"debug","message":"Page request: GET (stylesheet) https://cdnjs.cloudflare.com/ajax/libs/metro/4.1.5/css/metro.min.css","meta":{"rootId":"b4dsqpvdchy7e4a","id":"b4dsqpvdchy7e4a"},"id":"yn5e3mx919a8emy","previousOperationId":"jvr5fr5x3aza4yv"}
{"type":"log","timestamp":1704830744009,"level":"debug","message":"Page request: GET (script) https://cdnjs.cloudflare.com/ajax/libs/Chart.js/2.7.2/Chart.min.js","meta":{"rootId":"b4dsqpvdchy7e4a","id":"b4dsqpvdchy7e4a"},"id":"2013z70vgjfd1ec","previousOperationId":"jvr5fr5x3aza4yv"}
{"type":"log","timestamp":1704830744009,"level":"debug","message":"Page request finished: GET (document) 200 file:///C:/Users/arida/AppData/Local/Temp/jsreport/autocleanup/26e5ed58-bcfa-4a58-82aa-b00131c80566-chrome-pdf.html","meta":{"rootId":"b4dsqpvdchy7e4a","id":"b4dsqpvdchy7e4a"},"id":"uav6bcqsh9sb97a","previousOperationId":"jvr5fr5x3aza4yv"}
{"type":"log","timestamp":1704830744030,"level":"debug","message":"Page request finished: GET (stylesheet) 200 https://cdnjs.cloudflare.com/ajax/libs/metro/4.1.5/css/metro.min.css","meta":{"rootId":"b4dsqpvdchy7e4a","id":"b4dsqpvdchy7e4a"},"id":"pmpv5bqrvyizyx9","previousOperationId":"jvr5fr5x3aza4yv"}
{"type":"log","timestamp":1704830744031,"level":"debug","message":"Page request finished: GET (script) 200 https://cdnjs.cloudflare.com/ajax/libs/Chart.js/2.7.2/Chart.min.js","meta":{"rootId":"b4dsqpvdchy7e4a","id":"b4dsqpvdchy7e4a"},"id":"7dt2e7ddicdurqf","previousOperationId":"jvr5fr5x3aza4yv"}
{"type":"log","timestamp":1704830744120,"level":"debug","message":"Running chrome with params {\"printBackground\":true,\"marginTop\":\"4cm\",\"marginRight\":\"1.5cm\",\"marginBottom\":\"1.5cm\",\"marginLeft\":\"1.5cm\",\"waitForJS\":false,\"timeout\":58578,\"margin\":{\"top\":\"4cm\",\"right\":\"1.5cm\",\"bottom\":\"1.5cm\",\"left\":\"1.5cm\"}}","meta":{"rootId":"b4dsqpvdchy7e4a","id":"b4dsqpvdchy7e4a"},"id":"7ihcdp4lua90skq","previousOperationId":"jvr5fr5x3aza4yv"}
{"type":"operationEnd","operationId":"jvr5fr5x3aza4yv","timestamp":1704830744279,"id":"47ofhqox1ttk73s","previousEventId":"dp3s62y45w9xro1","previousOperationId":"jvr5fr5x3aza4yv"}
{"type":"log","timestamp":1704830744279,"level":"info","message":"pdf-utils is starting pdf processing","meta":{"rootId":"b4dsqpvdchy7e4a","id":"b4dsqpvdchy7e4a"},"id":"met5dno90jh7966","previousOperationId":"jvr5fr5x3aza4yv"}
{"type":"operationStart","subtype":"pdfUtils","name":"pdf utils","timestamp":1704830744279,"id":"7aurgwv1ycx6b1e","previousEventId":"47ofhqox1ttk73s","operationId":"hf8aotj35p84hwk","previousOperationId":"jvr5fr5x3aza4yv"}
{"type":"log","timestamp":1704830744279,"level":"debug","message":"pdf-utils detected 1 pdf operation(s) to process","meta":{"rootId":"b4dsqpvdchy7e4a","id":"b4dsqpvdchy7e4a"},"id":"c5jno5cboo3da64","previousOperationId":"hf8aotj35p84hwk"}
{"type":"log","timestamp":1704830744322,"level":"debug","message":"pdf-utils running pdf operation merge","meta":{"rootId":"b4dsqpvdchy7e4a","id":"b4dsqpvdchy7e4a"},"id":"ibztnsipxzsylvs","previousOperationId":"hf8aotj35p84hwk"}
{"type":"operationStart","subtype":"pdfUtilsMerge","name":"pdf utils merge","previousOperationId":"hf8aotj35p84hwk","timestamp":1704830744322,"id":"49mbi7mfizuxbjd","previousEventId":"7aurgwv1ycx6b1e","operationId":"ktxpoutfhx1mysg"}
{"type":"operationStart","subtype":"render","name":"orders-header","previousOperationId":"ktxpoutfhx1mysg","timestamp":1704830744324,"id":"iycjobavgtenmo9","previousEventId":"49mbi7mfizuxbjd","operationId":"vsi4scrkgu2rc9v"}
{"type":"log","timestamp":1704830744324,"level":"info","message":"Starting rendering (child) request","meta":{"rootId":"b4dsqpvdchy7e4a","id":"nzy91728x60fwlg"},"id":"3g9d9xveicz65bh","previousOperationId":"vsi4scrkgu2rc9v"}
{"type":"log","timestamp":1704830744324,"level":"info","message":"Rendering template { name: orders-header, recipe: chrome-pdf, engine: handlebars, preview: true }","meta":{"rootId":"b4dsqpvdchy7e4a","id":"nzy91728x60fwlg"},"id":"r4lhaocx5u25l65","previousOperationId":"vsi4scrkgu2rc9v"}
{"type":"log","timestamp":1704830744325,"level":"debug","message":"Inline data specified.","meta":{"rootId":"b4dsqpvdchy7e4a","id":"nzy91728x60fwlg"},"id":"w4vj3b7h63x0r8t","previousOperationId":"vsi4scrkgu2rc9v"}
{"type":"log","timestamp":1704830744329,"level":"debug","message":"Base url not specified, skipping its injection.","meta":{"rootId":"b4dsqpvdchy7e4a","id":"nzy91728x60fwlg"},"id":"4c2afk7r0nsfqig","previousOperationId":"vsi4scrkgu2rc9v"}
{"type":"operationStart","subtype":"engine","name":"handlebars","timestamp":1704830744329,"id":"l7pwldwp9msqn3z","previousEventId":"iycjobavgtenmo9","operationId":"5ksa0rtjwxj3y17","previousOperationId":"vsi4scrkgu2rc9v"}
{"type":"log","timestamp":1704830744329,"level":"debug","message":"Rendering engine handlebars","meta":{"rootId":"b4dsqpvdchy7e4a","id":"nzy91728x60fwlg"},"id":"5ylyd7510of64cq","previousOperationId":"5ksa0rtjwxj3y17"}
{"type":"operationEnd","operationId":"5ksa0rtjwxj3y17","timestamp":1704830744359,"id":"x05vvxbwhyerqix","previousEventId":"l7pwldwp9msqn3z","previousOperationId":"5ksa0rtjwxj3y17"}
{"type":"operationStart","subtype":"recipe","name":"chrome-pdf","timestamp":1704830744359,"id":"uwqexhqmv94ksw5","previousEventId":"x05vvxbwhyerqix","operationId":"z123qvabmhqoq05","previousOperationId":"5ksa0rtjwxj3y17"}
{"type":"log","timestamp":1704830744359,"level":"debug","message":"Executing recipe chrome-pdf","meta":{"rootId":"b4dsqpvdchy7e4a","id":"nzy91728x60fwlg"},"id":"oh1vf3wpax2q2qh","previousOperationId":"z123qvabmhqoq05"}
{"type":"log","timestamp":1704830744363,"level":"debug","message":"Converting with chrome HeadlessChrome/117.0.5938.149 using chrome-pool strategy","meta":{"rootId":"b4dsqpvdchy7e4a","id":"nzy91728x60fwlg"},"id":"998y3j24ww8j1rr","previousOperationId":"z123qvabmhqoq05"}
{"type":"log","timestamp":1704830744500,"level":"debug","message":"Page request: GET (document) file:///C:/Users/arida/AppData/Local/Temp/jsreport/autocleanup/80780ec9-87cc-4f88-bf26-16a254bcf49b-chrome-pdf.html","meta":{"rootId":"b4dsqpvdchy7e4a","id":"nzy91728x60fwlg"},"id":"xwe7v2gycaf9k3p","previousOperationId":"z123qvabmhqoq05"}
{"type":"log","timestamp":1704830744515,"level":"debug","message":"Page request finished: GET (document) 200 file:///C:/Users/arida/AppData/Local/Temp/jsreport/autocleanup/80780ec9-87cc-4f88-bf26-16a254bcf49b-chrome-pdf.html","meta":{"rootId":"b4dsqpvdchy7e4a","id":"nzy91728x60fwlg"},"id":"hbuyc3lzyakh76n","previousOperationId":"z123qvabmhqoq05"}
{"type":"log","timestamp":1704830744515,"level":"debug","message":"Page request: GET (stylesheet) https://cdnjs.cloudflare.com/ajax/libs/metro/4.1.5/css/metro.min.css","meta":{"rootId":"b4dsqpvdchy7e4a","id":"nzy91728x60fwlg"},"id":"c7ov1q5fsha60hp","previousOperationId":"z123qvabmhqoq05"}
{"type":"log","timestamp":1704830744553,"level":"debug","message":"Page request finished: GET (stylesheet) 200 https://cdnjs.cloudflare.com/ajax/libs/metro/4.1.5/css/metro.min.css","meta":{"rootId":"b4dsqpvdchy7e4a","id":"nzy91728x60fwlg"},"id":"d0xgq1b1kgknmu8","previousOperationId":"z123qvabmhqoq05"}
{"type":"log","timestamp":1704830744588,"level":"debug","message":"Running chrome with params {\"printBackground\":true,\"marginTop\":\"1.5cm\",\"marginRight\":\"1.5cm\",\"marginLeft\":\"1.cm\",\"timeout\":58032,\"margin\":{\"top\":\"1.5cm\",\"right\":\"1.5cm\",\"left\":\"1.cm\"}}","meta":{"rootId":"b4dsqpvdchy7e4a","id":"nzy91728x60fwlg"},"id":"l0ftf6qdptu77dc","previousOperationId":"z123qvabmhqoq05"}
{"type":"operationEnd","operationId":"z123qvabmhqoq05","timestamp":1704830744691,"id":"wdmfkgzh2kg8fb3","previousEventId":"uwqexhqmv94ksw5","previousOperationId":"z123qvabmhqoq05"}
{"type":"log","timestamp":1704830744691,"level":"debug","message":"Skipping storing report.","meta":{"rootId":"b4dsqpvdchy7e4a","id":"nzy91728x60fwlg"},"id":"u14ubgvitaf3ihn","previousOperationId":"z123qvabmhqoq05"}
{"type":"log","timestamp":1704830744691,"level":"info","message":"Rendering (child) request finished in 2297 ms","meta":{"rootId":"b4dsqpvdchy7e4a","id":"nzy91728x60fwlg"},"id":"fjkn9gftxuhfznh","previousOperationId":"z123qvabmhqoq05"}
{"type":"operationEnd","subtype":"render","operationId":"vsi4scrkgu2rc9v","timestamp":1704830744691,"id":"hitbn6m9cz36r9u","previousEventId":"wdmfkgzh2kg8fb3","previousOperationId":"z123qvabmhqoq05"}
{"type":"operationEnd","operationId":"ktxpoutfhx1mysg","timestamp":1704830744717,"id":"o4l0n6ecfjfv2y2","previousEventId":"49mbi7mfizuxbjd","previousOperationId":"ktxpoutfhx1mysg"}
{"type":"log","timestamp":1704830744717,"level":"debug","message":"pdf-utils postproces start","meta":{"rootId":"b4dsqpvdchy7e4a","id":"b4dsqpvdchy7e4a"},"id":"qrtxuhl7a9e0vq6","previousOperationId":"ktxpoutfhx1mysg"}
{"type":"log","timestamp":1704830744745,"level":"debug","message":"pdf-utils postproces end","meta":{"rootId":"b4dsqpvdchy7e4a","id":"b4dsqpvdchy7e4a"},"id":"3449pbjgc7wcef4","previousOperationId":"ktxpoutfhx1mysg"}
{"type":"operationEnd","operationId":"hf8aotj35p84hwk","timestamp":1704830744745,"id":"5w4vft19px0pubu","previousEventId":"o4l0n6ecfjfv2y2","previousOperationId":"ktxpoutfhx1mysg"}
{"type":"log","timestamp":1704830744745,"level":"info","message":"pdf-utils pdf processing was finished","meta":{"rootId":"b4dsqpvdchy7e4a","id":"b4dsqpvdchy7e4a"},"id":"wu5cyizuyckmtcd","previousOperationId":"hf8aotj35p84hwk"}
{"type":"log","timestamp":1704830744745,"level":"debug","message":"Skipping storing report.","meta":{"rootId":"b4dsqpvdchy7e4a","id":"b4dsqpvdchy7e4a"},"id":"xdq3qzdawiow3lm","previousOperationId":"hf8aotj35p84hwk"}
{"type":"log","timestamp":1704830744745,"level":"info","message":"Rendering request 8 finished in 2351 ms","meta":{"rootId":"b4dsqpvdchy7e4a","id":"b4dsqpvdchy7e4a"},"id":"n3zz6vu96fgwxk9","previousOperationId":"hf8aotj35p84hwk"}
{"type":"operationEnd","subtype":"render","operationId":"dxwb96reai6q147","timestamp":1704830744745,"id":"e3za4p9croz0q26","previousEventId":"5w4vft19px0pubu","previousOperationId":"hf8aotj35p84hwk"}
{"type":"operationEnd","doDiffs":false,"previousEventId":"imokc0axkt7z8u9","previousOperationId":"azfrq4av5rgwd8i","operationId":"azfrq4av5rgwd8i","timestamp":1704830744758,"id":"agfe7mii6979343"}
