{"type":"operationStart","subtype":"profile","data":{"_id":"1WOBnE7OE8ir3kBX","timestamp":"2024-01-09T20:04:07.485Z","state":"queued","mode":"standard","creationDate":"2024-01-09T20:04:07.487Z","modificationDate":"2024-01-09T20:04:07.487Z","shortid":"Cgwy8wZ","$entitySet":"profiles"},"doDiffs":false,"timestamp":1704830647487,"id":"scc4hbbw65qpt7j","previousOperationId":null,"operationId":"s0nys070gqhtckr"}
{"type":"log","level":"info","message":"Render request 5 queued for execution and waiting for available worker","previousOperationId":"s0nys070gqhtckr","timestamp":1704830647487,"id":"9zu8ta2v9nas2l0"}
{"type":"operationStart","subtype":"render","name":"orders-main","previousOperationId":"s0nys070gqhtckr","timestamp":1704830647491,"id":"ihe4ezuthszibb6","previousEventId":"scc4hbbw65qpt7j","operationId":"w5adzg1kkgx12zj"}
{"type":"log","timestamp":1704830647491,"level":"info","message":"Starting rendering request 5","meta":{"rootId":"bc9dmyw3zlrlrr4","id":"bc9dmyw3zlrlrr4"},"id":"fqn0v5q1m3wavo4","previousOperationId":"w5adzg1kkgx12zj"}
{"type":"log","timestamp":1704830647492,"level":"info","message":"Rendering template { name: orders-main, recipe: chrome-pdf, engine: handlebars, preview: false }","meta":{"rootId":"bc9dmyw3zlrlrr4","id":"bc9dmyw3zlrlrr4"},"id":"87jyyns8ntsprv6","previousOperationId":"w5adzg1kkgx12zj"}
{"type":"log","timestamp":1704830647493,"level":"debug","message":"Data item not defined for this template.","meta":{"rootId":"bc9dmyw3zlrlrr4","id":"bc9dmyw3zlrlrr4"},"id":"u9kcvbyftkflvg9","previousOperationId":"w5adzg1kkgx12zj"}
{"type":"log","timestamp":1704830647496,"level":"debug","message":"Executing script orders-script (beforeRender)","meta":{"rootId":"bc9dmyw3zlrlrr4","id":"bc9dmyw3zlrlrr4"},"id":"40v12edopm8j8z9","previousOperationId":"w5adzg1kkgx12zj"}
{"type":"operationStart","subtype":"scriptsBeforeRender","name":"scripts beforeRender","timestamp":1704830647505,"id":"g0xtkf6rvgrf59z","previousEventId":"ihe4ezuthszibb6","operationId":"3gvoincon4jdlb9","previousOperationId":"w5adzg1kkgx12zj"}
{"type":"operationStart","subtype":"script","name":"scripts orders-script","previousOperationId":"3gvoincon4jdlb9","timestamp":1704830647505,"id":"bhnu9kcu7jp9dse","previousEventId":"g0xtkf6rvgrf59z","operationId":"0fuxc6185hcisde"}
{"type":"log","timestamp":1704830648407,"level":"debug","message":"(console:log) undefined","meta":{"userLevel":true,"rootId":"bc9dmyw3zlrlrr4","id":"bc9dmyw3zlrlrr4"},"id":"0kjwks9070o4rna","previousOperationId":"0fuxc6185hcisde"}
{"type":"operationEnd","operationId":"0fuxc6185hcisde","timestamp":1704830648818,"id":"ng1q1nl1ugxnjz3","previousEventId":"ihe4ezuthszibb6","previousOperationId":"w5adzg1kkgx12zj"}
{"type":"operationEnd","operationId":"3gvoincon4jdlb9","timestamp":1704830648818,"id":"2prdv38zc34u31s","previousEventId":"ng1q1nl1ugxnjz3","previousOperationId":"w5adzg1kkgx12zj"}
{"type":"log","timestamp":1704830648818,"level":"debug","message":"Base url not specified, skipping its injection.","meta":{"rootId":"bc9dmyw3zlrlrr4","id":"bc9dmyw3zlrlrr4"},"id":"ezl9et80lfjxd1c","previousOperationId":"3gvoincon4jdlb9"}
{"type":"operationStart","subtype":"engine","name":"handlebars","timestamp":1704830648818,"id":"04gdvp6duexrtcx","previousEventId":"2prdv38zc34u31s","operationId":"xi5zq03sqbz1hwr","previousOperationId":"3gvoincon4jdlb9"}
{"type":"log","timestamp":1704830648818,"level":"debug","message":"Rendering engine handlebars","meta":{"rootId":"bc9dmyw3zlrlrr4","id":"bc9dmyw3zlrlrr4"},"id":"pu0lncd22rowxyb","previousOperationId":"xi5zq03sqbz1hwr"}
{"type":"log","timestamp":1704830648828,"level":"debug","message":"(console:log) Pdf utils adding group field, value: \"France\"","meta":{"userLevel":true,"rootId":"bc9dmyw3zlrlrr4","id":"bc9dmyw3zlrlrr4"},"id":"nlqwbhm7rsnjzw3","previousOperationId":"xi5zq03sqbz1hwr"}
{"type":"log","timestamp":1704830648829,"level":"debug","message":"(console:log) Pdf utils adding group field, value: \"Germany\"","meta":{"userLevel":true,"rootId":"bc9dmyw3zlrlrr4","id":"bc9dmyw3zlrlrr4"},"id":"o2u1z7r8pd8z4wl","previousOperationId":"xi5zq03sqbz1hwr"}
{"type":"operationEnd","operationId":"xi5zq03sqbz1hwr","timestamp":1704830648829,"id":"x13sxdl65tyftui","previousEventId":"04gdvp6duexrtcx","previousOperationId":"xi5zq03sqbz1hwr"}
{"type":"operationStart","subtype":"recipe","name":"chrome-pdf","timestamp":1704830648830,"id":"pb3fux77jn85zts","previousEventId":"x13sxdl65tyftui","operationId":"lw9yx42rcqwmbfi","previousOperationId":"xi5zq03sqbz1hwr"}
{"type":"log","timestamp":1704830648830,"level":"debug","message":"Executing recipe chrome-pdf","meta":{"rootId":"bc9dmyw3zlrlrr4","id":"bc9dmyw3zlrlrr4"},"id":"adbln2giydaj5x7","previousOperationId":"lw9yx42rcqwmbfi"}
{"type":"log","timestamp":1704830648833,"level":"debug","message":"Converting with chrome HeadlessChrome/117.0.5938.149 using chrome-pool strategy","meta":{"rootId":"bc9dmyw3zlrlrr4","id":"bc9dmyw3zlrlrr4"},"id":"hu3n45adlhhinke","previousOperationId":"lw9yx42rcqwmbfi"}
{"type":"log","timestamp":1704830648948,"level":"debug","message":"Page request: GET (document) file:///C:/Users/arida/AppData/Local/Temp/jsreport/autocleanup/af83f816-1a0b-4c11-904d-a3293ab5c178-chrome-pdf.html","meta":{"rootId":"bc9dmyw3zlrlrr4","id":"bc9dmyw3zlrlrr4"},"id":"bhe2hr5k0szuyri","previousOperationId":"lw9yx42rcqwmbfi"}
{"type":"log","timestamp":1704830648996,"level":"debug","message":"Page request: GET (stylesheet) https://cdnjs.cloudflare.com/ajax/libs/metro/4.1.5/css/metro.min.css","meta":{"rootId":"bc9dmyw3zlrlrr4","id":"bc9dmyw3zlrlrr4"},"id":"u7sg43ymf5gvn3z","previousOperationId":"lw9yx42rcqwmbfi"}
{"type":"log","timestamp":1704830648997,"level":"debug","message":"Page request: GET (script) https://cdnjs.cloudflare.com/ajax/libs/Chart.js/2.7.2/Chart.min.js","meta":{"rootId":"bc9dmyw3zlrlrr4","id":"bc9dmyw3zlrlrr4"},"id":"iv4b0qmokmwvtem","previousOperationId":"lw9yx42rcqwmbfi"}
{"type":"log","timestamp":1704830648997,"level":"debug","message":"Page request finished: GET (document) 200 file:///C:/Users/arida/AppData/Local/Temp/jsreport/autocleanup/af83f816-1a0b-4c11-904d-a3293ab5c178-chrome-pdf.html","meta":{"rootId":"bc9dmyw3zlrlrr4","id":"bc9dmyw3zlrlrr4"},"id":"cx3ajxe48oyqh70","previousOperationId":"lw9yx42rcqwmbfi"}
{"type":"log","timestamp":1704830649003,"level":"debug","message":"Page request finished: GET (script) 200 https://cdnjs.cloudflare.com/ajax/libs/Chart.js/2.7.2/Chart.min.js","meta":{"rootId":"bc9dmyw3zlrlrr4","id":"bc9dmyw3zlrlrr4"},"id":"r5kzzxjvbb8bkd0","previousOperationId":"lw9yx42rcqwmbfi"}
{"type":"log","timestamp":1704830649018,"level":"debug","message":"Page request finished: GET (stylesheet) 200 https://cdnjs.cloudflare.com/ajax/libs/metro/4.1.5/css/metro.min.css","meta":{"rootId":"bc9dmyw3zlrlrr4","id":"bc9dmyw3zlrlrr4"},"id":"jvu3l0ku0wuzc27","previousOperationId":"lw9yx42rcqwmbfi"}
{"type":"log","timestamp":1704830649090,"level":"debug","message":"Running chrome with params {\"printBackground\":true,\"marginTop\":\"4cm\",\"marginRight\":\"1.5cm\",\"marginBottom\":\"1.5cm\",\"marginLeft\":\"1.5cm\",\"waitForJS\":false,\"timeout\":58652,\"margin\":{\"top\":\"4cm\",\"right\":\"1.5cm\",\"bottom\":\"1.5cm\",\"left\":\"1.5cm\"}}","meta":{"rootId":"bc9dmyw3zlrlrr4","id":"bc9dmyw3zlrlrr4"},"id":"jnrn2bzl5nbob76","previousOperationId":"lw9yx42rcqwmbfi"}
{"type":"operationEnd","operationId":"lw9yx42rcqwmbfi","timestamp":1704830649243,"id":"at6wz7zic6m78xu","previousEventId":"pb3fux77jn85zts","previousOperationId":"lw9yx42rcqwmbfi"}
{"type":"log","timestamp":1704830649243,"level":"info","message":"pdf-utils is starting pdf processing","meta":{"rootId":"bc9dmyw3zlrlrr4","id":"bc9dmyw3zlrlrr4"},"id":"h8waf202fom1rg1","previousOperationId":"lw9yx42rcqwmbfi"}
{"type":"operationStart","subtype":"pdfUtils","name":"pdf utils","timestamp":1704830649243,"id":"q28r5akqghyi0rp","previousEventId":"at6wz7zic6m78xu","operationId":"uc7vw2g76lrfetl","previousOperationId":"lw9yx42rcqwmbfi"}
{"type":"log","timestamp":1704830649243,"level":"debug","message":"pdf-utils detected 1 pdf operation(s) to process","meta":{"rootId":"bc9dmyw3zlrlrr4","id":"bc9dmyw3zlrlrr4"},"id":"7r87ulga6lqrnac","previousOperationId":"uc7vw2g76lrfetl"}
{"type":"log","timestamp":1704830649276,"level":"debug","message":"pdf-utils running pdf operation merge","meta":{"rootId":"bc9dmyw3zlrlrr4","id":"bc9dmyw3zlrlrr4"},"id":"l4h44iwma0x70z5","previousOperationId":"uc7vw2g76lrfetl"}
{"type":"operationStart","subtype":"pdfUtilsMerge","name":"pdf utils merge","previousOperationId":"uc7vw2g76lrfetl","timestamp":1704830649276,"id":"39w50dblw68qrsr","previousEventId":"q28r5akqghyi0rp","operationId":"7lxdf6z37pigrgv"}
{"type":"operationStart","subtype":"render","name":"orders-header","previousOperationId":"7lxdf6z37pigrgv","timestamp":1704830649277,"id":"wmu5hsmeua2yjoy","previousEventId":"39w50dblw68qrsr","operationId":"ykml3pmpzrihg80"}
{"type":"log","timestamp":1704830649277,"level":"info","message":"Starting rendering (child) request","meta":{"rootId":"bc9dmyw3zlrlrr4","id":"f09ybqqcdzfzfza"},"id":"q7nkyyni0ovccgo","previousOperationId":"ykml3pmpzrihg80"}
{"type":"log","timestamp":1704830649278,"level":"info","message":"Rendering template { name: orders-header, recipe: chrome-pdf, engine: handlebars, preview: false }","meta":{"rootId":"bc9dmyw3zlrlrr4","id":"f09ybqqcdzfzfza"},"id":"z1vjbafe5m19erh","previousOperationId":"ykml3pmpzrihg80"}
{"type":"log","timestamp":1704830649279,"level":"debug","message":"Inline data specified.","meta":{"rootId":"bc9dmyw3zlrlrr4","id":"f09ybqqcdzfzfza"},"id":"e2s8dg8jwom0t7w","previousOperationId":"ykml3pmpzrihg80"}
{"type":"log","timestamp":1704830649282,"level":"debug","message":"Base url not specified, skipping its injection.","meta":{"rootId":"bc9dmyw3zlrlrr4","id":"f09ybqqcdzfzfza"},"id":"gddq89tiauc8cic","previousOperationId":"ykml3pmpzrihg80"}
{"type":"operationStart","subtype":"engine","name":"handlebars","timestamp":1704830649283,"id":"3d0u61t1eqs6u6n","previousEventId":"wmu5hsmeua2yjoy","operationId":"vvvmrvzarm6h9m4","previousOperationId":"ykml3pmpzrihg80"}
{"type":"log","timestamp":1704830649283,"level":"debug","message":"Rendering engine handlebars","meta":{"rootId":"bc9dmyw3zlrlrr4","id":"f09ybqqcdzfzfza"},"id":"sstkz599eub3t6d","previousOperationId":"vvvmrvzarm6h9m4"}
{"type":"operationEnd","operationId":"vvvmrvzarm6h9m4","timestamp":1704830649304,"id":"u9jbbj8fjy06jke","previousEventId":"3d0u61t1eqs6u6n","previousOperationId":"vvvmrvzarm6h9m4"}
{"type":"operationStart","subtype":"recipe","name":"chrome-pdf","timestamp":1704830649304,"id":"796ydvfuzy9e6y7","previousEventId":"u9jbbj8fjy06jke","operationId":"xv7n1rmkxn1wybh","previousOperationId":"vvvmrvzarm6h9m4"}
{"type":"log","timestamp":1704830649304,"level":"debug","message":"Executing recipe chrome-pdf","meta":{"rootId":"bc9dmyw3zlrlrr4","id":"f09ybqqcdzfzfza"},"id":"82oibchqa4dut61","previousOperationId":"xv7n1rmkxn1wybh"}
{"type":"log","timestamp":1704830649306,"level":"debug","message":"Converting with chrome HeadlessChrome/117.0.5938.149 using chrome-pool strategy","meta":{"rootId":"bc9dmyw3zlrlrr4","id":"f09ybqqcdzfzfza"},"id":"jeu16tk8hk1w6a0","previousOperationId":"xv7n1rmkxn1wybh"}
{"type":"log","timestamp":1704830649419,"level":"debug","message":"Page request: GET (document) file:///C:/Users/arida/AppData/Local/Temp/jsreport/autocleanup/37b219da-5362-4e8c-8a98-f679beee394b-chrome-pdf.html","meta":{"rootId":"bc9dmyw3zlrlrr4","id":"f09ybqqcdzfzfza"},"id":"lafegc7rwjdyo6p","previousOperationId":"xv7n1rmkxn1wybh"}
{"type":"log","timestamp":1704830649430,"level":"debug","message":"Page request: GET (stylesheet) https://cdnjs.cloudflare.com/ajax/libs/metro/4.1.5/css/metro.min.css","meta":{"rootId":"bc9dmyw3zlrlrr4","id":"f09ybqqcdzfzfza"},"id":"o9uz2f3hpkedyfb","previousOperationId":"xv7n1rmkxn1wybh"}
{"type":"log","timestamp":1704830649431,"level":"debug","message":"Page request finished: GET (document) 200 file:///C:/Users/arida/AppData/Local/Temp/jsreport/autocleanup/37b219da-5362-4e8c-8a98-f679beee394b-chrome-pdf.html","meta":{"rootId":"bc9dmyw3zlrlrr4","id":"f09ybqqcdzfzfza"},"id":"ntom8qp9rsf8btr","previousOperationId":"xv7n1rmkxn1wybh"}
{"type":"log","timestamp":1704830649451,"level":"debug","message":"Page request finished: GET (stylesheet) 200 https://cdnjs.cloudflare.com/ajax/libs/metro/4.1.5/css/metro.min.css","meta":{"rootId":"bc9dmyw3zlrlrr4","id":"f09ybqqcdzfzfza"},"id":"l4gfiu4zj71kwbi","previousOperationId":"xv7n1rmkxn1wybh"}
{"type":"log","timestamp":1704830649473,"level":"debug","message":"Running chrome with params {\"printBackground\":true,\"marginTop\":\"1.5cm\",\"marginRight\":\"1.5cm\",\"marginLeft\":\"1.cm\",\"timeout\":58178,\"margin\":{\"top\":\"1.5cm\",\"right\":\"1.5cm\",\"left\":\"1.cm\"}}","meta":{"rootId":"bc9dmyw3zlrlrr4","id":"f09ybqqcdzfzfza"},"id":"5zo3sadhzxgd2zt","previousOperationId":"xv7n1rmkxn1wybh"}
{"type":"operationEnd","operationId":"xv7n1rmkxn1wybh","timestamp":1704830649516,"id":"4kl4hmk1fpu6dhy","previousEventId":"796ydvfuzy9e6y7","previousOperationId":"xv7n1rmkxn1wybh"}
{"type":"log","timestamp":1704830649516,"level":"debug","message":"Skipping storing report.","meta":{"rootId":"bc9dmyw3zlrlrr4","id":"f09ybqqcdzfzfza"},"id":"lf69h9dm2lkbqvr","previousOperationId":"xv7n1rmkxn1wybh"}
{"type":"log","timestamp":1704830649516,"level":"info","message":"Rendering (child) request finished in 2032 ms","meta":{"rootId":"bc9dmyw3zlrlrr4","id":"f09ybqqcdzfzfza"},"id":"9v6yr5wetqk48d1","previousOperationId":"xv7n1rmkxn1wybh"}
{"type":"operationEnd","subtype":"render","operationId":"ykml3pmpzrihg80","timestamp":1704830649516,"id":"kn5w9ibrul3l0yl","previousEventId":"4kl4hmk1fpu6dhy","previousOperationId":"xv7n1rmkxn1wybh"}
{"type":"operationEnd","operationId":"7lxdf6z37pigrgv","timestamp":1704830649535,"id":"krz83815smys42k","previousEventId":"39w50dblw68qrsr","previousOperationId":"7lxdf6z37pigrgv"}
{"type":"log","timestamp":1704830649535,"level":"debug","message":"pdf-utils postproces start","meta":{"rootId":"bc9dmyw3zlrlrr4","id":"bc9dmyw3zlrlrr4"},"id":"ykeofznlkl5ohqz","previousOperationId":"7lxdf6z37pigrgv"}
{"type":"log","timestamp":1704830649556,"level":"debug","message":"pdf-utils postproces end","meta":{"rootId":"bc9dmyw3zlrlrr4","id":"bc9dmyw3zlrlrr4"},"id":"w1y2jf29wtq4f6a","previousOperationId":"7lxdf6z37pigrgv"}
{"type":"operationEnd","operationId":"uc7vw2g76lrfetl","timestamp":1704830649556,"id":"zz0k3ygbm3ijpgd","previousEventId":"krz83815smys42k","previousOperationId":"7lxdf6z37pigrgv"}
{"type":"log","timestamp":1704830649556,"level":"info","message":"pdf-utils pdf processing was finished","meta":{"rootId":"bc9dmyw3zlrlrr4","id":"bc9dmyw3zlrlrr4"},"id":"18ibudj02jeghgq","previousOperationId":"uc7vw2g76lrfetl"}
{"type":"log","timestamp":1704830649556,"level":"debug","message":"Skipping storing report.","meta":{"rootId":"bc9dmyw3zlrlrr4","id":"bc9dmyw3zlrlrr4"},"id":"kwgbdbvwxid2nfe","previousOperationId":"uc7vw2g76lrfetl"}
{"type":"log","timestamp":1704830649556,"level":"info","message":"Rendering request 5 finished in 2072 ms","meta":{"rootId":"bc9dmyw3zlrlrr4","id":"bc9dmyw3zlrlrr4"},"id":"cedbak3nu47x548","previousOperationId":"uc7vw2g76lrfetl"}
{"type":"operationEnd","subtype":"render","operationId":"w5adzg1kkgx12zj","timestamp":1704830649556,"id":"bdnvkv1wm5197ex","previousEventId":"zz0k3ygbm3ijpgd","previousOperationId":"uc7vw2g76lrfetl"}
{"type":"operationEnd","doDiffs":false,"previousEventId":"scc4hbbw65qpt7j","previousOperationId":"s0nys070gqhtckr","operationId":"s0nys070gqhtckr","timestamp":1704830649562,"id":"n5m153zvt1u6ugd"}
