{"type":"operationStart","subtype":"profile","data":{"_id":"oIBx4lq6vcNJ2tYF","timestamp":"2024-01-14T17:34:11.107Z","state":"queued","mode":"standard","creationDate":"2024-01-14T17:34:11.112Z","modificationDate":"2024-01-14T17:34:11.112Z","shortid":"UscA7rP","$entitySet":"profiles"},"doDiffs":false,"timestamp":1705253651110,"id":"b8zcasfcknfcsp0","previousOperationId":null,"operationId":"ak7mvg50ewndcad"}
{"type":"log","level":"info","message":"Render request 2 queued for execution and waiting for available worker","previousOperationId":"ak7mvg50ewndcad","timestamp":1705253651110,"id":"82xv1xx00u246ld"}
{"type":"operationStart","subtype":"render","name":"orders-main","previousOperationId":"ak7mvg50ewndcad","timestamp":1705253651129,"id":"2pzx4zqrbvj0hst","previousEventId":"b8zcasfcknfcsp0","operationId":"xbnhs4bo3eah7do"}
{"type":"log","timestamp":1705253651130,"level":"info","message":"Starting rendering request 2","meta":{"rootId":"cal2qujyjsxvwtp","id":"cal2qujyjsxvwtp"},"id":"0828xecrjeraguc","previousOperationId":"xbnhs4bo3eah7do"}
{"type":"log","timestamp":1705253651131,"level":"info","message":"Rendering template { name: orders-main, recipe: chrome-pdf, engine: handlebars, preview: true }","meta":{"rootId":"cal2qujyjsxvwtp","id":"cal2qujyjsxvwtp"},"id":"80oycmygqee78dj","previousOperationId":"xbnhs4bo3eah7do"}
{"type":"log","timestamp":1705253651135,"level":"debug","message":"Data item not defined for this template.","meta":{"rootId":"cal2qujyjsxvwtp","id":"cal2qujyjsxvwtp"},"id":"fm00sg6sp71p85l","previousOperationId":"xbnhs4bo3eah7do"}
{"type":"log","timestamp":1705253651142,"level":"debug","message":"Executing script orders-script (beforeRender)","meta":{"rootId":"cal2qujyjsxvwtp","id":"cal2qujyjsxvwtp"},"id":"ke51fxohzmxhmxr","previousOperationId":"xbnhs4bo3eah7do"}
{"type":"operationStart","subtype":"scriptsBeforeRender","name":"scripts beforeRender","timestamp":1705253651502,"id":"t2o3crz93rxu3zs","previousEventId":"2pzx4zqrbvj0hst","operationId":"a5vt3w3hsnea544","previousOperationId":"xbnhs4bo3eah7do"}
{"type":"operationStart","subtype":"script","name":"scripts orders-script","previousOperationId":"a5vt3w3hsnea544","timestamp":1705253651502,"id":"ulc69qhazu5tjyc","previousEventId":"t2o3crz93rxu3zs","operationId":"nee2gwub723fe38"}
{"type":"log","timestamp":1705253651537,"level":"debug","message":"(console:log) undefined","meta":{"userLevel":true,"rootId":"cal2qujyjsxvwtp","id":"cal2qujyjsxvwtp"},"id":"lvsf2pm31ku3mzj","previousOperationId":"nee2gwub723fe38"}
{"type":"operationEnd","operationId":"nee2gwub723fe38","timestamp":1705253651538,"id":"51jp99tjk0r5w7p","previousEventId":"2pzx4zqrbvj0hst","previousOperationId":"xbnhs4bo3eah7do"}
{"type":"operationEnd","operationId":"a5vt3w3hsnea544","timestamp":1705253651538,"id":"aps3r85marfje5y","previousEventId":"51jp99tjk0r5w7p","previousOperationId":"xbnhs4bo3eah7do"}
{"type":"log","timestamp":1705253651538,"level":"debug","message":"Base url not specified, skipping its injection.","meta":{"rootId":"cal2qujyjsxvwtp","id":"cal2qujyjsxvwtp"},"id":"j1ffzg2hrohp2yo","previousOperationId":"a5vt3w3hsnea544"}
{"type":"operationStart","subtype":"engine","name":"handlebars","timestamp":1705253651540,"id":"mfjncxes8j18xsd","previousEventId":"aps3r85marfje5y","operationId":"akxwja9vqh2lwrc","previousOperationId":"a5vt3w3hsnea544"}
{"type":"log","timestamp":1705253651540,"level":"debug","message":"Rendering engine handlebars","meta":{"rootId":"cal2qujyjsxvwtp","id":"cal2qujyjsxvwtp"},"id":"avmmay9h99bd1xi","previousOperationId":"akxwja9vqh2lwrc"}
{"type":"operationEnd","operationId":"akxwja9vqh2lwrc","timestamp":1705253651964,"id":"mh377l6o3ar9ahj","previousEventId":"mfjncxes8j18xsd","previousOperationId":"akxwja9vqh2lwrc"}
{"type":"operationStart","subtype":"recipe","name":"chrome-pdf","timestamp":1705253651965,"id":"js3i6d1koc7ny6e","previousEventId":"mh377l6o3ar9ahj","operationId":"s0slomxmzj3i62a","previousOperationId":"akxwja9vqh2lwrc"}
{"type":"log","timestamp":1705253651965,"level":"debug","message":"Executing recipe chrome-pdf","meta":{"rootId":"cal2qujyjsxvwtp","id":"cal2qujyjsxvwtp"},"id":"5en5ayagdzikgxd","previousOperationId":"s0slomxmzj3i62a"}
{"type":"log","timestamp":1705253652718,"level":"debug","message":"Converting with chrome HeadlessChrome/117.0.5938.149 using chrome-pool strategy","meta":{"rootId":"cal2qujyjsxvwtp","id":"cal2qujyjsxvwtp"},"id":"4fi2mim698dbgzk","previousOperationId":"s0slomxmzj3i62a"}
{"type":"log","timestamp":1705253652954,"level":"debug","message":"Page request: GET (document) file:///C:/Users/arida/AppData/Local/Temp/jsreport/autocleanup/de35a157-c848-4ece-9aed-1faedc6e6a5a-chrome-pdf.html","meta":{"rootId":"cal2qujyjsxvwtp","id":"cal2qujyjsxvwtp"},"id":"jruasya6ee6xo2v","previousOperationId":"s0slomxmzj3i62a"}
{"type":"log","timestamp":1705253652964,"level":"debug","message":"Page request: GET (stylesheet) https://cdnjs.cloudflare.com/ajax/libs/metro/4.1.5/css/metro.min.css","meta":{"rootId":"cal2qujyjsxvwtp","id":"cal2qujyjsxvwtp"},"id":"3rfru8yac9k25ps","previousOperationId":"s0slomxmzj3i62a"}
{"type":"log","timestamp":1705253652964,"level":"debug","message":"Page request: GET (script) https://cdnjs.cloudflare.com/ajax/libs/Chart.js/2.7.2/Chart.min.js","meta":{"rootId":"cal2qujyjsxvwtp","id":"cal2qujyjsxvwtp"},"id":"4dbhdyymg7tydch","previousOperationId":"s0slomxmzj3i62a"}
{"type":"log","timestamp":1705253652965,"level":"debug","message":"Page request finished: GET (document) 200 file:///C:/Users/arida/AppData/Local/Temp/jsreport/autocleanup/de35a157-c848-4ece-9aed-1faedc6e6a5a-chrome-pdf.html","meta":{"rootId":"cal2qujyjsxvwtp","id":"cal2qujyjsxvwtp"},"id":"x2c9ogjudnco0uz","previousOperationId":"s0slomxmzj3i62a"}
{"type":"log","timestamp":1705253653182,"level":"debug","message":"Page request finished: GET (stylesheet) 200 https://cdnjs.cloudflare.com/ajax/libs/metro/4.1.5/css/metro.min.css","meta":{"rootId":"cal2qujyjsxvwtp","id":"cal2qujyjsxvwtp"},"id":"9vl080gvs5ngve7","previousOperationId":"s0slomxmzj3i62a"}
{"type":"log","timestamp":1705253653213,"level":"debug","message":"Page request finished: GET (script) 200 https://cdnjs.cloudflare.com/ajax/libs/Chart.js/2.7.2/Chart.min.js","meta":{"rootId":"cal2qujyjsxvwtp","id":"cal2qujyjsxvwtp"},"id":"5mx2xj8ig4qe28f","previousOperationId":"s0slomxmzj3i62a"}
{"type":"log","timestamp":1705253653230,"level":"debug","message":"Running chrome with params {\"printBackground\":true,\"marginTop\":\"4cm\",\"marginRight\":\"1.5cm\",\"marginBottom\":\"1.5cm\",\"marginLeft\":\"1.5cm\",\"waitForJS\":false,\"timeout\":58607,\"margin\":{\"top\":\"4cm\",\"right\":\"1.5cm\",\"bottom\":\"1.5cm\",\"left\":\"1.5cm\"}}","meta":{"rootId":"cal2qujyjsxvwtp","id":"cal2qujyjsxvwtp"},"id":"1208aizz0i3gq77","previousOperationId":"s0slomxmzj3i62a"}
{"type":"operationEnd","operationId":"s0slomxmzj3i62a","timestamp":1705253653259,"id":"0qyl5c4zjzcult0","previousEventId":"js3i6d1koc7ny6e","previousOperationId":"s0slomxmzj3i62a"}
{"type":"log","timestamp":1705253653259,"level":"info","message":"pdf-utils is starting pdf processing","meta":{"rootId":"cal2qujyjsxvwtp","id":"cal2qujyjsxvwtp"},"id":"pr58rhro1p00130","previousOperationId":"s0slomxmzj3i62a"}
{"type":"operationStart","subtype":"pdfUtils","name":"pdf utils","timestamp":1705253653518,"id":"7f5kpnuz1yz7krr","previousEventId":"0qyl5c4zjzcult0","operationId":"0n6moipkzpvroyx","previousOperationId":"s0slomxmzj3i62a"}
{"type":"log","timestamp":1705253653518,"level":"debug","message":"pdf-utils detected 1 pdf operation(s) to process","meta":{"rootId":"cal2qujyjsxvwtp","id":"cal2qujyjsxvwtp"},"id":"wid935xl90hgfwz","previousOperationId":"0n6moipkzpvroyx"}
{"type":"log","timestamp":1705253653767,"level":"debug","message":"pdf-utils running pdf operation merge","meta":{"rootId":"cal2qujyjsxvwtp","id":"cal2qujyjsxvwtp"},"id":"3oeay4aydgw49mt","previousOperationId":"0n6moipkzpvroyx"}
{"type":"operationStart","subtype":"pdfUtilsMerge","name":"pdf utils merge","previousOperationId":"0n6moipkzpvroyx","timestamp":1705253653767,"id":"mztd2gq102ujpck","previousEventId":"7f5kpnuz1yz7krr","operationId":"919e2eef3vqbt2b"}
{"type":"operationStart","subtype":"render","name":"orders-header","previousOperationId":"919e2eef3vqbt2b","timestamp":1705253653769,"id":"e8vwfkvaaesech8","previousEventId":"mztd2gq102ujpck","operationId":"hpomu7r4a5d9pt4"}
{"type":"log","timestamp":1705253653769,"level":"info","message":"Starting rendering (child) request","meta":{"rootId":"cal2qujyjsxvwtp","id":"hg5v41r4hu537u3"},"id":"3cr3d62x90pad6j","previousOperationId":"hpomu7r4a5d9pt4"}
{"type":"log","timestamp":1705253653769,"level":"info","message":"Rendering template { name: orders-header, recipe: chrome-pdf, engine: handlebars, preview: true }","meta":{"rootId":"cal2qujyjsxvwtp","id":"hg5v41r4hu537u3"},"id":"pjpkkpeophdncm9","previousOperationId":"hpomu7r4a5d9pt4"}
{"type":"log","timestamp":1705253653781,"level":"debug","message":"Inline data specified.","meta":{"rootId":"cal2qujyjsxvwtp","id":"hg5v41r4hu537u3"},"id":"fas0w0on9ukpt9m","previousOperationId":"hpomu7r4a5d9pt4"}
{"type":"log","timestamp":1705253653783,"level":"debug","message":"Base url not specified, skipping its injection.","meta":{"rootId":"cal2qujyjsxvwtp","id":"hg5v41r4hu537u3"},"id":"t6dhullgyametji","previousOperationId":"hpomu7r4a5d9pt4"}
{"type":"operationStart","subtype":"engine","name":"handlebars","timestamp":1705253653784,"id":"m9vf66qjerdgsa9","previousEventId":"e8vwfkvaaesech8","operationId":"vrh5zyr05c0h9vm","previousOperationId":"hpomu7r4a5d9pt4"}
{"type":"log","timestamp":1705253653784,"level":"debug","message":"Rendering engine handlebars","meta":{"rootId":"cal2qujyjsxvwtp","id":"hg5v41r4hu537u3"},"id":"krhx35gyl6259zq","previousOperationId":"vrh5zyr05c0h9vm"}
{"type":"operationEnd","operationId":"vrh5zyr05c0h9vm","timestamp":1705253653834,"id":"l7agqnnlmiho3lr","previousEventId":"m9vf66qjerdgsa9","previousOperationId":"vrh5zyr05c0h9vm"}
{"type":"operationStart","subtype":"recipe","name":"chrome-pdf","timestamp":1705253653835,"id":"4moq1e1lzl7q3b3","previousEventId":"l7agqnnlmiho3lr","operationId":"oyj24e29emtmj67","previousOperationId":"vrh5zyr05c0h9vm"}
{"type":"log","timestamp":1705253653835,"level":"debug","message":"Executing recipe chrome-pdf","meta":{"rootId":"cal2qujyjsxvwtp","id":"hg5v41r4hu537u3"},"id":"ox162ql3ld108ft","previousOperationId":"oyj24e29emtmj67"}
{"type":"log","timestamp":1705253653840,"level":"debug","message":"Converting with chrome HeadlessChrome/117.0.5938.149 using chrome-pool strategy","meta":{"rootId":"cal2qujyjsxvwtp","id":"hg5v41r4hu537u3"},"id":"m3k4cfvunjlxuz9","previousOperationId":"oyj24e29emtmj67"}
{"type":"log","timestamp":1705253653986,"level":"debug","message":"Page request: GET (document) file:///C:/Users/arida/AppData/Local/Temp/jsreport/autocleanup/0a4e2f30-c3db-4230-bd36-a4f3329987be-chrome-pdf.html","meta":{"rootId":"cal2qujyjsxvwtp","id":"hg5v41r4hu537u3"},"id":"772fcrq3kttes4d","previousOperationId":"oyj24e29emtmj67"}
{"type":"log","timestamp":1705253654001,"level":"debug","message":"Page request: GET (stylesheet) https://cdnjs.cloudflare.com/ajax/libs/metro/4.1.5/css/metro.min.css","meta":{"rootId":"cal2qujyjsxvwtp","id":"hg5v41r4hu537u3"},"id":"khzq1cx3ay0nj0n","previousOperationId":"oyj24e29emtmj67"}
{"type":"log","timestamp":1705253654001,"level":"debug","message":"Page request finished: GET (document) 200 file:///C:/Users/arida/AppData/Local/Temp/jsreport/autocleanup/0a4e2f30-c3db-4230-bd36-a4f3329987be-chrome-pdf.html","meta":{"rootId":"cal2qujyjsxvwtp","id":"hg5v41r4hu537u3"},"id":"9qqscq6ict2pvaa","previousOperationId":"oyj24e29emtmj67"}
{"type":"log","timestamp":1705253654027,"level":"debug","message":"Page request finished: GET (stylesheet) 200 https://cdnjs.cloudflare.com/ajax/libs/metro/4.1.5/css/metro.min.css","meta":{"rootId":"cal2qujyjsxvwtp","id":"hg5v41r4hu537u3"},"id":"8k42ypp3dn1ur3f","previousOperationId":"oyj24e29emtmj67"}
{"type":"log","timestamp":1705253654050,"level":"debug","message":"Running chrome with params {\"printBackground\":true,\"marginTop\":\"1.5cm\",\"marginRight\":\"1.5cm\",\"marginLeft\":\"1.cm\",\"timeout\":57267,\"margin\":{\"top\":\"1.5cm\",\"right\":\"1.5cm\",\"left\":\"1.cm\"}}","meta":{"rootId":"cal2qujyjsxvwtp","id":"hg5v41r4hu537u3"},"id":"71tft885mo5jqt2","previousOperationId":"oyj24e29emtmj67"}
{"type":"operationEnd","operationId":"oyj24e29emtmj67","timestamp":1705253654108,"id":"loklo6gqopazm1p","previousEventId":"4moq1e1lzl7q3b3","previousOperationId":"oyj24e29emtmj67"}
{"type":"log","timestamp":1705253654109,"level":"debug","message":"Skipping storing report.","meta":{"rootId":"cal2qujyjsxvwtp","id":"hg5v41r4hu537u3"},"id":"yeb54syl93uqug8","previousOperationId":"oyj24e29emtmj67"}
{"type":"log","timestamp":1705253654109,"level":"info","message":"Rendering (child) request finished in 3003 ms","meta":{"rootId":"cal2qujyjsxvwtp","id":"hg5v41r4hu537u3"},"id":"xqmf785w26rd66j","previousOperationId":"oyj24e29emtmj67"}
{"type":"operationEnd","subtype":"render","operationId":"hpomu7r4a5d9pt4","timestamp":1705253654109,"id":"sp9xv44ce6vg5j8","previousEventId":"loklo6gqopazm1p","previousOperationId":"oyj24e29emtmj67"}
{"type":"operationEnd","operationId":"919e2eef3vqbt2b","timestamp":1705253654137,"id":"zq9dkefcmv43yxv","previousEventId":"mztd2gq102ujpck","previousOperationId":"919e2eef3vqbt2b"}
{"type":"log","timestamp":1705253654137,"level":"debug","message":"pdf-utils postproces start","meta":{"rootId":"cal2qujyjsxvwtp","id":"cal2qujyjsxvwtp"},"id":"b38g8b9l2ijh0fz","previousOperationId":"919e2eef3vqbt2b"}
{"type":"log","timestamp":1705253654152,"level":"debug","message":"pdf-utils postproces end","meta":{"rootId":"cal2qujyjsxvwtp","id":"cal2qujyjsxvwtp"},"id":"r29uyd01opzxyx0","previousOperationId":"919e2eef3vqbt2b"}
{"type":"operationEnd","operationId":"0n6moipkzpvroyx","timestamp":1705253654152,"id":"2cjgxvtqvy8klgs","previousEventId":"zq9dkefcmv43yxv","previousOperationId":"919e2eef3vqbt2b"}
{"type":"log","timestamp":1705253654152,"level":"info","message":"pdf-utils pdf processing was finished","meta":{"rootId":"cal2qujyjsxvwtp","id":"cal2qujyjsxvwtp"},"id":"kmbg24d3go8nik9","previousOperationId":"0n6moipkzpvroyx"}
{"type":"log","timestamp":1705253654152,"level":"debug","message":"Skipping storing report.","meta":{"rootId":"cal2qujyjsxvwtp","id":"cal2qujyjsxvwtp"},"id":"jiprxyb8kedvg4n","previousOperationId":"0n6moipkzpvroyx"}
{"type":"log","timestamp":1705253654153,"level":"info","message":"Rendering request 2 finished in 3046 ms","meta":{"rootId":"cal2qujyjsxvwtp","id":"cal2qujyjsxvwtp"},"id":"avw6bnuv3ys36sn","previousOperationId":"0n6moipkzpvroyx"}
{"type":"operationEnd","subtype":"render","operationId":"xbnhs4bo3eah7do","timestamp":1705253654153,"id":"3hy63dpa7aqeuta","previousEventId":"2cjgxvtqvy8klgs","previousOperationId":"0n6moipkzpvroyx"}
{"type":"operationEnd","doDiffs":false,"previousEventId":"b8zcasfcknfcsp0","previousOperationId":"ak7mvg50ewndcad","operationId":"ak7mvg50ewndcad","timestamp":1705253654172,"id":"z6jfq3jhza016ps"}
