{"type":"operationStart","subtype":"profile","data":{"_id":"B6vSjW1s1oW7wmWs","timestamp":"2024-01-09T20:13:07.556Z","state":"queued","mode":"standard","creationDate":"2024-01-09T20:13:07.559Z","modificationDate":"2024-01-09T20:13:07.559Z","shortid":"3KH20eC","$entitySet":"profiles"},"doDiffs":false,"timestamp":1704831187558,"id":"cbin1107zzu256b","previousOperationId":null,"operationId":"zkbr8pwb3bm98mb"}
{"type":"log","level":"info","message":"Render request 17 queued for execution and waiting for available worker","previousOperationId":"zkbr8pwb3bm98mb","timestamp":1704831187558,"id":"3a3lcnjpm4ghx31"}
{"type":"operationStart","subtype":"render","name":"orders-main","previousOperationId":"zkbr8pwb3bm98mb","timestamp":1704831187565,"id":"bzhnvv2ks90wwyi","previousEventId":"cbin1107zzu256b","operationId":"4fiwtrbi870b1fz"}
{"type":"log","timestamp":1704831187566,"level":"info","message":"Starting rendering request 17","meta":{"rootId":"d13fwwyopgnr9fh","id":"d13fwwyopgnr9fh"},"id":"omtnuf15tgq4r99","previousOperationId":"4fiwtrbi870b1fz"}
{"type":"log","timestamp":1704831187566,"level":"info","message":"Rendering template { name: orders-main, recipe: chrome-pdf, engine: handlebars, preview: false }","meta":{"rootId":"d13fwwyopgnr9fh","id":"d13fwwyopgnr9fh"},"id":"1t4fgj7qk35xohu","previousOperationId":"4fiwtrbi870b1fz"}
{"type":"log","timestamp":1704831187567,"level":"debug","message":"Data item not defined for this template.","meta":{"rootId":"d13fwwyopgnr9fh","id":"d13fwwyopgnr9fh"},"id":"ve5do96doy4kt00","previousOperationId":"4fiwtrbi870b1fz"}
{"type":"log","timestamp":1704831187573,"level":"debug","message":"Executing script orders-script (beforeRender)","meta":{"rootId":"d13fwwyopgnr9fh","id":"d13fwwyopgnr9fh"},"id":"dk62izrb7ib7r29","previousOperationId":"4fiwtrbi870b1fz"}
{"type":"operationStart","subtype":"scriptsBeforeRender","name":"scripts beforeRender","timestamp":1704831187583,"id":"a6zzphwppfaluko","previousEventId":"bzhnvv2ks90wwyi","operationId":"b0szhu8srr14ti1","previousOperationId":"4fiwtrbi870b1fz"}
{"type":"operationStart","subtype":"script","name":"scripts orders-script","previousOperationId":"b0szhu8srr14ti1","timestamp":1704831187583,"id":"q4dgt91bfytexkf","previousEventId":"a6zzphwppfaluko","operationId":"57h8cr9h5rxsciq"}
{"type":"log","timestamp":1704831187583,"level":"debug","message":"(console:log) undefined","meta":{"userLevel":true,"rootId":"d13fwwyopgnr9fh","id":"d13fwwyopgnr9fh"},"id":"i8gg0woyqphjm18","previousOperationId":"57h8cr9h5rxsciq"}
{"type":"operationEnd","operationId":"57h8cr9h5rxsciq","timestamp":1704831188879,"id":"zi6fauz5lou3apx","previousEventId":"bzhnvv2ks90wwyi","previousOperationId":"4fiwtrbi870b1fz"}
{"type":"operationEnd","operationId":"b0szhu8srr14ti1","timestamp":1704831188879,"id":"3ts8v62sptwjgb1","previousEventId":"zi6fauz5lou3apx","previousOperationId":"4fiwtrbi870b1fz"}
{"type":"log","timestamp":1704831188879,"level":"debug","message":"Base url not specified, skipping its injection.","meta":{"rootId":"d13fwwyopgnr9fh","id":"d13fwwyopgnr9fh"},"id":"oi0ip5e1z8p5257","previousOperationId":"b0szhu8srr14ti1"}
{"type":"operationStart","subtype":"engine","name":"handlebars","timestamp":1704831188879,"id":"8iiwnhzb72ee7ib","previousEventId":"3ts8v62sptwjgb1","operationId":"dzsdlazaft6pkmg","previousOperationId":"b0szhu8srr14ti1"}
{"type":"log","timestamp":1704831188879,"level":"debug","message":"Rendering engine handlebars","meta":{"rootId":"d13fwwyopgnr9fh","id":"d13fwwyopgnr9fh"},"id":"ak8i6gmu707qn28","previousOperationId":"dzsdlazaft6pkmg"}
{"type":"log","timestamp":1704831188887,"level":"debug","message":"(console:log) Pdf utils adding group field, value: \"France\"","meta":{"userLevel":true,"rootId":"d13fwwyopgnr9fh","id":"d13fwwyopgnr9fh"},"id":"v06yahnuiugyonu","previousOperationId":"dzsdlazaft6pkmg"}
{"type":"log","timestamp":1704831188887,"level":"debug","message":"(console:log) Pdf utils adding group field, value: \"Germany\"","meta":{"userLevel":true,"rootId":"d13fwwyopgnr9fh","id":"d13fwwyopgnr9fh"},"id":"q1x6dunvjdwx7ov","previousOperationId":"dzsdlazaft6pkmg"}
{"type":"operationEnd","operationId":"dzsdlazaft6pkmg","timestamp":1704831188888,"id":"4byleje0irxwhe3","previousEventId":"8iiwnhzb72ee7ib","previousOperationId":"dzsdlazaft6pkmg"}
{"type":"operationStart","subtype":"recipe","name":"chrome-pdf","timestamp":1704831188888,"id":"o049vck42q71kqb","previousEventId":"4byleje0irxwhe3","operationId":"x3wpmfvnk9rw1ve","previousOperationId":"dzsdlazaft6pkmg"}
{"type":"log","timestamp":1704831188888,"level":"debug","message":"Executing recipe chrome-pdf","meta":{"rootId":"d13fwwyopgnr9fh","id":"d13fwwyopgnr9fh"},"id":"m9k8xvhx833khsx","previousOperationId":"x3wpmfvnk9rw1ve"}
{"type":"log","timestamp":1704831188890,"level":"debug","message":"Converting with chrome HeadlessChrome/117.0.5938.149 using chrome-pool strategy","meta":{"rootId":"d13fwwyopgnr9fh","id":"d13fwwyopgnr9fh"},"id":"vzfjedcge4elxuw","previousOperationId":"x3wpmfvnk9rw1ve"}
{"type":"log","timestamp":1704831189010,"level":"debug","message":"Page request: GET (document) file:///C:/Users/arida/AppData/Local/Temp/jsreport/autocleanup/efc77303-3410-49e2-aaef-41c6b112e8f8-chrome-pdf.html","meta":{"rootId":"d13fwwyopgnr9fh","id":"d13fwwyopgnr9fh"},"id":"0h5fsg7wdxirann","previousOperationId":"x3wpmfvnk9rw1ve"}
{"type":"log","timestamp":1704831189059,"level":"debug","message":"Page request: GET (stylesheet) https://cdnjs.cloudflare.com/ajax/libs/metro/4.1.5/css/metro.min.css","meta":{"rootId":"d13fwwyopgnr9fh","id":"d13fwwyopgnr9fh"},"id":"yvfp0er1h6aapyh","previousOperationId":"x3wpmfvnk9rw1ve"}
{"type":"log","timestamp":1704831189060,"level":"debug","message":"Page request: GET (script) https://cdnjs.cloudflare.com/ajax/libs/Chart.js/2.7.2/Chart.min.js","meta":{"rootId":"d13fwwyopgnr9fh","id":"d13fwwyopgnr9fh"},"id":"h52alxodmhoxofl","previousOperationId":"x3wpmfvnk9rw1ve"}
{"type":"log","timestamp":1704831189062,"level":"debug","message":"Page request finished: GET (document) 200 file:///C:/Users/arida/AppData/Local/Temp/jsreport/autocleanup/efc77303-3410-49e2-aaef-41c6b112e8f8-chrome-pdf.html","meta":{"rootId":"d13fwwyopgnr9fh","id":"d13fwwyopgnr9fh"},"id":"a70ck3hg7m25n5l","previousOperationId":"x3wpmfvnk9rw1ve"}
{"type":"log","timestamp":1704831189082,"level":"debug","message":"Page request finished: GET (stylesheet) 200 https://cdnjs.cloudflare.com/ajax/libs/metro/4.1.5/css/metro.min.css","meta":{"rootId":"d13fwwyopgnr9fh","id":"d13fwwyopgnr9fh"},"id":"mv59g3vuh9dzsui","previousOperationId":"x3wpmfvnk9rw1ve"}
{"type":"log","timestamp":1704831189082,"level":"debug","message":"Page request finished: GET (script) 200 https://cdnjs.cloudflare.com/ajax/libs/Chart.js/2.7.2/Chart.min.js","meta":{"rootId":"d13fwwyopgnr9fh","id":"d13fwwyopgnr9fh"},"id":"o9n8lokxrhdaggn","previousOperationId":"x3wpmfvnk9rw1ve"}
{"type":"log","timestamp":1704831189163,"level":"debug","message":"Running chrome with params {\"printBackground\":true,\"marginTop\":\"4cm\",\"marginRight\":\"1.5cm\",\"marginBottom\":\"1.5cm\",\"marginLeft\":\"1.5cm\",\"waitForJS\":false,\"timeout\":58666,\"margin\":{\"top\":\"4cm\",\"right\":\"1.5cm\",\"bottom\":\"1.5cm\",\"left\":\"1.5cm\"}}","meta":{"rootId":"d13fwwyopgnr9fh","id":"d13fwwyopgnr9fh"},"id":"ogn00l9y0pguf8y","previousOperationId":"x3wpmfvnk9rw1ve"}
{"type":"operationEnd","operationId":"x3wpmfvnk9rw1ve","timestamp":1704831189346,"id":"h5vbwie5qkluylf","previousEventId":"o049vck42q71kqb","previousOperationId":"x3wpmfvnk9rw1ve"}
{"type":"log","timestamp":1704831189346,"level":"info","message":"pdf-utils is starting pdf processing","meta":{"rootId":"d13fwwyopgnr9fh","id":"d13fwwyopgnr9fh"},"id":"ufy3io7dtc6p51j","previousOperationId":"x3wpmfvnk9rw1ve"}
{"type":"operationStart","subtype":"pdfUtils","name":"pdf utils","timestamp":1704831189346,"id":"opv4qbz3yyeci7f","previousEventId":"h5vbwie5qkluylf","operationId":"1oqys2e7kp6xoms","previousOperationId":"x3wpmfvnk9rw1ve"}
{"type":"log","timestamp":1704831189346,"level":"debug","message":"pdf-utils detected 1 pdf operation(s) to process","meta":{"rootId":"d13fwwyopgnr9fh","id":"d13fwwyopgnr9fh"},"id":"7gh5su167xmzcjs","previousOperationId":"1oqys2e7kp6xoms"}
{"type":"log","timestamp":1704831189376,"level":"debug","message":"pdf-utils running pdf operation merge","meta":{"rootId":"d13fwwyopgnr9fh","id":"d13fwwyopgnr9fh"},"id":"x3uwcmhs3wmt6u1","previousOperationId":"1oqys2e7kp6xoms"}
{"type":"operationStart","subtype":"pdfUtilsMerge","name":"pdf utils merge","previousOperationId":"1oqys2e7kp6xoms","timestamp":1704831189377,"id":"jtc52ludz2brb6o","previousEventId":"opv4qbz3yyeci7f","operationId":"lbbhqkcwr3lrpeg"}
{"type":"operationStart","subtype":"render","name":"orders-header","previousOperationId":"lbbhqkcwr3lrpeg","timestamp":1704831189378,"id":"a0jolori0qdqsj1","previousEventId":"jtc52ludz2brb6o","operationId":"iplgc9l8qcevenh"}
{"type":"log","timestamp":1704831189378,"level":"info","message":"Starting rendering (child) request","meta":{"rootId":"d13fwwyopgnr9fh","id":"z1u9rcl7qyqnce1"},"id":"5sbds3o6vc8xu3s","previousOperationId":"iplgc9l8qcevenh"}
{"type":"log","timestamp":1704831189378,"level":"info","message":"Rendering template { name: orders-header, recipe: chrome-pdf, engine: handlebars, preview: false }","meta":{"rootId":"d13fwwyopgnr9fh","id":"z1u9rcl7qyqnce1"},"id":"865jhf3syoka3cc","previousOperationId":"iplgc9l8qcevenh"}
{"type":"log","timestamp":1704831189379,"level":"debug","message":"Inline data specified.","meta":{"rootId":"d13fwwyopgnr9fh","id":"z1u9rcl7qyqnce1"},"id":"ntmzyzu1qe3gofw","previousOperationId":"iplgc9l8qcevenh"}
{"type":"log","timestamp":1704831189382,"level":"debug","message":"Base url not specified, skipping its injection.","meta":{"rootId":"d13fwwyopgnr9fh","id":"z1u9rcl7qyqnce1"},"id":"kwqz8mlyzm40v5e","previousOperationId":"iplgc9l8qcevenh"}
{"type":"operationStart","subtype":"engine","name":"handlebars","timestamp":1704831189382,"id":"n7a96vvt12j64xv","previousEventId":"a0jolori0qdqsj1","operationId":"x6x2kdo6gaet0vx","previousOperationId":"iplgc9l8qcevenh"}
{"type":"log","timestamp":1704831189382,"level":"debug","message":"Rendering engine handlebars","meta":{"rootId":"d13fwwyopgnr9fh","id":"z1u9rcl7qyqnce1"},"id":"e7uf5v8ay1asfz6","previousOperationId":"x6x2kdo6gaet0vx"}
{"type":"operationEnd","operationId":"x6x2kdo6gaet0vx","timestamp":1704831189398,"id":"u6xnxh7nar2qtv2","previousEventId":"n7a96vvt12j64xv","previousOperationId":"x6x2kdo6gaet0vx"}
{"type":"operationStart","subtype":"recipe","name":"chrome-pdf","timestamp":1704831189398,"id":"25x62kb67lifmbv","previousEventId":"u6xnxh7nar2qtv2","operationId":"n8nrgu1hu9v3yis","previousOperationId":"x6x2kdo6gaet0vx"}
{"type":"log","timestamp":1704831189398,"level":"debug","message":"Executing recipe chrome-pdf","meta":{"rootId":"d13fwwyopgnr9fh","id":"z1u9rcl7qyqnce1"},"id":"o4qkrzta5oqtnq1","previousOperationId":"n8nrgu1hu9v3yis"}
{"type":"log","timestamp":1704831189400,"level":"debug","message":"Converting with chrome HeadlessChrome/117.0.5938.149 using chrome-pool strategy","meta":{"rootId":"d13fwwyopgnr9fh","id":"z1u9rcl7qyqnce1"},"id":"oged43p2d9373dk","previousOperationId":"n8nrgu1hu9v3yis"}
{"type":"log","timestamp":1704831189516,"level":"debug","message":"Page request: GET (document) file:///C:/Users/arida/AppData/Local/Temp/jsreport/autocleanup/e09ef34a-60ef-4827-8070-c485f28552ee-chrome-pdf.html","meta":{"rootId":"d13fwwyopgnr9fh","id":"z1u9rcl7qyqnce1"},"id":"vh0h1f0kot42o08","previousOperationId":"n8nrgu1hu9v3yis"}
{"type":"log","timestamp":1704831189527,"level":"debug","message":"Page request: GET (stylesheet) https://cdnjs.cloudflare.com/ajax/libs/metro/4.1.5/css/metro.min.css","meta":{"rootId":"d13fwwyopgnr9fh","id":"z1u9rcl7qyqnce1"},"id":"q84beroqnpcndr3","previousOperationId":"n8nrgu1hu9v3yis"}
{"type":"log","timestamp":1704831189528,"level":"debug","message":"Page request finished: GET (document) 200 file:///C:/Users/arida/AppData/Local/Temp/jsreport/autocleanup/e09ef34a-60ef-4827-8070-c485f28552ee-chrome-pdf.html","meta":{"rootId":"d13fwwyopgnr9fh","id":"z1u9rcl7qyqnce1"},"id":"8dsfs790yrjmfp9","previousOperationId":"n8nrgu1hu9v3yis"}
{"type":"log","timestamp":1704831189548,"level":"debug","message":"Page request finished: GET (stylesheet) 200 https://cdnjs.cloudflare.com/ajax/libs/metro/4.1.5/css/metro.min.css","meta":{"rootId":"d13fwwyopgnr9fh","id":"z1u9rcl7qyqnce1"},"id":"ftm51j6v439nvda","previousOperationId":"n8nrgu1hu9v3yis"}
{"type":"log","timestamp":1704831189571,"level":"debug","message":"Running chrome with params {\"printBackground\":true,\"marginTop\":\"1.5cm\",\"marginRight\":\"1.5cm\",\"marginLeft\":\"1.cm\",\"timeout\":58157,\"margin\":{\"top\":\"1.5cm\",\"right\":\"1.5cm\",\"left\":\"1.cm\"}}","meta":{"rootId":"d13fwwyopgnr9fh","id":"z1u9rcl7qyqnce1"},"id":"l7l6vl0yle978b4","previousOperationId":"n8nrgu1hu9v3yis"}
{"type":"operationEnd","operationId":"n8nrgu1hu9v3yis","timestamp":1704831189625,"id":"2ctjco12k0uhg3j","previousEventId":"25x62kb67lifmbv","previousOperationId":"n8nrgu1hu9v3yis"}
{"type":"log","timestamp":1704831189625,"level":"debug","message":"Skipping storing report.","meta":{"rootId":"d13fwwyopgnr9fh","id":"z1u9rcl7qyqnce1"},"id":"eq5bkthz2gj36mi","previousOperationId":"n8nrgu1hu9v3yis"}
{"type":"log","timestamp":1704831189625,"level":"info","message":"Rendering (child) request finished in 2069 ms","meta":{"rootId":"d13fwwyopgnr9fh","id":"z1u9rcl7qyqnce1"},"id":"xq60ucrwcuth4a5","previousOperationId":"n8nrgu1hu9v3yis"}
{"type":"operationEnd","subtype":"render","operationId":"iplgc9l8qcevenh","timestamp":1704831189625,"id":"0dif56nwd01lj6i","previousEventId":"2ctjco12k0uhg3j","previousOperationId":"n8nrgu1hu9v3yis"}
{"type":"operationEnd","operationId":"lbbhqkcwr3lrpeg","timestamp":1704831189642,"id":"xooe6y013x7qehw","previousEventId":"jtc52ludz2brb6o","previousOperationId":"lbbhqkcwr3lrpeg"}
{"type":"log","timestamp":1704831189642,"level":"debug","message":"pdf-utils postproces start","meta":{"rootId":"d13fwwyopgnr9fh","id":"d13fwwyopgnr9fh"},"id":"uhx5869i6e5fj0p","previousOperationId":"lbbhqkcwr3lrpeg"}
{"type":"log","timestamp":1704831189667,"level":"debug","message":"pdf-utils postproces end","meta":{"rootId":"d13fwwyopgnr9fh","id":"d13fwwyopgnr9fh"},"id":"64x9u7kpiybdywb","previousOperationId":"lbbhqkcwr3lrpeg"}
{"type":"operationEnd","operationId":"1oqys2e7kp6xoms","timestamp":1704831189667,"id":"k585ula1cu6bnfe","previousEventId":"xooe6y013x7qehw","previousOperationId":"lbbhqkcwr3lrpeg"}
{"type":"log","timestamp":1704831189667,"level":"info","message":"pdf-utils pdf processing was finished","meta":{"rootId":"d13fwwyopgnr9fh","id":"d13fwwyopgnr9fh"},"id":"i3u2w7nb0xy776s","previousOperationId":"1oqys2e7kp6xoms"}
{"type":"log","timestamp":1704831189667,"level":"debug","message":"Skipping storing report.","meta":{"rootId":"d13fwwyopgnr9fh","id":"d13fwwyopgnr9fh"},"id":"uhiw1zdbmjmug0x","previousOperationId":"1oqys2e7kp6xoms"}
{"type":"log","timestamp":1704831189667,"level":"info","message":"Rendering request 17 finished in 2111 ms","meta":{"rootId":"d13fwwyopgnr9fh","id":"d13fwwyopgnr9fh"},"id":"7176grn9u5assip","previousOperationId":"1oqys2e7kp6xoms"}
{"type":"operationEnd","subtype":"render","operationId":"4fiwtrbi870b1fz","timestamp":1704831189667,"id":"2gt9x04ubqlbq1i","previousEventId":"k585ula1cu6bnfe","previousOperationId":"1oqys2e7kp6xoms"}
{"type":"operationEnd","doDiffs":false,"previousEventId":"cbin1107zzu256b","previousOperationId":"zkbr8pwb3bm98mb","operationId":"zkbr8pwb3bm98mb","timestamp":1704831189673,"id":"67tmvhxlx7w0opy"}
