{"type":"operationStart","subtype":"profile","data":{"_id":"3adKVmTVeCcLtgyn","timestamp":"2024-01-14T17:25:06.981Z","state":"queued","mode":"standard","creationDate":"2024-01-14T17:25:06.984Z","modificationDate":"2024-01-14T17:25:06.984Z","shortid":"8EoyUdR","$entitySet":"profiles"},"doDiffs":false,"timestamp":1705253106982,"id":"rom3eqeh6xy3vo6","previousOperationId":null,"operationId":"83sjohrleh3m5w0"}
{"type":"log","level":"info","message":"Render request 14 queued for execution and waiting for available worker","previousOperationId":"83sjohrleh3m5w0","timestamp":1705253106983,"id":"omcso4ivdypjaw5"}
{"type":"operationStart","subtype":"render","name":"orders-main","previousOperationId":"83sjohrleh3m5w0","timestamp":1705253106998,"id":"onhq6dsxib09wwl","previousEventId":"rom3eqeh6xy3vo6","operationId":"tdlshq7jrnupeic"}
{"type":"log","timestamp":1705253106998,"level":"info","message":"Starting rendering request 14","meta":{"rootId":"dg8j5a14xlbrd3u","id":"dg8j5a14xlbrd3u"},"id":"i56j8ido9kf4if6","previousOperationId":"tdlshq7jrnupeic"}
{"type":"log","timestamp":1705253106999,"level":"info","message":"Rendering template { name: orders-main, recipe: chrome-pdf, engine: handlebars, preview: true }","meta":{"rootId":"dg8j5a14xlbrd3u","id":"dg8j5a14xlbrd3u"},"id":"8ld484l57d76gso","previousOperationId":"tdlshq7jrnupeic"}
{"type":"log","timestamp":1705253107000,"level":"debug","message":"Data item not defined for this template.","meta":{"rootId":"dg8j5a14xlbrd3u","id":"dg8j5a14xlbrd3u"},"id":"a62v2e7vxytllpz","previousOperationId":"tdlshq7jrnupeic"}
{"type":"log","timestamp":1705253107003,"level":"debug","message":"Executing script orders-script (beforeRender)","meta":{"rootId":"dg8j5a14xlbrd3u","id":"dg8j5a14xlbrd3u"},"id":"0o6hm75amb1mb2p","previousOperationId":"tdlshq7jrnupeic"}
{"type":"operationStart","subtype":"scriptsBeforeRender","name":"scripts beforeRender","timestamp":1705253107028,"id":"xxkpbo77c2n1thr","previousEventId":"onhq6dsxib09wwl","operationId":"2ht49es9scxfadl","previousOperationId":"tdlshq7jrnupeic"}
{"type":"operationStart","subtype":"script","name":"scripts orders-script","previousOperationId":"2ht49es9scxfadl","timestamp":1705253107028,"id":"27et0d7a5c7ezth","previousEventId":"xxkpbo77c2n1thr","operationId":"vaomwrjad16b5pz"}
{"type":"operationEnd","operationId":"vaomwrjad16b5pz","timestamp":1705253107029,"id":"sceyjkdbzl2cuon","previousEventId":"onhq6dsxib09wwl","previousOperationId":"tdlshq7jrnupeic"}
{"type":"operationEnd","operationId":"2ht49es9scxfadl","timestamp":1705253107029,"id":"jxwayuxmi4g65nm","previousEventId":"sceyjkdbzl2cuon","previousOperationId":"tdlshq7jrnupeic"}
{"type":"log","timestamp":1705253107030,"level":"debug","message":"Base url not specified, skipping its injection.","meta":{"rootId":"dg8j5a14xlbrd3u","id":"dg8j5a14xlbrd3u"},"id":"jbkep9x63qtp5d9","previousOperationId":"2ht49es9scxfadl"}
{"type":"operationStart","subtype":"engine","name":"handlebars","timestamp":1705253107030,"id":"en5hnabfg7yhulm","previousEventId":"jxwayuxmi4g65nm","operationId":"oai7d4j1qtu0k0h","previousOperationId":"2ht49es9scxfadl"}
{"type":"log","timestamp":1705253107030,"level":"debug","message":"Rendering engine handlebars","meta":{"rootId":"dg8j5a14xlbrd3u","id":"dg8j5a14xlbrd3u"},"id":"u5ybbqb9fpfmb61","previousOperationId":"oai7d4j1qtu0k0h"}
{"type":"operationEnd","operationId":"oai7d4j1qtu0k0h","timestamp":1705253107406,"id":"df628x66xwglarn","previousEventId":"en5hnabfg7yhulm","previousOperationId":"oai7d4j1qtu0k0h"}
{"type":"operationStart","subtype":"recipe","name":"chrome-pdf","timestamp":1705253107407,"id":"yfzssynkwvgjeew","previousEventId":"df628x66xwglarn","operationId":"kniasip269v53w7","previousOperationId":"oai7d4j1qtu0k0h"}
{"type":"log","timestamp":1705253107408,"level":"debug","message":"Executing recipe chrome-pdf","meta":{"rootId":"dg8j5a14xlbrd3u","id":"dg8j5a14xlbrd3u"},"id":"0r10pslfrt35qeu","previousOperationId":"kniasip269v53w7"}
{"type":"log","timestamp":1705253108769,"level":"debug","message":"Converting with chrome HeadlessChrome/117.0.5938.149 using chrome-pool strategy","meta":{"rootId":"dg8j5a14xlbrd3u","id":"dg8j5a14xlbrd3u"},"id":"aoy55vkynzo6sij","previousOperationId":"kniasip269v53w7"}
{"type":"log","timestamp":1705253109267,"level":"debug","message":"Page request: GET (document) file:///C:/Users/arida/AppData/Local/Temp/jsreport/autocleanup/732c648d-925f-49f9-bf8e-a5199280c58f-chrome-pdf.html","meta":{"rootId":"dg8j5a14xlbrd3u","id":"dg8j5a14xlbrd3u"},"id":"16zfw44o8adykas","previousOperationId":"kniasip269v53w7"}
{"type":"log","timestamp":1705253109279,"level":"debug","message":"Page request: GET (stylesheet) https://cdnjs.cloudflare.com/ajax/libs/metro/4.1.5/css/metro.min.css","meta":{"rootId":"dg8j5a14xlbrd3u","id":"dg8j5a14xlbrd3u"},"id":"x3szmyx7r08dnjc","previousOperationId":"kniasip269v53w7"}
{"type":"log","timestamp":1705253109280,"level":"debug","message":"Page request: GET (script) https://cdnjs.cloudflare.com/ajax/libs/Chart.js/2.7.2/Chart.min.js","meta":{"rootId":"dg8j5a14xlbrd3u","id":"dg8j5a14xlbrd3u"},"id":"mq3ycwm312kdwwc","previousOperationId":"kniasip269v53w7"}
{"type":"log","timestamp":1705253109280,"level":"debug","message":"Page request finished: GET (document) 200 file:///C:/Users/arida/AppData/Local/Temp/jsreport/autocleanup/732c648d-925f-49f9-bf8e-a5199280c58f-chrome-pdf.html","meta":{"rootId":"dg8j5a14xlbrd3u","id":"dg8j5a14xlbrd3u"},"id":"iaduhaf32g6tipl","previousOperationId":"kniasip269v53w7"}
{"type":"log","timestamp":1705253111887,"level":"debug","message":"Page request finished: GET (stylesheet) 200 https://cdnjs.cloudflare.com/ajax/libs/metro/4.1.5/css/metro.min.css","meta":{"rootId":"dg8j5a14xlbrd3u","id":"dg8j5a14xlbrd3u"},"id":"ymkyhm0cl6qmnd7","previousOperationId":"kniasip269v53w7"}
{"type":"log","timestamp":1705253111927,"level":"debug","message":"Page request finished: GET (script) 200 https://cdnjs.cloudflare.com/ajax/libs/Chart.js/2.7.2/Chart.min.js","meta":{"rootId":"dg8j5a14xlbrd3u","id":"dg8j5a14xlbrd3u"},"id":"7lozhwjhewuxepm","previousOperationId":"kniasip269v53w7"}
{"type":"log","timestamp":1705253111966,"level":"debug","message":"Running chrome with params {\"printBackground\":true,\"marginTop\":\"4cm\",\"marginRight\":\"1.5cm\",\"marginBottom\":\"1.5cm\",\"marginLeft\":\"1.5cm\",\"waitForJS\":false,\"timeout\":58951,\"margin\":{\"top\":\"4cm\",\"right\":\"1.5cm\",\"bottom\":\"1.5cm\",\"left\":\"1.5cm\"}}","meta":{"rootId":"dg8j5a14xlbrd3u","id":"dg8j5a14xlbrd3u"},"id":"qveocdbmw3dsdxz","previousOperationId":"kniasip269v53w7"}
{"type":"operationEnd","operationId":"kniasip269v53w7","timestamp":1705253111998,"id":"l1qd7a8icq0wl3c","previousEventId":"yfzssynkwvgjeew","previousOperationId":"kniasip269v53w7"}
{"type":"log","timestamp":1705253111999,"level":"info","message":"pdf-utils is starting pdf processing","meta":{"rootId":"dg8j5a14xlbrd3u","id":"dg8j5a14xlbrd3u"},"id":"pinrozr8nmkoyfu","previousOperationId":"kniasip269v53w7"}
{"type":"operationStart","subtype":"pdfUtils","name":"pdf utils","timestamp":1705253112316,"id":"9i6dijterzzomkk","previousEventId":"l1qd7a8icq0wl3c","operationId":"carjnv6jblla7pq","previousOperationId":"kniasip269v53w7"}
{"type":"log","timestamp":1705253112317,"level":"debug","message":"pdf-utils detected 1 pdf operation(s) to process","meta":{"rootId":"dg8j5a14xlbrd3u","id":"dg8j5a14xlbrd3u"},"id":"pdpltzaz3eeodi4","previousOperationId":"carjnv6jblla7pq"}
{"type":"log","timestamp":1705253112534,"level":"debug","message":"pdf-utils running pdf operation merge","meta":{"rootId":"dg8j5a14xlbrd3u","id":"dg8j5a14xlbrd3u"},"id":"dvioorg80z9ffy8","previousOperationId":"carjnv6jblla7pq"}
{"type":"operationStart","subtype":"pdfUtilsMerge","name":"pdf utils merge","previousOperationId":"carjnv6jblla7pq","timestamp":1705253112534,"id":"qd7zljf5v3qz47u","previousEventId":"9i6dijterzzomkk","operationId":"ykkqwpi6tbm3b0g"}
{"type":"operationStart","subtype":"render","name":"orders-header","previousOperationId":"ykkqwpi6tbm3b0g","timestamp":1705253112536,"id":"um81s46wwcaftxm","previousEventId":"qd7zljf5v3qz47u","operationId":"2v2bhtaimku0snh"}
{"type":"log","timestamp":1705253112536,"level":"info","message":"Starting rendering (child) request","meta":{"rootId":"dg8j5a14xlbrd3u","id":"du03w36ecjzm2rq"},"id":"kk46uky0glbi407","previousOperationId":"2v2bhtaimku0snh"}
{"type":"log","timestamp":1705253112536,"level":"info","message":"Rendering template { name: orders-header, recipe: chrome-pdf, engine: handlebars, preview: true }","meta":{"rootId":"dg8j5a14xlbrd3u","id":"du03w36ecjzm2rq"},"id":"s9dij70vs6c41iq","previousOperationId":"2v2bhtaimku0snh"}
{"type":"log","timestamp":1705253112545,"level":"debug","message":"Inline data specified.","meta":{"rootId":"dg8j5a14xlbrd3u","id":"du03w36ecjzm2rq"},"id":"lezyxe0ckgh6f6u","previousOperationId":"2v2bhtaimku0snh"}
{"type":"log","timestamp":1705253112548,"level":"debug","message":"Base url not specified, skipping its injection.","meta":{"rootId":"dg8j5a14xlbrd3u","id":"du03w36ecjzm2rq"},"id":"hmc5rcxeupcxd4e","previousOperationId":"2v2bhtaimku0snh"}
{"type":"operationStart","subtype":"engine","name":"handlebars","timestamp":1705253112548,"id":"m07yva7u2x9qw6o","previousEventId":"um81s46wwcaftxm","operationId":"8mxbw1kh9by0d7v","previousOperationId":"2v2bhtaimku0snh"}
{"type":"log","timestamp":1705253112548,"level":"debug","message":"Rendering engine handlebars","meta":{"rootId":"dg8j5a14xlbrd3u","id":"du03w36ecjzm2rq"},"id":"dd8x9epaepr8o6g","previousOperationId":"8mxbw1kh9by0d7v"}
{"type":"operationEnd","operationId":"8mxbw1kh9by0d7v","timestamp":1705253112614,"id":"531rc7bpddgdl5z","previousEventId":"m07yva7u2x9qw6o","previousOperationId":"8mxbw1kh9by0d7v"}
{"type":"operationStart","subtype":"recipe","name":"chrome-pdf","timestamp":1705253112614,"id":"um3qqytryxs5g02","previousEventId":"531rc7bpddgdl5z","operationId":"uv6r4ry70pxfgnw","previousOperationId":"8mxbw1kh9by0d7v"}
{"type":"log","timestamp":1705253112614,"level":"debug","message":"Executing recipe chrome-pdf","meta":{"rootId":"dg8j5a14xlbrd3u","id":"du03w36ecjzm2rq"},"id":"y5xbo2orvh2vmh2","previousOperationId":"uv6r4ry70pxfgnw"}
{"type":"log","timestamp":1705253112618,"level":"debug","message":"Converting with chrome HeadlessChrome/117.0.5938.149 using chrome-pool strategy","meta":{"rootId":"dg8j5a14xlbrd3u","id":"du03w36ecjzm2rq"},"id":"a4y4h5usioeq32z","previousOperationId":"uv6r4ry70pxfgnw"}
{"type":"log","timestamp":1705253112734,"level":"debug","message":"Page request: GET (document) file:///C:/Users/arida/AppData/Local/Temp/jsreport/autocleanup/b7e77a23-80bf-48f2-b893-11c341cf2910-chrome-pdf.html","meta":{"rootId":"dg8j5a14xlbrd3u","id":"du03w36ecjzm2rq"},"id":"mvf5kqj0tbolses","previousOperationId":"uv6r4ry70pxfgnw"}
{"type":"log","timestamp":1705253112753,"level":"debug","message":"Page request: GET (stylesheet) https://cdnjs.cloudflare.com/ajax/libs/metro/4.1.5/css/metro.min.css","meta":{"rootId":"dg8j5a14xlbrd3u","id":"du03w36ecjzm2rq"},"id":"symc4di9vv8cvni","previousOperationId":"uv6r4ry70pxfgnw"}
{"type":"log","timestamp":1705253112753,"level":"debug","message":"Page request finished: GET (document) 200 file:///C:/Users/arida/AppData/Local/Temp/jsreport/autocleanup/b7e77a23-80bf-48f2-b893-11c341cf2910-chrome-pdf.html","meta":{"rootId":"dg8j5a14xlbrd3u","id":"du03w36ecjzm2rq"},"id":"f4f8najddbdt9i1","previousOperationId":"uv6r4ry70pxfgnw"}
{"type":"log","timestamp":1705253112773,"level":"debug","message":"Page request finished: GET (stylesheet) 200 https://cdnjs.cloudflare.com/ajax/libs/metro/4.1.5/css/metro.min.css","meta":{"rootId":"dg8j5a14xlbrd3u","id":"du03w36ecjzm2rq"},"id":"11gprcty9bwhzzn","previousOperationId":"uv6r4ry70pxfgnw"}
{"type":"log","timestamp":1705253112793,"level":"debug","message":"Running chrome with params {\"printBackground\":true,\"marginTop\":\"1.5cm\",\"marginRight\":\"1.5cm\",\"marginLeft\":\"1.cm\",\"timeout\":54364,\"margin\":{\"top\":\"1.5cm\",\"right\":\"1.5cm\",\"left\":\"1.cm\"}}","meta":{"rootId":"dg8j5a14xlbrd3u","id":"du03w36ecjzm2rq"},"id":"iyv7hzko5ccqhqr","previousOperationId":"uv6r4ry70pxfgnw"}
{"type":"operationEnd","operationId":"uv6r4ry70pxfgnw","timestamp":1705253112827,"id":"ym81xw3qigy4chs","previousEventId":"um3qqytryxs5g02","previousOperationId":"uv6r4ry70pxfgnw"}
{"type":"log","timestamp":1705253112829,"level":"debug","message":"Skipping storing report.","meta":{"rootId":"dg8j5a14xlbrd3u","id":"du03w36ecjzm2rq"},"id":"y5s0a7y02ngsb95","previousOperationId":"uv6r4ry70pxfgnw"}
{"type":"log","timestamp":1705253112829,"level":"info","message":"Rendering (child) request finished in 5848 ms","meta":{"rootId":"dg8j5a14xlbrd3u","id":"du03w36ecjzm2rq"},"id":"233fz9e8jha24qg","previousOperationId":"uv6r4ry70pxfgnw"}
{"type":"operationEnd","subtype":"render","operationId":"2v2bhtaimku0snh","timestamp":1705253112829,"id":"69bblbb2393u0mg","previousEventId":"ym81xw3qigy4chs","previousOperationId":"uv6r4ry70pxfgnw"}
{"type":"operationEnd","operationId":"ykkqwpi6tbm3b0g","timestamp":1705253112849,"id":"3o2qry9lx58b4vr","previousEventId":"qd7zljf5v3qz47u","previousOperationId":"ykkqwpi6tbm3b0g"}
{"type":"log","timestamp":1705253112849,"level":"debug","message":"pdf-utils postproces start","meta":{"rootId":"dg8j5a14xlbrd3u","id":"dg8j5a14xlbrd3u"},"id":"vk29o40lr1f1m77","previousOperationId":"ykkqwpi6tbm3b0g"}
{"type":"log","timestamp":1705253112859,"level":"debug","message":"pdf-utils postproces end","meta":{"rootId":"dg8j5a14xlbrd3u","id":"dg8j5a14xlbrd3u"},"id":"4jll7a6jds9rr67","previousOperationId":"ykkqwpi6tbm3b0g"}
{"type":"operationEnd","operationId":"carjnv6jblla7pq","timestamp":1705253112859,"id":"ziy8npmum2jcp0a","previousEventId":"3o2qry9lx58b4vr","previousOperationId":"ykkqwpi6tbm3b0g"}
{"type":"log","timestamp":1705253112859,"level":"info","message":"pdf-utils pdf processing was finished","meta":{"rootId":"dg8j5a14xlbrd3u","id":"dg8j5a14xlbrd3u"},"id":"lqm0gn3o60r1lii","previousOperationId":"carjnv6jblla7pq"}
{"type":"log","timestamp":1705253112859,"level":"debug","message":"Skipping storing report.","meta":{"rootId":"dg8j5a14xlbrd3u","id":"dg8j5a14xlbrd3u"},"id":"6c2g9dfefr057fs","previousOperationId":"carjnv6jblla7pq"}
{"type":"log","timestamp":1705253112859,"level":"info","message":"Rendering request 14 finished in 5878 ms","meta":{"rootId":"dg8j5a14xlbrd3u","id":"dg8j5a14xlbrd3u"},"id":"wcsqfc8q6z5tgr1","previousOperationId":"carjnv6jblla7pq"}
{"type":"operationEnd","subtype":"render","operationId":"tdlshq7jrnupeic","timestamp":1705253112859,"id":"dav2452tvr5dz21","previousEventId":"ziy8npmum2jcp0a","previousOperationId":"carjnv6jblla7pq"}
{"type":"operationEnd","doDiffs":false,"previousEventId":"rom3eqeh6xy3vo6","previousOperationId":"83sjohrleh3m5w0","operationId":"83sjohrleh3m5w0","timestamp":1705253112880,"id":"kqgf6e4m3adkbn2"}
