{"type":"operationStart","subtype":"profile","data":{"_id":"A7hCjNgj0krUhKSu","timestamp":"2024-01-14T17:53:47.930Z","state":"queued","mode":"standard","creationDate":"2024-01-14T17:53:47.936Z","modificationDate":"2024-01-14T17:53:47.936Z","shortid":"LvhNeNR","$entitySet":"profiles"},"doDiffs":false,"timestamp":1705254827932,"id":"7ddptgfdzc7clkv","previousOperationId":null,"operationId":"nt1apckk26qzwti"}
{"type":"log","level":"info","message":"Render request 1 queued for execution and waiting for available worker","previousOperationId":"nt1apckk26qzwti","timestamp":1705254827933,"id":"3fgaufakehmto3y"}
{"type":"operationStart","subtype":"render","name":"orders-main","previousOperationId":"nt1apckk26qzwti","timestamp":1705254827975,"id":"trbuag5s36xhxn1","previousEventId":"7ddptgfdzc7clkv","operationId":"sfkxewol0lqku7r"}
{"type":"log","timestamp":1705254827977,"level":"info","message":"Starting rendering request 1","meta":{"rootId":"dkr0no6wb20m8q2","id":"dkr0no6wb20m8q2"},"id":"vcgygql5ssxslcd","previousOperationId":"sfkxewol0lqku7r"}
{"type":"log","timestamp":1705254827978,"level":"info","message":"Rendering template { name: orders-main, recipe: chrome-pdf, engine: handlebars, preview: true }","meta":{"rootId":"dkr0no6wb20m8q2","id":"dkr0no6wb20m8q2"},"id":"6nb2vt6m32kvu06","previousOperationId":"sfkxewol0lqku7r"}
{"type":"log","timestamp":1705254827989,"level":"debug","message":"Data item not defined for this template.","meta":{"rootId":"dkr0no6wb20m8q2","id":"dkr0no6wb20m8q2"},"id":"5iqdar4wy41x6wg","previousOperationId":"sfkxewol0lqku7r"}
{"type":"log","timestamp":1705254827993,"level":"debug","message":"Executing script orders-script (beforeRender)","meta":{"rootId":"dkr0no6wb20m8q2","id":"dkr0no6wb20m8q2"},"id":"oujlbqpcdkaa018","previousOperationId":"sfkxewol0lqku7r"}
{"type":"operationStart","subtype":"scriptsBeforeRender","name":"scripts beforeRender","timestamp":1705254828352,"id":"uhljyriy3wbolow","previousEventId":"trbuag5s36xhxn1","operationId":"0ggimkl3q78ru9h","previousOperationId":"sfkxewol0lqku7r"}
{"type":"operationStart","subtype":"script","name":"scripts orders-script","previousOperationId":"0ggimkl3q78ru9h","timestamp":1705254828352,"id":"k3x20r4ny5fwrlz","previousEventId":"uhljyriy3wbolow","operationId":"9th2sruyw1mrj4p"}
{"type":"log","timestamp":1705254828392,"level":"debug","message":"(console:log) [\n  { numEvento: 3, name: 'Ingenio' },\n  { numEvento: 0, name: 'Las Palmas' }\n]","meta":{"userLevel":true,"rootId":"dkr0no6wb20m8q2","id":"dkr0no6wb20m8q2"},"id":"nikbf6riwhusy4k","previousOperationId":"9th2sruyw1mrj4p"}
{"type":"operationEnd","operationId":"9th2sruyw1mrj4p","timestamp":1705254828394,"id":"2z4tj41zq89ydd6","previousEventId":"trbuag5s36xhxn1","previousOperationId":"sfkxewol0lqku7r"}
{"type":"operationEnd","operationId":"0ggimkl3q78ru9h","timestamp":1705254828394,"id":"la19q213141tpii","previousEventId":"2z4tj41zq89ydd6","previousOperationId":"sfkxewol0lqku7r"}
{"type":"log","timestamp":1705254828394,"level":"debug","message":"Base url not specified, skipping its injection.","meta":{"rootId":"dkr0no6wb20m8q2","id":"dkr0no6wb20m8q2"},"id":"5nviza4dh51uy85","previousOperationId":"0ggimkl3q78ru9h"}
{"type":"operationStart","subtype":"engine","name":"handlebars","timestamp":1705254828396,"id":"twfsn03gxcuwy0t","previousEventId":"la19q213141tpii","operationId":"areptqxui77jck1","previousOperationId":"0ggimkl3q78ru9h"}
{"type":"log","timestamp":1705254828396,"level":"debug","message":"Rendering engine handlebars","meta":{"rootId":"dkr0no6wb20m8q2","id":"dkr0no6wb20m8q2"},"id":"5xrlw646dzymss8","previousOperationId":"areptqxui77jck1"}
{"type":"operationEnd","operationId":"areptqxui77jck1","timestamp":1705254828854,"id":"9qwrnrer8ynun29","previousEventId":"twfsn03gxcuwy0t","previousOperationId":"areptqxui77jck1"}
{"type":"operationStart","subtype":"recipe","name":"chrome-pdf","timestamp":1705254828855,"id":"kdz3bk0m4piz8io","previousEventId":"9qwrnrer8ynun29","operationId":"fmfessadufzdqaj","previousOperationId":"areptqxui77jck1"}
{"type":"log","timestamp":1705254828855,"level":"debug","message":"Executing recipe chrome-pdf","meta":{"rootId":"dkr0no6wb20m8q2","id":"dkr0no6wb20m8q2"},"id":"itv6yhihlxb0rhs","previousOperationId":"fmfessadufzdqaj"}
{"type":"log","timestamp":1705254829609,"level":"debug","message":"Converting with chrome HeadlessChrome/117.0.5938.149 using chrome-pool strategy","meta":{"rootId":"dkr0no6wb20m8q2","id":"dkr0no6wb20m8q2"},"id":"tr47uhj3vvw999k","previousOperationId":"fmfessadufzdqaj"}
{"type":"log","timestamp":1705254829838,"level":"debug","message":"Page request: GET (document) file:///C:/Users/arida/AppData/Local/Temp/jsreport/autocleanup/92d8cde2-3844-4d18-bb5f-17b8812517df-chrome-pdf.html","meta":{"rootId":"dkr0no6wb20m8q2","id":"dkr0no6wb20m8q2"},"id":"ekdg8eb5eebjmas","previousOperationId":"fmfessadufzdqaj"}
{"type":"log","timestamp":1705254829876,"level":"debug","message":"Page request: GET (stylesheet) https://cdnjs.cloudflare.com/ajax/libs/metro/4.1.5/css/metro.min.css","meta":{"rootId":"dkr0no6wb20m8q2","id":"dkr0no6wb20m8q2"},"id":"pc3788ci2ltbto1","previousOperationId":"fmfessadufzdqaj"}
{"type":"log","timestamp":1705254829877,"level":"debug","message":"Page request: GET (script) https://cdnjs.cloudflare.com/ajax/libs/Chart.js/2.7.2/Chart.min.js","meta":{"rootId":"dkr0no6wb20m8q2","id":"dkr0no6wb20m8q2"},"id":"bm9jo7hr4auttv3","previousOperationId":"fmfessadufzdqaj"}
{"type":"log","timestamp":1705254829878,"level":"debug","message":"Page request finished: GET (document) 200 file:///C:/Users/arida/AppData/Local/Temp/jsreport/autocleanup/92d8cde2-3844-4d18-bb5f-17b8812517df-chrome-pdf.html","meta":{"rootId":"dkr0no6wb20m8q2","id":"dkr0no6wb20m8q2"},"id":"wyfdpsh9dfox03x","previousOperationId":"fmfessadufzdqaj"}
{"type":"log","timestamp":1705254830157,"level":"debug","message":"Page request finished: GET (stylesheet) 200 https://cdnjs.cloudflare.com/ajax/libs/metro/4.1.5/css/metro.min.css","meta":{"rootId":"dkr0no6wb20m8q2","id":"dkr0no6wb20m8q2"},"id":"nbpt4bpcnrnpqij","previousOperationId":"fmfessadufzdqaj"}
{"type":"log","timestamp":1705254830184,"level":"debug","message":"Page request finished: GET (script) 200 https://cdnjs.cloudflare.com/ajax/libs/Chart.js/2.7.2/Chart.min.js","meta":{"rootId":"dkr0no6wb20m8q2","id":"dkr0no6wb20m8q2"},"id":"gcu6wk5nm2go0o2","previousOperationId":"fmfessadufzdqaj"}
{"type":"log","timestamp":1705254830199,"level":"debug","message":"Running chrome with params {\"printBackground\":true,\"marginTop\":\"4cm\",\"marginRight\":\"1.5cm\",\"marginBottom\":\"1.5cm\",\"marginLeft\":\"1.5cm\",\"waitForJS\":false,\"timeout\":58524,\"margin\":{\"top\":\"4cm\",\"right\":\"1.5cm\",\"bottom\":\"1.5cm\",\"left\":\"1.5cm\"}}","meta":{"rootId":"dkr0no6wb20m8q2","id":"dkr0no6wb20m8q2"},"id":"u3qbva5gs0bxflc","previousOperationId":"fmfessadufzdqaj"}
{"type":"operationEnd","operationId":"fmfessadufzdqaj","timestamp":1705254830224,"id":"78wnzupkvtxdim5","previousEventId":"kdz3bk0m4piz8io","previousOperationId":"fmfessadufzdqaj"}
{"type":"log","timestamp":1705254830224,"level":"info","message":"pdf-utils is starting pdf processing","meta":{"rootId":"dkr0no6wb20m8q2","id":"dkr0no6wb20m8q2"},"id":"q70rwy6ntwgpnra","previousOperationId":"fmfessadufzdqaj"}
{"type":"operationStart","subtype":"pdfUtils","name":"pdf utils","timestamp":1705254830458,"id":"qtqitwv48jifvbj","previousEventId":"78wnzupkvtxdim5","operationId":"e6ju0qidwfvk86t","previousOperationId":"fmfessadufzdqaj"}
{"type":"log","timestamp":1705254830458,"level":"debug","message":"pdf-utils detected 1 pdf operation(s) to process","meta":{"rootId":"dkr0no6wb20m8q2","id":"dkr0no6wb20m8q2"},"id":"lakl68qyps87bqt","previousOperationId":"e6ju0qidwfvk86t"}
{"type":"log","timestamp":1705254830637,"level":"debug","message":"pdf-utils running pdf operation merge","meta":{"rootId":"dkr0no6wb20m8q2","id":"dkr0no6wb20m8q2"},"id":"e547pxa4hm8q10v","previousOperationId":"e6ju0qidwfvk86t"}
{"type":"operationStart","subtype":"pdfUtilsMerge","name":"pdf utils merge","previousOperationId":"e6ju0qidwfvk86t","timestamp":1705254830637,"id":"mauottcyjyuks8k","previousEventId":"qtqitwv48jifvbj","operationId":"4jfvpww0upfmmq4"}
{"type":"operationStart","subtype":"render","name":"orders-header","previousOperationId":"4jfvpww0upfmmq4","timestamp":1705254830639,"id":"t5uku0dtxem1k55","previousEventId":"mauottcyjyuks8k","operationId":"x1ci67386g765x1"}
{"type":"log","timestamp":1705254830639,"level":"info","message":"Starting rendering (child) request","meta":{"rootId":"dkr0no6wb20m8q2","id":"p4zt994gs4ivd2b"},"id":"bd384ak3uyf4r13","previousOperationId":"x1ci67386g765x1"}
{"type":"log","timestamp":1705254830639,"level":"info","message":"Rendering template { name: orders-header, recipe: chrome-pdf, engine: handlebars, preview: true }","meta":{"rootId":"dkr0no6wb20m8q2","id":"p4zt994gs4ivd2b"},"id":"vrhs7u35z4nezum","previousOperationId":"x1ci67386g765x1"}
{"type":"log","timestamp":1705254830654,"level":"debug","message":"Inline data specified.","meta":{"rootId":"dkr0no6wb20m8q2","id":"p4zt994gs4ivd2b"},"id":"zukusf3tankuzxz","previousOperationId":"x1ci67386g765x1"}
{"type":"log","timestamp":1705254830658,"level":"debug","message":"Base url not specified, skipping its injection.","meta":{"rootId":"dkr0no6wb20m8q2","id":"p4zt994gs4ivd2b"},"id":"8r0aitnjrvr4tn0","previousOperationId":"x1ci67386g765x1"}
{"type":"operationStart","subtype":"engine","name":"handlebars","timestamp":1705254830658,"id":"bwpbfwh4idwa6iz","previousEventId":"t5uku0dtxem1k55","operationId":"zuzcmbzhfs1phon","previousOperationId":"x1ci67386g765x1"}
{"type":"log","timestamp":1705254830659,"level":"debug","message":"Rendering engine handlebars","meta":{"rootId":"dkr0no6wb20m8q2","id":"p4zt994gs4ivd2b"},"id":"a51o9mnl6hv3lv5","previousOperationId":"zuzcmbzhfs1phon"}
{"type":"operationEnd","operationId":"zuzcmbzhfs1phon","timestamp":1705254830720,"id":"ipupmpdaxfh24h6","previousEventId":"bwpbfwh4idwa6iz","previousOperationId":"zuzcmbzhfs1phon"}
{"type":"operationStart","subtype":"recipe","name":"chrome-pdf","timestamp":1705254830721,"id":"z8m2ecl68a5jtm5","previousEventId":"ipupmpdaxfh24h6","operationId":"uiz8lhvlyz0vn34","previousOperationId":"zuzcmbzhfs1phon"}
{"type":"log","timestamp":1705254830721,"level":"debug","message":"Executing recipe chrome-pdf","meta":{"rootId":"dkr0no6wb20m8q2","id":"p4zt994gs4ivd2b"},"id":"cw3siubcsxorlic","previousOperationId":"uiz8lhvlyz0vn34"}
{"type":"log","timestamp":1705254830724,"level":"debug","message":"Converting with chrome HeadlessChrome/117.0.5938.149 using chrome-pool strategy","meta":{"rootId":"dkr0no6wb20m8q2","id":"p4zt994gs4ivd2b"},"id":"jddrodlbypynewk","previousOperationId":"uiz8lhvlyz0vn34"}
{"type":"log","timestamp":1705254830853,"level":"debug","message":"Page request: GET (document) file:///C:/Users/arida/AppData/Local/Temp/jsreport/autocleanup/64c9715a-8ed6-4fa3-98b5-14859d680e8c-chrome-pdf.html","meta":{"rootId":"dkr0no6wb20m8q2","id":"p4zt994gs4ivd2b"},"id":"taf8ndcso9rl5go","previousOperationId":"uiz8lhvlyz0vn34"}
{"type":"log","timestamp":1705254830866,"level":"debug","message":"Page request: GET (stylesheet) https://cdnjs.cloudflare.com/ajax/libs/metro/4.1.5/css/metro.min.css","meta":{"rootId":"dkr0no6wb20m8q2","id":"p4zt994gs4ivd2b"},"id":"ldnvky8p4nh6ruo","previousOperationId":"uiz8lhvlyz0vn34"}
{"type":"log","timestamp":1705254830866,"level":"debug","message":"Page request finished: GET (document) 200 file:///C:/Users/arida/AppData/Local/Temp/jsreport/autocleanup/64c9715a-8ed6-4fa3-98b5-14859d680e8c-chrome-pdf.html","meta":{"rootId":"dkr0no6wb20m8q2","id":"p4zt994gs4ivd2b"},"id":"xt3og9hrcn2b7gq","previousOperationId":"uiz8lhvlyz0vn34"}
{"type":"log","timestamp":1705254830887,"level":"debug","message":"Page request finished: GET (stylesheet) 200 https://cdnjs.cloudflare.com/ajax/libs/metro/4.1.5/css/metro.min.css","meta":{"rootId":"dkr0no6wb20m8q2","id":"p4zt994gs4ivd2b"},"id":"4q2blcun8m0tzsz","previousOperationId":"uiz8lhvlyz0vn34"}
{"type":"log","timestamp":1705254830905,"level":"debug","message":"Running chrome with params {\"printBackground\":true,\"marginTop\":\"1.5cm\",\"marginRight\":\"1.5cm\",\"marginLeft\":\"1.cm\",\"timeout\":57206,\"margin\":{\"top\":\"1.5cm\",\"right\":\"1.5cm\",\"left\":\"1.cm\"}}","meta":{"rootId":"dkr0no6wb20m8q2","id":"p4zt994gs4ivd2b"},"id":"t72jsd4he5qeffc","previousOperationId":"uiz8lhvlyz0vn34"}
{"type":"operationEnd","operationId":"uiz8lhvlyz0vn34","timestamp":1705254830940,"id":"7wv9mp65pknohxy","previousEventId":"z8m2ecl68a5jtm5","previousOperationId":"uiz8lhvlyz0vn34"}
{"type":"log","timestamp":1705254830941,"level":"debug","message":"Skipping storing report.","meta":{"rootId":"dkr0no6wb20m8q2","id":"p4zt994gs4ivd2b"},"id":"f6hug3bwqslcq4i","previousOperationId":"uiz8lhvlyz0vn34"}
{"type":"log","timestamp":1705254830941,"level":"info","message":"Rendering (child) request finished in 3012 ms","meta":{"rootId":"dkr0no6wb20m8q2","id":"p4zt994gs4ivd2b"},"id":"aotu9ip6s0onehf","previousOperationId":"uiz8lhvlyz0vn34"}
{"type":"operationEnd","subtype":"render","operationId":"x1ci67386g765x1","timestamp":1705254830942,"id":"o2qnb0534o9y657","previousEventId":"7wv9mp65pknohxy","previousOperationId":"uiz8lhvlyz0vn34"}
{"type":"operationEnd","operationId":"4jfvpww0upfmmq4","timestamp":1705254830960,"id":"o3kaazp5hsnkyw9","previousEventId":"mauottcyjyuks8k","previousOperationId":"4jfvpww0upfmmq4"}
{"type":"log","timestamp":1705254830960,"level":"debug","message":"pdf-utils postproces start","meta":{"rootId":"dkr0no6wb20m8q2","id":"dkr0no6wb20m8q2"},"id":"klukhym68snx6v1","previousOperationId":"4jfvpww0upfmmq4"}
{"type":"log","timestamp":1705254830969,"level":"debug","message":"pdf-utils postproces end","meta":{"rootId":"dkr0no6wb20m8q2","id":"dkr0no6wb20m8q2"},"id":"eapadsp1gnrtein","previousOperationId":"4jfvpww0upfmmq4"}
{"type":"operationEnd","operationId":"e6ju0qidwfvk86t","timestamp":1705254830969,"id":"i7qo5izr87915ha","previousEventId":"o3kaazp5hsnkyw9","previousOperationId":"4jfvpww0upfmmq4"}
{"type":"log","timestamp":1705254830969,"level":"info","message":"pdf-utils pdf processing was finished","meta":{"rootId":"dkr0no6wb20m8q2","id":"dkr0no6wb20m8q2"},"id":"6zbpll3emspiy0w","previousOperationId":"e6ju0qidwfvk86t"}
{"type":"log","timestamp":1705254830969,"level":"debug","message":"Skipping storing report.","meta":{"rootId":"dkr0no6wb20m8q2","id":"dkr0no6wb20m8q2"},"id":"tvvfgspq3qxadlm","previousOperationId":"e6ju0qidwfvk86t"}
{"type":"log","timestamp":1705254830969,"level":"info","message":"Rendering request 1 finished in 3040 ms","meta":{"rootId":"dkr0no6wb20m8q2","id":"dkr0no6wb20m8q2"},"id":"i6dn73m7bozadvm","previousOperationId":"e6ju0qidwfvk86t"}
{"type":"operationEnd","subtype":"render","operationId":"sfkxewol0lqku7r","timestamp":1705254830969,"id":"8zlf0ownz7bzmrm","previousEventId":"i7qo5izr87915ha","previousOperationId":"e6ju0qidwfvk86t"}
{"type":"operationEnd","doDiffs":false,"previousEventId":"7ddptgfdzc7clkv","previousOperationId":"nt1apckk26qzwti","operationId":"nt1apckk26qzwti","timestamp":1705254830994,"id":"vii097h60msxnvx"}
