{"type":"operationStart","subtype":"profile","data":{"_id":"nI9fSbHLVOy6Hu8n","timestamp":"2024-01-09T20:12:57.484Z","state":"queued","mode":"standard","creationDate":"2024-01-09T20:12:57.487Z","modificationDate":"2024-01-09T20:12:57.487Z","shortid":"fi7dWZ2","$entitySet":"profiles"},"doDiffs":false,"timestamp":1704831177485,"id":"v8sg3ek962sfn64","previousOperationId":null,"operationId":"8w0mju2k4vk1uul"}
{"type":"log","level":"info","message":"Render request 16 queued for execution and waiting for available worker","previousOperationId":"8w0mju2k4vk1uul","timestamp":1704831177486,"id":"jr2gqf1b4dxg7u6"}
{"type":"operationStart","subtype":"render","name":"orders-main","previousOperationId":"8w0mju2k4vk1uul","timestamp":1704831177499,"id":"2d25u8r12udvg9c","previousEventId":"v8sg3ek962sfn64","operationId":"6ibyqmv3h25c78m"}
{"type":"log","timestamp":1704831177499,"level":"info","message":"Starting rendering request 16","meta":{"rootId":"dn5ttminsrnyg5m","id":"dn5ttminsrnyg5m"},"id":"tn7qe9vrnnyh2e5","previousOperationId":"6ibyqmv3h25c78m"}
{"type":"log","timestamp":1704831177500,"level":"info","message":"Rendering template { name: orders-main, recipe: chrome-pdf, engine: handlebars, preview: true }","meta":{"rootId":"dn5ttminsrnyg5m","id":"dn5ttminsrnyg5m"},"id":"5hlneg536znjb0v","previousOperationId":"6ibyqmv3h25c78m"}
{"type":"log","timestamp":1704831177501,"level":"debug","message":"Data item not defined for this template.","meta":{"rootId":"dn5ttminsrnyg5m","id":"dn5ttminsrnyg5m"},"id":"j6dw7cushac6i5z","previousOperationId":"6ibyqmv3h25c78m"}
{"type":"log","timestamp":1704831177505,"level":"debug","message":"Executing script orders-script (beforeRender)","meta":{"rootId":"dn5ttminsrnyg5m","id":"dn5ttminsrnyg5m"},"id":"djrhkdlhm9euvcu","previousOperationId":"6ibyqmv3h25c78m"}
{"type":"operationStart","subtype":"scriptsBeforeRender","name":"scripts beforeRender","timestamp":1704831177513,"id":"2jz4d3wbtm0xjsq","previousEventId":"2d25u8r12udvg9c","operationId":"jqcrru1ty0sg92a","previousOperationId":"6ibyqmv3h25c78m"}
{"type":"operationStart","subtype":"script","name":"scripts orders-script","previousOperationId":"jqcrru1ty0sg92a","timestamp":1704831177513,"id":"p4k4en0wnv9yfvt","previousEventId":"2jz4d3wbtm0xjsq","operationId":"rzgavhh7fj7909n"}
{"type":"log","timestamp":1704831177514,"level":"debug","message":"(console:log) undefined","meta":{"userLevel":true,"rootId":"dn5ttminsrnyg5m","id":"dn5ttminsrnyg5m"},"id":"4vu8rbaxyknyfec","previousOperationId":"rzgavhh7fj7909n"}
{"type":"operationEnd","operationId":"rzgavhh7fj7909n","timestamp":1704831178799,"id":"hdob4aogy9xaowm","previousEventId":"2d25u8r12udvg9c","previousOperationId":"6ibyqmv3h25c78m"}
{"type":"operationEnd","operationId":"jqcrru1ty0sg92a","timestamp":1704831178799,"id":"m8oykbrxld3pdn3","previousEventId":"hdob4aogy9xaowm","previousOperationId":"6ibyqmv3h25c78m"}
{"type":"log","timestamp":1704831178799,"level":"debug","message":"Base url not specified, skipping its injection.","meta":{"rootId":"dn5ttminsrnyg5m","id":"dn5ttminsrnyg5m"},"id":"cbcegex3vc6dbbh","previousOperationId":"jqcrru1ty0sg92a"}
{"type":"operationStart","subtype":"engine","name":"handlebars","timestamp":1704831178799,"id":"s7tvntulauj84o7","previousEventId":"m8oykbrxld3pdn3","operationId":"0owvgc3qo7vw9be","previousOperationId":"jqcrru1ty0sg92a"}
{"type":"log","timestamp":1704831178799,"level":"debug","message":"Rendering engine handlebars","meta":{"rootId":"dn5ttminsrnyg5m","id":"dn5ttminsrnyg5m"},"id":"jbw82aebjnld8y1","previousOperationId":"0owvgc3qo7vw9be"}
{"type":"log","timestamp":1704831178811,"level":"debug","message":"(console:log) Pdf utils adding group field, value: \"France\"","meta":{"userLevel":true,"rootId":"dn5ttminsrnyg5m","id":"dn5ttminsrnyg5m"},"id":"3bh3frua526h9p6","previousOperationId":"0owvgc3qo7vw9be"}
{"type":"log","timestamp":1704831178811,"level":"debug","message":"(console:log) Pdf utils adding group field, value: \"Germany\"","meta":{"userLevel":true,"rootId":"dn5ttminsrnyg5m","id":"dn5ttminsrnyg5m"},"id":"lhvd142twnl69aq","previousOperationId":"0owvgc3qo7vw9be"}
{"type":"operationEnd","operationId":"0owvgc3qo7vw9be","timestamp":1704831178812,"id":"7vupsnkscsdmmmk","previousEventId":"s7tvntulauj84o7","previousOperationId":"0owvgc3qo7vw9be"}
{"type":"operationStart","subtype":"recipe","name":"chrome-pdf","timestamp":1704831178813,"id":"ucie54aain6rj3s","previousEventId":"7vupsnkscsdmmmk","operationId":"778zwmf9643pgiw","previousOperationId":"0owvgc3qo7vw9be"}
{"type":"log","timestamp":1704831178813,"level":"debug","message":"Executing recipe chrome-pdf","meta":{"rootId":"dn5ttminsrnyg5m","id":"dn5ttminsrnyg5m"},"id":"5se3kb23z3tcu14","previousOperationId":"778zwmf9643pgiw"}
{"type":"log","timestamp":1704831178817,"level":"debug","message":"Converting with chrome HeadlessChrome/117.0.5938.149 using chrome-pool strategy","meta":{"rootId":"dn5ttminsrnyg5m","id":"dn5ttminsrnyg5m"},"id":"8hud9ev9jta3tm6","previousOperationId":"778zwmf9643pgiw"}
{"type":"log","timestamp":1704831178938,"level":"debug","message":"Page request: GET (document) file:///C:/Users/arida/AppData/Local/Temp/jsreport/autocleanup/31f47bdc-0a29-4b17-901a-6f5406aa062e-chrome-pdf.html","meta":{"rootId":"dn5ttminsrnyg5m","id":"dn5ttminsrnyg5m"},"id":"8d98wnumz0noreo","previousOperationId":"778zwmf9643pgiw"}
{"type":"log","timestamp":1704831179002,"level":"debug","message":"Page request: GET (stylesheet) https://cdnjs.cloudflare.com/ajax/libs/metro/4.1.5/css/metro.min.css","meta":{"rootId":"dn5ttminsrnyg5m","id":"dn5ttminsrnyg5m"},"id":"6adycag0pnusxy4","previousOperationId":"778zwmf9643pgiw"}
{"type":"log","timestamp":1704831179003,"level":"debug","message":"Page request: GET (script) https://cdnjs.cloudflare.com/ajax/libs/Chart.js/2.7.2/Chart.min.js","meta":{"rootId":"dn5ttminsrnyg5m","id":"dn5ttminsrnyg5m"},"id":"jqllu57lovkg8xs","previousOperationId":"778zwmf9643pgiw"}
{"type":"log","timestamp":1704831179003,"level":"debug","message":"Page request finished: GET (document) 200 file:///C:/Users/arida/AppData/Local/Temp/jsreport/autocleanup/31f47bdc-0a29-4b17-901a-6f5406aa062e-chrome-pdf.html","meta":{"rootId":"dn5ttminsrnyg5m","id":"dn5ttminsrnyg5m"},"id":"io9od31mg0i70z1","previousOperationId":"778zwmf9643pgiw"}
{"type":"log","timestamp":1704831179028,"level":"debug","message":"Page request finished: GET (stylesheet) 200 https://cdnjs.cloudflare.com/ajax/libs/metro/4.1.5/css/metro.min.css","meta":{"rootId":"dn5ttminsrnyg5m","id":"dn5ttminsrnyg5m"},"id":"q06gmrdjm7df94r","previousOperationId":"778zwmf9643pgiw"}
{"type":"log","timestamp":1704831179029,"level":"debug","message":"Page request finished: GET (script) 200 https://cdnjs.cloudflare.com/ajax/libs/Chart.js/2.7.2/Chart.min.js","meta":{"rootId":"dn5ttminsrnyg5m","id":"dn5ttminsrnyg5m"},"id":"na91xlf3rk64ewi","previousOperationId":"778zwmf9643pgiw"}
{"type":"log","timestamp":1704831179121,"level":"debug","message":"Running chrome with params {\"printBackground\":true,\"marginTop\":\"4cm\",\"marginRight\":\"1.5cm\",\"marginBottom\":\"1.5cm\",\"marginLeft\":\"1.5cm\",\"waitForJS\":false,\"timeout\":58668,\"margin\":{\"top\":\"4cm\",\"right\":\"1.5cm\",\"bottom\":\"1.5cm\",\"left\":\"1.5cm\"}}","meta":{"rootId":"dn5ttminsrnyg5m","id":"dn5ttminsrnyg5m"},"id":"5v3y0y779wvnztf","previousOperationId":"778zwmf9643pgiw"}
{"type":"operationEnd","operationId":"778zwmf9643pgiw","timestamp":1704831179295,"id":"fnddtr8v9kz0969","previousEventId":"ucie54aain6rj3s","previousOperationId":"778zwmf9643pgiw"}
{"type":"log","timestamp":1704831179295,"level":"info","message":"pdf-utils is starting pdf processing","meta":{"rootId":"dn5ttminsrnyg5m","id":"dn5ttminsrnyg5m"},"id":"a1npmd8qe9mt1q5","previousOperationId":"778zwmf9643pgiw"}
{"type":"operationStart","subtype":"pdfUtils","name":"pdf utils","timestamp":1704831179295,"id":"fzae31oy4wbw79h","previousEventId":"fnddtr8v9kz0969","operationId":"58d94ptj5cwooel","previousOperationId":"778zwmf9643pgiw"}
{"type":"log","timestamp":1704831179295,"level":"debug","message":"pdf-utils detected 1 pdf operation(s) to process","meta":{"rootId":"dn5ttminsrnyg5m","id":"dn5ttminsrnyg5m"},"id":"vm8le9ktk8as2ju","previousOperationId":"58d94ptj5cwooel"}
{"type":"log","timestamp":1704831179337,"level":"debug","message":"pdf-utils running pdf operation merge","meta":{"rootId":"dn5ttminsrnyg5m","id":"dn5ttminsrnyg5m"},"id":"01p0v3w8nh8y6xq","previousOperationId":"58d94ptj5cwooel"}
{"type":"operationStart","subtype":"pdfUtilsMerge","name":"pdf utils merge","previousOperationId":"58d94ptj5cwooel","timestamp":1704831179337,"id":"jxr8t6lptu5osdu","previousEventId":"fzae31oy4wbw79h","operationId":"jgvkdd5dslzd99n"}
{"type":"operationStart","subtype":"render","name":"orders-header","previousOperationId":"jgvkdd5dslzd99n","timestamp":1704831179339,"id":"1cjskkdm80h216h","previousEventId":"jxr8t6lptu5osdu","operationId":"lh71nemrnobbr3t"}
{"type":"log","timestamp":1704831179339,"level":"info","message":"Starting rendering (child) request","meta":{"rootId":"dn5ttminsrnyg5m","id":"billdiiw7oj2890"},"id":"lnktkzltmybme25","previousOperationId":"lh71nemrnobbr3t"}
{"type":"log","timestamp":1704831179339,"level":"info","message":"Rendering template { name: orders-header, recipe: chrome-pdf, engine: handlebars, preview: true }","meta":{"rootId":"dn5ttminsrnyg5m","id":"billdiiw7oj2890"},"id":"i7kch47ggv7z2ij","previousOperationId":"lh71nemrnobbr3t"}
{"type":"log","timestamp":1704831179345,"level":"debug","message":"Inline data specified.","meta":{"rootId":"dn5ttminsrnyg5m","id":"billdiiw7oj2890"},"id":"sh7k745tivdk889","previousOperationId":"lh71nemrnobbr3t"}
{"type":"log","timestamp":1704831179348,"level":"debug","message":"Base url not specified, skipping its injection.","meta":{"rootId":"dn5ttminsrnyg5m","id":"billdiiw7oj2890"},"id":"exetu2o4oezb6f1","previousOperationId":"lh71nemrnobbr3t"}
{"type":"operationStart","subtype":"engine","name":"handlebars","timestamp":1704831179349,"id":"snfhpaxeh030mka","previousEventId":"1cjskkdm80h216h","operationId":"djg3j51dlkflmxn","previousOperationId":"lh71nemrnobbr3t"}
{"type":"log","timestamp":1704831179349,"level":"debug","message":"Rendering engine handlebars","meta":{"rootId":"dn5ttminsrnyg5m","id":"billdiiw7oj2890"},"id":"vnr2wur7702vam7","previousOperationId":"djg3j51dlkflmxn"}
{"type":"operationEnd","operationId":"djg3j51dlkflmxn","timestamp":1704831179368,"id":"2x8tcjws4x3rbre","previousEventId":"snfhpaxeh030mka","previousOperationId":"djg3j51dlkflmxn"}
{"type":"operationStart","subtype":"recipe","name":"chrome-pdf","timestamp":1704831179368,"id":"6ujfgyqcus15cbx","previousEventId":"2x8tcjws4x3rbre","operationId":"luchigezrqmtfnn","previousOperationId":"djg3j51dlkflmxn"}
{"type":"log","timestamp":1704831179368,"level":"debug","message":"Executing recipe chrome-pdf","meta":{"rootId":"dn5ttminsrnyg5m","id":"billdiiw7oj2890"},"id":"b54t6mp1jpuxrem","previousOperationId":"luchigezrqmtfnn"}
{"type":"log","timestamp":1704831179371,"level":"debug","message":"Converting with chrome HeadlessChrome/117.0.5938.149 using chrome-pool strategy","meta":{"rootId":"dn5ttminsrnyg5m","id":"billdiiw7oj2890"},"id":"ztjuu3o4oqbeyqu","previousOperationId":"luchigezrqmtfnn"}
{"type":"log","timestamp":1704831179502,"level":"debug","message":"Page request: GET (document) file:///C:/Users/arida/AppData/Local/Temp/jsreport/autocleanup/7e6c03bb-eda9-4ca6-9cbb-945ff992b8bf-chrome-pdf.html","meta":{"rootId":"dn5ttminsrnyg5m","id":"billdiiw7oj2890"},"id":"vp7uszish7oujfg","previousOperationId":"luchigezrqmtfnn"}
{"type":"log","timestamp":1704831179514,"level":"debug","message":"Page request: GET (stylesheet) https://cdnjs.cloudflare.com/ajax/libs/metro/4.1.5/css/metro.min.css","meta":{"rootId":"dn5ttminsrnyg5m","id":"billdiiw7oj2890"},"id":"ec4igjn36a801oe","previousOperationId":"luchigezrqmtfnn"}
{"type":"log","timestamp":1704831179515,"level":"debug","message":"Page request finished: GET (document) 200 file:///C:/Users/arida/AppData/Local/Temp/jsreport/autocleanup/7e6c03bb-eda9-4ca6-9cbb-945ff992b8bf-chrome-pdf.html","meta":{"rootId":"dn5ttminsrnyg5m","id":"billdiiw7oj2890"},"id":"atl4vscfl0inw6w","previousOperationId":"luchigezrqmtfnn"}
{"type":"log","timestamp":1704831179539,"level":"debug","message":"Page request finished: GET (stylesheet) 200 https://cdnjs.cloudflare.com/ajax/libs/metro/4.1.5/css/metro.min.css","meta":{"rootId":"dn5ttminsrnyg5m","id":"billdiiw7oj2890"},"id":"si0g5v13zecqdog","previousOperationId":"luchigezrqmtfnn"}
{"type":"log","timestamp":1704831179570,"level":"debug","message":"Running chrome with params {\"printBackground\":true,\"marginTop\":\"1.5cm\",\"marginRight\":\"1.5cm\",\"marginLeft\":\"1.cm\",\"timeout\":58114,\"margin\":{\"top\":\"1.5cm\",\"right\":\"1.5cm\",\"left\":\"1.cm\"}}","meta":{"rootId":"dn5ttminsrnyg5m","id":"billdiiw7oj2890"},"id":"pj5v9ywchxkrduv","previousOperationId":"luchigezrqmtfnn"}
{"type":"operationEnd","operationId":"luchigezrqmtfnn","timestamp":1704831179619,"id":"qvvhmeuzpj9kzn2","previousEventId":"6ujfgyqcus15cbx","previousOperationId":"luchigezrqmtfnn"}
{"type":"log","timestamp":1704831179619,"level":"debug","message":"Skipping storing report.","meta":{"rootId":"dn5ttminsrnyg5m","id":"billdiiw7oj2890"},"id":"jsw27f47dy62104","previousOperationId":"luchigezrqmtfnn"}
{"type":"log","timestamp":1704831179619,"level":"info","message":"Rendering (child) request finished in 2135 ms","meta":{"rootId":"dn5ttminsrnyg5m","id":"billdiiw7oj2890"},"id":"zizqtd4ivzyeckl","previousOperationId":"luchigezrqmtfnn"}
{"type":"operationEnd","subtype":"render","operationId":"lh71nemrnobbr3t","timestamp":1704831179619,"id":"mhjg00yefudw1sx","previousEventId":"qvvhmeuzpj9kzn2","previousOperationId":"luchigezrqmtfnn"}
{"type":"operationEnd","operationId":"jgvkdd5dslzd99n","timestamp":1704831179638,"id":"gci8d88fq5n9sbd","previousEventId":"jxr8t6lptu5osdu","previousOperationId":"jgvkdd5dslzd99n"}
{"type":"log","timestamp":1704831179638,"level":"debug","message":"pdf-utils postproces start","meta":{"rootId":"dn5ttminsrnyg5m","id":"dn5ttminsrnyg5m"},"id":"ar01ijxoun6cq95","previousOperationId":"jgvkdd5dslzd99n"}
{"type":"log","timestamp":1704831179655,"level":"debug","message":"pdf-utils postproces end","meta":{"rootId":"dn5ttminsrnyg5m","id":"dn5ttminsrnyg5m"},"id":"m67e7swb3ibm97y","previousOperationId":"jgvkdd5dslzd99n"}
{"type":"operationEnd","operationId":"58d94ptj5cwooel","timestamp":1704831179655,"id":"4oeyisp1t3tix16","previousEventId":"gci8d88fq5n9sbd","previousOperationId":"jgvkdd5dslzd99n"}
{"type":"log","timestamp":1704831179655,"level":"info","message":"pdf-utils pdf processing was finished","meta":{"rootId":"dn5ttminsrnyg5m","id":"dn5ttminsrnyg5m"},"id":"pr6y4ucq4lmzv3b","previousOperationId":"58d94ptj5cwooel"}
{"type":"log","timestamp":1704831179655,"level":"debug","message":"Skipping storing report.","meta":{"rootId":"dn5ttminsrnyg5m","id":"dn5ttminsrnyg5m"},"id":"lnqcmke3p6t9q61","previousOperationId":"58d94ptj5cwooel"}
{"type":"log","timestamp":1704831179655,"level":"info","message":"Rendering request 16 finished in 2171 ms","meta":{"rootId":"dn5ttminsrnyg5m","id":"dn5ttminsrnyg5m"},"id":"4wtdekrl7se2o95","previousOperationId":"58d94ptj5cwooel"}
{"type":"operationEnd","subtype":"render","operationId":"6ibyqmv3h25c78m","timestamp":1704831179655,"id":"s7bvz86lrcygrzf","previousEventId":"4oeyisp1t3tix16","previousOperationId":"58d94ptj5cwooel"}
{"type":"operationEnd","doDiffs":false,"previousEventId":"v8sg3ek962sfn64","previousOperationId":"8w0mju2k4vk1uul","operationId":"8w0mju2k4vk1uul","timestamp":1704831179669,"id":"wmg26f02w79wzmc"}
