{"type":"operationStart","subtype":"profile","data":{"_id":"uu7fKklLOU2D7pKa","timestamp":"2024-01-14T17:59:06.103Z","state":"queued","mode":"standard","creationDate":"2024-01-14T17:59:06.109Z","modificationDate":"2024-01-14T17:59:06.109Z","shortid":"jxAD4nH","$entitySet":"profiles"},"doDiffs":false,"timestamp":1705255146105,"id":"6q8bbxcgedav6ed","previousOperationId":null,"operationId":"pa0226xn9epimvn"}
{"type":"log","level":"info","message":"Render request 1 queued for execution and waiting for available worker","previousOperationId":"pa0226xn9epimvn","timestamp":1705255146106,"id":"yuhk4mgmrrroj6x"}
{"type":"operationStart","subtype":"render","name":"orders-main","previousOperationId":"pa0226xn9epimvn","timestamp":1705255146143,"id":"4otveaytcucahwa","previousEventId":"6q8bbxcgedav6ed","operationId":"azylsk35jembl2q"}
{"type":"log","timestamp":1705255146144,"level":"info","message":"Starting rendering request 1","meta":{"rootId":"dn7gq9a8z9j2kxw","id":"dn7gq9a8z9j2kxw"},"id":"pvocv1aojihsdew","previousOperationId":"azylsk35jembl2q"}
{"type":"log","timestamp":1705255146146,"level":"info","message":"Rendering template { name: orders-main, recipe: chrome-pdf, engine: handlebars, preview: true }","meta":{"rootId":"dn7gq9a8z9j2kxw","id":"dn7gq9a8z9j2kxw"},"id":"lvt61ljoc5u2i3j","previousOperationId":"azylsk35jembl2q"}
{"type":"log","timestamp":1705255146150,"level":"debug","message":"Data item not defined for this template.","meta":{"rootId":"dn7gq9a8z9j2kxw","id":"dn7gq9a8z9j2kxw"},"id":"4j39xmwd3twm06m","previousOperationId":"azylsk35jembl2q"}
{"type":"log","timestamp":1705255146165,"level":"debug","message":"Executing script orders-script (beforeRender)","meta":{"rootId":"dn7gq9a8z9j2kxw","id":"dn7gq9a8z9j2kxw"},"id":"94p5n18xqsvhhq4","previousOperationId":"azylsk35jembl2q"}
{"type":"operationStart","subtype":"scriptsBeforeRender","name":"scripts beforeRender","timestamp":1705255146465,"id":"ag5pnyix248kz0n","previousEventId":"4otveaytcucahwa","operationId":"z68ix4dmo0a9eay","previousOperationId":"azylsk35jembl2q"}
{"type":"operationStart","subtype":"script","name":"scripts orders-script","previousOperationId":"z68ix4dmo0a9eay","timestamp":1705255146465,"id":"l97znamt8ty728l","previousEventId":"ag5pnyix248kz0n","operationId":"rw3ljrjiwyhy8mt"}
{"type":"log","timestamp":1705255146512,"level":"debug","message":"(console:log) [\n  {\n    rows: [ [Object], [Object] ],\n    municipio: 'undefined',\n    accumulated: { '3/Ingenio': [Object], '0/Las Palmas': [Object] }\n  }\n]","meta":{"userLevel":true,"rootId":"dn7gq9a8z9j2kxw","id":"dn7gq9a8z9j2kxw"},"id":"38pr2cjh5kbfvbg","previousOperationId":"rw3ljrjiwyhy8mt"}
{"type":"operationEnd","operationId":"rw3ljrjiwyhy8mt","timestamp":1705255146515,"id":"jhhjlj6k9sp085c","previousEventId":"4otveaytcucahwa","previousOperationId":"azylsk35jembl2q"}
{"type":"operationEnd","operationId":"z68ix4dmo0a9eay","timestamp":1705255146515,"id":"u99hjnft3vdhnad","previousEventId":"jhhjlj6k9sp085c","previousOperationId":"azylsk35jembl2q"}
{"type":"log","timestamp":1705255146515,"level":"debug","message":"Base url not specified, skipping its injection.","meta":{"rootId":"dn7gq9a8z9j2kxw","id":"dn7gq9a8z9j2kxw"},"id":"lq74r4opv2vxz58","previousOperationId":"z68ix4dmo0a9eay"}
{"type":"operationStart","subtype":"engine","name":"handlebars","timestamp":1705255146517,"id":"zmw1k5dia2lxpwm","previousEventId":"u99hjnft3vdhnad","operationId":"2ymyms3wicujach","previousOperationId":"z68ix4dmo0a9eay"}
{"type":"log","timestamp":1705255146517,"level":"debug","message":"Rendering engine handlebars","meta":{"rootId":"dn7gq9a8z9j2kxw","id":"dn7gq9a8z9j2kxw"},"id":"wi59ojbh8tha2k3","previousOperationId":"2ymyms3wicujach"}
{"type":"operationEnd","operationId":"2ymyms3wicujach","timestamp":1705255146960,"id":"bb301bhfkrkmn28","previousEventId":"zmw1k5dia2lxpwm","previousOperationId":"2ymyms3wicujach"}
{"type":"operationStart","subtype":"recipe","name":"chrome-pdf","timestamp":1705255146962,"id":"v57353wrre6q5pm","previousEventId":"bb301bhfkrkmn28","operationId":"dgqyugcq7ge87is","previousOperationId":"2ymyms3wicujach"}
{"type":"log","timestamp":1705255146962,"level":"debug","message":"Executing recipe chrome-pdf","meta":{"rootId":"dn7gq9a8z9j2kxw","id":"dn7gq9a8z9j2kxw"},"id":"zs8r8i1svmuacqv","previousOperationId":"dgqyugcq7ge87is"}
{"type":"log","timestamp":1705255147684,"level":"debug","message":"Converting with chrome HeadlessChrome/117.0.5938.149 using chrome-pool strategy","meta":{"rootId":"dn7gq9a8z9j2kxw","id":"dn7gq9a8z9j2kxw"},"id":"wpsj085m5pqpi35","previousOperationId":"dgqyugcq7ge87is"}
{"type":"log","timestamp":1705255147921,"level":"debug","message":"Page request: GET (document) file:///C:/Users/arida/AppData/Local/Temp/jsreport/autocleanup/66dbe6f5-143a-426f-8803-fd96dfde91bc-chrome-pdf.html","meta":{"rootId":"dn7gq9a8z9j2kxw","id":"dn7gq9a8z9j2kxw"},"id":"jakjn1s6cvqntbx","previousOperationId":"dgqyugcq7ge87is"}
{"type":"log","timestamp":1705255147934,"level":"debug","message":"Page request: GET (stylesheet) https://cdnjs.cloudflare.com/ajax/libs/metro/4.1.5/css/metro.min.css","meta":{"rootId":"dn7gq9a8z9j2kxw","id":"dn7gq9a8z9j2kxw"},"id":"joyw2jmb4akvrj2","previousOperationId":"dgqyugcq7ge87is"}
{"type":"log","timestamp":1705255147934,"level":"debug","message":"Page request: GET (script) https://cdnjs.cloudflare.com/ajax/libs/Chart.js/2.7.2/Chart.min.js","meta":{"rootId":"dn7gq9a8z9j2kxw","id":"dn7gq9a8z9j2kxw"},"id":"ramtfo9l71uw0n6","previousOperationId":"dgqyugcq7ge87is"}
{"type":"log","timestamp":1705255147934,"level":"debug","message":"Page request finished: GET (document) 200 file:///C:/Users/arida/AppData/Local/Temp/jsreport/autocleanup/66dbe6f5-143a-426f-8803-fd96dfde91bc-chrome-pdf.html","meta":{"rootId":"dn7gq9a8z9j2kxw","id":"dn7gq9a8z9j2kxw"},"id":"c46htz4fcuucku1","previousOperationId":"dgqyugcq7ge87is"}
{"type":"log","timestamp":1705255148203,"level":"debug","message":"Page request finished: GET (script) 200 https://cdnjs.cloudflare.com/ajax/libs/Chart.js/2.7.2/Chart.min.js","meta":{"rootId":"dn7gq9a8z9j2kxw","id":"dn7gq9a8z9j2kxw"},"id":"0l6dh0ess57ms64","previousOperationId":"dgqyugcq7ge87is"}
{"type":"log","timestamp":1705255148276,"level":"debug","message":"Page request finished: GET (stylesheet) 200 https://cdnjs.cloudflare.com/ajax/libs/metro/4.1.5/css/metro.min.css","meta":{"rootId":"dn7gq9a8z9j2kxw","id":"dn7gq9a8z9j2kxw"},"id":"qlljo4l6tcaq2aa","previousOperationId":"dgqyugcq7ge87is"}
{"type":"log","timestamp":1705255148292,"level":"debug","message":"Running chrome with params {\"printBackground\":true,\"marginTop\":\"4cm\",\"marginRight\":\"1.5cm\",\"marginBottom\":\"1.5cm\",\"marginLeft\":\"1.5cm\",\"waitForJS\":false,\"timeout\":58641,\"margin\":{\"top\":\"4cm\",\"right\":\"1.5cm\",\"bottom\":\"1.5cm\",\"left\":\"1.5cm\"}}","meta":{"rootId":"dn7gq9a8z9j2kxw","id":"dn7gq9a8z9j2kxw"},"id":"sos2gdpsji0n6pd","previousOperationId":"dgqyugcq7ge87is"}
{"type":"operationEnd","operationId":"dgqyugcq7ge87is","timestamp":1705255148319,"id":"us3yc0cbrqxdchd","previousEventId":"v57353wrre6q5pm","previousOperationId":"dgqyugcq7ge87is"}
{"type":"log","timestamp":1705255148320,"level":"info","message":"pdf-utils is starting pdf processing","meta":{"rootId":"dn7gq9a8z9j2kxw","id":"dn7gq9a8z9j2kxw"},"id":"gukbsa0pgl90t72","previousOperationId":"dgqyugcq7ge87is"}
{"type":"operationStart","subtype":"pdfUtils","name":"pdf utils","timestamp":1705255148564,"id":"8c7hrrv2j8nq7o2","previousEventId":"us3yc0cbrqxdchd","operationId":"jd6wn8c72jlbpjs","previousOperationId":"dgqyugcq7ge87is"}
{"type":"log","timestamp":1705255148564,"level":"debug","message":"pdf-utils detected 1 pdf operation(s) to process","meta":{"rootId":"dn7gq9a8z9j2kxw","id":"dn7gq9a8z9j2kxw"},"id":"upgjq7f98bxwise","previousOperationId":"jd6wn8c72jlbpjs"}
{"type":"log","timestamp":1705255148753,"level":"debug","message":"pdf-utils running pdf operation merge","meta":{"rootId":"dn7gq9a8z9j2kxw","id":"dn7gq9a8z9j2kxw"},"id":"wvgxm4pq1bnpb6h","previousOperationId":"jd6wn8c72jlbpjs"}
{"type":"operationStart","subtype":"pdfUtilsMerge","name":"pdf utils merge","previousOperationId":"jd6wn8c72jlbpjs","timestamp":1705255148753,"id":"sf9uyw7thuocgxz","previousEventId":"8c7hrrv2j8nq7o2","operationId":"xskj7hapf21xdm9"}
{"type":"operationStart","subtype":"render","name":"orders-header","previousOperationId":"xskj7hapf21xdm9","timestamp":1705255148759,"id":"6naw7680o4ulml0","previousEventId":"sf9uyw7thuocgxz","operationId":"wmajyxi4npt5oth"}
{"type":"log","timestamp":1705255148759,"level":"info","message":"Starting rendering (child) request","meta":{"rootId":"dn7gq9a8z9j2kxw","id":"txtnhgfwxhn6m2b"},"id":"ad0idrz2a7d6wxl","previousOperationId":"wmajyxi4npt5oth"}
{"type":"log","timestamp":1705255148759,"level":"info","message":"Rendering template { name: orders-header, recipe: chrome-pdf, engine: handlebars, preview: true }","meta":{"rootId":"dn7gq9a8z9j2kxw","id":"txtnhgfwxhn6m2b"},"id":"agvnerm62zfj0j9","previousOperationId":"wmajyxi4npt5oth"}
{"type":"log","timestamp":1705255148782,"level":"debug","message":"Inline data specified.","meta":{"rootId":"dn7gq9a8z9j2kxw","id":"txtnhgfwxhn6m2b"},"id":"od8uqquwkury0wa","previousOperationId":"wmajyxi4npt5oth"}
{"type":"log","timestamp":1705255148785,"level":"debug","message":"Base url not specified, skipping its injection.","meta":{"rootId":"dn7gq9a8z9j2kxw","id":"txtnhgfwxhn6m2b"},"id":"c1ifxfmaawaldrf","previousOperationId":"wmajyxi4npt5oth"}
{"type":"operationStart","subtype":"engine","name":"handlebars","timestamp":1705255148786,"id":"xejyual126fxm8z","previousEventId":"6naw7680o4ulml0","operationId":"d4zjpol037o5dmi","previousOperationId":"wmajyxi4npt5oth"}
{"type":"log","timestamp":1705255148786,"level":"debug","message":"Rendering engine handlebars","meta":{"rootId":"dn7gq9a8z9j2kxw","id":"txtnhgfwxhn6m2b"},"id":"6quzfnju85hsap4","previousOperationId":"d4zjpol037o5dmi"}
{"type":"operationEnd","operationId":"d4zjpol037o5dmi","timestamp":1705255148841,"id":"aclwd5ii6ron0dm","previousEventId":"xejyual126fxm8z","previousOperationId":"d4zjpol037o5dmi"}
{"type":"operationStart","subtype":"recipe","name":"chrome-pdf","timestamp":1705255148842,"id":"npkjn7dswqw7352","previousEventId":"aclwd5ii6ron0dm","operationId":"pwt7ua9by59ue14","previousOperationId":"d4zjpol037o5dmi"}
{"type":"log","timestamp":1705255148842,"level":"debug","message":"Executing recipe chrome-pdf","meta":{"rootId":"dn7gq9a8z9j2kxw","id":"txtnhgfwxhn6m2b"},"id":"6rgsmzxdz4u4be0","previousOperationId":"pwt7ua9by59ue14"}
{"type":"log","timestamp":1705255148848,"level":"debug","message":"Converting with chrome HeadlessChrome/117.0.5938.149 using chrome-pool strategy","meta":{"rootId":"dn7gq9a8z9j2kxw","id":"txtnhgfwxhn6m2b"},"id":"neeh2volmi3e1n9","previousOperationId":"pwt7ua9by59ue14"}
{"type":"log","timestamp":1705255148998,"level":"debug","message":"Page request: GET (document) file:///C:/Users/arida/AppData/Local/Temp/jsreport/autocleanup/de01d054-9da9-485c-88a2-f5907b1d1df8-chrome-pdf.html","meta":{"rootId":"dn7gq9a8z9j2kxw","id":"txtnhgfwxhn6m2b"},"id":"2g8teg646pukk80","previousOperationId":"pwt7ua9by59ue14"}
{"type":"log","timestamp":1705255149011,"level":"debug","message":"Page request: GET (stylesheet) https://cdnjs.cloudflare.com/ajax/libs/metro/4.1.5/css/metro.min.css","meta":{"rootId":"dn7gq9a8z9j2kxw","id":"txtnhgfwxhn6m2b"},"id":"nd5502l5bq05n9o","previousOperationId":"pwt7ua9by59ue14"}
{"type":"log","timestamp":1705255149012,"level":"debug","message":"Page request finished: GET (document) 200 file:///C:/Users/arida/AppData/Local/Temp/jsreport/autocleanup/de01d054-9da9-485c-88a2-f5907b1d1df8-chrome-pdf.html","meta":{"rootId":"dn7gq9a8z9j2kxw","id":"txtnhgfwxhn6m2b"},"id":"e4ebi83w6yi3nnm","previousOperationId":"pwt7ua9by59ue14"}
{"type":"log","timestamp":1705255149034,"level":"debug","message":"Page request finished: GET (stylesheet) 200 https://cdnjs.cloudflare.com/ajax/libs/metro/4.1.5/css/metro.min.css","meta":{"rootId":"dn7gq9a8z9j2kxw","id":"txtnhgfwxhn6m2b"},"id":"eifz8ipxgpmub09","previousOperationId":"pwt7ua9by59ue14"}
{"type":"log","timestamp":1705255149058,"level":"debug","message":"Running chrome with params {\"printBackground\":true,\"marginTop\":\"1.5cm\",\"marginRight\":\"1.5cm\",\"marginLeft\":\"1.cm\",\"timeout\":57256,\"margin\":{\"top\":\"1.5cm\",\"right\":\"1.5cm\",\"left\":\"1.cm\"}}","meta":{"rootId":"dn7gq9a8z9j2kxw","id":"txtnhgfwxhn6m2b"},"id":"20shwv258leh51w","previousOperationId":"pwt7ua9by59ue14"}
{"type":"operationEnd","operationId":"pwt7ua9by59ue14","timestamp":1705255149108,"id":"h7panb5qxtxlzve","previousEventId":"npkjn7dswqw7352","previousOperationId":"pwt7ua9by59ue14"}
{"type":"log","timestamp":1705255149109,"level":"debug","message":"Skipping storing report.","meta":{"rootId":"dn7gq9a8z9j2kxw","id":"txtnhgfwxhn6m2b"},"id":"qw5ee710en4axsl","previousOperationId":"pwt7ua9by59ue14"}
{"type":"log","timestamp":1705255149110,"level":"info","message":"Rendering (child) request finished in 3007 ms","meta":{"rootId":"dn7gq9a8z9j2kxw","id":"txtnhgfwxhn6m2b"},"id":"foiyrpahzf51ksd","previousOperationId":"pwt7ua9by59ue14"}
{"type":"operationEnd","subtype":"render","operationId":"wmajyxi4npt5oth","timestamp":1705255149110,"id":"i5dyuofcqv3upwh","previousEventId":"h7panb5qxtxlzve","previousOperationId":"pwt7ua9by59ue14"}
{"type":"operationEnd","operationId":"xskj7hapf21xdm9","timestamp":1705255149136,"id":"5mq06a4l8vlntpo","previousEventId":"sf9uyw7thuocgxz","previousOperationId":"xskj7hapf21xdm9"}
{"type":"log","timestamp":1705255149136,"level":"debug","message":"pdf-utils postproces start","meta":{"rootId":"dn7gq9a8z9j2kxw","id":"dn7gq9a8z9j2kxw"},"id":"evdfvl89frsi6kz","previousOperationId":"xskj7hapf21xdm9"}
{"type":"log","timestamp":1705255149143,"level":"debug","message":"pdf-utils postproces end","meta":{"rootId":"dn7gq9a8z9j2kxw","id":"dn7gq9a8z9j2kxw"},"id":"5gojeflwgb34o1i","previousOperationId":"xskj7hapf21xdm9"}
{"type":"operationEnd","operationId":"jd6wn8c72jlbpjs","timestamp":1705255149144,"id":"f74sdcjuxgcz2cf","previousEventId":"5mq06a4l8vlntpo","previousOperationId":"xskj7hapf21xdm9"}
{"type":"log","timestamp":1705255149144,"level":"info","message":"pdf-utils pdf processing was finished","meta":{"rootId":"dn7gq9a8z9j2kxw","id":"dn7gq9a8z9j2kxw"},"id":"e4zv042p4qostlo","previousOperationId":"jd6wn8c72jlbpjs"}
{"type":"log","timestamp":1705255149144,"level":"debug","message":"Skipping storing report.","meta":{"rootId":"dn7gq9a8z9j2kxw","id":"dn7gq9a8z9j2kxw"},"id":"x4nd62663oxr40h","previousOperationId":"jd6wn8c72jlbpjs"}
{"type":"log","timestamp":1705255149144,"level":"info","message":"Rendering request 1 finished in 3041 ms","meta":{"rootId":"dn7gq9a8z9j2kxw","id":"dn7gq9a8z9j2kxw"},"id":"oq8is69frb1vj86","previousOperationId":"jd6wn8c72jlbpjs"}
{"type":"operationEnd","subtype":"render","operationId":"azylsk35jembl2q","timestamp":1705255149144,"id":"0lpqfwxj1fpuul2","previousEventId":"f74sdcjuxgcz2cf","previousOperationId":"jd6wn8c72jlbpjs"}
{"type":"operationEnd","doDiffs":false,"previousEventId":"6q8bbxcgedav6ed","previousOperationId":"pa0226xn9epimvn","operationId":"pa0226xn9epimvn","timestamp":1705255149155,"id":"fzr8g9mukqxyhp7"}
