{"type":"operationStart","subtype":"profile","data":{"_id":"F5R39JP2P78UsjZ8","timestamp":"2024-01-14T18:07:41.102Z","state":"queued","mode":"standard","creationDate":"2024-01-14T18:07:41.104Z","modificationDate":"2024-01-14T18:07:41.104Z","shortid":"Q_UHZGO","$entitySet":"profiles"},"doDiffs":false,"timestamp":1705255661103,"id":"7vf3fm037q12mte","previousOperationId":null,"operationId":"8j56w2wyhltfhve"}
{"type":"log","level":"info","message":"Render request 3 queued for execution and waiting for available worker","previousOperationId":"8j56w2wyhltfhve","timestamp":1705255661103,"id":"6vkwndpzthszyvv"}
{"type":"operationStart","subtype":"render","name":"orders-main","previousOperationId":"8j56w2wyhltfhve","timestamp":1705255661123,"id":"nbtetjdbjdijbku","previousEventId":"7vf3fm037q12mte","operationId":"ezck7a90efp0bqe"}
{"type":"log","timestamp":1705255661123,"level":"info","message":"Starting rendering request 3","meta":{"rootId":"dtkddc1odf58gaf","id":"dtkddc1odf58gaf"},"id":"u05aeze3a86v964","previousOperationId":"ezck7a90efp0bqe"}
{"type":"log","timestamp":1705255661124,"level":"info","message":"Rendering template { name: orders-main, recipe: chrome-pdf, engine: handlebars, preview: true }","meta":{"rootId":"dtkddc1odf58gaf","id":"dtkddc1odf58gaf"},"id":"4sx8oekhnac8pzq","previousOperationId":"ezck7a90efp0bqe"}
{"type":"log","timestamp":1705255661126,"level":"debug","message":"Data item not defined for this template.","meta":{"rootId":"dtkddc1odf58gaf","id":"dtkddc1odf58gaf"},"id":"9lktzrz415oorgc","previousOperationId":"ezck7a90efp0bqe"}
{"type":"log","timestamp":1705255661137,"level":"debug","message":"Executing script orders-script (beforeRender)","meta":{"rootId":"dtkddc1odf58gaf","id":"dtkddc1odf58gaf"},"id":"2j5aer2p7nse0x7","previousOperationId":"ezck7a90efp0bqe"}
{"type":"operationStart","subtype":"scriptsBeforeRender","name":"scripts beforeRender","timestamp":1705255661155,"id":"9hqool0lnly26gj","previousEventId":"nbtetjdbjdijbku","operationId":"k3vhd41r3pznc2a","previousOperationId":"ezck7a90efp0bqe"}
{"type":"operationStart","subtype":"script","name":"scripts orders-script","previousOperationId":"k3vhd41r3pznc2a","timestamp":1705255661156,"id":"d6qvcodqvs5vdzf","previousEventId":"9hqool0lnly26gj","operationId":"i0rqqmythpda0uj"}
{"type":"operationEnd","operationId":"i0rqqmythpda0uj","timestamp":1705255661170,"id":"9zni17k3waomsqi","previousEventId":"nbtetjdbjdijbku","previousOperationId":"ezck7a90efp0bqe"}
{"type":"operationEnd","operationId":"k3vhd41r3pznc2a","timestamp":1705255661170,"id":"jnp9hu9rgf8hbzp","previousEventId":"9zni17k3waomsqi","previousOperationId":"ezck7a90efp0bqe"}
{"type":"log","timestamp":1705255661170,"level":"debug","message":"Base url not specified, skipping its injection.","meta":{"rootId":"dtkddc1odf58gaf","id":"dtkddc1odf58gaf"},"id":"3qrw9x7nm1hmtzw","previousOperationId":"k3vhd41r3pznc2a"}
{"type":"operationStart","subtype":"engine","name":"handlebars","timestamp":1705255661170,"id":"sd3ekrpn9g6o0sg","previousEventId":"jnp9hu9rgf8hbzp","operationId":"eq18bc99y1texdo","previousOperationId":"k3vhd41r3pznc2a"}
{"type":"log","timestamp":1705255661170,"level":"debug","message":"Rendering engine handlebars","meta":{"rootId":"dtkddc1odf58gaf","id":"dtkddc1odf58gaf"},"id":"pd6z416oi7igs2h","previousOperationId":"eq18bc99y1texdo"}
{"type":"operationEnd","operationId":"eq18bc99y1texdo","timestamp":1705255661196,"id":"ngslfb7vhmvxy46","previousEventId":"sd3ekrpn9g6o0sg","previousOperationId":"eq18bc99y1texdo"}
{"type":"operationStart","subtype":"recipe","name":"chrome-pdf","timestamp":1705255661197,"id":"4xw7mt8f0mr61ly","previousEventId":"ngslfb7vhmvxy46","operationId":"5a7jearv9xag4hs","previousOperationId":"eq18bc99y1texdo"}
{"type":"log","timestamp":1705255661197,"level":"debug","message":"Executing recipe chrome-pdf","meta":{"rootId":"dtkddc1odf58gaf","id":"dtkddc1odf58gaf"},"id":"vmndkzofl6vmm6f","previousOperationId":"5a7jearv9xag4hs"}
{"type":"log","timestamp":1705255661202,"level":"debug","message":"Converting with chrome HeadlessChrome/117.0.5938.149 using chrome-pool strategy","meta":{"rootId":"dtkddc1odf58gaf","id":"dtkddc1odf58gaf"},"id":"xg780pzvycez2rc","previousOperationId":"5a7jearv9xag4hs"}
{"type":"log","timestamp":1705255661326,"level":"debug","message":"Page request: GET (document) file:///C:/Users/arida/AppData/Local/Temp/jsreport/autocleanup/b7f8240d-8cad-4d69-9ca5-f374ee0b1eb0-chrome-pdf.html","meta":{"rootId":"dtkddc1odf58gaf","id":"dtkddc1odf58gaf"},"id":"g0egwy5owjrs4dn","previousOperationId":"5a7jearv9xag4hs"}
{"type":"log","timestamp":1705255661339,"level":"debug","message":"Page request: GET (stylesheet) https://cdnjs.cloudflare.com/ajax/libs/metro/4.1.5/css/metro.min.css","meta":{"rootId":"dtkddc1odf58gaf","id":"dtkddc1odf58gaf"},"id":"3dtogsetravktek","previousOperationId":"5a7jearv9xag4hs"}
{"type":"log","timestamp":1705255661340,"level":"debug","message":"Page request: GET (script) https://cdnjs.cloudflare.com/ajax/libs/Chart.js/2.7.2/Chart.min.js","meta":{"rootId":"dtkddc1odf58gaf","id":"dtkddc1odf58gaf"},"id":"4fc4erulsensijw","previousOperationId":"5a7jearv9xag4hs"}
{"type":"log","timestamp":1705255661340,"level":"debug","message":"Page request finished: GET (document) 200 file:///C:/Users/arida/AppData/Local/Temp/jsreport/autocleanup/b7f8240d-8cad-4d69-9ca5-f374ee0b1eb0-chrome-pdf.html","meta":{"rootId":"dtkddc1odf58gaf","id":"dtkddc1odf58gaf"},"id":"jh2fa42t0eviaav","previousOperationId":"5a7jearv9xag4hs"}
{"type":"log","timestamp":1705255661364,"level":"debug","message":"Page request finished: GET (stylesheet) 200 https://cdnjs.cloudflare.com/ajax/libs/metro/4.1.5/css/metro.min.css","meta":{"rootId":"dtkddc1odf58gaf","id":"dtkddc1odf58gaf"},"id":"a2et5cjhv098jwc","previousOperationId":"5a7jearv9xag4hs"}
{"type":"log","timestamp":1705255661364,"level":"debug","message":"Page request finished: GET (script) 200 https://cdnjs.cloudflare.com/ajax/libs/Chart.js/2.7.2/Chart.min.js","meta":{"rootId":"dtkddc1odf58gaf","id":"dtkddc1odf58gaf"},"id":"jwhgpgyyuc6232p","previousOperationId":"5a7jearv9xag4hs"}
{"type":"log","timestamp":1705255661384,"level":"debug","message":"Running chrome with params {\"printBackground\":true,\"marginTop\":\"4cm\",\"marginRight\":\"1.5cm\",\"marginBottom\":\"1.5cm\",\"marginLeft\":\"1.5cm\",\"waitForJS\":false,\"timeout\":59900,\"margin\":{\"top\":\"4cm\",\"right\":\"1.5cm\",\"bottom\":\"1.5cm\",\"left\":\"1.5cm\"}}","meta":{"rootId":"dtkddc1odf58gaf","id":"dtkddc1odf58gaf"},"id":"wh85frlkt3qriwy","previousOperationId":"5a7jearv9xag4hs"}
{"type":"operationEnd","operationId":"5a7jearv9xag4hs","timestamp":1705255661411,"id":"4lzyzu33vrot03t","previousEventId":"4xw7mt8f0mr61ly","previousOperationId":"5a7jearv9xag4hs"}
{"type":"log","timestamp":1705255661411,"level":"info","message":"pdf-utils is starting pdf processing","meta":{"rootId":"dtkddc1odf58gaf","id":"dtkddc1odf58gaf"},"id":"el5bn51ejtwvhhb","previousOperationId":"5a7jearv9xag4hs"}
{"type":"operationStart","subtype":"pdfUtils","name":"pdf utils","timestamp":1705255661411,"id":"k4etaqkdrb2zz7r","previousEventId":"4lzyzu33vrot03t","operationId":"es5pf4uap7mnsuu","previousOperationId":"5a7jearv9xag4hs"}
{"type":"log","timestamp":1705255661412,"level":"debug","message":"pdf-utils detected 1 pdf operation(s) to process","meta":{"rootId":"dtkddc1odf58gaf","id":"dtkddc1odf58gaf"},"id":"e54d756j1rklqqc","previousOperationId":"es5pf4uap7mnsuu"}
{"type":"log","timestamp":1705255661420,"level":"debug","message":"pdf-utils running pdf operation merge","meta":{"rootId":"dtkddc1odf58gaf","id":"dtkddc1odf58gaf"},"id":"myori5ld9fmm2k9","previousOperationId":"es5pf4uap7mnsuu"}
{"type":"operationStart","subtype":"pdfUtilsMerge","name":"pdf utils merge","previousOperationId":"es5pf4uap7mnsuu","timestamp":1705255661421,"id":"3tqk2d9v06xolia","previousEventId":"k4etaqkdrb2zz7r","operationId":"qqid9d8okcudpyd"}
{"type":"operationStart","subtype":"render","name":"orders-header","previousOperationId":"qqid9d8okcudpyd","timestamp":1705255661422,"id":"3q7gx30jqpyzunm","previousEventId":"3tqk2d9v06xolia","operationId":"6lnla4ymh7r7iay"}
{"type":"log","timestamp":1705255661422,"level":"info","message":"Starting rendering (child) request","meta":{"rootId":"dtkddc1odf58gaf","id":"r05wb8q78d1u70e"},"id":"kgfawtrpprf3uda","previousOperationId":"6lnla4ymh7r7iay"}
{"type":"log","timestamp":1705255661422,"level":"info","message":"Rendering template { name: orders-header, recipe: chrome-pdf, engine: handlebars, preview: true }","meta":{"rootId":"dtkddc1odf58gaf","id":"r05wb8q78d1u70e"},"id":"bhjt73pef264ltp","previousOperationId":"6lnla4ymh7r7iay"}
{"type":"log","timestamp":1705255661424,"level":"debug","message":"Inline data specified.","meta":{"rootId":"dtkddc1odf58gaf","id":"r05wb8q78d1u70e"},"id":"stj4p7yvocvqmdp","previousOperationId":"6lnla4ymh7r7iay"}
{"type":"log","timestamp":1705255661427,"level":"debug","message":"Base url not specified, skipping its injection.","meta":{"rootId":"dtkddc1odf58gaf","id":"r05wb8q78d1u70e"},"id":"fld49mkjij2ituq","previousOperationId":"6lnla4ymh7r7iay"}
{"type":"operationStart","subtype":"engine","name":"handlebars","timestamp":1705255661427,"id":"x3fqv756tp7o0kv","previousEventId":"3q7gx30jqpyzunm","operationId":"evkpdwgf7nogv5v","previousOperationId":"6lnla4ymh7r7iay"}
{"type":"log","timestamp":1705255661427,"level":"debug","message":"Rendering engine handlebars","meta":{"rootId":"dtkddc1odf58gaf","id":"r05wb8q78d1u70e"},"id":"p069ow616rd0pgk","previousOperationId":"evkpdwgf7nogv5v"}
{"type":"operationEnd","operationId":"evkpdwgf7nogv5v","timestamp":1705255661472,"id":"q2kf1a3tcvr1xh0","previousEventId":"x3fqv756tp7o0kv","previousOperationId":"evkpdwgf7nogv5v"}
{"type":"operationStart","subtype":"recipe","name":"chrome-pdf","timestamp":1705255661472,"id":"pb0kij70da1nq0j","previousEventId":"q2kf1a3tcvr1xh0","operationId":"bpo1vpjat98w9u1","previousOperationId":"evkpdwgf7nogv5v"}
{"type":"log","timestamp":1705255661472,"level":"debug","message":"Executing recipe chrome-pdf","meta":{"rootId":"dtkddc1odf58gaf","id":"r05wb8q78d1u70e"},"id":"iil82ayip7sjh8u","previousOperationId":"bpo1vpjat98w9u1"}
{"type":"log","timestamp":1705255661475,"level":"debug","message":"Converting with chrome HeadlessChrome/117.0.5938.149 using chrome-pool strategy","meta":{"rootId":"dtkddc1odf58gaf","id":"r05wb8q78d1u70e"},"id":"4m8mtw7hee4qepp","previousOperationId":"bpo1vpjat98w9u1"}
{"type":"log","timestamp":1705255661628,"level":"debug","message":"Page request: GET (document) file:///C:/Users/arida/AppData/Local/Temp/jsreport/autocleanup/1ce59d30-7c3a-46a6-ae8a-7d216bdce921-chrome-pdf.html","meta":{"rootId":"dtkddc1odf58gaf","id":"r05wb8q78d1u70e"},"id":"kv4dvfbohqkfdvk","previousOperationId":"bpo1vpjat98w9u1"}
{"type":"log","timestamp":1705255661643,"level":"debug","message":"Page request: GET (stylesheet) https://cdnjs.cloudflare.com/ajax/libs/metro/4.1.5/css/metro.min.css","meta":{"rootId":"dtkddc1odf58gaf","id":"r05wb8q78d1u70e"},"id":"tfqgishwo93ernu","previousOperationId":"bpo1vpjat98w9u1"}
{"type":"log","timestamp":1705255661643,"level":"debug","message":"Page request finished: GET (document) 200 file:///C:/Users/arida/AppData/Local/Temp/jsreport/autocleanup/1ce59d30-7c3a-46a6-ae8a-7d216bdce921-chrome-pdf.html","meta":{"rootId":"dtkddc1odf58gaf","id":"r05wb8q78d1u70e"},"id":"cz25i4jzves9fuy","previousOperationId":"bpo1vpjat98w9u1"}
{"type":"log","timestamp":1705255661670,"level":"debug","message":"Page request finished: GET (stylesheet) 200 https://cdnjs.cloudflare.com/ajax/libs/metro/4.1.5/css/metro.min.css","meta":{"rootId":"dtkddc1odf58gaf","id":"r05wb8q78d1u70e"},"id":"gqov7er8oajr020","previousOperationId":"bpo1vpjat98w9u1"}
{"type":"log","timestamp":1705255661694,"level":"debug","message":"Running chrome with params {\"printBackground\":true,\"marginTop\":\"1.5cm\",\"marginRight\":\"1.5cm\",\"marginLeft\":\"1.cm\",\"timeout\":59627,\"margin\":{\"top\":\"1.5cm\",\"right\":\"1.5cm\",\"left\":\"1.cm\"}}","meta":{"rootId":"dtkddc1odf58gaf","id":"r05wb8q78d1u70e"},"id":"1k9bvg51kiusg6l","previousOperationId":"bpo1vpjat98w9u1"}
{"type":"operationEnd","operationId":"bpo1vpjat98w9u1","timestamp":1705255661745,"id":"lfux59vgqtd0s62","previousEventId":"pb0kij70da1nq0j","previousOperationId":"bpo1vpjat98w9u1"}
{"type":"log","timestamp":1705255661745,"level":"debug","message":"Skipping storing report.","meta":{"rootId":"dtkddc1odf58gaf","id":"r05wb8q78d1u70e"},"id":"xm6fob6daq6r06a","previousOperationId":"bpo1vpjat98w9u1"}
{"type":"log","timestamp":1705255661745,"level":"info","message":"Rendering (child) request finished in 644 ms","meta":{"rootId":"dtkddc1odf58gaf","id":"r05wb8q78d1u70e"},"id":"ou3wgko6cn0pfp6","previousOperationId":"bpo1vpjat98w9u1"}
{"type":"operationEnd","subtype":"render","operationId":"6lnla4ymh7r7iay","timestamp":1705255661745,"id":"tcsyy56mwnhdo27","previousEventId":"lfux59vgqtd0s62","previousOperationId":"bpo1vpjat98w9u1"}
{"type":"operationEnd","operationId":"qqid9d8okcudpyd","timestamp":1705255661754,"id":"nqgkj450mgqbx00","previousEventId":"3tqk2d9v06xolia","previousOperationId":"qqid9d8okcudpyd"}
{"type":"log","timestamp":1705255661754,"level":"debug","message":"pdf-utils postproces start","meta":{"rootId":"dtkddc1odf58gaf","id":"dtkddc1odf58gaf"},"id":"15kzhjvvu01ic36","previousOperationId":"qqid9d8okcudpyd"}
{"type":"log","timestamp":1705255661764,"level":"debug","message":"pdf-utils postproces end","meta":{"rootId":"dtkddc1odf58gaf","id":"dtkddc1odf58gaf"},"id":"krat56l1vwdtbv4","previousOperationId":"qqid9d8okcudpyd"}
{"type":"operationEnd","operationId":"es5pf4uap7mnsuu","timestamp":1705255661764,"id":"ly2ax8qjynkbbyz","previousEventId":"nqgkj450mgqbx00","previousOperationId":"qqid9d8okcudpyd"}
{"type":"log","timestamp":1705255661764,"level":"info","message":"pdf-utils pdf processing was finished","meta":{"rootId":"dtkddc1odf58gaf","id":"dtkddc1odf58gaf"},"id":"6brg700esy17y7o","previousOperationId":"es5pf4uap7mnsuu"}
{"type":"log","timestamp":1705255661764,"level":"debug","message":"Skipping storing report.","meta":{"rootId":"dtkddc1odf58gaf","id":"dtkddc1odf58gaf"},"id":"mepdcw8vo5xwrqr","previousOperationId":"es5pf4uap7mnsuu"}
{"type":"log","timestamp":1705255661764,"level":"info","message":"Rendering request 3 finished in 663 ms","meta":{"rootId":"dtkddc1odf58gaf","id":"dtkddc1odf58gaf"},"id":"7utc0g76io47id1","previousOperationId":"es5pf4uap7mnsuu"}
{"type":"operationEnd","subtype":"render","operationId":"ezck7a90efp0bqe","timestamp":1705255661764,"id":"jxexjazoyf2461f","previousEventId":"ly2ax8qjynkbbyz","previousOperationId":"es5pf4uap7mnsuu"}
{"type":"operationEnd","doDiffs":false,"previousEventId":"7vf3fm037q12mte","previousOperationId":"8j56w2wyhltfhve","operationId":"8j56w2wyhltfhve","timestamp":1705255661781,"id":"6rfy1bol5jia8yv"}
