{"type":"operationStart","subtype":"profile","data":{"_id":"TKFHqNEBgeKe0ykv","timestamp":"2024-01-14T17:48:06.538Z","state":"queued","mode":"standard","creationDate":"2024-01-14T17:48:06.541Z","modificationDate":"2024-01-14T17:48:06.541Z","shortid":"5RZ6bst","$entitySet":"profiles"},"doDiffs":false,"timestamp":1705254486540,"id":"4nlv83t7ezdr4nd","previousOperationId":null,"operationId":"463gxekov0rq9tm"}
{"type":"log","level":"info","message":"Render request 2 queued for execution and waiting for available worker","previousOperationId":"463gxekov0rq9tm","timestamp":1705254486540,"id":"58qlxjz99gwlnlt"}
{"type":"operationStart","subtype":"render","name":"orders-main","previousOperationId":"463gxekov0rq9tm","timestamp":1705254486558,"id":"y4m4llc9zo23cgx","previousEventId":"4nlv83t7ezdr4nd","operationId":"oay23o9n4kjzjlv"}
{"type":"log","timestamp":1705254486560,"level":"info","message":"Starting rendering request 2","meta":{"rootId":"e1o3ek0qk75ya8l","id":"e1o3ek0qk75ya8l"},"id":"inrn6yjpfvn4db8","previousOperationId":"oay23o9n4kjzjlv"}
{"type":"log","timestamp":1705254486561,"level":"info","message":"Rendering template { name: orders-main, recipe: chrome-pdf, engine: handlebars, preview: true }","meta":{"rootId":"e1o3ek0qk75ya8l","id":"e1o3ek0qk75ya8l"},"id":"top4ywp0vtpb4fz","previousOperationId":"oay23o9n4kjzjlv"}
{"type":"log","timestamp":1705254486566,"level":"debug","message":"Data item not defined for this template.","meta":{"rootId":"e1o3ek0qk75ya8l","id":"e1o3ek0qk75ya8l"},"id":"93jb6r6x2ki5xny","previousOperationId":"oay23o9n4kjzjlv"}
{"type":"log","timestamp":1705254486570,"level":"debug","message":"Executing script orders-script (beforeRender)","meta":{"rootId":"e1o3ek0qk75ya8l","id":"e1o3ek0qk75ya8l"},"id":"s9zw3h2s0y1g2ay","previousOperationId":"oay23o9n4kjzjlv"}
{"type":"operationStart","subtype":"scriptsBeforeRender","name":"scripts beforeRender","timestamp":1705254487001,"id":"si04bnyg58v8bil","previousEventId":"y4m4llc9zo23cgx","operationId":"7tsveea2m065sld","previousOperationId":"oay23o9n4kjzjlv"}
{"type":"operationStart","subtype":"script","name":"scripts orders-script","previousOperationId":"7tsveea2m065sld","timestamp":1705254487001,"id":"q2hy38cbzamvk0u","previousEventId":"si04bnyg58v8bil","operationId":"s896vdzbgnvjoyg"}
{"type":"operationEnd","operationId":"s896vdzbgnvjoyg","timestamp":1705254487034,"id":"vonc42vmki2c81k","previousEventId":"y4m4llc9zo23cgx","previousOperationId":"oay23o9n4kjzjlv"}
{"type":"operationEnd","operationId":"7tsveea2m065sld","timestamp":1705254487034,"id":"1eeud0m89ho5gmc","previousEventId":"vonc42vmki2c81k","previousOperationId":"oay23o9n4kjzjlv"}
{"type":"log","timestamp":1705254487034,"level":"debug","message":"Base url not specified, skipping its injection.","meta":{"rootId":"e1o3ek0qk75ya8l","id":"e1o3ek0qk75ya8l"},"id":"yd645cacjgntbvd","previousOperationId":"7tsveea2m065sld"}
{"type":"operationStart","subtype":"engine","name":"handlebars","timestamp":1705254487035,"id":"wxh7fdvuz107m1x","previousEventId":"1eeud0m89ho5gmc","operationId":"gixwpmv0wv5dtcy","previousOperationId":"7tsveea2m065sld"}
{"type":"log","timestamp":1705254487035,"level":"debug","message":"Rendering engine handlebars","meta":{"rootId":"e1o3ek0qk75ya8l","id":"e1o3ek0qk75ya8l"},"id":"k0p7rkwho3u4b98","previousOperationId":"gixwpmv0wv5dtcy"}
{"type":"operationEnd","operationId":"gixwpmv0wv5dtcy","timestamp":1705254487425,"id":"p2mgdlaspymnwrf","previousEventId":"wxh7fdvuz107m1x","previousOperationId":"gixwpmv0wv5dtcy"}
{"type":"operationStart","subtype":"recipe","name":"chrome-pdf","timestamp":1705254487425,"id":"8si27pq8n80ju1t","previousEventId":"p2mgdlaspymnwrf","operationId":"0nei8o93p9sqmsw","previousOperationId":"gixwpmv0wv5dtcy"}
{"type":"log","timestamp":1705254487425,"level":"debug","message":"Executing recipe chrome-pdf","meta":{"rootId":"e1o3ek0qk75ya8l","id":"e1o3ek0qk75ya8l"},"id":"urlnk2pch4l08en","previousOperationId":"0nei8o93p9sqmsw"}
{"type":"log","timestamp":1705254488138,"level":"debug","message":"Converting with chrome HeadlessChrome/117.0.5938.149 using chrome-pool strategy","meta":{"rootId":"e1o3ek0qk75ya8l","id":"e1o3ek0qk75ya8l"},"id":"wtlimjjbrqjv9lh","previousOperationId":"0nei8o93p9sqmsw"}
{"type":"log","timestamp":1705254488351,"level":"debug","message":"Page request: GET (document) file:///C:/Users/arida/AppData/Local/Temp/jsreport/autocleanup/327eeb56-a6ba-4861-a06d-daa1d465f218-chrome-pdf.html","meta":{"rootId":"e1o3ek0qk75ya8l","id":"e1o3ek0qk75ya8l"},"id":"z8rt1bualz33u05","previousOperationId":"0nei8o93p9sqmsw"}
{"type":"log","timestamp":1705254488367,"level":"debug","message":"Page request: GET (stylesheet) https://cdnjs.cloudflare.com/ajax/libs/metro/4.1.5/css/metro.min.css","meta":{"rootId":"e1o3ek0qk75ya8l","id":"e1o3ek0qk75ya8l"},"id":"i561ii9ngipdij8","previousOperationId":"0nei8o93p9sqmsw"}
{"type":"log","timestamp":1705254488368,"level":"debug","message":"Page request: GET (script) https://cdnjs.cloudflare.com/ajax/libs/Chart.js/2.7.2/Chart.min.js","meta":{"rootId":"e1o3ek0qk75ya8l","id":"e1o3ek0qk75ya8l"},"id":"i4opxq0g5m998ye","previousOperationId":"0nei8o93p9sqmsw"}
{"type":"log","timestamp":1705254488369,"level":"debug","message":"Page request finished: GET (document) 200 file:///C:/Users/arida/AppData/Local/Temp/jsreport/autocleanup/327eeb56-a6ba-4861-a06d-daa1d465f218-chrome-pdf.html","meta":{"rootId":"e1o3ek0qk75ya8l","id":"e1o3ek0qk75ya8l"},"id":"au3qkuqb0podflr","previousOperationId":"0nei8o93p9sqmsw"}
{"type":"log","timestamp":1705254488586,"level":"debug","message":"Page request finished: GET (stylesheet) 200 https://cdnjs.cloudflare.com/ajax/libs/metro/4.1.5/css/metro.min.css","meta":{"rootId":"e1o3ek0qk75ya8l","id":"e1o3ek0qk75ya8l"},"id":"wrjjrl2su03jpwd","previousOperationId":"0nei8o93p9sqmsw"}
{"type":"log","timestamp":1705254488614,"level":"debug","message":"Page request finished: GET (script) 200 https://cdnjs.cloudflare.com/ajax/libs/Chart.js/2.7.2/Chart.min.js","meta":{"rootId":"e1o3ek0qk75ya8l","id":"e1o3ek0qk75ya8l"},"id":"uud1mesvmxglaxr","previousOperationId":"0nei8o93p9sqmsw"}
{"type":"log","timestamp":1705254488632,"level":"debug","message":"Running chrome with params {\"printBackground\":true,\"marginTop\":\"4cm\",\"marginRight\":\"1.5cm\",\"marginBottom\":\"1.5cm\",\"marginLeft\":\"1.5cm\",\"waitForJS\":false,\"timeout\":58621,\"margin\":{\"top\":\"4cm\",\"right\":\"1.5cm\",\"bottom\":\"1.5cm\",\"left\":\"1.5cm\"}}","meta":{"rootId":"e1o3ek0qk75ya8l","id":"e1o3ek0qk75ya8l"},"id":"b70e0qlva8z62vl","previousOperationId":"0nei8o93p9sqmsw"}
{"type":"operationEnd","operationId":"0nei8o93p9sqmsw","timestamp":1705254488659,"id":"o9k47efsihuul2m","previousEventId":"8si27pq8n80ju1t","previousOperationId":"0nei8o93p9sqmsw"}
{"type":"log","timestamp":1705254488659,"level":"info","message":"pdf-utils is starting pdf processing","meta":{"rootId":"e1o3ek0qk75ya8l","id":"e1o3ek0qk75ya8l"},"id":"9dqbpli17a5cqjj","previousOperationId":"0nei8o93p9sqmsw"}
{"type":"operationStart","subtype":"pdfUtils","name":"pdf utils","timestamp":1705254488896,"id":"jyxnnw06z4cj0no","previousEventId":"o9k47efsihuul2m","operationId":"amb1o4n6rzf4h95","previousOperationId":"0nei8o93p9sqmsw"}
{"type":"log","timestamp":1705254488897,"level":"debug","message":"pdf-utils detected 1 pdf operation(s) to process","meta":{"rootId":"e1o3ek0qk75ya8l","id":"e1o3ek0qk75ya8l"},"id":"ywc9peddgi88ch0","previousOperationId":"amb1o4n6rzf4h95"}
{"type":"log","timestamp":1705254489071,"level":"debug","message":"pdf-utils running pdf operation merge","meta":{"rootId":"e1o3ek0qk75ya8l","id":"e1o3ek0qk75ya8l"},"id":"r3i0xql2qjk0wqj","previousOperationId":"amb1o4n6rzf4h95"}
{"type":"operationStart","subtype":"pdfUtilsMerge","name":"pdf utils merge","previousOperationId":"amb1o4n6rzf4h95","timestamp":1705254489071,"id":"gugu4rjrg3yg0n2","previousEventId":"jyxnnw06z4cj0no","operationId":"b5e252oq81aufjs"}
{"type":"operationStart","subtype":"render","name":"orders-header","previousOperationId":"b5e252oq81aufjs","timestamp":1705254489076,"id":"8j40mzgizt3foph","previousEventId":"gugu4rjrg3yg0n2","operationId":"vl3649apniyxglv"}
{"type":"log","timestamp":1705254489076,"level":"info","message":"Starting rendering (child) request","meta":{"rootId":"e1o3ek0qk75ya8l","id":"9o8biruj5hg1slp"},"id":"w0domhfz3mhdlk3","previousOperationId":"vl3649apniyxglv"}
{"type":"log","timestamp":1705254489076,"level":"info","message":"Rendering template { name: orders-header, recipe: chrome-pdf, engine: handlebars, preview: true }","meta":{"rootId":"e1o3ek0qk75ya8l","id":"9o8biruj5hg1slp"},"id":"4tautc2vqf03reu","previousOperationId":"vl3649apniyxglv"}
{"type":"log","timestamp":1705254489086,"level":"debug","message":"Inline data specified.","meta":{"rootId":"e1o3ek0qk75ya8l","id":"9o8biruj5hg1slp"},"id":"seq1jvl9zi7l3ui","previousOperationId":"vl3649apniyxglv"}
{"type":"log","timestamp":1705254489090,"level":"debug","message":"Base url not specified, skipping its injection.","meta":{"rootId":"e1o3ek0qk75ya8l","id":"9o8biruj5hg1slp"},"id":"uptc0q5l6y3rjm9","previousOperationId":"vl3649apniyxglv"}
{"type":"operationStart","subtype":"engine","name":"handlebars","timestamp":1705254489090,"id":"m258fg9tgumfqvr","previousEventId":"8j40mzgizt3foph","operationId":"d0hpiqfvy825n54","previousOperationId":"vl3649apniyxglv"}
{"type":"log","timestamp":1705254489090,"level":"debug","message":"Rendering engine handlebars","meta":{"rootId":"e1o3ek0qk75ya8l","id":"9o8biruj5hg1slp"},"id":"dtoc0r0deb8b9pi","previousOperationId":"d0hpiqfvy825n54"}
{"type":"operationEnd","operationId":"d0hpiqfvy825n54","timestamp":1705254489143,"id":"8u3i71s6kbkt38s","previousEventId":"m258fg9tgumfqvr","previousOperationId":"d0hpiqfvy825n54"}
{"type":"operationStart","subtype":"recipe","name":"chrome-pdf","timestamp":1705254489143,"id":"7izw97dtq5n5ll6","previousEventId":"8u3i71s6kbkt38s","operationId":"rzullxx1q6ytkbh","previousOperationId":"d0hpiqfvy825n54"}
{"type":"log","timestamp":1705254489143,"level":"debug","message":"Executing recipe chrome-pdf","meta":{"rootId":"e1o3ek0qk75ya8l","id":"9o8biruj5hg1slp"},"id":"kogekn5vq6fen3t","previousOperationId":"rzullxx1q6ytkbh"}
{"type":"log","timestamp":1705254489148,"level":"debug","message":"Converting with chrome HeadlessChrome/117.0.5938.149 using chrome-pool strategy","meta":{"rootId":"e1o3ek0qk75ya8l","id":"9o8biruj5hg1slp"},"id":"ilffm84addlwtb0","previousOperationId":"rzullxx1q6ytkbh"}
{"type":"log","timestamp":1705254489268,"level":"debug","message":"Page request: GET (document) file:///C:/Users/arida/AppData/Local/Temp/jsreport/autocleanup/3fbd040c-fba5-4b04-8976-e176c88367a2-chrome-pdf.html","meta":{"rootId":"e1o3ek0qk75ya8l","id":"9o8biruj5hg1slp"},"id":"2hq65i0njc3w97q","previousOperationId":"rzullxx1q6ytkbh"}
{"type":"log","timestamp":1705254489279,"level":"debug","message":"Page request: GET (stylesheet) https://cdnjs.cloudflare.com/ajax/libs/metro/4.1.5/css/metro.min.css","meta":{"rootId":"e1o3ek0qk75ya8l","id":"9o8biruj5hg1slp"},"id":"j6xrb9001xs315q","previousOperationId":"rzullxx1q6ytkbh"}
{"type":"log","timestamp":1705254489280,"level":"debug","message":"Page request finished: GET (document) 200 file:///C:/Users/arida/AppData/Local/Temp/jsreport/autocleanup/3fbd040c-fba5-4b04-8976-e176c88367a2-chrome-pdf.html","meta":{"rootId":"e1o3ek0qk75ya8l","id":"9o8biruj5hg1slp"},"id":"ysxi788wl4gstah","previousOperationId":"rzullxx1q6ytkbh"}
{"type":"log","timestamp":1705254489309,"level":"debug","message":"Page request finished: GET (stylesheet) 200 https://cdnjs.cloudflare.com/ajax/libs/metro/4.1.5/css/metro.min.css","meta":{"rootId":"e1o3ek0qk75ya8l","id":"9o8biruj5hg1slp"},"id":"fllmhjmky3b0pis","previousOperationId":"rzullxx1q6ytkbh"}
{"type":"log","timestamp":1705254489335,"level":"debug","message":"Running chrome with params {\"printBackground\":true,\"marginTop\":\"1.5cm\",\"marginRight\":\"1.5cm\",\"marginLeft\":\"1.cm\",\"timeout\":57391,\"margin\":{\"top\":\"1.5cm\",\"right\":\"1.5cm\",\"left\":\"1.cm\"}}","meta":{"rootId":"e1o3ek0qk75ya8l","id":"9o8biruj5hg1slp"},"id":"6iztszu6j2illga","previousOperationId":"rzullxx1q6ytkbh"}
{"type":"operationEnd","operationId":"rzullxx1q6ytkbh","timestamp":1705254489392,"id":"pow6iuraruefjd8","previousEventId":"7izw97dtq5n5ll6","previousOperationId":"rzullxx1q6ytkbh"}
{"type":"log","timestamp":1705254489393,"level":"debug","message":"Skipping storing report.","meta":{"rootId":"e1o3ek0qk75ya8l","id":"9o8biruj5hg1slp"},"id":"v0t704fa7vfs476","previousOperationId":"rzullxx1q6ytkbh"}
{"type":"log","timestamp":1705254489393,"level":"info","message":"Rendering (child) request finished in 2855 ms","meta":{"rootId":"e1o3ek0qk75ya8l","id":"9o8biruj5hg1slp"},"id":"6wwrsvyjwxlb4lc","previousOperationId":"rzullxx1q6ytkbh"}
{"type":"operationEnd","subtype":"render","operationId":"vl3649apniyxglv","timestamp":1705254489394,"id":"5bhojl4h6am8jkt","previousEventId":"pow6iuraruefjd8","previousOperationId":"rzullxx1q6ytkbh"}
{"type":"operationEnd","operationId":"b5e252oq81aufjs","timestamp":1705254489423,"id":"eb59iopwmr8edkm","previousEventId":"gugu4rjrg3yg0n2","previousOperationId":"b5e252oq81aufjs"}
{"type":"log","timestamp":1705254489424,"level":"debug","message":"pdf-utils postproces start","meta":{"rootId":"e1o3ek0qk75ya8l","id":"e1o3ek0qk75ya8l"},"id":"d2xh4yudqgifx45","previousOperationId":"b5e252oq81aufjs"}
{"type":"log","timestamp":1705254489437,"level":"debug","message":"pdf-utils postproces end","meta":{"rootId":"e1o3ek0qk75ya8l","id":"e1o3ek0qk75ya8l"},"id":"x630pj038fdofh5","previousOperationId":"b5e252oq81aufjs"}
{"type":"operationEnd","operationId":"amb1o4n6rzf4h95","timestamp":1705254489437,"id":"cufzqt55qssk0be","previousEventId":"eb59iopwmr8edkm","previousOperationId":"b5e252oq81aufjs"}
{"type":"log","timestamp":1705254489437,"level":"info","message":"pdf-utils pdf processing was finished","meta":{"rootId":"e1o3ek0qk75ya8l","id":"e1o3ek0qk75ya8l"},"id":"sy0l2id1xkgrd5x","previousOperationId":"amb1o4n6rzf4h95"}
{"type":"log","timestamp":1705254489437,"level":"debug","message":"Skipping storing report.","meta":{"rootId":"e1o3ek0qk75ya8l","id":"e1o3ek0qk75ya8l"},"id":"mmem3ogxnq53zlz","previousOperationId":"amb1o4n6rzf4h95"}
{"type":"log","timestamp":1705254489437,"level":"info","message":"Rendering request 2 finished in 2899 ms","meta":{"rootId":"e1o3ek0qk75ya8l","id":"e1o3ek0qk75ya8l"},"id":"3fbunwh4k3punq6","previousOperationId":"amb1o4n6rzf4h95"}
{"type":"operationEnd","subtype":"render","operationId":"oay23o9n4kjzjlv","timestamp":1705254489437,"id":"k4edsi4kvi4x0of","previousEventId":"cufzqt55qssk0be","previousOperationId":"amb1o4n6rzf4h95"}
{"type":"operationEnd","doDiffs":false,"previousEventId":"4nlv83t7ezdr4nd","previousOperationId":"463gxekov0rq9tm","operationId":"463gxekov0rq9tm","timestamp":1705254489448,"id":"9xm4sq3sr5dxumr"}
