{"type":"operationStart","subtype":"profile","data":{"_id":"Eo3Ilhccu4ZRYQdk","timestamp":"2024-01-09T20:16:30.431Z","state":"queued","mode":"standard","creationDate":"2024-01-09T20:16:30.433Z","modificationDate":"2024-01-09T20:16:30.433Z","shortid":"JAptj4w","$entitySet":"profiles"},"doDiffs":false,"timestamp":1704831390432,"id":"k4ybsex030lux2w","previousOperationId":null,"operationId":"f77s7zkvl7la19s"}
{"type":"log","level":"info","message":"Render request 22 queued for execution and waiting for available worker","previousOperationId":"f77s7zkvl7la19s","timestamp":1704831390432,"id":"jtqow9n3ann9ct7"}
{"type":"operationStart","subtype":"render","name":"orders-main","previousOperationId":"f77s7zkvl7la19s","timestamp":1704831390438,"id":"zkvmcwdp2bod5es","previousEventId":"k4ybsex030lux2w","operationId":"wjsr4ipl64dgsd9"}
{"type":"log","timestamp":1704831390438,"level":"info","message":"Starting rendering request 22","meta":{"rootId":"eeh73aejtyb7u6d","id":"eeh73aejtyb7u6d"},"id":"qep38i3gsup2h75","previousOperationId":"wjsr4ipl64dgsd9"}
{"type":"log","timestamp":1704831390438,"level":"info","message":"Rendering template { name: orders-main, recipe: chrome-pdf, engine: handlebars, preview: false }","meta":{"rootId":"eeh73aejtyb7u6d","id":"eeh73aejtyb7u6d"},"id":"6wlt9c5wljx4fxo","previousOperationId":"wjsr4ipl64dgsd9"}
{"type":"log","timestamp":1704831390440,"level":"debug","message":"Data item not defined for this template.","meta":{"rootId":"eeh73aejtyb7u6d","id":"eeh73aejtyb7u6d"},"id":"t72fpmb8wiathen","previousOperationId":"wjsr4ipl64dgsd9"}
{"type":"log","timestamp":1704831390444,"level":"debug","message":"Executing script orders-script (beforeRender)","meta":{"rootId":"eeh73aejtyb7u6d","id":"eeh73aejtyb7u6d"},"id":"wui3gf94gcbxujh","previousOperationId":"wjsr4ipl64dgsd9"}
{"type":"operationStart","subtype":"scriptsBeforeRender","name":"scripts beforeRender","timestamp":1704831390454,"id":"48sa7yk931tnp55","previousEventId":"zkvmcwdp2bod5es","operationId":"t6onxmxn0rzcdhe","previousOperationId":"wjsr4ipl64dgsd9"}
{"type":"operationStart","subtype":"script","name":"scripts orders-script","previousOperationId":"t6onxmxn0rzcdhe","timestamp":1704831390454,"id":"00c9tpzu3gr3bnf","previousEventId":"48sa7yk931tnp55","operationId":"heeb8mz00q8v48z"}
{"type":"log","timestamp":1704831390455,"level":"debug","message":"(console:log) {\n  http: [Getter/Setter],\n  rootId: [Getter/Setter],\n  id: [Getter/Setter],\n  reportCounter: [Getter/Setter],\n  startTimestamp: [Getter/Setter],\n  logs: [Getter/Setter],\n  skipValidationFor: {\n    _id: 'Eo3Ilhccu4ZRYQdk',\n    timestamp: 2024-01-09T20:16:30.431Z,\n    state: 'queued',\n    mode: 'standard',\n    creationDate: 2024-01-09T20:16:30.433Z,\n    modificationDate: 2024-01-09T20:16:30.433Z,\n    shortid: 'JAptj4w'\n  },\n  shared: {},\n  originalInputDataIsEmpty: [Getter/Setter],\n  currentFolderPath: [Getter/Setter],\n  sampleData: [Getter/Setter]\n}","meta":{"userLevel":true,"rootId":"eeh73aejtyb7u6d","id":"eeh73aejtyb7u6d"},"id":"k3xw9ynwj0oyl1g","previousOperationId":"heeb8mz00q8v48z"}
{"type":"operationEnd","operationId":"heeb8mz00q8v48z","timestamp":1704831391725,"id":"b6efyoxxgw3xfpl","previousEventId":"zkvmcwdp2bod5es","previousOperationId":"wjsr4ipl64dgsd9"}
{"type":"operationEnd","operationId":"t6onxmxn0rzcdhe","timestamp":1704831391725,"id":"lo8p9l00qbkcy9w","previousEventId":"b6efyoxxgw3xfpl","previousOperationId":"wjsr4ipl64dgsd9"}
{"type":"log","timestamp":1704831391725,"level":"debug","message":"Base url not specified, skipping its injection.","meta":{"rootId":"eeh73aejtyb7u6d","id":"eeh73aejtyb7u6d"},"id":"1gywgx5nxeog6a8","previousOperationId":"t6onxmxn0rzcdhe"}
{"type":"operationStart","subtype":"engine","name":"handlebars","timestamp":1704831391725,"id":"pbhvkixswtle3r4","previousEventId":"lo8p9l00qbkcy9w","operationId":"o9osu7b1il1f19d","previousOperationId":"t6onxmxn0rzcdhe"}
{"type":"log","timestamp":1704831391725,"level":"debug","message":"Rendering engine handlebars","meta":{"rootId":"eeh73aejtyb7u6d","id":"eeh73aejtyb7u6d"},"id":"4zb7s8t361hhn7f","previousOperationId":"o9osu7b1il1f19d"}
{"type":"log","timestamp":1704831391733,"level":"debug","message":"(console:log) Pdf utils adding group field, value: \"France\"","meta":{"userLevel":true,"rootId":"eeh73aejtyb7u6d","id":"eeh73aejtyb7u6d"},"id":"2gbaaciycqs6z0e","previousOperationId":"o9osu7b1il1f19d"}
{"type":"log","timestamp":1704831391733,"level":"debug","message":"(console:log) Pdf utils adding group field, value: \"Germany\"","meta":{"userLevel":true,"rootId":"eeh73aejtyb7u6d","id":"eeh73aejtyb7u6d"},"id":"peg5km8z1nfaea4","previousOperationId":"o9osu7b1il1f19d"}
{"type":"operationEnd","operationId":"o9osu7b1il1f19d","timestamp":1704831391734,"id":"n55f7km5x2ebrwe","previousEventId":"pbhvkixswtle3r4","previousOperationId":"o9osu7b1il1f19d"}
{"type":"operationStart","subtype":"recipe","name":"chrome-pdf","timestamp":1704831391734,"id":"3w18e9pm698ayat","previousEventId":"n55f7km5x2ebrwe","operationId":"3y7ao20056kp043","previousOperationId":"o9osu7b1il1f19d"}
{"type":"log","timestamp":1704831391734,"level":"debug","message":"Executing recipe chrome-pdf","meta":{"rootId":"eeh73aejtyb7u6d","id":"eeh73aejtyb7u6d"},"id":"9azwb1l4bclbx8l","previousOperationId":"3y7ao20056kp043"}
{"type":"log","timestamp":1704831391739,"level":"debug","message":"Converting with chrome HeadlessChrome/117.0.5938.149 using chrome-pool strategy","meta":{"rootId":"eeh73aejtyb7u6d","id":"eeh73aejtyb7u6d"},"id":"7fz0qgq72lu7mwi","previousOperationId":"3y7ao20056kp043"}
{"type":"log","timestamp":1704831391851,"level":"debug","message":"Page request: GET (document) file:///C:/Users/arida/AppData/Local/Temp/jsreport/autocleanup/8773fc85-cd66-4ec5-82e4-0d4fd5add35c-chrome-pdf.html","meta":{"rootId":"eeh73aejtyb7u6d","id":"eeh73aejtyb7u6d"},"id":"kyxdjr57ru4x4ty","previousOperationId":"3y7ao20056kp043"}
{"type":"log","timestamp":1704831391902,"level":"debug","message":"Page request: GET (stylesheet) https://cdnjs.cloudflare.com/ajax/libs/metro/4.1.5/css/metro.min.css","meta":{"rootId":"eeh73aejtyb7u6d","id":"eeh73aejtyb7u6d"},"id":"0jxlili8aoo2x1v","previousOperationId":"3y7ao20056kp043"}
{"type":"log","timestamp":1704831391903,"level":"debug","message":"Page request: GET (script) https://cdnjs.cloudflare.com/ajax/libs/Chart.js/2.7.2/Chart.min.js","meta":{"rootId":"eeh73aejtyb7u6d","id":"eeh73aejtyb7u6d"},"id":"ec4quezh5t1h9t8","previousOperationId":"3y7ao20056kp043"}
{"type":"log","timestamp":1704831391903,"level":"debug","message":"Page request finished: GET (document) 200 file:///C:/Users/arida/AppData/Local/Temp/jsreport/autocleanup/8773fc85-cd66-4ec5-82e4-0d4fd5add35c-chrome-pdf.html","meta":{"rootId":"eeh73aejtyb7u6d","id":"eeh73aejtyb7u6d"},"id":"1uhypmlclpkvrq2","previousOperationId":"3y7ao20056kp043"}
{"type":"log","timestamp":1704831391923,"level":"debug","message":"Page request finished: GET (stylesheet) 200 https://cdnjs.cloudflare.com/ajax/libs/metro/4.1.5/css/metro.min.css","meta":{"rootId":"eeh73aejtyb7u6d","id":"eeh73aejtyb7u6d"},"id":"fdyjb03wp8vzfyz","previousOperationId":"3y7ao20056kp043"}
{"type":"log","timestamp":1704831391924,"level":"debug","message":"Page request finished: GET (script) 200 https://cdnjs.cloudflare.com/ajax/libs/Chart.js/2.7.2/Chart.min.js","meta":{"rootId":"eeh73aejtyb7u6d","id":"eeh73aejtyb7u6d"},"id":"z82lhsrci6o4r35","previousOperationId":"3y7ao20056kp043"}
{"type":"log","timestamp":1704831392021,"level":"debug","message":"Running chrome with params {\"printBackground\":true,\"marginTop\":\"4cm\",\"marginRight\":\"1.5cm\",\"marginBottom\":\"1.5cm\",\"marginLeft\":\"1.5cm\",\"waitForJS\":false,\"timeout\":58693,\"margin\":{\"top\":\"4cm\",\"right\":\"1.5cm\",\"bottom\":\"1.5cm\",\"left\":\"1.5cm\"}}","meta":{"rootId":"eeh73aejtyb7u6d","id":"eeh73aejtyb7u6d"},"id":"x85gbn94f2lb84o","previousOperationId":"3y7ao20056kp043"}
{"type":"operationEnd","operationId":"3y7ao20056kp043","timestamp":1704831392178,"id":"6i8we0z1msiayvu","previousEventId":"3w18e9pm698ayat","previousOperationId":"3y7ao20056kp043"}
{"type":"log","timestamp":1704831392178,"level":"info","message":"pdf-utils is starting pdf processing","meta":{"rootId":"eeh73aejtyb7u6d","id":"eeh73aejtyb7u6d"},"id":"23eotywpg2ssxkd","previousOperationId":"3y7ao20056kp043"}
{"type":"operationStart","subtype":"pdfUtils","name":"pdf utils","timestamp":1704831392178,"id":"84tejlzz3rpvtgd","previousEventId":"6i8we0z1msiayvu","operationId":"76z17377lbvfi6h","previousOperationId":"3y7ao20056kp043"}
{"type":"log","timestamp":1704831392178,"level":"debug","message":"pdf-utils detected 1 pdf operation(s) to process","meta":{"rootId":"eeh73aejtyb7u6d","id":"eeh73aejtyb7u6d"},"id":"7b1xqqcykjm8bf7","previousOperationId":"76z17377lbvfi6h"}
{"type":"log","timestamp":1704831392211,"level":"debug","message":"pdf-utils running pdf operation merge","meta":{"rootId":"eeh73aejtyb7u6d","id":"eeh73aejtyb7u6d"},"id":"vqnp0shvb6kz52t","previousOperationId":"76z17377lbvfi6h"}
{"type":"operationStart","subtype":"pdfUtilsMerge","name":"pdf utils merge","previousOperationId":"76z17377lbvfi6h","timestamp":1704831392211,"id":"wagmtd9q017g24z","previousEventId":"84tejlzz3rpvtgd","operationId":"n6jphzkomr5iu2w"}
{"type":"operationStart","subtype":"render","name":"orders-header","previousOperationId":"n6jphzkomr5iu2w","timestamp":1704831392212,"id":"vlh2bovns2ttmre","previousEventId":"wagmtd9q017g24z","operationId":"a3l8hee4uy7vcyu"}
{"type":"log","timestamp":1704831392212,"level":"info","message":"Starting rendering (child) request","meta":{"rootId":"eeh73aejtyb7u6d","id":"frd7n7dck9so4f9"},"id":"o7biyqis572noie","previousOperationId":"a3l8hee4uy7vcyu"}
{"type":"log","timestamp":1704831392212,"level":"info","message":"Rendering template { name: orders-header, recipe: chrome-pdf, engine: handlebars, preview: false }","meta":{"rootId":"eeh73aejtyb7u6d","id":"frd7n7dck9so4f9"},"id":"17r25s9s1zkdw15","previousOperationId":"a3l8hee4uy7vcyu"}
{"type":"log","timestamp":1704831392213,"level":"debug","message":"Inline data specified.","meta":{"rootId":"eeh73aejtyb7u6d","id":"frd7n7dck9so4f9"},"id":"g4tbrq0p9v26g55","previousOperationId":"a3l8hee4uy7vcyu"}
{"type":"log","timestamp":1704831392217,"level":"debug","message":"Base url not specified, skipping its injection.","meta":{"rootId":"eeh73aejtyb7u6d","id":"frd7n7dck9so4f9"},"id":"bqevcs3gyumewf0","previousOperationId":"a3l8hee4uy7vcyu"}
{"type":"operationStart","subtype":"engine","name":"handlebars","timestamp":1704831392217,"id":"zadwlexs5rau4xr","previousEventId":"vlh2bovns2ttmre","operationId":"1n7oa2sh63fzrkj","previousOperationId":"a3l8hee4uy7vcyu"}
{"type":"log","timestamp":1704831392217,"level":"debug","message":"Rendering engine handlebars","meta":{"rootId":"eeh73aejtyb7u6d","id":"frd7n7dck9so4f9"},"id":"ddki0r9n6rf4fhb","previousOperationId":"1n7oa2sh63fzrkj"}
{"type":"operationEnd","operationId":"1n7oa2sh63fzrkj","timestamp":1704831392234,"id":"i8v55d34oj64rh3","previousEventId":"zadwlexs5rau4xr","previousOperationId":"1n7oa2sh63fzrkj"}
{"type":"operationStart","subtype":"recipe","name":"chrome-pdf","timestamp":1704831392235,"id":"v6fktz84exy3r5u","previousEventId":"i8v55d34oj64rh3","operationId":"wtknv6jexdwsopf","previousOperationId":"1n7oa2sh63fzrkj"}
{"type":"log","timestamp":1704831392235,"level":"debug","message":"Executing recipe chrome-pdf","meta":{"rootId":"eeh73aejtyb7u6d","id":"frd7n7dck9so4f9"},"id":"aepp0foi0k1mylm","previousOperationId":"wtknv6jexdwsopf"}
{"type":"log","timestamp":1704831392238,"level":"debug","message":"Converting with chrome HeadlessChrome/117.0.5938.149 using chrome-pool strategy","meta":{"rootId":"eeh73aejtyb7u6d","id":"frd7n7dck9so4f9"},"id":"4qbca5b4qva1tim","previousOperationId":"wtknv6jexdwsopf"}
{"type":"log","timestamp":1704831392364,"level":"debug","message":"Page request: GET (document) file:///C:/Users/arida/AppData/Local/Temp/jsreport/autocleanup/37709af3-bf02-42f1-a61d-49ce774ac87e-chrome-pdf.html","meta":{"rootId":"eeh73aejtyb7u6d","id":"frd7n7dck9so4f9"},"id":"eck0dw2me89qmuf","previousOperationId":"wtknv6jexdwsopf"}
{"type":"log","timestamp":1704831392375,"level":"debug","message":"Page request: GET (stylesheet) https://cdnjs.cloudflare.com/ajax/libs/metro/4.1.5/css/metro.min.css","meta":{"rootId":"eeh73aejtyb7u6d","id":"frd7n7dck9so4f9"},"id":"ebw4pidv4bmnczd","previousOperationId":"wtknv6jexdwsopf"}
{"type":"log","timestamp":1704831392375,"level":"debug","message":"Page request finished: GET (document) 200 file:///C:/Users/arida/AppData/Local/Temp/jsreport/autocleanup/37709af3-bf02-42f1-a61d-49ce774ac87e-chrome-pdf.html","meta":{"rootId":"eeh73aejtyb7u6d","id":"frd7n7dck9so4f9"},"id":"qw9qcfa0dysgd9r","previousOperationId":"wtknv6jexdwsopf"}
{"type":"log","timestamp":1704831392395,"level":"debug","message":"Page request finished: GET (stylesheet) 200 https://cdnjs.cloudflare.com/ajax/libs/metro/4.1.5/css/metro.min.css","meta":{"rootId":"eeh73aejtyb7u6d","id":"frd7n7dck9so4f9"},"id":"4p0btloapn0nrzm","previousOperationId":"wtknv6jexdwsopf"}
{"type":"log","timestamp":1704831392416,"level":"debug","message":"Running chrome with params {\"printBackground\":true,\"marginTop\":\"1.5cm\",\"marginRight\":\"1.5cm\",\"marginLeft\":\"1.cm\",\"timeout\":58195,\"margin\":{\"top\":\"1.5cm\",\"right\":\"1.5cm\",\"left\":\"1.cm\"}}","meta":{"rootId":"eeh73aejtyb7u6d","id":"frd7n7dck9so4f9"},"id":"sy0373wf20ivddy","previousOperationId":"wtknv6jexdwsopf"}
{"type":"operationEnd","operationId":"wtknv6jexdwsopf","timestamp":1704831392458,"id":"2bvp48ac86fou52","previousEventId":"v6fktz84exy3r5u","previousOperationId":"wtknv6jexdwsopf"}
{"type":"log","timestamp":1704831392458,"level":"debug","message":"Skipping storing report.","meta":{"rootId":"eeh73aejtyb7u6d","id":"frd7n7dck9so4f9"},"id":"lkvpkwtmmvm79vp","previousOperationId":"wtknv6jexdwsopf"}
{"type":"log","timestamp":1704831392458,"level":"info","message":"Rendering (child) request finished in 2027 ms","meta":{"rootId":"eeh73aejtyb7u6d","id":"frd7n7dck9so4f9"},"id":"cxcauei510yfadt","previousOperationId":"wtknv6jexdwsopf"}
{"type":"operationEnd","subtype":"render","operationId":"a3l8hee4uy7vcyu","timestamp":1704831392458,"id":"swel4cxfxuu1tdo","previousEventId":"2bvp48ac86fou52","previousOperationId":"wtknv6jexdwsopf"}
{"type":"operationEnd","operationId":"n6jphzkomr5iu2w","timestamp":1704831392472,"id":"ix75skwxj9f3fjs","previousEventId":"wagmtd9q017g24z","previousOperationId":"n6jphzkomr5iu2w"}
{"type":"log","timestamp":1704831392472,"level":"debug","message":"pdf-utils postproces start","meta":{"rootId":"eeh73aejtyb7u6d","id":"eeh73aejtyb7u6d"},"id":"tljauv6sdcbmz41","previousOperationId":"n6jphzkomr5iu2w"}
{"type":"log","timestamp":1704831392487,"level":"debug","message":"pdf-utils postproces end","meta":{"rootId":"eeh73aejtyb7u6d","id":"eeh73aejtyb7u6d"},"id":"z3mb3ebtmdxb1pn","previousOperationId":"n6jphzkomr5iu2w"}
{"type":"operationEnd","operationId":"76z17377lbvfi6h","timestamp":1704831392487,"id":"bvqxib5e8othc36","previousEventId":"ix75skwxj9f3fjs","previousOperationId":"n6jphzkomr5iu2w"}
{"type":"log","timestamp":1704831392487,"level":"info","message":"pdf-utils pdf processing was finished","meta":{"rootId":"eeh73aejtyb7u6d","id":"eeh73aejtyb7u6d"},"id":"f7oi4l3im7jqtwb","previousOperationId":"76z17377lbvfi6h"}
{"type":"log","timestamp":1704831392487,"level":"debug","message":"Skipping storing report.","meta":{"rootId":"eeh73aejtyb7u6d","id":"eeh73aejtyb7u6d"},"id":"3g1rphha7sd6y60","previousOperationId":"76z17377lbvfi6h"}
{"type":"log","timestamp":1704831392487,"level":"info","message":"Rendering request 22 finished in 2056 ms","meta":{"rootId":"eeh73aejtyb7u6d","id":"eeh73aejtyb7u6d"},"id":"quu161ez7vosa7q","previousOperationId":"76z17377lbvfi6h"}
{"type":"operationEnd","subtype":"render","operationId":"wjsr4ipl64dgsd9","timestamp":1704831392487,"id":"bllwyibyc67hxss","previousEventId":"bvqxib5e8othc36","previousOperationId":"76z17377lbvfi6h"}
{"type":"operationEnd","doDiffs":false,"previousEventId":"k4ybsex030lux2w","previousOperationId":"f77s7zkvl7la19s","operationId":"f77s7zkvl7la19s","timestamp":1704831392495,"id":"kyh49zedc199g0w"}
