{"type":"operationStart","subtype":"profile","data":{"_id":"JF8pidVxTDPjznEy","timestamp":"2024-01-09T20:12:23.051Z","state":"queued","mode":"standard","creationDate":"2024-01-09T20:12:23.054Z","modificationDate":"2024-01-09T20:12:23.054Z","shortid":"qKCHU1Y","$entitySet":"profiles"},"doDiffs":false,"timestamp":1704831143053,"id":"0kzol6wfadu1wbf","previousOperationId":null,"operationId":"tx0fyld7qpvcs0n"}
{"type":"log","level":"info","message":"Render request 14 queued for execution and waiting for available worker","previousOperationId":"tx0fyld7qpvcs0n","timestamp":1704831143053,"id":"3a52jhnlaecrlpp"}
{"type":"operationStart","subtype":"render","name":"orders-main","previousOperationId":"tx0fyld7qpvcs0n","timestamp":1704831143069,"id":"0ywh8nwiy7fx2bh","previousEventId":"0kzol6wfadu1wbf","operationId":"lun5ktqzhzy802m"}
{"type":"log","timestamp":1704831143070,"level":"info","message":"Starting rendering request 14","meta":{"rootId":"emi1upt1xdytw5h","id":"emi1upt1xdytw5h"},"id":"6vl8ze1fwukzx00","previousOperationId":"lun5ktqzhzy802m"}
{"type":"log","timestamp":1704831143070,"level":"info","message":"Rendering template { name: orders-main, recipe: chrome-pdf, engine: handlebars, preview: true }","meta":{"rootId":"emi1upt1xdytw5h","id":"emi1upt1xdytw5h"},"id":"gmoalfg52zgf5tj","previousOperationId":"lun5ktqzhzy802m"}
{"type":"log","timestamp":1704831143071,"level":"debug","message":"Data item not defined for this template.","meta":{"rootId":"emi1upt1xdytw5h","id":"emi1upt1xdytw5h"},"id":"d2jcqcrrf8ff04o","previousOperationId":"lun5ktqzhzy802m"}
{"type":"log","timestamp":1704831143074,"level":"debug","message":"Executing script orders-script (beforeRender)","meta":{"rootId":"emi1upt1xdytw5h","id":"emi1upt1xdytw5h"},"id":"da4i4edyh4y3rpl","previousOperationId":"lun5ktqzhzy802m"}
{"type":"operationStart","subtype":"scriptsBeforeRender","name":"scripts beforeRender","timestamp":1704831143090,"id":"hmytcnramics34a","previousEventId":"0ywh8nwiy7fx2bh","operationId":"y2cszp1mo1eh5fc","previousOperationId":"lun5ktqzhzy802m"}
{"type":"operationStart","subtype":"script","name":"scripts orders-script","previousOperationId":"y2cszp1mo1eh5fc","timestamp":1704831143090,"id":"yvvhq83qplggpl9","previousEventId":"hmytcnramics34a","operationId":"z0bhzela45o9nox"}
{"type":"log","timestamp":1704831143090,"level":"debug","message":"(console:log) undefined","meta":{"userLevel":true,"rootId":"emi1upt1xdytw5h","id":"emi1upt1xdytw5h"},"id":"bvcpbpr2ztcuo1a","previousOperationId":"z0bhzela45o9nox"}
{"type":"operationEnd","operationId":"z0bhzela45o9nox","timestamp":1704831144411,"id":"yo5xiu06vrj7m08","previousEventId":"0ywh8nwiy7fx2bh","previousOperationId":"lun5ktqzhzy802m"}
{"type":"operationEnd","operationId":"y2cszp1mo1eh5fc","timestamp":1704831144411,"id":"3tpcv2nuck58og3","previousEventId":"yo5xiu06vrj7m08","previousOperationId":"lun5ktqzhzy802m"}
{"type":"log","timestamp":1704831144411,"level":"debug","message":"Base url not specified, skipping its injection.","meta":{"rootId":"emi1upt1xdytw5h","id":"emi1upt1xdytw5h"},"id":"lcs0uqukylmnax0","previousOperationId":"y2cszp1mo1eh5fc"}
{"type":"operationStart","subtype":"engine","name":"handlebars","timestamp":1704831144412,"id":"f1s1sq9nec0h1fv","previousEventId":"3tpcv2nuck58og3","operationId":"67d3rnb5qu4iff8","previousOperationId":"y2cszp1mo1eh5fc"}
{"type":"log","timestamp":1704831144412,"level":"debug","message":"Rendering engine handlebars","meta":{"rootId":"emi1upt1xdytw5h","id":"emi1upt1xdytw5h"},"id":"z328abakk65w9wa","previousOperationId":"67d3rnb5qu4iff8"}
{"type":"log","timestamp":1704831144432,"level":"debug","message":"(console:log) Pdf utils adding group field, value: \"France\"","meta":{"userLevel":true,"rootId":"emi1upt1xdytw5h","id":"emi1upt1xdytw5h"},"id":"u22v32vihx3jof9","previousOperationId":"67d3rnb5qu4iff8"}
{"type":"log","timestamp":1704831144432,"level":"debug","message":"(console:log) Pdf utils adding group field, value: \"Germany\"","meta":{"userLevel":true,"rootId":"emi1upt1xdytw5h","id":"emi1upt1xdytw5h"},"id":"11zjf6jzghokp7o","previousOperationId":"67d3rnb5qu4iff8"}
{"type":"operationEnd","operationId":"67d3rnb5qu4iff8","timestamp":1704831144432,"id":"4c47gfrirok08xa","previousEventId":"f1s1sq9nec0h1fv","previousOperationId":"67d3rnb5qu4iff8"}
{"type":"operationStart","subtype":"recipe","name":"chrome-pdf","timestamp":1704831144433,"id":"xpmgyortqw69vk5","previousEventId":"4c47gfrirok08xa","operationId":"neqimcv0zv6aa1a","previousOperationId":"67d3rnb5qu4iff8"}
{"type":"log","timestamp":1704831144433,"level":"debug","message":"Executing recipe chrome-pdf","meta":{"rootId":"emi1upt1xdytw5h","id":"emi1upt1xdytw5h"},"id":"5oqh8p24eeobtqw","previousOperationId":"neqimcv0zv6aa1a"}
{"type":"log","timestamp":1704831144435,"level":"debug","message":"Converting with chrome HeadlessChrome/117.0.5938.149 using chrome-pool strategy","meta":{"rootId":"emi1upt1xdytw5h","id":"emi1upt1xdytw5h"},"id":"8pcjsr30levm8uf","previousOperationId":"neqimcv0zv6aa1a"}
{"type":"log","timestamp":1704831144554,"level":"debug","message":"Page request: GET (document) file:///C:/Users/arida/AppData/Local/Temp/jsreport/autocleanup/132b9c61-20fd-4fc0-8fd9-bea8e0b3e3c6-chrome-pdf.html","meta":{"rootId":"emi1upt1xdytw5h","id":"emi1upt1xdytw5h"},"id":"tk2fnmrktavbgz7","previousOperationId":"neqimcv0zv6aa1a"}
{"type":"log","timestamp":1704831144613,"level":"debug","message":"Page request: GET (stylesheet) https://cdnjs.cloudflare.com/ajax/libs/metro/4.1.5/css/metro.min.css","meta":{"rootId":"emi1upt1xdytw5h","id":"emi1upt1xdytw5h"},"id":"a8dycxl4d4oeidk","previousOperationId":"neqimcv0zv6aa1a"}
{"type":"log","timestamp":1704831144613,"level":"debug","message":"Page request: GET (script) https://cdnjs.cloudflare.com/ajax/libs/Chart.js/2.7.2/Chart.min.js","meta":{"rootId":"emi1upt1xdytw5h","id":"emi1upt1xdytw5h"},"id":"azvnuhza4amqt5o","previousOperationId":"neqimcv0zv6aa1a"}
{"type":"log","timestamp":1704831144614,"level":"debug","message":"Page request finished: GET (document) 200 file:///C:/Users/arida/AppData/Local/Temp/jsreport/autocleanup/132b9c61-20fd-4fc0-8fd9-bea8e0b3e3c6-chrome-pdf.html","meta":{"rootId":"emi1upt1xdytw5h","id":"emi1upt1xdytw5h"},"id":"wqgrmg1qg4p11j9","previousOperationId":"neqimcv0zv6aa1a"}
{"type":"log","timestamp":1704831144621,"level":"debug","message":"Page request finished: GET (script) 200 https://cdnjs.cloudflare.com/ajax/libs/Chart.js/2.7.2/Chart.min.js","meta":{"rootId":"emi1upt1xdytw5h","id":"emi1upt1xdytw5h"},"id":"x90sgds39p0cduf","previousOperationId":"neqimcv0zv6aa1a"}
{"type":"log","timestamp":1704831144636,"level":"debug","message":"Page request finished: GET (stylesheet) 200 https://cdnjs.cloudflare.com/ajax/libs/metro/4.1.5/css/metro.min.css","meta":{"rootId":"emi1upt1xdytw5h","id":"emi1upt1xdytw5h"},"id":"2wj0ihmw88njljv","previousOperationId":"neqimcv0zv6aa1a"}
{"type":"log","timestamp":1704831144721,"level":"debug","message":"Running chrome with params {\"printBackground\":true,\"marginTop\":\"4cm\",\"marginRight\":\"1.5cm\",\"marginBottom\":\"1.5cm\",\"marginLeft\":\"1.5cm\",\"waitForJS\":false,\"timeout\":58617,\"margin\":{\"top\":\"4cm\",\"right\":\"1.5cm\",\"bottom\":\"1.5cm\",\"left\":\"1.5cm\"}}","meta":{"rootId":"emi1upt1xdytw5h","id":"emi1upt1xdytw5h"},"id":"ijl5o3xloyu66ty","previousOperationId":"neqimcv0zv6aa1a"}
{"type":"operationEnd","operationId":"neqimcv0zv6aa1a","timestamp":1704831144874,"id":"4zepzlbzhm0bboe","previousEventId":"xpmgyortqw69vk5","previousOperationId":"neqimcv0zv6aa1a"}
{"type":"log","timestamp":1704831144874,"level":"info","message":"pdf-utils is starting pdf processing","meta":{"rootId":"emi1upt1xdytw5h","id":"emi1upt1xdytw5h"},"id":"y0c0k6oqll239cc","previousOperationId":"neqimcv0zv6aa1a"}
{"type":"operationStart","subtype":"pdfUtils","name":"pdf utils","timestamp":1704831144875,"id":"6dsoy6ee65dn8sj","previousEventId":"4zepzlbzhm0bboe","operationId":"4mvs7kofqjiwrvj","previousOperationId":"neqimcv0zv6aa1a"}
{"type":"log","timestamp":1704831144875,"level":"debug","message":"pdf-utils detected 1 pdf operation(s) to process","meta":{"rootId":"emi1upt1xdytw5h","id":"emi1upt1xdytw5h"},"id":"9840lb0dvaaspb1","previousOperationId":"4mvs7kofqjiwrvj"}
{"type":"log","timestamp":1704831144904,"level":"debug","message":"pdf-utils running pdf operation merge","meta":{"rootId":"emi1upt1xdytw5h","id":"emi1upt1xdytw5h"},"id":"4vtkc2dqv2xrhis","previousOperationId":"4mvs7kofqjiwrvj"}
{"type":"operationStart","subtype":"pdfUtilsMerge","name":"pdf utils merge","previousOperationId":"4mvs7kofqjiwrvj","timestamp":1704831144904,"id":"uzxvm550b66m3bh","previousEventId":"6dsoy6ee65dn8sj","operationId":"1wskd3ix87ankg1"}
{"type":"operationStart","subtype":"render","name":"orders-header","previousOperationId":"1wskd3ix87ankg1","timestamp":1704831144905,"id":"f6vzuji53bsm5jn","previousEventId":"uzxvm550b66m3bh","operationId":"jmua2bqypvsz3id"}
{"type":"log","timestamp":1704831144905,"level":"info","message":"Starting rendering (child) request","meta":{"rootId":"emi1upt1xdytw5h","id":"4k3t0jgbdggss5c"},"id":"jr18q3idi4juyyx","previousOperationId":"jmua2bqypvsz3id"}
{"type":"log","timestamp":1704831144905,"level":"info","message":"Rendering template { name: orders-header, recipe: chrome-pdf, engine: handlebars, preview: true }","meta":{"rootId":"emi1upt1xdytw5h","id":"4k3t0jgbdggss5c"},"id":"d1h4ii8se9gjq89","previousOperationId":"jmua2bqypvsz3id"}
{"type":"log","timestamp":1704831144906,"level":"debug","message":"Inline data specified.","meta":{"rootId":"emi1upt1xdytw5h","id":"4k3t0jgbdggss5c"},"id":"b3fk8w775716i0x","previousOperationId":"jmua2bqypvsz3id"}
{"type":"log","timestamp":1704831144909,"level":"debug","message":"Base url not specified, skipping its injection.","meta":{"rootId":"emi1upt1xdytw5h","id":"4k3t0jgbdggss5c"},"id":"ziurfe0z3bhd2bd","previousOperationId":"jmua2bqypvsz3id"}
{"type":"operationStart","subtype":"engine","name":"handlebars","timestamp":1704831144909,"id":"y06dpez91njkxqj","previousEventId":"f6vzuji53bsm5jn","operationId":"6a84aenecthovty","previousOperationId":"jmua2bqypvsz3id"}
{"type":"log","timestamp":1704831144909,"level":"debug","message":"Rendering engine handlebars","meta":{"rootId":"emi1upt1xdytw5h","id":"4k3t0jgbdggss5c"},"id":"7r09bcros7b66vz","previousOperationId":"6a84aenecthovty"}
{"type":"operationEnd","operationId":"6a84aenecthovty","timestamp":1704831144937,"id":"yslhzpgeklcqxn4","previousEventId":"y06dpez91njkxqj","previousOperationId":"6a84aenecthovty"}
{"type":"operationStart","subtype":"recipe","name":"chrome-pdf","timestamp":1704831144937,"id":"nkuzlwxt17fq3x6","previousEventId":"yslhzpgeklcqxn4","operationId":"r6kamvh9at6p8f9","previousOperationId":"6a84aenecthovty"}
{"type":"log","timestamp":1704831144937,"level":"debug","message":"Executing recipe chrome-pdf","meta":{"rootId":"emi1upt1xdytw5h","id":"4k3t0jgbdggss5c"},"id":"otkezu7epkcsxro","previousOperationId":"r6kamvh9at6p8f9"}
{"type":"log","timestamp":1704831144940,"level":"debug","message":"Converting with chrome HeadlessChrome/117.0.5938.149 using chrome-pool strategy","meta":{"rootId":"emi1upt1xdytw5h","id":"4k3t0jgbdggss5c"},"id":"m0ugt1b1v173tnd","previousOperationId":"r6kamvh9at6p8f9"}
{"type":"log","timestamp":1704831145071,"level":"debug","message":"Page request: GET (document) file:///C:/Users/arida/AppData/Local/Temp/jsreport/autocleanup/d66db6c4-fa93-491c-82fb-62a71aabe030-chrome-pdf.html","meta":{"rootId":"emi1upt1xdytw5h","id":"4k3t0jgbdggss5c"},"id":"tmus4ecpokvgqtm","previousOperationId":"r6kamvh9at6p8f9"}
{"type":"log","timestamp":1704831145084,"level":"debug","message":"Page request: GET (stylesheet) https://cdnjs.cloudflare.com/ajax/libs/metro/4.1.5/css/metro.min.css","meta":{"rootId":"emi1upt1xdytw5h","id":"4k3t0jgbdggss5c"},"id":"cboplsr7ew8cy21","previousOperationId":"r6kamvh9at6p8f9"}
{"type":"log","timestamp":1704831145084,"level":"debug","message":"Page request finished: GET (document) 200 file:///C:/Users/arida/AppData/Local/Temp/jsreport/autocleanup/d66db6c4-fa93-491c-82fb-62a71aabe030-chrome-pdf.html","meta":{"rootId":"emi1upt1xdytw5h","id":"4k3t0jgbdggss5c"},"id":"6mle0fupe0wqbq3","previousOperationId":"r6kamvh9at6p8f9"}
{"type":"log","timestamp":1704831145103,"level":"debug","message":"Page request finished: GET (stylesheet) 200 https://cdnjs.cloudflare.com/ajax/libs/metro/4.1.5/css/metro.min.css","meta":{"rootId":"emi1upt1xdytw5h","id":"4k3t0jgbdggss5c"},"id":"i13mdicnaj6ux5q","previousOperationId":"r6kamvh9at6p8f9"}
{"type":"log","timestamp":1704831145123,"level":"debug","message":"Running chrome with params {\"printBackground\":true,\"marginTop\":\"1.5cm\",\"marginRight\":\"1.5cm\",\"marginLeft\":\"1.cm\",\"timeout\":58112,\"margin\":{\"top\":\"1.5cm\",\"right\":\"1.5cm\",\"left\":\"1.cm\"}}","meta":{"rootId":"emi1upt1xdytw5h","id":"4k3t0jgbdggss5c"},"id":"44f2z4t4uw2u4jl","previousOperationId":"r6kamvh9at6p8f9"}
{"type":"operationEnd","operationId":"r6kamvh9at6p8f9","timestamp":1704831145165,"id":"ig9hl53lwt2bu02","previousEventId":"nkuzlwxt17fq3x6","previousOperationId":"r6kamvh9at6p8f9"}
{"type":"log","timestamp":1704831145165,"level":"debug","message":"Skipping storing report.","meta":{"rootId":"emi1upt1xdytw5h","id":"4k3t0jgbdggss5c"},"id":"5ok9n6roqne7knc","previousOperationId":"r6kamvh9at6p8f9"}
{"type":"log","timestamp":1704831145165,"level":"info","message":"Rendering (child) request finished in 2114 ms","meta":{"rootId":"emi1upt1xdytw5h","id":"4k3t0jgbdggss5c"},"id":"pm1r1fnk8jt55dg","previousOperationId":"r6kamvh9at6p8f9"}
{"type":"operationEnd","subtype":"render","operationId":"jmua2bqypvsz3id","timestamp":1704831145165,"id":"gn2o6tjfcbj6cu3","previousEventId":"ig9hl53lwt2bu02","previousOperationId":"r6kamvh9at6p8f9"}
{"type":"operationEnd","operationId":"1wskd3ix87ankg1","timestamp":1704831145179,"id":"84ntdx9gq17o889","previousEventId":"uzxvm550b66m3bh","previousOperationId":"1wskd3ix87ankg1"}
{"type":"log","timestamp":1704831145179,"level":"debug","message":"pdf-utils postproces start","meta":{"rootId":"emi1upt1xdytw5h","id":"emi1upt1xdytw5h"},"id":"6uya2r4uzo7nmtm","previousOperationId":"1wskd3ix87ankg1"}
{"type":"log","timestamp":1704831145195,"level":"debug","message":"pdf-utils postproces end","meta":{"rootId":"emi1upt1xdytw5h","id":"emi1upt1xdytw5h"},"id":"79st73os0sur0f2","previousOperationId":"1wskd3ix87ankg1"}
{"type":"operationEnd","operationId":"4mvs7kofqjiwrvj","timestamp":1704831145195,"id":"bup8iy6lzdugzv6","previousEventId":"84ntdx9gq17o889","previousOperationId":"1wskd3ix87ankg1"}
{"type":"log","timestamp":1704831145195,"level":"info","message":"pdf-utils pdf processing was finished","meta":{"rootId":"emi1upt1xdytw5h","id":"emi1upt1xdytw5h"},"id":"5fkub9oylyjvvpd","previousOperationId":"4mvs7kofqjiwrvj"}
{"type":"log","timestamp":1704831145195,"level":"debug","message":"Skipping storing report.","meta":{"rootId":"emi1upt1xdytw5h","id":"emi1upt1xdytw5h"},"id":"dt7xbjs8b2azt0f","previousOperationId":"4mvs7kofqjiwrvj"}
{"type":"log","timestamp":1704831145195,"level":"info","message":"Rendering request 14 finished in 2144 ms","meta":{"rootId":"emi1upt1xdytw5h","id":"emi1upt1xdytw5h"},"id":"kpu0wyijw7ib3xt","previousOperationId":"4mvs7kofqjiwrvj"}
{"type":"operationEnd","subtype":"render","operationId":"lun5ktqzhzy802m","timestamp":1704831145195,"id":"fylm2pqs04xbxr1","previousEventId":"bup8iy6lzdugzv6","previousOperationId":"4mvs7kofqjiwrvj"}
{"type":"operationEnd","doDiffs":false,"previousEventId":"0kzol6wfadu1wbf","previousOperationId":"tx0fyld7qpvcs0n","operationId":"tx0fyld7qpvcs0n","timestamp":1704831145214,"id":"dniovec17pfcgy9"}
