{"type":"operationStart","subtype":"profile","data":{"_id":"sAgCSrTl8w3tX2xu","timestamp":"2024-01-14T19:41:26.675Z","state":"queued","mode":"standard","creationDate":"2024-01-14T19:41:26.678Z","modificationDate":"2024-01-14T19:41:26.678Z","shortid":"diewGz3","$entitySet":"profiles"},"doDiffs":false,"timestamp":1705261286677,"id":"dkljpqqqyojvn7u","previousOperationId":null,"operationId":"6glwoug7a48e3s1"}
{"type":"log","level":"info","message":"Render request 9 queued for execution and waiting for available worker","previousOperationId":"6glwoug7a48e3s1","timestamp":1705261286677,"id":"3qbeac1yluqc6eh"}
{"type":"operationStart","subtype":"render","name":"orders-main","previousOperationId":"6glwoug7a48e3s1","timestamp":1705261286692,"id":"dfnbcerh6oih5z7","previousEventId":"dkljpqqqyojvn7u","operationId":"37tdq26amhotw4x"}
{"type":"log","timestamp":1705261286692,"level":"info","message":"Starting rendering request 9","meta":{"rootId":"fapcm9rnwgl4mm4","id":"fapcm9rnwgl4mm4"},"id":"a77ivzetcwmpo4y","previousOperationId":"37tdq26amhotw4x"}
{"type":"log","timestamp":1705261286692,"level":"info","message":"Rendering template { name: orders-main, recipe: chrome-pdf, engine: handlebars, preview: true }","meta":{"rootId":"fapcm9rnwgl4mm4","id":"fapcm9rnwgl4mm4"},"id":"dngll3cbvwqmvf9","previousOperationId":"37tdq26amhotw4x"}
{"type":"log","timestamp":1705261286693,"level":"debug","message":"Data item not defined for this template.","meta":{"rootId":"fapcm9rnwgl4mm4","id":"fapcm9rnwgl4mm4"},"id":"xus3ro903gzo7tp","previousOperationId":"37tdq26amhotw4x"}
{"type":"log","timestamp":1705261286696,"level":"debug","message":"Executing script orders-script (beforeRender)","meta":{"rootId":"fapcm9rnwgl4mm4","id":"fapcm9rnwgl4mm4"},"id":"94c3c2glnvluhos","previousOperationId":"37tdq26amhotw4x"}
{"type":"operationStart","subtype":"scriptsBeforeRender","name":"scripts beforeRender","timestamp":1705261286704,"id":"x06n36eowv7nxl0","previousEventId":"dfnbcerh6oih5z7","operationId":"knjjimoq50qbipq","previousOperationId":"37tdq26amhotw4x"}
{"type":"operationStart","subtype":"script","name":"scripts orders-script","previousOperationId":"knjjimoq50qbipq","timestamp":1705261286705,"id":"ent4lflahiquinv","previousEventId":"x06n36eowv7nxl0","operationId":"62lzpeyju0n62bo"}
{"type":"operationEnd","operationId":"62lzpeyju0n62bo","timestamp":1705261286715,"id":"gni3t6vk6xl7y8q","previousEventId":"dfnbcerh6oih5z7","previousOperationId":"37tdq26amhotw4x"}
{"type":"operationEnd","operationId":"knjjimoq50qbipq","timestamp":1705261286715,"id":"i1admrx1d91pl94","previousEventId":"gni3t6vk6xl7y8q","previousOperationId":"37tdq26amhotw4x"}
{"type":"log","timestamp":1705261286715,"level":"debug","message":"Base url not specified, skipping its injection.","meta":{"rootId":"fapcm9rnwgl4mm4","id":"fapcm9rnwgl4mm4"},"id":"8yi6f4tbe29g60y","previousOperationId":"knjjimoq50qbipq"}
{"type":"operationStart","subtype":"engine","name":"handlebars","timestamp":1705261286716,"id":"kscmxehm482rr4g","previousEventId":"i1admrx1d91pl94","operationId":"usrxbedyoqzi6z5","previousOperationId":"knjjimoq50qbipq"}
{"type":"log","timestamp":1705261286716,"level":"debug","message":"Rendering engine handlebars","meta":{"rootId":"fapcm9rnwgl4mm4","id":"fapcm9rnwgl4mm4"},"id":"6e53i4f9vpc45ta","previousOperationId":"usrxbedyoqzi6z5"}
{"type":"operationEnd","operationId":"usrxbedyoqzi6z5","timestamp":1705261286749,"id":"znv4773wdedlhqx","previousEventId":"kscmxehm482rr4g","previousOperationId":"usrxbedyoqzi6z5"}
{"type":"operationStart","subtype":"recipe","name":"chrome-pdf","timestamp":1705261286749,"id":"ch5az5kj8w7yb11","previousEventId":"znv4773wdedlhqx","operationId":"rbioatsaw5ovlmu","previousOperationId":"usrxbedyoqzi6z5"}
{"type":"log","timestamp":1705261286749,"level":"debug","message":"Executing recipe chrome-pdf","meta":{"rootId":"fapcm9rnwgl4mm4","id":"fapcm9rnwgl4mm4"},"id":"lheku16u85y0ni5","previousOperationId":"rbioatsaw5ovlmu"}
{"type":"log","timestamp":1705261286754,"level":"debug","message":"Converting with chrome HeadlessChrome/117.0.5938.149 using chrome-pool strategy","meta":{"rootId":"fapcm9rnwgl4mm4","id":"fapcm9rnwgl4mm4"},"id":"19te7jvbd3turc1","previousOperationId":"rbioatsaw5ovlmu"}
{"type":"log","timestamp":1705261286874,"level":"debug","message":"Page request: GET (document) file:///C:/Users/arida/AppData/Local/Temp/jsreport/autocleanup/04d89f85-d7b0-42d6-b46e-51d40ad94e39-chrome-pdf.html","meta":{"rootId":"fapcm9rnwgl4mm4","id":"fapcm9rnwgl4mm4"},"id":"mxbr2clr9nbj4bo","previousOperationId":"rbioatsaw5ovlmu"}
{"type":"log","timestamp":1705261286915,"level":"debug","message":"Page request: GET (stylesheet) https://cdnjs.cloudflare.com/ajax/libs/metro/4.1.5/css/metro.min.css","meta":{"rootId":"fapcm9rnwgl4mm4","id":"fapcm9rnwgl4mm4"},"id":"26782wgc1pm3ufv","previousOperationId":"rbioatsaw5ovlmu"}
{"type":"log","timestamp":1705261286916,"level":"debug","message":"Page request: GET (script) https://cdnjs.cloudflare.com/ajax/libs/Chart.js/2.7.2/Chart.min.js","meta":{"rootId":"fapcm9rnwgl4mm4","id":"fapcm9rnwgl4mm4"},"id":"pjugzju384v4fxl","previousOperationId":"rbioatsaw5ovlmu"}
{"type":"log","timestamp":1705261286916,"level":"debug","message":"Page request finished: GET (document) 200 file:///C:/Users/arida/AppData/Local/Temp/jsreport/autocleanup/04d89f85-d7b0-42d6-b46e-51d40ad94e39-chrome-pdf.html","meta":{"rootId":"fapcm9rnwgl4mm4","id":"fapcm9rnwgl4mm4"},"id":"eylmfyh94c8h23k","previousOperationId":"rbioatsaw5ovlmu"}
{"type":"log","timestamp":1705261286924,"level":"debug","message":"Page request finished: GET (script) 200 https://cdnjs.cloudflare.com/ajax/libs/Chart.js/2.7.2/Chart.min.js","meta":{"rootId":"fapcm9rnwgl4mm4","id":"fapcm9rnwgl4mm4"},"id":"qtx50hfodyq15be","previousOperationId":"rbioatsaw5ovlmu"}
{"type":"log","timestamp":1705261286941,"level":"debug","message":"Page request finished: GET (stylesheet) 200 https://cdnjs.cloudflare.com/ajax/libs/metro/4.1.5/css/metro.min.css","meta":{"rootId":"fapcm9rnwgl4mm4","id":"fapcm9rnwgl4mm4"},"id":"e2hrnczl0l0xa2c","previousOperationId":"rbioatsaw5ovlmu"}
{"type":"log","timestamp":1705261286947,"level":"warn","message":"Page error: helpers is not defined , stack: ReferenceError: helpers is not defined\n    at <anonymous> (file:///C:/Users/arida/AppData/Local/Temp/jsreport/autocleanup/04d89f85-d7b0-42d6-b46e-51d40ad94e39-chrome-pdf.html:41:9)","meta":{"rootId":"fapcm9rnwgl4mm4","id":"fapcm9rnwgl4mm4"},"id":"q917tvlmjyfug65","previousOperationId":"rbioatsaw5ovlmu"}
{"type":"log","timestamp":1705261286948,"level":"warn","message":"Page error: missing ) after argument list , stack: SyntaxError: missing ) after argument list","meta":{"rootId":"fapcm9rnwgl4mm4","id":"fapcm9rnwgl4mm4"},"id":"ki63da5yrut5elx","previousOperationId":"rbioatsaw5ovlmu"}
{"type":"log","timestamp":1705261286973,"level":"debug","message":"Running chrome with params {\"printBackground\":true,\"marginTop\":\"4cm\",\"marginRight\":\"1.5cm\",\"marginBottom\":\"1.5cm\",\"marginLeft\":\"1.5cm\",\"waitForJS\":false,\"timeout\":59923,\"margin\":{\"top\":\"4cm\",\"right\":\"1.5cm\",\"bottom\":\"1.5cm\",\"left\":\"1.5cm\"}}","meta":{"rootId":"fapcm9rnwgl4mm4","id":"fapcm9rnwgl4mm4"},"id":"fmbmvhue2kmn6io","previousOperationId":"rbioatsaw5ovlmu"}
{"type":"operationEnd","operationId":"rbioatsaw5ovlmu","timestamp":1705261287018,"id":"o4n89619j8snit2","previousEventId":"ch5az5kj8w7yb11","previousOperationId":"rbioatsaw5ovlmu"}
{"type":"log","timestamp":1705261287018,"level":"info","message":"pdf-utils is starting pdf processing","meta":{"rootId":"fapcm9rnwgl4mm4","id":"fapcm9rnwgl4mm4"},"id":"gq57mmfxuoi97cq","previousOperationId":"rbioatsaw5ovlmu"}
{"type":"operationStart","subtype":"pdfUtils","name":"pdf utils","timestamp":1705261287018,"id":"fbb6rrflh98bh3j","previousEventId":"o4n89619j8snit2","operationId":"53l1unru8dvhpaq","previousOperationId":"rbioatsaw5ovlmu"}
{"type":"log","timestamp":1705261287018,"level":"debug","message":"pdf-utils detected 1 pdf operation(s) to process","meta":{"rootId":"fapcm9rnwgl4mm4","id":"fapcm9rnwgl4mm4"},"id":"5r30mnb5mpycvtp","previousOperationId":"53l1unru8dvhpaq"}
{"type":"log","timestamp":1705261287028,"level":"debug","message":"pdf-utils running pdf operation merge","meta":{"rootId":"fapcm9rnwgl4mm4","id":"fapcm9rnwgl4mm4"},"id":"u6rbrydk9vt9dfj","previousOperationId":"53l1unru8dvhpaq"}
{"type":"operationStart","subtype":"pdfUtilsMerge","name":"pdf utils merge","previousOperationId":"53l1unru8dvhpaq","timestamp":1705261287028,"id":"cepfcjtvxxwh7vs","previousEventId":"fbb6rrflh98bh3j","operationId":"rpy9y35hv70w7xp"}
{"type":"operationStart","subtype":"render","name":"orders-header","previousOperationId":"rpy9y35hv70w7xp","timestamp":1705261287030,"id":"fxl7sormm397jg4","previousEventId":"cepfcjtvxxwh7vs","operationId":"utahaani49tm0o5"}
{"type":"log","timestamp":1705261287030,"level":"info","message":"Starting rendering (child) request","meta":{"rootId":"fapcm9rnwgl4mm4","id":"joam3aeh8ofyycx"},"id":"tcpkdwh2gf5uyse","previousOperationId":"utahaani49tm0o5"}
{"type":"log","timestamp":1705261287030,"level":"info","message":"Rendering template { name: orders-header, recipe: chrome-pdf, engine: handlebars, preview: true }","meta":{"rootId":"fapcm9rnwgl4mm4","id":"joam3aeh8ofyycx"},"id":"pcyi2o8reztq3q4","previousOperationId":"utahaani49tm0o5"}
{"type":"log","timestamp":1705261287031,"level":"debug","message":"Inline data specified.","meta":{"rootId":"fapcm9rnwgl4mm4","id":"joam3aeh8ofyycx"},"id":"66y0y5r1imbi0q3","previousOperationId":"utahaani49tm0o5"}
{"type":"log","timestamp":1705261287034,"level":"debug","message":"Base url not specified, skipping its injection.","meta":{"rootId":"fapcm9rnwgl4mm4","id":"joam3aeh8ofyycx"},"id":"2ikxjmlagbaid6m","previousOperationId":"utahaani49tm0o5"}
{"type":"operationStart","subtype":"engine","name":"handlebars","timestamp":1705261287035,"id":"2mjsumlepj2kd6c","previousEventId":"fxl7sormm397jg4","operationId":"zhw6iqw2dtoqt1s","previousOperationId":"utahaani49tm0o5"}
{"type":"log","timestamp":1705261287035,"level":"debug","message":"Rendering engine handlebars","meta":{"rootId":"fapcm9rnwgl4mm4","id":"joam3aeh8ofyycx"},"id":"uwnlsulhuzyxks9","previousOperationId":"zhw6iqw2dtoqt1s"}
{"type":"operationEnd","operationId":"zhw6iqw2dtoqt1s","timestamp":1705261287055,"id":"wygpsotkicrdf2l","previousEventId":"2mjsumlepj2kd6c","previousOperationId":"zhw6iqw2dtoqt1s"}
{"type":"operationStart","subtype":"recipe","name":"chrome-pdf","timestamp":1705261287056,"id":"68wrxxs4f0iy911","previousEventId":"wygpsotkicrdf2l","operationId":"khvo1cwtlnua0cr","previousOperationId":"zhw6iqw2dtoqt1s"}
{"type":"log","timestamp":1705261287056,"level":"debug","message":"Executing recipe chrome-pdf","meta":{"rootId":"fapcm9rnwgl4mm4","id":"joam3aeh8ofyycx"},"id":"aojpxi4m3f4i7e1","previousOperationId":"khvo1cwtlnua0cr"}
{"type":"log","timestamp":1705261287060,"level":"debug","message":"Converting with chrome HeadlessChrome/117.0.5938.149 using chrome-pool strategy","meta":{"rootId":"fapcm9rnwgl4mm4","id":"joam3aeh8ofyycx"},"id":"533ke5ag88ggae9","previousOperationId":"khvo1cwtlnua0cr"}
{"type":"log","timestamp":1705261287193,"level":"debug","message":"Page request: GET (document) file:///C:/Users/arida/AppData/Local/Temp/jsreport/autocleanup/ab29a822-cf94-49e3-840a-78914ab76130-chrome-pdf.html","meta":{"rootId":"fapcm9rnwgl4mm4","id":"joam3aeh8ofyycx"},"id":"cmdj24usdwb4urc","previousOperationId":"khvo1cwtlnua0cr"}
{"type":"log","timestamp":1705261287203,"level":"debug","message":"Page request: GET (stylesheet) https://cdnjs.cloudflare.com/ajax/libs/metro/4.1.5/css/metro.min.css","meta":{"rootId":"fapcm9rnwgl4mm4","id":"joam3aeh8ofyycx"},"id":"i1hwtxo0wbrq13d","previousOperationId":"khvo1cwtlnua0cr"}
{"type":"log","timestamp":1705261287204,"level":"debug","message":"Page request finished: GET (document) 200 file:///C:/Users/arida/AppData/Local/Temp/jsreport/autocleanup/ab29a822-cf94-49e3-840a-78914ab76130-chrome-pdf.html","meta":{"rootId":"fapcm9rnwgl4mm4","id":"joam3aeh8ofyycx"},"id":"dpzirejgujjfcmy","previousOperationId":"khvo1cwtlnua0cr"}
{"type":"log","timestamp":1705261287227,"level":"debug","message":"Page request finished: GET (stylesheet) 200 https://cdnjs.cloudflare.com/ajax/libs/metro/4.1.5/css/metro.min.css","meta":{"rootId":"fapcm9rnwgl4mm4","id":"joam3aeh8ofyycx"},"id":"ssbehc3ws6vlfd1","previousOperationId":"khvo1cwtlnua0cr"}
{"type":"log","timestamp":1705261287249,"level":"debug","message":"Running chrome with params {\"printBackground\":true,\"marginTop\":\"1.5cm\",\"marginRight\":\"1.5cm\",\"marginLeft\":\"1.cm\",\"timeout\":59617,\"margin\":{\"top\":\"1.5cm\",\"right\":\"1.5cm\",\"left\":\"1.cm\"}}","meta":{"rootId":"fapcm9rnwgl4mm4","id":"joam3aeh8ofyycx"},"id":"0gazdq05mj79rk2","previousOperationId":"khvo1cwtlnua0cr"}
{"type":"operationEnd","operationId":"khvo1cwtlnua0cr","timestamp":1705261287295,"id":"xpfawconue4j69l","previousEventId":"68wrxxs4f0iy911","previousOperationId":"khvo1cwtlnua0cr"}
{"type":"log","timestamp":1705261287295,"level":"debug","message":"Skipping storing report.","meta":{"rootId":"fapcm9rnwgl4mm4","id":"joam3aeh8ofyycx"},"id":"bb7a72qmrvj73qc","previousOperationId":"khvo1cwtlnua0cr"}
{"type":"log","timestamp":1705261287295,"level":"info","message":"Rendering (child) request finished in 620 ms","meta":{"rootId":"fapcm9rnwgl4mm4","id":"joam3aeh8ofyycx"},"id":"xkgoo7lpb588pvq","previousOperationId":"khvo1cwtlnua0cr"}
{"type":"operationEnd","subtype":"render","operationId":"utahaani49tm0o5","timestamp":1705261287295,"id":"5pqoxfn3x9j7m2a","previousEventId":"xpfawconue4j69l","previousOperationId":"khvo1cwtlnua0cr"}
{"type":"operationEnd","operationId":"rpy9y35hv70w7xp","timestamp":1705261287307,"id":"muxw17pxpx8nfw0","previousEventId":"cepfcjtvxxwh7vs","previousOperationId":"rpy9y35hv70w7xp"}
{"type":"log","timestamp":1705261287307,"level":"debug","message":"pdf-utils postproces start","meta":{"rootId":"fapcm9rnwgl4mm4","id":"fapcm9rnwgl4mm4"},"id":"i80cg3gh0nf1gqs","previousOperationId":"rpy9y35hv70w7xp"}
{"type":"log","timestamp":1705261287316,"level":"debug","message":"pdf-utils postproces end","meta":{"rootId":"fapcm9rnwgl4mm4","id":"fapcm9rnwgl4mm4"},"id":"myi2896cu9v057e","previousOperationId":"rpy9y35hv70w7xp"}
{"type":"operationEnd","operationId":"53l1unru8dvhpaq","timestamp":1705261287317,"id":"c4v8g1jv07wqs08","previousEventId":"muxw17pxpx8nfw0","previousOperationId":"rpy9y35hv70w7xp"}
{"type":"log","timestamp":1705261287317,"level":"info","message":"pdf-utils pdf processing was finished","meta":{"rootId":"fapcm9rnwgl4mm4","id":"fapcm9rnwgl4mm4"},"id":"ix5jrmdq19rlk1e","previousOperationId":"53l1unru8dvhpaq"}
{"type":"log","timestamp":1705261287317,"level":"debug","message":"Skipping storing report.","meta":{"rootId":"fapcm9rnwgl4mm4","id":"fapcm9rnwgl4mm4"},"id":"be5fn169l5ximvq","previousOperationId":"53l1unru8dvhpaq"}
{"type":"log","timestamp":1705261287317,"level":"info","message":"Rendering request 9 finished in 642 ms","meta":{"rootId":"fapcm9rnwgl4mm4","id":"fapcm9rnwgl4mm4"},"id":"itptfpl1hz1ikng","previousOperationId":"53l1unru8dvhpaq"}
{"type":"operationEnd","subtype":"render","operationId":"37tdq26amhotw4x","timestamp":1705261287317,"id":"nbe18vs6sm76n5i","previousEventId":"c4v8g1jv07wqs08","previousOperationId":"53l1unru8dvhpaq"}
{"type":"operationEnd","doDiffs":false,"previousEventId":"dkljpqqqyojvn7u","previousOperationId":"6glwoug7a48e3s1","operationId":"6glwoug7a48e3s1","timestamp":1705261287334,"id":"fr5isx6noo6q85y"}
