{"type":"operationStart","subtype":"profile","data":{"_id":"MgbQaCJmjRoSAfgX","timestamp":"2024-01-14T19:50:04.583Z","state":"queued","mode":"standard","creationDate":"2024-01-14T19:50:04.587Z","modificationDate":"2024-01-14T19:50:04.587Z","shortid":"raesGFB","$entitySet":"profiles"},"doDiffs":false,"timestamp":1705261804585,"id":"9zbv9fw4fhpwakf","previousOperationId":null,"operationId":"9zben4r7i01n261"}
{"type":"log","level":"info","message":"Render request 7 queued for execution and waiting for available worker","previousOperationId":"9zben4r7i01n261","timestamp":1705261804585,"id":"m8a11ba083k2yef"}
{"type":"operationStart","subtype":"render","name":"orders-main","previousOperationId":"9zben4r7i01n261","timestamp":1705261804604,"id":"ibed39nw9nqdq75","previousEventId":"9zbv9fw4fhpwakf","operationId":"v62l2cva2dl6fa1"}
{"type":"log","timestamp":1705261804604,"level":"info","message":"Starting rendering request 7","meta":{"rootId":"gfr4xjub0tjjkll","id":"gfr4xjub0tjjkll"},"id":"fqufcj9d76rdjyu","previousOperationId":"v62l2cva2dl6fa1"}
{"type":"log","timestamp":1705261804605,"level":"info","message":"Rendering template { name: orders-main, recipe: chrome-pdf, engine: handlebars, preview: true }","meta":{"rootId":"gfr4xjub0tjjkll","id":"gfr4xjub0tjjkll"},"id":"rbbqtu3wsu55102","previousOperationId":"v62l2cva2dl6fa1"}
{"type":"log","timestamp":1705261804606,"level":"debug","message":"Data item not defined for this template.","meta":{"rootId":"gfr4xjub0tjjkll","id":"gfr4xjub0tjjkll"},"id":"u5s62xnb20s13pz","previousOperationId":"v62l2cva2dl6fa1"}
{"type":"log","timestamp":1705261804611,"level":"debug","message":"Executing script orders-script (beforeRender)","meta":{"rootId":"gfr4xjub0tjjkll","id":"gfr4xjub0tjjkll"},"id":"bfb97dblafqre5q","previousOperationId":"v62l2cva2dl6fa1"}
{"type":"operationStart","subtype":"scriptsBeforeRender","name":"scripts beforeRender","timestamp":1705261804621,"id":"b1z1coa42plnkil","previousEventId":"ibed39nw9nqdq75","operationId":"6udqsmse0q1v6zg","previousOperationId":"v62l2cva2dl6fa1"}
{"type":"operationStart","subtype":"script","name":"scripts orders-script","previousOperationId":"6udqsmse0q1v6zg","timestamp":1705261804621,"id":"czjfpj104nf2dj8","previousEventId":"b1z1coa42plnkil","operationId":"y89jkactuofp35b"}
{"type":"operationEnd","operationId":"y89jkactuofp35b","timestamp":1705261804636,"id":"66miyik6bkeik93","previousEventId":"ibed39nw9nqdq75","previousOperationId":"v62l2cva2dl6fa1"}
{"type":"operationEnd","operationId":"6udqsmse0q1v6zg","timestamp":1705261804636,"id":"yz16wwmamsfmg57","previousEventId":"66miyik6bkeik93","previousOperationId":"v62l2cva2dl6fa1"}
{"type":"log","timestamp":1705261804636,"level":"debug","message":"Base url not specified, skipping its injection.","meta":{"rootId":"gfr4xjub0tjjkll","id":"gfr4xjub0tjjkll"},"id":"o13j91g10c9qscq","previousOperationId":"6udqsmse0q1v6zg"}
{"type":"operationStart","subtype":"engine","name":"handlebars","timestamp":1705261804636,"id":"9kd2vb13htp5uvd","previousEventId":"yz16wwmamsfmg57","operationId":"bycn5pym08w17pp","previousOperationId":"6udqsmse0q1v6zg"}
{"type":"log","timestamp":1705261804636,"level":"debug","message":"Rendering engine handlebars","meta":{"rootId":"gfr4xjub0tjjkll","id":"gfr4xjub0tjjkll"},"id":"4dk606wyjjy4xjz","previousOperationId":"bycn5pym08w17pp"}
{"type":"operationEnd","operationId":"bycn5pym08w17pp","timestamp":1705261804655,"id":"22nbs899plqgaow","previousEventId":"9kd2vb13htp5uvd","previousOperationId":"bycn5pym08w17pp"}
{"type":"operationStart","subtype":"recipe","name":"chrome-pdf","timestamp":1705261804655,"id":"phdsu2tdip1bbak","previousEventId":"22nbs899plqgaow","operationId":"jcmn94srv9cpbr4","previousOperationId":"bycn5pym08w17pp"}
{"type":"log","timestamp":1705261804655,"level":"debug","message":"Executing recipe chrome-pdf","meta":{"rootId":"gfr4xjub0tjjkll","id":"gfr4xjub0tjjkll"},"id":"nf7yipp5lizvyp7","previousOperationId":"jcmn94srv9cpbr4"}
{"type":"log","timestamp":1705261804658,"level":"debug","message":"Converting with chrome HeadlessChrome/117.0.5938.149 using chrome-pool strategy","meta":{"rootId":"gfr4xjub0tjjkll","id":"gfr4xjub0tjjkll"},"id":"u86ud8dnanhn0r9","previousOperationId":"jcmn94srv9cpbr4"}
{"type":"log","timestamp":1705261804787,"level":"debug","message":"Page request: GET (document) file:///C:/Users/arida/AppData/Local/Temp/jsreport/autocleanup/d3f960c5-2da2-495b-babc-a39573761ad1-chrome-pdf.html","meta":{"rootId":"gfr4xjub0tjjkll","id":"gfr4xjub0tjjkll"},"id":"bhj43bgksokulgr","previousOperationId":"jcmn94srv9cpbr4"}
{"type":"log","timestamp":1705261804813,"level":"debug","message":"Page request: GET (stylesheet) https://cdnjs.cloudflare.com/ajax/libs/metro/4.1.5/css/metro.min.css","meta":{"rootId":"gfr4xjub0tjjkll","id":"gfr4xjub0tjjkll"},"id":"nnhvav00z0ntm76","previousOperationId":"jcmn94srv9cpbr4"}
{"type":"log","timestamp":1705261804813,"level":"debug","message":"Page request: GET (script) https://cdnjs.cloudflare.com/ajax/libs/Chart.js/2.7.2/Chart.min.js","meta":{"rootId":"gfr4xjub0tjjkll","id":"gfr4xjub0tjjkll"},"id":"2qcv87rapitrex9","previousOperationId":"jcmn94srv9cpbr4"}
{"type":"log","timestamp":1705261804813,"level":"debug","message":"Page request finished: GET (document) 200 file:///C:/Users/arida/AppData/Local/Temp/jsreport/autocleanup/d3f960c5-2da2-495b-babc-a39573761ad1-chrome-pdf.html","meta":{"rootId":"gfr4xjub0tjjkll","id":"gfr4xjub0tjjkll"},"id":"urq6l12cnl16opg","previousOperationId":"jcmn94srv9cpbr4"}
{"type":"log","timestamp":1705261804820,"level":"debug","message":"Page request finished: GET (script) 200 https://cdnjs.cloudflare.com/ajax/libs/Chart.js/2.7.2/Chart.min.js","meta":{"rootId":"gfr4xjub0tjjkll","id":"gfr4xjub0tjjkll"},"id":"wfct4wmmwijmr5t","previousOperationId":"jcmn94srv9cpbr4"}
{"type":"log","timestamp":1705261804833,"level":"debug","message":"Page request finished: GET (stylesheet) 200 https://cdnjs.cloudflare.com/ajax/libs/metro/4.1.5/css/metro.min.css","meta":{"rootId":"gfr4xjub0tjjkll","id":"gfr4xjub0tjjkll"},"id":"64mn4qtq4nfed60","previousOperationId":"jcmn94srv9cpbr4"}
{"type":"log","timestamp":1705261804838,"level":"warn","message":"Page error: \"undefined\" is not valid JSON\nJSON.parse (<anonymous>) , stack: SyntaxError: \"undefined\" is not valid JSON\nJSON.parse (<anonymous>)\n    at <anonymous> (file:///C:/Users/arida/AppData/Local/Temp/jsreport/autocleanup/d3f960c5-2da2-495b-babc-a39573761ad1-chrome-pdf.html:35:12)","meta":{"rootId":"gfr4xjub0tjjkll","id":"gfr4xjub0tjjkll"},"id":"z6l1nyjudzxwblk","previousOperationId":"jcmn94srv9cpbr4"}
{"type":"log","timestamp":1705261804860,"level":"debug","message":"Running chrome with params {\"printBackground\":true,\"marginTop\":\"4cm\",\"marginRight\":\"1.5cm\",\"marginBottom\":\"1.5cm\",\"marginLeft\":\"1.5cm\",\"waitForJS\":false,\"timeout\":59925,\"margin\":{\"top\":\"4cm\",\"right\":\"1.5cm\",\"bottom\":\"1.5cm\",\"left\":\"1.5cm\"}}","meta":{"rootId":"gfr4xjub0tjjkll","id":"gfr4xjub0tjjkll"},"id":"edk5sxct02f5laj","previousOperationId":"jcmn94srv9cpbr4"}
{"type":"operationEnd","operationId":"jcmn94srv9cpbr4","timestamp":1705261804910,"id":"2z398j0eu44ia6i","previousEventId":"phdsu2tdip1bbak","previousOperationId":"jcmn94srv9cpbr4"}
{"type":"log","timestamp":1705261804910,"level":"info","message":"pdf-utils is starting pdf processing","meta":{"rootId":"gfr4xjub0tjjkll","id":"gfr4xjub0tjjkll"},"id":"ch5p59s6pgnqro6","previousOperationId":"jcmn94srv9cpbr4"}
{"type":"operationStart","subtype":"pdfUtils","name":"pdf utils","timestamp":1705261804910,"id":"qijql349snbzapr","previousEventId":"2z398j0eu44ia6i","operationId":"7ouk9c1d50byddk","previousOperationId":"jcmn94srv9cpbr4"}
{"type":"log","timestamp":1705261804910,"level":"debug","message":"pdf-utils detected 1 pdf operation(s) to process","meta":{"rootId":"gfr4xjub0tjjkll","id":"gfr4xjub0tjjkll"},"id":"lbczvfrezk8ym1e","previousOperationId":"7ouk9c1d50byddk"}
{"type":"log","timestamp":1705261804920,"level":"debug","message":"pdf-utils running pdf operation merge","meta":{"rootId":"gfr4xjub0tjjkll","id":"gfr4xjub0tjjkll"},"id":"2wt8ebo94q29xwp","previousOperationId":"7ouk9c1d50byddk"}
{"type":"operationStart","subtype":"pdfUtilsMerge","name":"pdf utils merge","previousOperationId":"7ouk9c1d50byddk","timestamp":1705261804920,"id":"zaadgxocj6t0hyu","previousEventId":"qijql349snbzapr","operationId":"pc50p713pt6wov1"}
{"type":"operationStart","subtype":"render","name":"orders-header","previousOperationId":"pc50p713pt6wov1","timestamp":1705261804921,"id":"bs6x3w22a3n18is","previousEventId":"zaadgxocj6t0hyu","operationId":"h694n0qt2i10u06"}
{"type":"log","timestamp":1705261804921,"level":"info","message":"Starting rendering (child) request","meta":{"rootId":"gfr4xjub0tjjkll","id":"ihkwxw3d3tjt25v"},"id":"tvj4m20ybk8lhf9","previousOperationId":"h694n0qt2i10u06"}
{"type":"log","timestamp":1705261804921,"level":"info","message":"Rendering template { name: orders-header, recipe: chrome-pdf, engine: handlebars, preview: true }","meta":{"rootId":"gfr4xjub0tjjkll","id":"ihkwxw3d3tjt25v"},"id":"85yr20tji190f6c","previousOperationId":"h694n0qt2i10u06"}
{"type":"log","timestamp":1705261804923,"level":"debug","message":"Inline data specified.","meta":{"rootId":"gfr4xjub0tjjkll","id":"ihkwxw3d3tjt25v"},"id":"hrrd4r6fwolni1f","previousOperationId":"h694n0qt2i10u06"}
{"type":"log","timestamp":1705261804928,"level":"debug","message":"Base url not specified, skipping its injection.","meta":{"rootId":"gfr4xjub0tjjkll","id":"ihkwxw3d3tjt25v"},"id":"ormc7f09u8ry85n","previousOperationId":"h694n0qt2i10u06"}
{"type":"operationStart","subtype":"engine","name":"handlebars","timestamp":1705261804928,"id":"xlrudhgcuxmi3y9","previousEventId":"bs6x3w22a3n18is","operationId":"sm9uxepkf5o86gb","previousOperationId":"h694n0qt2i10u06"}
{"type":"log","timestamp":1705261804928,"level":"debug","message":"Rendering engine handlebars","meta":{"rootId":"gfr4xjub0tjjkll","id":"ihkwxw3d3tjt25v"},"id":"zsxuhh6itdjtv03","previousOperationId":"sm9uxepkf5o86gb"}
{"type":"operationEnd","operationId":"sm9uxepkf5o86gb","timestamp":1705261804952,"id":"wzln54egqnx39zq","previousEventId":"xlrudhgcuxmi3y9","previousOperationId":"sm9uxepkf5o86gb"}
{"type":"operationStart","subtype":"recipe","name":"chrome-pdf","timestamp":1705261804952,"id":"ud50d8t39eozk2v","previousEventId":"wzln54egqnx39zq","operationId":"7pa1xvmeadqcjwx","previousOperationId":"sm9uxepkf5o86gb"}
{"type":"log","timestamp":1705261804952,"level":"debug","message":"Executing recipe chrome-pdf","meta":{"rootId":"gfr4xjub0tjjkll","id":"ihkwxw3d3tjt25v"},"id":"9klnpxjh2cgfh43","previousOperationId":"7pa1xvmeadqcjwx"}
{"type":"log","timestamp":1705261804955,"level":"debug","message":"Converting with chrome HeadlessChrome/117.0.5938.149 using chrome-pool strategy","meta":{"rootId":"gfr4xjub0tjjkll","id":"ihkwxw3d3tjt25v"},"id":"x0n3r18a4okexmw","previousOperationId":"7pa1xvmeadqcjwx"}
{"type":"log","timestamp":1705261805084,"level":"debug","message":"Page request: GET (document) file:///C:/Users/arida/AppData/Local/Temp/jsreport/autocleanup/49c146a2-1a9d-476c-a7dd-92b2d6fa656b-chrome-pdf.html","meta":{"rootId":"gfr4xjub0tjjkll","id":"ihkwxw3d3tjt25v"},"id":"mto6s2a9c8nxpt4","previousOperationId":"7pa1xvmeadqcjwx"}
{"type":"log","timestamp":1705261805096,"level":"debug","message":"Page request: GET (stylesheet) https://cdnjs.cloudflare.com/ajax/libs/metro/4.1.5/css/metro.min.css","meta":{"rootId":"gfr4xjub0tjjkll","id":"ihkwxw3d3tjt25v"},"id":"e3i7fsz8157opjj","previousOperationId":"7pa1xvmeadqcjwx"}
{"type":"log","timestamp":1705261805096,"level":"debug","message":"Page request finished: GET (document) 200 file:///C:/Users/arida/AppData/Local/Temp/jsreport/autocleanup/49c146a2-1a9d-476c-a7dd-92b2d6fa656b-chrome-pdf.html","meta":{"rootId":"gfr4xjub0tjjkll","id":"ihkwxw3d3tjt25v"},"id":"vta4qh6tf8eriit","previousOperationId":"7pa1xvmeadqcjwx"}
{"type":"log","timestamp":1705261805118,"level":"debug","message":"Page request finished: GET (stylesheet) 200 https://cdnjs.cloudflare.com/ajax/libs/metro/4.1.5/css/metro.min.css","meta":{"rootId":"gfr4xjub0tjjkll","id":"ihkwxw3d3tjt25v"},"id":"qy7ypuiok3bjh4j","previousOperationId":"7pa1xvmeadqcjwx"}
{"type":"log","timestamp":1705261805139,"level":"debug","message":"Running chrome with params {\"printBackground\":true,\"marginTop\":\"1.5cm\",\"marginRight\":\"1.5cm\",\"marginLeft\":\"1.cm\",\"timeout\":59629,\"margin\":{\"top\":\"1.5cm\",\"right\":\"1.5cm\",\"left\":\"1.cm\"}}","meta":{"rootId":"gfr4xjub0tjjkll","id":"ihkwxw3d3tjt25v"},"id":"5ffiy34ym2a2u8n","previousOperationId":"7pa1xvmeadqcjwx"}
{"type":"operationEnd","operationId":"7pa1xvmeadqcjwx","timestamp":1705261805184,"id":"w0aflwtxgtybpzb","previousEventId":"ud50d8t39eozk2v","previousOperationId":"7pa1xvmeadqcjwx"}
{"type":"log","timestamp":1705261805184,"level":"debug","message":"Skipping storing report.","meta":{"rootId":"gfr4xjub0tjjkll","id":"ihkwxw3d3tjt25v"},"id":"btenzhtst72ius1","previousOperationId":"7pa1xvmeadqcjwx"}
{"type":"log","timestamp":1705261805184,"level":"info","message":"Rendering (child) request finished in 601 ms","meta":{"rootId":"gfr4xjub0tjjkll","id":"ihkwxw3d3tjt25v"},"id":"bfauyd8f32wt7oy","previousOperationId":"7pa1xvmeadqcjwx"}
{"type":"operationEnd","subtype":"render","operationId":"h694n0qt2i10u06","timestamp":1705261805184,"id":"tki06mf438ssenr","previousEventId":"w0aflwtxgtybpzb","previousOperationId":"7pa1xvmeadqcjwx"}
{"type":"operationEnd","operationId":"pc50p713pt6wov1","timestamp":1705261805194,"id":"buvynps3fwvjetp","previousEventId":"zaadgxocj6t0hyu","previousOperationId":"pc50p713pt6wov1"}
{"type":"log","timestamp":1705261805194,"level":"debug","message":"pdf-utils postproces start","meta":{"rootId":"gfr4xjub0tjjkll","id":"gfr4xjub0tjjkll"},"id":"5c2528ddgvw6yuc","previousOperationId":"pc50p713pt6wov1"}
{"type":"log","timestamp":1705261805203,"level":"debug","message":"pdf-utils postproces end","meta":{"rootId":"gfr4xjub0tjjkll","id":"gfr4xjub0tjjkll"},"id":"i9yic4qkzd19wdl","previousOperationId":"pc50p713pt6wov1"}
{"type":"operationEnd","operationId":"7ouk9c1d50byddk","timestamp":1705261805203,"id":"s1pxiv06y3lghr9","previousEventId":"buvynps3fwvjetp","previousOperationId":"pc50p713pt6wov1"}
{"type":"log","timestamp":1705261805203,"level":"info","message":"pdf-utils pdf processing was finished","meta":{"rootId":"gfr4xjub0tjjkll","id":"gfr4xjub0tjjkll"},"id":"l3rxjj2djh22usc","previousOperationId":"7ouk9c1d50byddk"}
{"type":"log","timestamp":1705261805203,"level":"debug","message":"Skipping storing report.","meta":{"rootId":"gfr4xjub0tjjkll","id":"gfr4xjub0tjjkll"},"id":"fvf86xje5qjhqxh","previousOperationId":"7ouk9c1d50byddk"}
{"type":"log","timestamp":1705261805203,"level":"info","message":"Rendering request 7 finished in 620 ms","meta":{"rootId":"gfr4xjub0tjjkll","id":"gfr4xjub0tjjkll"},"id":"aojgvsw46xt4b02","previousOperationId":"7ouk9c1d50byddk"}
{"type":"operationEnd","subtype":"render","operationId":"v62l2cva2dl6fa1","timestamp":1705261805203,"id":"9lo6wdbl5f25gy9","previousEventId":"s1pxiv06y3lghr9","previousOperationId":"7ouk9c1d50byddk"}
{"type":"operationEnd","doDiffs":false,"previousEventId":"9zbv9fw4fhpwakf","previousOperationId":"9zben4r7i01n261","operationId":"9zben4r7i01n261","timestamp":1705261805217,"id":"6foeqdigc73tjwl"}
