{"type":"operationStart","subtype":"profile","data":{"_id":"q1PQvlT6BvVERKwa","timestamp":"2024-01-14T17:52:02.433Z","state":"queued","mode":"standard","creationDate":"2024-01-14T17:52:02.443Z","modificationDate":"2024-01-14T17:52:02.443Z","shortid":"ZoN3aSd","$entitySet":"profiles"},"doDiffs":false,"timestamp":1705254722436,"id":"warzsu2lshkat4i","previousOperationId":null,"operationId":"lslopknrdmap6k2"}
{"type":"log","level":"info","message":"Render request 1 queued for execution and waiting for available worker","previousOperationId":"lslopknrdmap6k2","timestamp":1705254722439,"id":"7j23xt9kmrztxyg"}
{"type":"operationStart","subtype":"render","name":"orders-main","previousOperationId":"lslopknrdmap6k2","timestamp":1705254722499,"id":"84ocdooqbw4728a","previousEventId":"warzsu2lshkat4i","operationId":"0mels4af2hr7ike"}
{"type":"log","timestamp":1705254722501,"level":"info","message":"Starting rendering request 1","meta":{"rootId":"grdwh5defsup62e","id":"grdwh5defsup62e"},"id":"j2cr6197zfy51lj","previousOperationId":"0mels4af2hr7ike"}
{"type":"log","timestamp":1705254722502,"level":"info","message":"Rendering template { name: orders-main, recipe: chrome-pdf, engine: handlebars, preview: true }","meta":{"rootId":"grdwh5defsup62e","id":"grdwh5defsup62e"},"id":"qv6gfizjhr6g1sc","previousOperationId":"0mels4af2hr7ike"}
{"type":"log","timestamp":1705254722506,"level":"debug","message":"Data item not defined for this template.","meta":{"rootId":"grdwh5defsup62e","id":"grdwh5defsup62e"},"id":"n29cn564xqdzpq0","previousOperationId":"0mels4af2hr7ike"}
{"type":"log","timestamp":1705254722516,"level":"debug","message":"Executing script orders-script (beforeRender)","meta":{"rootId":"grdwh5defsup62e","id":"grdwh5defsup62e"},"id":"1oilr1z7oea4gza","previousOperationId":"0mels4af2hr7ike"}
{"type":"operationStart","subtype":"scriptsBeforeRender","name":"scripts beforeRender","timestamp":1705254722885,"id":"c7xne7kiwhcy7sn","previousEventId":"84ocdooqbw4728a","operationId":"915udy5uuy4rqjf","previousOperationId":"0mels4af2hr7ike"}
{"type":"operationStart","subtype":"script","name":"scripts orders-script","previousOperationId":"915udy5uuy4rqjf","timestamp":1705254722885,"id":"2tqbl7lc78npxzb","previousEventId":"c7xne7kiwhcy7sn","operationId":"tws4sqt7o0qsyy2"}
{"type":"log","timestamp":1705254722930,"level":"debug","message":"(console:log) [\n  { numEvento: 3, name: 'Ingenio' },\n  { numEvento: 0, name: 'Las Palmas' }\n]","meta":{"userLevel":true,"rootId":"grdwh5defsup62e","id":"grdwh5defsup62e"},"id":"le2gtuo87mvu9un","previousOperationId":"tws4sqt7o0qsyy2"}
{"type":"operationEnd","operationId":"tws4sqt7o0qsyy2","timestamp":1705254722931,"id":"ovbmfa0dzdku4yb","previousEventId":"84ocdooqbw4728a","previousOperationId":"0mels4af2hr7ike"}
{"type":"operationEnd","operationId":"915udy5uuy4rqjf","timestamp":1705254722931,"id":"w7cuj80ul3m7aro","previousEventId":"ovbmfa0dzdku4yb","previousOperationId":"0mels4af2hr7ike"}
{"type":"log","timestamp":1705254722931,"level":"debug","message":"Base url not specified, skipping its injection.","meta":{"rootId":"grdwh5defsup62e","id":"grdwh5defsup62e"},"id":"np5dzpltepdigeo","previousOperationId":"915udy5uuy4rqjf"}
{"type":"operationStart","subtype":"engine","name":"handlebars","timestamp":1705254722932,"id":"cqtd8bgirght9w6","previousEventId":"w7cuj80ul3m7aro","operationId":"xmixps23cl3lfqm","previousOperationId":"915udy5uuy4rqjf"}
{"type":"log","timestamp":1705254722932,"level":"debug","message":"Rendering engine handlebars","meta":{"rootId":"grdwh5defsup62e","id":"grdwh5defsup62e"},"id":"pez3t8vfxj3oofg","previousOperationId":"xmixps23cl3lfqm"}
{"type":"operationEnd","operationId":"xmixps23cl3lfqm","timestamp":1705254723388,"id":"ty9hfldinuzcqfp","previousEventId":"cqtd8bgirght9w6","previousOperationId":"xmixps23cl3lfqm"}
{"type":"operationStart","subtype":"recipe","name":"chrome-pdf","timestamp":1705254723389,"id":"qn64wa5f18hk6t0","previousEventId":"ty9hfldinuzcqfp","operationId":"nng9izt1fzuttbh","previousOperationId":"xmixps23cl3lfqm"}
{"type":"log","timestamp":1705254723389,"level":"debug","message":"Executing recipe chrome-pdf","meta":{"rootId":"grdwh5defsup62e","id":"grdwh5defsup62e"},"id":"tg14fm7z7wxqg7r","previousOperationId":"nng9izt1fzuttbh"}
{"type":"log","timestamp":1705254724386,"level":"debug","message":"Converting with chrome HeadlessChrome/117.0.5938.149 using chrome-pool strategy","meta":{"rootId":"grdwh5defsup62e","id":"grdwh5defsup62e"},"id":"nr41x68alavqw49","previousOperationId":"nng9izt1fzuttbh"}
{"type":"log","timestamp":1705254724609,"level":"debug","message":"Page request: GET (document) file:///C:/Users/arida/AppData/Local/Temp/jsreport/autocleanup/ecae343d-15fd-4efe-a0d9-aa2ea8e0c6fa-chrome-pdf.html","meta":{"rootId":"grdwh5defsup62e","id":"grdwh5defsup62e"},"id":"wx7xrfse1j3ejb0","previousOperationId":"nng9izt1fzuttbh"}
{"type":"log","timestamp":1705254724624,"level":"debug","message":"Page request: GET (stylesheet) https://cdnjs.cloudflare.com/ajax/libs/metro/4.1.5/css/metro.min.css","meta":{"rootId":"grdwh5defsup62e","id":"grdwh5defsup62e"},"id":"seqje29opw2vq4g","previousOperationId":"nng9izt1fzuttbh"}
{"type":"log","timestamp":1705254724625,"level":"debug","message":"Page request: GET (script) https://cdnjs.cloudflare.com/ajax/libs/Chart.js/2.7.2/Chart.min.js","meta":{"rootId":"grdwh5defsup62e","id":"grdwh5defsup62e"},"id":"pexzezw1deybkks","previousOperationId":"nng9izt1fzuttbh"}
{"type":"log","timestamp":1705254724626,"level":"debug","message":"Page request finished: GET (document) 200 file:///C:/Users/arida/AppData/Local/Temp/jsreport/autocleanup/ecae343d-15fd-4efe-a0d9-aa2ea8e0c6fa-chrome-pdf.html","meta":{"rootId":"grdwh5defsup62e","id":"grdwh5defsup62e"},"id":"xenr2ayxcx1jzyh","previousOperationId":"nng9izt1fzuttbh"}
{"type":"log","timestamp":1705254724902,"level":"debug","message":"Page request finished: GET (stylesheet) 200 https://cdnjs.cloudflare.com/ajax/libs/metro/4.1.5/css/metro.min.css","meta":{"rootId":"grdwh5defsup62e","id":"grdwh5defsup62e"},"id":"3apcj2fnhv6d0nz","previousOperationId":"nng9izt1fzuttbh"}
{"type":"log","timestamp":1705254724917,"level":"debug","message":"Page request finished: GET (script) 200 https://cdnjs.cloudflare.com/ajax/libs/Chart.js/2.7.2/Chart.min.js","meta":{"rootId":"grdwh5defsup62e","id":"grdwh5defsup62e"},"id":"rlu6rafqweqs89h","previousOperationId":"nng9izt1fzuttbh"}
{"type":"log","timestamp":1705254724934,"level":"debug","message":"Running chrome with params {\"printBackground\":true,\"marginTop\":\"4cm\",\"marginRight\":\"1.5cm\",\"marginBottom\":\"1.5cm\",\"marginLeft\":\"1.5cm\",\"waitForJS\":false,\"timeout\":58337,\"margin\":{\"top\":\"4cm\",\"right\":\"1.5cm\",\"bottom\":\"1.5cm\",\"left\":\"1.5cm\"}}","meta":{"rootId":"grdwh5defsup62e","id":"grdwh5defsup62e"},"id":"7amjblqi5xra2q3","previousOperationId":"nng9izt1fzuttbh"}
{"type":"operationEnd","operationId":"nng9izt1fzuttbh","timestamp":1705254724959,"id":"z69dhqsjdcmrpee","previousEventId":"qn64wa5f18hk6t0","previousOperationId":"nng9izt1fzuttbh"}
{"type":"log","timestamp":1705254724960,"level":"info","message":"pdf-utils is starting pdf processing","meta":{"rootId":"grdwh5defsup62e","id":"grdwh5defsup62e"},"id":"c5xvve9m7q1q9qe","previousOperationId":"nng9izt1fzuttbh"}
{"type":"operationStart","subtype":"pdfUtils","name":"pdf utils","timestamp":1705254725229,"id":"ptoz2nwko2rv6gu","previousEventId":"z69dhqsjdcmrpee","operationId":"u96mu2r4sfykv6z","previousOperationId":"nng9izt1fzuttbh"}
{"type":"log","timestamp":1705254725229,"level":"debug","message":"pdf-utils detected 1 pdf operation(s) to process","meta":{"rootId":"grdwh5defsup62e","id":"grdwh5defsup62e"},"id":"hlz073fbq6c5tuj","previousOperationId":"u96mu2r4sfykv6z"}
{"type":"log","timestamp":1705254725491,"level":"debug","message":"pdf-utils running pdf operation merge","meta":{"rootId":"grdwh5defsup62e","id":"grdwh5defsup62e"},"id":"211f7i9xf7qccbg","previousOperationId":"u96mu2r4sfykv6z"}
{"type":"operationStart","subtype":"pdfUtilsMerge","name":"pdf utils merge","previousOperationId":"u96mu2r4sfykv6z","timestamp":1705254725491,"id":"6dga91ahhujofx6","previousEventId":"ptoz2nwko2rv6gu","operationId":"zdzp8hpapt6mw5i"}
{"type":"operationStart","subtype":"render","name":"orders-header","previousOperationId":"zdzp8hpapt6mw5i","timestamp":1705254725492,"id":"2wo1w7dxhkj2vet","previousEventId":"6dga91ahhujofx6","operationId":"de0htih9jttf46f"}
{"type":"log","timestamp":1705254725492,"level":"info","message":"Starting rendering (child) request","meta":{"rootId":"grdwh5defsup62e","id":"u5lb4vb8wbl1ibo"},"id":"lb8jxpsf8946z83","previousOperationId":"de0htih9jttf46f"}
{"type":"log","timestamp":1705254725492,"level":"info","message":"Rendering template { name: orders-header, recipe: chrome-pdf, engine: handlebars, preview: true }","meta":{"rootId":"grdwh5defsup62e","id":"u5lb4vb8wbl1ibo"},"id":"zsvvl5dgby69lpy","previousOperationId":"de0htih9jttf46f"}
{"type":"log","timestamp":1705254725508,"level":"debug","message":"Inline data specified.","meta":{"rootId":"grdwh5defsup62e","id":"u5lb4vb8wbl1ibo"},"id":"kuivm6z8c9j2yhr","previousOperationId":"de0htih9jttf46f"}
{"type":"log","timestamp":1705254725511,"level":"debug","message":"Base url not specified, skipping its injection.","meta":{"rootId":"grdwh5defsup62e","id":"u5lb4vb8wbl1ibo"},"id":"yq7y4qj0uymbjb9","previousOperationId":"de0htih9jttf46f"}
{"type":"operationStart","subtype":"engine","name":"handlebars","timestamp":1705254725511,"id":"2iu4epr10kz0iuv","previousEventId":"2wo1w7dxhkj2vet","operationId":"2huf2xf0ttuor1a","previousOperationId":"de0htih9jttf46f"}
{"type":"log","timestamp":1705254725511,"level":"debug","message":"Rendering engine handlebars","meta":{"rootId":"grdwh5defsup62e","id":"u5lb4vb8wbl1ibo"},"id":"rtftbtz91nymqo6","previousOperationId":"2huf2xf0ttuor1a"}
{"type":"operationEnd","operationId":"2huf2xf0ttuor1a","timestamp":1705254725583,"id":"0wltaera5bw0t1i","previousEventId":"2iu4epr10kz0iuv","previousOperationId":"2huf2xf0ttuor1a"}
{"type":"operationStart","subtype":"recipe","name":"chrome-pdf","timestamp":1705254725584,"id":"3a9kjz4qmrd234c","previousEventId":"0wltaera5bw0t1i","operationId":"99ptghkn3mr8w9e","previousOperationId":"2huf2xf0ttuor1a"}
{"type":"log","timestamp":1705254725584,"level":"debug","message":"Executing recipe chrome-pdf","meta":{"rootId":"grdwh5defsup62e","id":"u5lb4vb8wbl1ibo"},"id":"2asxfa1be2d82b0","previousOperationId":"99ptghkn3mr8w9e"}
{"type":"log","timestamp":1705254725588,"level":"debug","message":"Converting with chrome HeadlessChrome/117.0.5938.149 using chrome-pool strategy","meta":{"rootId":"grdwh5defsup62e","id":"u5lb4vb8wbl1ibo"},"id":"akvnlcempem226m","previousOperationId":"99ptghkn3mr8w9e"}
{"type":"log","timestamp":1705254725718,"level":"debug","message":"Page request: GET (document) file:///C:/Users/arida/AppData/Local/Temp/jsreport/autocleanup/faf31958-8628-419a-9283-23ff0a88d284-chrome-pdf.html","meta":{"rootId":"grdwh5defsup62e","id":"u5lb4vb8wbl1ibo"},"id":"fnl6ios0axpjyep","previousOperationId":"99ptghkn3mr8w9e"}
{"type":"log","timestamp":1705254725728,"level":"debug","message":"Page request: GET (stylesheet) https://cdnjs.cloudflare.com/ajax/libs/metro/4.1.5/css/metro.min.css","meta":{"rootId":"grdwh5defsup62e","id":"u5lb4vb8wbl1ibo"},"id":"nj2gg16srkmoq8x","previousOperationId":"99ptghkn3mr8w9e"}
{"type":"log","timestamp":1705254725729,"level":"debug","message":"Page request finished: GET (document) 200 file:///C:/Users/arida/AppData/Local/Temp/jsreport/autocleanup/faf31958-8628-419a-9283-23ff0a88d284-chrome-pdf.html","meta":{"rootId":"grdwh5defsup62e","id":"u5lb4vb8wbl1ibo"},"id":"ewm9o0stsl6lbzu","previousOperationId":"99ptghkn3mr8w9e"}
{"type":"log","timestamp":1705254725750,"level":"debug","message":"Page request finished: GET (stylesheet) 200 https://cdnjs.cloudflare.com/ajax/libs/metro/4.1.5/css/metro.min.css","meta":{"rootId":"grdwh5defsup62e","id":"u5lb4vb8wbl1ibo"},"id":"ja8de2ykj84lrno","previousOperationId":"99ptghkn3mr8w9e"}
{"type":"log","timestamp":1705254725771,"level":"debug","message":"Running chrome with params {\"printBackground\":true,\"marginTop\":\"1.5cm\",\"marginRight\":\"1.5cm\",\"marginLeft\":\"1.cm\",\"timeout\":56844,\"margin\":{\"top\":\"1.5cm\",\"right\":\"1.5cm\",\"left\":\"1.cm\"}}","meta":{"rootId":"grdwh5defsup62e","id":"u5lb4vb8wbl1ibo"},"id":"w5s65pn5us82fkq","previousOperationId":"99ptghkn3mr8w9e"}
{"type":"operationEnd","operationId":"99ptghkn3mr8w9e","timestamp":1705254725804,"id":"3u84l0gpp4oigei","previousEventId":"3a9kjz4qmrd234c","previousOperationId":"99ptghkn3mr8w9e"}
{"type":"log","timestamp":1705254725805,"level":"debug","message":"Skipping storing report.","meta":{"rootId":"grdwh5defsup62e","id":"u5lb4vb8wbl1ibo"},"id":"tsvjhcd8lykeypz","previousOperationId":"99ptghkn3mr8w9e"}
{"type":"log","timestamp":1705254725805,"level":"info","message":"Rendering (child) request finished in 3373 ms","meta":{"rootId":"grdwh5defsup62e","id":"u5lb4vb8wbl1ibo"},"id":"pu72p73e56t1amv","previousOperationId":"99ptghkn3mr8w9e"}
{"type":"operationEnd","subtype":"render","operationId":"de0htih9jttf46f","timestamp":1705254725806,"id":"jgn2k0tysm0nmdu","previousEventId":"3u84l0gpp4oigei","previousOperationId":"99ptghkn3mr8w9e"}
{"type":"operationEnd","operationId":"zdzp8hpapt6mw5i","timestamp":1705254725830,"id":"rkc87ikft8mm51g","previousEventId":"6dga91ahhujofx6","previousOperationId":"zdzp8hpapt6mw5i"}
{"type":"log","timestamp":1705254725830,"level":"debug","message":"pdf-utils postproces start","meta":{"rootId":"grdwh5defsup62e","id":"grdwh5defsup62e"},"id":"jftoh6ma7cntm96","previousOperationId":"zdzp8hpapt6mw5i"}
{"type":"log","timestamp":1705254725840,"level":"debug","message":"pdf-utils postproces end","meta":{"rootId":"grdwh5defsup62e","id":"grdwh5defsup62e"},"id":"9j9dbtjcdpw6cs6","previousOperationId":"zdzp8hpapt6mw5i"}
{"type":"operationEnd","operationId":"u96mu2r4sfykv6z","timestamp":1705254725840,"id":"qitte15cav2som8","previousEventId":"rkc87ikft8mm51g","previousOperationId":"zdzp8hpapt6mw5i"}
{"type":"log","timestamp":1705254725840,"level":"info","message":"pdf-utils pdf processing was finished","meta":{"rootId":"grdwh5defsup62e","id":"grdwh5defsup62e"},"id":"p15zn7equqp0wu3","previousOperationId":"u96mu2r4sfykv6z"}
{"type":"log","timestamp":1705254725840,"level":"debug","message":"Skipping storing report.","meta":{"rootId":"grdwh5defsup62e","id":"grdwh5defsup62e"},"id":"oa64g2zc3k09ict","previousOperationId":"u96mu2r4sfykv6z"}
{"type":"log","timestamp":1705254725840,"level":"info","message":"Rendering request 1 finished in 3408 ms","meta":{"rootId":"grdwh5defsup62e","id":"grdwh5defsup62e"},"id":"zjw427iv932xdap","previousOperationId":"u96mu2r4sfykv6z"}
{"type":"operationEnd","subtype":"render","operationId":"0mels4af2hr7ike","timestamp":1705254725840,"id":"cacimr9adxrfmuc","previousEventId":"qitte15cav2som8","previousOperationId":"u96mu2r4sfykv6z"}
{"type":"operationEnd","doDiffs":false,"previousEventId":"warzsu2lshkat4i","previousOperationId":"lslopknrdmap6k2","operationId":"lslopknrdmap6k2","timestamp":1705254725854,"id":"715l27nxbmh6mrx"}
