{"type":"operationStart","subtype":"profile","data":{"_id":"wvyb2CW1LKFsgsqr","timestamp":"2024-01-14T20:48:55.206Z","state":"queued","mode":"standard","creationDate":"2024-01-14T20:48:55.209Z","modificationDate":"2024-01-14T20:48:55.209Z","shortid":"SuTzQYC","$entitySet":"profiles"},"doDiffs":false,"timestamp":1705265335207,"id":"47hotzv9o2fo7mu","previousOperationId":null,"operationId":"sf9tld2pi0v8dw9"}
{"type":"log","level":"info","message":"Render request 14 queued for execution and waiting for available worker","previousOperationId":"sf9tld2pi0v8dw9","timestamp":1705265335208,"id":"tvjyrrgq9kkqm2b"}
{"type":"operationStart","subtype":"render","name":"orders-main","previousOperationId":"sf9tld2pi0v8dw9","timestamp":1705265335224,"id":"pbjwwkrjzp03u0h","previousEventId":"47hotzv9o2fo7mu","operationId":"v8r2zph3916dqu0"}
{"type":"log","timestamp":1705265335225,"level":"info","message":"Starting rendering request 14","meta":{"rootId":"hat0focpngwqaig","id":"hat0focpngwqaig"},"id":"6urjt8yt7d6xvqu","previousOperationId":"v8r2zph3916dqu0"}
{"type":"log","timestamp":1705265335225,"level":"info","message":"Rendering template { name: orders-main, recipe: chrome-pdf, engine: handlebars, preview: true }","meta":{"rootId":"hat0focpngwqaig","id":"hat0focpngwqaig"},"id":"l70e6zt4ruy684o","previousOperationId":"v8r2zph3916dqu0"}
{"type":"log","timestamp":1705265335226,"level":"debug","message":"Data item not defined for this template.","meta":{"rootId":"hat0focpngwqaig","id":"hat0focpngwqaig"},"id":"rruheali3irnib3","previousOperationId":"v8r2zph3916dqu0"}
{"type":"log","timestamp":1705265335230,"level":"debug","message":"Executing script orders-script (beforeRender)","meta":{"rootId":"hat0focpngwqaig","id":"hat0focpngwqaig"},"id":"89ie9radhkjd8st","previousOperationId":"v8r2zph3916dqu0"}
{"type":"operationStart","subtype":"scriptsBeforeRender","name":"scripts beforeRender","timestamp":1705265335238,"id":"z9fi8ku4gjdkwyn","previousEventId":"pbjwwkrjzp03u0h","operationId":"dbnn7ek7x55l1nc","previousOperationId":"v8r2zph3916dqu0"}
{"type":"operationStart","subtype":"script","name":"scripts orders-script","previousOperationId":"dbnn7ek7x55l1nc","timestamp":1705265335238,"id":"2f1mdfthn5mzy9a","previousEventId":"z9fi8ku4gjdkwyn","operationId":"dapio1pbj0d5lz3"}
{"type":"operationEnd","operationId":"dapio1pbj0d5lz3","timestamp":1705265335249,"id":"dcgeee3x4e3pfmw","previousEventId":"pbjwwkrjzp03u0h","previousOperationId":"v8r2zph3916dqu0"}
{"type":"operationEnd","operationId":"dbnn7ek7x55l1nc","timestamp":1705265335249,"id":"jq7hrci1intakjj","previousEventId":"dcgeee3x4e3pfmw","previousOperationId":"v8r2zph3916dqu0"}
{"type":"log","timestamp":1705265335249,"level":"debug","message":"Base url not specified, skipping its injection.","meta":{"rootId":"hat0focpngwqaig","id":"hat0focpngwqaig"},"id":"qsrjbtawfrcm0wp","previousOperationId":"dbnn7ek7x55l1nc"}
{"type":"operationStart","subtype":"engine","name":"handlebars","timestamp":1705265335249,"id":"u529bzey514huqb","previousEventId":"jq7hrci1intakjj","operationId":"rqaugelywck15pu","previousOperationId":"dbnn7ek7x55l1nc"}
{"type":"log","timestamp":1705265335249,"level":"debug","message":"Rendering engine handlebars","meta":{"rootId":"hat0focpngwqaig","id":"hat0focpngwqaig"},"id":"9fg9pu3arxmvvj6","previousOperationId":"rqaugelywck15pu"}
{"type":"operationEnd","operationId":"rqaugelywck15pu","timestamp":1705265335266,"id":"jvh5edum947fq6m","previousEventId":"u529bzey514huqb","previousOperationId":"rqaugelywck15pu"}
{"type":"operationStart","subtype":"recipe","name":"chrome-pdf","timestamp":1705265335266,"id":"y8jnt362409babm","previousEventId":"jvh5edum947fq6m","operationId":"tv86ehe8s61o1vb","previousOperationId":"rqaugelywck15pu"}
{"type":"log","timestamp":1705265335266,"level":"debug","message":"Executing recipe chrome-pdf","meta":{"rootId":"hat0focpngwqaig","id":"hat0focpngwqaig"},"id":"kb42lq25xy4j4c0","previousOperationId":"tv86ehe8s61o1vb"}
{"type":"log","timestamp":1705265335270,"level":"debug","message":"Converting with chrome HeadlessChrome/117.0.5938.149 using chrome-pool strategy","meta":{"rootId":"hat0focpngwqaig","id":"hat0focpngwqaig"},"id":"e0beam6l2uirnnb","previousOperationId":"tv86ehe8s61o1vb"}
{"type":"log","timestamp":1705265335406,"level":"debug","message":"Page request: GET (document) file:///C:/Users/arida/AppData/Local/Temp/jsreport/autocleanup/8091b595-defd-4835-a5d0-ddafe83863a5-chrome-pdf.html","meta":{"rootId":"hat0focpngwqaig","id":"hat0focpngwqaig"},"id":"tz13sgvf30c7ldg","previousOperationId":"tv86ehe8s61o1vb"}
{"type":"log","timestamp":1705265335448,"level":"debug","message":"Page request: GET (stylesheet) https://cdnjs.cloudflare.com/ajax/libs/metro/4.1.5/css/metro.min.css","meta":{"rootId":"hat0focpngwqaig","id":"hat0focpngwqaig"},"id":"761r50z94h7y3it","previousOperationId":"tv86ehe8s61o1vb"}
{"type":"log","timestamp":1705265335448,"level":"debug","message":"Page request: GET (script) https://cdnjs.cloudflare.com/ajax/libs/Chart.js/2.7.2/Chart.min.js","meta":{"rootId":"hat0focpngwqaig","id":"hat0focpngwqaig"},"id":"qitr6cel0j52dfb","previousOperationId":"tv86ehe8s61o1vb"}
{"type":"log","timestamp":1705265335449,"level":"debug","message":"Page request finished: GET (document) 200 file:///C:/Users/arida/AppData/Local/Temp/jsreport/autocleanup/8091b595-defd-4835-a5d0-ddafe83863a5-chrome-pdf.html","meta":{"rootId":"hat0focpngwqaig","id":"hat0focpngwqaig"},"id":"33igj5atn81lujx","previousOperationId":"tv86ehe8s61o1vb"}
{"type":"log","timestamp":1705265335469,"level":"debug","message":"Page request finished: GET (stylesheet) 200 https://cdnjs.cloudflare.com/ajax/libs/metro/4.1.5/css/metro.min.css","meta":{"rootId":"hat0focpngwqaig","id":"hat0focpngwqaig"},"id":"pehx9vm6ax8du2v","previousOperationId":"tv86ehe8s61o1vb"}
{"type":"log","timestamp":1705265335469,"level":"debug","message":"Page request finished: GET (script) 200 https://cdnjs.cloudflare.com/ajax/libs/Chart.js/2.7.2/Chart.min.js","meta":{"rootId":"hat0focpngwqaig","id":"hat0focpngwqaig"},"id":"drfwzk2p1xpsn1q","previousOperationId":"tv86ehe8s61o1vb"}
{"type":"log","timestamp":1705265335481,"level":"warn","message":"Page error: \"undefined\" is not valid JSON\nJSON.parse (<anonymous>) , stack: SyntaxError: \"undefined\" is not valid JSON\nJSON.parse (<anonymous>)\n    at <anonymous> (file:///C:/Users/arida/AppData/Local/Temp/jsreport/autocleanup/8091b595-defd-4835-a5d0-ddafe83863a5-chrome-pdf.html:20:14)","meta":{"rootId":"hat0focpngwqaig","id":"hat0focpngwqaig"},"id":"rw4icqljcolhssr","previousOperationId":"tv86ehe8s61o1vb"}
{"type":"log","timestamp":1705265335482,"level":"warn","message":"Page error: \"undefined\" is not valid JSON\nJSON.parse (<anonymous>) , stack: SyntaxError: \"undefined\" is not valid JSON\nJSON.parse (<anonymous>)\n    at <anonymous> (file:///C:/Users/arida/AppData/Local/Temp/jsreport/autocleanup/8091b595-defd-4835-a5d0-ddafe83863a5-chrome-pdf.html:51:14)","meta":{"rootId":"hat0focpngwqaig","id":"hat0focpngwqaig"},"id":"rd7rndruu3cqscx","previousOperationId":"tv86ehe8s61o1vb"}
{"type":"log","timestamp":1705265335504,"level":"debug","message":"Running chrome with params {\"printBackground\":true,\"marginTop\":\"4cm\",\"marginRight\":\"1.5cm\",\"marginBottom\":\"1.5cm\",\"marginLeft\":\"1.5cm\",\"waitForJS\":false,\"timeout\":59937,\"margin\":{\"top\":\"4cm\",\"right\":\"1.5cm\",\"bottom\":\"1.5cm\",\"left\":\"1.5cm\"}}","meta":{"rootId":"hat0focpngwqaig","id":"hat0focpngwqaig"},"id":"5umaj8qgil3ew40","previousOperationId":"tv86ehe8s61o1vb"}
{"type":"operationEnd","operationId":"tv86ehe8s61o1vb","timestamp":1705265335549,"id":"gr54kw2yyqvd762","previousEventId":"y8jnt362409babm","previousOperationId":"tv86ehe8s61o1vb"}
{"type":"log","timestamp":1705265335549,"level":"info","message":"pdf-utils is starting pdf processing","meta":{"rootId":"hat0focpngwqaig","id":"hat0focpngwqaig"},"id":"zdjshllh776w0pk","previousOperationId":"tv86ehe8s61o1vb"}
{"type":"operationStart","subtype":"pdfUtils","name":"pdf utils","timestamp":1705265335549,"id":"52eo4mclgjzjbau","previousEventId":"gr54kw2yyqvd762","operationId":"ij0gfkct7ftl4r0","previousOperationId":"tv86ehe8s61o1vb"}
{"type":"log","timestamp":1705265335549,"level":"debug","message":"pdf-utils detected 1 pdf operation(s) to process","meta":{"rootId":"hat0focpngwqaig","id":"hat0focpngwqaig"},"id":"qcfnfnwbtzl4ynp","previousOperationId":"ij0gfkct7ftl4r0"}
{"type":"log","timestamp":1705265335558,"level":"debug","message":"pdf-utils running pdf operation merge","meta":{"rootId":"hat0focpngwqaig","id":"hat0focpngwqaig"},"id":"615fsj0bhhphjk5","previousOperationId":"ij0gfkct7ftl4r0"}
{"type":"operationStart","subtype":"pdfUtilsMerge","name":"pdf utils merge","previousOperationId":"ij0gfkct7ftl4r0","timestamp":1705265335558,"id":"dia7xkm2e5kjh4f","previousEventId":"52eo4mclgjzjbau","operationId":"fkpfsii5poi7bpb"}
{"type":"operationStart","subtype":"render","name":"orders-header","previousOperationId":"fkpfsii5poi7bpb","timestamp":1705265335560,"id":"qntdwnjhtmtlzkj","previousEventId":"dia7xkm2e5kjh4f","operationId":"omd4mnodhbnz2dw"}
{"type":"log","timestamp":1705265335560,"level":"info","message":"Starting rendering (child) request","meta":{"rootId":"hat0focpngwqaig","id":"y1h8sm821hb0sjy"},"id":"ddavpms82rhio6x","previousOperationId":"omd4mnodhbnz2dw"}
{"type":"log","timestamp":1705265335560,"level":"info","message":"Rendering template { name: orders-header, recipe: chrome-pdf, engine: handlebars, preview: true }","meta":{"rootId":"hat0focpngwqaig","id":"y1h8sm821hb0sjy"},"id":"6ic4jibieaa5gq8","previousOperationId":"omd4mnodhbnz2dw"}
{"type":"log","timestamp":1705265335561,"level":"debug","message":"Inline data specified.","meta":{"rootId":"hat0focpngwqaig","id":"y1h8sm821hb0sjy"},"id":"zzk3cz87npmhsnk","previousOperationId":"omd4mnodhbnz2dw"}
{"type":"log","timestamp":1705265335563,"level":"debug","message":"Base url not specified, skipping its injection.","meta":{"rootId":"hat0focpngwqaig","id":"y1h8sm821hb0sjy"},"id":"7u7xbbcl0r8ee1e","previousOperationId":"omd4mnodhbnz2dw"}
{"type":"operationStart","subtype":"engine","name":"handlebars","timestamp":1705265335563,"id":"377sz0mnhz1vwyk","previousEventId":"qntdwnjhtmtlzkj","operationId":"4186dvjg8hopifu","previousOperationId":"omd4mnodhbnz2dw"}
{"type":"log","timestamp":1705265335563,"level":"debug","message":"Rendering engine handlebars","meta":{"rootId":"hat0focpngwqaig","id":"y1h8sm821hb0sjy"},"id":"ha0ac8b00w03ks1","previousOperationId":"4186dvjg8hopifu"}
{"type":"operationEnd","operationId":"4186dvjg8hopifu","timestamp":1705265335586,"id":"d3y46p99slfrn6y","previousEventId":"377sz0mnhz1vwyk","previousOperationId":"4186dvjg8hopifu"}
{"type":"operationStart","subtype":"recipe","name":"chrome-pdf","timestamp":1705265335586,"id":"a59w0dppju2baon","previousEventId":"d3y46p99slfrn6y","operationId":"utx5p66i7kppzwg","previousOperationId":"4186dvjg8hopifu"}
{"type":"log","timestamp":1705265335586,"level":"debug","message":"Executing recipe chrome-pdf","meta":{"rootId":"hat0focpngwqaig","id":"y1h8sm821hb0sjy"},"id":"ijs3wdinxeifdqi","previousOperationId":"utx5p66i7kppzwg"}
{"type":"log","timestamp":1705265335589,"level":"debug","message":"Converting with chrome HeadlessChrome/117.0.5938.149 using chrome-pool strategy","meta":{"rootId":"hat0focpngwqaig","id":"y1h8sm821hb0sjy"},"id":"vaocagalnqvm0ox","previousOperationId":"utx5p66i7kppzwg"}
{"type":"log","timestamp":1705265335707,"level":"debug","message":"Page request: GET (document) file:///C:/Users/arida/AppData/Local/Temp/jsreport/autocleanup/a421f1ee-b1ef-4f79-98a1-458157d52d1a-chrome-pdf.html","meta":{"rootId":"hat0focpngwqaig","id":"y1h8sm821hb0sjy"},"id":"jwqzorej81ig64q","previousOperationId":"utx5p66i7kppzwg"}
{"type":"log","timestamp":1705265335717,"level":"debug","message":"Page request: GET (stylesheet) https://cdnjs.cloudflare.com/ajax/libs/metro/4.1.5/css/metro.min.css","meta":{"rootId":"hat0focpngwqaig","id":"y1h8sm821hb0sjy"},"id":"662x2fltxliuosi","previousOperationId":"utx5p66i7kppzwg"}
{"type":"log","timestamp":1705265335717,"level":"debug","message":"Page request finished: GET (document) 200 file:///C:/Users/arida/AppData/Local/Temp/jsreport/autocleanup/a421f1ee-b1ef-4f79-98a1-458157d52d1a-chrome-pdf.html","meta":{"rootId":"hat0focpngwqaig","id":"y1h8sm821hb0sjy"},"id":"hw1n62rlglve9ed","previousOperationId":"utx5p66i7kppzwg"}
{"type":"log","timestamp":1705265335737,"level":"debug","message":"Page request finished: GET (stylesheet) 200 https://cdnjs.cloudflare.com/ajax/libs/metro/4.1.5/css/metro.min.css","meta":{"rootId":"hat0focpngwqaig","id":"y1h8sm821hb0sjy"},"id":"xwxldui0rfuxddh","previousOperationId":"utx5p66i7kppzwg"}
{"type":"log","timestamp":1705265335755,"level":"debug","message":"Running chrome with params {\"printBackground\":true,\"marginTop\":\"1.5cm\",\"marginRight\":\"1.5cm\",\"marginLeft\":\"1.cm\",\"timeout\":59618,\"margin\":{\"top\":\"1.5cm\",\"right\":\"1.5cm\",\"left\":\"1.cm\"}}","meta":{"rootId":"hat0focpngwqaig","id":"y1h8sm821hb0sjy"},"id":"u6f9mlebdc22hzy","previousOperationId":"utx5p66i7kppzwg"}
{"type":"operationEnd","operationId":"utx5p66i7kppzwg","timestamp":1705265335786,"id":"6o6btxkijrha02h","previousEventId":"a59w0dppju2baon","previousOperationId":"utx5p66i7kppzwg"}
{"type":"log","timestamp":1705265335786,"level":"debug","message":"Skipping storing report.","meta":{"rootId":"hat0focpngwqaig","id":"y1h8sm821hb0sjy"},"id":"16at47ml8vmgj8y","previousOperationId":"utx5p66i7kppzwg"}
{"type":"log","timestamp":1705265335786,"level":"info","message":"Rendering (child) request finished in 580 ms","meta":{"rootId":"hat0focpngwqaig","id":"y1h8sm821hb0sjy"},"id":"f2twieo69lts8mn","previousOperationId":"utx5p66i7kppzwg"}
{"type":"operationEnd","subtype":"render","operationId":"omd4mnodhbnz2dw","timestamp":1705265335786,"id":"r40tyev580pu61u","previousEventId":"6o6btxkijrha02h","previousOperationId":"utx5p66i7kppzwg"}
{"type":"operationEnd","operationId":"fkpfsii5poi7bpb","timestamp":1705265335793,"id":"4hj0k9oa6ugjd00","previousEventId":"dia7xkm2e5kjh4f","previousOperationId":"fkpfsii5poi7bpb"}
{"type":"log","timestamp":1705265335793,"level":"debug","message":"pdf-utils postproces start","meta":{"rootId":"hat0focpngwqaig","id":"hat0focpngwqaig"},"id":"772r57ozvsxaiwn","previousOperationId":"fkpfsii5poi7bpb"}
{"type":"log","timestamp":1705265335798,"level":"debug","message":"pdf-utils postproces end","meta":{"rootId":"hat0focpngwqaig","id":"hat0focpngwqaig"},"id":"aks26c17cz1bg3u","previousOperationId":"fkpfsii5poi7bpb"}
{"type":"operationEnd","operationId":"ij0gfkct7ftl4r0","timestamp":1705265335798,"id":"ta9ni0wnqpabglc","previousEventId":"4hj0k9oa6ugjd00","previousOperationId":"fkpfsii5poi7bpb"}
{"type":"log","timestamp":1705265335798,"level":"info","message":"pdf-utils pdf processing was finished","meta":{"rootId":"hat0focpngwqaig","id":"hat0focpngwqaig"},"id":"2hymhyh170b8adc","previousOperationId":"ij0gfkct7ftl4r0"}
{"type":"log","timestamp":1705265335798,"level":"debug","message":"Skipping storing report.","meta":{"rootId":"hat0focpngwqaig","id":"hat0focpngwqaig"},"id":"brpe9fstf9qye3z","previousOperationId":"ij0gfkct7ftl4r0"}
{"type":"log","timestamp":1705265335798,"level":"info","message":"Rendering request 14 finished in 592 ms","meta":{"rootId":"hat0focpngwqaig","id":"hat0focpngwqaig"},"id":"tig3bo9fk8g0aks","previousOperationId":"ij0gfkct7ftl4r0"}
{"type":"operationEnd","subtype":"render","operationId":"v8r2zph3916dqu0","timestamp":1705265335798,"id":"oj764i1gy3gfdpy","previousEventId":"ta9ni0wnqpabglc","previousOperationId":"ij0gfkct7ftl4r0"}
{"type":"operationEnd","doDiffs":false,"previousEventId":"47hotzv9o2fo7mu","previousOperationId":"sf9tld2pi0v8dw9","operationId":"sf9tld2pi0v8dw9","timestamp":1705265335813,"id":"hmpl7zwvmhi6jkq"}
