{"type":"operationStart","subtype":"profile","data":{"_id":"sTwCtLfSb3tODggB","timestamp":"2024-01-14T19:38:38.677Z","state":"queued","mode":"standard","creationDate":"2024-01-14T19:38:38.686Z","modificationDate":"2024-01-14T19:38:38.686Z","shortid":"TnIJGbH","$entitySet":"profiles"},"doDiffs":false,"timestamp":1705261118680,"id":"9mm4rqbkn5hplml","previousOperationId":null,"operationId":"5gp9pes49xj5xz0"}
{"type":"log","level":"info","message":"Render request 1 queued for execution and waiting for available worker","previousOperationId":"5gp9pes49xj5xz0","timestamp":1705261118683,"id":"7px5xxjfjukngkl"}
{"type":"operationStart","subtype":"render","name":"orders-main","previousOperationId":"5gp9pes49xj5xz0","timestamp":1705261118729,"id":"wrme6c0zpmfwxeq","previousEventId":"9mm4rqbkn5hplml","operationId":"260z2lepp03h0ih"}
{"type":"log","timestamp":1705261118731,"level":"info","message":"Starting rendering request 1","meta":{"rootId":"hsknr1om5qspzw2","id":"hsknr1om5qspzw2"},"id":"29bphzjttbthumt","previousOperationId":"260z2lepp03h0ih"}
{"type":"log","timestamp":1705261118732,"level":"info","message":"Rendering template { name: orders-main, recipe: chrome-pdf, engine: handlebars, preview: true }","meta":{"rootId":"hsknr1om5qspzw2","id":"hsknr1om5qspzw2"},"id":"0e77s7npblf52do","previousOperationId":"260z2lepp03h0ih"}
{"type":"log","timestamp":1705261118742,"level":"debug","message":"Data item not defined for this template.","meta":{"rootId":"hsknr1om5qspzw2","id":"hsknr1om5qspzw2"},"id":"1ifgg76ai0t9okt","previousOperationId":"260z2lepp03h0ih"}
{"type":"log","timestamp":1705261118751,"level":"debug","message":"Executing script orders-script (beforeRender)","meta":{"rootId":"hsknr1om5qspzw2","id":"hsknr1om5qspzw2"},"id":"r83g01hybut3qz5","previousOperationId":"260z2lepp03h0ih"}
{"type":"operationStart","subtype":"scriptsBeforeRender","name":"scripts beforeRender","timestamp":1705261119184,"id":"5dnzk95wek7k737","previousEventId":"wrme6c0zpmfwxeq","operationId":"7pmiutj1qnztjln","previousOperationId":"260z2lepp03h0ih"}
{"type":"operationStart","subtype":"script","name":"scripts orders-script","previousOperationId":"7pmiutj1qnztjln","timestamp":1705261119184,"id":"42a47d02ccf3h9x","previousEventId":"5dnzk95wek7k737","operationId":"w9wlrco1p5jz1fc"}
{"type":"operationEnd","operationId":"w9wlrco1p5jz1fc","timestamp":1705261119219,"id":"hdrl7tgrleltvlv","previousEventId":"wrme6c0zpmfwxeq","previousOperationId":"260z2lepp03h0ih"}
{"type":"operationEnd","operationId":"7pmiutj1qnztjln","timestamp":1705261119219,"id":"c9c1t5kdssfjb46","previousEventId":"hdrl7tgrleltvlv","previousOperationId":"260z2lepp03h0ih"}
{"type":"log","timestamp":1705261119219,"level":"debug","message":"Base url not specified, skipping its injection.","meta":{"rootId":"hsknr1om5qspzw2","id":"hsknr1om5qspzw2"},"id":"ml13c1jyqnzc0xu","previousOperationId":"7pmiutj1qnztjln"}
{"type":"operationStart","subtype":"engine","name":"handlebars","timestamp":1705261119220,"id":"r6q3b4swnvuur2j","previousEventId":"c9c1t5kdssfjb46","operationId":"cxggraduvrvrgw3","previousOperationId":"7pmiutj1qnztjln"}
{"type":"log","timestamp":1705261119220,"level":"debug","message":"Rendering engine handlebars","meta":{"rootId":"hsknr1om5qspzw2","id":"hsknr1om5qspzw2"},"id":"gp2du1ma7sp4brm","previousOperationId":"cxggraduvrvrgw3"}
{"type":"operationEnd","operationId":"cxggraduvrvrgw3","timestamp":1705261119551,"id":"brl9021r5lga2hw","previousEventId":"r6q3b4swnvuur2j","previousOperationId":"cxggraduvrvrgw3"}
{"type":"operationStart","subtype":"recipe","name":"chrome-pdf","timestamp":1705261119552,"id":"b5cqgev3ewf70vh","previousEventId":"brl9021r5lga2hw","operationId":"492qxj2kp73y7u7","previousOperationId":"cxggraduvrvrgw3"}
{"type":"log","timestamp":1705261119552,"level":"debug","message":"Executing recipe chrome-pdf","meta":{"rootId":"hsknr1om5qspzw2","id":"hsknr1om5qspzw2"},"id":"q4uy426pszvkhda","previousOperationId":"492qxj2kp73y7u7"}
{"type":"log","timestamp":1705261120389,"level":"debug","message":"Converting with chrome HeadlessChrome/117.0.5938.149 using chrome-pool strategy","meta":{"rootId":"hsknr1om5qspzw2","id":"hsknr1om5qspzw2"},"id":"2ucdbhp635tov9w","previousOperationId":"492qxj2kp73y7u7"}
{"type":"log","timestamp":1705261120616,"level":"debug","message":"Page request: GET (document) file:///C:/Users/arida/AppData/Local/Temp/jsreport/autocleanup/fc406007-c1eb-44a2-8731-e5d27b54f2d5-chrome-pdf.html","meta":{"rootId":"hsknr1om5qspzw2","id":"hsknr1om5qspzw2"},"id":"djxa0lu1rgwfupw","previousOperationId":"492qxj2kp73y7u7"}
{"type":"log","timestamp":1705261120628,"level":"debug","message":"Page request: GET (stylesheet) https://cdnjs.cloudflare.com/ajax/libs/metro/4.1.5/css/metro.min.css","meta":{"rootId":"hsknr1om5qspzw2","id":"hsknr1om5qspzw2"},"id":"inf8qvqm9r98ree","previousOperationId":"492qxj2kp73y7u7"}
{"type":"log","timestamp":1705261120629,"level":"debug","message":"Page request: GET (script) https://cdnjs.cloudflare.com/ajax/libs/Chart.js/2.7.2/Chart.min.js","meta":{"rootId":"hsknr1om5qspzw2","id":"hsknr1om5qspzw2"},"id":"4rz3q5zucyuphta","previousOperationId":"492qxj2kp73y7u7"}
{"type":"log","timestamp":1705261120630,"level":"debug","message":"Page request finished: GET (document) 200 file:///C:/Users/arida/AppData/Local/Temp/jsreport/autocleanup/fc406007-c1eb-44a2-8731-e5d27b54f2d5-chrome-pdf.html","meta":{"rootId":"hsknr1om5qspzw2","id":"hsknr1om5qspzw2"},"id":"hh2d6xd1s4sgw45","previousOperationId":"492qxj2kp73y7u7"}
{"type":"log","timestamp":1705261120844,"level":"debug","message":"Page request finished: GET (stylesheet) 200 https://cdnjs.cloudflare.com/ajax/libs/metro/4.1.5/css/metro.min.css","meta":{"rootId":"hsknr1om5qspzw2","id":"hsknr1om5qspzw2"},"id":"burgnxc1c528qn8","previousOperationId":"492qxj2kp73y7u7"}
{"type":"log","timestamp":1705261120868,"level":"debug","message":"Page request finished: GET (script) 200 https://cdnjs.cloudflare.com/ajax/libs/Chart.js/2.7.2/Chart.min.js","meta":{"rootId":"hsknr1om5qspzw2","id":"hsknr1om5qspzw2"},"id":"m2srzdos4etvblc","previousOperationId":"492qxj2kp73y7u7"}
{"type":"log","timestamp":1705261120880,"level":"warn","message":"Page error: Unexpected identifier 'afterwards' , stack: SyntaxError: Unexpected identifier 'afterwards'","meta":{"rootId":"hsknr1om5qspzw2","id":"hsknr1om5qspzw2"},"id":"u4c5gtbolk5a217","previousOperationId":"492qxj2kp73y7u7"}
{"type":"log","timestamp":1705261120902,"level":"debug","message":"Running chrome with params {\"printBackground\":true,\"marginTop\":\"4cm\",\"marginRight\":\"1.5cm\",\"marginBottom\":\"1.5cm\",\"marginLeft\":\"1.5cm\",\"waitForJS\":false,\"timeout\":58540,\"margin\":{\"top\":\"4cm\",\"right\":\"1.5cm\",\"bottom\":\"1.5cm\",\"left\":\"1.5cm\"}}","meta":{"rootId":"hsknr1om5qspzw2","id":"hsknr1om5qspzw2"},"id":"cdtnkexeaw0mwgj","previousOperationId":"492qxj2kp73y7u7"}
{"type":"operationEnd","operationId":"492qxj2kp73y7u7","timestamp":1705261120946,"id":"d1zwbg9zxn9ogms","previousEventId":"b5cqgev3ewf70vh","previousOperationId":"492qxj2kp73y7u7"}
{"type":"log","timestamp":1705261120947,"level":"info","message":"pdf-utils is starting pdf processing","meta":{"rootId":"hsknr1om5qspzw2","id":"hsknr1om5qspzw2"},"id":"do32fi7zb1g153a","previousOperationId":"492qxj2kp73y7u7"}
{"type":"operationStart","subtype":"pdfUtils","name":"pdf utils","timestamp":1705261121189,"id":"qhtk8v7v3smoxzt","previousEventId":"d1zwbg9zxn9ogms","operationId":"7mh179ewjqwpvlx","previousOperationId":"492qxj2kp73y7u7"}
{"type":"log","timestamp":1705261121190,"level":"debug","message":"pdf-utils detected 1 pdf operation(s) to process","meta":{"rootId":"hsknr1om5qspzw2","id":"hsknr1om5qspzw2"},"id":"12h0li799snqupz","previousOperationId":"7mh179ewjqwpvlx"}
{"type":"log","timestamp":1705261121419,"level":"debug","message":"pdf-utils running pdf operation merge","meta":{"rootId":"hsknr1om5qspzw2","id":"hsknr1om5qspzw2"},"id":"qlg5blch3hrjukp","previousOperationId":"7mh179ewjqwpvlx"}
{"type":"operationStart","subtype":"pdfUtilsMerge","name":"pdf utils merge","previousOperationId":"7mh179ewjqwpvlx","timestamp":1705261121419,"id":"zyvf6pdh1218g62","previousEventId":"qhtk8v7v3smoxzt","operationId":"0mxw5a4aq1kc32e"}
{"type":"operationStart","subtype":"render","name":"orders-header","previousOperationId":"0mxw5a4aq1kc32e","timestamp":1705261121423,"id":"lrz8cmm32ay7yfi","previousEventId":"zyvf6pdh1218g62","operationId":"rpqfdbgg7q1o7za"}
{"type":"log","timestamp":1705261121423,"level":"info","message":"Starting rendering (child) request","meta":{"rootId":"hsknr1om5qspzw2","id":"bvlq7anfcaxjxqd"},"id":"xihjwv52zl6gjz2","previousOperationId":"rpqfdbgg7q1o7za"}
{"type":"log","timestamp":1705261121424,"level":"info","message":"Rendering template { name: orders-header, recipe: chrome-pdf, engine: handlebars, preview: true }","meta":{"rootId":"hsknr1om5qspzw2","id":"bvlq7anfcaxjxqd"},"id":"maj5ye28n9n3oxv","previousOperationId":"rpqfdbgg7q1o7za"}
{"type":"log","timestamp":1705261121431,"level":"debug","message":"Inline data specified.","meta":{"rootId":"hsknr1om5qspzw2","id":"bvlq7anfcaxjxqd"},"id":"wqmycwr8k9rznrr","previousOperationId":"rpqfdbgg7q1o7za"}
{"type":"log","timestamp":1705261121433,"level":"debug","message":"Base url not specified, skipping its injection.","meta":{"rootId":"hsknr1om5qspzw2","id":"bvlq7anfcaxjxqd"},"id":"2wj3k2f5w2x6rrq","previousOperationId":"rpqfdbgg7q1o7za"}
{"type":"operationStart","subtype":"engine","name":"handlebars","timestamp":1705261121433,"id":"6entqd1ohkxa3zs","previousEventId":"lrz8cmm32ay7yfi","operationId":"h36nhxc4lzmeusr","previousOperationId":"rpqfdbgg7q1o7za"}
{"type":"log","timestamp":1705261121433,"level":"debug","message":"Rendering engine handlebars","meta":{"rootId":"hsknr1om5qspzw2","id":"bvlq7anfcaxjxqd"},"id":"3xvvtjj5vog5bi7","previousOperationId":"h36nhxc4lzmeusr"}
{"type":"operationEnd","operationId":"h36nhxc4lzmeusr","timestamp":1705261121487,"id":"f5gup9tsiyhuin5","previousEventId":"6entqd1ohkxa3zs","previousOperationId":"h36nhxc4lzmeusr"}
{"type":"operationStart","subtype":"recipe","name":"chrome-pdf","timestamp":1705261121487,"id":"cwomombuwjoz086","previousEventId":"f5gup9tsiyhuin5","operationId":"ivbj9i5o4q747qe","previousOperationId":"h36nhxc4lzmeusr"}
{"type":"log","timestamp":1705261121487,"level":"debug","message":"Executing recipe chrome-pdf","meta":{"rootId":"hsknr1om5qspzw2","id":"bvlq7anfcaxjxqd"},"id":"g4px76zkabpf2pc","previousOperationId":"ivbj9i5o4q747qe"}
{"type":"log","timestamp":1705261121490,"level":"debug","message":"Converting with chrome HeadlessChrome/117.0.5938.149 using chrome-pool strategy","meta":{"rootId":"hsknr1om5qspzw2","id":"bvlq7anfcaxjxqd"},"id":"24cbbnnh3d9cs4r","previousOperationId":"ivbj9i5o4q747qe"}
{"type":"log","timestamp":1705261121615,"level":"debug","message":"Page request: GET (document) file:///C:/Users/arida/AppData/Local/Temp/jsreport/autocleanup/895ae68f-4130-407b-8f4c-f0bc16cbcb50-chrome-pdf.html","meta":{"rootId":"hsknr1om5qspzw2","id":"bvlq7anfcaxjxqd"},"id":"e0r10ea8u9unuvk","previousOperationId":"ivbj9i5o4q747qe"}
{"type":"log","timestamp":1705261121625,"level":"debug","message":"Page request: GET (stylesheet) https://cdnjs.cloudflare.com/ajax/libs/metro/4.1.5/css/metro.min.css","meta":{"rootId":"hsknr1om5qspzw2","id":"bvlq7anfcaxjxqd"},"id":"n1snd5g020hxysb","previousOperationId":"ivbj9i5o4q747qe"}
{"type":"log","timestamp":1705261121626,"level":"debug","message":"Page request finished: GET (document) 200 file:///C:/Users/arida/AppData/Local/Temp/jsreport/autocleanup/895ae68f-4130-407b-8f4c-f0bc16cbcb50-chrome-pdf.html","meta":{"rootId":"hsknr1om5qspzw2","id":"bvlq7anfcaxjxqd"},"id":"wopw6897wqjz01k","previousOperationId":"ivbj9i5o4q747qe"}
{"type":"log","timestamp":1705261121653,"level":"debug","message":"Page request finished: GET (stylesheet) 200 https://cdnjs.cloudflare.com/ajax/libs/metro/4.1.5/css/metro.min.css","meta":{"rootId":"hsknr1om5qspzw2","id":"bvlq7anfcaxjxqd"},"id":"lwhg8x5au116n24","previousOperationId":"ivbj9i5o4q747qe"}
{"type":"log","timestamp":1705261121675,"level":"debug","message":"Running chrome with params {\"printBackground\":true,\"marginTop\":\"1.5cm\",\"marginRight\":\"1.5cm\",\"marginLeft\":\"1.cm\",\"timeout\":57187,\"margin\":{\"top\":\"1.5cm\",\"right\":\"1.5cm\",\"left\":\"1.cm\"}}","meta":{"rootId":"hsknr1om5qspzw2","id":"bvlq7anfcaxjxqd"},"id":"aeywdc0fst5d24r","previousOperationId":"ivbj9i5o4q747qe"}
{"type":"operationEnd","operationId":"ivbj9i5o4q747qe","timestamp":1705261121710,"id":"65bz3uj8wjorbif","previousEventId":"cwomombuwjoz086","previousOperationId":"ivbj9i5o4q747qe"}
{"type":"log","timestamp":1705261121712,"level":"debug","message":"Skipping storing report.","meta":{"rootId":"hsknr1om5qspzw2","id":"bvlq7anfcaxjxqd"},"id":"gc0zu535c0hoaxl","previousOperationId":"ivbj9i5o4q747qe"}
{"type":"log","timestamp":1705261121712,"level":"info","message":"Rendering (child) request finished in 3036 ms","meta":{"rootId":"hsknr1om5qspzw2","id":"bvlq7anfcaxjxqd"},"id":"ol0mn7x95ele40j","previousOperationId":"ivbj9i5o4q747qe"}
{"type":"operationEnd","subtype":"render","operationId":"rpqfdbgg7q1o7za","timestamp":1705261121712,"id":"izstds7a0k68hkv","previousEventId":"65bz3uj8wjorbif","previousOperationId":"ivbj9i5o4q747qe"}
{"type":"operationEnd","operationId":"0mxw5a4aq1kc32e","timestamp":1705261121731,"id":"ee85iw9cpnfm924","previousEventId":"zyvf6pdh1218g62","previousOperationId":"0mxw5a4aq1kc32e"}
{"type":"log","timestamp":1705261121731,"level":"debug","message":"pdf-utils postproces start","meta":{"rootId":"hsknr1om5qspzw2","id":"hsknr1om5qspzw2"},"id":"gk3lzfxn648yemc","previousOperationId":"0mxw5a4aq1kc32e"}
{"type":"log","timestamp":1705261121741,"level":"debug","message":"pdf-utils postproces end","meta":{"rootId":"hsknr1om5qspzw2","id":"hsknr1om5qspzw2"},"id":"xd9r6zlgozxriix","previousOperationId":"0mxw5a4aq1kc32e"}
{"type":"operationEnd","operationId":"7mh179ewjqwpvlx","timestamp":1705261121741,"id":"zbnbrqpup4pdeuo","previousEventId":"ee85iw9cpnfm924","previousOperationId":"0mxw5a4aq1kc32e"}
{"type":"log","timestamp":1705261121741,"level":"info","message":"pdf-utils pdf processing was finished","meta":{"rootId":"hsknr1om5qspzw2","id":"hsknr1om5qspzw2"},"id":"ixx03mprmamofew","previousOperationId":"7mh179ewjqwpvlx"}
{"type":"log","timestamp":1705261121742,"level":"debug","message":"Skipping storing report.","meta":{"rootId":"hsknr1om5qspzw2","id":"hsknr1om5qspzw2"},"id":"wc8fzt9h57madc8","previousOperationId":"7mh179ewjqwpvlx"}
{"type":"log","timestamp":1705261121742,"level":"info","message":"Rendering request 1 finished in 3066 ms","meta":{"rootId":"hsknr1om5qspzw2","id":"hsknr1om5qspzw2"},"id":"83ul4tk1ny9xns1","previousOperationId":"7mh179ewjqwpvlx"}
{"type":"operationEnd","subtype":"render","operationId":"260z2lepp03h0ih","timestamp":1705261121742,"id":"g6hx0cq7htrldfc","previousEventId":"zbnbrqpup4pdeuo","previousOperationId":"7mh179ewjqwpvlx"}
{"type":"operationEnd","doDiffs":false,"previousEventId":"9mm4rqbkn5hplml","previousOperationId":"5gp9pes49xj5xz0","operationId":"5gp9pes49xj5xz0","timestamp":1705261121757,"id":"n97ol8b7krq26xi"}
