{"type":"operationStart","subtype":"profile","data":{"_id":"2dJh9VYCZ9xiMQfr","timestamp":"2024-01-14T19:39:01.301Z","state":"queued","mode":"standard","creationDate":"2024-01-14T19:39:01.306Z","modificationDate":"2024-01-14T19:39:01.306Z","shortid":"3OEvOkH","$entitySet":"profiles"},"doDiffs":false,"timestamp":1705261141303,"id":"ats7dyy0le7fnke","previousOperationId":null,"operationId":"z1857xc5dp1fmym"}
{"type":"log","level":"info","message":"Render request 1 queued for execution and waiting for available worker","previousOperationId":"z1857xc5dp1fmym","timestamp":1705261141304,"id":"xpj0tzwukt8schd"}
{"type":"operationStart","subtype":"render","name":"orders-main","previousOperationId":"z1857xc5dp1fmym","timestamp":1705261141351,"id":"gm82z1c74rb950j","previousEventId":"ats7dyy0le7fnke","operationId":"vqzsqs8mv7752hy"}
{"type":"log","timestamp":1705261141353,"level":"info","message":"Starting rendering request 1","meta":{"rootId":"i2qj73b4xk5sml0","id":"i2qj73b4xk5sml0"},"id":"7em221scbl52ye2","previousOperationId":"vqzsqs8mv7752hy"}
{"type":"log","timestamp":1705261141354,"level":"info","message":"Rendering template { name: orders-main, recipe: chrome-pdf, engine: handlebars, preview: true }","meta":{"rootId":"i2qj73b4xk5sml0","id":"i2qj73b4xk5sml0"},"id":"vwmvk6o4ziah8w9","previousOperationId":"vqzsqs8mv7752hy"}
{"type":"log","timestamp":1705261141366,"level":"debug","message":"Data item not defined for this template.","meta":{"rootId":"i2qj73b4xk5sml0","id":"i2qj73b4xk5sml0"},"id":"8z2xzkds130mgv4","previousOperationId":"vqzsqs8mv7752hy"}
{"type":"log","timestamp":1705261141372,"level":"debug","message":"Executing script orders-script (beforeRender)","meta":{"rootId":"i2qj73b4xk5sml0","id":"i2qj73b4xk5sml0"},"id":"ub3djnezv5a29tl","previousOperationId":"vqzsqs8mv7752hy"}
{"type":"operationStart","subtype":"scriptsBeforeRender","name":"scripts beforeRender","timestamp":1705261141750,"id":"dm4q4qrs86dlhm9","previousEventId":"gm82z1c74rb950j","operationId":"tn2f1f4yl8p3lvf","previousOperationId":"vqzsqs8mv7752hy"}
{"type":"operationStart","subtype":"script","name":"scripts orders-script","previousOperationId":"tn2f1f4yl8p3lvf","timestamp":1705261141750,"id":"n0w2gn1jghl42cd","previousEventId":"dm4q4qrs86dlhm9","operationId":"bjtc0xtdwgkklfe"}
{"type":"operationEnd","operationId":"bjtc0xtdwgkklfe","timestamp":1705261141783,"id":"a0xcsxkmwaykpkb","previousEventId":"gm82z1c74rb950j","previousOperationId":"vqzsqs8mv7752hy"}
{"type":"operationEnd","operationId":"tn2f1f4yl8p3lvf","timestamp":1705261141783,"id":"4ipxy3ctnrc2v4a","previousEventId":"a0xcsxkmwaykpkb","previousOperationId":"vqzsqs8mv7752hy"}
{"type":"log","timestamp":1705261141783,"level":"debug","message":"Base url not specified, skipping its injection.","meta":{"rootId":"i2qj73b4xk5sml0","id":"i2qj73b4xk5sml0"},"id":"n5bu2vap7zh90xq","previousOperationId":"tn2f1f4yl8p3lvf"}
{"type":"operationStart","subtype":"engine","name":"handlebars","timestamp":1705261141784,"id":"goe88o3exl77f32","previousEventId":"4ipxy3ctnrc2v4a","operationId":"1eun9lurml4960k","previousOperationId":"tn2f1f4yl8p3lvf"}
{"type":"log","timestamp":1705261141784,"level":"debug","message":"Rendering engine handlebars","meta":{"rootId":"i2qj73b4xk5sml0","id":"i2qj73b4xk5sml0"},"id":"yp1s1ssxhyqa321","previousOperationId":"1eun9lurml4960k"}
{"type":"operationEnd","operationId":"1eun9lurml4960k","timestamp":1705261142115,"id":"fem5ubkchf5bkyx","previousEventId":"goe88o3exl77f32","previousOperationId":"1eun9lurml4960k"}
{"type":"operationStart","subtype":"recipe","name":"chrome-pdf","timestamp":1705261142116,"id":"z4job1qhyy8eeh8","previousEventId":"fem5ubkchf5bkyx","operationId":"20vf9t8mgmdna7p","previousOperationId":"1eun9lurml4960k"}
{"type":"log","timestamp":1705261142116,"level":"debug","message":"Executing recipe chrome-pdf","meta":{"rootId":"i2qj73b4xk5sml0","id":"i2qj73b4xk5sml0"},"id":"3itvu2up38vuix1","previousOperationId":"20vf9t8mgmdna7p"}
{"type":"log","timestamp":1705261142870,"level":"debug","message":"Converting with chrome HeadlessChrome/117.0.5938.149 using chrome-pool strategy","meta":{"rootId":"i2qj73b4xk5sml0","id":"i2qj73b4xk5sml0"},"id":"aporqimmbgf1lbx","previousOperationId":"20vf9t8mgmdna7p"}
{"type":"log","timestamp":1705261143118,"level":"debug","message":"Page request: GET (document) file:///C:/Users/arida/AppData/Local/Temp/jsreport/autocleanup/beb8d137-4c63-4303-a865-02e35e6898eb-chrome-pdf.html","meta":{"rootId":"i2qj73b4xk5sml0","id":"i2qj73b4xk5sml0"},"id":"n0r9xqq2trit7wk","previousOperationId":"20vf9t8mgmdna7p"}
{"type":"log","timestamp":1705261143132,"level":"debug","message":"Page request: GET (stylesheet) https://cdnjs.cloudflare.com/ajax/libs/metro/4.1.5/css/metro.min.css","meta":{"rootId":"i2qj73b4xk5sml0","id":"i2qj73b4xk5sml0"},"id":"meo355qoevwaus8","previousOperationId":"20vf9t8mgmdna7p"}
{"type":"log","timestamp":1705261143133,"level":"debug","message":"Page request: GET (script) https://cdnjs.cloudflare.com/ajax/libs/Chart.js/2.7.2/Chart.min.js","meta":{"rootId":"i2qj73b4xk5sml0","id":"i2qj73b4xk5sml0"},"id":"05gw3rbd68pe8ox","previousOperationId":"20vf9t8mgmdna7p"}
{"type":"log","timestamp":1705261143134,"level":"debug","message":"Page request finished: GET (document) 200 file:///C:/Users/arida/AppData/Local/Temp/jsreport/autocleanup/beb8d137-4c63-4303-a865-02e35e6898eb-chrome-pdf.html","meta":{"rootId":"i2qj73b4xk5sml0","id":"i2qj73b4xk5sml0"},"id":"tzbsgghrasj5ver","previousOperationId":"20vf9t8mgmdna7p"}
{"type":"log","timestamp":1705261143365,"level":"debug","message":"Page request finished: GET (script) 200 https://cdnjs.cloudflare.com/ajax/libs/Chart.js/2.7.2/Chart.min.js","meta":{"rootId":"i2qj73b4xk5sml0","id":"i2qj73b4xk5sml0"},"id":"08o3i3ndlvwh9dk","previousOperationId":"20vf9t8mgmdna7p"}
{"type":"log","timestamp":1705261143410,"level":"debug","message":"Page request finished: GET (stylesheet) 200 https://cdnjs.cloudflare.com/ajax/libs/metro/4.1.5/css/metro.min.css","meta":{"rootId":"i2qj73b4xk5sml0","id":"i2qj73b4xk5sml0"},"id":"la67cp0i6wf5xhe","previousOperationId":"20vf9t8mgmdna7p"}
{"type":"log","timestamp":1705261143421,"level":"warn","message":"Page error: Unexpected identifier 'afterwards' , stack: SyntaxError: Unexpected identifier 'afterwards'","meta":{"rootId":"i2qj73b4xk5sml0","id":"i2qj73b4xk5sml0"},"id":"2qxm7a3pr2c9c5d","previousOperationId":"20vf9t8mgmdna7p"}
{"type":"log","timestamp":1705261143447,"level":"debug","message":"Running chrome with params {\"printBackground\":true,\"marginTop\":\"4cm\",\"marginRight\":\"1.5cm\",\"marginBottom\":\"1.5cm\",\"marginLeft\":\"1.5cm\",\"waitForJS\":false,\"timeout\":58647,\"margin\":{\"top\":\"4cm\",\"right\":\"1.5cm\",\"bottom\":\"1.5cm\",\"left\":\"1.5cm\"}}","meta":{"rootId":"i2qj73b4xk5sml0","id":"i2qj73b4xk5sml0"},"id":"iejlucvh8uty2g3","previousOperationId":"20vf9t8mgmdna7p"}
{"type":"operationEnd","operationId":"20vf9t8mgmdna7p","timestamp":1705261143485,"id":"f2154hsmlt0lok0","previousEventId":"z4job1qhyy8eeh8","previousOperationId":"20vf9t8mgmdna7p"}
{"type":"log","timestamp":1705261143486,"level":"info","message":"pdf-utils is starting pdf processing","meta":{"rootId":"i2qj73b4xk5sml0","id":"i2qj73b4xk5sml0"},"id":"9jlswjm7kcxq8pd","previousOperationId":"20vf9t8mgmdna7p"}
{"type":"operationStart","subtype":"pdfUtils","name":"pdf utils","timestamp":1705261143727,"id":"0kep7q7kzxlpq5v","previousEventId":"f2154hsmlt0lok0","operationId":"ifj2ch7r4hsir22","previousOperationId":"20vf9t8mgmdna7p"}
{"type":"log","timestamp":1705261143727,"level":"debug","message":"pdf-utils detected 1 pdf operation(s) to process","meta":{"rootId":"i2qj73b4xk5sml0","id":"i2qj73b4xk5sml0"},"id":"5hwdvwtw4um0xm3","previousOperationId":"ifj2ch7r4hsir22"}
{"type":"log","timestamp":1705261143942,"level":"debug","message":"pdf-utils running pdf operation merge","meta":{"rootId":"i2qj73b4xk5sml0","id":"i2qj73b4xk5sml0"},"id":"zhq0lc1d97n10jh","previousOperationId":"ifj2ch7r4hsir22"}
{"type":"operationStart","subtype":"pdfUtilsMerge","name":"pdf utils merge","previousOperationId":"ifj2ch7r4hsir22","timestamp":1705261143942,"id":"o2qeh9g8nayn3ia","previousEventId":"0kep7q7kzxlpq5v","operationId":"s3tv6v9z5xzgbam"}
{"type":"operationStart","subtype":"render","name":"orders-header","previousOperationId":"s3tv6v9z5xzgbam","timestamp":1705261143948,"id":"mb7gs1s7pdfz4u6","previousEventId":"o2qeh9g8nayn3ia","operationId":"s411svblf9gjqs0"}
{"type":"log","timestamp":1705261143948,"level":"info","message":"Starting rendering (child) request","meta":{"rootId":"i2qj73b4xk5sml0","id":"kl1temrwsm8xxb0"},"id":"zywelexj29hrt13","previousOperationId":"s411svblf9gjqs0"}
{"type":"log","timestamp":1705261143948,"level":"info","message":"Rendering template { name: orders-header, recipe: chrome-pdf, engine: handlebars, preview: true }","meta":{"rootId":"i2qj73b4xk5sml0","id":"kl1temrwsm8xxb0"},"id":"sl26gixp5xbzq47","previousOperationId":"s411svblf9gjqs0"}
{"type":"log","timestamp":1705261143961,"level":"debug","message":"Inline data specified.","meta":{"rootId":"i2qj73b4xk5sml0","id":"kl1temrwsm8xxb0"},"id":"9fofilcipnzgej3","previousOperationId":"s411svblf9gjqs0"}
{"type":"log","timestamp":1705261143970,"level":"debug","message":"Base url not specified, skipping its injection.","meta":{"rootId":"i2qj73b4xk5sml0","id":"kl1temrwsm8xxb0"},"id":"zkovxq9ihbrgpg3","previousOperationId":"s411svblf9gjqs0"}
{"type":"operationStart","subtype":"engine","name":"handlebars","timestamp":1705261143971,"id":"sxaygjo2kcdhylv","previousEventId":"mb7gs1s7pdfz4u6","operationId":"tuonyayir9oo9m7","previousOperationId":"s411svblf9gjqs0"}
{"type":"log","timestamp":1705261143971,"level":"debug","message":"Rendering engine handlebars","meta":{"rootId":"i2qj73b4xk5sml0","id":"kl1temrwsm8xxb0"},"id":"m6mqj0d3pehhyhq","previousOperationId":"tuonyayir9oo9m7"}
{"type":"operationEnd","operationId":"tuonyayir9oo9m7","timestamp":1705261144030,"id":"mjdulyqh4mwkd62","previousEventId":"sxaygjo2kcdhylv","previousOperationId":"tuonyayir9oo9m7"}
{"type":"operationStart","subtype":"recipe","name":"chrome-pdf","timestamp":1705261144031,"id":"s0s81u8ntciom7v","previousEventId":"mjdulyqh4mwkd62","operationId":"1d21ct8tkjozti7","previousOperationId":"tuonyayir9oo9m7"}
{"type":"log","timestamp":1705261144031,"level":"debug","message":"Executing recipe chrome-pdf","meta":{"rootId":"i2qj73b4xk5sml0","id":"kl1temrwsm8xxb0"},"id":"jv4g6wg3dwgryp0","previousOperationId":"1d21ct8tkjozti7"}
{"type":"log","timestamp":1705261144035,"level":"debug","message":"Converting with chrome HeadlessChrome/117.0.5938.149 using chrome-pool strategy","meta":{"rootId":"i2qj73b4xk5sml0","id":"kl1temrwsm8xxb0"},"id":"ug4la1vvnvjb54g","previousOperationId":"1d21ct8tkjozti7"}
{"type":"log","timestamp":1705261144165,"level":"debug","message":"Page request: GET (document) file:///C:/Users/arida/AppData/Local/Temp/jsreport/autocleanup/7d534453-9ae9-469a-bd42-96a8be9bdc3a-chrome-pdf.html","meta":{"rootId":"i2qj73b4xk5sml0","id":"kl1temrwsm8xxb0"},"id":"gw22g27i3hihi44","previousOperationId":"1d21ct8tkjozti7"}
{"type":"log","timestamp":1705261144176,"level":"debug","message":"Page request: GET (stylesheet) https://cdnjs.cloudflare.com/ajax/libs/metro/4.1.5/css/metro.min.css","meta":{"rootId":"i2qj73b4xk5sml0","id":"kl1temrwsm8xxb0"},"id":"e2lqa9iz7gglw4b","previousOperationId":"1d21ct8tkjozti7"}
{"type":"log","timestamp":1705261144176,"level":"debug","message":"Page request finished: GET (document) 200 file:///C:/Users/arida/AppData/Local/Temp/jsreport/autocleanup/7d534453-9ae9-469a-bd42-96a8be9bdc3a-chrome-pdf.html","meta":{"rootId":"i2qj73b4xk5sml0","id":"kl1temrwsm8xxb0"},"id":"lei4o26orwtya1q","previousOperationId":"1d21ct8tkjozti7"}
{"type":"log","timestamp":1705261144197,"level":"debug","message":"Page request finished: GET (stylesheet) 200 https://cdnjs.cloudflare.com/ajax/libs/metro/4.1.5/css/metro.min.css","meta":{"rootId":"i2qj73b4xk5sml0","id":"kl1temrwsm8xxb0"},"id":"gvqv9bf1c7m6723","previousOperationId":"1d21ct8tkjozti7"}
{"type":"log","timestamp":1705261144216,"level":"debug","message":"Running chrome with params {\"printBackground\":true,\"marginTop\":\"1.5cm\",\"marginRight\":\"1.5cm\",\"marginLeft\":\"1.cm\",\"timeout\":57266,\"margin\":{\"top\":\"1.5cm\",\"right\":\"1.5cm\",\"left\":\"1.cm\"}}","meta":{"rootId":"i2qj73b4xk5sml0","id":"kl1temrwsm8xxb0"},"id":"tp9qgyoeu1678qf","previousOperationId":"1d21ct8tkjozti7"}
{"type":"operationEnd","operationId":"1d21ct8tkjozti7","timestamp":1705261144253,"id":"mn616qlza1j54ob","previousEventId":"s0s81u8ntciom7v","previousOperationId":"1d21ct8tkjozti7"}
{"type":"log","timestamp":1705261144254,"level":"debug","message":"Skipping storing report.","meta":{"rootId":"i2qj73b4xk5sml0","id":"kl1temrwsm8xxb0"},"id":"e7nwsvfphtqwefl","previousOperationId":"1d21ct8tkjozti7"}
{"type":"log","timestamp":1705261144254,"level":"info","message":"Rendering (child) request finished in 2954 ms","meta":{"rootId":"i2qj73b4xk5sml0","id":"kl1temrwsm8xxb0"},"id":"cowdoe1mqwa663y","previousOperationId":"1d21ct8tkjozti7"}
{"type":"operationEnd","subtype":"render","operationId":"s411svblf9gjqs0","timestamp":1705261144254,"id":"bxs8u4lwl5dhnmd","previousEventId":"mn616qlza1j54ob","previousOperationId":"1d21ct8tkjozti7"}
{"type":"operationEnd","operationId":"s3tv6v9z5xzgbam","timestamp":1705261144278,"id":"0u3pbl23l3nepj9","previousEventId":"o2qeh9g8nayn3ia","previousOperationId":"s3tv6v9z5xzgbam"}
{"type":"log","timestamp":1705261144278,"level":"debug","message":"pdf-utils postproces start","meta":{"rootId":"i2qj73b4xk5sml0","id":"i2qj73b4xk5sml0"},"id":"4wh3y0kh4skyjta","previousOperationId":"s3tv6v9z5xzgbam"}
{"type":"log","timestamp":1705261144288,"level":"debug","message":"pdf-utils postproces end","meta":{"rootId":"i2qj73b4xk5sml0","id":"i2qj73b4xk5sml0"},"id":"3wkw2rhcri5gtnq","previousOperationId":"s3tv6v9z5xzgbam"}
{"type":"operationEnd","operationId":"ifj2ch7r4hsir22","timestamp":1705261144289,"id":"12wjn71n73gxjcq","previousEventId":"0u3pbl23l3nepj9","previousOperationId":"s3tv6v9z5xzgbam"}
{"type":"log","timestamp":1705261144289,"level":"info","message":"pdf-utils pdf processing was finished","meta":{"rootId":"i2qj73b4xk5sml0","id":"i2qj73b4xk5sml0"},"id":"o04exi89ey73nqu","previousOperationId":"ifj2ch7r4hsir22"}
{"type":"log","timestamp":1705261144289,"level":"debug","message":"Skipping storing report.","meta":{"rootId":"i2qj73b4xk5sml0","id":"i2qj73b4xk5sml0"},"id":"yfiavpi6gburb7d","previousOperationId":"ifj2ch7r4hsir22"}
{"type":"log","timestamp":1705261144289,"level":"info","message":"Rendering request 1 finished in 2989 ms","meta":{"rootId":"i2qj73b4xk5sml0","id":"i2qj73b4xk5sml0"},"id":"33gv8nw16huo8fz","previousOperationId":"ifj2ch7r4hsir22"}
{"type":"operationEnd","subtype":"render","operationId":"vqzsqs8mv7752hy","timestamp":1705261144289,"id":"bsey1hdfkdxhr6o","previousEventId":"12wjn71n73gxjcq","previousOperationId":"ifj2ch7r4hsir22"}
{"type":"operationEnd","doDiffs":false,"previousEventId":"ats7dyy0le7fnke","previousOperationId":"z1857xc5dp1fmym","operationId":"z1857xc5dp1fmym","timestamp":1705261144307,"id":"3vta8go2gmbscck"}
