{"type":"operationStart","subtype":"profile","data":{"_id":"kJJFzWKvqCYqzhE1","timestamp":"2024-01-09T20:38:49.247Z","state":"queued","mode":"standard","creationDate":"2024-01-09T20:38:49.250Z","modificationDate":"2024-01-09T20:38:49.250Z","shortid":"EYxwJ7a","$entitySet":"profiles"},"doDiffs":false,"timestamp":1704832729249,"id":"5ogxqo818f4ghgv","previousOperationId":null,"operationId":"5rq7xcer523fjeg"}
{"type":"log","level":"info","message":"Render request 2 queued for execution and waiting for available worker","previousOperationId":"5rq7xcer523fjeg","timestamp":1704832729249,"id":"jeb3eue9k6kwq4a"}
{"type":"operationStart","subtype":"render","name":"orders-main","previousOperationId":"5rq7xcer523fjeg","timestamp":1704832729260,"id":"awra5hb8bimkjv6","previousEventId":"5ogxqo818f4ghgv","operationId":"z3bpw41wi3d62e2"}
{"type":"log","timestamp":1704832729262,"level":"info","message":"Starting rendering request 2","meta":{"rootId":"id6enc30o6p7v19","id":"id6enc30o6p7v19"},"id":"42yzojlk0k2k3me","previousOperationId":"z3bpw41wi3d62e2"}
{"type":"log","timestamp":1704832729265,"level":"info","message":"Rendering template { name: orders-main, recipe: chrome-pdf, engine: handlebars, preview: false }","meta":{"rootId":"id6enc30o6p7v19","id":"id6enc30o6p7v19"},"id":"aug8y1i7rgg872o","previousOperationId":"z3bpw41wi3d62e2"}
{"type":"log","timestamp":1704832729269,"level":"debug","message":"Data item not defined for this template.","meta":{"rootId":"id6enc30o6p7v19","id":"id6enc30o6p7v19"},"id":"lwkjqe2ra6py2py","previousOperationId":"z3bpw41wi3d62e2"}
{"type":"log","timestamp":1704832729275,"level":"debug","message":"Executing script orders-script (beforeRender)","meta":{"rootId":"id6enc30o6p7v19","id":"id6enc30o6p7v19"},"id":"9o8606qi4lm9n9f","previousOperationId":"z3bpw41wi3d62e2"}
{"type":"operationStart","subtype":"scriptsBeforeRender","name":"scripts beforeRender","timestamp":1704832729684,"id":"hke4023zazhrwnx","previousEventId":"awra5hb8bimkjv6","operationId":"umdfuzsozxx3qfd","previousOperationId":"z3bpw41wi3d62e2"}
{"type":"operationStart","subtype":"script","name":"scripts orders-script","previousOperationId":"umdfuzsozxx3qfd","timestamp":1704832729684,"id":"l9qauxkhcvcpv01","previousEventId":"hke4023zazhrwnx","operationId":"iveme34jbzy6ymj"}
{"type":"log","timestamp":1704832729686,"level":"debug","message":"(console:log) { id: '1' }","meta":{"userLevel":true,"rootId":"id6enc30o6p7v19","id":"id6enc30o6p7v19"},"id":"dckf88c1ueyek7e","previousOperationId":"iveme34jbzy6ymj"}
{"type":"operationEnd","operationId":"iveme34jbzy6ymj","timestamp":1704832730927,"id":"ot05n329rugpnfd","previousEventId":"awra5hb8bimkjv6","previousOperationId":"z3bpw41wi3d62e2"}
{"type":"operationEnd","operationId":"umdfuzsozxx3qfd","timestamp":1704832730927,"id":"jfb3l7ewv1gv3wt","previousEventId":"ot05n329rugpnfd","previousOperationId":"z3bpw41wi3d62e2"}
{"type":"log","timestamp":1704832730927,"level":"debug","message":"Base url not specified, skipping its injection.","meta":{"rootId":"id6enc30o6p7v19","id":"id6enc30o6p7v19"},"id":"vkcs75v4jt79lv3","previousOperationId":"umdfuzsozxx3qfd"}
{"type":"operationStart","subtype":"engine","name":"handlebars","timestamp":1704832730928,"id":"70mn8y7w062shag","previousEventId":"jfb3l7ewv1gv3wt","operationId":"179iuxmvw07txn6","previousOperationId":"umdfuzsozxx3qfd"}
{"type":"log","timestamp":1704832730928,"level":"debug","message":"Rendering engine handlebars","meta":{"rootId":"id6enc30o6p7v19","id":"id6enc30o6p7v19"},"id":"20d6p995honfk8m","previousOperationId":"179iuxmvw07txn6"}
{"type":"log","timestamp":1704832731245,"level":"debug","message":"(console:log) Pdf utils adding group field, value: \"France\"","meta":{"userLevel":true,"rootId":"id6enc30o6p7v19","id":"id6enc30o6p7v19"},"id":"2zsek5ah6itvev5","previousOperationId":"179iuxmvw07txn6"}
{"type":"log","timestamp":1704832731246,"level":"debug","message":"(console:log) Pdf utils adding group field, value: \"Germany\"","meta":{"userLevel":true,"rootId":"id6enc30o6p7v19","id":"id6enc30o6p7v19"},"id":"2of6hc1gkgtbqsp","previousOperationId":"179iuxmvw07txn6"}
{"type":"operationEnd","operationId":"179iuxmvw07txn6","timestamp":1704832731247,"id":"i32y1y9y4frcqmm","previousEventId":"70mn8y7w062shag","previousOperationId":"179iuxmvw07txn6"}
{"type":"operationStart","subtype":"recipe","name":"chrome-pdf","timestamp":1704832731247,"id":"ynv48a5vvg0nsl8","previousEventId":"i32y1y9y4frcqmm","operationId":"nqmh7col1a534fm","previousOperationId":"179iuxmvw07txn6"}
{"type":"log","timestamp":1704832731248,"level":"debug","message":"Executing recipe chrome-pdf","meta":{"rootId":"id6enc30o6p7v19","id":"id6enc30o6p7v19"},"id":"wsiuddqfhep557d","previousOperationId":"nqmh7col1a534fm"}
{"type":"log","timestamp":1704832731964,"level":"debug","message":"Converting with chrome HeadlessChrome/117.0.5938.149 using chrome-pool strategy","meta":{"rootId":"id6enc30o6p7v19","id":"id6enc30o6p7v19"},"id":"vmpphlvmi0eu6ea","previousOperationId":"nqmh7col1a534fm"}
{"type":"log","timestamp":1704832732189,"level":"debug","message":"Page request: GET (document) file:///C:/Users/arida/AppData/Local/Temp/jsreport/autocleanup/5c57d18c-5bc5-4094-bed5-4c4890cd35c5-chrome-pdf.html","meta":{"rootId":"id6enc30o6p7v19","id":"id6enc30o6p7v19"},"id":"9ifhacvrfvlzw7k","previousOperationId":"nqmh7col1a534fm"}
{"type":"log","timestamp":1704832732238,"level":"debug","message":"Page request: GET (stylesheet) https://cdnjs.cloudflare.com/ajax/libs/metro/4.1.5/css/metro.min.css","meta":{"rootId":"id6enc30o6p7v19","id":"id6enc30o6p7v19"},"id":"5ce4lzrk9v6qofm","previousOperationId":"nqmh7col1a534fm"}
{"type":"log","timestamp":1704832732238,"level":"debug","message":"Page request: GET (script) https://cdnjs.cloudflare.com/ajax/libs/Chart.js/2.7.2/Chart.min.js","meta":{"rootId":"id6enc30o6p7v19","id":"id6enc30o6p7v19"},"id":"snh6g6mffpjm4pj","previousOperationId":"nqmh7col1a534fm"}
{"type":"log","timestamp":1704832732239,"level":"debug","message":"Page request finished: GET (document) 200 file:///C:/Users/arida/AppData/Local/Temp/jsreport/autocleanup/5c57d18c-5bc5-4094-bed5-4c4890cd35c5-chrome-pdf.html","meta":{"rootId":"id6enc30o6p7v19","id":"id6enc30o6p7v19"},"id":"yg9ejz7atob52nq","previousOperationId":"nqmh7col1a534fm"}
{"type":"log","timestamp":1704832732430,"level":"debug","message":"Page request finished: GET (stylesheet) 200 https://cdnjs.cloudflare.com/ajax/libs/metro/4.1.5/css/metro.min.css","meta":{"rootId":"id6enc30o6p7v19","id":"id6enc30o6p7v19"},"id":"cp0t2hwkjnnx2w2","previousOperationId":"nqmh7col1a534fm"}
{"type":"log","timestamp":1704832732447,"level":"debug","message":"Page request finished: GET (script) 200 https://cdnjs.cloudflare.com/ajax/libs/Chart.js/2.7.2/Chart.min.js","meta":{"rootId":"id6enc30o6p7v19","id":"id6enc30o6p7v19"},"id":"ti623ejgnkaekec","previousOperationId":"nqmh7col1a534fm"}
{"type":"log","timestamp":1704832732524,"level":"debug","message":"Running chrome with params {\"printBackground\":true,\"marginTop\":\"4cm\",\"marginRight\":\"1.5cm\",\"marginBottom\":\"1.5cm\",\"marginLeft\":\"1.5cm\",\"waitForJS\":false,\"timeout\":57493,\"margin\":{\"top\":\"4cm\",\"right\":\"1.5cm\",\"bottom\":\"1.5cm\",\"left\":\"1.5cm\"}}","meta":{"rootId":"id6enc30o6p7v19","id":"id6enc30o6p7v19"},"id":"f8752vm0qso35z9","previousOperationId":"nqmh7col1a534fm"}
{"type":"operationEnd","operationId":"nqmh7col1a534fm","timestamp":1704832732693,"id":"tqbvyacn4d1npl2","previousEventId":"ynv48a5vvg0nsl8","previousOperationId":"nqmh7col1a534fm"}
{"type":"log","timestamp":1704832732694,"level":"info","message":"pdf-utils is starting pdf processing","meta":{"rootId":"id6enc30o6p7v19","id":"id6enc30o6p7v19"},"id":"50gwbt3yd0cu1rr","previousOperationId":"nqmh7col1a534fm"}
{"type":"operationStart","subtype":"pdfUtils","name":"pdf utils","timestamp":1704832732932,"id":"rohrysgfay5x926","previousEventId":"tqbvyacn4d1npl2","operationId":"5zq18wpz4l6gvtj","previousOperationId":"nqmh7col1a534fm"}
{"type":"log","timestamp":1704832732932,"level":"debug","message":"pdf-utils detected 1 pdf operation(s) to process","meta":{"rootId":"id6enc30o6p7v19","id":"id6enc30o6p7v19"},"id":"4chhwfyc30wztj1","previousOperationId":"5zq18wpz4l6gvtj"}
{"type":"log","timestamp":1704832733185,"level":"debug","message":"pdf-utils running pdf operation merge","meta":{"rootId":"id6enc30o6p7v19","id":"id6enc30o6p7v19"},"id":"wz00688m7mhyqam","previousOperationId":"5zq18wpz4l6gvtj"}
{"type":"operationStart","subtype":"pdfUtilsMerge","name":"pdf utils merge","previousOperationId":"5zq18wpz4l6gvtj","timestamp":1704832733185,"id":"5suibpbwgnxgyy1","previousEventId":"rohrysgfay5x926","operationId":"62a2rdflzltptkz"}
{"type":"operationStart","subtype":"render","name":"orders-header","previousOperationId":"62a2rdflzltptkz","timestamp":1704832733186,"id":"r76gmfvz2v61xau","previousEventId":"5suibpbwgnxgyy1","operationId":"qvuygz8uks7ljn8"}
{"type":"log","timestamp":1704832733186,"level":"info","message":"Starting rendering (child) request","meta":{"rootId":"id6enc30o6p7v19","id":"u9jm3322jiz42ci"},"id":"ynei3i3010spzy5","previousOperationId":"qvuygz8uks7ljn8"}
{"type":"log","timestamp":1704832733186,"level":"info","message":"Rendering template { name: orders-header, recipe: chrome-pdf, engine: handlebars, preview: false }","meta":{"rootId":"id6enc30o6p7v19","id":"u9jm3322jiz42ci"},"id":"j3hhk1f7gy2st9c","previousOperationId":"qvuygz8uks7ljn8"}
{"type":"log","timestamp":1704832733190,"level":"debug","message":"Inline data specified.","meta":{"rootId":"id6enc30o6p7v19","id":"u9jm3322jiz42ci"},"id":"5mr9x87gl2thzm7","previousOperationId":"qvuygz8uks7ljn8"}
{"type":"log","timestamp":1704832733193,"level":"debug","message":"Base url not specified, skipping its injection.","meta":{"rootId":"id6enc30o6p7v19","id":"u9jm3322jiz42ci"},"id":"yjtj3w5lslhv87z","previousOperationId":"qvuygz8uks7ljn8"}
{"type":"operationStart","subtype":"engine","name":"handlebars","timestamp":1704832733193,"id":"35knbgwm6i5k1o1","previousEventId":"r76gmfvz2v61xau","operationId":"xehe3aexki5sdwa","previousOperationId":"qvuygz8uks7ljn8"}
{"type":"log","timestamp":1704832733193,"level":"debug","message":"Rendering engine handlebars","meta":{"rootId":"id6enc30o6p7v19","id":"u9jm3322jiz42ci"},"id":"zk20mhfhz6w75h4","previousOperationId":"xehe3aexki5sdwa"}
{"type":"operationEnd","operationId":"xehe3aexki5sdwa","timestamp":1704832733243,"id":"c6or7gpljag3kei","previousEventId":"35knbgwm6i5k1o1","previousOperationId":"xehe3aexki5sdwa"}
{"type":"operationStart","subtype":"recipe","name":"chrome-pdf","timestamp":1704832733243,"id":"b0ypqhtq7zv2y0g","previousEventId":"c6or7gpljag3kei","operationId":"lftfmw44jflryuo","previousOperationId":"xehe3aexki5sdwa"}
{"type":"log","timestamp":1704832733243,"level":"debug","message":"Executing recipe chrome-pdf","meta":{"rootId":"id6enc30o6p7v19","id":"u9jm3322jiz42ci"},"id":"gm9w3w4d5i90ve0","previousOperationId":"lftfmw44jflryuo"}
{"type":"log","timestamp":1704832733246,"level":"debug","message":"Converting with chrome HeadlessChrome/117.0.5938.149 using chrome-pool strategy","meta":{"rootId":"id6enc30o6p7v19","id":"u9jm3322jiz42ci"},"id":"flnave0gqc4b87q","previousOperationId":"lftfmw44jflryuo"}
{"type":"log","timestamp":1704832733360,"level":"debug","message":"Page request: GET (document) file:///C:/Users/arida/AppData/Local/Temp/jsreport/autocleanup/e49a2889-49de-4ef6-8bc1-1972e05df43e-chrome-pdf.html","meta":{"rootId":"id6enc30o6p7v19","id":"u9jm3322jiz42ci"},"id":"2jyuejfmevylzai","previousOperationId":"lftfmw44jflryuo"}
{"type":"log","timestamp":1704832733371,"level":"debug","message":"Page request: GET (stylesheet) https://cdnjs.cloudflare.com/ajax/libs/metro/4.1.5/css/metro.min.css","meta":{"rootId":"id6enc30o6p7v19","id":"u9jm3322jiz42ci"},"id":"wtqvtuwnh47pj3k","previousOperationId":"lftfmw44jflryuo"}
{"type":"log","timestamp":1704832733372,"level":"debug","message":"Page request finished: GET (document) 200 file:///C:/Users/arida/AppData/Local/Temp/jsreport/autocleanup/e49a2889-49de-4ef6-8bc1-1972e05df43e-chrome-pdf.html","meta":{"rootId":"id6enc30o6p7v19","id":"u9jm3322jiz42ci"},"id":"pl3dxxayoou9aj3","previousOperationId":"lftfmw44jflryuo"}
{"type":"log","timestamp":1704832733389,"level":"debug","message":"Page request finished: GET (stylesheet) 200 https://cdnjs.cloudflare.com/ajax/libs/metro/4.1.5/css/metro.min.css","meta":{"rootId":"id6enc30o6p7v19","id":"u9jm3322jiz42ci"},"id":"smxebw0xs13wojc","previousOperationId":"lftfmw44jflryuo"}
{"type":"log","timestamp":1704832733412,"level":"debug","message":"Running chrome with params {\"printBackground\":true,\"marginTop\":\"1.5cm\",\"marginRight\":\"1.5cm\",\"marginLeft\":\"1.cm\",\"timeout\":56001,\"margin\":{\"top\":\"1.5cm\",\"right\":\"1.5cm\",\"left\":\"1.cm\"}}","meta":{"rootId":"id6enc30o6p7v19","id":"u9jm3322jiz42ci"},"id":"voy7rt4evl59d4m","previousOperationId":"lftfmw44jflryuo"}
{"type":"operationEnd","operationId":"lftfmw44jflryuo","timestamp":1704832733465,"id":"237l8xroijld6lz","previousEventId":"b0ypqhtq7zv2y0g","previousOperationId":"lftfmw44jflryuo"}
{"type":"log","timestamp":1704832733466,"level":"debug","message":"Skipping storing report.","meta":{"rootId":"id6enc30o6p7v19","id":"u9jm3322jiz42ci"},"id":"2vphgm4nm5yc6gi","previousOperationId":"lftfmw44jflryuo"}
{"type":"log","timestamp":1704832733466,"level":"info","message":"Rendering (child) request finished in 4220 ms","meta":{"rootId":"id6enc30o6p7v19","id":"u9jm3322jiz42ci"},"id":"iih15gol33hmlvd","previousOperationId":"lftfmw44jflryuo"}
{"type":"operationEnd","subtype":"render","operationId":"qvuygz8uks7ljn8","timestamp":1704832733467,"id":"ofwqnrebfbmoxrp","previousEventId":"237l8xroijld6lz","previousOperationId":"lftfmw44jflryuo"}
{"type":"operationEnd","operationId":"62a2rdflzltptkz","timestamp":1704832733498,"id":"aoyalmw2eakcz5z","previousEventId":"5suibpbwgnxgyy1","previousOperationId":"62a2rdflzltptkz"}
{"type":"log","timestamp":1704832733498,"level":"debug","message":"pdf-utils postproces start","meta":{"rootId":"id6enc30o6p7v19","id":"id6enc30o6p7v19"},"id":"7kpph31gf1gunel","previousOperationId":"62a2rdflzltptkz"}
{"type":"log","timestamp":1704832733528,"level":"debug","message":"pdf-utils postproces end","meta":{"rootId":"id6enc30o6p7v19","id":"id6enc30o6p7v19"},"id":"7ejnoya0w3ario7","previousOperationId":"62a2rdflzltptkz"}
{"type":"operationEnd","operationId":"5zq18wpz4l6gvtj","timestamp":1704832733528,"id":"25m6zq6g54kmfuw","previousEventId":"aoyalmw2eakcz5z","previousOperationId":"62a2rdflzltptkz"}
{"type":"log","timestamp":1704832733528,"level":"info","message":"pdf-utils pdf processing was finished","meta":{"rootId":"id6enc30o6p7v19","id":"id6enc30o6p7v19"},"id":"fe3o4wjj8jlh19b","previousOperationId":"5zq18wpz4l6gvtj"}
{"type":"log","timestamp":1704832733528,"level":"debug","message":"Skipping storing report.","meta":{"rootId":"id6enc30o6p7v19","id":"id6enc30o6p7v19"},"id":"76jz7zn2fw0dzad","previousOperationId":"5zq18wpz4l6gvtj"}
{"type":"log","timestamp":1704832733528,"level":"info","message":"Rendering request 2 finished in 4282 ms","meta":{"rootId":"id6enc30o6p7v19","id":"id6enc30o6p7v19"},"id":"ixpffh6uhqyx1is","previousOperationId":"5zq18wpz4l6gvtj"}
{"type":"operationEnd","subtype":"render","operationId":"z3bpw41wi3d62e2","timestamp":1704832733528,"id":"hedgtpqj5e62eev","previousEventId":"25m6zq6g54kmfuw","previousOperationId":"5zq18wpz4l6gvtj"}
{"type":"operationEnd","doDiffs":false,"previousEventId":"5ogxqo818f4ghgv","previousOperationId":"5rq7xcer523fjeg","operationId":"5rq7xcer523fjeg","timestamp":1704832733536,"id":"9c6bgr127wbvkjh"}
