{"type":"operationStart","subtype":"profile","data":{"_id":"zBKMf9MjSFCQ2Ppa","timestamp":"2024-01-15T09:46:44.287Z","state":"queued","mode":"standard","creationDate":"2024-01-15T09:46:44.305Z","modificationDate":"2024-01-15T09:46:44.305Z","shortid":"LfYM81X","$entitySet":"profiles"},"doDiffs":false,"timestamp":1705312004292,"id":"vujpgkpc6ks7lvj","previousOperationId":null,"operationId":"wl7wery0p453nre"}
{"type":"log","level":"info","message":"Render request 16 queued for execution and waiting for available worker","previousOperationId":"wl7wery0p453nre","timestamp":1705312004292,"id":"3o6zht4em4uegrg"}
{"type":"operationStart","subtype":"render","name":"orders-main","previousOperationId":"wl7wery0p453nre","timestamp":1705312004388,"id":"oo89a6p1487sk4r","previousEventId":"vujpgkpc6ks7lvj","operationId":"y6oqq725s35wnh6"}
{"type":"log","timestamp":1705312004394,"level":"info","message":"Starting rendering request 16","meta":{"rootId":"ies2hhc6snffjai","id":"ies2hhc6snffjai"},"id":"jitjlsd39qadtsz","previousOperationId":"y6oqq725s35wnh6"}
{"type":"log","timestamp":1705312004399,"level":"info","message":"Rendering template { name: orders-main, recipe: chrome-pdf, engine: handlebars, preview: true }","meta":{"rootId":"ies2hhc6snffjai","id":"ies2hhc6snffjai"},"id":"s66mfxi9i240bs5","previousOperationId":"y6oqq725s35wnh6"}
{"type":"log","timestamp":1705312004413,"level":"debug","message":"Data item not defined for this template.","meta":{"rootId":"ies2hhc6snffjai","id":"ies2hhc6snffjai"},"id":"ozuvjptys3ckke0","previousOperationId":"y6oqq725s35wnh6"}
{"type":"log","timestamp":1705312004425,"level":"debug","message":"Executing script orders-script (beforeRender)","meta":{"rootId":"ies2hhc6snffjai","id":"ies2hhc6snffjai"},"id":"t0k2i002cgbxfkt","previousOperationId":"y6oqq725s35wnh6"}
{"type":"operationStart","subtype":"scriptsBeforeRender","name":"scripts beforeRender","timestamp":1705312004481,"id":"ws0yrg48ibgbwgq","previousEventId":"oo89a6p1487sk4r","operationId":"hvpih76oywgmr96","previousOperationId":"y6oqq725s35wnh6"}
{"type":"operationStart","subtype":"script","name":"scripts orders-script","previousOperationId":"hvpih76oywgmr96","timestamp":1705312004481,"id":"spue5fhjf3csss8","previousEventId":"ws0yrg48ibgbwgq","operationId":"rzrie2jl48t3b5o"}
{"type":"operationEnd","operationId":"rzrie2jl48t3b5o","timestamp":1705312004648,"id":"sig7qiibbjsaq5i","previousEventId":"oo89a6p1487sk4r","previousOperationId":"y6oqq725s35wnh6"}
{"type":"operationEnd","operationId":"hvpih76oywgmr96","timestamp":1705312004648,"id":"i05ug0m1ctcf1cl","previousEventId":"sig7qiibbjsaq5i","previousOperationId":"y6oqq725s35wnh6"}
{"type":"log","timestamp":1705312004648,"level":"debug","message":"Base url not specified, skipping its injection.","meta":{"rootId":"ies2hhc6snffjai","id":"ies2hhc6snffjai"},"id":"7va1mhdhbdactm8","previousOperationId":"hvpih76oywgmr96"}
{"type":"operationStart","subtype":"engine","name":"handlebars","timestamp":1705312004649,"id":"14sh1kcafqf44hg","previousEventId":"i05ug0m1ctcf1cl","operationId":"97kyscavnwzaxuo","previousOperationId":"hvpih76oywgmr96"}
{"type":"log","timestamp":1705312004650,"level":"debug","message":"Rendering engine handlebars","meta":{"rootId":"ies2hhc6snffjai","id":"ies2hhc6snffjai"},"id":"65il1pxwevhrxoq","previousOperationId":"97kyscavnwzaxuo"}
{"type":"operationEnd","operationId":"97kyscavnwzaxuo","timestamp":1705312004691,"id":"tu8vf3hoclhbk7l","previousEventId":"14sh1kcafqf44hg","previousOperationId":"97kyscavnwzaxuo"}
{"type":"operationStart","subtype":"recipe","name":"chrome-pdf","timestamp":1705312004693,"id":"4fi8veqrzqruan2","previousEventId":"tu8vf3hoclhbk7l","operationId":"axllfnt8vr9mt0d","previousOperationId":"97kyscavnwzaxuo"}
{"type":"log","timestamp":1705312004693,"level":"debug","message":"Executing recipe chrome-pdf","meta":{"rootId":"ies2hhc6snffjai","id":"ies2hhc6snffjai"},"id":"jkdlm90zk2k4osp","previousOperationId":"axllfnt8vr9mt0d"}
{"type":"log","timestamp":1705312005700,"level":"debug","message":"Converting with chrome HeadlessChrome/117.0.5938.149 using chrome-pool strategy","meta":{"rootId":"ies2hhc6snffjai","id":"ies2hhc6snffjai"},"id":"g02u63i3epgbhv3","previousOperationId":"axllfnt8vr9mt0d"}
{"type":"log","timestamp":1705312007542,"level":"debug","message":"Page request: GET (document) file:///C:/Users/arida/AppData/Local/Temp/jsreport/autocleanup/260acc95-dd13-4c6c-ae53-24b68c9a96fb-chrome-pdf.html","meta":{"rootId":"ies2hhc6snffjai","id":"ies2hhc6snffjai"},"id":"5nb0vwor40evj00","previousOperationId":"axllfnt8vr9mt0d"}
{"type":"log","timestamp":1705312007616,"level":"debug","message":"Page request: GET (stylesheet) https://cdnjs.cloudflare.com/ajax/libs/metro/4.1.5/css/metro.min.css","meta":{"rootId":"ies2hhc6snffjai","id":"ies2hhc6snffjai"},"id":"v8252dwzp1hg8qu","previousOperationId":"axllfnt8vr9mt0d"}
{"type":"log","timestamp":1705312007617,"level":"debug","message":"Page request: GET (script) https://cdnjs.cloudflare.com/ajax/libs/Chart.js/2.7.2/Chart.min.js","meta":{"rootId":"ies2hhc6snffjai","id":"ies2hhc6snffjai"},"id":"bbkqjtwvkn0b0ed","previousOperationId":"axllfnt8vr9mt0d"}
{"type":"log","timestamp":1705312007618,"level":"debug","message":"Page request finished: GET (document) 200 file:///C:/Users/arida/AppData/Local/Temp/jsreport/autocleanup/260acc95-dd13-4c6c-ae53-24b68c9a96fb-chrome-pdf.html","meta":{"rootId":"ies2hhc6snffjai","id":"ies2hhc6snffjai"},"id":"eydk029aeva2zfd","previousOperationId":"axllfnt8vr9mt0d"}
{"type":"log","timestamp":1705312010284,"level":"debug","message":"Page request finished: GET (stylesheet) 200 https://cdnjs.cloudflare.com/ajax/libs/metro/4.1.5/css/metro.min.css","meta":{"rootId":"ies2hhc6snffjai","id":"ies2hhc6snffjai"},"id":"dw9c2cezbd78aua","previousOperationId":"axllfnt8vr9mt0d"}
{"type":"log","timestamp":1705312010285,"level":"debug","message":"Page request finished: GET (script) 200 https://cdnjs.cloudflare.com/ajax/libs/Chart.js/2.7.2/Chart.min.js","meta":{"rootId":"ies2hhc6snffjai","id":"ies2hhc6snffjai"},"id":"ntezsly1puvgltn","previousOperationId":"axllfnt8vr9mt0d"}
{"type":"log","timestamp":1705312010316,"level":"warn","message":"Page error: \"undefined\" is not valid JSON\nJSON.parse (<anonymous>) , stack: SyntaxError: \"undefined\" is not valid JSON\nJSON.parse (<anonymous>)\n    at <anonymous> (file:///C:/Users/arida/AppData/Local/Temp/jsreport/autocleanup/260acc95-dd13-4c6c-ae53-24b68c9a96fb-chrome-pdf.html:20:14)","meta":{"rootId":"ies2hhc6snffjai","id":"ies2hhc6snffjai"},"id":"0pclm52w65cb559","previousOperationId":"axllfnt8vr9mt0d"}
{"type":"log","timestamp":1705312010317,"level":"warn","message":"Page error: \"undefined\" is not valid JSON\nJSON.parse (<anonymous>) , stack: SyntaxError: \"undefined\" is not valid JSON\nJSON.parse (<anonymous>)\n    at <anonymous> (file:///C:/Users/arida/AppData/Local/Temp/jsreport/autocleanup/260acc95-dd13-4c6c-ae53-24b68c9a96fb-chrome-pdf.html:51:14)","meta":{"rootId":"ies2hhc6snffjai","id":"ies2hhc6snffjai"},"id":"swvbqyt9zfjgr2g","previousOperationId":"axllfnt8vr9mt0d"}
{"type":"log","timestamp":1705312010427,"level":"debug","message":"Running chrome with params {\"printBackground\":true,\"marginTop\":\"4cm\",\"marginRight\":\"1.5cm\",\"marginBottom\":\"1.5cm\",\"marginLeft\":\"1.5cm\",\"waitForJS\":false,\"timeout\":59585,\"margin\":{\"top\":\"4cm\",\"right\":\"1.5cm\",\"bottom\":\"1.5cm\",\"left\":\"1.5cm\"}}","meta":{"rootId":"ies2hhc6snffjai","id":"ies2hhc6snffjai"},"id":"pj868ufxlgrrc49","previousOperationId":"axllfnt8vr9mt0d"}
{"type":"operationEnd","operationId":"axllfnt8vr9mt0d","timestamp":1705312010514,"id":"kjxih21tvd2hsol","previousEventId":"4fi8veqrzqruan2","previousOperationId":"axllfnt8vr9mt0d"}
{"type":"log","timestamp":1705312010514,"level":"info","message":"pdf-utils is starting pdf processing","meta":{"rootId":"ies2hhc6snffjai","id":"ies2hhc6snffjai"},"id":"kt6cprmvm9vktb2","previousOperationId":"axllfnt8vr9mt0d"}
{"type":"operationStart","subtype":"pdfUtils","name":"pdf utils","timestamp":1705312010514,"id":"35qausevd1445rq","previousEventId":"kjxih21tvd2hsol","operationId":"4hjw4ex6wo9rjq4","previousOperationId":"axllfnt8vr9mt0d"}
{"type":"log","timestamp":1705312010514,"level":"debug","message":"pdf-utils detected 1 pdf operation(s) to process","meta":{"rootId":"ies2hhc6snffjai","id":"ies2hhc6snffjai"},"id":"rbq4dxbcgb7ggo8","previousOperationId":"4hjw4ex6wo9rjq4"}
{"type":"log","timestamp":1705312010529,"level":"debug","message":"pdf-utils running pdf operation merge","meta":{"rootId":"ies2hhc6snffjai","id":"ies2hhc6snffjai"},"id":"kzxvqj6vxc441ip","previousOperationId":"4hjw4ex6wo9rjq4"}
{"type":"operationStart","subtype":"pdfUtilsMerge","name":"pdf utils merge","previousOperationId":"4hjw4ex6wo9rjq4","timestamp":1705312010529,"id":"pel8ewmxphshh9x","previousEventId":"35qausevd1445rq","operationId":"4dnaktcmb2vnlh9"}
{"type":"operationStart","subtype":"render","name":"orders-header","previousOperationId":"4dnaktcmb2vnlh9","timestamp":1705312010530,"id":"vczheboqhkszu4b","previousEventId":"pel8ewmxphshh9x","operationId":"vmscinuabym2ofs"}
{"type":"log","timestamp":1705312010530,"level":"info","message":"Starting rendering (child) request","meta":{"rootId":"ies2hhc6snffjai","id":"jhbuqgqabthpqga"},"id":"lvhpm1hh1ngoeq1","previousOperationId":"vmscinuabym2ofs"}
{"type":"log","timestamp":1705312010530,"level":"info","message":"Rendering template { name: orders-header, recipe: chrome-pdf, engine: handlebars, preview: true }","meta":{"rootId":"ies2hhc6snffjai","id":"jhbuqgqabthpqga"},"id":"l4bi0kbykh6c2r4","previousOperationId":"vmscinuabym2ofs"}
{"type":"log","timestamp":1705312010536,"level":"debug","message":"Inline data specified.","meta":{"rootId":"ies2hhc6snffjai","id":"jhbuqgqabthpqga"},"id":"8rsv76c2rbx4hwl","previousOperationId":"vmscinuabym2ofs"}
{"type":"log","timestamp":1705312010538,"level":"debug","message":"Base url not specified, skipping its injection.","meta":{"rootId":"ies2hhc6snffjai","id":"jhbuqgqabthpqga"},"id":"5ojh13znt7nbpdk","previousOperationId":"vmscinuabym2ofs"}
{"type":"operationStart","subtype":"engine","name":"handlebars","timestamp":1705312010538,"id":"rermxwwq8bumu9k","previousEventId":"vczheboqhkszu4b","operationId":"3dra80q8tmole7d","previousOperationId":"vmscinuabym2ofs"}
{"type":"log","timestamp":1705312010538,"level":"debug","message":"Rendering engine handlebars","meta":{"rootId":"ies2hhc6snffjai","id":"jhbuqgqabthpqga"},"id":"ntg1w1zucjy5pzy","previousOperationId":"3dra80q8tmole7d"}
{"type":"operationEnd","operationId":"3dra80q8tmole7d","timestamp":1705312010556,"id":"76i9z26btnkch0w","previousEventId":"rermxwwq8bumu9k","previousOperationId":"3dra80q8tmole7d"}
{"type":"operationStart","subtype":"recipe","name":"chrome-pdf","timestamp":1705312010556,"id":"eqs6mh6casvyf62","previousEventId":"76i9z26btnkch0w","operationId":"rvwt5nfjh9h5iyr","previousOperationId":"3dra80q8tmole7d"}
{"type":"log","timestamp":1705312010556,"level":"debug","message":"Executing recipe chrome-pdf","meta":{"rootId":"ies2hhc6snffjai","id":"jhbuqgqabthpqga"},"id":"tzf04dfrrd41rtj","previousOperationId":"rvwt5nfjh9h5iyr"}
{"type":"log","timestamp":1705312010559,"level":"debug","message":"Converting with chrome HeadlessChrome/117.0.5938.149 using chrome-pool strategy","meta":{"rootId":"ies2hhc6snffjai","id":"jhbuqgqabthpqga"},"id":"9uji7zl5tnxg0fu","previousOperationId":"rvwt5nfjh9h5iyr"}
{"type":"log","timestamp":1705312010732,"level":"debug","message":"Page request: GET (document) file:///C:/Users/arida/AppData/Local/Temp/jsreport/autocleanup/3a2e9634-e062-4905-997a-ff0ec6c773ef-chrome-pdf.html","meta":{"rootId":"ies2hhc6snffjai","id":"jhbuqgqabthpqga"},"id":"on7gqqdpbzcem50","previousOperationId":"rvwt5nfjh9h5iyr"}
{"type":"log","timestamp":1705312010755,"level":"debug","message":"Page request: GET (stylesheet) https://cdnjs.cloudflare.com/ajax/libs/metro/4.1.5/css/metro.min.css","meta":{"rootId":"ies2hhc6snffjai","id":"jhbuqgqabthpqga"},"id":"p4ztv7bnrxb3p8s","previousOperationId":"rvwt5nfjh9h5iyr"}
{"type":"log","timestamp":1705312010755,"level":"debug","message":"Page request finished: GET (document) 200 file:///C:/Users/arida/AppData/Local/Temp/jsreport/autocleanup/3a2e9634-e062-4905-997a-ff0ec6c773ef-chrome-pdf.html","meta":{"rootId":"ies2hhc6snffjai","id":"jhbuqgqabthpqga"},"id":"nmoc6k76z81kpew","previousOperationId":"rvwt5nfjh9h5iyr"}
{"type":"log","timestamp":1705312010791,"level":"debug","message":"Page request finished: GET (stylesheet) 200 https://cdnjs.cloudflare.com/ajax/libs/metro/4.1.5/css/metro.min.css","meta":{"rootId":"ies2hhc6snffjai","id":"jhbuqgqabthpqga"},"id":"wrbz8akyk9kzjjt","previousOperationId":"rvwt5nfjh9h5iyr"}
{"type":"log","timestamp":1705312010840,"level":"debug","message":"Running chrome with params {\"printBackground\":true,\"marginTop\":\"1.5cm\",\"marginRight\":\"1.5cm\",\"marginLeft\":\"1.cm\",\"timeout\":53727,\"margin\":{\"top\":\"1.5cm\",\"right\":\"1.5cm\",\"left\":\"1.cm\"}}","meta":{"rootId":"ies2hhc6snffjai","id":"jhbuqgqabthpqga"},"id":"pefg2oqg2cvxhm4","previousOperationId":"rvwt5nfjh9h5iyr"}
{"type":"operationEnd","operationId":"rvwt5nfjh9h5iyr","timestamp":1705312010902,"id":"kv13ppmz720wx0n","previousEventId":"eqs6mh6casvyf62","previousOperationId":"rvwt5nfjh9h5iyr"}
{"type":"log","timestamp":1705312010902,"level":"debug","message":"Skipping storing report.","meta":{"rootId":"ies2hhc6snffjai","id":"jhbuqgqabthpqga"},"id":"yxbnrmabbgr131l","previousOperationId":"rvwt5nfjh9h5iyr"}
{"type":"log","timestamp":1705312010902,"level":"info","message":"Rendering (child) request finished in 6617 ms","meta":{"rootId":"ies2hhc6snffjai","id":"jhbuqgqabthpqga"},"id":"ll2pph03dhzekg9","previousOperationId":"rvwt5nfjh9h5iyr"}
{"type":"operationEnd","subtype":"render","operationId":"vmscinuabym2ofs","timestamp":1705312010902,"id":"wbxelemvi7at136","previousEventId":"kv13ppmz720wx0n","previousOperationId":"rvwt5nfjh9h5iyr"}
{"type":"operationEnd","operationId":"4dnaktcmb2vnlh9","timestamp":1705312010910,"id":"rf1q1wb282wdril","previousEventId":"pel8ewmxphshh9x","previousOperationId":"4dnaktcmb2vnlh9"}
{"type":"log","timestamp":1705312010910,"level":"debug","message":"pdf-utils postproces start","meta":{"rootId":"ies2hhc6snffjai","id":"ies2hhc6snffjai"},"id":"i4rhnog6kajpn6s","previousOperationId":"4dnaktcmb2vnlh9"}
{"type":"log","timestamp":1705312010917,"level":"debug","message":"pdf-utils postproces end","meta":{"rootId":"ies2hhc6snffjai","id":"ies2hhc6snffjai"},"id":"9dognyzywaeebf7","previousOperationId":"4dnaktcmb2vnlh9"}
{"type":"operationEnd","operationId":"4hjw4ex6wo9rjq4","timestamp":1705312010917,"id":"14rye9dow77w7xy","previousEventId":"rf1q1wb282wdril","previousOperationId":"4dnaktcmb2vnlh9"}
{"type":"log","timestamp":1705312010917,"level":"info","message":"pdf-utils pdf processing was finished","meta":{"rootId":"ies2hhc6snffjai","id":"ies2hhc6snffjai"},"id":"v74xjr5txpgk18o","previousOperationId":"4hjw4ex6wo9rjq4"}
{"type":"log","timestamp":1705312010917,"level":"debug","message":"Skipping storing report.","meta":{"rootId":"ies2hhc6snffjai","id":"ies2hhc6snffjai"},"id":"d2hupa9pa2wa85q","previousOperationId":"4hjw4ex6wo9rjq4"}
{"type":"log","timestamp":1705312010917,"level":"info","message":"Rendering request 16 finished in 6632 ms","meta":{"rootId":"ies2hhc6snffjai","id":"ies2hhc6snffjai"},"id":"plggnx7g0xuxg4o","previousOperationId":"4hjw4ex6wo9rjq4"}
{"type":"operationEnd","subtype":"render","operationId":"y6oqq725s35wnh6","timestamp":1705312010917,"id":"z6vm2w1h8cydf85","previousEventId":"14rye9dow77w7xy","previousOperationId":"4hjw4ex6wo9rjq4"}
{"type":"operationEnd","doDiffs":false,"previousEventId":"vujpgkpc6ks7lvj","previousOperationId":"wl7wery0p453nre","operationId":"wl7wery0p453nre","timestamp":1705312010926,"id":"8r7swtl2eh8670y"}
