{"type":"operationStart","subtype":"profile","data":{"_id":"TURhNJ7Rn2oXa7gj","timestamp":"2024-01-09T20:03:43.493Z","state":"queued","mode":"standard","creationDate":"2024-01-09T20:03:43.496Z","modificationDate":"2024-01-09T20:03:43.496Z","shortid":"GjpqcLu","$entitySet":"profiles"},"doDiffs":false,"timestamp":1704830623495,"id":"y1bq856hyyw4644","previousOperationId":null,"operationId":"5bu8fmq58r3preo"}
{"type":"log","level":"info","message":"Render request 3 queued for execution and waiting for available worker","previousOperationId":"5bu8fmq58r3preo","timestamp":1704830623495,"id":"35torsyecyzc2vb"}
{"type":"operationStart","subtype":"render","name":"orders-main","previousOperationId":"5bu8fmq58r3preo","timestamp":1704830623503,"id":"uevkzkw1213aypa","previousEventId":"y1bq856hyyw4644","operationId":"2bfn6kjcjkinlie"}
{"type":"log","timestamp":1704830623503,"level":"info","message":"Starting rendering request 3","meta":{"rootId":"iy7dee2bq9knka6","id":"iy7dee2bq9knka6"},"id":"h27c8rn0yqejwf2","previousOperationId":"2bfn6kjcjkinlie"}
{"type":"log","timestamp":1704830623504,"level":"info","message":"Rendering template { name: orders-main, recipe: chrome-pdf, engine: handlebars, preview: false }","meta":{"rootId":"iy7dee2bq9knka6","id":"iy7dee2bq9knka6"},"id":"kfb8nxumjo9ietq","previousOperationId":"2bfn6kjcjkinlie"}
{"type":"log","timestamp":1704830623505,"level":"debug","message":"Data item not defined for this template.","meta":{"rootId":"iy7dee2bq9knka6","id":"iy7dee2bq9knka6"},"id":"sk65e6bddqtje97","previousOperationId":"2bfn6kjcjkinlie"}
{"type":"log","timestamp":1704830623512,"level":"debug","message":"Executing script orders-script (beforeRender)","meta":{"rootId":"iy7dee2bq9knka6","id":"iy7dee2bq9knka6"},"id":"n8jrgkce06w4nau","previousOperationId":"2bfn6kjcjkinlie"}
{"type":"operationStart","subtype":"scriptsBeforeRender","name":"scripts beforeRender","timestamp":1704830623537,"id":"ais6emcpw91yrnl","previousEventId":"uevkzkw1213aypa","operationId":"1qcxdy9nsvzt710","previousOperationId":"2bfn6kjcjkinlie"}
{"type":"operationStart","subtype":"script","name":"scripts orders-script","previousOperationId":"1qcxdy9nsvzt710","timestamp":1704830623537,"id":"wl73e4ftsnbpteg","previousEventId":"ais6emcpw91yrnl","operationId":"vgbcftttwzbna7y"}
{"type":"log","timestamp":1704830624431,"level":"debug","message":"(console:log) undefined","meta":{"userLevel":true,"rootId":"iy7dee2bq9knka6","id":"iy7dee2bq9knka6"},"id":"wcz90ie4wwqqapi","previousOperationId":"vgbcftttwzbna7y"}
{"type":"operationEnd","operationId":"vgbcftttwzbna7y","timestamp":1704830624839,"id":"3gokkbx0xln0e2n","previousEventId":"uevkzkw1213aypa","previousOperationId":"2bfn6kjcjkinlie"}
{"type":"operationEnd","operationId":"1qcxdy9nsvzt710","timestamp":1704830624839,"id":"evctltdiyxaatg6","previousEventId":"3gokkbx0xln0e2n","previousOperationId":"2bfn6kjcjkinlie"}
{"type":"log","timestamp":1704830624839,"level":"debug","message":"Base url not specified, skipping its injection.","meta":{"rootId":"iy7dee2bq9knka6","id":"iy7dee2bq9knka6"},"id":"cint4slxtcvtfuw","previousOperationId":"1qcxdy9nsvzt710"}
{"type":"operationStart","subtype":"engine","name":"handlebars","timestamp":1704830624840,"id":"4ah33g01ays6ku0","previousEventId":"evctltdiyxaatg6","operationId":"0osg8gmtckpbu8o","previousOperationId":"1qcxdy9nsvzt710"}
{"type":"log","timestamp":1704830624840,"level":"debug","message":"Rendering engine handlebars","meta":{"rootId":"iy7dee2bq9knka6","id":"iy7dee2bq9knka6"},"id":"qe9t2oiyujxpz8u","previousOperationId":"0osg8gmtckpbu8o"}
{"type":"log","timestamp":1704830624871,"level":"debug","message":"(console:log) Pdf utils adding group field, value: \"France\"","meta":{"userLevel":true,"rootId":"iy7dee2bq9knka6","id":"iy7dee2bq9knka6"},"id":"9yj62092auvd9yz","previousOperationId":"0osg8gmtckpbu8o"}
{"type":"log","timestamp":1704830624872,"level":"debug","message":"(console:log) Pdf utils adding group field, value: \"Germany\"","meta":{"userLevel":true,"rootId":"iy7dee2bq9knka6","id":"iy7dee2bq9knka6"},"id":"a3zrw9g9erth8o2","previousOperationId":"0osg8gmtckpbu8o"}
{"type":"operationEnd","operationId":"0osg8gmtckpbu8o","timestamp":1704830624873,"id":"teowyu6f0w8abia","previousEventId":"4ah33g01ays6ku0","previousOperationId":"0osg8gmtckpbu8o"}
{"type":"operationStart","subtype":"recipe","name":"chrome-pdf","timestamp":1704830624877,"id":"9wpcqij5le9v5c6","previousEventId":"teowyu6f0w8abia","operationId":"iy11knilytyodun","previousOperationId":"0osg8gmtckpbu8o"}
{"type":"log","timestamp":1704830624877,"level":"debug","message":"Executing recipe chrome-pdf","meta":{"rootId":"iy7dee2bq9knka6","id":"iy7dee2bq9knka6"},"id":"wg4ai5579siggjh","previousOperationId":"iy11knilytyodun"}
{"type":"log","timestamp":1704830624881,"level":"debug","message":"Converting with chrome HeadlessChrome/117.0.5938.149 using chrome-pool strategy","meta":{"rootId":"iy7dee2bq9knka6","id":"iy7dee2bq9knka6"},"id":"qzrklo004p2fmcm","previousOperationId":"iy11knilytyodun"}
{"type":"log","timestamp":1704830625010,"level":"debug","message":"Page request: GET (document) file:///C:/Users/arida/AppData/Local/Temp/jsreport/autocleanup/5c2fd8d9-347a-491e-9aeb-c302aa2fa14c-chrome-pdf.html","meta":{"rootId":"iy7dee2bq9knka6","id":"iy7dee2bq9knka6"},"id":"tdvzebg6li0zdm7","previousOperationId":"iy11knilytyodun"}
{"type":"log","timestamp":1704830625069,"level":"debug","message":"Page request: GET (stylesheet) https://cdnjs.cloudflare.com/ajax/libs/metro/4.1.5/css/metro.min.css","meta":{"rootId":"iy7dee2bq9knka6","id":"iy7dee2bq9knka6"},"id":"dllq99u7e94n506","previousOperationId":"iy11knilytyodun"}
{"type":"log","timestamp":1704830625070,"level":"debug","message":"Page request: GET (script) https://cdnjs.cloudflare.com/ajax/libs/Chart.js/2.7.2/Chart.min.js","meta":{"rootId":"iy7dee2bq9knka6","id":"iy7dee2bq9knka6"},"id":"r5cyjzo8kelss7g","previousOperationId":"iy11knilytyodun"}
{"type":"log","timestamp":1704830625070,"level":"debug","message":"Page request finished: GET (document) 200 file:///C:/Users/arida/AppData/Local/Temp/jsreport/autocleanup/5c2fd8d9-347a-491e-9aeb-c302aa2fa14c-chrome-pdf.html","meta":{"rootId":"iy7dee2bq9knka6","id":"iy7dee2bq9knka6"},"id":"si8hqhsxphx5c2c","previousOperationId":"iy11knilytyodun"}
{"type":"log","timestamp":1704830625094,"level":"debug","message":"Page request finished: GET (stylesheet) 200 https://cdnjs.cloudflare.com/ajax/libs/metro/4.1.5/css/metro.min.css","meta":{"rootId":"iy7dee2bq9knka6","id":"iy7dee2bq9knka6"},"id":"w687uy5rcxrb4tu","previousOperationId":"iy11knilytyodun"}
{"type":"log","timestamp":1704830625094,"level":"debug","message":"Page request finished: GET (script) 200 https://cdnjs.cloudflare.com/ajax/libs/Chart.js/2.7.2/Chart.min.js","meta":{"rootId":"iy7dee2bq9knka6","id":"iy7dee2bq9knka6"},"id":"s0tcwpaghg0zulr","previousOperationId":"iy11knilytyodun"}
{"type":"log","timestamp":1704830625198,"level":"debug","message":"Running chrome with params {\"printBackground\":true,\"marginTop\":\"4cm\",\"marginRight\":\"1.5cm\",\"marginBottom\":\"1.5cm\",\"marginLeft\":\"1.5cm\",\"waitForJS\":false,\"timeout\":58612,\"margin\":{\"top\":\"4cm\",\"right\":\"1.5cm\",\"bottom\":\"1.5cm\",\"left\":\"1.5cm\"}}","meta":{"rootId":"iy7dee2bq9knka6","id":"iy7dee2bq9knka6"},"id":"wzukkcjridlooq2","previousOperationId":"iy11knilytyodun"}
{"type":"operationEnd","operationId":"iy11knilytyodun","timestamp":1704830625403,"id":"j7dcxgdq6boq8id","previousEventId":"9wpcqij5le9v5c6","previousOperationId":"iy11knilytyodun"}
{"type":"log","timestamp":1704830625403,"level":"info","message":"pdf-utils is starting pdf processing","meta":{"rootId":"iy7dee2bq9knka6","id":"iy7dee2bq9knka6"},"id":"7hf0u2w9veqxt9u","previousOperationId":"iy11knilytyodun"}
{"type":"operationStart","subtype":"pdfUtils","name":"pdf utils","timestamp":1704830625403,"id":"bcqeixqe60xarpv","previousEventId":"j7dcxgdq6boq8id","operationId":"j8cjenp237vq6gh","previousOperationId":"iy11knilytyodun"}
{"type":"log","timestamp":1704830625403,"level":"debug","message":"pdf-utils detected 1 pdf operation(s) to process","meta":{"rootId":"iy7dee2bq9knka6","id":"iy7dee2bq9knka6"},"id":"hqmhd0m2ijs43xp","previousOperationId":"j8cjenp237vq6gh"}
{"type":"log","timestamp":1704830625478,"level":"debug","message":"pdf-utils running pdf operation merge","meta":{"rootId":"iy7dee2bq9knka6","id":"iy7dee2bq9knka6"},"id":"3vgjyvzmn0le0i6","previousOperationId":"j8cjenp237vq6gh"}
{"type":"operationStart","subtype":"pdfUtilsMerge","name":"pdf utils merge","previousOperationId":"j8cjenp237vq6gh","timestamp":1704830625478,"id":"bfsyritvdjd4ton","previousEventId":"bcqeixqe60xarpv","operationId":"i5wwr7ybf15ki7n"}
{"type":"operationStart","subtype":"render","name":"orders-header","previousOperationId":"i5wwr7ybf15ki7n","timestamp":1704830625479,"id":"3zee3spnscdhig4","previousEventId":"bfsyritvdjd4ton","operationId":"ayt8m0lp0454doe"}
{"type":"log","timestamp":1704830625479,"level":"info","message":"Starting rendering (child) request","meta":{"rootId":"iy7dee2bq9knka6","id":"qr3g51occgqbkpr"},"id":"218i4w1h58pjaum","previousOperationId":"ayt8m0lp0454doe"}
{"type":"log","timestamp":1704830625480,"level":"info","message":"Rendering template { name: orders-header, recipe: chrome-pdf, engine: handlebars, preview: false }","meta":{"rootId":"iy7dee2bq9knka6","id":"qr3g51occgqbkpr"},"id":"1do38pozcflgmcp","previousOperationId":"ayt8m0lp0454doe"}
{"type":"log","timestamp":1704830625481,"level":"debug","message":"Inline data specified.","meta":{"rootId":"iy7dee2bq9knka6","id":"qr3g51occgqbkpr"},"id":"3n920kqefggay9d","previousOperationId":"ayt8m0lp0454doe"}
{"type":"log","timestamp":1704830625484,"level":"debug","message":"Base url not specified, skipping its injection.","meta":{"rootId":"iy7dee2bq9knka6","id":"qr3g51occgqbkpr"},"id":"bu4dcrh3n64s6ip","previousOperationId":"ayt8m0lp0454doe"}
{"type":"operationStart","subtype":"engine","name":"handlebars","timestamp":1704830625484,"id":"x0esywl4qwkxa8n","previousEventId":"3zee3spnscdhig4","operationId":"9uxnyiv5kirvl3c","previousOperationId":"ayt8m0lp0454doe"}
{"type":"log","timestamp":1704830625484,"level":"debug","message":"Rendering engine handlebars","meta":{"rootId":"iy7dee2bq9knka6","id":"qr3g51occgqbkpr"},"id":"uctbt128iunpa0o","previousOperationId":"9uxnyiv5kirvl3c"}
{"type":"operationEnd","operationId":"9uxnyiv5kirvl3c","timestamp":1704830625501,"id":"3x3qhggt1svvacn","previousEventId":"x0esywl4qwkxa8n","previousOperationId":"9uxnyiv5kirvl3c"}
{"type":"operationStart","subtype":"recipe","name":"chrome-pdf","timestamp":1704830625502,"id":"4zakm10msnaed7j","previousEventId":"3x3qhggt1svvacn","operationId":"5m1q0ie7r3uovci","previousOperationId":"9uxnyiv5kirvl3c"}
{"type":"log","timestamp":1704830625502,"level":"debug","message":"Executing recipe chrome-pdf","meta":{"rootId":"iy7dee2bq9knka6","id":"qr3g51occgqbkpr"},"id":"tdy1dkikizk9c1h","previousOperationId":"5m1q0ie7r3uovci"}
{"type":"log","timestamp":1704830625504,"level":"debug","message":"Converting with chrome HeadlessChrome/117.0.5938.149 using chrome-pool strategy","meta":{"rootId":"iy7dee2bq9knka6","id":"qr3g51occgqbkpr"},"id":"pxd284gtu3cn1ha","previousOperationId":"5m1q0ie7r3uovci"}
{"type":"log","timestamp":1704830625619,"level":"debug","message":"Page request: GET (document) file:///C:/Users/arida/AppData/Local/Temp/jsreport/autocleanup/eec05495-47a8-4ec5-bbe8-72e04a84a579-chrome-pdf.html","meta":{"rootId":"iy7dee2bq9knka6","id":"qr3g51occgqbkpr"},"id":"4nz4i2k6i0mgkrz","previousOperationId":"5m1q0ie7r3uovci"}
{"type":"log","timestamp":1704830625632,"level":"debug","message":"Page request: GET (stylesheet) https://cdnjs.cloudflare.com/ajax/libs/metro/4.1.5/css/metro.min.css","meta":{"rootId":"iy7dee2bq9knka6","id":"qr3g51occgqbkpr"},"id":"qv6lnr9akczpnr7","previousOperationId":"5m1q0ie7r3uovci"}
{"type":"log","timestamp":1704830625633,"level":"debug","message":"Page request finished: GET (document) 200 file:///C:/Users/arida/AppData/Local/Temp/jsreport/autocleanup/eec05495-47a8-4ec5-bbe8-72e04a84a579-chrome-pdf.html","meta":{"rootId":"iy7dee2bq9knka6","id":"qr3g51occgqbkpr"},"id":"bonrpeq4z11bkdb","previousOperationId":"5m1q0ie7r3uovci"}
{"type":"log","timestamp":1704830625655,"level":"debug","message":"Page request finished: GET (stylesheet) 200 https://cdnjs.cloudflare.com/ajax/libs/metro/4.1.5/css/metro.min.css","meta":{"rootId":"iy7dee2bq9knka6","id":"qr3g51occgqbkpr"},"id":"uf698p0ghfqi4ha","previousOperationId":"5m1q0ie7r3uovci"}
{"type":"log","timestamp":1704830625682,"level":"debug","message":"Running chrome with params {\"printBackground\":true,\"marginTop\":\"1.5cm\",\"marginRight\":\"1.5cm\",\"marginLeft\":\"1.cm\",\"timeout\":57989,\"margin\":{\"top\":\"1.5cm\",\"right\":\"1.5cm\",\"left\":\"1.cm\"}}","meta":{"rootId":"iy7dee2bq9knka6","id":"qr3g51occgqbkpr"},"id":"lfsdmu8wtryebjp","previousOperationId":"5m1q0ie7r3uovci"}
{"type":"operationEnd","operationId":"5m1q0ie7r3uovci","timestamp":1704830625740,"id":"a8jcp9ve5junygz","previousEventId":"4zakm10msnaed7j","previousOperationId":"5m1q0ie7r3uovci"}
{"type":"log","timestamp":1704830625740,"level":"debug","message":"Skipping storing report.","meta":{"rootId":"iy7dee2bq9knka6","id":"qr3g51occgqbkpr"},"id":"qpcdt0pj1t4h5cf","previousOperationId":"5m1q0ie7r3uovci"}
{"type":"log","timestamp":1704830625741,"level":"info","message":"Rendering (child) request finished in 2249 ms","meta":{"rootId":"iy7dee2bq9knka6","id":"qr3g51occgqbkpr"},"id":"ahdvnns78n8e2zp","previousOperationId":"5m1q0ie7r3uovci"}
{"type":"operationEnd","subtype":"render","operationId":"ayt8m0lp0454doe","timestamp":1704830625741,"id":"fcykg1ov6hvnp06","previousEventId":"a8jcp9ve5junygz","previousOperationId":"5m1q0ie7r3uovci"}
{"type":"operationEnd","operationId":"i5wwr7ybf15ki7n","timestamp":1704830625767,"id":"ig2g2ydoxfy1xbl","previousEventId":"bfsyritvdjd4ton","previousOperationId":"i5wwr7ybf15ki7n"}
{"type":"log","timestamp":1704830625768,"level":"debug","message":"pdf-utils postproces start","meta":{"rootId":"iy7dee2bq9knka6","id":"iy7dee2bq9knka6"},"id":"eci6d3d28egen1l","previousOperationId":"i5wwr7ybf15ki7n"}
{"type":"log","timestamp":1704830625800,"level":"debug","message":"pdf-utils postproces end","meta":{"rootId":"iy7dee2bq9knka6","id":"iy7dee2bq9knka6"},"id":"0s81w73hg46mf9x","previousOperationId":"i5wwr7ybf15ki7n"}
{"type":"operationEnd","operationId":"j8cjenp237vq6gh","timestamp":1704830625801,"id":"p4i43e6mpr4fo4l","previousEventId":"ig2g2ydoxfy1xbl","previousOperationId":"i5wwr7ybf15ki7n"}
{"type":"log","timestamp":1704830625801,"level":"info","message":"pdf-utils pdf processing was finished","meta":{"rootId":"iy7dee2bq9knka6","id":"iy7dee2bq9knka6"},"id":"4lssmica1n0qvus","previousOperationId":"j8cjenp237vq6gh"}
{"type":"log","timestamp":1704830625801,"level":"debug","message":"Skipping storing report.","meta":{"rootId":"iy7dee2bq9knka6","id":"iy7dee2bq9knka6"},"id":"2h60g33acbkq98j","previousOperationId":"j8cjenp237vq6gh"}
{"type":"log","timestamp":1704830625801,"level":"info","message":"Rendering request 3 finished in 2309 ms","meta":{"rootId":"iy7dee2bq9knka6","id":"iy7dee2bq9knka6"},"id":"loivnd0c8tcx7oz","previousOperationId":"j8cjenp237vq6gh"}
{"type":"operationEnd","subtype":"render","operationId":"2bfn6kjcjkinlie","timestamp":1704830625801,"id":"vedcknyxzty1ff2","previousEventId":"p4i43e6mpr4fo4l","previousOperationId":"j8cjenp237vq6gh"}
{"type":"operationEnd","doDiffs":false,"previousEventId":"y1bq856hyyw4644","previousOperationId":"5bu8fmq58r3preo","operationId":"5bu8fmq58r3preo","timestamp":1704830625807,"id":"j5enj2dokv20w1d"}
