{"type":"operationStart","subtype":"profile","data":{"_id":"b7ByjhRkNlA3nPAf","timestamp":"2024-01-14T19:42:34.928Z","state":"queued","mode":"standard","creationDate":"2024-01-14T19:42:34.935Z","modificationDate":"2024-01-14T19:42:34.935Z","shortid":"Mn6r5Tv","$entitySet":"profiles"},"doDiffs":false,"timestamp":1705261354932,"id":"q45b4igdzlstosu","previousOperationId":null,"operationId":"4ks9xvf5nu4knpa"}
{"type":"log","level":"info","message":"Render request 1 queued for execution and waiting for available worker","previousOperationId":"4ks9xvf5nu4knpa","timestamp":1705261354933,"id":"zugwvcea7k96vug"}
{"type":"operationStart","subtype":"render","name":"orders-main","previousOperationId":"4ks9xvf5nu4knpa","timestamp":1705261354980,"id":"b5k4cgxyuwfnqh5","previousEventId":"q45b4igdzlstosu","operationId":"xq44mjr9alrz6i7"}
{"type":"log","timestamp":1705261354982,"level":"info","message":"Starting rendering request 1","meta":{"rootId":"jfovo8dea0uzpz6","id":"jfovo8dea0uzpz6"},"id":"cw6s6wk6b7y09pl","previousOperationId":"xq44mjr9alrz6i7"}
{"type":"log","timestamp":1705261354983,"level":"info","message":"Rendering template { name: orders-main, recipe: chrome-pdf, engine: handlebars, preview: true }","meta":{"rootId":"jfovo8dea0uzpz6","id":"jfovo8dea0uzpz6"},"id":"fktzhrjx43nvmbe","previousOperationId":"xq44mjr9alrz6i7"}
{"type":"log","timestamp":1705261354990,"level":"debug","message":"Data item not defined for this template.","meta":{"rootId":"jfovo8dea0uzpz6","id":"jfovo8dea0uzpz6"},"id":"ftau7dmu5s45ma6","previousOperationId":"xq44mjr9alrz6i7"}
{"type":"log","timestamp":1705261354996,"level":"debug","message":"Executing script orders-script (beforeRender)","meta":{"rootId":"jfovo8dea0uzpz6","id":"jfovo8dea0uzpz6"},"id":"044hrhqcmwslivh","previousOperationId":"xq44mjr9alrz6i7"}
{"type":"operationStart","subtype":"scriptsBeforeRender","name":"scripts beforeRender","timestamp":1705261355437,"id":"pep33d8etww9ltz","previousEventId":"b5k4cgxyuwfnqh5","operationId":"aje8qb7belm00xb","previousOperationId":"xq44mjr9alrz6i7"}
{"type":"operationStart","subtype":"script","name":"scripts orders-script","previousOperationId":"aje8qb7belm00xb","timestamp":1705261355437,"id":"zd0k0frtyeoap9g","previousEventId":"pep33d8etww9ltz","operationId":"wxfh3nxafg895rm"}
{"type":"operationEnd","operationId":"wxfh3nxafg895rm","timestamp":1705261355471,"id":"5t2mrsvwzth99mr","previousEventId":"b5k4cgxyuwfnqh5","previousOperationId":"xq44mjr9alrz6i7"}
{"type":"operationEnd","operationId":"aje8qb7belm00xb","timestamp":1705261355471,"id":"u2q8apvo1rbyflh","previousEventId":"5t2mrsvwzth99mr","previousOperationId":"xq44mjr9alrz6i7"}
{"type":"log","timestamp":1705261355471,"level":"debug","message":"Base url not specified, skipping its injection.","meta":{"rootId":"jfovo8dea0uzpz6","id":"jfovo8dea0uzpz6"},"id":"xcfhswyhwefda6o","previousOperationId":"aje8qb7belm00xb"}
{"type":"operationStart","subtype":"engine","name":"handlebars","timestamp":1705261355472,"id":"jmqoh4br6cn5y1k","previousEventId":"u2q8apvo1rbyflh","operationId":"4o5esbyd8be9n32","previousOperationId":"aje8qb7belm00xb"}
{"type":"log","timestamp":1705261355472,"level":"debug","message":"Rendering engine handlebars","meta":{"rootId":"jfovo8dea0uzpz6","id":"jfovo8dea0uzpz6"},"id":"b9be9jtuhl6gyg7","previousOperationId":"4o5esbyd8be9n32"}
{"type":"operationEnd","operationId":"4o5esbyd8be9n32","timestamp":1705261355816,"id":"6qhv37d8h4pb8rc","previousEventId":"jmqoh4br6cn5y1k","previousOperationId":"4o5esbyd8be9n32"}
{"type":"operationStart","subtype":"recipe","name":"chrome-pdf","timestamp":1705261355816,"id":"xyp31rimj6x3e4y","previousEventId":"6qhv37d8h4pb8rc","operationId":"uxp00dez4q1h8ys","previousOperationId":"4o5esbyd8be9n32"}
{"type":"log","timestamp":1705261355816,"level":"debug","message":"Executing recipe chrome-pdf","meta":{"rootId":"jfovo8dea0uzpz6","id":"jfovo8dea0uzpz6"},"id":"mxhtewtckclybfw","previousOperationId":"uxp00dez4q1h8ys"}
{"type":"log","timestamp":1705261356600,"level":"debug","message":"Converting with chrome HeadlessChrome/117.0.5938.149 using chrome-pool strategy","meta":{"rootId":"jfovo8dea0uzpz6","id":"jfovo8dea0uzpz6"},"id":"yy71ol0cwg516ce","previousOperationId":"uxp00dez4q1h8ys"}
{"type":"log","timestamp":1705261356827,"level":"debug","message":"Page request: GET (document) file:///C:/Users/arida/AppData/Local/Temp/jsreport/autocleanup/fa87ed9b-c8dd-445a-a803-0a2e059fe9bb-chrome-pdf.html","meta":{"rootId":"jfovo8dea0uzpz6","id":"jfovo8dea0uzpz6"},"id":"5ie7wudahz1igbu","previousOperationId":"uxp00dez4q1h8ys"}
{"type":"log","timestamp":1705261356859,"level":"debug","message":"Page request: GET (stylesheet) https://cdnjs.cloudflare.com/ajax/libs/metro/4.1.5/css/metro.min.css","meta":{"rootId":"jfovo8dea0uzpz6","id":"jfovo8dea0uzpz6"},"id":"s8vsdjhaqa766ha","previousOperationId":"uxp00dez4q1h8ys"}
{"type":"log","timestamp":1705261356860,"level":"debug","message":"Page request: GET (script) https://cdnjs.cloudflare.com/ajax/libs/Chart.js/2.7.2/Chart.min.js","meta":{"rootId":"jfovo8dea0uzpz6","id":"jfovo8dea0uzpz6"},"id":"rl4pq6830zqfwb7","previousOperationId":"uxp00dez4q1h8ys"}
{"type":"log","timestamp":1705261356861,"level":"debug","message":"Page request finished: GET (document) 200 file:///C:/Users/arida/AppData/Local/Temp/jsreport/autocleanup/fa87ed9b-c8dd-445a-a803-0a2e059fe9bb-chrome-pdf.html","meta":{"rootId":"jfovo8dea0uzpz6","id":"jfovo8dea0uzpz6"},"id":"vq3d5zqck7bgl9h","previousOperationId":"uxp00dez4q1h8ys"}
{"type":"log","timestamp":1705261357106,"level":"debug","message":"Page request finished: GET (stylesheet) 200 https://cdnjs.cloudflare.com/ajax/libs/metro/4.1.5/css/metro.min.css","meta":{"rootId":"jfovo8dea0uzpz6","id":"jfovo8dea0uzpz6"},"id":"yq08pqu386en2fx","previousOperationId":"uxp00dez4q1h8ys"}
{"type":"log","timestamp":1705261357126,"level":"debug","message":"Page request finished: GET (script) 200 https://cdnjs.cloudflare.com/ajax/libs/Chart.js/2.7.2/Chart.min.js","meta":{"rootId":"jfovo8dea0uzpz6","id":"jfovo8dea0uzpz6"},"id":"8899x44s1w2pf41","previousOperationId":"uxp00dez4q1h8ys"}
{"type":"log","timestamp":1705261357138,"level":"warn","message":"Page error: helpers is not defined , stack: ReferenceError: helpers is not defined\n    at <anonymous> (file:///C:/Users/arida/AppData/Local/Temp/jsreport/autocleanup/fa87ed9b-c8dd-445a-a803-0a2e059fe9bb-chrome-pdf.html:42:9)","meta":{"rootId":"jfovo8dea0uzpz6","id":"jfovo8dea0uzpz6"},"id":"mblzpy55a4sm46z","previousOperationId":"uxp00dez4q1h8ys"}
{"type":"log","timestamp":1705261357138,"level":"warn","message":"Page error: missing ) after argument list , stack: SyntaxError: missing ) after argument list","meta":{"rootId":"jfovo8dea0uzpz6","id":"jfovo8dea0uzpz6"},"id":"mrphpkuuaxcpep8","previousOperationId":"uxp00dez4q1h8ys"}
{"type":"log","timestamp":1705261357161,"level":"debug","message":"Running chrome with params {\"printBackground\":true,\"marginTop\":\"4cm\",\"marginRight\":\"1.5cm\",\"marginBottom\":\"1.5cm\",\"marginLeft\":\"1.5cm\",\"waitForJS\":false,\"timeout\":58544,\"margin\":{\"top\":\"4cm\",\"right\":\"1.5cm\",\"bottom\":\"1.5cm\",\"left\":\"1.5cm\"}}","meta":{"rootId":"jfovo8dea0uzpz6","id":"jfovo8dea0uzpz6"},"id":"2kczjp3h3xdu2rz","previousOperationId":"uxp00dez4q1h8ys"}
{"type":"operationEnd","operationId":"uxp00dez4q1h8ys","timestamp":1705261357199,"id":"d72rw2e9hruowkf","previousEventId":"xyp31rimj6x3e4y","previousOperationId":"uxp00dez4q1h8ys"}
{"type":"log","timestamp":1705261357200,"level":"info","message":"pdf-utils is starting pdf processing","meta":{"rootId":"jfovo8dea0uzpz6","id":"jfovo8dea0uzpz6"},"id":"2l5h1wmr35gox9g","previousOperationId":"uxp00dez4q1h8ys"}
{"type":"operationStart","subtype":"pdfUtils","name":"pdf utils","timestamp":1705261357443,"id":"w0a8vmrw1ewzeny","previousEventId":"d72rw2e9hruowkf","operationId":"3md29humz4onlwf","previousOperationId":"uxp00dez4q1h8ys"}
{"type":"log","timestamp":1705261357444,"level":"debug","message":"pdf-utils detected 1 pdf operation(s) to process","meta":{"rootId":"jfovo8dea0uzpz6","id":"jfovo8dea0uzpz6"},"id":"ayckgrlmzracfm1","previousOperationId":"3md29humz4onlwf"}
{"type":"log","timestamp":1705261357663,"level":"debug","message":"pdf-utils running pdf operation merge","meta":{"rootId":"jfovo8dea0uzpz6","id":"jfovo8dea0uzpz6"},"id":"41ae7ao9jmg464q","previousOperationId":"3md29humz4onlwf"}
{"type":"operationStart","subtype":"pdfUtilsMerge","name":"pdf utils merge","previousOperationId":"3md29humz4onlwf","timestamp":1705261357663,"id":"88st5o6rseuktjr","previousEventId":"w0a8vmrw1ewzeny","operationId":"a2t68gov2m93h9o"}
{"type":"operationStart","subtype":"render","name":"orders-header","previousOperationId":"a2t68gov2m93h9o","timestamp":1705261357666,"id":"xvgz2fa1uvfw8uq","previousEventId":"88st5o6rseuktjr","operationId":"bgrmtpyss94q33e"}
{"type":"log","timestamp":1705261357666,"level":"info","message":"Starting rendering (child) request","meta":{"rootId":"jfovo8dea0uzpz6","id":"gr6u1456dnjiiow"},"id":"bpira9k5527in5l","previousOperationId":"bgrmtpyss94q33e"}
{"type":"log","timestamp":1705261357666,"level":"info","message":"Rendering template { name: orders-header, recipe: chrome-pdf, engine: handlebars, preview: true }","meta":{"rootId":"jfovo8dea0uzpz6","id":"gr6u1456dnjiiow"},"id":"6olqtybdpwfw5f1","previousOperationId":"bgrmtpyss94q33e"}
{"type":"log","timestamp":1705261357681,"level":"debug","message":"Inline data specified.","meta":{"rootId":"jfovo8dea0uzpz6","id":"gr6u1456dnjiiow"},"id":"ea2b4ryxbybd2jd","previousOperationId":"bgrmtpyss94q33e"}
{"type":"log","timestamp":1705261357694,"level":"debug","message":"Base url not specified, skipping its injection.","meta":{"rootId":"jfovo8dea0uzpz6","id":"gr6u1456dnjiiow"},"id":"8vav905avzqg17a","previousOperationId":"bgrmtpyss94q33e"}
{"type":"operationStart","subtype":"engine","name":"handlebars","timestamp":1705261357694,"id":"lrtgjhl8947jakf","previousEventId":"xvgz2fa1uvfw8uq","operationId":"llq6tk1a92c51a1","previousOperationId":"bgrmtpyss94q33e"}
{"type":"log","timestamp":1705261357694,"level":"debug","message":"Rendering engine handlebars","meta":{"rootId":"jfovo8dea0uzpz6","id":"gr6u1456dnjiiow"},"id":"xuvr8ik5gcwb5fv","previousOperationId":"llq6tk1a92c51a1"}
{"type":"operationEnd","operationId":"llq6tk1a92c51a1","timestamp":1705261357756,"id":"t75yqed68vbaec0","previousEventId":"lrtgjhl8947jakf","previousOperationId":"llq6tk1a92c51a1"}
{"type":"operationStart","subtype":"recipe","name":"chrome-pdf","timestamp":1705261357756,"id":"xcqo4a203hnfzkx","previousEventId":"t75yqed68vbaec0","operationId":"5g8wrcf2mxbfjzx","previousOperationId":"llq6tk1a92c51a1"}
{"type":"log","timestamp":1705261357756,"level":"debug","message":"Executing recipe chrome-pdf","meta":{"rootId":"jfovo8dea0uzpz6","id":"gr6u1456dnjiiow"},"id":"u5956aq98p9ua8i","previousOperationId":"5g8wrcf2mxbfjzx"}
{"type":"log","timestamp":1705261357761,"level":"debug","message":"Converting with chrome HeadlessChrome/117.0.5938.149 using chrome-pool strategy","meta":{"rootId":"jfovo8dea0uzpz6","id":"gr6u1456dnjiiow"},"id":"zz860qxtx2jbv5b","previousOperationId":"5g8wrcf2mxbfjzx"}
{"type":"log","timestamp":1705261357881,"level":"debug","message":"Page request: GET (document) file:///C:/Users/arida/AppData/Local/Temp/jsreport/autocleanup/966f1f6f-49e9-4a7b-8edd-7d31b3de2456-chrome-pdf.html","meta":{"rootId":"jfovo8dea0uzpz6","id":"gr6u1456dnjiiow"},"id":"2ua35zds3urvj6v","previousOperationId":"5g8wrcf2mxbfjzx"}
{"type":"log","timestamp":1705261357892,"level":"debug","message":"Page request: GET (stylesheet) https://cdnjs.cloudflare.com/ajax/libs/metro/4.1.5/css/metro.min.css","meta":{"rootId":"jfovo8dea0uzpz6","id":"gr6u1456dnjiiow"},"id":"4er8fo1xn7nd4q5","previousOperationId":"5g8wrcf2mxbfjzx"}
{"type":"log","timestamp":1705261357893,"level":"debug","message":"Page request finished: GET (document) 200 file:///C:/Users/arida/AppData/Local/Temp/jsreport/autocleanup/966f1f6f-49e9-4a7b-8edd-7d31b3de2456-chrome-pdf.html","meta":{"rootId":"jfovo8dea0uzpz6","id":"gr6u1456dnjiiow"},"id":"8nn8camagijnxlu","previousOperationId":"5g8wrcf2mxbfjzx"}
{"type":"log","timestamp":1705261357911,"level":"debug","message":"Page request finished: GET (stylesheet) 200 https://cdnjs.cloudflare.com/ajax/libs/metro/4.1.5/css/metro.min.css","meta":{"rootId":"jfovo8dea0uzpz6","id":"gr6u1456dnjiiow"},"id":"g8qlfuv5pmhnxay","previousOperationId":"5g8wrcf2mxbfjzx"}
{"type":"log","timestamp":1705261357929,"level":"debug","message":"Running chrome with params {\"printBackground\":true,\"marginTop\":\"1.5cm\",\"marginRight\":\"1.5cm\",\"marginLeft\":\"1.cm\",\"timeout\":57168,\"margin\":{\"top\":\"1.5cm\",\"right\":\"1.5cm\",\"left\":\"1.cm\"}}","meta":{"rootId":"jfovo8dea0uzpz6","id":"gr6u1456dnjiiow"},"id":"cg33tk4ma1cuo47","previousOperationId":"5g8wrcf2mxbfjzx"}
{"type":"operationEnd","operationId":"5g8wrcf2mxbfjzx","timestamp":1705261357965,"id":"ljbya0kf58ar0lf","previousEventId":"xcqo4a203hnfzkx","previousOperationId":"5g8wrcf2mxbfjzx"}
{"type":"log","timestamp":1705261357966,"level":"debug","message":"Skipping storing report.","meta":{"rootId":"jfovo8dea0uzpz6","id":"gr6u1456dnjiiow"},"id":"edzjnbin78b7ms4","previousOperationId":"5g8wrcf2mxbfjzx"}
{"type":"log","timestamp":1705261357967,"level":"info","message":"Rendering (child) request finished in 3039 ms","meta":{"rootId":"jfovo8dea0uzpz6","id":"gr6u1456dnjiiow"},"id":"2dhjzcjwapt3e1h","previousOperationId":"5g8wrcf2mxbfjzx"}
{"type":"operationEnd","subtype":"render","operationId":"bgrmtpyss94q33e","timestamp":1705261357967,"id":"mqfrkgfcp0li89b","previousEventId":"ljbya0kf58ar0lf","previousOperationId":"5g8wrcf2mxbfjzx"}
{"type":"operationEnd","operationId":"a2t68gov2m93h9o","timestamp":1705261357989,"id":"hdvfwkhrxe7i5be","previousEventId":"88st5o6rseuktjr","previousOperationId":"a2t68gov2m93h9o"}
{"type":"log","timestamp":1705261357989,"level":"debug","message":"pdf-utils postproces start","meta":{"rootId":"jfovo8dea0uzpz6","id":"jfovo8dea0uzpz6"},"id":"swwtwvgxfmhzrgh","previousOperationId":"a2t68gov2m93h9o"}
{"type":"log","timestamp":1705261358003,"level":"debug","message":"pdf-utils postproces end","meta":{"rootId":"jfovo8dea0uzpz6","id":"jfovo8dea0uzpz6"},"id":"wu3mh25uq8opyy9","previousOperationId":"a2t68gov2m93h9o"}
{"type":"operationEnd","operationId":"3md29humz4onlwf","timestamp":1705261358003,"id":"8o1aafm5xqtfzbp","previousEventId":"hdvfwkhrxe7i5be","previousOperationId":"a2t68gov2m93h9o"}
{"type":"log","timestamp":1705261358003,"level":"info","message":"pdf-utils pdf processing was finished","meta":{"rootId":"jfovo8dea0uzpz6","id":"jfovo8dea0uzpz6"},"id":"j62d0ba01lz2dpz","previousOperationId":"3md29humz4onlwf"}
{"type":"log","timestamp":1705261358003,"level":"debug","message":"Skipping storing report.","meta":{"rootId":"jfovo8dea0uzpz6","id":"jfovo8dea0uzpz6"},"id":"i546ilgdi6t2e8m","previousOperationId":"3md29humz4onlwf"}
{"type":"log","timestamp":1705261358003,"level":"info","message":"Rendering request 1 finished in 3075 ms","meta":{"rootId":"jfovo8dea0uzpz6","id":"jfovo8dea0uzpz6"},"id":"l11m2b8lu1lqf4h","previousOperationId":"3md29humz4onlwf"}
{"type":"operationEnd","subtype":"render","operationId":"xq44mjr9alrz6i7","timestamp":1705261358003,"id":"kblv4hd4xhpakm1","previousEventId":"8o1aafm5xqtfzbp","previousOperationId":"3md29humz4onlwf"}
{"type":"operationEnd","doDiffs":false,"previousEventId":"q45b4igdzlstosu","previousOperationId":"4ks9xvf5nu4knpa","operationId":"4ks9xvf5nu4knpa","timestamp":1705261358022,"id":"6fxofyv95qer0cp"}
