{"type":"operationStart","subtype":"profile","data":{"_id":"4dcWcaqYaTeJ5JtC","timestamp":"2024-01-14T18:07:22.517Z","state":"queued","mode":"standard","creationDate":"2024-01-14T18:07:22.521Z","modificationDate":"2024-01-14T18:07:22.521Z","shortid":"hfVpQ6r","$entitySet":"profiles"},"doDiffs":false,"timestamp":1705255642519,"id":"tpnuj0vsfow34g8","previousOperationId":null,"operationId":"z425ti1rt0m5aa5"}
{"type":"log","level":"info","message":"Render request 2 queued for execution and waiting for available worker","previousOperationId":"z425ti1rt0m5aa5","timestamp":1705255642519,"id":"pedvtr76uf2q00r"}
{"type":"operationStart","subtype":"render","name":"orders-main","previousOperationId":"z425ti1rt0m5aa5","timestamp":1705255642546,"id":"azb7e4cnt429zdj","previousEventId":"tpnuj0vsfow34g8","operationId":"8mh046pnv8a8ul5"}
{"type":"log","timestamp":1705255642547,"level":"info","message":"Starting rendering request 2","meta":{"rootId":"jh7qth1ytkxxcob","id":"jh7qth1ytkxxcob"},"id":"kfovoie8ww613oc","previousOperationId":"8mh046pnv8a8ul5"}
{"type":"log","timestamp":1705255642550,"level":"info","message":"Rendering template { name: orders-main, recipe: chrome-pdf, engine: handlebars, preview: true }","meta":{"rootId":"jh7qth1ytkxxcob","id":"jh7qth1ytkxxcob"},"id":"7moby5h5sx2xmb6","previousOperationId":"8mh046pnv8a8ul5"}
{"type":"log","timestamp":1705255642553,"level":"debug","message":"Data item not defined for this template.","meta":{"rootId":"jh7qth1ytkxxcob","id":"jh7qth1ytkxxcob"},"id":"t5aaekzjud6zcf3","previousOperationId":"8mh046pnv8a8ul5"}
{"type":"log","timestamp":1705255642558,"level":"debug","message":"Executing script orders-script (beforeRender)","meta":{"rootId":"jh7qth1ytkxxcob","id":"jh7qth1ytkxxcob"},"id":"hipgb5xttmsnumm","previousOperationId":"8mh046pnv8a8ul5"}
{"type":"operationStart","subtype":"scriptsBeforeRender","name":"scripts beforeRender","timestamp":1705255642954,"id":"ejhx9okhe6n3gdg","previousEventId":"azb7e4cnt429zdj","operationId":"t3z574mwe6rzc9w","previousOperationId":"8mh046pnv8a8ul5"}
{"type":"operationStart","subtype":"script","name":"scripts orders-script","previousOperationId":"t3z574mwe6rzc9w","timestamp":1705255642954,"id":"kunzht5obvx9z27","previousEventId":"ejhx9okhe6n3gdg","operationId":"5weserzjgoadg4k"}
{"type":"log","timestamp":1705255642993,"level":"debug","message":"(console:log) [\n  { name: 'Ingenio', numEventos: 3 },\n  { name: 'Las Palmas', numEventos: 0 }\n]","meta":{"userLevel":true,"rootId":"jh7qth1ytkxxcob","id":"jh7qth1ytkxxcob"},"id":"imyk79cwtkwf94g","previousOperationId":"5weserzjgoadg4k"}
{"type":"operationEnd","operationId":"5weserzjgoadg4k","timestamp":1705255642995,"id":"r7cump9n3u0wkqu","previousEventId":"azb7e4cnt429zdj","previousOperationId":"8mh046pnv8a8ul5"}
{"type":"operationEnd","operationId":"t3z574mwe6rzc9w","timestamp":1705255642995,"id":"kwfryapgqhctp3w","previousEventId":"r7cump9n3u0wkqu","previousOperationId":"8mh046pnv8a8ul5"}
{"type":"log","timestamp":1705255642995,"level":"debug","message":"Base url not specified, skipping its injection.","meta":{"rootId":"jh7qth1ytkxxcob","id":"jh7qth1ytkxxcob"},"id":"ry3oqrck30wekbo","previousOperationId":"t3z574mwe6rzc9w"}
{"type":"operationStart","subtype":"engine","name":"handlebars","timestamp":1705255642996,"id":"5tmx7e2q2pa7w7u","previousEventId":"kwfryapgqhctp3w","operationId":"sluiaagax442r1p","previousOperationId":"t3z574mwe6rzc9w"}
{"type":"log","timestamp":1705255642996,"level":"debug","message":"Rendering engine handlebars","meta":{"rootId":"jh7qth1ytkxxcob","id":"jh7qth1ytkxxcob"},"id":"qnegywy8oq7vkj6","previousOperationId":"sluiaagax442r1p"}
{"type":"operationEnd","operationId":"sluiaagax442r1p","timestamp":1705255643358,"id":"wql6piv10nw2oz5","previousEventId":"5tmx7e2q2pa7w7u","previousOperationId":"sluiaagax442r1p"}
{"type":"operationStart","subtype":"recipe","name":"chrome-pdf","timestamp":1705255643359,"id":"l9nsymirkcvvjti","previousEventId":"wql6piv10nw2oz5","operationId":"i3uigmi7303b5ag","previousOperationId":"sluiaagax442r1p"}
{"type":"log","timestamp":1705255643359,"level":"debug","message":"Executing recipe chrome-pdf","meta":{"rootId":"jh7qth1ytkxxcob","id":"jh7qth1ytkxxcob"},"id":"owp74o3k92ri779","previousOperationId":"i3uigmi7303b5ag"}
{"type":"log","timestamp":1705255644232,"level":"debug","message":"Converting with chrome HeadlessChrome/117.0.5938.149 using chrome-pool strategy","meta":{"rootId":"jh7qth1ytkxxcob","id":"jh7qth1ytkxxcob"},"id":"h35k351bvbeop8r","previousOperationId":"i3uigmi7303b5ag"}
{"type":"log","timestamp":1705255644464,"level":"debug","message":"Page request: GET (document) file:///C:/Users/arida/AppData/Local/Temp/jsreport/autocleanup/321fe97f-8399-48e4-a386-b5406626647e-chrome-pdf.html","meta":{"rootId":"jh7qth1ytkxxcob","id":"jh7qth1ytkxxcob"},"id":"belkoo9ri0tmoun","previousOperationId":"i3uigmi7303b5ag"}
{"type":"log","timestamp":1705255644478,"level":"debug","message":"Page request: GET (stylesheet) https://cdnjs.cloudflare.com/ajax/libs/metro/4.1.5/css/metro.min.css","meta":{"rootId":"jh7qth1ytkxxcob","id":"jh7qth1ytkxxcob"},"id":"kc9neenos15qnsf","previousOperationId":"i3uigmi7303b5ag"}
{"type":"log","timestamp":1705255644479,"level":"debug","message":"Page request: GET (script) https://cdnjs.cloudflare.com/ajax/libs/Chart.js/2.7.2/Chart.min.js","meta":{"rootId":"jh7qth1ytkxxcob","id":"jh7qth1ytkxxcob"},"id":"ps67owarfa0ltva","previousOperationId":"i3uigmi7303b5ag"}
{"type":"log","timestamp":1705255644481,"level":"debug","message":"Page request finished: GET (document) 200 file:///C:/Users/arida/AppData/Local/Temp/jsreport/autocleanup/321fe97f-8399-48e4-a386-b5406626647e-chrome-pdf.html","meta":{"rootId":"jh7qth1ytkxxcob","id":"jh7qth1ytkxxcob"},"id":"wv0ageyja715idv","previousOperationId":"i3uigmi7303b5ag"}
{"type":"log","timestamp":1705255644717,"level":"debug","message":"Page request finished: GET (script) 200 https://cdnjs.cloudflare.com/ajax/libs/Chart.js/2.7.2/Chart.min.js","meta":{"rootId":"jh7qth1ytkxxcob","id":"jh7qth1ytkxxcob"},"id":"c5i4ay2uiy23hwy","previousOperationId":"i3uigmi7303b5ag"}
{"type":"log","timestamp":1705255644770,"level":"debug","message":"Page request finished: GET (stylesheet) 200 https://cdnjs.cloudflare.com/ajax/libs/metro/4.1.5/css/metro.min.css","meta":{"rootId":"jh7qth1ytkxxcob","id":"jh7qth1ytkxxcob"},"id":"yuzleyujiwfq4nx","previousOperationId":"i3uigmi7303b5ag"}
{"type":"log","timestamp":1705255644791,"level":"debug","message":"Running chrome with params {\"printBackground\":true,\"marginTop\":\"4cm\",\"marginRight\":\"1.5cm\",\"marginBottom\":\"1.5cm\",\"marginLeft\":\"1.5cm\",\"waitForJS\":false,\"timeout\":58563,\"margin\":{\"top\":\"4cm\",\"right\":\"1.5cm\",\"bottom\":\"1.5cm\",\"left\":\"1.5cm\"}}","meta":{"rootId":"jh7qth1ytkxxcob","id":"jh7qth1ytkxxcob"},"id":"p6om9rj7j9g9hnj","previousOperationId":"i3uigmi7303b5ag"}
{"type":"operationEnd","operationId":"i3uigmi7303b5ag","timestamp":1705255644826,"id":"dvhux82y9g99hi2","previousEventId":"l9nsymirkcvvjti","previousOperationId":"i3uigmi7303b5ag"}
{"type":"log","timestamp":1705255644826,"level":"info","message":"pdf-utils is starting pdf processing","meta":{"rootId":"jh7qth1ytkxxcob","id":"jh7qth1ytkxxcob"},"id":"af76s4dn7jya9j3","previousOperationId":"i3uigmi7303b5ag"}
{"type":"operationStart","subtype":"pdfUtils","name":"pdf utils","timestamp":1705255645123,"id":"92r3rmd0oe8oc52","previousEventId":"dvhux82y9g99hi2","operationId":"ty042lf98t49402","previousOperationId":"i3uigmi7303b5ag"}
{"type":"log","timestamp":1705255645124,"level":"debug","message":"pdf-utils detected 1 pdf operation(s) to process","meta":{"rootId":"jh7qth1ytkxxcob","id":"jh7qth1ytkxxcob"},"id":"bxfl4ijvx8r5qwf","previousOperationId":"ty042lf98t49402"}
{"type":"log","timestamp":1705255645325,"level":"debug","message":"pdf-utils running pdf operation merge","meta":{"rootId":"jh7qth1ytkxxcob","id":"jh7qth1ytkxxcob"},"id":"e7l9chv30g0q5od","previousOperationId":"ty042lf98t49402"}
{"type":"operationStart","subtype":"pdfUtilsMerge","name":"pdf utils merge","previousOperationId":"ty042lf98t49402","timestamp":1705255645325,"id":"gvgq9ftwg928hvi","previousEventId":"92r3rmd0oe8oc52","operationId":"hfoew855uoqvfek"}
{"type":"operationStart","subtype":"render","name":"orders-header","previousOperationId":"hfoew855uoqvfek","timestamp":1705255645329,"id":"oqf0lxvl9gkjkz8","previousEventId":"gvgq9ftwg928hvi","operationId":"yj8ikzhjnjwy536"}
{"type":"log","timestamp":1705255645329,"level":"info","message":"Starting rendering (child) request","meta":{"rootId":"jh7qth1ytkxxcob","id":"ramkm323wr1d7nk"},"id":"spmwbvwaialidh8","previousOperationId":"yj8ikzhjnjwy536"}
{"type":"log","timestamp":1705255645329,"level":"info","message":"Rendering template { name: orders-header, recipe: chrome-pdf, engine: handlebars, preview: true }","meta":{"rootId":"jh7qth1ytkxxcob","id":"ramkm323wr1d7nk"},"id":"d6qv4vs76qh8lh0","previousOperationId":"yj8ikzhjnjwy536"}
{"type":"log","timestamp":1705255645340,"level":"debug","message":"Inline data specified.","meta":{"rootId":"jh7qth1ytkxxcob","id":"ramkm323wr1d7nk"},"id":"asjz34a89ldhk5a","previousOperationId":"yj8ikzhjnjwy536"}
{"type":"log","timestamp":1705255645342,"level":"debug","message":"Base url not specified, skipping its injection.","meta":{"rootId":"jh7qth1ytkxxcob","id":"ramkm323wr1d7nk"},"id":"iltzfl0e47wsded","previousOperationId":"yj8ikzhjnjwy536"}
{"type":"operationStart","subtype":"engine","name":"handlebars","timestamp":1705255645343,"id":"k8vemcanil88zsr","previousEventId":"oqf0lxvl9gkjkz8","operationId":"sv5ud71n1ifcwxx","previousOperationId":"yj8ikzhjnjwy536"}
{"type":"log","timestamp":1705255645343,"level":"debug","message":"Rendering engine handlebars","meta":{"rootId":"jh7qth1ytkxxcob","id":"ramkm323wr1d7nk"},"id":"ndpfca91dpdfxs7","previousOperationId":"sv5ud71n1ifcwxx"}
{"type":"operationEnd","operationId":"sv5ud71n1ifcwxx","timestamp":1705255645388,"id":"85ljzb74nguoo7x","previousEventId":"k8vemcanil88zsr","previousOperationId":"sv5ud71n1ifcwxx"}
{"type":"operationStart","subtype":"recipe","name":"chrome-pdf","timestamp":1705255645388,"id":"0e9nyx6hkgktdte","previousEventId":"85ljzb74nguoo7x","operationId":"5r48c41x4z8jcyk","previousOperationId":"sv5ud71n1ifcwxx"}
{"type":"log","timestamp":1705255645388,"level":"debug","message":"Executing recipe chrome-pdf","meta":{"rootId":"jh7qth1ytkxxcob","id":"ramkm323wr1d7nk"},"id":"x12s3m7w3rz90ed","previousOperationId":"5r48c41x4z8jcyk"}
{"type":"log","timestamp":1705255645391,"level":"debug","message":"Converting with chrome HeadlessChrome/117.0.5938.149 using chrome-pool strategy","meta":{"rootId":"jh7qth1ytkxxcob","id":"ramkm323wr1d7nk"},"id":"pps5wi8r49osnw8","previousOperationId":"5r48c41x4z8jcyk"}
{"type":"log","timestamp":1705255645521,"level":"debug","message":"Page request: GET (document) file:///C:/Users/arida/AppData/Local/Temp/jsreport/autocleanup/276fa0eb-8203-4e24-a6af-82fb44f29cb7-chrome-pdf.html","meta":{"rootId":"jh7qth1ytkxxcob","id":"ramkm323wr1d7nk"},"id":"zpazm42fp9pu3rk","previousOperationId":"5r48c41x4z8jcyk"}
{"type":"log","timestamp":1705255645533,"level":"debug","message":"Page request: GET (stylesheet) https://cdnjs.cloudflare.com/ajax/libs/metro/4.1.5/css/metro.min.css","meta":{"rootId":"jh7qth1ytkxxcob","id":"ramkm323wr1d7nk"},"id":"1sgb7dmgy8y0ud9","previousOperationId":"5r48c41x4z8jcyk"}
{"type":"log","timestamp":1705255645533,"level":"debug","message":"Page request finished: GET (document) 200 file:///C:/Users/arida/AppData/Local/Temp/jsreport/autocleanup/276fa0eb-8203-4e24-a6af-82fb44f29cb7-chrome-pdf.html","meta":{"rootId":"jh7qth1ytkxxcob","id":"ramkm323wr1d7nk"},"id":"o6aa1uqz93xxasm","previousOperationId":"5r48c41x4z8jcyk"}
{"type":"log","timestamp":1705255645556,"level":"debug","message":"Page request finished: GET (stylesheet) 200 https://cdnjs.cloudflare.com/ajax/libs/metro/4.1.5/css/metro.min.css","meta":{"rootId":"jh7qth1ytkxxcob","id":"ramkm323wr1d7nk"},"id":"vh04kq781wnkq7f","previousOperationId":"5r48c41x4z8jcyk"}
{"type":"log","timestamp":1705255645575,"level":"debug","message":"Running chrome with params {\"printBackground\":true,\"marginTop\":\"1.5cm\",\"marginRight\":\"1.5cm\",\"marginLeft\":\"1.cm\",\"timeout\":57126,\"margin\":{\"top\":\"1.5cm\",\"right\":\"1.5cm\",\"left\":\"1.cm\"}}","meta":{"rootId":"jh7qth1ytkxxcob","id":"ramkm323wr1d7nk"},"id":"6x60s4kulbi0vhg","previousOperationId":"5r48c41x4z8jcyk"}
{"type":"operationEnd","operationId":"5r48c41x4z8jcyk","timestamp":1705255645608,"id":"6me6grz3mp2vpba","previousEventId":"0e9nyx6hkgktdte","previousOperationId":"5r48c41x4z8jcyk"}
{"type":"log","timestamp":1705255645609,"level":"debug","message":"Skipping storing report.","meta":{"rootId":"jh7qth1ytkxxcob","id":"ramkm323wr1d7nk"},"id":"tuy4owsmmsenvmv","previousOperationId":"5r48c41x4z8jcyk"}
{"type":"log","timestamp":1705255645609,"level":"info","message":"Rendering (child) request finished in 3093 ms","meta":{"rootId":"jh7qth1ytkxxcob","id":"ramkm323wr1d7nk"},"id":"y48ruox1m7xperr","previousOperationId":"5r48c41x4z8jcyk"}
{"type":"operationEnd","subtype":"render","operationId":"yj8ikzhjnjwy536","timestamp":1705255645610,"id":"ri4345bqpb9zmmm","previousEventId":"6me6grz3mp2vpba","previousOperationId":"5r48c41x4z8jcyk"}
{"type":"operationEnd","operationId":"hfoew855uoqvfek","timestamp":1705255645627,"id":"djxp86d7rd7o7c3","previousEventId":"gvgq9ftwg928hvi","previousOperationId":"hfoew855uoqvfek"}
{"type":"log","timestamp":1705255645627,"level":"debug","message":"pdf-utils postproces start","meta":{"rootId":"jh7qth1ytkxxcob","id":"jh7qth1ytkxxcob"},"id":"8ys4vozyobah946","previousOperationId":"hfoew855uoqvfek"}
{"type":"log","timestamp":1705255645636,"level":"debug","message":"pdf-utils postproces end","meta":{"rootId":"jh7qth1ytkxxcob","id":"jh7qth1ytkxxcob"},"id":"4cb0le9e3rlj6ic","previousOperationId":"hfoew855uoqvfek"}
{"type":"operationEnd","operationId":"ty042lf98t49402","timestamp":1705255645636,"id":"ybs8y7pdlj17w7k","previousEventId":"djxp86d7rd7o7c3","previousOperationId":"hfoew855uoqvfek"}
{"type":"log","timestamp":1705255645636,"level":"info","message":"pdf-utils pdf processing was finished","meta":{"rootId":"jh7qth1ytkxxcob","id":"jh7qth1ytkxxcob"},"id":"12ywbj5042mg8ps","previousOperationId":"ty042lf98t49402"}
{"type":"log","timestamp":1705255645636,"level":"debug","message":"Skipping storing report.","meta":{"rootId":"jh7qth1ytkxxcob","id":"jh7qth1ytkxxcob"},"id":"2mdll7rq9z35ju9","previousOperationId":"ty042lf98t49402"}
{"type":"log","timestamp":1705255645636,"level":"info","message":"Rendering request 2 finished in 3120 ms","meta":{"rootId":"jh7qth1ytkxxcob","id":"jh7qth1ytkxxcob"},"id":"q5f0o21d00pezvj","previousOperationId":"ty042lf98t49402"}
{"type":"operationEnd","subtype":"render","operationId":"8mh046pnv8a8ul5","timestamp":1705255645636,"id":"lylzsgob9wpuj2u","previousEventId":"ybs8y7pdlj17w7k","previousOperationId":"ty042lf98t49402"}
{"type":"operationEnd","doDiffs":false,"previousEventId":"tpnuj0vsfow34g8","previousOperationId":"z425ti1rt0m5aa5","operationId":"z425ti1rt0m5aa5","timestamp":1705255645657,"id":"6heuye820wsp6j3"}
