{"type":"operationStart","subtype":"profile","data":{"_id":"SSpIiL2xVkg8fDZr","timestamp":"2024-01-14T18:08:11.212Z","state":"queued","mode":"standard","creationDate":"2024-01-14T18:08:11.216Z","modificationDate":"2024-01-14T18:08:11.216Z","shortid":"WzRQhqP","$entitySet":"profiles"},"doDiffs":false,"timestamp":1705255691214,"id":"okazyy46suj7gc2","previousOperationId":null,"operationId":"50si46qo0tex8xv"}
{"type":"log","level":"info","message":"Render request 4 queued for execution and waiting for available worker","previousOperationId":"50si46qo0tex8xv","timestamp":1705255691214,"id":"3mnocerv4r2i2h6"}
{"type":"operationStart","subtype":"render","name":"orders-main","previousOperationId":"50si46qo0tex8xv","timestamp":1705255691231,"id":"4ngn4vqyk3jli74","previousEventId":"okazyy46suj7gc2","operationId":"k8a5v3rv25b9wyn"}
{"type":"log","timestamp":1705255691231,"level":"info","message":"Starting rendering request 4","meta":{"rootId":"jo3ycrjh4a6jv91","id":"jo3ycrjh4a6jv91"},"id":"3u1ngpb0fs75v3m","previousOperationId":"k8a5v3rv25b9wyn"}
{"type":"log","timestamp":1705255691232,"level":"info","message":"Rendering template { name: orders-main, recipe: chrome-pdf, engine: handlebars, preview: true }","meta":{"rootId":"jo3ycrjh4a6jv91","id":"jo3ycrjh4a6jv91"},"id":"kig565mlmjalw6z","previousOperationId":"k8a5v3rv25b9wyn"}
{"type":"log","timestamp":1705255691234,"level":"debug","message":"Data item not defined for this template.","meta":{"rootId":"jo3ycrjh4a6jv91","id":"jo3ycrjh4a6jv91"},"id":"u9wt2qlqvgai3zu","previousOperationId":"k8a5v3rv25b9wyn"}
{"type":"log","timestamp":1705255691238,"level":"debug","message":"Executing script orders-script (beforeRender)","meta":{"rootId":"jo3ycrjh4a6jv91","id":"jo3ycrjh4a6jv91"},"id":"qloapxakqpbkihx","previousOperationId":"k8a5v3rv25b9wyn"}
{"type":"operationStart","subtype":"scriptsBeforeRender","name":"scripts beforeRender","timestamp":1705255691258,"id":"6lp724kjuif2xzn","previousEventId":"4ngn4vqyk3jli74","operationId":"gs3lqmfb3ameh7f","previousOperationId":"k8a5v3rv25b9wyn"}
{"type":"operationStart","subtype":"script","name":"scripts orders-script","previousOperationId":"gs3lqmfb3ameh7f","timestamp":1705255691258,"id":"xm5vfmlwf7dan6i","previousEventId":"6lp724kjuif2xzn","operationId":"q61y92lvn912loz"}
{"type":"operationEnd","operationId":"q61y92lvn912loz","timestamp":1705255691274,"id":"jczsfthdrnztbjr","previousEventId":"4ngn4vqyk3jli74","previousOperationId":"k8a5v3rv25b9wyn"}
{"type":"operationEnd","operationId":"gs3lqmfb3ameh7f","timestamp":1705255691274,"id":"0a7d17p6xbxk25h","previousEventId":"jczsfthdrnztbjr","previousOperationId":"k8a5v3rv25b9wyn"}
{"type":"log","timestamp":1705255691274,"level":"debug","message":"Base url not specified, skipping its injection.","meta":{"rootId":"jo3ycrjh4a6jv91","id":"jo3ycrjh4a6jv91"},"id":"cmct1w9zsclks3r","previousOperationId":"gs3lqmfb3ameh7f"}
{"type":"operationStart","subtype":"engine","name":"handlebars","timestamp":1705255691274,"id":"65pd1c3wr00efo4","previousEventId":"0a7d17p6xbxk25h","operationId":"d1bhwn4b6zys9dd","previousOperationId":"gs3lqmfb3ameh7f"}
{"type":"log","timestamp":1705255691274,"level":"debug","message":"Rendering engine handlebars","meta":{"rootId":"jo3ycrjh4a6jv91","id":"jo3ycrjh4a6jv91"},"id":"h0yll62uiwnxgxy","previousOperationId":"d1bhwn4b6zys9dd"}
{"type":"operationEnd","operationId":"d1bhwn4b6zys9dd","timestamp":1705255691297,"id":"56mx5fuk0to4ymb","previousEventId":"65pd1c3wr00efo4","previousOperationId":"d1bhwn4b6zys9dd"}
{"type":"operationStart","subtype":"recipe","name":"chrome-pdf","timestamp":1705255691297,"id":"629u4l9j0ao6o2t","previousEventId":"56mx5fuk0to4ymb","operationId":"fsige6zobxpgfjo","previousOperationId":"d1bhwn4b6zys9dd"}
{"type":"log","timestamp":1705255691297,"level":"debug","message":"Executing recipe chrome-pdf","meta":{"rootId":"jo3ycrjh4a6jv91","id":"jo3ycrjh4a6jv91"},"id":"m1lyzgxkcysdjg4","previousOperationId":"fsige6zobxpgfjo"}
{"type":"log","timestamp":1705255691300,"level":"debug","message":"Converting with chrome HeadlessChrome/117.0.5938.149 using chrome-pool strategy","meta":{"rootId":"jo3ycrjh4a6jv91","id":"jo3ycrjh4a6jv91"},"id":"xpf4mrj0b6t4f03","previousOperationId":"fsige6zobxpgfjo"}
{"type":"log","timestamp":1705255691438,"level":"debug","message":"Page request: GET (document) file:///C:/Users/arida/AppData/Local/Temp/jsreport/autocleanup/2b03f949-1226-4133-affd-02c4dc68e151-chrome-pdf.html","meta":{"rootId":"jo3ycrjh4a6jv91","id":"jo3ycrjh4a6jv91"},"id":"p6qzsrtkg2e3z7e","previousOperationId":"fsige6zobxpgfjo"}
{"type":"log","timestamp":1705255691451,"level":"debug","message":"Page request: GET (stylesheet) https://cdnjs.cloudflare.com/ajax/libs/metro/4.1.5/css/metro.min.css","meta":{"rootId":"jo3ycrjh4a6jv91","id":"jo3ycrjh4a6jv91"},"id":"0c4bjyh33rikpij","previousOperationId":"fsige6zobxpgfjo"}
{"type":"log","timestamp":1705255691452,"level":"debug","message":"Page request: GET (script) https://cdnjs.cloudflare.com/ajax/libs/Chart.js/2.7.2/Chart.min.js","meta":{"rootId":"jo3ycrjh4a6jv91","id":"jo3ycrjh4a6jv91"},"id":"eceuewoocq28qrl","previousOperationId":"fsige6zobxpgfjo"}
{"type":"log","timestamp":1705255691452,"level":"debug","message":"Page request finished: GET (document) 200 file:///C:/Users/arida/AppData/Local/Temp/jsreport/autocleanup/2b03f949-1226-4133-affd-02c4dc68e151-chrome-pdf.html","meta":{"rootId":"jo3ycrjh4a6jv91","id":"jo3ycrjh4a6jv91"},"id":"n1us46t2pfkx2r6","previousOperationId":"fsige6zobxpgfjo"}
{"type":"log","timestamp":1705255691479,"level":"debug","message":"Page request finished: GET (stylesheet) 200 https://cdnjs.cloudflare.com/ajax/libs/metro/4.1.5/css/metro.min.css","meta":{"rootId":"jo3ycrjh4a6jv91","id":"jo3ycrjh4a6jv91"},"id":"vvj5t2io9j0qquz","previousOperationId":"fsige6zobxpgfjo"}
{"type":"log","timestamp":1705255691479,"level":"debug","message":"Page request finished: GET (script) 200 https://cdnjs.cloudflare.com/ajax/libs/Chart.js/2.7.2/Chart.min.js","meta":{"rootId":"jo3ycrjh4a6jv91","id":"jo3ycrjh4a6jv91"},"id":"7ow7snfa89bercx","previousOperationId":"fsige6zobxpgfjo"}
{"type":"log","timestamp":1705255691506,"level":"debug","message":"Running chrome with params {\"printBackground\":true,\"marginTop\":\"4cm\",\"marginRight\":\"1.5cm\",\"marginBottom\":\"1.5cm\",\"marginLeft\":\"1.5cm\",\"waitForJS\":false,\"timeout\":59913,\"margin\":{\"top\":\"4cm\",\"right\":\"1.5cm\",\"bottom\":\"1.5cm\",\"left\":\"1.5cm\"}}","meta":{"rootId":"jo3ycrjh4a6jv91","id":"jo3ycrjh4a6jv91"},"id":"hdev612ombbz5as","previousOperationId":"fsige6zobxpgfjo"}
{"type":"operationEnd","operationId":"fsige6zobxpgfjo","timestamp":1705255691539,"id":"5mijhxf8prtvcez","previousEventId":"629u4l9j0ao6o2t","previousOperationId":"fsige6zobxpgfjo"}
{"type":"log","timestamp":1705255691539,"level":"info","message":"pdf-utils is starting pdf processing","meta":{"rootId":"jo3ycrjh4a6jv91","id":"jo3ycrjh4a6jv91"},"id":"vj5npibp1z7etoi","previousOperationId":"fsige6zobxpgfjo"}
{"type":"operationStart","subtype":"pdfUtils","name":"pdf utils","timestamp":1705255691539,"id":"jva65ygddxuc1xr","previousEventId":"5mijhxf8prtvcez","operationId":"t9bspz8tgqm8l9t","previousOperationId":"fsige6zobxpgfjo"}
{"type":"log","timestamp":1705255691540,"level":"debug","message":"pdf-utils detected 1 pdf operation(s) to process","meta":{"rootId":"jo3ycrjh4a6jv91","id":"jo3ycrjh4a6jv91"},"id":"h716aydyucxrhpt","previousOperationId":"t9bspz8tgqm8l9t"}
{"type":"log","timestamp":1705255691548,"level":"debug","message":"pdf-utils running pdf operation merge","meta":{"rootId":"jo3ycrjh4a6jv91","id":"jo3ycrjh4a6jv91"},"id":"su4ry2fxm86rc3d","previousOperationId":"t9bspz8tgqm8l9t"}
{"type":"operationStart","subtype":"pdfUtilsMerge","name":"pdf utils merge","previousOperationId":"t9bspz8tgqm8l9t","timestamp":1705255691549,"id":"pam9f452olyjcfl","previousEventId":"jva65ygddxuc1xr","operationId":"24vfuiure43trni"}
{"type":"operationStart","subtype":"render","name":"orders-header","previousOperationId":"24vfuiure43trni","timestamp":1705255691550,"id":"9mgo0v168mez1eu","previousEventId":"pam9f452olyjcfl","operationId":"dr8fn3ta2i5bk7h"}
{"type":"log","timestamp":1705255691550,"level":"info","message":"Starting rendering (child) request","meta":{"rootId":"jo3ycrjh4a6jv91","id":"m9yrs181r49bhxs"},"id":"6ddx1frvgx8am8o","previousOperationId":"dr8fn3ta2i5bk7h"}
{"type":"log","timestamp":1705255691550,"level":"info","message":"Rendering template { name: orders-header, recipe: chrome-pdf, engine: handlebars, preview: true }","meta":{"rootId":"jo3ycrjh4a6jv91","id":"m9yrs181r49bhxs"},"id":"6jaabvfrhljplr0","previousOperationId":"dr8fn3ta2i5bk7h"}
{"type":"log","timestamp":1705255691552,"level":"debug","message":"Inline data specified.","meta":{"rootId":"jo3ycrjh4a6jv91","id":"m9yrs181r49bhxs"},"id":"zpmw5tpki3bmegx","previousOperationId":"dr8fn3ta2i5bk7h"}
{"type":"log","timestamp":1705255691556,"level":"debug","message":"Base url not specified, skipping its injection.","meta":{"rootId":"jo3ycrjh4a6jv91","id":"m9yrs181r49bhxs"},"id":"uwrm6274ka3we55","previousOperationId":"dr8fn3ta2i5bk7h"}
{"type":"operationStart","subtype":"engine","name":"handlebars","timestamp":1705255691556,"id":"n9k0igf4ar3xnjn","previousEventId":"9mgo0v168mez1eu","operationId":"sda8qmboe5vz2jz","previousOperationId":"dr8fn3ta2i5bk7h"}
{"type":"log","timestamp":1705255691556,"level":"debug","message":"Rendering engine handlebars","meta":{"rootId":"jo3ycrjh4a6jv91","id":"m9yrs181r49bhxs"},"id":"82fk3nhqgsw1wsi","previousOperationId":"sda8qmboe5vz2jz"}
{"type":"operationEnd","operationId":"sda8qmboe5vz2jz","timestamp":1705255691588,"id":"9ccgw9flbm3y5an","previousEventId":"n9k0igf4ar3xnjn","previousOperationId":"sda8qmboe5vz2jz"}
{"type":"operationStart","subtype":"recipe","name":"chrome-pdf","timestamp":1705255691588,"id":"t8m750c0wzn7s7u","previousEventId":"9ccgw9flbm3y5an","operationId":"slanpruyubouvg2","previousOperationId":"sda8qmboe5vz2jz"}
{"type":"log","timestamp":1705255691588,"level":"debug","message":"Executing recipe chrome-pdf","meta":{"rootId":"jo3ycrjh4a6jv91","id":"m9yrs181r49bhxs"},"id":"r9v7e6nn51sfdsd","previousOperationId":"slanpruyubouvg2"}
{"type":"log","timestamp":1705255691592,"level":"debug","message":"Converting with chrome HeadlessChrome/117.0.5938.149 using chrome-pool strategy","meta":{"rootId":"jo3ycrjh4a6jv91","id":"m9yrs181r49bhxs"},"id":"mns8i06xt67aukg","previousOperationId":"slanpruyubouvg2"}
{"type":"log","timestamp":1705255691752,"level":"debug","message":"Page request: GET (document) file:///C:/Users/arida/AppData/Local/Temp/jsreport/autocleanup/3c434f95-d702-4c32-b9ea-d05e18b62a98-chrome-pdf.html","meta":{"rootId":"jo3ycrjh4a6jv91","id":"m9yrs181r49bhxs"},"id":"fyi87d99obydsk0","previousOperationId":"slanpruyubouvg2"}
{"type":"log","timestamp":1705255691768,"level":"debug","message":"Page request: GET (stylesheet) https://cdnjs.cloudflare.com/ajax/libs/metro/4.1.5/css/metro.min.css","meta":{"rootId":"jo3ycrjh4a6jv91","id":"m9yrs181r49bhxs"},"id":"skynotqv74rgflj","previousOperationId":"slanpruyubouvg2"}
{"type":"log","timestamp":1705255691769,"level":"debug","message":"Page request finished: GET (document) 200 file:///C:/Users/arida/AppData/Local/Temp/jsreport/autocleanup/3c434f95-d702-4c32-b9ea-d05e18b62a98-chrome-pdf.html","meta":{"rootId":"jo3ycrjh4a6jv91","id":"m9yrs181r49bhxs"},"id":"uz8ujexlgh99b9h","previousOperationId":"slanpruyubouvg2"}
{"type":"log","timestamp":1705255691791,"level":"debug","message":"Page request finished: GET (stylesheet) 200 https://cdnjs.cloudflare.com/ajax/libs/metro/4.1.5/css/metro.min.css","meta":{"rootId":"jo3ycrjh4a6jv91","id":"m9yrs181r49bhxs"},"id":"qgtoyiyvyt5cxy9","previousOperationId":"slanpruyubouvg2"}
{"type":"log","timestamp":1705255691817,"level":"debug","message":"Running chrome with params {\"printBackground\":true,\"marginTop\":\"1.5cm\",\"marginRight\":\"1.5cm\",\"marginLeft\":\"1.cm\",\"timeout\":59622,\"margin\":{\"top\":\"1.5cm\",\"right\":\"1.5cm\",\"left\":\"1.cm\"}}","meta":{"rootId":"jo3ycrjh4a6jv91","id":"m9yrs181r49bhxs"},"id":"sdy8k42aks1rk4w","previousOperationId":"slanpruyubouvg2"}
{"type":"operationEnd","operationId":"slanpruyubouvg2","timestamp":1705255691863,"id":"lkw4r7y3ffqd9sj","previousEventId":"t8m750c0wzn7s7u","previousOperationId":"slanpruyubouvg2"}
{"type":"log","timestamp":1705255691863,"level":"debug","message":"Skipping storing report.","meta":{"rootId":"jo3ycrjh4a6jv91","id":"m9yrs181r49bhxs"},"id":"leigylonnjegw4b","previousOperationId":"slanpruyubouvg2"}
{"type":"log","timestamp":1705255691863,"level":"info","message":"Rendering (child) request finished in 651 ms","meta":{"rootId":"jo3ycrjh4a6jv91","id":"m9yrs181r49bhxs"},"id":"52xairxq2xstc04","previousOperationId":"slanpruyubouvg2"}
{"type":"operationEnd","subtype":"render","operationId":"dr8fn3ta2i5bk7h","timestamp":1705255691863,"id":"iregdyfmg5m6185","previousEventId":"lkw4r7y3ffqd9sj","previousOperationId":"slanpruyubouvg2"}
{"type":"operationEnd","operationId":"24vfuiure43trni","timestamp":1705255691870,"id":"1z33ro8zf4rht03","previousEventId":"pam9f452olyjcfl","previousOperationId":"24vfuiure43trni"}
{"type":"log","timestamp":1705255691870,"level":"debug","message":"pdf-utils postproces start","meta":{"rootId":"jo3ycrjh4a6jv91","id":"jo3ycrjh4a6jv91"},"id":"auwf6a0wajrw0rt","previousOperationId":"24vfuiure43trni"}
{"type":"log","timestamp":1705255691877,"level":"debug","message":"pdf-utils postproces end","meta":{"rootId":"jo3ycrjh4a6jv91","id":"jo3ycrjh4a6jv91"},"id":"bbvw1dvlmnm30ef","previousOperationId":"24vfuiure43trni"}
{"type":"operationEnd","operationId":"t9bspz8tgqm8l9t","timestamp":1705255691877,"id":"2ybctqqvymq7jc6","previousEventId":"1z33ro8zf4rht03","previousOperationId":"24vfuiure43trni"}
{"type":"log","timestamp":1705255691877,"level":"info","message":"pdf-utils pdf processing was finished","meta":{"rootId":"jo3ycrjh4a6jv91","id":"jo3ycrjh4a6jv91"},"id":"bjwnwxsiqsrppt1","previousOperationId":"t9bspz8tgqm8l9t"}
{"type":"log","timestamp":1705255691877,"level":"debug","message":"Skipping storing report.","meta":{"rootId":"jo3ycrjh4a6jv91","id":"jo3ycrjh4a6jv91"},"id":"q40i3vk0gqtqxar","previousOperationId":"t9bspz8tgqm8l9t"}
{"type":"log","timestamp":1705255691877,"level":"info","message":"Rendering request 4 finished in 665 ms","meta":{"rootId":"jo3ycrjh4a6jv91","id":"jo3ycrjh4a6jv91"},"id":"64zoza7colbm7c0","previousOperationId":"t9bspz8tgqm8l9t"}
{"type":"operationEnd","subtype":"render","operationId":"k8a5v3rv25b9wyn","timestamp":1705255691877,"id":"rye6pi5g42cgw2a","previousEventId":"2ybctqqvymq7jc6","previousOperationId":"t9bspz8tgqm8l9t"}
{"type":"operationEnd","doDiffs":false,"previousEventId":"okazyy46suj7gc2","previousOperationId":"50si46qo0tex8xv","operationId":"50si46qo0tex8xv","timestamp":1705255691889,"id":"v10z2sy4mgmmjdo"}
