{"type":"operationStart","subtype":"profile","data":{"_id":"tsGciZdJxxsaszVA","timestamp":"2024-01-09T20:06:22.416Z","state":"queued","mode":"standard","creationDate":"2024-01-09T20:06:22.419Z","modificationDate":"2024-01-09T20:06:22.419Z","shortid":"NrnhGig","$entitySet":"profiles"},"doDiffs":false,"timestamp":1704830782417,"id":"5ui6lmlnw1hjjxl","previousOperationId":null,"operationId":"3s8hxrjdz2vpm83"}
{"type":"log","level":"info","message":"Render request 9 queued for execution and waiting for available worker","previousOperationId":"3s8hxrjdz2vpm83","timestamp":1704830782417,"id":"kff8niqouy3hheh"}
{"type":"operationStart","subtype":"render","name":"orders-main","previousOperationId":"3s8hxrjdz2vpm83","timestamp":1704830782424,"id":"5jp3kxdqqkoovll","previousEventId":"5ui6lmlnw1hjjxl","operationId":"3f8uequcm6ydv09"}
{"type":"log","timestamp":1704830782424,"level":"info","message":"Starting rendering request 9","meta":{"rootId":"k2zjd69ty3ne0hq","id":"k2zjd69ty3ne0hq"},"id":"d6155lmug3y4hm2","previousOperationId":"3f8uequcm6ydv09"}
{"type":"log","timestamp":1704830782425,"level":"info","message":"Rendering template { name: orders-main, recipe: chrome-pdf, engine: handlebars, preview: false }","meta":{"rootId":"k2zjd69ty3ne0hq","id":"k2zjd69ty3ne0hq"},"id":"epry2fqr425fx3h","previousOperationId":"3f8uequcm6ydv09"}
{"type":"log","timestamp":1704830782428,"level":"debug","message":"Data item not defined for this template.","meta":{"rootId":"k2zjd69ty3ne0hq","id":"k2zjd69ty3ne0hq"},"id":"2jackx7uh2ecuni","previousOperationId":"3f8uequcm6ydv09"}
{"type":"log","timestamp":1704830782434,"level":"debug","message":"Executing script orders-script (beforeRender)","meta":{"rootId":"k2zjd69ty3ne0hq","id":"k2zjd69ty3ne0hq"},"id":"ewv0i4i6zcd90nh","previousOperationId":"3f8uequcm6ydv09"}
{"type":"operationStart","subtype":"scriptsBeforeRender","name":"scripts beforeRender","timestamp":1704830782449,"id":"97u9yyjsw4645oa","previousEventId":"5jp3kxdqqkoovll","operationId":"gopd1vxbku49lkg","previousOperationId":"3f8uequcm6ydv09"}
{"type":"operationStart","subtype":"script","name":"scripts orders-script","previousOperationId":"gopd1vxbku49lkg","timestamp":1704830782449,"id":"tu65tcg2syzf9sy","previousEventId":"97u9yyjsw4645oa","operationId":"7al3ytvvzn1zalc"}
{"type":"log","timestamp":1704830783404,"level":"debug","message":"(console:log) undefined","meta":{"userLevel":true,"rootId":"k2zjd69ty3ne0hq","id":"k2zjd69ty3ne0hq"},"id":"cc2rhpc3klz2cap","previousOperationId":"7al3ytvvzn1zalc"}
{"type":"operationEnd","operationId":"7al3ytvvzn1zalc","timestamp":1704830783809,"id":"x2ymbjmja2q6mb0","previousEventId":"5jp3kxdqqkoovll","previousOperationId":"3f8uequcm6ydv09"}
{"type":"operationEnd","operationId":"gopd1vxbku49lkg","timestamp":1704830783809,"id":"4dy90iaygtqgwr2","previousEventId":"x2ymbjmja2q6mb0","previousOperationId":"3f8uequcm6ydv09"}
{"type":"log","timestamp":1704830783809,"level":"debug","message":"Base url not specified, skipping its injection.","meta":{"rootId":"k2zjd69ty3ne0hq","id":"k2zjd69ty3ne0hq"},"id":"odq185qf4r7uf90","previousOperationId":"gopd1vxbku49lkg"}
{"type":"operationStart","subtype":"engine","name":"handlebars","timestamp":1704830783809,"id":"rc4r428vml9so8p","previousEventId":"4dy90iaygtqgwr2","operationId":"ouy8wkxybfsilzz","previousOperationId":"gopd1vxbku49lkg"}
{"type":"log","timestamp":1704830783809,"level":"debug","message":"Rendering engine handlebars","meta":{"rootId":"k2zjd69ty3ne0hq","id":"k2zjd69ty3ne0hq"},"id":"ebv90ts34sgld97","previousOperationId":"ouy8wkxybfsilzz"}
{"type":"log","timestamp":1704830783819,"level":"debug","message":"(console:log) Pdf utils adding group field, value: \"France\"","meta":{"userLevel":true,"rootId":"k2zjd69ty3ne0hq","id":"k2zjd69ty3ne0hq"},"id":"okujd3h2jv2rrk9","previousOperationId":"ouy8wkxybfsilzz"}
{"type":"log","timestamp":1704830783819,"level":"debug","message":"(console:log) Pdf utils adding group field, value: \"Germany\"","meta":{"userLevel":true,"rootId":"k2zjd69ty3ne0hq","id":"k2zjd69ty3ne0hq"},"id":"shv0k6ko2vsyj3t","previousOperationId":"ouy8wkxybfsilzz"}
{"type":"operationEnd","operationId":"ouy8wkxybfsilzz","timestamp":1704830783820,"id":"n11ncsua159epve","previousEventId":"rc4r428vml9so8p","previousOperationId":"ouy8wkxybfsilzz"}
{"type":"operationStart","subtype":"recipe","name":"chrome-pdf","timestamp":1704830783820,"id":"0qpu4y4zp2fngok","previousEventId":"n11ncsua159epve","operationId":"k8302vf6z9mbrr5","previousOperationId":"ouy8wkxybfsilzz"}
{"type":"log","timestamp":1704830783820,"level":"debug","message":"Executing recipe chrome-pdf","meta":{"rootId":"k2zjd69ty3ne0hq","id":"k2zjd69ty3ne0hq"},"id":"r285tvptqn2ksvs","previousOperationId":"k8302vf6z9mbrr5"}
{"type":"log","timestamp":1704830783824,"level":"debug","message":"Converting with chrome HeadlessChrome/117.0.5938.149 using chrome-pool strategy","meta":{"rootId":"k2zjd69ty3ne0hq","id":"k2zjd69ty3ne0hq"},"id":"nmg0qg3lul2ky2m","previousOperationId":"k8302vf6z9mbrr5"}
{"type":"log","timestamp":1704830783939,"level":"debug","message":"Page request: GET (document) file:///C:/Users/arida/AppData/Local/Temp/jsreport/autocleanup/5529067f-8075-4f14-8b87-3f7e1acd15f9-chrome-pdf.html","meta":{"rootId":"k2zjd69ty3ne0hq","id":"k2zjd69ty3ne0hq"},"id":"blg4movkf0jffo5","previousOperationId":"k8302vf6z9mbrr5"}
{"type":"log","timestamp":1704830783998,"level":"debug","message":"Page request: GET (stylesheet) https://cdnjs.cloudflare.com/ajax/libs/metro/4.1.5/css/metro.min.css","meta":{"rootId":"k2zjd69ty3ne0hq","id":"k2zjd69ty3ne0hq"},"id":"wyodewo7wusgtld","previousOperationId":"k8302vf6z9mbrr5"}
{"type":"log","timestamp":1704830783998,"level":"debug","message":"Page request: GET (script) https://cdnjs.cloudflare.com/ajax/libs/Chart.js/2.7.2/Chart.min.js","meta":{"rootId":"k2zjd69ty3ne0hq","id":"k2zjd69ty3ne0hq"},"id":"a4h2w9jabdj6ytl","previousOperationId":"k8302vf6z9mbrr5"}
{"type":"log","timestamp":1704830783998,"level":"debug","message":"Page request finished: GET (document) 200 file:///C:/Users/arida/AppData/Local/Temp/jsreport/autocleanup/5529067f-8075-4f14-8b87-3f7e1acd15f9-chrome-pdf.html","meta":{"rootId":"k2zjd69ty3ne0hq","id":"k2zjd69ty3ne0hq"},"id":"p6h4pn0lf9ykmye","previousOperationId":"k8302vf6z9mbrr5"}
{"type":"log","timestamp":1704830784022,"level":"debug","message":"Page request finished: GET (stylesheet) 200 https://cdnjs.cloudflare.com/ajax/libs/metro/4.1.5/css/metro.min.css","meta":{"rootId":"k2zjd69ty3ne0hq","id":"k2zjd69ty3ne0hq"},"id":"osgwm9lavex3rn8","previousOperationId":"k8302vf6z9mbrr5"}
{"type":"log","timestamp":1704830784022,"level":"debug","message":"Page request finished: GET (script) 200 https://cdnjs.cloudflare.com/ajax/libs/Chart.js/2.7.2/Chart.min.js","meta":{"rootId":"k2zjd69ty3ne0hq","id":"k2zjd69ty3ne0hq"},"id":"eawj64sw2g5g0gt","previousOperationId":"k8302vf6z9mbrr5"}
{"type":"log","timestamp":1704830784102,"level":"debug","message":"Running chrome with params {\"printBackground\":true,\"marginTop\":\"4cm\",\"marginRight\":\"1.5cm\",\"marginBottom\":\"1.5cm\",\"marginLeft\":\"1.5cm\",\"waitForJS\":false,\"timeout\":58592,\"margin\":{\"top\":\"4cm\",\"right\":\"1.5cm\",\"bottom\":\"1.5cm\",\"left\":\"1.5cm\"}}","meta":{"rootId":"k2zjd69ty3ne0hq","id":"k2zjd69ty3ne0hq"},"id":"ul7j8txucyn571o","previousOperationId":"k8302vf6z9mbrr5"}
{"type":"operationEnd","operationId":"k8302vf6z9mbrr5","timestamp":1704830784255,"id":"ryt9n3pjr13lsjg","previousEventId":"0qpu4y4zp2fngok","previousOperationId":"k8302vf6z9mbrr5"}
{"type":"log","timestamp":1704830784255,"level":"info","message":"pdf-utils is starting pdf processing","meta":{"rootId":"k2zjd69ty3ne0hq","id":"k2zjd69ty3ne0hq"},"id":"7mbqy64uvadm5ph","previousOperationId":"k8302vf6z9mbrr5"}
{"type":"operationStart","subtype":"pdfUtils","name":"pdf utils","timestamp":1704830784255,"id":"47ax8mgpuk7hzo0","previousEventId":"ryt9n3pjr13lsjg","operationId":"8bwysa2qfniu1jk","previousOperationId":"k8302vf6z9mbrr5"}
{"type":"log","timestamp":1704830784255,"level":"debug","message":"pdf-utils detected 1 pdf operation(s) to process","meta":{"rootId":"k2zjd69ty3ne0hq","id":"k2zjd69ty3ne0hq"},"id":"v2ed22aswluegwh","previousOperationId":"8bwysa2qfniu1jk"}
{"type":"log","timestamp":1704830784284,"level":"debug","message":"pdf-utils running pdf operation merge","meta":{"rootId":"k2zjd69ty3ne0hq","id":"k2zjd69ty3ne0hq"},"id":"3mymorny5hmxshs","previousOperationId":"8bwysa2qfniu1jk"}
{"type":"operationStart","subtype":"pdfUtilsMerge","name":"pdf utils merge","previousOperationId":"8bwysa2qfniu1jk","timestamp":1704830784284,"id":"s0qy9dulnn9fqix","previousEventId":"47ax8mgpuk7hzo0","operationId":"dccms03bb0739z3"}
{"type":"operationStart","subtype":"render","name":"orders-header","previousOperationId":"dccms03bb0739z3","timestamp":1704830784285,"id":"7949guabgupo3ml","previousEventId":"s0qy9dulnn9fqix","operationId":"pg86gwbypp7bro7"}
{"type":"log","timestamp":1704830784285,"level":"info","message":"Starting rendering (child) request","meta":{"rootId":"k2zjd69ty3ne0hq","id":"47jk7bzli0yi4wv"},"id":"lvbh1tut354cl2r","previousOperationId":"pg86gwbypp7bro7"}
{"type":"log","timestamp":1704830784285,"level":"info","message":"Rendering template { name: orders-header, recipe: chrome-pdf, engine: handlebars, preview: false }","meta":{"rootId":"k2zjd69ty3ne0hq","id":"47jk7bzli0yi4wv"},"id":"vbvag02d59r4yeg","previousOperationId":"pg86gwbypp7bro7"}
{"type":"log","timestamp":1704830784286,"level":"debug","message":"Inline data specified.","meta":{"rootId":"k2zjd69ty3ne0hq","id":"47jk7bzli0yi4wv"},"id":"6isx8fkfvv1fx5t","previousOperationId":"pg86gwbypp7bro7"}
{"type":"log","timestamp":1704830784290,"level":"debug","message":"Base url not specified, skipping its injection.","meta":{"rootId":"k2zjd69ty3ne0hq","id":"47jk7bzli0yi4wv"},"id":"2bsuz1gs6kfyu2a","previousOperationId":"pg86gwbypp7bro7"}
{"type":"operationStart","subtype":"engine","name":"handlebars","timestamp":1704830784290,"id":"s78lm7dd5ufwm80","previousEventId":"7949guabgupo3ml","operationId":"5dz40nruxprhrmi","previousOperationId":"pg86gwbypp7bro7"}
{"type":"log","timestamp":1704830784290,"level":"debug","message":"Rendering engine handlebars","meta":{"rootId":"k2zjd69ty3ne0hq","id":"47jk7bzli0yi4wv"},"id":"bbhjxlslp9taxn6","previousOperationId":"5dz40nruxprhrmi"}
{"type":"operationEnd","operationId":"5dz40nruxprhrmi","timestamp":1704830784307,"id":"p5642r05h48avsk","previousEventId":"s78lm7dd5ufwm80","previousOperationId":"5dz40nruxprhrmi"}
{"type":"operationStart","subtype":"recipe","name":"chrome-pdf","timestamp":1704830784308,"id":"4kmaq9capza6rf1","previousEventId":"p5642r05h48avsk","operationId":"4cpu44t716ym8r0","previousOperationId":"5dz40nruxprhrmi"}
{"type":"log","timestamp":1704830784308,"level":"debug","message":"Executing recipe chrome-pdf","meta":{"rootId":"k2zjd69ty3ne0hq","id":"47jk7bzli0yi4wv"},"id":"wyeq47ppx3k57xv","previousOperationId":"4cpu44t716ym8r0"}
{"type":"log","timestamp":1704830784311,"level":"debug","message":"Converting with chrome HeadlessChrome/117.0.5938.149 using chrome-pool strategy","meta":{"rootId":"k2zjd69ty3ne0hq","id":"47jk7bzli0yi4wv"},"id":"kyk06fsigevtdh4","previousOperationId":"4cpu44t716ym8r0"}
{"type":"log","timestamp":1704830784430,"level":"debug","message":"Page request: GET (document) file:///C:/Users/arida/AppData/Local/Temp/jsreport/autocleanup/3413cf04-b452-4ee7-a7a3-61f406e5ef32-chrome-pdf.html","meta":{"rootId":"k2zjd69ty3ne0hq","id":"47jk7bzli0yi4wv"},"id":"0zdd473j7l3ssg0","previousOperationId":"4cpu44t716ym8r0"}
{"type":"log","timestamp":1704830784443,"level":"debug","message":"Page request: GET (stylesheet) https://cdnjs.cloudflare.com/ajax/libs/metro/4.1.5/css/metro.min.css","meta":{"rootId":"k2zjd69ty3ne0hq","id":"47jk7bzli0yi4wv"},"id":"zd9g7szwf57byja","previousOperationId":"4cpu44t716ym8r0"}
{"type":"log","timestamp":1704830784443,"level":"debug","message":"Page request finished: GET (document) 200 file:///C:/Users/arida/AppData/Local/Temp/jsreport/autocleanup/3413cf04-b452-4ee7-a7a3-61f406e5ef32-chrome-pdf.html","meta":{"rootId":"k2zjd69ty3ne0hq","id":"47jk7bzli0yi4wv"},"id":"xu2vpap4bipbrhc","previousOperationId":"4cpu44t716ym8r0"}
{"type":"log","timestamp":1704830784463,"level":"debug","message":"Page request finished: GET (stylesheet) 200 https://cdnjs.cloudflare.com/ajax/libs/metro/4.1.5/css/metro.min.css","meta":{"rootId":"k2zjd69ty3ne0hq","id":"47jk7bzli0yi4wv"},"id":"qfusrq2pdqyv7p9","previousOperationId":"4cpu44t716ym8r0"}
{"type":"log","timestamp":1704830784488,"level":"debug","message":"Running chrome with params {\"printBackground\":true,\"marginTop\":\"1.5cm\",\"marginRight\":\"1.5cm\",\"marginLeft\":\"1.cm\",\"timeout\":58105,\"margin\":{\"top\":\"1.5cm\",\"right\":\"1.5cm\",\"left\":\"1.cm\"}}","meta":{"rootId":"k2zjd69ty3ne0hq","id":"47jk7bzli0yi4wv"},"id":"kcwumyzjuaq2tzq","previousOperationId":"4cpu44t716ym8r0"}
{"type":"operationEnd","operationId":"4cpu44t716ym8r0","timestamp":1704830784545,"id":"etqtazomjlmzwvo","previousEventId":"4kmaq9capza6rf1","previousOperationId":"4cpu44t716ym8r0"}
{"type":"log","timestamp":1704830784545,"level":"debug","message":"Skipping storing report.","meta":{"rootId":"k2zjd69ty3ne0hq","id":"47jk7bzli0yi4wv"},"id":"p0lcbjflvta1j8j","previousOperationId":"4cpu44t716ym8r0"}
{"type":"log","timestamp":1704830784545,"level":"info","message":"Rendering (child) request finished in 2130 ms","meta":{"rootId":"k2zjd69ty3ne0hq","id":"47jk7bzli0yi4wv"},"id":"4aia14la7t7111v","previousOperationId":"4cpu44t716ym8r0"}
{"type":"operationEnd","subtype":"render","operationId":"pg86gwbypp7bro7","timestamp":1704830784545,"id":"i8u991kiep4x9e5","previousEventId":"etqtazomjlmzwvo","previousOperationId":"4cpu44t716ym8r0"}
{"type":"operationEnd","operationId":"dccms03bb0739z3","timestamp":1704830784567,"id":"mrkwya5vramfccl","previousEventId":"s0qy9dulnn9fqix","previousOperationId":"dccms03bb0739z3"}
{"type":"log","timestamp":1704830784567,"level":"debug","message":"pdf-utils postproces start","meta":{"rootId":"k2zjd69ty3ne0hq","id":"k2zjd69ty3ne0hq"},"id":"s5pi3fsow303eyl","previousOperationId":"dccms03bb0739z3"}
{"type":"log","timestamp":1704830784586,"level":"debug","message":"pdf-utils postproces end","meta":{"rootId":"k2zjd69ty3ne0hq","id":"k2zjd69ty3ne0hq"},"id":"asmkmd6znmlxdkl","previousOperationId":"dccms03bb0739z3"}
{"type":"operationEnd","operationId":"8bwysa2qfniu1jk","timestamp":1704830784586,"id":"3xhsscr1rbn3hok","previousEventId":"mrkwya5vramfccl","previousOperationId":"dccms03bb0739z3"}
{"type":"log","timestamp":1704830784586,"level":"info","message":"pdf-utils pdf processing was finished","meta":{"rootId":"k2zjd69ty3ne0hq","id":"k2zjd69ty3ne0hq"},"id":"61zd9b3pfbgx9tx","previousOperationId":"8bwysa2qfniu1jk"}
{"type":"log","timestamp":1704830784586,"level":"debug","message":"Skipping storing report.","meta":{"rootId":"k2zjd69ty3ne0hq","id":"k2zjd69ty3ne0hq"},"id":"8qw303qwnq7t81x","previousOperationId":"8bwysa2qfniu1jk"}
{"type":"log","timestamp":1704830784586,"level":"info","message":"Rendering request 9 finished in 2171 ms","meta":{"rootId":"k2zjd69ty3ne0hq","id":"k2zjd69ty3ne0hq"},"id":"7x6mpvn3g6klksx","previousOperationId":"8bwysa2qfniu1jk"}
{"type":"operationEnd","subtype":"render","operationId":"3f8uequcm6ydv09","timestamp":1704830784586,"id":"rdpkvqei9e4ddrm","previousEventId":"3xhsscr1rbn3hok","previousOperationId":"8bwysa2qfniu1jk"}
{"type":"operationEnd","doDiffs":false,"previousEventId":"5ui6lmlnw1hjjxl","previousOperationId":"3s8hxrjdz2vpm83","operationId":"3s8hxrjdz2vpm83","timestamp":1704830784594,"id":"97bcr6kh455ja0x"}
