{"type":"operationStart","subtype":"profile","data":{"_id":"Dwm18cWs84mSJ87P","timestamp":"2024-01-14T19:09:38.616Z","state":"queued","mode":"standard","creationDate":"2024-01-14T19:09:38.620Z","modificationDate":"2024-01-14T19:09:38.620Z","shortid":"4fSvfiW","$entitySet":"profiles"},"doDiffs":false,"timestamp":1705259378619,"id":"se6o10c9ndlkflh","previousOperationId":null,"operationId":"vu7oattscohjg0a"}
{"type":"log","level":"info","message":"Render request 8 queued for execution and waiting for available worker","previousOperationId":"vu7oattscohjg0a","timestamp":1705259378619,"id":"3m60uexlsizs25d"}
{"type":"operationStart","subtype":"render","name":"orders-main","previousOperationId":"vu7oattscohjg0a","timestamp":1705259378624,"id":"tfnkqxuhlxhtenx","previousEventId":"se6o10c9ndlkflh","operationId":"yxvygnsuui0z4uj"}
{"type":"log","timestamp":1705259378624,"level":"info","message":"Starting rendering request 8","meta":{"rootId":"koejnlxrldp1vga","id":"koejnlxrldp1vga"},"id":"1po0w8ot4kwilu5","previousOperationId":"yxvygnsuui0z4uj"}
{"type":"log","timestamp":1705259378624,"level":"info","message":"Rendering template { name: orders-main, recipe: chrome-pdf, engine: handlebars, preview: false }","meta":{"rootId":"koejnlxrldp1vga","id":"koejnlxrldp1vga"},"id":"bro5pw1u6tcew2a","previousOperationId":"yxvygnsuui0z4uj"}
{"type":"log","timestamp":1705259378625,"level":"debug","message":"Data item not defined for this template.","meta":{"rootId":"koejnlxrldp1vga","id":"koejnlxrldp1vga"},"id":"3d6qr8904id5vuo","previousOperationId":"yxvygnsuui0z4uj"}
{"type":"log","timestamp":1705259378629,"level":"debug","message":"Executing script orders-script (beforeRender)","meta":{"rootId":"koejnlxrldp1vga","id":"koejnlxrldp1vga"},"id":"ickjjphwd1yt8k9","previousOperationId":"yxvygnsuui0z4uj"}
{"type":"operationStart","subtype":"scriptsBeforeRender","name":"scripts beforeRender","timestamp":1705259378638,"id":"uuwenubydcypc5e","previousEventId":"tfnkqxuhlxhtenx","operationId":"xvwgx2bvl0tq3l2","previousOperationId":"yxvygnsuui0z4uj"}
{"type":"operationStart","subtype":"script","name":"scripts orders-script","previousOperationId":"xvwgx2bvl0tq3l2","timestamp":1705259378638,"id":"icb0zs21xoiwn34","previousEventId":"uuwenubydcypc5e","operationId":"p4sye0w9lxvh9oa"}
{"type":"operationEnd","operationId":"p4sye0w9lxvh9oa","timestamp":1705259378651,"id":"u0cthensk5igi2n","previousEventId":"tfnkqxuhlxhtenx","previousOperationId":"yxvygnsuui0z4uj"}
{"type":"operationEnd","operationId":"xvwgx2bvl0tq3l2","timestamp":1705259378651,"id":"nglm4dakj7hs1vb","previousEventId":"u0cthensk5igi2n","previousOperationId":"yxvygnsuui0z4uj"}
{"type":"log","timestamp":1705259378651,"level":"debug","message":"Base url not specified, skipping its injection.","meta":{"rootId":"koejnlxrldp1vga","id":"koejnlxrldp1vga"},"id":"4qkgojk2tahw790","previousOperationId":"xvwgx2bvl0tq3l2"}
{"type":"operationStart","subtype":"engine","name":"handlebars","timestamp":1705259378651,"id":"qjsio7glq0cut0f","previousEventId":"nglm4dakj7hs1vb","operationId":"0iwj4xwtu8ixgff","previousOperationId":"xvwgx2bvl0tq3l2"}
{"type":"log","timestamp":1705259378651,"level":"debug","message":"Rendering engine handlebars","meta":{"rootId":"koejnlxrldp1vga","id":"koejnlxrldp1vga"},"id":"v86yf7n1zwy93zo","previousOperationId":"0iwj4xwtu8ixgff"}
{"type":"operationEnd","operationId":"0iwj4xwtu8ixgff","timestamp":1705259378660,"id":"bp7dxtgfxf15miv","previousEventId":"qjsio7glq0cut0f","previousOperationId":"0iwj4xwtu8ixgff"}
{"type":"operationStart","subtype":"recipe","name":"chrome-pdf","timestamp":1705259378660,"id":"1k0fd9g0z2cmghg","previousEventId":"bp7dxtgfxf15miv","operationId":"lcnn6re4oq53d54","previousOperationId":"0iwj4xwtu8ixgff"}
{"type":"log","timestamp":1705259378660,"level":"debug","message":"Executing recipe chrome-pdf","meta":{"rootId":"koejnlxrldp1vga","id":"koejnlxrldp1vga"},"id":"tckfgj6j2wnh067","previousOperationId":"lcnn6re4oq53d54"}
{"type":"log","timestamp":1705259378662,"level":"debug","message":"Converting with chrome HeadlessChrome/117.0.5938.149 using chrome-pool strategy","meta":{"rootId":"koejnlxrldp1vga","id":"koejnlxrldp1vga"},"id":"n61vpm1khyhxrni","previousOperationId":"lcnn6re4oq53d54"}
{"type":"log","timestamp":1705259378769,"level":"debug","message":"Page request: GET (document) file:///C:/Users/arida/AppData/Local/Temp/jsreport/autocleanup/d721ece2-9f5f-4a75-99c7-bd8f3be57ca1-chrome-pdf.html","meta":{"rootId":"koejnlxrldp1vga","id":"koejnlxrldp1vga"},"id":"bqd2aldui7knbi9","previousOperationId":"lcnn6re4oq53d54"}
{"type":"log","timestamp":1705259378779,"level":"debug","message":"Page request: GET (stylesheet) https://cdnjs.cloudflare.com/ajax/libs/metro/4.1.5/css/metro.min.css","meta":{"rootId":"koejnlxrldp1vga","id":"koejnlxrldp1vga"},"id":"tjv55lxl1pr5dsj","previousOperationId":"lcnn6re4oq53d54"}
{"type":"log","timestamp":1705259378780,"level":"debug","message":"Page request: GET (script) https://cdnjs.cloudflare.com/ajax/libs/Chart.js/2.7.2/Chart.min.js","meta":{"rootId":"koejnlxrldp1vga","id":"koejnlxrldp1vga"},"id":"8roetjs6vqzfht0","previousOperationId":"lcnn6re4oq53d54"}
{"type":"log","timestamp":1705259378780,"level":"debug","message":"Page request finished: GET (document) 200 file:///C:/Users/arida/AppData/Local/Temp/jsreport/autocleanup/d721ece2-9f5f-4a75-99c7-bd8f3be57ca1-chrome-pdf.html","meta":{"rootId":"koejnlxrldp1vga","id":"koejnlxrldp1vga"},"id":"3ztdv55m4wis7xi","previousOperationId":"lcnn6re4oq53d54"}
{"type":"log","timestamp":1705259378801,"level":"debug","message":"Page request finished: GET (stylesheet) 200 https://cdnjs.cloudflare.com/ajax/libs/metro/4.1.5/css/metro.min.css","meta":{"rootId":"koejnlxrldp1vga","id":"koejnlxrldp1vga"},"id":"ldl8y46uhntg5pg","previousOperationId":"lcnn6re4oq53d54"}
{"type":"log","timestamp":1705259378801,"level":"debug","message":"Page request finished: GET (script) 200 https://cdnjs.cloudflare.com/ajax/libs/Chart.js/2.7.2/Chart.min.js","meta":{"rootId":"koejnlxrldp1vga","id":"koejnlxrldp1vga"},"id":"4h2bicix2eda2lj","previousOperationId":"lcnn6re4oq53d54"}
{"type":"log","timestamp":1705259378831,"level":"debug","message":"Running chrome with params {\"printBackground\":true,\"marginTop\":\"4cm\",\"marginRight\":\"1.5cm\",\"marginBottom\":\"1.5cm\",\"marginLeft\":\"1.5cm\",\"waitForJS\":false,\"timeout\":59954,\"margin\":{\"top\":\"4cm\",\"right\":\"1.5cm\",\"bottom\":\"1.5cm\",\"left\":\"1.5cm\"}}","meta":{"rootId":"koejnlxrldp1vga","id":"koejnlxrldp1vga"},"id":"5gr6wmr0p0tboh7","previousOperationId":"lcnn6re4oq53d54"}
{"type":"operationEnd","operationId":"lcnn6re4oq53d54","timestamp":1705259378866,"id":"15lct30e5k5uqnv","previousEventId":"1k0fd9g0z2cmghg","previousOperationId":"lcnn6re4oq53d54"}
{"type":"log","timestamp":1705259378866,"level":"info","message":"pdf-utils is starting pdf processing","meta":{"rootId":"koejnlxrldp1vga","id":"koejnlxrldp1vga"},"id":"pawejcejt2wrxfi","previousOperationId":"lcnn6re4oq53d54"}
{"type":"operationStart","subtype":"pdfUtils","name":"pdf utils","timestamp":1705259378866,"id":"xwkgdatpyn7zp57","previousEventId":"15lct30e5k5uqnv","operationId":"z5czao7hrvpepaq","previousOperationId":"lcnn6re4oq53d54"}
{"type":"log","timestamp":1705259378866,"level":"debug","message":"pdf-utils detected 1 pdf operation(s) to process","meta":{"rootId":"koejnlxrldp1vga","id":"koejnlxrldp1vga"},"id":"xcuzt116pyonj3q","previousOperationId":"z5czao7hrvpepaq"}
{"type":"log","timestamp":1705259378881,"level":"debug","message":"pdf-utils running pdf operation merge","meta":{"rootId":"koejnlxrldp1vga","id":"koejnlxrldp1vga"},"id":"glknszq6omjw0tf","previousOperationId":"z5czao7hrvpepaq"}
{"type":"operationStart","subtype":"pdfUtilsMerge","name":"pdf utils merge","previousOperationId":"z5czao7hrvpepaq","timestamp":1705259378882,"id":"kt8frc7vjsrg4x4","previousEventId":"xwkgdatpyn7zp57","operationId":"2kxf1z6mft5u6xq"}
{"type":"operationStart","subtype":"render","name":"orders-header","previousOperationId":"2kxf1z6mft5u6xq","timestamp":1705259378883,"id":"kio0lksepwolsrk","previousEventId":"kt8frc7vjsrg4x4","operationId":"shdmzf94nnyq3gz"}
{"type":"log","timestamp":1705259378883,"level":"info","message":"Starting rendering (child) request","meta":{"rootId":"koejnlxrldp1vga","id":"pql1gn7dex1hage"},"id":"3r34y4i6z362rn4","previousOperationId":"shdmzf94nnyq3gz"}
{"type":"log","timestamp":1705259378883,"level":"info","message":"Rendering template { name: orders-header, recipe: chrome-pdf, engine: handlebars, preview: false }","meta":{"rootId":"koejnlxrldp1vga","id":"pql1gn7dex1hage"},"id":"csy380sj1kiwh8h","previousOperationId":"shdmzf94nnyq3gz"}
{"type":"log","timestamp":1705259378884,"level":"debug","message":"Inline data specified.","meta":{"rootId":"koejnlxrldp1vga","id":"pql1gn7dex1hage"},"id":"vbf0jae7tt81a8q","previousOperationId":"shdmzf94nnyq3gz"}
{"type":"log","timestamp":1705259378887,"level":"debug","message":"Base url not specified, skipping its injection.","meta":{"rootId":"koejnlxrldp1vga","id":"pql1gn7dex1hage"},"id":"fvtkty7ejzwpcak","previousOperationId":"shdmzf94nnyq3gz"}
{"type":"operationStart","subtype":"engine","name":"handlebars","timestamp":1705259378887,"id":"gdcwtcngyw9uo3d","previousEventId":"kio0lksepwolsrk","operationId":"srqs0ko6q71okry","previousOperationId":"shdmzf94nnyq3gz"}
{"type":"log","timestamp":1705259378887,"level":"debug","message":"Rendering engine handlebars","meta":{"rootId":"koejnlxrldp1vga","id":"pql1gn7dex1hage"},"id":"yr03crmfntq70hj","previousOperationId":"srqs0ko6q71okry"}
{"type":"operationEnd","operationId":"srqs0ko6q71okry","timestamp":1705259378900,"id":"50p99l2yvuzwrxj","previousEventId":"gdcwtcngyw9uo3d","previousOperationId":"srqs0ko6q71okry"}
{"type":"operationStart","subtype":"recipe","name":"chrome-pdf","timestamp":1705259378900,"id":"3anasknnx2bw5rg","previousEventId":"50p99l2yvuzwrxj","operationId":"9cvp6cl8h1ki4sh","previousOperationId":"srqs0ko6q71okry"}
{"type":"log","timestamp":1705259378900,"level":"debug","message":"Executing recipe chrome-pdf","meta":{"rootId":"koejnlxrldp1vga","id":"pql1gn7dex1hage"},"id":"p5otha5inf7gu05","previousOperationId":"9cvp6cl8h1ki4sh"}
{"type":"log","timestamp":1705259378902,"level":"debug","message":"Converting with chrome HeadlessChrome/117.0.5938.149 using chrome-pool strategy","meta":{"rootId":"koejnlxrldp1vga","id":"pql1gn7dex1hage"},"id":"ji8o6wndbz6h48h","previousOperationId":"9cvp6cl8h1ki4sh"}
{"type":"log","timestamp":1705259379010,"level":"debug","message":"Page request: GET (document) file:///C:/Users/arida/AppData/Local/Temp/jsreport/autocleanup/09e5cc60-ae61-404e-bd28-d1699ac66c8d-chrome-pdf.html","meta":{"rootId":"koejnlxrldp1vga","id":"pql1gn7dex1hage"},"id":"7767p9qhxxize7q","previousOperationId":"9cvp6cl8h1ki4sh"}
{"type":"log","timestamp":1705259379020,"level":"debug","message":"Page request: GET (stylesheet) https://cdnjs.cloudflare.com/ajax/libs/metro/4.1.5/css/metro.min.css","meta":{"rootId":"koejnlxrldp1vga","id":"pql1gn7dex1hage"},"id":"j5cwp2jpkddesk9","previousOperationId":"9cvp6cl8h1ki4sh"}
{"type":"log","timestamp":1705259379021,"level":"debug","message":"Page request finished: GET (document) 200 file:///C:/Users/arida/AppData/Local/Temp/jsreport/autocleanup/09e5cc60-ae61-404e-bd28-d1699ac66c8d-chrome-pdf.html","meta":{"rootId":"koejnlxrldp1vga","id":"pql1gn7dex1hage"},"id":"0d7okwqmp4wqtu7","previousOperationId":"9cvp6cl8h1ki4sh"}
{"type":"log","timestamp":1705259379037,"level":"debug","message":"Page request finished: GET (stylesheet) 200 https://cdnjs.cloudflare.com/ajax/libs/metro/4.1.5/css/metro.min.css","meta":{"rootId":"koejnlxrldp1vga","id":"pql1gn7dex1hage"},"id":"s50klti7wd87tg0","previousOperationId":"9cvp6cl8h1ki4sh"}
{"type":"log","timestamp":1705259379054,"level":"debug","message":"Running chrome with params {\"printBackground\":true,\"marginTop\":\"1.5cm\",\"marginRight\":\"1.5cm\",\"marginLeft\":\"1.cm\",\"timeout\":59714,\"margin\":{\"top\":\"1.5cm\",\"right\":\"1.5cm\",\"left\":\"1.cm\"}}","meta":{"rootId":"koejnlxrldp1vga","id":"pql1gn7dex1hage"},"id":"sfpqisx6wxyz53c","previousOperationId":"9cvp6cl8h1ki4sh"}
{"type":"operationEnd","operationId":"9cvp6cl8h1ki4sh","timestamp":1705259379088,"id":"h8cfn3k4k8yiuyj","previousEventId":"3anasknnx2bw5rg","previousOperationId":"9cvp6cl8h1ki4sh"}
{"type":"log","timestamp":1705259379089,"level":"debug","message":"Skipping storing report.","meta":{"rootId":"koejnlxrldp1vga","id":"pql1gn7dex1hage"},"id":"q80avj6ejfsx4yp","previousOperationId":"9cvp6cl8h1ki4sh"}
{"type":"log","timestamp":1705259379089,"level":"info","message":"Rendering (child) request finished in 473 ms","meta":{"rootId":"koejnlxrldp1vga","id":"pql1gn7dex1hage"},"id":"g4wtbgi4xikyrtn","previousOperationId":"9cvp6cl8h1ki4sh"}
{"type":"operationEnd","subtype":"render","operationId":"shdmzf94nnyq3gz","timestamp":1705259379089,"id":"n5446mi5ltw5qxc","previousEventId":"h8cfn3k4k8yiuyj","previousOperationId":"9cvp6cl8h1ki4sh"}
{"type":"operationEnd","operationId":"2kxf1z6mft5u6xq","timestamp":1705259379096,"id":"590s3ecgvwpy04t","previousEventId":"kt8frc7vjsrg4x4","previousOperationId":"2kxf1z6mft5u6xq"}
{"type":"log","timestamp":1705259379096,"level":"debug","message":"pdf-utils postproces start","meta":{"rootId":"koejnlxrldp1vga","id":"koejnlxrldp1vga"},"id":"48t5mcsxke4k74k","previousOperationId":"2kxf1z6mft5u6xq"}
{"type":"log","timestamp":1705259379102,"level":"debug","message":"pdf-utils postproces end","meta":{"rootId":"koejnlxrldp1vga","id":"koejnlxrldp1vga"},"id":"v3aaafmhsph9dwc","previousOperationId":"2kxf1z6mft5u6xq"}
{"type":"operationEnd","operationId":"z5czao7hrvpepaq","timestamp":1705259379102,"id":"r5q455nxno3bkpj","previousEventId":"590s3ecgvwpy04t","previousOperationId":"2kxf1z6mft5u6xq"}
{"type":"log","timestamp":1705259379102,"level":"info","message":"pdf-utils pdf processing was finished","meta":{"rootId":"koejnlxrldp1vga","id":"koejnlxrldp1vga"},"id":"xsq4l2b6vamb8xm","previousOperationId":"z5czao7hrvpepaq"}
{"type":"log","timestamp":1705259379102,"level":"debug","message":"Skipping storing report.","meta":{"rootId":"koejnlxrldp1vga","id":"koejnlxrldp1vga"},"id":"p5e9q41iwey0ehx","previousOperationId":"z5czao7hrvpepaq"}
{"type":"log","timestamp":1705259379102,"level":"info","message":"Rendering request 8 finished in 486 ms","meta":{"rootId":"koejnlxrldp1vga","id":"koejnlxrldp1vga"},"id":"4uxvndkwefzij3i","previousOperationId":"z5czao7hrvpepaq"}
{"type":"operationEnd","subtype":"render","operationId":"yxvygnsuui0z4uj","timestamp":1705259379102,"id":"sbfj1u0b9yc39ei","previousEventId":"r5q455nxno3bkpj","previousOperationId":"z5czao7hrvpepaq"}
{"type":"operationEnd","doDiffs":false,"previousEventId":"se6o10c9ndlkflh","previousOperationId":"vu7oattscohjg0a","operationId":"vu7oattscohjg0a","timestamp":1705259379109,"id":"i3zkflgfrgpwqty"}
