{"type":"operationStart","subtype":"profile","data":{"_id":"McfDKAGbxH9vd6nK","timestamp":"2024-01-14T17:45:32.976Z","state":"queued","mode":"standard","creationDate":"2024-01-14T17:45:32.985Z","modificationDate":"2024-01-14T17:45:32.985Z","shortid":"78wf8oJ","$entitySet":"profiles"},"doDiffs":false,"timestamp":1705254332980,"id":"o5vdi2y90rskb89","previousOperationId":null,"operationId":"s0p85si3okbeag0"}
{"type":"log","level":"info","message":"Render request 1 queued for execution and waiting for available worker","previousOperationId":"s0p85si3okbeag0","timestamp":1705254332982,"id":"u3r5hbu6qm841w6"}
{"type":"operationStart","subtype":"render","name":"orders-main","previousOperationId":"s0p85si3okbeag0","timestamp":1705254333044,"id":"0ngzs85mvlt0xrh","previousEventId":"o5vdi2y90rskb89","operationId":"oehg5861onfjj10"}
{"type":"log","timestamp":1705254333045,"level":"info","message":"Starting rendering request 1","meta":{"rootId":"kta0bzk43qk0vyd","id":"kta0bzk43qk0vyd"},"id":"d766lvlyyxsme15","previousOperationId":"oehg5861onfjj10"}
{"type":"log","timestamp":1705254333047,"level":"info","message":"Rendering template { name: orders-main, recipe: chrome-pdf, engine: handlebars, preview: true }","meta":{"rootId":"kta0bzk43qk0vyd","id":"kta0bzk43qk0vyd"},"id":"hi1cm5v6dlx28c2","previousOperationId":"oehg5861onfjj10"}
{"type":"log","timestamp":1705254333053,"level":"debug","message":"Data item not defined for this template.","meta":{"rootId":"kta0bzk43qk0vyd","id":"kta0bzk43qk0vyd"},"id":"se12gp27cwels9d","previousOperationId":"oehg5861onfjj10"}
{"type":"log","timestamp":1705254333062,"level":"debug","message":"Executing script orders-script (beforeRender)","meta":{"rootId":"kta0bzk43qk0vyd","id":"kta0bzk43qk0vyd"},"id":"18rnh4znydt21dh","previousOperationId":"oehg5861onfjj10"}
{"type":"operationStart","subtype":"scriptsBeforeRender","name":"scripts beforeRender","timestamp":1705254333430,"id":"epdt3g62sho9vrs","previousEventId":"0ngzs85mvlt0xrh","operationId":"606ab89uzj6ia49","previousOperationId":"oehg5861onfjj10"}
{"type":"operationStart","subtype":"script","name":"scripts orders-script","previousOperationId":"606ab89uzj6ia49","timestamp":1705254333430,"id":"i9hwr4lqy28o2lz","previousEventId":"epdt3g62sho9vrs","operationId":"o8whsz3uo0jxgs1"}
{"type":"log","timestamp":1705254333465,"level":"debug","message":"(console:log) [\n  { numEvento: 3, name: 'Ingenio' },\n  { numEvento: 0, name: 'Las Palmas' }\n]","meta":{"userLevel":true,"rootId":"kta0bzk43qk0vyd","id":"kta0bzk43qk0vyd"},"id":"dfh7gns7gx8uvgd","previousOperationId":"o8whsz3uo0jxgs1"}
{"type":"operationEnd","operationId":"o8whsz3uo0jxgs1","timestamp":1705254333467,"id":"ml3t0ojvame10vd","previousEventId":"0ngzs85mvlt0xrh","previousOperationId":"oehg5861onfjj10"}
{"type":"operationEnd","operationId":"606ab89uzj6ia49","timestamp":1705254333467,"id":"wgho0deduxhcve0","previousEventId":"ml3t0ojvame10vd","previousOperationId":"oehg5861onfjj10"}
{"type":"log","timestamp":1705254333467,"level":"debug","message":"Base url not specified, skipping its injection.","meta":{"rootId":"kta0bzk43qk0vyd","id":"kta0bzk43qk0vyd"},"id":"3q9ca96i4ryc8xy","previousOperationId":"606ab89uzj6ia49"}
{"type":"operationStart","subtype":"engine","name":"handlebars","timestamp":1705254333468,"id":"d9md8whn87x9clp","previousEventId":"wgho0deduxhcve0","operationId":"hgeq2dumoqim3s4","previousOperationId":"606ab89uzj6ia49"}
{"type":"log","timestamp":1705254333468,"level":"debug","message":"Rendering engine handlebars","meta":{"rootId":"kta0bzk43qk0vyd","id":"kta0bzk43qk0vyd"},"id":"sf3xazans4ien6m","previousOperationId":"hgeq2dumoqim3s4"}
{"type":"operationEnd","operationId":"hgeq2dumoqim3s4","timestamp":1705254333801,"id":"rpg0a2f05g60uog","previousEventId":"d9md8whn87x9clp","previousOperationId":"hgeq2dumoqim3s4"}
{"type":"operationStart","subtype":"recipe","name":"chrome-pdf","timestamp":1705254333801,"id":"h6yt9vv8kkh3tk8","previousEventId":"rpg0a2f05g60uog","operationId":"u8egstwue18snat","previousOperationId":"hgeq2dumoqim3s4"}
{"type":"log","timestamp":1705254333801,"level":"debug","message":"Executing recipe chrome-pdf","meta":{"rootId":"kta0bzk43qk0vyd","id":"kta0bzk43qk0vyd"},"id":"c2euuzivc5m0lg4","previousOperationId":"u8egstwue18snat"}
{"type":"log","timestamp":1705254334687,"level":"debug","message":"Converting with chrome HeadlessChrome/117.0.5938.149 using chrome-pool strategy","meta":{"rootId":"kta0bzk43qk0vyd","id":"kta0bzk43qk0vyd"},"id":"swaa8hben0htywq","previousOperationId":"u8egstwue18snat"}
{"type":"log","timestamp":1705254334911,"level":"debug","message":"Page request: GET (document) file:///C:/Users/arida/AppData/Local/Temp/jsreport/autocleanup/0a14b9ec-52ac-433b-9174-5e81ecfd9b99-chrome-pdf.html","meta":{"rootId":"kta0bzk43qk0vyd","id":"kta0bzk43qk0vyd"},"id":"dzdmzndvtpx6hdn","previousOperationId":"u8egstwue18snat"}
{"type":"log","timestamp":1705254334927,"level":"debug","message":"Page request finished: GET (document) 200 file:///C:/Users/arida/AppData/Local/Temp/jsreport/autocleanup/0a14b9ec-52ac-433b-9174-5e81ecfd9b99-chrome-pdf.html","meta":{"rootId":"kta0bzk43qk0vyd","id":"kta0bzk43qk0vyd"},"id":"cfm387v9ovedk88","previousOperationId":"u8egstwue18snat"}
{"type":"log","timestamp":1705254334927,"level":"debug","message":"Page request: GET (stylesheet) https://cdnjs.cloudflare.com/ajax/libs/metro/4.1.5/css/metro.min.css","meta":{"rootId":"kta0bzk43qk0vyd","id":"kta0bzk43qk0vyd"},"id":"vha7yyqb2uptrv3","previousOperationId":"u8egstwue18snat"}
{"type":"log","timestamp":1705254334927,"level":"debug","message":"Page request: GET (script) https://cdnjs.cloudflare.com/ajax/libs/Chart.js/2.7.2/Chart.min.js","meta":{"rootId":"kta0bzk43qk0vyd","id":"kta0bzk43qk0vyd"},"id":"fo7gx9rgiosn6k6","previousOperationId":"u8egstwue18snat"}
{"type":"log","timestamp":1705254335190,"level":"debug","message":"Page request finished: GET (stylesheet) 200 https://cdnjs.cloudflare.com/ajax/libs/metro/4.1.5/css/metro.min.css","meta":{"rootId":"kta0bzk43qk0vyd","id":"kta0bzk43qk0vyd"},"id":"831h8t4ofoi615c","previousOperationId":"u8egstwue18snat"}
{"type":"log","timestamp":1705254335228,"level":"debug","message":"Page request finished: GET (script) 200 https://cdnjs.cloudflare.com/ajax/libs/Chart.js/2.7.2/Chart.min.js","meta":{"rootId":"kta0bzk43qk0vyd","id":"kta0bzk43qk0vyd"},"id":"90d868ri34z4eh7","previousOperationId":"u8egstwue18snat"}
{"type":"log","timestamp":1705254335245,"level":"debug","message":"Running chrome with params {\"printBackground\":true,\"marginTop\":\"4cm\",\"marginRight\":\"1.5cm\",\"marginBottom\":\"1.5cm\",\"marginLeft\":\"1.5cm\",\"waitForJS\":false,\"timeout\":58548,\"margin\":{\"top\":\"4cm\",\"right\":\"1.5cm\",\"bottom\":\"1.5cm\",\"left\":\"1.5cm\"}}","meta":{"rootId":"kta0bzk43qk0vyd","id":"kta0bzk43qk0vyd"},"id":"aogrycih4k4nb6m","previousOperationId":"u8egstwue18snat"}
{"type":"operationEnd","operationId":"u8egstwue18snat","timestamp":1705254335272,"id":"05gppp909wu5bza","previousEventId":"h6yt9vv8kkh3tk8","previousOperationId":"u8egstwue18snat"}
{"type":"log","timestamp":1705254335272,"level":"info","message":"pdf-utils is starting pdf processing","meta":{"rootId":"kta0bzk43qk0vyd","id":"kta0bzk43qk0vyd"},"id":"sjhl90cqk43ryfj","previousOperationId":"u8egstwue18snat"}
{"type":"operationStart","subtype":"pdfUtils","name":"pdf utils","timestamp":1705254335533,"id":"k3o2ii9agc1leb7","previousEventId":"05gppp909wu5bza","operationId":"cr1k85i3o7fnsgo","previousOperationId":"u8egstwue18snat"}
{"type":"log","timestamp":1705254335534,"level":"debug","message":"pdf-utils detected 1 pdf operation(s) to process","meta":{"rootId":"kta0bzk43qk0vyd","id":"kta0bzk43qk0vyd"},"id":"l1n2ohh1sagawez","previousOperationId":"cr1k85i3o7fnsgo"}
{"type":"log","timestamp":1705254335855,"level":"debug","message":"pdf-utils running pdf operation merge","meta":{"rootId":"kta0bzk43qk0vyd","id":"kta0bzk43qk0vyd"},"id":"amw31khuz3zv600","previousOperationId":"cr1k85i3o7fnsgo"}
{"type":"operationStart","subtype":"pdfUtilsMerge","name":"pdf utils merge","previousOperationId":"cr1k85i3o7fnsgo","timestamp":1705254335855,"id":"n3n07aprfopwl8v","previousEventId":"k3o2ii9agc1leb7","operationId":"x0ea782wgr0t12v"}
{"type":"operationStart","subtype":"render","name":"orders-header","previousOperationId":"x0ea782wgr0t12v","timestamp":1705254335862,"id":"yz97vnflxi0gdms","previousEventId":"n3n07aprfopwl8v","operationId":"7utjogjgry91nkc"}
{"type":"log","timestamp":1705254335862,"level":"info","message":"Starting rendering (child) request","meta":{"rootId":"kta0bzk43qk0vyd","id":"40pun7rxgx4oidi"},"id":"qnaj4kou4g83ifg","previousOperationId":"7utjogjgry91nkc"}
{"type":"log","timestamp":1705254335862,"level":"info","message":"Rendering template { name: orders-header, recipe: chrome-pdf, engine: handlebars, preview: true }","meta":{"rootId":"kta0bzk43qk0vyd","id":"40pun7rxgx4oidi"},"id":"y75ity951d6pgni","previousOperationId":"7utjogjgry91nkc"}
{"type":"log","timestamp":1705254335875,"level":"debug","message":"Inline data specified.","meta":{"rootId":"kta0bzk43qk0vyd","id":"40pun7rxgx4oidi"},"id":"ssm5i6etd91xms6","previousOperationId":"7utjogjgry91nkc"}
{"type":"log","timestamp":1705254335888,"level":"debug","message":"Base url not specified, skipping its injection.","meta":{"rootId":"kta0bzk43qk0vyd","id":"40pun7rxgx4oidi"},"id":"fawxp4hdjrnawyw","previousOperationId":"7utjogjgry91nkc"}
{"type":"operationStart","subtype":"engine","name":"handlebars","timestamp":1705254335889,"id":"ou0j6ra4sev3686","previousEventId":"yz97vnflxi0gdms","operationId":"4bgw36h4zdw7neb","previousOperationId":"7utjogjgry91nkc"}
{"type":"log","timestamp":1705254335889,"level":"debug","message":"Rendering engine handlebars","meta":{"rootId":"kta0bzk43qk0vyd","id":"40pun7rxgx4oidi"},"id":"svrcbfi66kf3g0k","previousOperationId":"4bgw36h4zdw7neb"}
{"type":"operationEnd","operationId":"4bgw36h4zdw7neb","timestamp":1705254335944,"id":"raabxbbbtrmlyls","previousEventId":"ou0j6ra4sev3686","previousOperationId":"4bgw36h4zdw7neb"}
{"type":"operationStart","subtype":"recipe","name":"chrome-pdf","timestamp":1705254335945,"id":"l3vw98cdglep6t9","previousEventId":"raabxbbbtrmlyls","operationId":"qjeiwrtkmcakj6w","previousOperationId":"4bgw36h4zdw7neb"}
{"type":"log","timestamp":1705254335945,"level":"debug","message":"Executing recipe chrome-pdf","meta":{"rootId":"kta0bzk43qk0vyd","id":"40pun7rxgx4oidi"},"id":"mz06cctfl1p2g8c","previousOperationId":"qjeiwrtkmcakj6w"}
{"type":"log","timestamp":1705254335949,"level":"debug","message":"Converting with chrome HeadlessChrome/117.0.5938.149 using chrome-pool strategy","meta":{"rootId":"kta0bzk43qk0vyd","id":"40pun7rxgx4oidi"},"id":"ryvx1g0g6jbi5iv","previousOperationId":"qjeiwrtkmcakj6w"}
{"type":"log","timestamp":1705254336098,"level":"debug","message":"Page request: GET (document) file:///C:/Users/arida/AppData/Local/Temp/jsreport/autocleanup/b0e29e08-f0f6-4021-b548-13e490c35167-chrome-pdf.html","meta":{"rootId":"kta0bzk43qk0vyd","id":"40pun7rxgx4oidi"},"id":"0f2qmky5xffsewd","previousOperationId":"qjeiwrtkmcakj6w"}
{"type":"log","timestamp":1705254336111,"level":"debug","message":"Page request: GET (stylesheet) https://cdnjs.cloudflare.com/ajax/libs/metro/4.1.5/css/metro.min.css","meta":{"rootId":"kta0bzk43qk0vyd","id":"40pun7rxgx4oidi"},"id":"psp1exc99uh4kfa","previousOperationId":"qjeiwrtkmcakj6w"}
{"type":"log","timestamp":1705254336112,"level":"debug","message":"Page request finished: GET (document) 200 file:///C:/Users/arida/AppData/Local/Temp/jsreport/autocleanup/b0e29e08-f0f6-4021-b548-13e490c35167-chrome-pdf.html","meta":{"rootId":"kta0bzk43qk0vyd","id":"40pun7rxgx4oidi"},"id":"2d5smefpve55dkz","previousOperationId":"qjeiwrtkmcakj6w"}
{"type":"log","timestamp":1705254336136,"level":"debug","message":"Page request finished: GET (stylesheet) 200 https://cdnjs.cloudflare.com/ajax/libs/metro/4.1.5/css/metro.min.css","meta":{"rootId":"kta0bzk43qk0vyd","id":"40pun7rxgx4oidi"},"id":"d1gwswi5jka91t1","previousOperationId":"qjeiwrtkmcakj6w"}
{"type":"log","timestamp":1705254336158,"level":"debug","message":"Running chrome with params {\"printBackground\":true,\"marginTop\":\"1.5cm\",\"marginRight\":\"1.5cm\",\"marginLeft\":\"1.cm\",\"timeout\":57029,\"margin\":{\"top\":\"1.5cm\",\"right\":\"1.5cm\",\"left\":\"1.cm\"}}","meta":{"rootId":"kta0bzk43qk0vyd","id":"40pun7rxgx4oidi"},"id":"6q9vhxy94yxl9o8","previousOperationId":"qjeiwrtkmcakj6w"}
{"type":"operationEnd","operationId":"qjeiwrtkmcakj6w","timestamp":1705254336198,"id":"ajo4v7pflthjacz","previousEventId":"l3vw98cdglep6t9","previousOperationId":"qjeiwrtkmcakj6w"}
{"type":"log","timestamp":1705254336200,"level":"debug","message":"Skipping storing report.","meta":{"rootId":"kta0bzk43qk0vyd","id":"40pun7rxgx4oidi"},"id":"bos2vcbdqfd0bod","previousOperationId":"qjeiwrtkmcakj6w"}
{"type":"log","timestamp":1705254336200,"level":"info","message":"Rendering (child) request finished in 3224 ms","meta":{"rootId":"kta0bzk43qk0vyd","id":"40pun7rxgx4oidi"},"id":"d7ks4hvksc3qiqa","previousOperationId":"qjeiwrtkmcakj6w"}
{"type":"operationEnd","subtype":"render","operationId":"7utjogjgry91nkc","timestamp":1705254336200,"id":"pnyq0vihbjwwptf","previousEventId":"ajo4v7pflthjacz","previousOperationId":"qjeiwrtkmcakj6w"}
{"type":"operationEnd","operationId":"x0ea782wgr0t12v","timestamp":1705254336222,"id":"xr7quditzjgrd8j","previousEventId":"n3n07aprfopwl8v","previousOperationId":"x0ea782wgr0t12v"}
{"type":"log","timestamp":1705254336222,"level":"debug","message":"pdf-utils postproces start","meta":{"rootId":"kta0bzk43qk0vyd","id":"kta0bzk43qk0vyd"},"id":"n3771jo2f9nb2ar","previousOperationId":"x0ea782wgr0t12v"}
{"type":"log","timestamp":1705254336229,"level":"debug","message":"pdf-utils postproces end","meta":{"rootId":"kta0bzk43qk0vyd","id":"kta0bzk43qk0vyd"},"id":"576s1x983fibeic","previousOperationId":"x0ea782wgr0t12v"}
{"type":"operationEnd","operationId":"cr1k85i3o7fnsgo","timestamp":1705254336230,"id":"nmnlmjfzhr5zds0","previousEventId":"xr7quditzjgrd8j","previousOperationId":"x0ea782wgr0t12v"}
{"type":"log","timestamp":1705254336230,"level":"info","message":"pdf-utils pdf processing was finished","meta":{"rootId":"kta0bzk43qk0vyd","id":"kta0bzk43qk0vyd"},"id":"ebsiops5j8yu4pc","previousOperationId":"cr1k85i3o7fnsgo"}
{"type":"log","timestamp":1705254336230,"level":"debug","message":"Skipping storing report.","meta":{"rootId":"kta0bzk43qk0vyd","id":"kta0bzk43qk0vyd"},"id":"53jxybo2bajomk6","previousOperationId":"cr1k85i3o7fnsgo"}
{"type":"log","timestamp":1705254336230,"level":"info","message":"Rendering request 1 finished in 3254 ms","meta":{"rootId":"kta0bzk43qk0vyd","id":"kta0bzk43qk0vyd"},"id":"jd4rp0ny8iizfkf","previousOperationId":"cr1k85i3o7fnsgo"}
{"type":"operationEnd","subtype":"render","operationId":"oehg5861onfjj10","timestamp":1705254336230,"id":"8yvlnrkvxpu4x8n","previousEventId":"nmnlmjfzhr5zds0","previousOperationId":"cr1k85i3o7fnsgo"}
{"type":"operationEnd","doDiffs":false,"previousEventId":"o5vdi2y90rskb89","previousOperationId":"s0p85si3okbeag0","operationId":"s0p85si3okbeag0","timestamp":1705254336246,"id":"x5cjuzhd56g9yad"}
