{"type":"operationStart","subtype":"profile","data":{"_id":"YNlacJbx2Fa4b9Nm","timestamp":"2024-01-14T19:05:37.074Z","state":"queued","mode":"standard","creationDate":"2024-01-14T19:05:37.078Z","modificationDate":"2024-01-14T19:05:37.078Z","shortid":"Kk3QAyY","$entitySet":"profiles"},"doDiffs":false,"timestamp":1705259137076,"id":"rgjoe8qvzo3ujkk","previousOperationId":null,"operationId":"5v3znok4l9ugi0d"}
{"type":"log","level":"info","message":"Render request 6 queued for execution and waiting for available worker","previousOperationId":"5v3znok4l9ugi0d","timestamp":1705259137076,"id":"4nri0d37hr6hs8j"}
{"type":"operationStart","subtype":"render","name":"orders-main","previousOperationId":"5v3znok4l9ugi0d","timestamp":1705259137086,"id":"2ed9ex2s9sfy4wd","previousEventId":"rgjoe8qvzo3ujkk","operationId":"e8g90qczps81m5q"}
{"type":"log","timestamp":1705259137086,"level":"info","message":"Starting rendering request 6","meta":{"rootId":"l09pgv4502txjg4","id":"l09pgv4502txjg4"},"id":"cbd5moohklzpj8h","previousOperationId":"e8g90qczps81m5q"}
{"type":"log","timestamp":1705259137086,"level":"info","message":"Rendering template { name: orders-main, recipe: chrome-pdf, engine: handlebars, preview: false }","meta":{"rootId":"l09pgv4502txjg4","id":"l09pgv4502txjg4"},"id":"4gkucbzbg78zfjq","previousOperationId":"e8g90qczps81m5q"}
{"type":"log","timestamp":1705259137088,"level":"debug","message":"Data item not defined for this template.","meta":{"rootId":"l09pgv4502txjg4","id":"l09pgv4502txjg4"},"id":"ihbw5w2036mxgkg","previousOperationId":"e8g90qczps81m5q"}
{"type":"log","timestamp":1705259137093,"level":"debug","message":"Executing script orders-script (beforeRender)","meta":{"rootId":"l09pgv4502txjg4","id":"l09pgv4502txjg4"},"id":"27cewy90wm9ebih","previousOperationId":"e8g90qczps81m5q"}
{"type":"operationStart","subtype":"scriptsBeforeRender","name":"scripts beforeRender","timestamp":1705259137113,"id":"85vsd6r15c5qqju","previousEventId":"2ed9ex2s9sfy4wd","operationId":"x0izesxsfo4qb9q","previousOperationId":"e8g90qczps81m5q"}
{"type":"operationStart","subtype":"script","name":"scripts orders-script","previousOperationId":"x0izesxsfo4qb9q","timestamp":1705259137113,"id":"8a4qqqszxve4i7s","previousEventId":"85vsd6r15c5qqju","operationId":"2nf6gvqz1e0bms4"}
{"type":"operationEnd","operationId":"2nf6gvqz1e0bms4","timestamp":1705259137128,"id":"k0m2xxj031da8f6","previousEventId":"2ed9ex2s9sfy4wd","previousOperationId":"e8g90qczps81m5q"}
{"type":"operationEnd","operationId":"x0izesxsfo4qb9q","timestamp":1705259137128,"id":"ejby06bx5tw93u2","previousEventId":"k0m2xxj031da8f6","previousOperationId":"e8g90qczps81m5q"}
{"type":"log","timestamp":1705259137128,"level":"debug","message":"Base url not specified, skipping its injection.","meta":{"rootId":"l09pgv4502txjg4","id":"l09pgv4502txjg4"},"id":"pab6cdslk16c7rz","previousOperationId":"x0izesxsfo4qb9q"}
{"type":"operationStart","subtype":"engine","name":"handlebars","timestamp":1705259137128,"id":"xkh9qoey89syr3d","previousEventId":"ejby06bx5tw93u2","operationId":"okb3yi1w50uqor4","previousOperationId":"x0izesxsfo4qb9q"}
{"type":"log","timestamp":1705259137128,"level":"debug","message":"Rendering engine handlebars","meta":{"rootId":"l09pgv4502txjg4","id":"l09pgv4502txjg4"},"id":"99z7ztpsq4h3um7","previousOperationId":"okb3yi1w50uqor4"}
{"type":"operationEnd","operationId":"okb3yi1w50uqor4","timestamp":1705259137142,"id":"7mystv9e42swl68","previousEventId":"xkh9qoey89syr3d","previousOperationId":"okb3yi1w50uqor4"}
{"type":"operationStart","subtype":"recipe","name":"chrome-pdf","timestamp":1705259137142,"id":"ao5o6ypmift0d5y","previousEventId":"7mystv9e42swl68","operationId":"0v437qsrtpr1phj","previousOperationId":"okb3yi1w50uqor4"}
{"type":"log","timestamp":1705259137142,"level":"debug","message":"Executing recipe chrome-pdf","meta":{"rootId":"l09pgv4502txjg4","id":"l09pgv4502txjg4"},"id":"4v3z7iusr8ek4fi","previousOperationId":"0v437qsrtpr1phj"}
{"type":"log","timestamp":1705259137363,"level":"debug","message":"Converting with chrome HeadlessChrome/117.0.5938.149 using chrome-pool strategy","meta":{"rootId":"l09pgv4502txjg4","id":"l09pgv4502txjg4"},"id":"nqujm7mya1zvhak","previousOperationId":"0v437qsrtpr1phj"}
{"type":"log","timestamp":1705259137619,"level":"debug","message":"Page request: GET (document) file:///C:/Users/arida/AppData/Local/Temp/jsreport/autocleanup/ff2cd13e-417b-4d15-b3f4-73ba5a45465d-chrome-pdf.html","meta":{"rootId":"l09pgv4502txjg4","id":"l09pgv4502txjg4"},"id":"fw3oxt6bq0pizjr","previousOperationId":"0v437qsrtpr1phj"}
{"type":"log","timestamp":1705259137639,"level":"debug","message":"Page request: GET (stylesheet) https://cdnjs.cloudflare.com/ajax/libs/metro/4.1.5/css/metro.min.css","meta":{"rootId":"l09pgv4502txjg4","id":"l09pgv4502txjg4"},"id":"eew7es8dyakaxl1","previousOperationId":"0v437qsrtpr1phj"}
{"type":"log","timestamp":1705259137640,"level":"debug","message":"Page request: GET (script) https://cdnjs.cloudflare.com/ajax/libs/Chart.js/2.7.2/Chart.min.js","meta":{"rootId":"l09pgv4502txjg4","id":"l09pgv4502txjg4"},"id":"4xntqbing4fhkxr","previousOperationId":"0v437qsrtpr1phj"}
{"type":"log","timestamp":1705259137640,"level":"debug","message":"Page request finished: GET (document) 200 file:///C:/Users/arida/AppData/Local/Temp/jsreport/autocleanup/ff2cd13e-417b-4d15-b3f4-73ba5a45465d-chrome-pdf.html","meta":{"rootId":"l09pgv4502txjg4","id":"l09pgv4502txjg4"},"id":"upmzw76noza9wsm","previousOperationId":"0v437qsrtpr1phj"}
{"type":"log","timestamp":1705259140190,"level":"debug","message":"Page request finished: GET (stylesheet) 200 https://cdnjs.cloudflare.com/ajax/libs/metro/4.1.5/css/metro.min.css","meta":{"rootId":"l09pgv4502txjg4","id":"l09pgv4502txjg4"},"id":"b99ephuklna8sux","previousOperationId":"0v437qsrtpr1phj"}
{"type":"log","timestamp":1705259140211,"level":"debug","message":"Page request finished: GET (script) 200 https://cdnjs.cloudflare.com/ajax/libs/Chart.js/2.7.2/Chart.min.js","meta":{"rootId":"l09pgv4502txjg4","id":"l09pgv4502txjg4"},"id":"w4z2h02s9f2tdjx","previousOperationId":"0v437qsrtpr1phj"}
{"type":"log","timestamp":1705259140239,"level":"debug","message":"Running chrome with params {\"printBackground\":true,\"marginTop\":\"4cm\",\"marginRight\":\"1.5cm\",\"marginBottom\":\"1.5cm\",\"marginLeft\":\"1.5cm\",\"waitForJS\":false,\"timeout\":59929,\"margin\":{\"top\":\"4cm\",\"right\":\"1.5cm\",\"bottom\":\"1.5cm\",\"left\":\"1.5cm\"}}","meta":{"rootId":"l09pgv4502txjg4","id":"l09pgv4502txjg4"},"id":"zafmpl3xy4f12xr","previousOperationId":"0v437qsrtpr1phj"}
{"type":"operationEnd","operationId":"0v437qsrtpr1phj","timestamp":1705259140278,"id":"mdzixijlk1pbvvk","previousEventId":"ao5o6ypmift0d5y","previousOperationId":"0v437qsrtpr1phj"}
{"type":"log","timestamp":1705259140278,"level":"info","message":"pdf-utils is starting pdf processing","meta":{"rootId":"l09pgv4502txjg4","id":"l09pgv4502txjg4"},"id":"i96xcr3bsmhod75","previousOperationId":"0v437qsrtpr1phj"}
{"type":"operationStart","subtype":"pdfUtils","name":"pdf utils","timestamp":1705259140278,"id":"u1q89gj040eyd5g","previousEventId":"mdzixijlk1pbvvk","operationId":"gykiq468cvn7cle","previousOperationId":"0v437qsrtpr1phj"}
{"type":"log","timestamp":1705259140278,"level":"debug","message":"pdf-utils detected 1 pdf operation(s) to process","meta":{"rootId":"l09pgv4502txjg4","id":"l09pgv4502txjg4"},"id":"ad6le8ywah0w181","previousOperationId":"gykiq468cvn7cle"}
{"type":"log","timestamp":1705259140315,"level":"debug","message":"pdf-utils running pdf operation merge","meta":{"rootId":"l09pgv4502txjg4","id":"l09pgv4502txjg4"},"id":"ib2mhxhcotjhoky","previousOperationId":"gykiq468cvn7cle"}
{"type":"operationStart","subtype":"pdfUtilsMerge","name":"pdf utils merge","previousOperationId":"gykiq468cvn7cle","timestamp":1705259140315,"id":"9z5eh4ml7j9eu8l","previousEventId":"u1q89gj040eyd5g","operationId":"6novowezv6gmo9e"}
{"type":"operationStart","subtype":"render","name":"orders-header","previousOperationId":"6novowezv6gmo9e","timestamp":1705259140316,"id":"xyapywdwui5yyyj","previousEventId":"9z5eh4ml7j9eu8l","operationId":"3d945c1c0yykflc"}
{"type":"log","timestamp":1705259140316,"level":"info","message":"Starting rendering (child) request","meta":{"rootId":"l09pgv4502txjg4","id":"xxnp3mt2571safj"},"id":"rhcnvrhxjxz7s2p","previousOperationId":"3d945c1c0yykflc"}
{"type":"log","timestamp":1705259140316,"level":"info","message":"Rendering template { name: orders-header, recipe: chrome-pdf, engine: handlebars, preview: false }","meta":{"rootId":"l09pgv4502txjg4","id":"xxnp3mt2571safj"},"id":"jsm5xoxgvyy023v","previousOperationId":"3d945c1c0yykflc"}
{"type":"log","timestamp":1705259140318,"level":"debug","message":"Inline data specified.","meta":{"rootId":"l09pgv4502txjg4","id":"xxnp3mt2571safj"},"id":"0lvd5h9zulw8f5b","previousOperationId":"3d945c1c0yykflc"}
{"type":"log","timestamp":1705259140320,"level":"debug","message":"Base url not specified, skipping its injection.","meta":{"rootId":"l09pgv4502txjg4","id":"xxnp3mt2571safj"},"id":"u0whfp3ng35rujc","previousOperationId":"3d945c1c0yykflc"}
{"type":"operationStart","subtype":"engine","name":"handlebars","timestamp":1705259140320,"id":"ole6y3z8ilvrzwk","previousEventId":"xyapywdwui5yyyj","operationId":"bs1tv7pwzj5k54q","previousOperationId":"3d945c1c0yykflc"}
{"type":"log","timestamp":1705259140320,"level":"debug","message":"Rendering engine handlebars","meta":{"rootId":"l09pgv4502txjg4","id":"xxnp3mt2571safj"},"id":"vv2q3h5y5jd43lc","previousOperationId":"bs1tv7pwzj5k54q"}
{"type":"operationEnd","operationId":"bs1tv7pwzj5k54q","timestamp":1705259140336,"id":"n3ybm8bozl2wf4a","previousEventId":"ole6y3z8ilvrzwk","previousOperationId":"bs1tv7pwzj5k54q"}
{"type":"operationStart","subtype":"recipe","name":"chrome-pdf","timestamp":1705259140336,"id":"kgtt4wb237dy8np","previousEventId":"n3ybm8bozl2wf4a","operationId":"3h5l6gvtn67tl61","previousOperationId":"bs1tv7pwzj5k54q"}
{"type":"log","timestamp":1705259140336,"level":"debug","message":"Executing recipe chrome-pdf","meta":{"rootId":"l09pgv4502txjg4","id":"xxnp3mt2571safj"},"id":"4l4e2gb0ert2d9g","previousOperationId":"3h5l6gvtn67tl61"}
{"type":"log","timestamp":1705259140338,"level":"debug","message":"Converting with chrome HeadlessChrome/117.0.5938.149 using chrome-pool strategy","meta":{"rootId":"l09pgv4502txjg4","id":"xxnp3mt2571safj"},"id":"0wr8hlisurwunla","previousOperationId":"3h5l6gvtn67tl61"}
{"type":"log","timestamp":1705259140446,"level":"debug","message":"Page request: GET (document) file:///C:/Users/arida/AppData/Local/Temp/jsreport/autocleanup/3043afe0-7672-4abf-9156-d308e382f7ce-chrome-pdf.html","meta":{"rootId":"l09pgv4502txjg4","id":"xxnp3mt2571safj"},"id":"nisqwjxisp9jl3o","previousOperationId":"3h5l6gvtn67tl61"}
{"type":"log","timestamp":1705259140466,"level":"debug","message":"Page request: GET (stylesheet) https://cdnjs.cloudflare.com/ajax/libs/metro/4.1.5/css/metro.min.css","meta":{"rootId":"l09pgv4502txjg4","id":"xxnp3mt2571safj"},"id":"a0d2hkesh18wij3","previousOperationId":"3h5l6gvtn67tl61"}
{"type":"log","timestamp":1705259140466,"level":"debug","message":"Page request finished: GET (document) 200 file:///C:/Users/arida/AppData/Local/Temp/jsreport/autocleanup/3043afe0-7672-4abf-9156-d308e382f7ce-chrome-pdf.html","meta":{"rootId":"l09pgv4502txjg4","id":"xxnp3mt2571safj"},"id":"uc27rjd3xew3j20","previousOperationId":"3h5l6gvtn67tl61"}
{"type":"log","timestamp":1705259140483,"level":"debug","message":"Page request finished: GET (stylesheet) 200 https://cdnjs.cloudflare.com/ajax/libs/metro/4.1.5/css/metro.min.css","meta":{"rootId":"l09pgv4502txjg4","id":"xxnp3mt2571safj"},"id":"s2slf6fwlh0waaq","previousOperationId":"3h5l6gvtn67tl61"}
{"type":"log","timestamp":1705259140504,"level":"debug","message":"Running chrome with params {\"printBackground\":true,\"marginTop\":\"1.5cm\",\"marginRight\":\"1.5cm\",\"marginLeft\":\"1.cm\",\"timeout\":56736,\"margin\":{\"top\":\"1.5cm\",\"right\":\"1.5cm\",\"left\":\"1.cm\"}}","meta":{"rootId":"l09pgv4502txjg4","id":"xxnp3mt2571safj"},"id":"uao61u1ifasynlp","previousOperationId":"3h5l6gvtn67tl61"}
{"type":"operationEnd","operationId":"3h5l6gvtn67tl61","timestamp":1705259140540,"id":"wg5bnez9wpat15r","previousEventId":"kgtt4wb237dy8np","previousOperationId":"3h5l6gvtn67tl61"}
{"type":"log","timestamp":1705259140540,"level":"debug","message":"Skipping storing report.","meta":{"rootId":"l09pgv4502txjg4","id":"xxnp3mt2571safj"},"id":"bi87fx0xieqnqub","previousOperationId":"3h5l6gvtn67tl61"}
{"type":"log","timestamp":1705259140540,"level":"info","message":"Rendering (child) request finished in 3467 ms","meta":{"rootId":"l09pgv4502txjg4","id":"xxnp3mt2571safj"},"id":"mpibfgjwl8o0c21","previousOperationId":"3h5l6gvtn67tl61"}
{"type":"operationEnd","subtype":"render","operationId":"3d945c1c0yykflc","timestamp":1705259140540,"id":"hmx4tlg27juabdl","previousEventId":"wg5bnez9wpat15r","previousOperationId":"3h5l6gvtn67tl61"}
{"type":"operationEnd","operationId":"6novowezv6gmo9e","timestamp":1705259140550,"id":"667glojrbu612nk","previousEventId":"9z5eh4ml7j9eu8l","previousOperationId":"6novowezv6gmo9e"}
{"type":"log","timestamp":1705259140550,"level":"debug","message":"pdf-utils postproces start","meta":{"rootId":"l09pgv4502txjg4","id":"l09pgv4502txjg4"},"id":"w50y07rcp56zi4j","previousOperationId":"6novowezv6gmo9e"}
{"type":"log","timestamp":1705259140556,"level":"debug","message":"pdf-utils postproces end","meta":{"rootId":"l09pgv4502txjg4","id":"l09pgv4502txjg4"},"id":"myr46120msp69qc","previousOperationId":"6novowezv6gmo9e"}
{"type":"operationEnd","operationId":"gykiq468cvn7cle","timestamp":1705259140556,"id":"8m6p7ktiy7d19an","previousEventId":"667glojrbu612nk","previousOperationId":"6novowezv6gmo9e"}
{"type":"log","timestamp":1705259140556,"level":"info","message":"pdf-utils pdf processing was finished","meta":{"rootId":"l09pgv4502txjg4","id":"l09pgv4502txjg4"},"id":"lrpm3ux1bg2ubkj","previousOperationId":"gykiq468cvn7cle"}
{"type":"log","timestamp":1705259140556,"level":"debug","message":"Skipping storing report.","meta":{"rootId":"l09pgv4502txjg4","id":"l09pgv4502txjg4"},"id":"qk76kgk9yyjinp4","previousOperationId":"gykiq468cvn7cle"}
{"type":"log","timestamp":1705259140556,"level":"info","message":"Rendering request 6 finished in 3483 ms","meta":{"rootId":"l09pgv4502txjg4","id":"l09pgv4502txjg4"},"id":"di2dq0wngemxouw","previousOperationId":"gykiq468cvn7cle"}
{"type":"operationEnd","subtype":"render","operationId":"e8g90qczps81m5q","timestamp":1705259140556,"id":"lx6x5ecoovrv1z3","previousEventId":"8m6p7ktiy7d19an","previousOperationId":"gykiq468cvn7cle"}
{"type":"operationEnd","doDiffs":false,"previousEventId":"rgjoe8qvzo3ujkk","previousOperationId":"5v3znok4l9ugi0d","operationId":"5v3znok4l9ugi0d","timestamp":1705259140562,"id":"8ycozoavjn06vt3"}
