{"type":"operationStart","subtype":"profile","data":{"_id":"Ere413h1PwLxlDl3","timestamp":"2024-01-14T19:39:19.103Z","state":"queued","mode":"standard","creationDate":"2024-01-14T19:39:19.106Z","modificationDate":"2024-01-14T19:39:19.106Z","shortid":"veBq8fc","$entitySet":"profiles"},"doDiffs":false,"timestamp":1705261159105,"id":"xg5em0ylqhu86wv","previousOperationId":null,"operationId":"tbyg73edzlkvqz2"}
{"type":"log","level":"info","message":"Render request 2 queued for execution and waiting for available worker","previousOperationId":"tbyg73edzlkvqz2","timestamp":1705261159105,"id":"38zrj5w5cddup6y"}
{"type":"operationStart","subtype":"render","name":"orders-main","previousOperationId":"tbyg73edzlkvqz2","timestamp":1705261159121,"id":"ul0aujjapvz0kod","previousEventId":"xg5em0ylqhu86wv","operationId":"6rvq9kx2nvy6le5"}
{"type":"log","timestamp":1705261159122,"level":"info","message":"Starting rendering request 2","meta":{"rootId":"lb73exxj407j55y","id":"lb73exxj407j55y"},"id":"ko40dbby2udm5b7","previousOperationId":"6rvq9kx2nvy6le5"}
{"type":"log","timestamp":1705261159124,"level":"info","message":"Rendering template { name: orders-main, recipe: chrome-pdf, engine: handlebars, preview: true }","meta":{"rootId":"lb73exxj407j55y","id":"lb73exxj407j55y"},"id":"t6yfhi9o7yzn0f1","previousOperationId":"6rvq9kx2nvy6le5"}
{"type":"log","timestamp":1705261159126,"level":"debug","message":"Data item not defined for this template.","meta":{"rootId":"lb73exxj407j55y","id":"lb73exxj407j55y"},"id":"8ygbidrjqpxtw9e","previousOperationId":"6rvq9kx2nvy6le5"}
{"type":"log","timestamp":1705261159131,"level":"debug","message":"Executing script orders-script (beforeRender)","meta":{"rootId":"lb73exxj407j55y","id":"lb73exxj407j55y"},"id":"cblcatt853flpe9","previousOperationId":"6rvq9kx2nvy6le5"}
{"type":"operationStart","subtype":"scriptsBeforeRender","name":"scripts beforeRender","timestamp":1705261159537,"id":"s0g6w48lq8or9yw","previousEventId":"ul0aujjapvz0kod","operationId":"y03xdlaybe3o9fl","previousOperationId":"6rvq9kx2nvy6le5"}
{"type":"operationStart","subtype":"script","name":"scripts orders-script","previousOperationId":"y03xdlaybe3o9fl","timestamp":1705261159537,"id":"4055knvfnltri2t","previousEventId":"s0g6w48lq8or9yw","operationId":"dvmojr53gjpn5x9"}
{"type":"operationEnd","operationId":"dvmojr53gjpn5x9","timestamp":1705261159578,"id":"j8st875v8o9wqu0","previousEventId":"ul0aujjapvz0kod","previousOperationId":"6rvq9kx2nvy6le5"}
{"type":"operationEnd","operationId":"y03xdlaybe3o9fl","timestamp":1705261159578,"id":"6jluuntj1et5wak","previousEventId":"j8st875v8o9wqu0","previousOperationId":"6rvq9kx2nvy6le5"}
{"type":"log","timestamp":1705261159578,"level":"debug","message":"Base url not specified, skipping its injection.","meta":{"rootId":"lb73exxj407j55y","id":"lb73exxj407j55y"},"id":"498lw1v4zqnssjx","previousOperationId":"y03xdlaybe3o9fl"}
{"type":"operationStart","subtype":"engine","name":"handlebars","timestamp":1705261159579,"id":"cz51ici81e4kewc","previousEventId":"6jluuntj1et5wak","operationId":"co6kfjdbxf7jqqd","previousOperationId":"y03xdlaybe3o9fl"}
{"type":"log","timestamp":1705261159579,"level":"debug","message":"Rendering engine handlebars","meta":{"rootId":"lb73exxj407j55y","id":"lb73exxj407j55y"},"id":"tabmuw7ij8yb9j8","previousOperationId":"co6kfjdbxf7jqqd"}
{"type":"operationEnd","operationId":"co6kfjdbxf7jqqd","timestamp":1705261159933,"id":"1vpmn4epgy3phhd","previousEventId":"cz51ici81e4kewc","previousOperationId":"co6kfjdbxf7jqqd"}
{"type":"operationStart","subtype":"recipe","name":"chrome-pdf","timestamp":1705261159934,"id":"zpth5je8z0pky7y","previousEventId":"1vpmn4epgy3phhd","operationId":"ivcrke9kokj4jh4","previousOperationId":"co6kfjdbxf7jqqd"}
{"type":"log","timestamp":1705261159934,"level":"debug","message":"Executing recipe chrome-pdf","meta":{"rootId":"lb73exxj407j55y","id":"lb73exxj407j55y"},"id":"z5awygpi68jm0gd","previousOperationId":"ivcrke9kokj4jh4"}
{"type":"log","timestamp":1705261160658,"level":"debug","message":"Converting with chrome HeadlessChrome/117.0.5938.149 using chrome-pool strategy","meta":{"rootId":"lb73exxj407j55y","id":"lb73exxj407j55y"},"id":"pag2p01kz21bl34","previousOperationId":"ivcrke9kokj4jh4"}
{"type":"log","timestamp":1705261160878,"level":"debug","message":"Page request: GET (document) file:///C:/Users/arida/AppData/Local/Temp/jsreport/autocleanup/ee56e724-8e56-4ebe-aae6-c15bee807ab8-chrome-pdf.html","meta":{"rootId":"lb73exxj407j55y","id":"lb73exxj407j55y"},"id":"6e11qv6755mji06","previousOperationId":"ivcrke9kokj4jh4"}
{"type":"log","timestamp":1705261160906,"level":"debug","message":"Page request finished: GET (document) 200 file:///C:/Users/arida/AppData/Local/Temp/jsreport/autocleanup/ee56e724-8e56-4ebe-aae6-c15bee807ab8-chrome-pdf.html","meta":{"rootId":"lb73exxj407j55y","id":"lb73exxj407j55y"},"id":"zaurs86p0czwzaw","previousOperationId":"ivcrke9kokj4jh4"}
{"type":"log","timestamp":1705261160906,"level":"debug","message":"Page request: GET (stylesheet) https://cdnjs.cloudflare.com/ajax/libs/metro/4.1.5/css/metro.min.css","meta":{"rootId":"lb73exxj407j55y","id":"lb73exxj407j55y"},"id":"drobn7f59988h2r","previousOperationId":"ivcrke9kokj4jh4"}
{"type":"log","timestamp":1705261160907,"level":"debug","message":"Page request: GET (script) https://cdnjs.cloudflare.com/ajax/libs/Chart.js/2.7.2/Chart.min.js","meta":{"rootId":"lb73exxj407j55y","id":"lb73exxj407j55y"},"id":"7wm8rpy7ww0a6wm","previousOperationId":"ivcrke9kokj4jh4"}
{"type":"log","timestamp":1705261161112,"level":"debug","message":"Page request finished: GET (script) 200 https://cdnjs.cloudflare.com/ajax/libs/Chart.js/2.7.2/Chart.min.js","meta":{"rootId":"lb73exxj407j55y","id":"lb73exxj407j55y"},"id":"xqk0w88w83i7k18","previousOperationId":"ivcrke9kokj4jh4"}
{"type":"log","timestamp":1705261161152,"level":"debug","message":"Page request finished: GET (stylesheet) 200 https://cdnjs.cloudflare.com/ajax/libs/metro/4.1.5/css/metro.min.css","meta":{"rootId":"lb73exxj407j55y","id":"lb73exxj407j55y"},"id":"doh0133ww7hq7gx","previousOperationId":"ivcrke9kokj4jh4"}
{"type":"log","timestamp":1705261161162,"level":"warn","message":"Page error: Unexpected identifier 'afterwards' , stack: SyntaxError: Unexpected identifier 'afterwards'","meta":{"rootId":"lb73exxj407j55y","id":"lb73exxj407j55y"},"id":"3cpvklhkxhlzoa8","previousOperationId":"ivcrke9kokj4jh4"}
{"type":"log","timestamp":1705261161185,"level":"debug","message":"Running chrome with params {\"printBackground\":true,\"marginTop\":\"4cm\",\"marginRight\":\"1.5cm\",\"marginBottom\":\"1.5cm\",\"marginLeft\":\"1.5cm\",\"waitForJS\":false,\"timeout\":58653,\"margin\":{\"top\":\"4cm\",\"right\":\"1.5cm\",\"bottom\":\"1.5cm\",\"left\":\"1.5cm\"}}","meta":{"rootId":"lb73exxj407j55y","id":"lb73exxj407j55y"},"id":"srver5h1mecokt2","previousOperationId":"ivcrke9kokj4jh4"}
{"type":"operationEnd","operationId":"ivcrke9kokj4jh4","timestamp":1705261161236,"id":"afam3b2rzvehfig","previousEventId":"zpth5je8z0pky7y","previousOperationId":"ivcrke9kokj4jh4"}
{"type":"log","timestamp":1705261161237,"level":"info","message":"pdf-utils is starting pdf processing","meta":{"rootId":"lb73exxj407j55y","id":"lb73exxj407j55y"},"id":"c7ntibeed3lgtk7","previousOperationId":"ivcrke9kokj4jh4"}
{"type":"operationStart","subtype":"pdfUtils","name":"pdf utils","timestamp":1705261161464,"id":"3zla3nsw2h84jcx","previousEventId":"afam3b2rzvehfig","operationId":"w3mttywf2y3iy0s","previousOperationId":"ivcrke9kokj4jh4"}
{"type":"log","timestamp":1705261161464,"level":"debug","message":"pdf-utils detected 1 pdf operation(s) to process","meta":{"rootId":"lb73exxj407j55y","id":"lb73exxj407j55y"},"id":"ylspp1ruihniyh6","previousOperationId":"w3mttywf2y3iy0s"}
{"type":"log","timestamp":1705261161777,"level":"debug","message":"pdf-utils running pdf operation merge","meta":{"rootId":"lb73exxj407j55y","id":"lb73exxj407j55y"},"id":"2e5m74rk6j1qnar","previousOperationId":"w3mttywf2y3iy0s"}
{"type":"operationStart","subtype":"pdfUtilsMerge","name":"pdf utils merge","previousOperationId":"w3mttywf2y3iy0s","timestamp":1705261161777,"id":"rgui8yi17pbvbbo","previousEventId":"3zla3nsw2h84jcx","operationId":"78jv6evudo50afj"}
{"type":"operationStart","subtype":"render","name":"orders-header","previousOperationId":"78jv6evudo50afj","timestamp":1705261161783,"id":"eazb60ctly6y81h","previousEventId":"rgui8yi17pbvbbo","operationId":"frijyco6eqryh7f"}
{"type":"log","timestamp":1705261161783,"level":"info","message":"Starting rendering (child) request","meta":{"rootId":"lb73exxj407j55y","id":"0a0lzf6lilxnp38"},"id":"bmlh0douj2v1ue0","previousOperationId":"frijyco6eqryh7f"}
{"type":"log","timestamp":1705261161783,"level":"info","message":"Rendering template { name: orders-header, recipe: chrome-pdf, engine: handlebars, preview: true }","meta":{"rootId":"lb73exxj407j55y","id":"0a0lzf6lilxnp38"},"id":"vhy4811n33hjq6r","previousOperationId":"frijyco6eqryh7f"}
{"type":"log","timestamp":1705261161791,"level":"debug","message":"Inline data specified.","meta":{"rootId":"lb73exxj407j55y","id":"0a0lzf6lilxnp38"},"id":"u4jhvwv8argsnrr","previousOperationId":"frijyco6eqryh7f"}
{"type":"log","timestamp":1705261161795,"level":"debug","message":"Base url not specified, skipping its injection.","meta":{"rootId":"lb73exxj407j55y","id":"0a0lzf6lilxnp38"},"id":"82da5bh5v6glp6l","previousOperationId":"frijyco6eqryh7f"}
{"type":"operationStart","subtype":"engine","name":"handlebars","timestamp":1705261161795,"id":"hs7smrmtwetfyzy","previousEventId":"eazb60ctly6y81h","operationId":"ch1f3it1cq0xekj","previousOperationId":"frijyco6eqryh7f"}
{"type":"log","timestamp":1705261161795,"level":"debug","message":"Rendering engine handlebars","meta":{"rootId":"lb73exxj407j55y","id":"0a0lzf6lilxnp38"},"id":"mlyxjnizrdf79i8","previousOperationId":"ch1f3it1cq0xekj"}
{"type":"operationEnd","operationId":"ch1f3it1cq0xekj","timestamp":1705261161830,"id":"ximsymxt1uou54p","previousEventId":"hs7smrmtwetfyzy","previousOperationId":"ch1f3it1cq0xekj"}
{"type":"operationStart","subtype":"recipe","name":"chrome-pdf","timestamp":1705261161830,"id":"egjx34x7dao52ze","previousEventId":"ximsymxt1uou54p","operationId":"cl5gpsxlavyju7j","previousOperationId":"ch1f3it1cq0xekj"}
{"type":"log","timestamp":1705261161830,"level":"debug","message":"Executing recipe chrome-pdf","meta":{"rootId":"lb73exxj407j55y","id":"0a0lzf6lilxnp38"},"id":"7ki2nk2be7l8ft5","previousOperationId":"cl5gpsxlavyju7j"}
{"type":"log","timestamp":1705261161833,"level":"debug","message":"Converting with chrome HeadlessChrome/117.0.5938.149 using chrome-pool strategy","meta":{"rootId":"lb73exxj407j55y","id":"0a0lzf6lilxnp38"},"id":"7vxgaae9mfm1mc3","previousOperationId":"cl5gpsxlavyju7j"}
{"type":"log","timestamp":1705261161970,"level":"debug","message":"Page request: GET (document) file:///C:/Users/arida/AppData/Local/Temp/jsreport/autocleanup/2cf55ff8-2769-48ab-8dd2-612990ba2f41-chrome-pdf.html","meta":{"rootId":"lb73exxj407j55y","id":"0a0lzf6lilxnp38"},"id":"42q59alhxek4upp","previousOperationId":"cl5gpsxlavyju7j"}
{"type":"log","timestamp":1705261161982,"level":"debug","message":"Page request: GET (stylesheet) https://cdnjs.cloudflare.com/ajax/libs/metro/4.1.5/css/metro.min.css","meta":{"rootId":"lb73exxj407j55y","id":"0a0lzf6lilxnp38"},"id":"z4ae9jcjxqozywh","previousOperationId":"cl5gpsxlavyju7j"}
{"type":"log","timestamp":1705261161982,"level":"debug","message":"Page request finished: GET (document) 200 file:///C:/Users/arida/AppData/Local/Temp/jsreport/autocleanup/2cf55ff8-2769-48ab-8dd2-612990ba2f41-chrome-pdf.html","meta":{"rootId":"lb73exxj407j55y","id":"0a0lzf6lilxnp38"},"id":"i3793ogqwag2z0c","previousOperationId":"cl5gpsxlavyju7j"}
{"type":"log","timestamp":1705261162005,"level":"debug","message":"Page request finished: GET (stylesheet) 200 https://cdnjs.cloudflare.com/ajax/libs/metro/4.1.5/css/metro.min.css","meta":{"rootId":"lb73exxj407j55y","id":"0a0lzf6lilxnp38"},"id":"qluqhumvqwsfd84","previousOperationId":"cl5gpsxlavyju7j"}
{"type":"log","timestamp":1705261162027,"level":"debug","message":"Running chrome with params {\"printBackground\":true,\"marginTop\":\"1.5cm\",\"marginRight\":\"1.5cm\",\"marginLeft\":\"1.cm\",\"timeout\":57271,\"margin\":{\"top\":\"1.5cm\",\"right\":\"1.5cm\",\"left\":\"1.cm\"}}","meta":{"rootId":"lb73exxj407j55y","id":"0a0lzf6lilxnp38"},"id":"kdkkku8gpvcajgb","previousOperationId":"cl5gpsxlavyju7j"}
{"type":"operationEnd","operationId":"cl5gpsxlavyju7j","timestamp":1705261162062,"id":"6w0s47ay1rl7o8g","previousEventId":"egjx34x7dao52ze","previousOperationId":"cl5gpsxlavyju7j"}
{"type":"log","timestamp":1705261162063,"level":"debug","message":"Skipping storing report.","meta":{"rootId":"lb73exxj407j55y","id":"0a0lzf6lilxnp38"},"id":"d7au1o31tjog1wg","previousOperationId":"cl5gpsxlavyju7j"}
{"type":"log","timestamp":1705261162063,"level":"info","message":"Rendering (child) request finished in 2960 ms","meta":{"rootId":"lb73exxj407j55y","id":"0a0lzf6lilxnp38"},"id":"5vws2mjwscdm9rc","previousOperationId":"cl5gpsxlavyju7j"}
{"type":"operationEnd","subtype":"render","operationId":"frijyco6eqryh7f","timestamp":1705261162063,"id":"zz6a7pkxf4sajfc","previousEventId":"6w0s47ay1rl7o8g","previousOperationId":"cl5gpsxlavyju7j"}
{"type":"operationEnd","operationId":"78jv6evudo50afj","timestamp":1705261162084,"id":"t05r3h4pwdky1ef","previousEventId":"rgui8yi17pbvbbo","previousOperationId":"78jv6evudo50afj"}
{"type":"log","timestamp":1705261162084,"level":"debug","message":"pdf-utils postproces start","meta":{"rootId":"lb73exxj407j55y","id":"lb73exxj407j55y"},"id":"srtbteg5s1zy9h5","previousOperationId":"78jv6evudo50afj"}
{"type":"log","timestamp":1705261162098,"level":"debug","message":"pdf-utils postproces end","meta":{"rootId":"lb73exxj407j55y","id":"lb73exxj407j55y"},"id":"q0ung5gi5hg5tit","previousOperationId":"78jv6evudo50afj"}
{"type":"operationEnd","operationId":"w3mttywf2y3iy0s","timestamp":1705261162098,"id":"5exj9tuy6vc3gwr","previousEventId":"t05r3h4pwdky1ef","previousOperationId":"78jv6evudo50afj"}
{"type":"log","timestamp":1705261162098,"level":"info","message":"pdf-utils pdf processing was finished","meta":{"rootId":"lb73exxj407j55y","id":"lb73exxj407j55y"},"id":"5u9x5b934l6v63o","previousOperationId":"w3mttywf2y3iy0s"}
{"type":"log","timestamp":1705261162098,"level":"debug","message":"Skipping storing report.","meta":{"rootId":"lb73exxj407j55y","id":"lb73exxj407j55y"},"id":"bsrvqv3zpw7ssii","previousOperationId":"w3mttywf2y3iy0s"}
{"type":"log","timestamp":1705261162098,"level":"info","message":"Rendering request 2 finished in 2995 ms","meta":{"rootId":"lb73exxj407j55y","id":"lb73exxj407j55y"},"id":"6mp04jjz26od7ct","previousOperationId":"w3mttywf2y3iy0s"}
{"type":"operationEnd","subtype":"render","operationId":"6rvq9kx2nvy6le5","timestamp":1705261162098,"id":"ucp3jadq7bp6oaq","previousEventId":"5exj9tuy6vc3gwr","previousOperationId":"w3mttywf2y3iy0s"}
{"type":"operationEnd","doDiffs":false,"previousEventId":"xg5em0ylqhu86wv","previousOperationId":"tbyg73edzlkvqz2","operationId":"tbyg73edzlkvqz2","timestamp":1705261162115,"id":"ovakrd1k2rcptt5"}
