{"type":"operationStart","subtype":"profile","data":{"_id":"kQWKctErcm7lO2Rk","timestamp":"2024-01-09T20:41:34.781Z","state":"queued","mode":"standard","creationDate":"2024-01-09T20:41:34.785Z","modificationDate":"2024-01-09T20:41:34.785Z","shortid":"8DXBJxT","$entitySet":"profiles"},"doDiffs":false,"timestamp":1704832894783,"id":"10i8rk1452c5f07","previousOperationId":null,"operationId":"ku5fab9yg05b8zu"}
{"type":"log","level":"info","message":"Render request 5 queued for execution and waiting for available worker","previousOperationId":"ku5fab9yg05b8zu","timestamp":1704832894783,"id":"hcgzfxyhu5lwg2p"}
{"type":"operationStart","subtype":"render","name":"orders-main","previousOperationId":"ku5fab9yg05b8zu","timestamp":1704832894792,"id":"gbe3wde96v9a22j","previousEventId":"10i8rk1452c5f07","operationId":"ixhif787gdbv0pz"}
{"type":"log","timestamp":1704832894792,"level":"info","message":"Starting rendering request 5","meta":{"rootId":"mx6uezkw2ouldb0","id":"mx6uezkw2ouldb0"},"id":"ujin2wiqba9j70i","previousOperationId":"ixhif787gdbv0pz"}
{"type":"log","timestamp":1704832894792,"level":"info","message":"Rendering template { name: orders-main, recipe: chrome-pdf, engine: handlebars, preview: false }","meta":{"rootId":"mx6uezkw2ouldb0","id":"mx6uezkw2ouldb0"},"id":"dc72ul7v87m0awf","previousOperationId":"ixhif787gdbv0pz"}
{"type":"log","timestamp":1704832894793,"level":"debug","message":"Data item not defined for this template.","meta":{"rootId":"mx6uezkw2ouldb0","id":"mx6uezkw2ouldb0"},"id":"pmteezhmmqn33uo","previousOperationId":"ixhif787gdbv0pz"}
{"type":"log","timestamp":1704832894800,"level":"debug","message":"Executing script orders-script (beforeRender)","meta":{"rootId":"mx6uezkw2ouldb0","id":"mx6uezkw2ouldb0"},"id":"csxgr62bopc8os6","previousOperationId":"ixhif787gdbv0pz"}
{"type":"operationStart","subtype":"scriptsBeforeRender","name":"scripts beforeRender","timestamp":1704832894814,"id":"5v9gk9rhfq6qndn","previousEventId":"gbe3wde96v9a22j","operationId":"6dshqysezdi1j9z","previousOperationId":"ixhif787gdbv0pz"}
{"type":"operationStart","subtype":"script","name":"scripts orders-script","previousOperationId":"6dshqysezdi1j9z","timestamp":1704832894814,"id":"uq19j1fxuim1iih","previousEventId":"5v9gk9rhfq6qndn","operationId":"fae3b65wk0np99l"}
{"type":"log","timestamp":1704832894816,"level":"debug","message":"(console:log) {}","meta":{"userLevel":true,"rootId":"mx6uezkw2ouldb0","id":"mx6uezkw2ouldb0"},"id":"g19n1eag481s8a3","previousOperationId":"fae3b65wk0np99l"}
{"type":"operationEnd","operationId":"fae3b65wk0np99l","timestamp":1704832896043,"id":"x1h59r5cbmhsyuo","previousEventId":"gbe3wde96v9a22j","previousOperationId":"ixhif787gdbv0pz"}
{"type":"operationEnd","operationId":"6dshqysezdi1j9z","timestamp":1704832896043,"id":"au3vqz00yzdkz8l","previousEventId":"x1h59r5cbmhsyuo","previousOperationId":"ixhif787gdbv0pz"}
{"type":"log","timestamp":1704832896043,"level":"debug","message":"Base url not specified, skipping its injection.","meta":{"rootId":"mx6uezkw2ouldb0","id":"mx6uezkw2ouldb0"},"id":"1gos0jec4mypzi0","previousOperationId":"6dshqysezdi1j9z"}
{"type":"operationStart","subtype":"engine","name":"handlebars","timestamp":1704832896043,"id":"orqjdhab70f55dt","previousEventId":"au3vqz00yzdkz8l","operationId":"to55hkoageke28b","previousOperationId":"6dshqysezdi1j9z"}
{"type":"log","timestamp":1704832896043,"level":"debug","message":"Rendering engine handlebars","meta":{"rootId":"mx6uezkw2ouldb0","id":"mx6uezkw2ouldb0"},"id":"ndje2n5e6enw8et","previousOperationId":"to55hkoageke28b"}
{"type":"log","timestamp":1704832896063,"level":"debug","message":"(console:log) Pdf utils adding group field, value: \"France\"","meta":{"userLevel":true,"rootId":"mx6uezkw2ouldb0","id":"mx6uezkw2ouldb0"},"id":"h2vuwvkgxw30hon","previousOperationId":"to55hkoageke28b"}
{"type":"log","timestamp":1704832896063,"level":"debug","message":"(console:log) Pdf utils adding group field, value: \"Germany\"","meta":{"userLevel":true,"rootId":"mx6uezkw2ouldb0","id":"mx6uezkw2ouldb0"},"id":"yyivqrfj1bdxmfh","previousOperationId":"to55hkoageke28b"}
{"type":"operationEnd","operationId":"to55hkoageke28b","timestamp":1704832896064,"id":"bh8j5vzuvtnkymi","previousEventId":"orqjdhab70f55dt","previousOperationId":"to55hkoageke28b"}
{"type":"operationStart","subtype":"recipe","name":"chrome-pdf","timestamp":1704832896064,"id":"xcx9j0qx41t9k9s","previousEventId":"bh8j5vzuvtnkymi","operationId":"pker4tqo9rafy9o","previousOperationId":"to55hkoageke28b"}
{"type":"log","timestamp":1704832896064,"level":"debug","message":"Executing recipe chrome-pdf","meta":{"rootId":"mx6uezkw2ouldb0","id":"mx6uezkw2ouldb0"},"id":"2zt34prd185br01","previousOperationId":"pker4tqo9rafy9o"}
{"type":"log","timestamp":1704832896069,"level":"debug","message":"Converting with chrome HeadlessChrome/117.0.5938.149 using chrome-pool strategy","meta":{"rootId":"mx6uezkw2ouldb0","id":"mx6uezkw2ouldb0"},"id":"btirtsejstc138n","previousOperationId":"pker4tqo9rafy9o"}
{"type":"log","timestamp":1704832896191,"level":"debug","message":"Page request: GET (document) file:///C:/Users/arida/AppData/Local/Temp/jsreport/autocleanup/eba6121d-54ec-4d51-b5e0-72dd624961c9-chrome-pdf.html","meta":{"rootId":"mx6uezkw2ouldb0","id":"mx6uezkw2ouldb0"},"id":"9qefhro576lmtfu","previousOperationId":"pker4tqo9rafy9o"}
{"type":"log","timestamp":1704832896238,"level":"debug","message":"Page request: GET (stylesheet) https://cdnjs.cloudflare.com/ajax/libs/metro/4.1.5/css/metro.min.css","meta":{"rootId":"mx6uezkw2ouldb0","id":"mx6uezkw2ouldb0"},"id":"6k10ctfatt1ktdm","previousOperationId":"pker4tqo9rafy9o"}
{"type":"log","timestamp":1704832896238,"level":"debug","message":"Page request: GET (script) https://cdnjs.cloudflare.com/ajax/libs/Chart.js/2.7.2/Chart.min.js","meta":{"rootId":"mx6uezkw2ouldb0","id":"mx6uezkw2ouldb0"},"id":"d8s2mcgskonvvvt","previousOperationId":"pker4tqo9rafy9o"}
{"type":"log","timestamp":1704832896239,"level":"debug","message":"Page request finished: GET (document) 200 file:///C:/Users/arida/AppData/Local/Temp/jsreport/autocleanup/eba6121d-54ec-4d51-b5e0-72dd624961c9-chrome-pdf.html","meta":{"rootId":"mx6uezkw2ouldb0","id":"mx6uezkw2ouldb0"},"id":"1ezfatpjvur04xr","previousOperationId":"pker4tqo9rafy9o"}
{"type":"log","timestamp":1704832896261,"level":"debug","message":"Page request finished: GET (stylesheet) 200 https://cdnjs.cloudflare.com/ajax/libs/metro/4.1.5/css/metro.min.css","meta":{"rootId":"mx6uezkw2ouldb0","id":"mx6uezkw2ouldb0"},"id":"1br6cjw757csla5","previousOperationId":"pker4tqo9rafy9o"}
{"type":"log","timestamp":1704832896262,"level":"debug","message":"Page request finished: GET (script) 200 https://cdnjs.cloudflare.com/ajax/libs/Chart.js/2.7.2/Chart.min.js","meta":{"rootId":"mx6uezkw2ouldb0","id":"mx6uezkw2ouldb0"},"id":"8c7kelrp3p9al3e","previousOperationId":"pker4tqo9rafy9o"}
{"type":"log","timestamp":1704832896352,"level":"debug","message":"Running chrome with params {\"printBackground\":true,\"marginTop\":\"4cm\",\"marginRight\":\"1.5cm\",\"marginBottom\":\"1.5cm\",\"marginLeft\":\"1.5cm\",\"waitForJS\":false,\"timeout\":58712,\"margin\":{\"top\":\"4cm\",\"right\":\"1.5cm\",\"bottom\":\"1.5cm\",\"left\":\"1.5cm\"}}","meta":{"rootId":"mx6uezkw2ouldb0","id":"mx6uezkw2ouldb0"},"id":"uft0vjxp1n7noga","previousOperationId":"pker4tqo9rafy9o"}
{"type":"operationEnd","operationId":"pker4tqo9rafy9o","timestamp":1704832896509,"id":"2u1cdn1pw2e2abh","previousEventId":"xcx9j0qx41t9k9s","previousOperationId":"pker4tqo9rafy9o"}
{"type":"log","timestamp":1704832896509,"level":"info","message":"pdf-utils is starting pdf processing","meta":{"rootId":"mx6uezkw2ouldb0","id":"mx6uezkw2ouldb0"},"id":"udwzkfqv5c2daqq","previousOperationId":"pker4tqo9rafy9o"}
{"type":"operationStart","subtype":"pdfUtils","name":"pdf utils","timestamp":1704832896509,"id":"0svrcmmvgqtfjcr","previousEventId":"2u1cdn1pw2e2abh","operationId":"j4gxvvij1xct5ds","previousOperationId":"pker4tqo9rafy9o"}
{"type":"log","timestamp":1704832896510,"level":"debug","message":"pdf-utils detected 1 pdf operation(s) to process","meta":{"rootId":"mx6uezkw2ouldb0","id":"mx6uezkw2ouldb0"},"id":"c8877jonck2s1tg","previousOperationId":"j4gxvvij1xct5ds"}
{"type":"log","timestamp":1704832896572,"level":"debug","message":"pdf-utils running pdf operation merge","meta":{"rootId":"mx6uezkw2ouldb0","id":"mx6uezkw2ouldb0"},"id":"ew3wcs3xlkxkch1","previousOperationId":"j4gxvvij1xct5ds"}
{"type":"operationStart","subtype":"pdfUtilsMerge","name":"pdf utils merge","previousOperationId":"j4gxvvij1xct5ds","timestamp":1704832896572,"id":"6z7ur12q6bym84m","previousEventId":"0svrcmmvgqtfjcr","operationId":"ez9xkryoa97isjb"}
{"type":"operationStart","subtype":"render","name":"orders-header","previousOperationId":"ez9xkryoa97isjb","timestamp":1704832896575,"id":"ior2ihyc177voo4","previousEventId":"6z7ur12q6bym84m","operationId":"hswi901g1yvzay8"}
{"type":"log","timestamp":1704832896575,"level":"info","message":"Starting rendering (child) request","meta":{"rootId":"mx6uezkw2ouldb0","id":"gq0f499u5et5ewo"},"id":"s5mvxxzfhwlesby","previousOperationId":"hswi901g1yvzay8"}
{"type":"log","timestamp":1704832896575,"level":"info","message":"Rendering template { name: orders-header, recipe: chrome-pdf, engine: handlebars, preview: false }","meta":{"rootId":"mx6uezkw2ouldb0","id":"gq0f499u5et5ewo"},"id":"knhhme50l7sia9p","previousOperationId":"hswi901g1yvzay8"}
{"type":"log","timestamp":1704832896578,"level":"debug","message":"Inline data specified.","meta":{"rootId":"mx6uezkw2ouldb0","id":"gq0f499u5et5ewo"},"id":"vb27ym95z6av8r2","previousOperationId":"hswi901g1yvzay8"}
{"type":"log","timestamp":1704832896586,"level":"debug","message":"Base url not specified, skipping its injection.","meta":{"rootId":"mx6uezkw2ouldb0","id":"gq0f499u5et5ewo"},"id":"ip700wvr7q5ymyr","previousOperationId":"hswi901g1yvzay8"}
{"type":"operationStart","subtype":"engine","name":"handlebars","timestamp":1704832896586,"id":"i9ojnp0k7gkp1mk","previousEventId":"ior2ihyc177voo4","operationId":"ynwet90l39dcocv","previousOperationId":"hswi901g1yvzay8"}
{"type":"log","timestamp":1704832896587,"level":"debug","message":"Rendering engine handlebars","meta":{"rootId":"mx6uezkw2ouldb0","id":"gq0f499u5et5ewo"},"id":"18cq11unxq1ds69","previousOperationId":"ynwet90l39dcocv"}
{"type":"operationEnd","operationId":"ynwet90l39dcocv","timestamp":1704832896608,"id":"kcldafx8g1cyd9x","previousEventId":"i9ojnp0k7gkp1mk","previousOperationId":"ynwet90l39dcocv"}
{"type":"operationStart","subtype":"recipe","name":"chrome-pdf","timestamp":1704832896608,"id":"kyrrv97tx3svdgi","previousEventId":"kcldafx8g1cyd9x","operationId":"ov3mrv8ngi5l1q0","previousOperationId":"ynwet90l39dcocv"}
{"type":"log","timestamp":1704832896608,"level":"debug","message":"Executing recipe chrome-pdf","meta":{"rootId":"mx6uezkw2ouldb0","id":"gq0f499u5et5ewo"},"id":"bmw4asbkrn925mq","previousOperationId":"ov3mrv8ngi5l1q0"}
{"type":"log","timestamp":1704832896610,"level":"debug","message":"Converting with chrome HeadlessChrome/117.0.5938.149 using chrome-pool strategy","meta":{"rootId":"mx6uezkw2ouldb0","id":"gq0f499u5et5ewo"},"id":"51i3w7ejirbdpmv","previousOperationId":"ov3mrv8ngi5l1q0"}
{"type":"log","timestamp":1704832896729,"level":"debug","message":"Page request: GET (document) file:///C:/Users/arida/AppData/Local/Temp/jsreport/autocleanup/1983cb3c-11ea-4571-b032-f7a48e954dad-chrome-pdf.html","meta":{"rootId":"mx6uezkw2ouldb0","id":"gq0f499u5et5ewo"},"id":"wcpcuciardu5iog","previousOperationId":"ov3mrv8ngi5l1q0"}
{"type":"log","timestamp":1704832896741,"level":"debug","message":"Page request: GET (stylesheet) https://cdnjs.cloudflare.com/ajax/libs/metro/4.1.5/css/metro.min.css","meta":{"rootId":"mx6uezkw2ouldb0","id":"gq0f499u5et5ewo"},"id":"nhyed23csami422","previousOperationId":"ov3mrv8ngi5l1q0"}
{"type":"log","timestamp":1704832896742,"level":"debug","message":"Page request finished: GET (document) 200 file:///C:/Users/arida/AppData/Local/Temp/jsreport/autocleanup/1983cb3c-11ea-4571-b032-f7a48e954dad-chrome-pdf.html","meta":{"rootId":"mx6uezkw2ouldb0","id":"gq0f499u5et5ewo"},"id":"i01e7yf91905u7y","previousOperationId":"ov3mrv8ngi5l1q0"}
{"type":"log","timestamp":1704832896762,"level":"debug","message":"Page request finished: GET (stylesheet) 200 https://cdnjs.cloudflare.com/ajax/libs/metro/4.1.5/css/metro.min.css","meta":{"rootId":"mx6uezkw2ouldb0","id":"gq0f499u5et5ewo"},"id":"6wp1bayfyjq5hi5","previousOperationId":"ov3mrv8ngi5l1q0"}
{"type":"log","timestamp":1704832896785,"level":"debug","message":"Running chrome with params {\"printBackground\":true,\"marginTop\":\"1.5cm\",\"marginRight\":\"1.5cm\",\"marginLeft\":\"1.cm\",\"timeout\":58170,\"margin\":{\"top\":\"1.5cm\",\"right\":\"1.5cm\",\"left\":\"1.cm\"}}","meta":{"rootId":"mx6uezkw2ouldb0","id":"gq0f499u5et5ewo"},"id":"y1rag8vv6zpgzma","previousOperationId":"ov3mrv8ngi5l1q0"}
{"type":"operationEnd","operationId":"ov3mrv8ngi5l1q0","timestamp":1704832896836,"id":"s6or7f9wrciqa47","previousEventId":"kyrrv97tx3svdgi","previousOperationId":"ov3mrv8ngi5l1q0"}
{"type":"log","timestamp":1704832896837,"level":"debug","message":"Skipping storing report.","meta":{"rootId":"mx6uezkw2ouldb0","id":"gq0f499u5et5ewo"},"id":"bl0of7hn7obim28","previousOperationId":"ov3mrv8ngi5l1q0"}
{"type":"log","timestamp":1704832896837,"level":"info","message":"Rendering (child) request finished in 2057 ms","meta":{"rootId":"mx6uezkw2ouldb0","id":"gq0f499u5et5ewo"},"id":"3o7tyz8vnzbycyj","previousOperationId":"ov3mrv8ngi5l1q0"}
{"type":"operationEnd","subtype":"render","operationId":"hswi901g1yvzay8","timestamp":1704832896837,"id":"fty59lozghfkrfv","previousEventId":"s6or7f9wrciqa47","previousOperationId":"ov3mrv8ngi5l1q0"}
{"type":"operationEnd","operationId":"ez9xkryoa97isjb","timestamp":1704832896863,"id":"ek9vud1y2lr0v8o","previousEventId":"6z7ur12q6bym84m","previousOperationId":"ez9xkryoa97isjb"}
{"type":"log","timestamp":1704832896863,"level":"debug","message":"pdf-utils postproces start","meta":{"rootId":"mx6uezkw2ouldb0","id":"mx6uezkw2ouldb0"},"id":"7mjf5w6gunmx5ml","previousOperationId":"ez9xkryoa97isjb"}
{"type":"log","timestamp":1704832896888,"level":"debug","message":"pdf-utils postproces end","meta":{"rootId":"mx6uezkw2ouldb0","id":"mx6uezkw2ouldb0"},"id":"rg9vwaq7i2twe04","previousOperationId":"ez9xkryoa97isjb"}
{"type":"operationEnd","operationId":"j4gxvvij1xct5ds","timestamp":1704832896888,"id":"2ycqrrh4sl70h6i","previousEventId":"ek9vud1y2lr0v8o","previousOperationId":"ez9xkryoa97isjb"}
{"type":"log","timestamp":1704832896889,"level":"info","message":"pdf-utils pdf processing was finished","meta":{"rootId":"mx6uezkw2ouldb0","id":"mx6uezkw2ouldb0"},"id":"ys1lw5m2241t0c9","previousOperationId":"j4gxvvij1xct5ds"}
{"type":"log","timestamp":1704832896889,"level":"debug","message":"Skipping storing report.","meta":{"rootId":"mx6uezkw2ouldb0","id":"mx6uezkw2ouldb0"},"id":"b7v9fep4h3vnviq","previousOperationId":"j4gxvvij1xct5ds"}
{"type":"log","timestamp":1704832896889,"level":"info","message":"Rendering request 5 finished in 2109 ms","meta":{"rootId":"mx6uezkw2ouldb0","id":"mx6uezkw2ouldb0"},"id":"cqeum1zpqae488l","previousOperationId":"j4gxvvij1xct5ds"}
{"type":"operationEnd","subtype":"render","operationId":"ixhif787gdbv0pz","timestamp":1704832896889,"id":"lt2obg7yivom36o","previousEventId":"2ycqrrh4sl70h6i","previousOperationId":"j4gxvvij1xct5ds"}
{"type":"operationEnd","doDiffs":false,"previousEventId":"10i8rk1452c5f07","previousOperationId":"ku5fab9yg05b8zu","operationId":"ku5fab9yg05b8zu","timestamp":1704832896894,"id":"zntkq26kux81fl2"}
