{"type":"operationStart","subtype":"profile","data":{"_id":"LxD27HTZGCLi7Oan","timestamp":"2024-01-14T17:46:48.849Z","state":"queued","mode":"standard","creationDate":"2024-01-14T17:46:48.853Z","modificationDate":"2024-01-14T17:46:48.853Z","shortid":"lRuCIOL","$entitySet":"profiles"},"doDiffs":false,"timestamp":1705254408851,"id":"sh73r1ez7lp0xjb","previousOperationId":null,"operationId":"k25v6hpje3yywag"}
{"type":"log","level":"info","message":"Render request 3 queued for execution and waiting for available worker","previousOperationId":"k25v6hpje3yywag","timestamp":1705254408851,"id":"9jbkfvlt4d990n8"}
{"type":"operationStart","subtype":"render","name":"orders-main","previousOperationId":"k25v6hpje3yywag","timestamp":1705254408860,"id":"7vco2auksc8dpg4","previousEventId":"sh73r1ez7lp0xjb","operationId":"rx50ma6365u7a70"}
{"type":"log","timestamp":1705254408860,"level":"info","message":"Starting rendering request 3","meta":{"rootId":"n8u3n24wxfy4yn2","id":"n8u3n24wxfy4yn2"},"id":"6gc3ws0l559upya","previousOperationId":"rx50ma6365u7a70"}
{"type":"log","timestamp":1705254408860,"level":"info","message":"Rendering template { name: orders-main, recipe: chrome-pdf, engine: handlebars, preview: false }","meta":{"rootId":"n8u3n24wxfy4yn2","id":"n8u3n24wxfy4yn2"},"id":"bx2w18ga4bild4u","previousOperationId":"rx50ma6365u7a70"}
{"type":"log","timestamp":1705254408863,"level":"debug","message":"Data item not defined for this template.","meta":{"rootId":"n8u3n24wxfy4yn2","id":"n8u3n24wxfy4yn2"},"id":"ne9gsruqkmlt5gc","previousOperationId":"rx50ma6365u7a70"}
{"type":"log","timestamp":1705254408869,"level":"debug","message":"Executing script orders-script (beforeRender)","meta":{"rootId":"n8u3n24wxfy4yn2","id":"n8u3n24wxfy4yn2"},"id":"751ivxtxrgw6kr1","previousOperationId":"rx50ma6365u7a70"}
{"type":"operationStart","subtype":"scriptsBeforeRender","name":"scripts beforeRender","timestamp":1705254408883,"id":"sfme7dee8bwde3f","previousEventId":"7vco2auksc8dpg4","operationId":"8y6fqjbrwpofrqm","previousOperationId":"rx50ma6365u7a70"}
{"type":"operationStart","subtype":"script","name":"scripts orders-script","previousOperationId":"8y6fqjbrwpofrqm","timestamp":1705254408883,"id":"rhvigwim7so8277","previousEventId":"sfme7dee8bwde3f","operationId":"vr3si1rx2t9cna4"}
{"type":"log","timestamp":1705254408897,"level":"debug","message":"(console:log) [\n  { numEvento: 3, name: 'Ingenio' },\n  { numEvento: 0, name: 'Las Palmas' }\n]","meta":{"userLevel":true,"rootId":"n8u3n24wxfy4yn2","id":"n8u3n24wxfy4yn2"},"id":"h19p7jmzgio3rm2","previousOperationId":"vr3si1rx2t9cna4"}
{"type":"operationEnd","operationId":"vr3si1rx2t9cna4","timestamp":1705254408898,"id":"y40rb0luia6ig1h","previousEventId":"7vco2auksc8dpg4","previousOperationId":"rx50ma6365u7a70"}
{"type":"operationEnd","operationId":"8y6fqjbrwpofrqm","timestamp":1705254408898,"id":"un4w9bw5oryqp1k","previousEventId":"y40rb0luia6ig1h","previousOperationId":"rx50ma6365u7a70"}
{"type":"log","timestamp":1705254408898,"level":"debug","message":"Base url not specified, skipping its injection.","meta":{"rootId":"n8u3n24wxfy4yn2","id":"n8u3n24wxfy4yn2"},"id":"kvvj984t5uitnwy","previousOperationId":"8y6fqjbrwpofrqm"}
{"type":"operationStart","subtype":"engine","name":"handlebars","timestamp":1705254408898,"id":"wbs8ndt6sh23hhu","previousEventId":"un4w9bw5oryqp1k","operationId":"kynuwiultr1ss4f","previousOperationId":"8y6fqjbrwpofrqm"}
{"type":"log","timestamp":1705254408898,"level":"debug","message":"Rendering engine handlebars","meta":{"rootId":"n8u3n24wxfy4yn2","id":"n8u3n24wxfy4yn2"},"id":"fwjlqyf42k13ij8","previousOperationId":"kynuwiultr1ss4f"}
{"type":"operationEnd","operationId":"kynuwiultr1ss4f","timestamp":1705254408915,"id":"l1hybh1sr6aywf9","previousEventId":"wbs8ndt6sh23hhu","previousOperationId":"kynuwiultr1ss4f"}
{"type":"operationStart","subtype":"recipe","name":"chrome-pdf","timestamp":1705254408916,"id":"oyx30qy5uf4rgjt","previousEventId":"l1hybh1sr6aywf9","operationId":"b6xzlh081642yzg","previousOperationId":"kynuwiultr1ss4f"}
{"type":"log","timestamp":1705254408916,"level":"debug","message":"Executing recipe chrome-pdf","meta":{"rootId":"n8u3n24wxfy4yn2","id":"n8u3n24wxfy4yn2"},"id":"tx31aumdkms2ajo","previousOperationId":"b6xzlh081642yzg"}
{"type":"log","timestamp":1705254408919,"level":"debug","message":"Converting with chrome HeadlessChrome/117.0.5938.149 using chrome-pool strategy","meta":{"rootId":"n8u3n24wxfy4yn2","id":"n8u3n24wxfy4yn2"},"id":"at5mbzcaa6dw9p9","previousOperationId":"b6xzlh081642yzg"}
{"type":"log","timestamp":1705254409066,"level":"debug","message":"Page request: GET (document) file:///C:/Users/arida/AppData/Local/Temp/jsreport/autocleanup/b65fad1c-318f-4119-a2e7-52af4621a9f6-chrome-pdf.html","meta":{"rootId":"n8u3n24wxfy4yn2","id":"n8u3n24wxfy4yn2"},"id":"fkzibkssumilvik","previousOperationId":"b6xzlh081642yzg"}
{"type":"log","timestamp":1705254409079,"level":"debug","message":"Page request: GET (stylesheet) https://cdnjs.cloudflare.com/ajax/libs/metro/4.1.5/css/metro.min.css","meta":{"rootId":"n8u3n24wxfy4yn2","id":"n8u3n24wxfy4yn2"},"id":"ci51lsm9nvyq6hl","previousOperationId":"b6xzlh081642yzg"}
{"type":"log","timestamp":1705254409079,"level":"debug","message":"Page request: GET (script) https://cdnjs.cloudflare.com/ajax/libs/Chart.js/2.7.2/Chart.min.js","meta":{"rootId":"n8u3n24wxfy4yn2","id":"n8u3n24wxfy4yn2"},"id":"vgsjhyl6c6scovc","previousOperationId":"b6xzlh081642yzg"}
{"type":"log","timestamp":1705254409079,"level":"debug","message":"Page request finished: GET (document) 200 file:///C:/Users/arida/AppData/Local/Temp/jsreport/autocleanup/b65fad1c-318f-4119-a2e7-52af4621a9f6-chrome-pdf.html","meta":{"rootId":"n8u3n24wxfy4yn2","id":"n8u3n24wxfy4yn2"},"id":"mr1j5e43hdqwb31","previousOperationId":"b6xzlh081642yzg"}
{"type":"log","timestamp":1705254409106,"level":"debug","message":"Page request finished: GET (stylesheet) 200 https://cdnjs.cloudflare.com/ajax/libs/metro/4.1.5/css/metro.min.css","meta":{"rootId":"n8u3n24wxfy4yn2","id":"n8u3n24wxfy4yn2"},"id":"2lcpu014pvup6x4","previousOperationId":"b6xzlh081642yzg"}
{"type":"log","timestamp":1705254409107,"level":"debug","message":"Page request finished: GET (script) 200 https://cdnjs.cloudflare.com/ajax/libs/Chart.js/2.7.2/Chart.min.js","meta":{"rootId":"n8u3n24wxfy4yn2","id":"n8u3n24wxfy4yn2"},"id":"t8zbyohd733gaqc","previousOperationId":"b6xzlh081642yzg"}
{"type":"log","timestamp":1705254409135,"level":"debug","message":"Running chrome with params {\"printBackground\":true,\"marginTop\":\"4cm\",\"marginRight\":\"1.5cm\",\"marginBottom\":\"1.5cm\",\"marginLeft\":\"1.5cm\",\"waitForJS\":false,\"timeout\":59932,\"margin\":{\"top\":\"4cm\",\"right\":\"1.5cm\",\"bottom\":\"1.5cm\",\"left\":\"1.5cm\"}}","meta":{"rootId":"n8u3n24wxfy4yn2","id":"n8u3n24wxfy4yn2"},"id":"r3k9a2poxyqi2nf","previousOperationId":"b6xzlh081642yzg"}
{"type":"operationEnd","operationId":"b6xzlh081642yzg","timestamp":1705254409165,"id":"pzxss4p50i03i7m","previousEventId":"oyx30qy5uf4rgjt","previousOperationId":"b6xzlh081642yzg"}
{"type":"log","timestamp":1705254409165,"level":"info","message":"pdf-utils is starting pdf processing","meta":{"rootId":"n8u3n24wxfy4yn2","id":"n8u3n24wxfy4yn2"},"id":"250fwsprgdpruj0","previousOperationId":"b6xzlh081642yzg"}
{"type":"operationStart","subtype":"pdfUtils","name":"pdf utils","timestamp":1705254409165,"id":"89za7uewqysdraj","previousEventId":"pzxss4p50i03i7m","operationId":"xksiix4170wio1c","previousOperationId":"b6xzlh081642yzg"}
{"type":"log","timestamp":1705254409165,"level":"debug","message":"pdf-utils detected 1 pdf operation(s) to process","meta":{"rootId":"n8u3n24wxfy4yn2","id":"n8u3n24wxfy4yn2"},"id":"ut1e47jlcifs9x5","previousOperationId":"xksiix4170wio1c"}
{"type":"log","timestamp":1705254409170,"level":"debug","message":"pdf-utils running pdf operation merge","meta":{"rootId":"n8u3n24wxfy4yn2","id":"n8u3n24wxfy4yn2"},"id":"2cpa7i8n8cifjmm","previousOperationId":"xksiix4170wio1c"}
{"type":"operationStart","subtype":"pdfUtilsMerge","name":"pdf utils merge","previousOperationId":"xksiix4170wio1c","timestamp":1705254409170,"id":"vzf8wpg2z5ypry3","previousEventId":"89za7uewqysdraj","operationId":"dt4uduip8ijt5ld"}
{"type":"operationStart","subtype":"render","name":"orders-header","previousOperationId":"dt4uduip8ijt5ld","timestamp":1705254409171,"id":"rjjwkazqayc8isv","previousEventId":"vzf8wpg2z5ypry3","operationId":"rc3njdwukuahmr4"}
{"type":"log","timestamp":1705254409171,"level":"info","message":"Starting rendering (child) request","meta":{"rootId":"n8u3n24wxfy4yn2","id":"81wollzjlrx5guu"},"id":"630jq04cnuuw89h","previousOperationId":"rc3njdwukuahmr4"}
{"type":"log","timestamp":1705254409171,"level":"info","message":"Rendering template { name: orders-header, recipe: chrome-pdf, engine: handlebars, preview: false }","meta":{"rootId":"n8u3n24wxfy4yn2","id":"81wollzjlrx5guu"},"id":"kh7rr7et32sr9uq","previousOperationId":"rc3njdwukuahmr4"}
{"type":"log","timestamp":1705254409172,"level":"debug","message":"Inline data specified.","meta":{"rootId":"n8u3n24wxfy4yn2","id":"81wollzjlrx5guu"},"id":"rnqdd6ud0kvzboc","previousOperationId":"rc3njdwukuahmr4"}
{"type":"log","timestamp":1705254409177,"level":"debug","message":"Base url not specified, skipping its injection.","meta":{"rootId":"n8u3n24wxfy4yn2","id":"81wollzjlrx5guu"},"id":"t6ctbynhq3o5c8c","previousOperationId":"rc3njdwukuahmr4"}
{"type":"operationStart","subtype":"engine","name":"handlebars","timestamp":1705254409177,"id":"d839lbbs1k7meyp","previousEventId":"rjjwkazqayc8isv","operationId":"6hhcqfgjofo6wkp","previousOperationId":"rc3njdwukuahmr4"}
{"type":"log","timestamp":1705254409177,"level":"debug","message":"Rendering engine handlebars","meta":{"rootId":"n8u3n24wxfy4yn2","id":"81wollzjlrx5guu"},"id":"eg7m0ee6vxajbtw","previousOperationId":"6hhcqfgjofo6wkp"}
{"type":"operationEnd","operationId":"6hhcqfgjofo6wkp","timestamp":1705254409201,"id":"odnsm6kpoxfew14","previousEventId":"d839lbbs1k7meyp","previousOperationId":"6hhcqfgjofo6wkp"}
{"type":"operationStart","subtype":"recipe","name":"chrome-pdf","timestamp":1705254409201,"id":"i57rcgnxbo142kw","previousEventId":"odnsm6kpoxfew14","operationId":"dwzpdumtypdurow","previousOperationId":"6hhcqfgjofo6wkp"}
{"type":"log","timestamp":1705254409202,"level":"debug","message":"Executing recipe chrome-pdf","meta":{"rootId":"n8u3n24wxfy4yn2","id":"81wollzjlrx5guu"},"id":"ysa818vrvbu5f8k","previousOperationId":"dwzpdumtypdurow"}
{"type":"log","timestamp":1705254409204,"level":"debug","message":"Converting with chrome HeadlessChrome/117.0.5938.149 using chrome-pool strategy","meta":{"rootId":"n8u3n24wxfy4yn2","id":"81wollzjlrx5guu"},"id":"6oa6jl5aaftd3ft","previousOperationId":"dwzpdumtypdurow"}
{"type":"log","timestamp":1705254409313,"level":"debug","message":"Page request: GET (document) file:///C:/Users/arida/AppData/Local/Temp/jsreport/autocleanup/888f75cf-6d82-4772-8100-a72b91d7011f-chrome-pdf.html","meta":{"rootId":"n8u3n24wxfy4yn2","id":"81wollzjlrx5guu"},"id":"l2pb7muluk4vam7","previousOperationId":"dwzpdumtypdurow"}
{"type":"log","timestamp":1705254409328,"level":"debug","message":"Page request: GET (stylesheet) https://cdnjs.cloudflare.com/ajax/libs/metro/4.1.5/css/metro.min.css","meta":{"rootId":"n8u3n24wxfy4yn2","id":"81wollzjlrx5guu"},"id":"5lvgs70c974od1y","previousOperationId":"dwzpdumtypdurow"}
{"type":"log","timestamp":1705254409329,"level":"debug","message":"Page request finished: GET (document) 200 file:///C:/Users/arida/AppData/Local/Temp/jsreport/autocleanup/888f75cf-6d82-4772-8100-a72b91d7011f-chrome-pdf.html","meta":{"rootId":"n8u3n24wxfy4yn2","id":"81wollzjlrx5guu"},"id":"6zgswoq7c0qn2nt","previousOperationId":"dwzpdumtypdurow"}
{"type":"log","timestamp":1705254409349,"level":"debug","message":"Page request finished: GET (stylesheet) 200 https://cdnjs.cloudflare.com/ajax/libs/metro/4.1.5/css/metro.min.css","meta":{"rootId":"n8u3n24wxfy4yn2","id":"81wollzjlrx5guu"},"id":"0apj2yfs4fkt4oc","previousOperationId":"dwzpdumtypdurow"}
{"type":"log","timestamp":1705254409366,"level":"debug","message":"Running chrome with params {\"printBackground\":true,\"marginTop\":\"1.5cm\",\"marginRight\":\"1.5cm\",\"marginLeft\":\"1.cm\",\"timeout\":59646,\"margin\":{\"top\":\"1.5cm\",\"right\":\"1.5cm\",\"left\":\"1.cm\"}}","meta":{"rootId":"n8u3n24wxfy4yn2","id":"81wollzjlrx5guu"},"id":"39ignxnhb5cob66","previousOperationId":"dwzpdumtypdurow"}
{"type":"operationEnd","operationId":"dwzpdumtypdurow","timestamp":1705254409399,"id":"wgufwvbujq5iqh5","previousEventId":"i57rcgnxbo142kw","previousOperationId":"dwzpdumtypdurow"}
{"type":"log","timestamp":1705254409399,"level":"debug","message":"Skipping storing report.","meta":{"rootId":"n8u3n24wxfy4yn2","id":"81wollzjlrx5guu"},"id":"d233ks5va88pt3k","previousOperationId":"dwzpdumtypdurow"}
{"type":"log","timestamp":1705254409399,"level":"info","message":"Rendering (child) request finished in 550 ms","meta":{"rootId":"n8u3n24wxfy4yn2","id":"81wollzjlrx5guu"},"id":"18k9bxf6azb61vh","previousOperationId":"dwzpdumtypdurow"}
{"type":"operationEnd","subtype":"render","operationId":"rc3njdwukuahmr4","timestamp":1705254409399,"id":"vj37q785cfp18vr","previousEventId":"wgufwvbujq5iqh5","previousOperationId":"dwzpdumtypdurow"}
{"type":"operationEnd","operationId":"dt4uduip8ijt5ld","timestamp":1705254409406,"id":"nolwplq6gjl9wl1","previousEventId":"vzf8wpg2z5ypry3","previousOperationId":"dt4uduip8ijt5ld"}
{"type":"log","timestamp":1705254409406,"level":"debug","message":"pdf-utils postproces start","meta":{"rootId":"n8u3n24wxfy4yn2","id":"n8u3n24wxfy4yn2"},"id":"ztxztf3isqenosl","previousOperationId":"dt4uduip8ijt5ld"}
{"type":"log","timestamp":1705254409412,"level":"debug","message":"pdf-utils postproces end","meta":{"rootId":"n8u3n24wxfy4yn2","id":"n8u3n24wxfy4yn2"},"id":"gkdrxwbdjmdyub4","previousOperationId":"dt4uduip8ijt5ld"}
{"type":"operationEnd","operationId":"xksiix4170wio1c","timestamp":1705254409412,"id":"dcggzaffnint9du","previousEventId":"nolwplq6gjl9wl1","previousOperationId":"dt4uduip8ijt5ld"}
{"type":"log","timestamp":1705254409412,"level":"info","message":"pdf-utils pdf processing was finished","meta":{"rootId":"n8u3n24wxfy4yn2","id":"n8u3n24wxfy4yn2"},"id":"1amw9grhgdk8i7l","previousOperationId":"xksiix4170wio1c"}
{"type":"log","timestamp":1705254409412,"level":"debug","message":"Skipping storing report.","meta":{"rootId":"n8u3n24wxfy4yn2","id":"n8u3n24wxfy4yn2"},"id":"8mm45dxdenh38qj","previousOperationId":"xksiix4170wio1c"}
{"type":"log","timestamp":1705254409412,"level":"info","message":"Rendering request 3 finished in 563 ms","meta":{"rootId":"n8u3n24wxfy4yn2","id":"n8u3n24wxfy4yn2"},"id":"bfld5s19xn1y206","previousOperationId":"xksiix4170wio1c"}
{"type":"operationEnd","subtype":"render","operationId":"rx50ma6365u7a70","timestamp":1705254409412,"id":"l8mc4cnehdtbasu","previousEventId":"dcggzaffnint9du","previousOperationId":"xksiix4170wio1c"}
{"type":"operationEnd","doDiffs":false,"previousEventId":"sh73r1ez7lp0xjb","previousOperationId":"k25v6hpje3yywag","operationId":"k25v6hpje3yywag","timestamp":1705254409420,"id":"wpeyci7x26dm72o"}
