{"type":"operationStart","subtype":"profile","data":{"_id":"gWfRAzXVvlWw9bxZ","timestamp":"2024-01-09T20:14:07.736Z","state":"queued","mode":"standard","creationDate":"2024-01-09T20:14:07.739Z","modificationDate":"2024-01-09T20:14:07.739Z","shortid":"kQxDmzp","$entitySet":"profiles"},"doDiffs":false,"timestamp":1704831247737,"id":"usf9rg8rjebd7w7","previousOperationId":null,"operationId":"klkrf0rg8elbz07"}
{"type":"log","level":"info","message":"Render request 19 queued for execution and waiting for available worker","previousOperationId":"klkrf0rg8elbz07","timestamp":1704831247738,"id":"ojafe2gh52p8b7y"}
{"type":"operationStart","subtype":"render","name":"orders-main","previousOperationId":"klkrf0rg8elbz07","timestamp":1704831247753,"id":"5nq5rk89aj6mt67","previousEventId":"usf9rg8rjebd7w7","operationId":"og0bw50k8tfb2nr"}
{"type":"log","timestamp":1704831247753,"level":"info","message":"Starting rendering request 19","meta":{"rootId":"na54s6xb56gbjeg","id":"na54s6xb56gbjeg"},"id":"nllw0o7k6ypbcj8","previousOperationId":"og0bw50k8tfb2nr"}
{"type":"log","timestamp":1704831247754,"level":"info","message":"Rendering template { name: orders-main, recipe: chrome-pdf, engine: handlebars, preview: true }","meta":{"rootId":"na54s6xb56gbjeg","id":"na54s6xb56gbjeg"},"id":"o1d5ixky36qzduk","previousOperationId":"og0bw50k8tfb2nr"}
{"type":"log","timestamp":1704831247755,"level":"debug","message":"Data item not defined for this template.","meta":{"rootId":"na54s6xb56gbjeg","id":"na54s6xb56gbjeg"},"id":"dod5qb33a67fpg7","previousOperationId":"og0bw50k8tfb2nr"}
{"type":"log","timestamp":1704831247759,"level":"debug","message":"Executing script orders-script (beforeRender)","meta":{"rootId":"na54s6xb56gbjeg","id":"na54s6xb56gbjeg"},"id":"h0tdzps7msujita","previousOperationId":"og0bw50k8tfb2nr"}
{"type":"operationStart","subtype":"scriptsBeforeRender","name":"scripts beforeRender","timestamp":1704831247778,"id":"luiwmozcad5c22r","previousEventId":"5nq5rk89aj6mt67","operationId":"0tzkg5jmaym75dg","previousOperationId":"og0bw50k8tfb2nr"}
{"type":"operationStart","subtype":"script","name":"scripts orders-script","previousOperationId":"0tzkg5jmaym75dg","timestamp":1704831247778,"id":"x5up5kn7fgplin5","previousEventId":"luiwmozcad5c22r","operationId":"ilb7jztzf0ymjnu"}
{"type":"log","timestamp":1704831247780,"level":"debug","message":"(console:log) { baseUrl: 'http://localhost:5488', query: [Getter/Setter] }","meta":{"userLevel":true,"rootId":"na54s6xb56gbjeg","id":"na54s6xb56gbjeg"},"id":"grbcof0ophmz151","previousOperationId":"ilb7jztzf0ymjnu"}
{"type":"operationEnd","operationId":"ilb7jztzf0ymjnu","timestamp":1704831249148,"id":"zrhlafulzpn1lv7","previousEventId":"5nq5rk89aj6mt67","previousOperationId":"og0bw50k8tfb2nr"}
{"type":"operationEnd","operationId":"0tzkg5jmaym75dg","timestamp":1704831249148,"id":"hscsdfecil25yut","previousEventId":"zrhlafulzpn1lv7","previousOperationId":"og0bw50k8tfb2nr"}
{"type":"log","timestamp":1704831249148,"level":"debug","message":"Base url not specified, skipping its injection.","meta":{"rootId":"na54s6xb56gbjeg","id":"na54s6xb56gbjeg"},"id":"qiio783kjjwm5cr","previousOperationId":"0tzkg5jmaym75dg"}
{"type":"operationStart","subtype":"engine","name":"handlebars","timestamp":1704831249148,"id":"1ptz51fkblmih1y","previousEventId":"hscsdfecil25yut","operationId":"k6p9d33i8h1ufof","previousOperationId":"0tzkg5jmaym75dg"}
{"type":"log","timestamp":1704831249148,"level":"debug","message":"Rendering engine handlebars","meta":{"rootId":"na54s6xb56gbjeg","id":"na54s6xb56gbjeg"},"id":"i2le7jkydnqybvk","previousOperationId":"k6p9d33i8h1ufof"}
{"type":"log","timestamp":1704831249166,"level":"debug","message":"(console:log) Pdf utils adding group field, value: \"France\"","meta":{"userLevel":true,"rootId":"na54s6xb56gbjeg","id":"na54s6xb56gbjeg"},"id":"8yulcwtcpgxakva","previousOperationId":"k6p9d33i8h1ufof"}
{"type":"log","timestamp":1704831249166,"level":"debug","message":"(console:log) Pdf utils adding group field, value: \"Germany\"","meta":{"userLevel":true,"rootId":"na54s6xb56gbjeg","id":"na54s6xb56gbjeg"},"id":"hsuw57u5wf5tq6a","previousOperationId":"k6p9d33i8h1ufof"}
{"type":"operationEnd","operationId":"k6p9d33i8h1ufof","timestamp":1704831249167,"id":"09w2ysbya08pzv4","previousEventId":"1ptz51fkblmih1y","previousOperationId":"k6p9d33i8h1ufof"}
{"type":"operationStart","subtype":"recipe","name":"chrome-pdf","timestamp":1704831249168,"id":"fdx9yxt4tthd8ah","previousEventId":"09w2ysbya08pzv4","operationId":"q4zettrwmoftril","previousOperationId":"k6p9d33i8h1ufof"}
{"type":"log","timestamp":1704831249168,"level":"debug","message":"Executing recipe chrome-pdf","meta":{"rootId":"na54s6xb56gbjeg","id":"na54s6xb56gbjeg"},"id":"qbxm4vrlmt3qx0y","previousOperationId":"q4zettrwmoftril"}
{"type":"log","timestamp":1704831249171,"level":"debug","message":"Converting with chrome HeadlessChrome/117.0.5938.149 using chrome-pool strategy","meta":{"rootId":"na54s6xb56gbjeg","id":"na54s6xb56gbjeg"},"id":"cntk0z6n99eed16","previousOperationId":"q4zettrwmoftril"}
{"type":"log","timestamp":1704831249299,"level":"debug","message":"Page request: GET (document) file:///C:/Users/arida/AppData/Local/Temp/jsreport/autocleanup/d28ff8ab-790f-4553-979e-7c797cfdb3c6-chrome-pdf.html","meta":{"rootId":"na54s6xb56gbjeg","id":"na54s6xb56gbjeg"},"id":"f6l8sdpguroegmx","previousOperationId":"q4zettrwmoftril"}
{"type":"log","timestamp":1704831249362,"level":"debug","message":"Page request: GET (stylesheet) https://cdnjs.cloudflare.com/ajax/libs/metro/4.1.5/css/metro.min.css","meta":{"rootId":"na54s6xb56gbjeg","id":"na54s6xb56gbjeg"},"id":"dwro6nbc77eqici","previousOperationId":"q4zettrwmoftril"}
{"type":"log","timestamp":1704831249363,"level":"debug","message":"Page request: GET (script) https://cdnjs.cloudflare.com/ajax/libs/Chart.js/2.7.2/Chart.min.js","meta":{"rootId":"na54s6xb56gbjeg","id":"na54s6xb56gbjeg"},"id":"yzsx6nb3gq7chcg","previousOperationId":"q4zettrwmoftril"}
{"type":"log","timestamp":1704831249363,"level":"debug","message":"Page request finished: GET (document) 200 file:///C:/Users/arida/AppData/Local/Temp/jsreport/autocleanup/d28ff8ab-790f-4553-979e-7c797cfdb3c6-chrome-pdf.html","meta":{"rootId":"na54s6xb56gbjeg","id":"na54s6xb56gbjeg"},"id":"yukagqfuins7xv2","previousOperationId":"q4zettrwmoftril"}
{"type":"log","timestamp":1704831249371,"level":"debug","message":"Page request finished: GET (script) 200 https://cdnjs.cloudflare.com/ajax/libs/Chart.js/2.7.2/Chart.min.js","meta":{"rootId":"na54s6xb56gbjeg","id":"na54s6xb56gbjeg"},"id":"a4wd71rjhor6dg9","previousOperationId":"q4zettrwmoftril"}
{"type":"log","timestamp":1704831249390,"level":"debug","message":"Page request finished: GET (stylesheet) 200 https://cdnjs.cloudflare.com/ajax/libs/metro/4.1.5/css/metro.min.css","meta":{"rootId":"na54s6xb56gbjeg","id":"na54s6xb56gbjeg"},"id":"nxwi801olq0ti79","previousOperationId":"q4zettrwmoftril"}
{"type":"log","timestamp":1704831249525,"level":"debug","message":"Running chrome with params {\"printBackground\":true,\"marginTop\":\"4cm\",\"marginRight\":\"1.5cm\",\"marginBottom\":\"1.5cm\",\"marginLeft\":\"1.5cm\",\"waitForJS\":false,\"timeout\":58566,\"margin\":{\"top\":\"4cm\",\"right\":\"1.5cm\",\"bottom\":\"1.5cm\",\"left\":\"1.5cm\"}}","meta":{"rootId":"na54s6xb56gbjeg","id":"na54s6xb56gbjeg"},"id":"f5mhhvnurx3t1lm","previousOperationId":"q4zettrwmoftril"}
{"type":"operationEnd","operationId":"q4zettrwmoftril","timestamp":1704831249847,"id":"nvv3j3bi4itzrnd","previousEventId":"fdx9yxt4tthd8ah","previousOperationId":"q4zettrwmoftril"}
{"type":"log","timestamp":1704831249847,"level":"info","message":"pdf-utils is starting pdf processing","meta":{"rootId":"na54s6xb56gbjeg","id":"na54s6xb56gbjeg"},"id":"mtgl5wew4l3u2as","previousOperationId":"q4zettrwmoftril"}
{"type":"operationStart","subtype":"pdfUtils","name":"pdf utils","timestamp":1704831249847,"id":"w4esg2a16010oek","previousEventId":"nvv3j3bi4itzrnd","operationId":"tqhflqb3hjskz76","previousOperationId":"q4zettrwmoftril"}
{"type":"log","timestamp":1704831249847,"level":"debug","message":"pdf-utils detected 1 pdf operation(s) to process","meta":{"rootId":"na54s6xb56gbjeg","id":"na54s6xb56gbjeg"},"id":"t623cmnavusm9gl","previousOperationId":"tqhflqb3hjskz76"}
{"type":"log","timestamp":1704831249873,"level":"debug","message":"pdf-utils running pdf operation merge","meta":{"rootId":"na54s6xb56gbjeg","id":"na54s6xb56gbjeg"},"id":"qtz0jdjw6n19eg0","previousOperationId":"tqhflqb3hjskz76"}
{"type":"operationStart","subtype":"pdfUtilsMerge","name":"pdf utils merge","previousOperationId":"tqhflqb3hjskz76","timestamp":1704831249873,"id":"lvmk44vtjpc8xf7","previousEventId":"w4esg2a16010oek","operationId":"9wg2pse7dub37no"}
{"type":"operationStart","subtype":"render","name":"orders-header","previousOperationId":"9wg2pse7dub37no","timestamp":1704831249874,"id":"ujcmh611twngzcy","previousEventId":"lvmk44vtjpc8xf7","operationId":"vus1n8vcudcddzt"}
{"type":"log","timestamp":1704831249874,"level":"info","message":"Starting rendering (child) request","meta":{"rootId":"na54s6xb56gbjeg","id":"9q2ucy4a763mi7r"},"id":"3yezt9di880it1k","previousOperationId":"vus1n8vcudcddzt"}
{"type":"log","timestamp":1704831249874,"level":"info","message":"Rendering template { name: orders-header, recipe: chrome-pdf, engine: handlebars, preview: true }","meta":{"rootId":"na54s6xb56gbjeg","id":"9q2ucy4a763mi7r"},"id":"yuv7ay2icoxglnk","previousOperationId":"vus1n8vcudcddzt"}
{"type":"log","timestamp":1704831249875,"level":"debug","message":"Inline data specified.","meta":{"rootId":"na54s6xb56gbjeg","id":"9q2ucy4a763mi7r"},"id":"xd1cp2seqwtica4","previousOperationId":"vus1n8vcudcddzt"}
{"type":"log","timestamp":1704831249878,"level":"debug","message":"Base url not specified, skipping its injection.","meta":{"rootId":"na54s6xb56gbjeg","id":"9q2ucy4a763mi7r"},"id":"i6fwv32qsxw8286","previousOperationId":"vus1n8vcudcddzt"}
{"type":"operationStart","subtype":"engine","name":"handlebars","timestamp":1704831249879,"id":"h6u5pefqwrg8lgv","previousEventId":"ujcmh611twngzcy","operationId":"h4s2tob358duy48","previousOperationId":"vus1n8vcudcddzt"}
{"type":"log","timestamp":1704831249879,"level":"debug","message":"Rendering engine handlebars","meta":{"rootId":"na54s6xb56gbjeg","id":"9q2ucy4a763mi7r"},"id":"rg19rlv4ho2emuo","previousOperationId":"h4s2tob358duy48"}
{"type":"operationEnd","operationId":"h4s2tob358duy48","timestamp":1704831249906,"id":"1yh9q3ucj9c0uhc","previousEventId":"h6u5pefqwrg8lgv","previousOperationId":"h4s2tob358duy48"}
{"type":"operationStart","subtype":"recipe","name":"chrome-pdf","timestamp":1704831249906,"id":"p4anspzdgeb8ruq","previousEventId":"1yh9q3ucj9c0uhc","operationId":"8mns3vnbbg0sy4q","previousOperationId":"h4s2tob358duy48"}
{"type":"log","timestamp":1704831249906,"level":"debug","message":"Executing recipe chrome-pdf","meta":{"rootId":"na54s6xb56gbjeg","id":"9q2ucy4a763mi7r"},"id":"pj74pyyq24pyexq","previousOperationId":"8mns3vnbbg0sy4q"}
{"type":"log","timestamp":1704831249909,"level":"debug","message":"Converting with chrome HeadlessChrome/117.0.5938.149 using chrome-pool strategy","meta":{"rootId":"na54s6xb56gbjeg","id":"9q2ucy4a763mi7r"},"id":"ytzqtdm909raowb","previousOperationId":"8mns3vnbbg0sy4q"}
{"type":"log","timestamp":1704831250056,"level":"debug","message":"Page request: GET (document) file:///C:/Users/arida/AppData/Local/Temp/jsreport/autocleanup/146f55d8-06a6-40cc-8978-8b7718e2d84d-chrome-pdf.html","meta":{"rootId":"na54s6xb56gbjeg","id":"9q2ucy4a763mi7r"},"id":"e3bq44knb2dh91q","previousOperationId":"8mns3vnbbg0sy4q"}
{"type":"log","timestamp":1704831250067,"level":"debug","message":"Page request: GET (stylesheet) https://cdnjs.cloudflare.com/ajax/libs/metro/4.1.5/css/metro.min.css","meta":{"rootId":"na54s6xb56gbjeg","id":"9q2ucy4a763mi7r"},"id":"peiqvpkq77nkzqb","previousOperationId":"8mns3vnbbg0sy4q"}
{"type":"log","timestamp":1704831250068,"level":"debug","message":"Page request finished: GET (document) 200 file:///C:/Users/arida/AppData/Local/Temp/jsreport/autocleanup/146f55d8-06a6-40cc-8978-8b7718e2d84d-chrome-pdf.html","meta":{"rootId":"na54s6xb56gbjeg","id":"9q2ucy4a763mi7r"},"id":"njgvo58ayfwvfnb","previousOperationId":"8mns3vnbbg0sy4q"}
{"type":"log","timestamp":1704831250090,"level":"debug","message":"Page request finished: GET (stylesheet) 200 https://cdnjs.cloudflare.com/ajax/libs/metro/4.1.5/css/metro.min.css","meta":{"rootId":"na54s6xb56gbjeg","id":"9q2ucy4a763mi7r"},"id":"rtp7sxbxi4tx3vj","previousOperationId":"8mns3vnbbg0sy4q"}
{"type":"log","timestamp":1704831250117,"level":"debug","message":"Running chrome with params {\"printBackground\":true,\"marginTop\":\"1.5cm\",\"marginRight\":\"1.5cm\",\"marginLeft\":\"1.cm\",\"timeout\":57828,\"margin\":{\"top\":\"1.5cm\",\"right\":\"1.5cm\",\"left\":\"1.cm\"}}","meta":{"rootId":"na54s6xb56gbjeg","id":"9q2ucy4a763mi7r"},"id":"ljl4v8py4oiwblj","previousOperationId":"8mns3vnbbg0sy4q"}
{"type":"operationEnd","operationId":"8mns3vnbbg0sy4q","timestamp":1704831250175,"id":"68mnqb06nj91rlv","previousEventId":"p4anspzdgeb8ruq","previousOperationId":"8mns3vnbbg0sy4q"}
{"type":"log","timestamp":1704831250175,"level":"debug","message":"Skipping storing report.","meta":{"rootId":"na54s6xb56gbjeg","id":"9q2ucy4a763mi7r"},"id":"5l6kvdm75d1znae","previousOperationId":"8mns3vnbbg0sy4q"}
{"type":"log","timestamp":1704831250176,"level":"info","message":"Rendering (child) request finished in 2440 ms","meta":{"rootId":"na54s6xb56gbjeg","id":"9q2ucy4a763mi7r"},"id":"5pm4ihrcs1xdzfk","previousOperationId":"8mns3vnbbg0sy4q"}
{"type":"operationEnd","subtype":"render","operationId":"vus1n8vcudcddzt","timestamp":1704831250176,"id":"injvr3d36e67vcf","previousEventId":"68mnqb06nj91rlv","previousOperationId":"8mns3vnbbg0sy4q"}
{"type":"operationEnd","operationId":"9wg2pse7dub37no","timestamp":1704831250192,"id":"l2um4a6tgfv3mmb","previousEventId":"lvmk44vtjpc8xf7","previousOperationId":"9wg2pse7dub37no"}
{"type":"log","timestamp":1704831250192,"level":"debug","message":"pdf-utils postproces start","meta":{"rootId":"na54s6xb56gbjeg","id":"na54s6xb56gbjeg"},"id":"3yl75f8mktizqy3","previousOperationId":"9wg2pse7dub37no"}
{"type":"log","timestamp":1704831250211,"level":"debug","message":"pdf-utils postproces end","meta":{"rootId":"na54s6xb56gbjeg","id":"na54s6xb56gbjeg"},"id":"k17krkpk857otbg","previousOperationId":"9wg2pse7dub37no"}
{"type":"operationEnd","operationId":"tqhflqb3hjskz76","timestamp":1704831250211,"id":"pr3gmurdoiu9n3w","previousEventId":"l2um4a6tgfv3mmb","previousOperationId":"9wg2pse7dub37no"}
{"type":"log","timestamp":1704831250211,"level":"info","message":"pdf-utils pdf processing was finished","meta":{"rootId":"na54s6xb56gbjeg","id":"na54s6xb56gbjeg"},"id":"5tk6c4oi5rur0zt","previousOperationId":"tqhflqb3hjskz76"}
{"type":"log","timestamp":1704831250211,"level":"debug","message":"Skipping storing report.","meta":{"rootId":"na54s6xb56gbjeg","id":"na54s6xb56gbjeg"},"id":"effvu773jo7f0qn","previousOperationId":"tqhflqb3hjskz76"}
{"type":"log","timestamp":1704831250211,"level":"info","message":"Rendering request 19 finished in 2475 ms","meta":{"rootId":"na54s6xb56gbjeg","id":"na54s6xb56gbjeg"},"id":"wt9s2f76qb8b4nn","previousOperationId":"tqhflqb3hjskz76"}
{"type":"operationEnd","subtype":"render","operationId":"og0bw50k8tfb2nr","timestamp":1704831250211,"id":"e6ecve4aq2vko3s","previousEventId":"pr3gmurdoiu9n3w","previousOperationId":"tqhflqb3hjskz76"}
{"type":"operationEnd","doDiffs":false,"previousEventId":"usf9rg8rjebd7w7","previousOperationId":"klkrf0rg8elbz07","operationId":"klkrf0rg8elbz07","timestamp":1704831250222,"id":"9nqnx38dm06z2pe"}
