{"type":"operationStart","subtype":"profile","data":{"_id":"zfORVBxX5qv9no0L","timestamp":"2024-01-14T17:34:44.173Z","state":"queued","mode":"standard","creationDate":"2024-01-14T17:34:44.178Z","modificationDate":"2024-01-14T17:34:44.178Z","shortid":"2dKtyWf","$entitySet":"profiles"},"doDiffs":false,"timestamp":1705253684175,"id":"2dui3v80xsvi6om","previousOperationId":null,"operationId":"fdknen5hxn3r155"}
{"type":"log","level":"info","message":"Render request 1 queued for execution and waiting for available worker","previousOperationId":"fdknen5hxn3r155","timestamp":1705253684176,"id":"3cow81pe21h8i73"}
{"type":"operationStart","subtype":"render","name":"orders-main","previousOperationId":"fdknen5hxn3r155","timestamp":1705253684213,"id":"2apuwhmp2ism08i","previousEventId":"2dui3v80xsvi6om","operationId":"85zn9vbwzmx314u"}
{"type":"log","timestamp":1705253684214,"level":"info","message":"Starting rendering request 1","meta":{"rootId":"nuyzq63jta26rzm","id":"nuyzq63jta26rzm"},"id":"in32u2ijw60399c","previousOperationId":"85zn9vbwzmx314u"}
{"type":"log","timestamp":1705253684215,"level":"info","message":"Rendering template { name: orders-main, recipe: chrome-pdf, engine: handlebars, preview: true }","meta":{"rootId":"nuyzq63jta26rzm","id":"nuyzq63jta26rzm"},"id":"b9z8vor7inyryfj","previousOperationId":"85zn9vbwzmx314u"}
{"type":"log","timestamp":1705253684219,"level":"debug","message":"Data item not defined for this template.","meta":{"rootId":"nuyzq63jta26rzm","id":"nuyzq63jta26rzm"},"id":"bs0mnzgas1u5ow0","previousOperationId":"85zn9vbwzmx314u"}
{"type":"log","timestamp":1705253684224,"level":"debug","message":"Executing script orders-script (beforeRender)","meta":{"rootId":"nuyzq63jta26rzm","id":"nuyzq63jta26rzm"},"id":"gqzrkljg79pfbvf","previousOperationId":"85zn9vbwzmx314u"}
{"type":"operationStart","subtype":"scriptsBeforeRender","name":"scripts beforeRender","timestamp":1705253684571,"id":"hjwbua0f7d3g5eh","previousEventId":"2apuwhmp2ism08i","operationId":"jmpmqbjuxwjndgu","previousOperationId":"85zn9vbwzmx314u"}
{"type":"operationStart","subtype":"script","name":"scripts orders-script","previousOperationId":"jmpmqbjuxwjndgu","timestamp":1705253684571,"id":"jhehzovaprsuap4","previousEventId":"hjwbua0f7d3g5eh","operationId":"g39o0d5aj45twzq"}
{"type":"log","timestamp":1705253684610,"level":"debug","message":"(console:log) orders","meta":{"userLevel":true,"rootId":"nuyzq63jta26rzm","id":"nuyzq63jta26rzm"},"id":"mwkkyykax0w0fx5","previousOperationId":"g39o0d5aj45twzq"}
{"type":"operationEnd","operationId":"g39o0d5aj45twzq","timestamp":1705253684613,"id":"mvzhfcgbyhmog76","previousEventId":"2apuwhmp2ism08i","previousOperationId":"85zn9vbwzmx314u"}
{"type":"operationEnd","operationId":"jmpmqbjuxwjndgu","timestamp":1705253684613,"id":"3eobhfjjagnq6cm","previousEventId":"mvzhfcgbyhmog76","previousOperationId":"85zn9vbwzmx314u"}
{"type":"log","timestamp":1705253684613,"level":"debug","message":"Base url not specified, skipping its injection.","meta":{"rootId":"nuyzq63jta26rzm","id":"nuyzq63jta26rzm"},"id":"1309ca64blrrw02","previousOperationId":"jmpmqbjuxwjndgu"}
{"type":"operationStart","subtype":"engine","name":"handlebars","timestamp":1705253684614,"id":"f2y9a0kd52jr3r3","previousEventId":"3eobhfjjagnq6cm","operationId":"z95uxhx653sb84f","previousOperationId":"jmpmqbjuxwjndgu"}
{"type":"log","timestamp":1705253684614,"level":"debug","message":"Rendering engine handlebars","meta":{"rootId":"nuyzq63jta26rzm","id":"nuyzq63jta26rzm"},"id":"iygug2whe5bi1hi","previousOperationId":"z95uxhx653sb84f"}
{"type":"operationEnd","operationId":"z95uxhx653sb84f","timestamp":1705253685104,"id":"37luv3kr66rgjts","previousEventId":"f2y9a0kd52jr3r3","previousOperationId":"z95uxhx653sb84f"}
{"type":"operationStart","subtype":"recipe","name":"chrome-pdf","timestamp":1705253685105,"id":"dh7god4ghoipdjf","previousEventId":"37luv3kr66rgjts","operationId":"7o3er1xood3zfhs","previousOperationId":"z95uxhx653sb84f"}
{"type":"log","timestamp":1705253685105,"level":"debug","message":"Executing recipe chrome-pdf","meta":{"rootId":"nuyzq63jta26rzm","id":"nuyzq63jta26rzm"},"id":"w13m1srzuenoxpi","previousOperationId":"7o3er1xood3zfhs"}
{"type":"log","timestamp":1705253686016,"level":"debug","message":"Converting with chrome HeadlessChrome/117.0.5938.149 using chrome-pool strategy","meta":{"rootId":"nuyzq63jta26rzm","id":"nuyzq63jta26rzm"},"id":"gqhw1bpio5sc77t","previousOperationId":"7o3er1xood3zfhs"}
{"type":"log","timestamp":1705253686262,"level":"debug","message":"Page request: GET (document) file:///C:/Users/arida/AppData/Local/Temp/jsreport/autocleanup/3f7fefd8-f70a-48a3-ace9-88b0facd6cb0-chrome-pdf.html","meta":{"rootId":"nuyzq63jta26rzm","id":"nuyzq63jta26rzm"},"id":"abbjuysm7pmst7y","previousOperationId":"7o3er1xood3zfhs"}
{"type":"log","timestamp":1705253686289,"level":"debug","message":"Page request: GET (stylesheet) https://cdnjs.cloudflare.com/ajax/libs/metro/4.1.5/css/metro.min.css","meta":{"rootId":"nuyzq63jta26rzm","id":"nuyzq63jta26rzm"},"id":"2s63giwmq4zjyw0","previousOperationId":"7o3er1xood3zfhs"}
{"type":"log","timestamp":1705253686290,"level":"debug","message":"Page request: GET (script) https://cdnjs.cloudflare.com/ajax/libs/Chart.js/2.7.2/Chart.min.js","meta":{"rootId":"nuyzq63jta26rzm","id":"nuyzq63jta26rzm"},"id":"o6cdlf1blo0dm3d","previousOperationId":"7o3er1xood3zfhs"}
{"type":"log","timestamp":1705253686292,"level":"debug","message":"Page request finished: GET (document) 200 file:///C:/Users/arida/AppData/Local/Temp/jsreport/autocleanup/3f7fefd8-f70a-48a3-ace9-88b0facd6cb0-chrome-pdf.html","meta":{"rootId":"nuyzq63jta26rzm","id":"nuyzq63jta26rzm"},"id":"6v9smz0qx3vvxc2","previousOperationId":"7o3er1xood3zfhs"}
{"type":"log","timestamp":1705253686572,"level":"debug","message":"Page request finished: GET (stylesheet) 200 https://cdnjs.cloudflare.com/ajax/libs/metro/4.1.5/css/metro.min.css","meta":{"rootId":"nuyzq63jta26rzm","id":"nuyzq63jta26rzm"},"id":"gko8vfz94cyrfux","previousOperationId":"7o3er1xood3zfhs"}
{"type":"log","timestamp":1705253686602,"level":"debug","message":"Page request finished: GET (script) 200 https://cdnjs.cloudflare.com/ajax/libs/Chart.js/2.7.2/Chart.min.js","meta":{"rootId":"nuyzq63jta26rzm","id":"nuyzq63jta26rzm"},"id":"qwcefell9grk5kx","previousOperationId":"7o3er1xood3zfhs"}
{"type":"log","timestamp":1705253686620,"level":"debug","message":"Running chrome with params {\"printBackground\":true,\"marginTop\":\"4cm\",\"marginRight\":\"1.5cm\",\"marginBottom\":\"1.5cm\",\"marginLeft\":\"1.5cm\",\"waitForJS\":false,\"timeout\":58451,\"margin\":{\"top\":\"4cm\",\"right\":\"1.5cm\",\"bottom\":\"1.5cm\",\"left\":\"1.5cm\"}}","meta":{"rootId":"nuyzq63jta26rzm","id":"nuyzq63jta26rzm"},"id":"5fddzobg4oh8h73","previousOperationId":"7o3er1xood3zfhs"}
{"type":"operationEnd","operationId":"7o3er1xood3zfhs","timestamp":1705253686646,"id":"vdzpmfwz3l4yjhe","previousEventId":"dh7god4ghoipdjf","previousOperationId":"7o3er1xood3zfhs"}
{"type":"log","timestamp":1705253686646,"level":"info","message":"pdf-utils is starting pdf processing","meta":{"rootId":"nuyzq63jta26rzm","id":"nuyzq63jta26rzm"},"id":"t00ig688w4sp8x1","previousOperationId":"7o3er1xood3zfhs"}
{"type":"operationStart","subtype":"pdfUtils","name":"pdf utils","timestamp":1705253686891,"id":"5d99u6xpohvoqmj","previousEventId":"vdzpmfwz3l4yjhe","operationId":"04b1aui11n6jijy","previousOperationId":"7o3er1xood3zfhs"}
{"type":"log","timestamp":1705253686891,"level":"debug","message":"pdf-utils detected 1 pdf operation(s) to process","meta":{"rootId":"nuyzq63jta26rzm","id":"nuyzq63jta26rzm"},"id":"s1iqco6umuejwpr","previousOperationId":"04b1aui11n6jijy"}
{"type":"log","timestamp":1705253687080,"level":"debug","message":"pdf-utils running pdf operation merge","meta":{"rootId":"nuyzq63jta26rzm","id":"nuyzq63jta26rzm"},"id":"762ra9ccpab9fqk","previousOperationId":"04b1aui11n6jijy"}
{"type":"operationStart","subtype":"pdfUtilsMerge","name":"pdf utils merge","previousOperationId":"04b1aui11n6jijy","timestamp":1705253687080,"id":"jhj4u5bdjl7nv05","previousEventId":"5d99u6xpohvoqmj","operationId":"0p9b4qgosfq29f1"}
{"type":"operationStart","subtype":"render","name":"orders-header","previousOperationId":"0p9b4qgosfq29f1","timestamp":1705253687082,"id":"7igozfqvcmaepz6","previousEventId":"jhj4u5bdjl7nv05","operationId":"zy58xlhn79lupjf"}
{"type":"log","timestamp":1705253687082,"level":"info","message":"Starting rendering (child) request","meta":{"rootId":"nuyzq63jta26rzm","id":"nnte4p372mivpu2"},"id":"ae7f260yq1y4rj1","previousOperationId":"zy58xlhn79lupjf"}
{"type":"log","timestamp":1705253687082,"level":"info","message":"Rendering template { name: orders-header, recipe: chrome-pdf, engine: handlebars, preview: true }","meta":{"rootId":"nuyzq63jta26rzm","id":"nnte4p372mivpu2"},"id":"pmizbpifx69kncl","previousOperationId":"zy58xlhn79lupjf"}
{"type":"log","timestamp":1705253687097,"level":"debug","message":"Inline data specified.","meta":{"rootId":"nuyzq63jta26rzm","id":"nnte4p372mivpu2"},"id":"tcnfgtefmhtl72t","previousOperationId":"zy58xlhn79lupjf"}
{"type":"log","timestamp":1705253687103,"level":"debug","message":"Base url not specified, skipping its injection.","meta":{"rootId":"nuyzq63jta26rzm","id":"nnte4p372mivpu2"},"id":"l3ab6ihlxjw2apu","previousOperationId":"zy58xlhn79lupjf"}
{"type":"operationStart","subtype":"engine","name":"handlebars","timestamp":1705253687103,"id":"tx677k6qvbxt54y","previousEventId":"7igozfqvcmaepz6","operationId":"gyu60ofutxnjep3","previousOperationId":"zy58xlhn79lupjf"}
{"type":"log","timestamp":1705253687103,"level":"debug","message":"Rendering engine handlebars","meta":{"rootId":"nuyzq63jta26rzm","id":"nnte4p372mivpu2"},"id":"5rhnilx3fubsi6x","previousOperationId":"gyu60ofutxnjep3"}
{"type":"operationEnd","operationId":"gyu60ofutxnjep3","timestamp":1705253687197,"id":"4vio66bdlxjg65b","previousEventId":"tx677k6qvbxt54y","previousOperationId":"gyu60ofutxnjep3"}
{"type":"operationStart","subtype":"recipe","name":"chrome-pdf","timestamp":1705253687197,"id":"md5wgaaspqhd62r","previousEventId":"4vio66bdlxjg65b","operationId":"lrvpsb06k3bwkgo","previousOperationId":"gyu60ofutxnjep3"}
{"type":"log","timestamp":1705253687197,"level":"debug","message":"Executing recipe chrome-pdf","meta":{"rootId":"nuyzq63jta26rzm","id":"nnte4p372mivpu2"},"id":"mk4c5ubilgi4n63","previousOperationId":"lrvpsb06k3bwkgo"}
{"type":"log","timestamp":1705253687202,"level":"debug","message":"Converting with chrome HeadlessChrome/117.0.5938.149 using chrome-pool strategy","meta":{"rootId":"nuyzq63jta26rzm","id":"nnte4p372mivpu2"},"id":"nfcb97x6d4vnqt6","previousOperationId":"lrvpsb06k3bwkgo"}
{"type":"log","timestamp":1705253687359,"level":"debug","message":"Page request: GET (document) file:///C:/Users/arida/AppData/Local/Temp/jsreport/autocleanup/c45e6979-4bf5-4055-b2bd-395e1ffcde78-chrome-pdf.html","meta":{"rootId":"nuyzq63jta26rzm","id":"nnte4p372mivpu2"},"id":"h3r00fvfte0d1sw","previousOperationId":"lrvpsb06k3bwkgo"}
{"type":"log","timestamp":1705253687373,"level":"debug","message":"Page request: GET (stylesheet) https://cdnjs.cloudflare.com/ajax/libs/metro/4.1.5/css/metro.min.css","meta":{"rootId":"nuyzq63jta26rzm","id":"nnte4p372mivpu2"},"id":"9r2n75zulr46ocu","previousOperationId":"lrvpsb06k3bwkgo"}
{"type":"log","timestamp":1705253687374,"level":"debug","message":"Page request finished: GET (document) 200 file:///C:/Users/arida/AppData/Local/Temp/jsreport/autocleanup/c45e6979-4bf5-4055-b2bd-395e1ffcde78-chrome-pdf.html","meta":{"rootId":"nuyzq63jta26rzm","id":"nnte4p372mivpu2"},"id":"5ci6r0dyliu291l","previousOperationId":"lrvpsb06k3bwkgo"}
{"type":"log","timestamp":1705253687394,"level":"debug","message":"Page request finished: GET (stylesheet) 200 https://cdnjs.cloudflare.com/ajax/libs/metro/4.1.5/css/metro.min.css","meta":{"rootId":"nuyzq63jta26rzm","id":"nnte4p372mivpu2"},"id":"1qar9w8gmiwmds4","previousOperationId":"lrvpsb06k3bwkgo"}
{"type":"log","timestamp":1705253687415,"level":"debug","message":"Running chrome with params {\"printBackground\":true,\"marginTop\":\"1.5cm\",\"marginRight\":\"1.5cm\",\"marginLeft\":\"1.cm\",\"timeout\":56973,\"margin\":{\"top\":\"1.5cm\",\"right\":\"1.5cm\",\"left\":\"1.cm\"}}","meta":{"rootId":"nuyzq63jta26rzm","id":"nnte4p372mivpu2"},"id":"9yujlac35nkenpt","previousOperationId":"lrvpsb06k3bwkgo"}
{"type":"operationEnd","operationId":"lrvpsb06k3bwkgo","timestamp":1705253687455,"id":"ctofg2r2qi5jwd1","previousEventId":"md5wgaaspqhd62r","previousOperationId":"lrvpsb06k3bwkgo"}
{"type":"log","timestamp":1705253687456,"level":"debug","message":"Skipping storing report.","meta":{"rootId":"nuyzq63jta26rzm","id":"nnte4p372mivpu2"},"id":"6yd81lr94dy1cv1","previousOperationId":"lrvpsb06k3bwkgo"}
{"type":"log","timestamp":1705253687456,"level":"info","message":"Rendering (child) request finished in 3283 ms","meta":{"rootId":"nuyzq63jta26rzm","id":"nnte4p372mivpu2"},"id":"r4iuy7wh646y3nh","previousOperationId":"lrvpsb06k3bwkgo"}
{"type":"operationEnd","subtype":"render","operationId":"zy58xlhn79lupjf","timestamp":1705253687456,"id":"b1koc4d2dddpvio","previousEventId":"ctofg2r2qi5jwd1","previousOperationId":"lrvpsb06k3bwkgo"}
{"type":"operationEnd","operationId":"0p9b4qgosfq29f1","timestamp":1705253687482,"id":"am5omf9so6buxku","previousEventId":"jhj4u5bdjl7nv05","previousOperationId":"0p9b4qgosfq29f1"}
{"type":"log","timestamp":1705253687482,"level":"debug","message":"pdf-utils postproces start","meta":{"rootId":"nuyzq63jta26rzm","id":"nuyzq63jta26rzm"},"id":"od1wnz5d6vnteem","previousOperationId":"0p9b4qgosfq29f1"}
{"type":"log","timestamp":1705253687494,"level":"debug","message":"pdf-utils postproces end","meta":{"rootId":"nuyzq63jta26rzm","id":"nuyzq63jta26rzm"},"id":"574rc7f52g569b8","previousOperationId":"0p9b4qgosfq29f1"}
{"type":"operationEnd","operationId":"04b1aui11n6jijy","timestamp":1705253687494,"id":"fbr6m6b8ymagzq3","previousEventId":"am5omf9so6buxku","previousOperationId":"0p9b4qgosfq29f1"}
{"type":"log","timestamp":1705253687494,"level":"info","message":"pdf-utils pdf processing was finished","meta":{"rootId":"nuyzq63jta26rzm","id":"nuyzq63jta26rzm"},"id":"dun42r2s4j7ysbh","previousOperationId":"04b1aui11n6jijy"}
{"type":"log","timestamp":1705253687494,"level":"debug","message":"Skipping storing report.","meta":{"rootId":"nuyzq63jta26rzm","id":"nuyzq63jta26rzm"},"id":"ghc10a8rtny4z3c","previousOperationId":"04b1aui11n6jijy"}
{"type":"log","timestamp":1705253687494,"level":"info","message":"Rendering request 1 finished in 3321 ms","meta":{"rootId":"nuyzq63jta26rzm","id":"nuyzq63jta26rzm"},"id":"a37n0pc45gdnrc4","previousOperationId":"04b1aui11n6jijy"}
{"type":"operationEnd","subtype":"render","operationId":"85zn9vbwzmx314u","timestamp":1705253687494,"id":"lps5vqcxcy0z36e","previousEventId":"fbr6m6b8ymagzq3","previousOperationId":"04b1aui11n6jijy"}
{"type":"operationEnd","doDiffs":false,"previousEventId":"2dui3v80xsvi6om","previousOperationId":"fdknen5hxn3r155","operationId":"fdknen5hxn3r155","timestamp":1705253687505,"id":"mql5kq6u6tyzedq"}
