{"type":"operationStart","subtype":"profile","data":{"_id":"lOMbq1ZpjE9y6QCX","timestamp":"2024-01-14T19:37:28.882Z","state":"queued","mode":"standard","creationDate":"2024-01-14T19:37:28.887Z","modificationDate":"2024-01-14T19:37:28.887Z","shortid":"IJaT7WR","$entitySet":"profiles"},"doDiffs":false,"timestamp":1705261048884,"id":"3n3dw5pngrrmibc","previousOperationId":null,"operationId":"5hrkl4821sz7li9"}
{"type":"log","level":"info","message":"Render request 1 queued for execution and waiting for available worker","previousOperationId":"5hrkl4821sz7li9","timestamp":1705261048885,"id":"5cw8ilmtt26fkpt"}
{"type":"operationStart","subtype":"render","name":"orders-main","previousOperationId":"5hrkl4821sz7li9","timestamp":1705261048923,"id":"z1foowv7mcp17y0","previousEventId":"3n3dw5pngrrmibc","operationId":"8d502vvclm0e89f"}
{"type":"log","timestamp":1705261048924,"level":"info","message":"Starting rendering request 1","meta":{"rootId":"pl3kqkrzhvnsoqf","id":"pl3kqkrzhvnsoqf"},"id":"39lx696m78ajqzw","previousOperationId":"8d502vvclm0e89f"}
{"type":"log","timestamp":1705261048925,"level":"info","message":"Rendering template { name: orders-main, recipe: chrome-pdf, engine: handlebars, preview: true }","meta":{"rootId":"pl3kqkrzhvnsoqf","id":"pl3kqkrzhvnsoqf"},"id":"whbk11v1r3arvbn","previousOperationId":"8d502vvclm0e89f"}
{"type":"log","timestamp":1705261048929,"level":"debug","message":"Data item not defined for this template.","meta":{"rootId":"pl3kqkrzhvnsoqf","id":"pl3kqkrzhvnsoqf"},"id":"lymz5ocd87rlq4x","previousOperationId":"8d502vvclm0e89f"}
{"type":"log","timestamp":1705261048936,"level":"debug","message":"Executing script orders-script (beforeRender)","meta":{"rootId":"pl3kqkrzhvnsoqf","id":"pl3kqkrzhvnsoqf"},"id":"2tqzpcey2ygyq05","previousOperationId":"8d502vvclm0e89f"}
{"type":"operationStart","subtype":"scriptsBeforeRender","name":"scripts beforeRender","timestamp":1705261049230,"id":"qfaa2je760779hv","previousEventId":"z1foowv7mcp17y0","operationId":"3tcihn0dycf9823","previousOperationId":"8d502vvclm0e89f"}
{"type":"operationStart","subtype":"script","name":"scripts orders-script","previousOperationId":"3tcihn0dycf9823","timestamp":1705261049230,"id":"3k6dx3glewofs7s","previousEventId":"qfaa2je760779hv","operationId":"tdzzk0kcxwl0it8"}
{"type":"operationEnd","operationId":"tdzzk0kcxwl0it8","timestamp":1705261049261,"id":"4e3g2z0kgow1gs7","previousEventId":"z1foowv7mcp17y0","previousOperationId":"8d502vvclm0e89f"}
{"type":"operationEnd","operationId":"3tcihn0dycf9823","timestamp":1705261049261,"id":"mkndmh1lu56x8py","previousEventId":"4e3g2z0kgow1gs7","previousOperationId":"8d502vvclm0e89f"}
{"type":"log","timestamp":1705261049261,"level":"debug","message":"Base url not specified, skipping its injection.","meta":{"rootId":"pl3kqkrzhvnsoqf","id":"pl3kqkrzhvnsoqf"},"id":"xjk330udvi1nqp1","previousOperationId":"3tcihn0dycf9823"}
{"type":"operationStart","subtype":"engine","name":"handlebars","timestamp":1705261049261,"id":"w6ho4lrl50apap7","previousEventId":"mkndmh1lu56x8py","operationId":"w8zp5m5umybfxyb","previousOperationId":"3tcihn0dycf9823"}
{"type":"log","timestamp":1705261049261,"level":"debug","message":"Rendering engine handlebars","meta":{"rootId":"pl3kqkrzhvnsoqf","id":"pl3kqkrzhvnsoqf"},"id":"t73xakl4627jwvu","previousOperationId":"w8zp5m5umybfxyb"}
{"type":"operationEnd","operationId":"w8zp5m5umybfxyb","timestamp":1705261049605,"id":"04nneggut395tjb","previousEventId":"w6ho4lrl50apap7","previousOperationId":"w8zp5m5umybfxyb"}
{"type":"operationStart","subtype":"recipe","name":"chrome-pdf","timestamp":1705261049606,"id":"oqeycoediblo34g","previousEventId":"04nneggut395tjb","operationId":"e48in38rylbq12w","previousOperationId":"w8zp5m5umybfxyb"}
{"type":"log","timestamp":1705261049606,"level":"debug","message":"Executing recipe chrome-pdf","meta":{"rootId":"pl3kqkrzhvnsoqf","id":"pl3kqkrzhvnsoqf"},"id":"181yvbk47ctq5mh","previousOperationId":"e48in38rylbq12w"}
{"type":"log","timestamp":1705261050328,"level":"debug","message":"Converting with chrome HeadlessChrome/117.0.5938.149 using chrome-pool strategy","meta":{"rootId":"pl3kqkrzhvnsoqf","id":"pl3kqkrzhvnsoqf"},"id":"59bbg0w0498nain","previousOperationId":"e48in38rylbq12w"}
{"type":"log","timestamp":1705261050572,"level":"debug","message":"Page request: GET (document) file:///C:/Users/arida/AppData/Local/Temp/jsreport/autocleanup/e2109fe6-f03f-47b0-bbc7-18bf6542278c-chrome-pdf.html","meta":{"rootId":"pl3kqkrzhvnsoqf","id":"pl3kqkrzhvnsoqf"},"id":"j03lmx47qkyjl88","previousOperationId":"e48in38rylbq12w"}
{"type":"log","timestamp":1705261050584,"level":"debug","message":"Page request: GET (stylesheet) https://cdnjs.cloudflare.com/ajax/libs/metro/4.1.5/css/metro.min.css","meta":{"rootId":"pl3kqkrzhvnsoqf","id":"pl3kqkrzhvnsoqf"},"id":"nvhx3zq7pkwzo32","previousOperationId":"e48in38rylbq12w"}
{"type":"log","timestamp":1705261050585,"level":"debug","message":"Page request: GET (script) https://cdnjs.cloudflare.com/ajax/libs/Chart.js/2.7.2/Chart.min.js","meta":{"rootId":"pl3kqkrzhvnsoqf","id":"pl3kqkrzhvnsoqf"},"id":"qha0o95ikcxzhtu","previousOperationId":"e48in38rylbq12w"}
{"type":"log","timestamp":1705261050586,"level":"debug","message":"Page request finished: GET (document) 200 file:///C:/Users/arida/AppData/Local/Temp/jsreport/autocleanup/e2109fe6-f03f-47b0-bbc7-18bf6542278c-chrome-pdf.html","meta":{"rootId":"pl3kqkrzhvnsoqf","id":"pl3kqkrzhvnsoqf"},"id":"n342rwamyybetoi","previousOperationId":"e48in38rylbq12w"}
{"type":"log","timestamp":1705261050811,"level":"debug","message":"Page request finished: GET (stylesheet) 200 https://cdnjs.cloudflare.com/ajax/libs/metro/4.1.5/css/metro.min.css","meta":{"rootId":"pl3kqkrzhvnsoqf","id":"pl3kqkrzhvnsoqf"},"id":"f24vsog2djvm06n","previousOperationId":"e48in38rylbq12w"}
{"type":"log","timestamp":1705261050831,"level":"debug","message":"Page request finished: GET (script) 200 https://cdnjs.cloudflare.com/ajax/libs/Chart.js/2.7.2/Chart.min.js","meta":{"rootId":"pl3kqkrzhvnsoqf","id":"pl3kqkrzhvnsoqf"},"id":"tonkt5inl840w5x","previousOperationId":"e48in38rylbq12w"}
{"type":"log","timestamp":1705261050847,"level":"debug","message":"Running chrome with params {\"printBackground\":true,\"marginTop\":\"4cm\",\"marginRight\":\"1.5cm\",\"marginBottom\":\"1.5cm\",\"marginLeft\":\"1.5cm\",\"waitForJS\":false,\"timeout\":58773,\"margin\":{\"top\":\"4cm\",\"right\":\"1.5cm\",\"bottom\":\"1.5cm\",\"left\":\"1.5cm\"}}","meta":{"rootId":"pl3kqkrzhvnsoqf","id":"pl3kqkrzhvnsoqf"},"id":"zayaugubsd72f6d","previousOperationId":"e48in38rylbq12w"}
{"type":"operationEnd","operationId":"e48in38rylbq12w","timestamp":1705261050876,"id":"o836dv9vtxutrc8","previousEventId":"oqeycoediblo34g","previousOperationId":"e48in38rylbq12w"}
{"type":"log","timestamp":1705261050877,"level":"info","message":"pdf-utils is starting pdf processing","meta":{"rootId":"pl3kqkrzhvnsoqf","id":"pl3kqkrzhvnsoqf"},"id":"vmfz0v1ppypevyg","previousOperationId":"e48in38rylbq12w"}
{"type":"operationStart","subtype":"pdfUtils","name":"pdf utils","timestamp":1705261051143,"id":"pjgyehsm18om7zo","previousEventId":"o836dv9vtxutrc8","operationId":"1jr6hk0ubudb689","previousOperationId":"e48in38rylbq12w"}
{"type":"log","timestamp":1705261051143,"level":"debug","message":"pdf-utils detected 1 pdf operation(s) to process","meta":{"rootId":"pl3kqkrzhvnsoqf","id":"pl3kqkrzhvnsoqf"},"id":"gshof77kihwhpf2","previousOperationId":"1jr6hk0ubudb689"}
{"type":"log","timestamp":1705261051344,"level":"debug","message":"pdf-utils running pdf operation merge","meta":{"rootId":"pl3kqkrzhvnsoqf","id":"pl3kqkrzhvnsoqf"},"id":"t9q5z2r0vf014ym","previousOperationId":"1jr6hk0ubudb689"}
{"type":"operationStart","subtype":"pdfUtilsMerge","name":"pdf utils merge","previousOperationId":"1jr6hk0ubudb689","timestamp":1705261051344,"id":"5h3deear33n30tj","previousEventId":"pjgyehsm18om7zo","operationId":"9qrk0cx7foqeunk"}
{"type":"operationStart","subtype":"render","name":"orders-header","previousOperationId":"9qrk0cx7foqeunk","timestamp":1705261051346,"id":"lsvfl71ck48x094","previousEventId":"5h3deear33n30tj","operationId":"bf16wcpaodbnsyd"}
{"type":"log","timestamp":1705261051346,"level":"info","message":"Starting rendering (child) request","meta":{"rootId":"pl3kqkrzhvnsoqf","id":"ee8apbimwf47ff7"},"id":"m4iidmw28edcjcd","previousOperationId":"bf16wcpaodbnsyd"}
{"type":"log","timestamp":1705261051346,"level":"info","message":"Rendering template { name: orders-header, recipe: chrome-pdf, engine: handlebars, preview: true }","meta":{"rootId":"pl3kqkrzhvnsoqf","id":"ee8apbimwf47ff7"},"id":"74h4duwxvfy1nwu","previousOperationId":"bf16wcpaodbnsyd"}
{"type":"log","timestamp":1705261051354,"level":"debug","message":"Inline data specified.","meta":{"rootId":"pl3kqkrzhvnsoqf","id":"ee8apbimwf47ff7"},"id":"0swh68autkig6je","previousOperationId":"bf16wcpaodbnsyd"}
{"type":"log","timestamp":1705261051375,"level":"debug","message":"Base url not specified, skipping its injection.","meta":{"rootId":"pl3kqkrzhvnsoqf","id":"ee8apbimwf47ff7"},"id":"fbn6pqte0grfvhh","previousOperationId":"bf16wcpaodbnsyd"}
{"type":"operationStart","subtype":"engine","name":"handlebars","timestamp":1705261051376,"id":"jytj2nsylb25kwu","previousEventId":"lsvfl71ck48x094","operationId":"o9efmhdj6jd4k6z","previousOperationId":"bf16wcpaodbnsyd"}
{"type":"log","timestamp":1705261051376,"level":"debug","message":"Rendering engine handlebars","meta":{"rootId":"pl3kqkrzhvnsoqf","id":"ee8apbimwf47ff7"},"id":"hlayjsg5nmz7ors","previousOperationId":"o9efmhdj6jd4k6z"}
{"type":"operationEnd","operationId":"o9efmhdj6jd4k6z","timestamp":1705261051432,"id":"j733pgw0nl5q96i","previousEventId":"jytj2nsylb25kwu","previousOperationId":"o9efmhdj6jd4k6z"}
{"type":"operationStart","subtype":"recipe","name":"chrome-pdf","timestamp":1705261051432,"id":"zg6ch0p9kttgvh7","previousEventId":"j733pgw0nl5q96i","operationId":"mj1tiemn0tmacdx","previousOperationId":"o9efmhdj6jd4k6z"}
{"type":"log","timestamp":1705261051432,"level":"debug","message":"Executing recipe chrome-pdf","meta":{"rootId":"pl3kqkrzhvnsoqf","id":"ee8apbimwf47ff7"},"id":"72gpzkzsf911vgc","previousOperationId":"mj1tiemn0tmacdx"}
{"type":"log","timestamp":1705261051436,"level":"debug","message":"Converting with chrome HeadlessChrome/117.0.5938.149 using chrome-pool strategy","meta":{"rootId":"pl3kqkrzhvnsoqf","id":"ee8apbimwf47ff7"},"id":"yok953mk8eyyuhg","previousOperationId":"mj1tiemn0tmacdx"}
{"type":"log","timestamp":1705261051558,"level":"debug","message":"Page request: GET (document) file:///C:/Users/arida/AppData/Local/Temp/jsreport/autocleanup/f6b55916-1119-412d-aa6b-ceaf01208ff0-chrome-pdf.html","meta":{"rootId":"pl3kqkrzhvnsoqf","id":"ee8apbimwf47ff7"},"id":"mm8visd54nvj9c5","previousOperationId":"mj1tiemn0tmacdx"}
{"type":"log","timestamp":1705261051570,"level":"debug","message":"Page request: GET (stylesheet) https://cdnjs.cloudflare.com/ajax/libs/metro/4.1.5/css/metro.min.css","meta":{"rootId":"pl3kqkrzhvnsoqf","id":"ee8apbimwf47ff7"},"id":"svltmunig3p32vq","previousOperationId":"mj1tiemn0tmacdx"}
{"type":"log","timestamp":1705261051570,"level":"debug","message":"Page request finished: GET (document) 200 file:///C:/Users/arida/AppData/Local/Temp/jsreport/autocleanup/f6b55916-1119-412d-aa6b-ceaf01208ff0-chrome-pdf.html","meta":{"rootId":"pl3kqkrzhvnsoqf","id":"ee8apbimwf47ff7"},"id":"sa0o0atqdfuoyyj","previousOperationId":"mj1tiemn0tmacdx"}
{"type":"log","timestamp":1705261051589,"level":"debug","message":"Page request finished: GET (stylesheet) 200 https://cdnjs.cloudflare.com/ajax/libs/metro/4.1.5/css/metro.min.css","meta":{"rootId":"pl3kqkrzhvnsoqf","id":"ee8apbimwf47ff7"},"id":"nin8oat5ab8hl4y","previousOperationId":"mj1tiemn0tmacdx"}
{"type":"log","timestamp":1705261051607,"level":"debug","message":"Running chrome with params {\"printBackground\":true,\"marginTop\":\"1.5cm\",\"marginRight\":\"1.5cm\",\"marginLeft\":\"1.cm\",\"timeout\":57447,\"margin\":{\"top\":\"1.5cm\",\"right\":\"1.5cm\",\"left\":\"1.cm\"}}","meta":{"rootId":"pl3kqkrzhvnsoqf","id":"ee8apbimwf47ff7"},"id":"09oescig1oitfxk","previousOperationId":"mj1tiemn0tmacdx"}
{"type":"operationEnd","operationId":"mj1tiemn0tmacdx","timestamp":1705261051637,"id":"xqwe3fn2xguq6t5","previousEventId":"zg6ch0p9kttgvh7","previousOperationId":"mj1tiemn0tmacdx"}
{"type":"log","timestamp":1705261051638,"level":"debug","message":"Skipping storing report.","meta":{"rootId":"pl3kqkrzhvnsoqf","id":"ee8apbimwf47ff7"},"id":"3w50zh6gmte6856","previousOperationId":"mj1tiemn0tmacdx"}
{"type":"log","timestamp":1705261051638,"level":"info","message":"Rendering (child) request finished in 2756 ms","meta":{"rootId":"pl3kqkrzhvnsoqf","id":"ee8apbimwf47ff7"},"id":"ymrqq1a8x191hxs","previousOperationId":"mj1tiemn0tmacdx"}
{"type":"operationEnd","subtype":"render","operationId":"bf16wcpaodbnsyd","timestamp":1705261051638,"id":"oh598uy4kmodwxo","previousEventId":"xqwe3fn2xguq6t5","previousOperationId":"mj1tiemn0tmacdx"}
{"type":"operationEnd","operationId":"9qrk0cx7foqeunk","timestamp":1705261051655,"id":"3rt51ssqd3wdyid","previousEventId":"5h3deear33n30tj","previousOperationId":"9qrk0cx7foqeunk"}
{"type":"log","timestamp":1705261051655,"level":"debug","message":"pdf-utils postproces start","meta":{"rootId":"pl3kqkrzhvnsoqf","id":"pl3kqkrzhvnsoqf"},"id":"kyorqs2rh9ld2ng","previousOperationId":"9qrk0cx7foqeunk"}
{"type":"log","timestamp":1705261051662,"level":"debug","message":"pdf-utils postproces end","meta":{"rootId":"pl3kqkrzhvnsoqf","id":"pl3kqkrzhvnsoqf"},"id":"4iln6s0uxq190qr","previousOperationId":"9qrk0cx7foqeunk"}
{"type":"operationEnd","operationId":"1jr6hk0ubudb689","timestamp":1705261051662,"id":"7eluo656bgxhvbg","previousEventId":"3rt51ssqd3wdyid","previousOperationId":"9qrk0cx7foqeunk"}
{"type":"log","timestamp":1705261051663,"level":"info","message":"pdf-utils pdf processing was finished","meta":{"rootId":"pl3kqkrzhvnsoqf","id":"pl3kqkrzhvnsoqf"},"id":"ri9vi4w51md8okz","previousOperationId":"1jr6hk0ubudb689"}
{"type":"log","timestamp":1705261051663,"level":"debug","message":"Skipping storing report.","meta":{"rootId":"pl3kqkrzhvnsoqf","id":"pl3kqkrzhvnsoqf"},"id":"07h08nmuo0edl27","previousOperationId":"1jr6hk0ubudb689"}
{"type":"log","timestamp":1705261051663,"level":"info","message":"Rendering request 1 finished in 2781 ms","meta":{"rootId":"pl3kqkrzhvnsoqf","id":"pl3kqkrzhvnsoqf"},"id":"5z9vxcgahxhsvpi","previousOperationId":"1jr6hk0ubudb689"}
{"type":"operationEnd","subtype":"render","operationId":"8d502vvclm0e89f","timestamp":1705261051663,"id":"dw36v93n4x7q0hh","previousEventId":"7eluo656bgxhvbg","previousOperationId":"1jr6hk0ubudb689"}
{"type":"operationEnd","doDiffs":false,"previousEventId":"3n3dw5pngrrmibc","previousOperationId":"5hrkl4821sz7li9","operationId":"5hrkl4821sz7li9","timestamp":1705261051680,"id":"97bd5sbwjsm1fh5"}
