{"type":"operationStart","subtype":"profile","data":{"_id":"Y6n3e2y9uYfNg4Cm","timestamp":"2024-01-09T20:12:06.736Z","state":"queued","mode":"standard","creationDate":"2024-01-09T20:12:06.738Z","modificationDate":"2024-01-09T20:12:06.738Z","shortid":"KRCeRT9","$entitySet":"profiles"},"doDiffs":false,"timestamp":1704831126737,"id":"iijw6yz9guk34xa","previousOperationId":null,"operationId":"eoopv6kl7pvwbvk"}
{"type":"log","level":"info","message":"Render request 13 queued for execution and waiting for available worker","previousOperationId":"eoopv6kl7pvwbvk","timestamp":1704831126737,"id":"407fkscxqaphxm0"}
{"type":"operationStart","subtype":"render","name":"orders-main","previousOperationId":"eoopv6kl7pvwbvk","timestamp":1704831126750,"id":"jaf2kamkq0akjiq","previousEventId":"iijw6yz9guk34xa","operationId":"8tlcm38dbghezdk"}
{"type":"log","timestamp":1704831126750,"level":"info","message":"Starting rendering request 13","meta":{"rootId":"py7dixcv4lyssm4","id":"py7dixcv4lyssm4"},"id":"hyhnu103r10wh76","previousOperationId":"8tlcm38dbghezdk"}
{"type":"log","timestamp":1704831126751,"level":"info","message":"Rendering template { name: orders-main, recipe: chrome-pdf, engine: handlebars, preview: true }","meta":{"rootId":"py7dixcv4lyssm4","id":"py7dixcv4lyssm4"},"id":"ggv4pfh8z74a9ac","previousOperationId":"8tlcm38dbghezdk"}
{"type":"log","timestamp":1704831126752,"level":"debug","message":"Data item not defined for this template.","meta":{"rootId":"py7dixcv4lyssm4","id":"py7dixcv4lyssm4"},"id":"hac2egjwdza4njy","previousOperationId":"8tlcm38dbghezdk"}
{"type":"log","timestamp":1704831126755,"level":"debug","message":"Executing script orders-script (beforeRender)","meta":{"rootId":"py7dixcv4lyssm4","id":"py7dixcv4lyssm4"},"id":"k5pfzplk3pyc9n9","previousOperationId":"8tlcm38dbghezdk"}
{"type":"operationStart","subtype":"scriptsBeforeRender","name":"scripts beforeRender","timestamp":1704831126768,"id":"kqgfjcf6qk2f9x4","previousEventId":"jaf2kamkq0akjiq","operationId":"sxy71m7s28s4qof","previousOperationId":"8tlcm38dbghezdk"}
{"type":"operationStart","subtype":"script","name":"scripts orders-script","previousOperationId":"sxy71m7s28s4qof","timestamp":1704831126768,"id":"okokgugfv0d7dta","previousEventId":"kqgfjcf6qk2f9x4","operationId":"i7dv0wrg35frn18"}
{"type":"log","timestamp":1704831126769,"level":"debug","message":"(console:log) undefined","meta":{"userLevel":true,"rootId":"py7dixcv4lyssm4","id":"py7dixcv4lyssm4"},"id":"1nsz5hbyvfnr1ji","previousOperationId":"i7dv0wrg35frn18"}
{"type":"operationEnd","operationId":"i7dv0wrg35frn18","timestamp":1704831128131,"id":"ktypwtpe44bbbli","previousEventId":"jaf2kamkq0akjiq","previousOperationId":"8tlcm38dbghezdk"}
{"type":"operationEnd","operationId":"sxy71m7s28s4qof","timestamp":1704831128131,"id":"ngvpbdp5c07uw8y","previousEventId":"ktypwtpe44bbbli","previousOperationId":"8tlcm38dbghezdk"}
{"type":"log","timestamp":1704831128131,"level":"debug","message":"Base url not specified, skipping its injection.","meta":{"rootId":"py7dixcv4lyssm4","id":"py7dixcv4lyssm4"},"id":"yyq0bm1br3a9wfz","previousOperationId":"sxy71m7s28s4qof"}
{"type":"operationStart","subtype":"engine","name":"handlebars","timestamp":1704831128131,"id":"xwmaklf9z2xf0w8","previousEventId":"ngvpbdp5c07uw8y","operationId":"6zolajnc2dkj33j","previousOperationId":"sxy71m7s28s4qof"}
{"type":"log","timestamp":1704831128131,"level":"debug","message":"Rendering engine handlebars","meta":{"rootId":"py7dixcv4lyssm4","id":"py7dixcv4lyssm4"},"id":"ovsugefxtk70sqi","previousOperationId":"6zolajnc2dkj33j"}
{"type":"log","timestamp":1704831128142,"level":"debug","message":"(console:log) Pdf utils adding group field, value: \"France\"","meta":{"userLevel":true,"rootId":"py7dixcv4lyssm4","id":"py7dixcv4lyssm4"},"id":"1jhuq8ghjr17huj","previousOperationId":"6zolajnc2dkj33j"}
{"type":"log","timestamp":1704831128142,"level":"debug","message":"(console:log) Pdf utils adding group field, value: \"Germany\"","meta":{"userLevel":true,"rootId":"py7dixcv4lyssm4","id":"py7dixcv4lyssm4"},"id":"sl59zy2ryzzbynk","previousOperationId":"6zolajnc2dkj33j"}
{"type":"operationEnd","operationId":"6zolajnc2dkj33j","timestamp":1704831128143,"id":"sckuzh6l9ymh6i7","previousEventId":"xwmaklf9z2xf0w8","previousOperationId":"6zolajnc2dkj33j"}
{"type":"operationStart","subtype":"recipe","name":"chrome-pdf","timestamp":1704831128143,"id":"ommrs6sdcj7k161","previousEventId":"sckuzh6l9ymh6i7","operationId":"mdm8jar7wf7iab5","previousOperationId":"6zolajnc2dkj33j"}
{"type":"log","timestamp":1704831128143,"level":"debug","message":"Executing recipe chrome-pdf","meta":{"rootId":"py7dixcv4lyssm4","id":"py7dixcv4lyssm4"},"id":"9qkyss4i6204sca","previousOperationId":"mdm8jar7wf7iab5"}
{"type":"log","timestamp":1704831128148,"level":"debug","message":"Converting with chrome HeadlessChrome/117.0.5938.149 using chrome-pool strategy","meta":{"rootId":"py7dixcv4lyssm4","id":"py7dixcv4lyssm4"},"id":"vpiz9x0eumi290o","previousOperationId":"mdm8jar7wf7iab5"}
{"type":"log","timestamp":1704831128277,"level":"debug","message":"Page request: GET (document) file:///C:/Users/arida/AppData/Local/Temp/jsreport/autocleanup/cdd1a570-fd76-4fbd-844c-f65dde1e00e1-chrome-pdf.html","meta":{"rootId":"py7dixcv4lyssm4","id":"py7dixcv4lyssm4"},"id":"7nm7infqeci9zqx","previousOperationId":"mdm8jar7wf7iab5"}
{"type":"log","timestamp":1704831128336,"level":"debug","message":"Page request: GET (stylesheet) https://cdnjs.cloudflare.com/ajax/libs/metro/4.1.5/css/metro.min.css","meta":{"rootId":"py7dixcv4lyssm4","id":"py7dixcv4lyssm4"},"id":"4k9w66y6ql2pt41","previousOperationId":"mdm8jar7wf7iab5"}
{"type":"log","timestamp":1704831128336,"level":"debug","message":"Page request: GET (script) https://cdnjs.cloudflare.com/ajax/libs/Chart.js/2.7.2/Chart.min.js","meta":{"rootId":"py7dixcv4lyssm4","id":"py7dixcv4lyssm4"},"id":"w25jfkijb5m5hl8","previousOperationId":"mdm8jar7wf7iab5"}
{"type":"log","timestamp":1704831128337,"level":"debug","message":"Page request finished: GET (document) 200 file:///C:/Users/arida/AppData/Local/Temp/jsreport/autocleanup/cdd1a570-fd76-4fbd-844c-f65dde1e00e1-chrome-pdf.html","meta":{"rootId":"py7dixcv4lyssm4","id":"py7dixcv4lyssm4"},"id":"hsqke5c91bqxo6d","previousOperationId":"mdm8jar7wf7iab5"}
{"type":"log","timestamp":1704831128358,"level":"debug","message":"Page request finished: GET (stylesheet) 200 https://cdnjs.cloudflare.com/ajax/libs/metro/4.1.5/css/metro.min.css","meta":{"rootId":"py7dixcv4lyssm4","id":"py7dixcv4lyssm4"},"id":"m1g6knu2csbf8tq","previousOperationId":"mdm8jar7wf7iab5"}
{"type":"log","timestamp":1704831128358,"level":"debug","message":"Page request finished: GET (script) 200 https://cdnjs.cloudflare.com/ajax/libs/Chart.js/2.7.2/Chart.min.js","meta":{"rootId":"py7dixcv4lyssm4","id":"py7dixcv4lyssm4"},"id":"l6vlg5mw4j72kyp","previousOperationId":"mdm8jar7wf7iab5"}
{"type":"log","timestamp":1704831128440,"level":"debug","message":"Running chrome with params {\"printBackground\":true,\"marginTop\":\"4cm\",\"marginRight\":\"1.5cm\",\"marginBottom\":\"1.5cm\",\"marginLeft\":\"1.5cm\",\"waitForJS\":false,\"timeout\":58591,\"margin\":{\"top\":\"4cm\",\"right\":\"1.5cm\",\"bottom\":\"1.5cm\",\"left\":\"1.5cm\"}}","meta":{"rootId":"py7dixcv4lyssm4","id":"py7dixcv4lyssm4"},"id":"gmpiu1yk0ee6yi1","previousOperationId":"mdm8jar7wf7iab5"}
{"type":"operationEnd","operationId":"mdm8jar7wf7iab5","timestamp":1704831128597,"id":"hg826vr5hypm76r","previousEventId":"ommrs6sdcj7k161","previousOperationId":"mdm8jar7wf7iab5"}
{"type":"log","timestamp":1704831128597,"level":"info","message":"pdf-utils is starting pdf processing","meta":{"rootId":"py7dixcv4lyssm4","id":"py7dixcv4lyssm4"},"id":"d0mviyepofhbzh1","previousOperationId":"mdm8jar7wf7iab5"}
{"type":"operationStart","subtype":"pdfUtils","name":"pdf utils","timestamp":1704831128597,"id":"jgwrrgb1tsdbbu4","previousEventId":"hg826vr5hypm76r","operationId":"0piaazgdesfkmbj","previousOperationId":"mdm8jar7wf7iab5"}
{"type":"log","timestamp":1704831128597,"level":"debug","message":"pdf-utils detected 1 pdf operation(s) to process","meta":{"rootId":"py7dixcv4lyssm4","id":"py7dixcv4lyssm4"},"id":"825blrbcmfi7muw","previousOperationId":"0piaazgdesfkmbj"}
{"type":"log","timestamp":1704831128624,"level":"debug","message":"pdf-utils running pdf operation merge","meta":{"rootId":"py7dixcv4lyssm4","id":"py7dixcv4lyssm4"},"id":"107589v3eh1d4fd","previousOperationId":"0piaazgdesfkmbj"}
{"type":"operationStart","subtype":"pdfUtilsMerge","name":"pdf utils merge","previousOperationId":"0piaazgdesfkmbj","timestamp":1704831128624,"id":"fs7ubvtnnfxz5ht","previousEventId":"jgwrrgb1tsdbbu4","operationId":"gaq6icq46dspe52"}
{"type":"operationStart","subtype":"render","name":"orders-header","previousOperationId":"gaq6icq46dspe52","timestamp":1704831128625,"id":"vnawc60jktthxh1","previousEventId":"fs7ubvtnnfxz5ht","operationId":"ecoa4i2igg40zn1"}
{"type":"log","timestamp":1704831128625,"level":"info","message":"Starting rendering (child) request","meta":{"rootId":"py7dixcv4lyssm4","id":"rp7fopoo00kujae"},"id":"b67xjbyfbthyr1y","previousOperationId":"ecoa4i2igg40zn1"}
{"type":"log","timestamp":1704831128625,"level":"info","message":"Rendering template { name: orders-header, recipe: chrome-pdf, engine: handlebars, preview: true }","meta":{"rootId":"py7dixcv4lyssm4","id":"rp7fopoo00kujae"},"id":"pj3eian8tb1q0lu","previousOperationId":"ecoa4i2igg40zn1"}
{"type":"log","timestamp":1704831128626,"level":"debug","message":"Inline data specified.","meta":{"rootId":"py7dixcv4lyssm4","id":"rp7fopoo00kujae"},"id":"5b53vew9x8fm76c","previousOperationId":"ecoa4i2igg40zn1"}
{"type":"log","timestamp":1704831128629,"level":"debug","message":"Base url not specified, skipping its injection.","meta":{"rootId":"py7dixcv4lyssm4","id":"rp7fopoo00kujae"},"id":"p3ygc53bghjqsmy","previousOperationId":"ecoa4i2igg40zn1"}
{"type":"operationStart","subtype":"engine","name":"handlebars","timestamp":1704831128629,"id":"511z3942e3ub242","previousEventId":"vnawc60jktthxh1","operationId":"v2bs9803audiftn","previousOperationId":"ecoa4i2igg40zn1"}
{"type":"log","timestamp":1704831128629,"level":"debug","message":"Rendering engine handlebars","meta":{"rootId":"py7dixcv4lyssm4","id":"rp7fopoo00kujae"},"id":"bp4hmxutz20k9v1","previousOperationId":"v2bs9803audiftn"}
{"type":"operationEnd","operationId":"v2bs9803audiftn","timestamp":1704831128658,"id":"eeardz0rqaet93t","previousEventId":"511z3942e3ub242","previousOperationId":"v2bs9803audiftn"}
{"type":"operationStart","subtype":"recipe","name":"chrome-pdf","timestamp":1704831128658,"id":"hve2gstxszzs69r","previousEventId":"eeardz0rqaet93t","operationId":"6kyljn5bf10m1fl","previousOperationId":"v2bs9803audiftn"}
{"type":"log","timestamp":1704831128658,"level":"debug","message":"Executing recipe chrome-pdf","meta":{"rootId":"py7dixcv4lyssm4","id":"rp7fopoo00kujae"},"id":"d1a3pi6hngafcyy","previousOperationId":"6kyljn5bf10m1fl"}
{"type":"log","timestamp":1704831128661,"level":"debug","message":"Converting with chrome HeadlessChrome/117.0.5938.149 using chrome-pool strategy","meta":{"rootId":"py7dixcv4lyssm4","id":"rp7fopoo00kujae"},"id":"s2c2bpa1i28zxz2","previousOperationId":"6kyljn5bf10m1fl"}
{"type":"log","timestamp":1704831128958,"level":"debug","message":"Page request: GET (document) file:///C:/Users/arida/AppData/Local/Temp/jsreport/autocleanup/9cc07f74-08c6-4b64-851a-04408f3cb8e5-chrome-pdf.html","meta":{"rootId":"py7dixcv4lyssm4","id":"rp7fopoo00kujae"},"id":"0mokehca633p1qo","previousOperationId":"6kyljn5bf10m1fl"}
{"type":"log","timestamp":1704831129022,"level":"debug","message":"Page request finished: GET (document) 200 file:///C:/Users/arida/AppData/Local/Temp/jsreport/autocleanup/9cc07f74-08c6-4b64-851a-04408f3cb8e5-chrome-pdf.html","meta":{"rootId":"py7dixcv4lyssm4","id":"rp7fopoo00kujae"},"id":"wajgbopjrazva7b","previousOperationId":"6kyljn5bf10m1fl"}
{"type":"log","timestamp":1704831129036,"level":"debug","message":"Page request: GET (stylesheet) https://cdnjs.cloudflare.com/ajax/libs/metro/4.1.5/css/metro.min.css","meta":{"rootId":"py7dixcv4lyssm4","id":"rp7fopoo00kujae"},"id":"fax1ifsggu2ghgi","previousOperationId":"6kyljn5bf10m1fl"}
{"type":"log","timestamp":1704831129101,"level":"debug","message":"Page request finished: GET (stylesheet) 200 https://cdnjs.cloudflare.com/ajax/libs/metro/4.1.5/css/metro.min.css","meta":{"rootId":"py7dixcv4lyssm4","id":"rp7fopoo00kujae"},"id":"d2snzcpxq21on1u","previousOperationId":"6kyljn5bf10m1fl"}
{"type":"log","timestamp":1704831129118,"level":"debug","message":"Running chrome with params {\"printBackground\":true,\"marginTop\":\"1.5cm\",\"marginRight\":\"1.5cm\",\"marginLeft\":\"1.cm\",\"timeout\":58076,\"margin\":{\"top\":\"1.5cm\",\"right\":\"1.5cm\",\"left\":\"1.cm\"}}","meta":{"rootId":"py7dixcv4lyssm4","id":"rp7fopoo00kujae"},"id":"xpm53et0ky6a2be","previousOperationId":"6kyljn5bf10m1fl"}
{"type":"operationEnd","operationId":"6kyljn5bf10m1fl","timestamp":1704831129171,"id":"4bs0ehdgzcytq0w","previousEventId":"hve2gstxszzs69r","previousOperationId":"6kyljn5bf10m1fl"}
{"type":"log","timestamp":1704831129171,"level":"debug","message":"Skipping storing report.","meta":{"rootId":"py7dixcv4lyssm4","id":"rp7fopoo00kujae"},"id":"a8gviijg2k3ahm3","previousOperationId":"6kyljn5bf10m1fl"}
{"type":"log","timestamp":1704831129171,"level":"info","message":"Rendering (child) request finished in 2435 ms","meta":{"rootId":"py7dixcv4lyssm4","id":"rp7fopoo00kujae"},"id":"nvzjzzg34nh2g3a","previousOperationId":"6kyljn5bf10m1fl"}
{"type":"operationEnd","subtype":"render","operationId":"ecoa4i2igg40zn1","timestamp":1704831129172,"id":"bnzdyey7zgqozlt","previousEventId":"4bs0ehdgzcytq0w","previousOperationId":"6kyljn5bf10m1fl"}
{"type":"operationEnd","operationId":"gaq6icq46dspe52","timestamp":1704831129189,"id":"u3ua0upwv0mjfvn","previousEventId":"fs7ubvtnnfxz5ht","previousOperationId":"gaq6icq46dspe52"}
{"type":"log","timestamp":1704831129189,"level":"debug","message":"pdf-utils postproces start","meta":{"rootId":"py7dixcv4lyssm4","id":"py7dixcv4lyssm4"},"id":"tl33wn8kmeg6144","previousOperationId":"gaq6icq46dspe52"}
{"type":"log","timestamp":1704831129205,"level":"debug","message":"pdf-utils postproces end","meta":{"rootId":"py7dixcv4lyssm4","id":"py7dixcv4lyssm4"},"id":"sfgk0zrx78megw7","previousOperationId":"gaq6icq46dspe52"}
{"type":"operationEnd","operationId":"0piaazgdesfkmbj","timestamp":1704831129205,"id":"evnuk1mv58fb4n9","previousEventId":"u3ua0upwv0mjfvn","previousOperationId":"gaq6icq46dspe52"}
{"type":"log","timestamp":1704831129205,"level":"info","message":"pdf-utils pdf processing was finished","meta":{"rootId":"py7dixcv4lyssm4","id":"py7dixcv4lyssm4"},"id":"25l0n0zo6x7y2cu","previousOperationId":"0piaazgdesfkmbj"}
{"type":"log","timestamp":1704831129206,"level":"debug","message":"Skipping storing report.","meta":{"rootId":"py7dixcv4lyssm4","id":"py7dixcv4lyssm4"},"id":"xm0pg8el5vtx9fb","previousOperationId":"0piaazgdesfkmbj"}
{"type":"log","timestamp":1704831129206,"level":"info","message":"Rendering request 13 finished in 2470 ms","meta":{"rootId":"py7dixcv4lyssm4","id":"py7dixcv4lyssm4"},"id":"d3pjn7o4amli8lz","previousOperationId":"0piaazgdesfkmbj"}
{"type":"operationEnd","subtype":"render","operationId":"8tlcm38dbghezdk","timestamp":1704831129206,"id":"dbduqa14yrk4cqg","previousEventId":"evnuk1mv58fb4n9","previousOperationId":"0piaazgdesfkmbj"}
{"type":"operationEnd","doDiffs":false,"previousEventId":"iijw6yz9guk34xa","previousOperationId":"eoopv6kl7pvwbvk","operationId":"eoopv6kl7pvwbvk","timestamp":1704831129221,"id":"di8igw8q0qsmyqo"}
