{"type":"operationStart","subtype":"profile","data":{"_id":"HbhXwIULbXn4zGlM","timestamp":"2024-01-09T20:07:01.656Z","state":"queued","mode":"standard","creationDate":"2024-01-09T20:07:01.658Z","modificationDate":"2024-01-09T20:07:01.658Z","shortid":"00Cckrv","$entitySet":"profiles"},"doDiffs":false,"timestamp":1704830821657,"id":"qkhyygzujjiewp6","previousOperationId":null,"operationId":"1xoxv5ib2836929"}
{"type":"log","level":"info","message":"Render request 10 queued for execution and waiting for available worker","previousOperationId":"1xoxv5ib2836929","timestamp":1704830821657,"id":"t54pyjp8zuh5yju"}
{"type":"operationStart","subtype":"render","name":"orders-main","previousOperationId":"1xoxv5ib2836929","timestamp":1704830821664,"id":"xqck7k5kfqn0mn7","previousEventId":"qkhyygzujjiewp6","operationId":"0eysurihvcg6qtr"}
{"type":"log","timestamp":1704830821664,"level":"info","message":"Starting rendering request 10","meta":{"rootId":"q0mmfp8roi373tk","id":"q0mmfp8roi373tk"},"id":"fc3q7zhe1t14bhh","previousOperationId":"0eysurihvcg6qtr"}
{"type":"log","timestamp":1704830821664,"level":"info","message":"Rendering template { name: orders-main, recipe: chrome-pdf, engine: handlebars, preview: false }","meta":{"rootId":"q0mmfp8roi373tk","id":"q0mmfp8roi373tk"},"id":"vkqmsg40523oxf1","previousOperationId":"0eysurihvcg6qtr"}
{"type":"log","timestamp":1704830821666,"level":"debug","message":"Data item not defined for this template.","meta":{"rootId":"q0mmfp8roi373tk","id":"q0mmfp8roi373tk"},"id":"cqkzmuns1jid0zc","previousOperationId":"0eysurihvcg6qtr"}
{"type":"log","timestamp":1704830821671,"level":"debug","message":"Executing script orders-script (beforeRender)","meta":{"rootId":"q0mmfp8roi373tk","id":"q0mmfp8roi373tk"},"id":"k1d0ku30k9borcs","previousOperationId":"0eysurihvcg6qtr"}
{"type":"operationStart","subtype":"scriptsBeforeRender","name":"scripts beforeRender","timestamp":1704830821691,"id":"3h0l6betgdklszj","previousEventId":"xqck7k5kfqn0mn7","operationId":"0oww92myg85ylx5","previousOperationId":"0eysurihvcg6qtr"}
{"type":"operationStart","subtype":"script","name":"scripts orders-script","previousOperationId":"0oww92myg85ylx5","timestamp":1704830821691,"id":"16tzsswf903qn9k","previousEventId":"3h0l6betgdklszj","operationId":"q41frxcl4chnr3g"}
{"type":"log","timestamp":1704830822697,"level":"debug","message":"(console:log) undefined","meta":{"userLevel":true,"rootId":"q0mmfp8roi373tk","id":"q0mmfp8roi373tk"},"id":"xmhs2dvl4iqkvqe","previousOperationId":"q41frxcl4chnr3g"}
{"type":"operationEnd","operationId":"q41frxcl4chnr3g","timestamp":1704830823104,"id":"iatuecvsb67oqzu","previousEventId":"xqck7k5kfqn0mn7","previousOperationId":"0eysurihvcg6qtr"}
{"type":"operationEnd","operationId":"0oww92myg85ylx5","timestamp":1704830823104,"id":"tsbdhu5i29hya9h","previousEventId":"iatuecvsb67oqzu","previousOperationId":"0eysurihvcg6qtr"}
{"type":"log","timestamp":1704830823105,"level":"debug","message":"Base url not specified, skipping its injection.","meta":{"rootId":"q0mmfp8roi373tk","id":"q0mmfp8roi373tk"},"id":"atki630lcu749xi","previousOperationId":"0oww92myg85ylx5"}
{"type":"operationStart","subtype":"engine","name":"handlebars","timestamp":1704830823105,"id":"3w5bxqxe3phcr9j","previousEventId":"tsbdhu5i29hya9h","operationId":"yuogiqtxqcoaloj","previousOperationId":"0oww92myg85ylx5"}
{"type":"log","timestamp":1704830823105,"level":"debug","message":"Rendering engine handlebars","meta":{"rootId":"q0mmfp8roi373tk","id":"q0mmfp8roi373tk"},"id":"z40bmbyinxrf91r","previousOperationId":"yuogiqtxqcoaloj"}
{"type":"log","timestamp":1704830823129,"level":"debug","message":"(console:log) Pdf utils adding group field, value: \"France\"","meta":{"userLevel":true,"rootId":"q0mmfp8roi373tk","id":"q0mmfp8roi373tk"},"id":"mefbua9k9gg2f4z","previousOperationId":"yuogiqtxqcoaloj"}
{"type":"log","timestamp":1704830823130,"level":"debug","message":"(console:log) Pdf utils adding group field, value: \"Germany\"","meta":{"userLevel":true,"rootId":"q0mmfp8roi373tk","id":"q0mmfp8roi373tk"},"id":"n8m44pdtf3fsg18","previousOperationId":"yuogiqtxqcoaloj"}
{"type":"operationEnd","operationId":"yuogiqtxqcoaloj","timestamp":1704830823130,"id":"an99q282h8hctgh","previousEventId":"3w5bxqxe3phcr9j","previousOperationId":"yuogiqtxqcoaloj"}
{"type":"operationStart","subtype":"recipe","name":"chrome-pdf","timestamp":1704830823130,"id":"ba3rxzcfzq6nm1x","previousEventId":"an99q282h8hctgh","operationId":"6xpxu2wk4kmmuq1","previousOperationId":"yuogiqtxqcoaloj"}
{"type":"log","timestamp":1704830823130,"level":"debug","message":"Executing recipe chrome-pdf","meta":{"rootId":"q0mmfp8roi373tk","id":"q0mmfp8roi373tk"},"id":"bpird1pyd335jcf","previousOperationId":"6xpxu2wk4kmmuq1"}
{"type":"log","timestamp":1704830823134,"level":"debug","message":"Converting with chrome HeadlessChrome/117.0.5938.149 using chrome-pool strategy","meta":{"rootId":"q0mmfp8roi373tk","id":"q0mmfp8roi373tk"},"id":"a7kmuoqe4app3uc","previousOperationId":"6xpxu2wk4kmmuq1"}
{"type":"log","timestamp":1704830823253,"level":"debug","message":"Page request: GET (document) file:///C:/Users/arida/AppData/Local/Temp/jsreport/autocleanup/cf282469-906e-43ad-acd8-1acf62996b43-chrome-pdf.html","meta":{"rootId":"q0mmfp8roi373tk","id":"q0mmfp8roi373tk"},"id":"18kpf2lq7r55y15","previousOperationId":"6xpxu2wk4kmmuq1"}
{"type":"log","timestamp":1704830823303,"level":"debug","message":"Page request: GET (stylesheet) https://cdnjs.cloudflare.com/ajax/libs/metro/4.1.5/css/metro.min.css","meta":{"rootId":"q0mmfp8roi373tk","id":"q0mmfp8roi373tk"},"id":"b71do0rp74bqcil","previousOperationId":"6xpxu2wk4kmmuq1"}
{"type":"log","timestamp":1704830823304,"level":"debug","message":"Page request: GET (script) https://cdnjs.cloudflare.com/ajax/libs/Chart.js/2.7.2/Chart.min.js","meta":{"rootId":"q0mmfp8roi373tk","id":"q0mmfp8roi373tk"},"id":"sj2a24i7is7acng","previousOperationId":"6xpxu2wk4kmmuq1"}
{"type":"log","timestamp":1704830823305,"level":"debug","message":"Page request finished: GET (document) 200 file:///C:/Users/arida/AppData/Local/Temp/jsreport/autocleanup/cf282469-906e-43ad-acd8-1acf62996b43-chrome-pdf.html","meta":{"rootId":"q0mmfp8roi373tk","id":"q0mmfp8roi373tk"},"id":"8rqbcxpb7vev3rf","previousOperationId":"6xpxu2wk4kmmuq1"}
{"type":"log","timestamp":1704830823314,"level":"debug","message":"Page request finished: GET (script) 200 https://cdnjs.cloudflare.com/ajax/libs/Chart.js/2.7.2/Chart.min.js","meta":{"rootId":"q0mmfp8roi373tk","id":"q0mmfp8roi373tk"},"id":"s5agfy6eutx79p2","previousOperationId":"6xpxu2wk4kmmuq1"}
{"type":"log","timestamp":1704830823330,"level":"debug","message":"Page request finished: GET (stylesheet) 200 https://cdnjs.cloudflare.com/ajax/libs/metro/4.1.5/css/metro.min.css","meta":{"rootId":"q0mmfp8roi373tk","id":"q0mmfp8roi373tk"},"id":"niw0ld07fdieq8p","previousOperationId":"6xpxu2wk4kmmuq1"}
{"type":"log","timestamp":1704830823403,"level":"debug","message":"Running chrome with params {\"printBackground\":true,\"marginTop\":\"4cm\",\"marginRight\":\"1.5cm\",\"marginBottom\":\"1.5cm\",\"marginLeft\":\"1.5cm\",\"waitForJS\":false,\"timeout\":58522,\"margin\":{\"top\":\"4cm\",\"right\":\"1.5cm\",\"bottom\":\"1.5cm\",\"left\":\"1.5cm\"}}","meta":{"rootId":"q0mmfp8roi373tk","id":"q0mmfp8roi373tk"},"id":"vqn5bgawdco1pcs","previousOperationId":"6xpxu2wk4kmmuq1"}
{"type":"operationEnd","operationId":"6xpxu2wk4kmmuq1","timestamp":1704830823551,"id":"9ezz80bkwv0u1bm","previousEventId":"ba3rxzcfzq6nm1x","previousOperationId":"6xpxu2wk4kmmuq1"}
{"type":"log","timestamp":1704830823551,"level":"info","message":"pdf-utils is starting pdf processing","meta":{"rootId":"q0mmfp8roi373tk","id":"q0mmfp8roi373tk"},"id":"jumpxmsyym54pc2","previousOperationId":"6xpxu2wk4kmmuq1"}
{"type":"operationStart","subtype":"pdfUtils","name":"pdf utils","timestamp":1704830823552,"id":"dkk8mb8q00qz5n2","previousEventId":"9ezz80bkwv0u1bm","operationId":"aogr193kzp2eeq5","previousOperationId":"6xpxu2wk4kmmuq1"}
{"type":"log","timestamp":1704830823553,"level":"debug","message":"pdf-utils detected 1 pdf operation(s) to process","meta":{"rootId":"q0mmfp8roi373tk","id":"q0mmfp8roi373tk"},"id":"yvfd78t63h8ifjd","previousOperationId":"aogr193kzp2eeq5"}
{"type":"log","timestamp":1704830823583,"level":"debug","message":"pdf-utils running pdf operation merge","meta":{"rootId":"q0mmfp8roi373tk","id":"q0mmfp8roi373tk"},"id":"83lh4uu4ljzu0sm","previousOperationId":"aogr193kzp2eeq5"}
{"type":"operationStart","subtype":"pdfUtilsMerge","name":"pdf utils merge","previousOperationId":"aogr193kzp2eeq5","timestamp":1704830823583,"id":"osf8hvgha02459f","previousEventId":"dkk8mb8q00qz5n2","operationId":"x3xucawzhdpginr"}
{"type":"operationStart","subtype":"render","name":"orders-header","previousOperationId":"x3xucawzhdpginr","timestamp":1704830823584,"id":"13d11tvtto20de1","previousEventId":"osf8hvgha02459f","operationId":"4ma6c4aycb4bkqu"}
{"type":"log","timestamp":1704830823584,"level":"info","message":"Starting rendering (child) request","meta":{"rootId":"q0mmfp8roi373tk","id":"sl649a428fsjsut"},"id":"o7nndyaf6c1hsie","previousOperationId":"4ma6c4aycb4bkqu"}
{"type":"log","timestamp":1704830823584,"level":"info","message":"Rendering template { name: orders-header, recipe: chrome-pdf, engine: handlebars, preview: false }","meta":{"rootId":"q0mmfp8roi373tk","id":"sl649a428fsjsut"},"id":"2895amqs5v9ivzr","previousOperationId":"4ma6c4aycb4bkqu"}
{"type":"log","timestamp":1704830823585,"level":"debug","message":"Inline data specified.","meta":{"rootId":"q0mmfp8roi373tk","id":"sl649a428fsjsut"},"id":"rfksthxoa2lk381","previousOperationId":"4ma6c4aycb4bkqu"}
{"type":"log","timestamp":1704830823588,"level":"debug","message":"Base url not specified, skipping its injection.","meta":{"rootId":"q0mmfp8roi373tk","id":"sl649a428fsjsut"},"id":"0kf4lc9khibfvr3","previousOperationId":"4ma6c4aycb4bkqu"}
{"type":"operationStart","subtype":"engine","name":"handlebars","timestamp":1704830823589,"id":"vfbte5yqhugnxeq","previousEventId":"13d11tvtto20de1","operationId":"3vn186sb4seiflb","previousOperationId":"4ma6c4aycb4bkqu"}
{"type":"log","timestamp":1704830823589,"level":"debug","message":"Rendering engine handlebars","meta":{"rootId":"q0mmfp8roi373tk","id":"sl649a428fsjsut"},"id":"62nxwg5nudm9jgm","previousOperationId":"3vn186sb4seiflb"}
{"type":"operationEnd","operationId":"3vn186sb4seiflb","timestamp":1704830823603,"id":"yo0787hht3wfo50","previousEventId":"vfbte5yqhugnxeq","previousOperationId":"3vn186sb4seiflb"}
{"type":"operationStart","subtype":"recipe","name":"chrome-pdf","timestamp":1704830823604,"id":"34i6r4af9ufv7sm","previousEventId":"yo0787hht3wfo50","operationId":"ypx434ai8aq8svk","previousOperationId":"3vn186sb4seiflb"}
{"type":"log","timestamp":1704830823604,"level":"debug","message":"Executing recipe chrome-pdf","meta":{"rootId":"q0mmfp8roi373tk","id":"sl649a428fsjsut"},"id":"phv6du3m2uv8qop","previousOperationId":"ypx434ai8aq8svk"}
{"type":"log","timestamp":1704830823607,"level":"debug","message":"Converting with chrome HeadlessChrome/117.0.5938.149 using chrome-pool strategy","meta":{"rootId":"q0mmfp8roi373tk","id":"sl649a428fsjsut"},"id":"hwvuy4ovl6hjckx","previousOperationId":"ypx434ai8aq8svk"}
{"type":"log","timestamp":1704830823721,"level":"debug","message":"Page request: GET (document) file:///C:/Users/arida/AppData/Local/Temp/jsreport/autocleanup/3c34a5d1-c8ae-4a56-a9b4-94d9590a0fe3-chrome-pdf.html","meta":{"rootId":"q0mmfp8roi373tk","id":"sl649a428fsjsut"},"id":"yhmo6mm3zxf7i4k","previousOperationId":"ypx434ai8aq8svk"}
{"type":"log","timestamp":1704830823731,"level":"debug","message":"Page request: GET (stylesheet) https://cdnjs.cloudflare.com/ajax/libs/metro/4.1.5/css/metro.min.css","meta":{"rootId":"q0mmfp8roi373tk","id":"sl649a428fsjsut"},"id":"brkjq9bl39g72n5","previousOperationId":"ypx434ai8aq8svk"}
{"type":"log","timestamp":1704830823732,"level":"debug","message":"Page request finished: GET (document) 200 file:///C:/Users/arida/AppData/Local/Temp/jsreport/autocleanup/3c34a5d1-c8ae-4a56-a9b4-94d9590a0fe3-chrome-pdf.html","meta":{"rootId":"q0mmfp8roi373tk","id":"sl649a428fsjsut"},"id":"ec9o0xc334lngp2","previousOperationId":"ypx434ai8aq8svk"}
{"type":"log","timestamp":1704830823751,"level":"debug","message":"Page request finished: GET (stylesheet) 200 https://cdnjs.cloudflare.com/ajax/libs/metro/4.1.5/css/metro.min.css","meta":{"rootId":"q0mmfp8roi373tk","id":"sl649a428fsjsut"},"id":"uvsiq5zgxdvltjp","previousOperationId":"ypx434ai8aq8svk"}
{"type":"log","timestamp":1704830823777,"level":"debug","message":"Running chrome with params {\"printBackground\":true,\"marginTop\":\"1.5cm\",\"marginRight\":\"1.5cm\",\"marginLeft\":\"1.cm\",\"timeout\":58049,\"margin\":{\"top\":\"1.5cm\",\"right\":\"1.5cm\",\"left\":\"1.cm\"}}","meta":{"rootId":"q0mmfp8roi373tk","id":"sl649a428fsjsut"},"id":"bc43pwr5sumeldf","previousOperationId":"ypx434ai8aq8svk"}
{"type":"operationEnd","operationId":"ypx434ai8aq8svk","timestamp":1704830823823,"id":"pj9ndb99kmcj28s","previousEventId":"34i6r4af9ufv7sm","previousOperationId":"ypx434ai8aq8svk"}
{"type":"log","timestamp":1704830823823,"level":"debug","message":"Skipping storing report.","meta":{"rootId":"q0mmfp8roi373tk","id":"sl649a428fsjsut"},"id":"hoyuner6uspivkf","previousOperationId":"ypx434ai8aq8svk"}
{"type":"log","timestamp":1704830823823,"level":"info","message":"Rendering (child) request finished in 2168 ms","meta":{"rootId":"q0mmfp8roi373tk","id":"sl649a428fsjsut"},"id":"ur4efimap8vw7ku","previousOperationId":"ypx434ai8aq8svk"}
{"type":"operationEnd","subtype":"render","operationId":"4ma6c4aycb4bkqu","timestamp":1704830823823,"id":"heqjbr5tqbyr0rx","previousEventId":"pj9ndb99kmcj28s","previousOperationId":"ypx434ai8aq8svk"}
{"type":"operationEnd","operationId":"x3xucawzhdpginr","timestamp":1704830823838,"id":"0f56thtydfqlzkz","previousEventId":"osf8hvgha02459f","previousOperationId":"x3xucawzhdpginr"}
{"type":"log","timestamp":1704830823838,"level":"debug","message":"pdf-utils postproces start","meta":{"rootId":"q0mmfp8roi373tk","id":"q0mmfp8roi373tk"},"id":"7zskr9d30ickonf","previousOperationId":"x3xucawzhdpginr"}
{"type":"log","timestamp":1704830823853,"level":"debug","message":"pdf-utils postproces end","meta":{"rootId":"q0mmfp8roi373tk","id":"q0mmfp8roi373tk"},"id":"pq8xf1usyhbgb3z","previousOperationId":"x3xucawzhdpginr"}
{"type":"operationEnd","operationId":"aogr193kzp2eeq5","timestamp":1704830823853,"id":"znl46xqgwcmf5mf","previousEventId":"0f56thtydfqlzkz","previousOperationId":"x3xucawzhdpginr"}
{"type":"log","timestamp":1704830823853,"level":"info","message":"pdf-utils pdf processing was finished","meta":{"rootId":"q0mmfp8roi373tk","id":"q0mmfp8roi373tk"},"id":"35sywa1ttg7qvry","previousOperationId":"aogr193kzp2eeq5"}
{"type":"log","timestamp":1704830823853,"level":"debug","message":"Skipping storing report.","meta":{"rootId":"q0mmfp8roi373tk","id":"q0mmfp8roi373tk"},"id":"2ql40frbd6p1nw8","previousOperationId":"aogr193kzp2eeq5"}
{"type":"log","timestamp":1704830823853,"level":"info","message":"Rendering request 10 finished in 2198 ms","meta":{"rootId":"q0mmfp8roi373tk","id":"q0mmfp8roi373tk"},"id":"s4fno8ao89b82u0","previousOperationId":"aogr193kzp2eeq5"}
{"type":"operationEnd","subtype":"render","operationId":"0eysurihvcg6qtr","timestamp":1704830823853,"id":"6j6yiexe1nfi4rg","previousEventId":"znl46xqgwcmf5mf","previousOperationId":"aogr193kzp2eeq5"}
{"type":"operationEnd","doDiffs":false,"previousEventId":"qkhyygzujjiewp6","previousOperationId":"1xoxv5ib2836929","operationId":"1xoxv5ib2836929","timestamp":1704830823862,"id":"jk805yw41f8q0u8"}
