{"type":"operationStart","subtype":"profile","data":{"_id":"0lzcpwEqZfAAADt4","timestamp":"2024-01-09T20:19:04.739Z","state":"queued","mode":"standard","creationDate":"2024-01-09T20:19:04.742Z","modificationDate":"2024-01-09T20:19:04.742Z","shortid":"W12kpgd","$entitySet":"profiles"},"doDiffs":false,"timestamp":1704831544741,"id":"5t6vq2h1a3qgpnq","previousOperationId":null,"operationId":"jxkj9r47yq2jywi"}
{"type":"log","level":"info","message":"Render request 24 queued for execution and waiting for available worker","previousOperationId":"jxkj9r47yq2jywi","timestamp":1704831544741,"id":"2txyy49183zbuw6"}
{"type":"operationStart","subtype":"render","name":"orders-main","previousOperationId":"jxkj9r47yq2jywi","timestamp":1704831544756,"id":"o8d0hl0n583r1xc","previousEventId":"5t6vq2h1a3qgpnq","operationId":"i5rantg8rj9f2e8"}
{"type":"log","timestamp":1704831544757,"level":"info","message":"Starting rendering request 24","meta":{"rootId":"qd5t3uw9wy79r3n","id":"qd5t3uw9wy79r3n"},"id":"75xqenrg3uy7i8l","previousOperationId":"i5rantg8rj9f2e8"}
{"type":"log","timestamp":1704831544757,"level":"info","message":"Rendering template { name: orders-main, recipe: chrome-pdf, engine: handlebars, preview: true }","meta":{"rootId":"qd5t3uw9wy79r3n","id":"qd5t3uw9wy79r3n"},"id":"1k0vkixs3tytjb8","previousOperationId":"i5rantg8rj9f2e8"}
{"type":"log","timestamp":1704831544758,"level":"debug","message":"Data item not defined for this template.","meta":{"rootId":"qd5t3uw9wy79r3n","id":"qd5t3uw9wy79r3n"},"id":"iik67ve2wadspck","previousOperationId":"i5rantg8rj9f2e8"}
{"type":"log","timestamp":1704831544762,"level":"debug","message":"Executing script orders-script (beforeRender)","meta":{"rootId":"qd5t3uw9wy79r3n","id":"qd5t3uw9wy79r3n"},"id":"yc16azeyfhb6qjw","previousOperationId":"i5rantg8rj9f2e8"}
{"type":"operationStart","subtype":"scriptsBeforeRender","name":"scripts beforeRender","timestamp":1704831544772,"id":"h5u1bum97ghxvcd","previousEventId":"o8d0hl0n583r1xc","operationId":"rjn8gsqk86n98ci","previousOperationId":"i5rantg8rj9f2e8"}
{"type":"operationStart","subtype":"script","name":"scripts orders-script","previousOperationId":"rjn8gsqk86n98ci","timestamp":1704831544772,"id":"dx2h2of4ofaarav","previousEventId":"h5u1bum97ghxvcd","operationId":"y40t8plqxmmnpgk"}
{"type":"log","timestamp":1704831544772,"level":"debug","message":"(console:log) undefined","meta":{"userLevel":true,"rootId":"qd5t3uw9wy79r3n","id":"qd5t3uw9wy79r3n"},"id":"yvcbf5hbwat8gut","previousOperationId":"y40t8plqxmmnpgk"}
{"type":"operationEnd","operationId":"y40t8plqxmmnpgk","timestamp":1704831546068,"id":"iath1w63pyf7s9h","previousEventId":"o8d0hl0n583r1xc","previousOperationId":"i5rantg8rj9f2e8"}
{"type":"operationEnd","operationId":"rjn8gsqk86n98ci","timestamp":1704831546068,"id":"yiy5c56sdaty07g","previousEventId":"iath1w63pyf7s9h","previousOperationId":"i5rantg8rj9f2e8"}
{"type":"log","timestamp":1704831546068,"level":"debug","message":"Base url not specified, skipping its injection.","meta":{"rootId":"qd5t3uw9wy79r3n","id":"qd5t3uw9wy79r3n"},"id":"32wvjrfxnvwyawl","previousOperationId":"rjn8gsqk86n98ci"}
{"type":"operationStart","subtype":"engine","name":"handlebars","timestamp":1704831546068,"id":"ri16xfcpk9bu1xh","previousEventId":"yiy5c56sdaty07g","operationId":"8dqjg4oa7tsoo9x","previousOperationId":"rjn8gsqk86n98ci"}
{"type":"log","timestamp":1704831546068,"level":"debug","message":"Rendering engine handlebars","meta":{"rootId":"qd5t3uw9wy79r3n","id":"qd5t3uw9wy79r3n"},"id":"7x6txorhebqmbsg","previousOperationId":"8dqjg4oa7tsoo9x"}
{"type":"log","timestamp":1704831546077,"level":"debug","message":"(console:log) Pdf utils adding group field, value: \"France\"","meta":{"userLevel":true,"rootId":"qd5t3uw9wy79r3n","id":"qd5t3uw9wy79r3n"},"id":"jhbk2svgwz8rb7o","previousOperationId":"8dqjg4oa7tsoo9x"}
{"type":"log","timestamp":1704831546078,"level":"debug","message":"(console:log) Pdf utils adding group field, value: \"Germany\"","meta":{"userLevel":true,"rootId":"qd5t3uw9wy79r3n","id":"qd5t3uw9wy79r3n"},"id":"trw9wp501cp9cwt","previousOperationId":"8dqjg4oa7tsoo9x"}
{"type":"operationEnd","operationId":"8dqjg4oa7tsoo9x","timestamp":1704831546078,"id":"utovpbl9lgwz6q0","previousEventId":"ri16xfcpk9bu1xh","previousOperationId":"8dqjg4oa7tsoo9x"}
{"type":"operationStart","subtype":"recipe","name":"chrome-pdf","timestamp":1704831546078,"id":"pemg93q2qkaf06t","previousEventId":"utovpbl9lgwz6q0","operationId":"t75fk4yzjd8k847","previousOperationId":"8dqjg4oa7tsoo9x"}
{"type":"log","timestamp":1704831546078,"level":"debug","message":"Executing recipe chrome-pdf","meta":{"rootId":"qd5t3uw9wy79r3n","id":"qd5t3uw9wy79r3n"},"id":"dbubyy38cxyxgvr","previousOperationId":"t75fk4yzjd8k847"}
{"type":"log","timestamp":1704831546081,"level":"debug","message":"Converting with chrome HeadlessChrome/117.0.5938.149 using chrome-pool strategy","meta":{"rootId":"qd5t3uw9wy79r3n","id":"qd5t3uw9wy79r3n"},"id":"yzffv6au3yo7v8u","previousOperationId":"t75fk4yzjd8k847"}
{"type":"log","timestamp":1704831546210,"level":"debug","message":"Page request: GET (document) file:///C:/Users/arida/AppData/Local/Temp/jsreport/autocleanup/cffa19ac-47c3-4739-9486-77c7d2433534-chrome-pdf.html","meta":{"rootId":"qd5t3uw9wy79r3n","id":"qd5t3uw9wy79r3n"},"id":"xsqefzmax74got6","previousOperationId":"t75fk4yzjd8k847"}
{"type":"log","timestamp":1704831546262,"level":"debug","message":"Page request: GET (stylesheet) https://cdnjs.cloudflare.com/ajax/libs/metro/4.1.5/css/metro.min.css","meta":{"rootId":"qd5t3uw9wy79r3n","id":"qd5t3uw9wy79r3n"},"id":"tk5zzulqd3d29hi","previousOperationId":"t75fk4yzjd8k847"}
{"type":"log","timestamp":1704831546263,"level":"debug","message":"Page request: GET (script) https://cdnjs.cloudflare.com/ajax/libs/Chart.js/2.7.2/Chart.min.js","meta":{"rootId":"qd5t3uw9wy79r3n","id":"qd5t3uw9wy79r3n"},"id":"lrl7cus01risg21","previousOperationId":"t75fk4yzjd8k847"}
{"type":"log","timestamp":1704831546264,"level":"debug","message":"Page request finished: GET (document) 200 file:///C:/Users/arida/AppData/Local/Temp/jsreport/autocleanup/cffa19ac-47c3-4739-9486-77c7d2433534-chrome-pdf.html","meta":{"rootId":"qd5t3uw9wy79r3n","id":"qd5t3uw9wy79r3n"},"id":"nkozsi7zkpftr2b","previousOperationId":"t75fk4yzjd8k847"}
{"type":"log","timestamp":1704831546272,"level":"debug","message":"Page request finished: GET (script) 200 https://cdnjs.cloudflare.com/ajax/libs/Chart.js/2.7.2/Chart.min.js","meta":{"rootId":"qd5t3uw9wy79r3n","id":"qd5t3uw9wy79r3n"},"id":"ic4xurhjg9smd5v","previousOperationId":"t75fk4yzjd8k847"}
{"type":"log","timestamp":1704831546284,"level":"debug","message":"Page request finished: GET (stylesheet) 200 https://cdnjs.cloudflare.com/ajax/libs/metro/4.1.5/css/metro.min.css","meta":{"rootId":"qd5t3uw9wy79r3n","id":"qd5t3uw9wy79r3n"},"id":"r2qp2chyixesqyu","previousOperationId":"t75fk4yzjd8k847"}
{"type":"log","timestamp":1704831546354,"level":"debug","message":"Running chrome with params {\"printBackground\":true,\"marginTop\":\"4cm\",\"marginRight\":\"1.5cm\",\"marginBottom\":\"1.5cm\",\"marginLeft\":\"1.5cm\",\"waitForJS\":false,\"timeout\":58659,\"margin\":{\"top\":\"4cm\",\"right\":\"1.5cm\",\"bottom\":\"1.5cm\",\"left\":\"1.5cm\"}}","meta":{"rootId":"qd5t3uw9wy79r3n","id":"qd5t3uw9wy79r3n"},"id":"g8ozwskdwkm0mfv","previousOperationId":"t75fk4yzjd8k847"}
{"type":"operationEnd","operationId":"t75fk4yzjd8k847","timestamp":1704831546509,"id":"y2l2t5tk5ib3ge1","previousEventId":"pemg93q2qkaf06t","previousOperationId":"t75fk4yzjd8k847"}
{"type":"log","timestamp":1704831546509,"level":"info","message":"pdf-utils is starting pdf processing","meta":{"rootId":"qd5t3uw9wy79r3n","id":"qd5t3uw9wy79r3n"},"id":"to1lia19xe2c4ye","previousOperationId":"t75fk4yzjd8k847"}
{"type":"operationStart","subtype":"pdfUtils","name":"pdf utils","timestamp":1704831546509,"id":"kk75638xjdrzb45","previousEventId":"y2l2t5tk5ib3ge1","operationId":"z3sjv13e6zc3bbi","previousOperationId":"t75fk4yzjd8k847"}
{"type":"log","timestamp":1704831546509,"level":"debug","message":"pdf-utils detected 1 pdf operation(s) to process","meta":{"rootId":"qd5t3uw9wy79r3n","id":"qd5t3uw9wy79r3n"},"id":"fuvivdm3pj5wbcp","previousOperationId":"z3sjv13e6zc3bbi"}
{"type":"log","timestamp":1704831546537,"level":"debug","message":"pdf-utils running pdf operation merge","meta":{"rootId":"qd5t3uw9wy79r3n","id":"qd5t3uw9wy79r3n"},"id":"gl4olsbxy7fo678","previousOperationId":"z3sjv13e6zc3bbi"}
{"type":"operationStart","subtype":"pdfUtilsMerge","name":"pdf utils merge","previousOperationId":"z3sjv13e6zc3bbi","timestamp":1704831546537,"id":"0ks5d4mtzuuwdd5","previousEventId":"kk75638xjdrzb45","operationId":"prj5n0hvuk9x4ko"}
{"type":"operationStart","subtype":"render","name":"orders-header","previousOperationId":"prj5n0hvuk9x4ko","timestamp":1704831546538,"id":"6vfipmty3uto5tm","previousEventId":"0ks5d4mtzuuwdd5","operationId":"g7fdhsfuwcvkixl"}
{"type":"log","timestamp":1704831546538,"level":"info","message":"Starting rendering (child) request","meta":{"rootId":"qd5t3uw9wy79r3n","id":"98n2wnbfx6cnkkq"},"id":"c4z0z9369yqf3s4","previousOperationId":"g7fdhsfuwcvkixl"}
{"type":"log","timestamp":1704831546538,"level":"info","message":"Rendering template { name: orders-header, recipe: chrome-pdf, engine: handlebars, preview: true }","meta":{"rootId":"qd5t3uw9wy79r3n","id":"98n2wnbfx6cnkkq"},"id":"p2ekchvz6vvf1ef","previousOperationId":"g7fdhsfuwcvkixl"}
{"type":"log","timestamp":1704831546539,"level":"debug","message":"Inline data specified.","meta":{"rootId":"qd5t3uw9wy79r3n","id":"98n2wnbfx6cnkkq"},"id":"bmgcqr64dgrw0df","previousOperationId":"g7fdhsfuwcvkixl"}
{"type":"log","timestamp":1704831546541,"level":"debug","message":"Base url not specified, skipping its injection.","meta":{"rootId":"qd5t3uw9wy79r3n","id":"98n2wnbfx6cnkkq"},"id":"586ocympp9g4e1i","previousOperationId":"g7fdhsfuwcvkixl"}
{"type":"operationStart","subtype":"engine","name":"handlebars","timestamp":1704831546541,"id":"093d8c7pr1osjfq","previousEventId":"6vfipmty3uto5tm","operationId":"hbc7dz23sv4px66","previousOperationId":"g7fdhsfuwcvkixl"}
{"type":"log","timestamp":1704831546541,"level":"debug","message":"Rendering engine handlebars","meta":{"rootId":"qd5t3uw9wy79r3n","id":"98n2wnbfx6cnkkq"},"id":"2bp96d4yyksy5k6","previousOperationId":"hbc7dz23sv4px66"}
{"type":"operationEnd","operationId":"hbc7dz23sv4px66","timestamp":1704831546566,"id":"h9krfhijga6u4m0","previousEventId":"093d8c7pr1osjfq","previousOperationId":"hbc7dz23sv4px66"}
{"type":"operationStart","subtype":"recipe","name":"chrome-pdf","timestamp":1704831546567,"id":"p54ipqie8rgjrg5","previousEventId":"h9krfhijga6u4m0","operationId":"loubnkksbujo1cr","previousOperationId":"hbc7dz23sv4px66"}
{"type":"log","timestamp":1704831546567,"level":"debug","message":"Executing recipe chrome-pdf","meta":{"rootId":"qd5t3uw9wy79r3n","id":"98n2wnbfx6cnkkq"},"id":"su2ay0ykwwlybef","previousOperationId":"loubnkksbujo1cr"}
{"type":"log","timestamp":1704831546570,"level":"debug","message":"Converting with chrome HeadlessChrome/117.0.5938.149 using chrome-pool strategy","meta":{"rootId":"qd5t3uw9wy79r3n","id":"98n2wnbfx6cnkkq"},"id":"9t9wnj9b15nfdc8","previousOperationId":"loubnkksbujo1cr"}
{"type":"log","timestamp":1704831546687,"level":"debug","message":"Page request: GET (document) file:///C:/Users/arida/AppData/Local/Temp/jsreport/autocleanup/46b01589-15e0-4308-b6e2-d5e889ccc2aa-chrome-pdf.html","meta":{"rootId":"qd5t3uw9wy79r3n","id":"98n2wnbfx6cnkkq"},"id":"hqa0zs67hpc906x","previousOperationId":"loubnkksbujo1cr"}
{"type":"log","timestamp":1704831546701,"level":"debug","message":"Page request: GET (stylesheet) https://cdnjs.cloudflare.com/ajax/libs/metro/4.1.5/css/metro.min.css","meta":{"rootId":"qd5t3uw9wy79r3n","id":"98n2wnbfx6cnkkq"},"id":"4khpwx4opad05sb","previousOperationId":"loubnkksbujo1cr"}
{"type":"log","timestamp":1704831546701,"level":"debug","message":"Page request finished: GET (document) 200 file:///C:/Users/arida/AppData/Local/Temp/jsreport/autocleanup/46b01589-15e0-4308-b6e2-d5e889ccc2aa-chrome-pdf.html","meta":{"rootId":"qd5t3uw9wy79r3n","id":"98n2wnbfx6cnkkq"},"id":"vy1jawtuyzhfq34","previousOperationId":"loubnkksbujo1cr"}
{"type":"log","timestamp":1704831546722,"level":"debug","message":"Page request finished: GET (stylesheet) 200 https://cdnjs.cloudflare.com/ajax/libs/metro/4.1.5/css/metro.min.css","meta":{"rootId":"qd5t3uw9wy79r3n","id":"98n2wnbfx6cnkkq"},"id":"ilf8zjm49ljxdc1","previousOperationId":"loubnkksbujo1cr"}
{"type":"log","timestamp":1704831546747,"level":"debug","message":"Running chrome with params {\"printBackground\":true,\"marginTop\":\"1.5cm\",\"marginRight\":\"1.5cm\",\"marginLeft\":\"1.cm\",\"timeout\":58170,\"margin\":{\"top\":\"1.5cm\",\"right\":\"1.5cm\",\"left\":\"1.cm\"}}","meta":{"rootId":"qd5t3uw9wy79r3n","id":"98n2wnbfx6cnkkq"},"id":"7zwrqsxhry5g07y","previousOperationId":"loubnkksbujo1cr"}
{"type":"operationEnd","operationId":"loubnkksbujo1cr","timestamp":1704831546797,"id":"8bajabhlvb5qivk","previousEventId":"p54ipqie8rgjrg5","previousOperationId":"loubnkksbujo1cr"}
{"type":"log","timestamp":1704831546797,"level":"debug","message":"Skipping storing report.","meta":{"rootId":"qd5t3uw9wy79r3n","id":"98n2wnbfx6cnkkq"},"id":"rhae3fghkjk7kou","previousOperationId":"loubnkksbujo1cr"}
{"type":"log","timestamp":1704831546797,"level":"info","message":"Rendering (child) request finished in 2058 ms","meta":{"rootId":"qd5t3uw9wy79r3n","id":"98n2wnbfx6cnkkq"},"id":"jw42kh1f8di4gpo","previousOperationId":"loubnkksbujo1cr"}
{"type":"operationEnd","subtype":"render","operationId":"g7fdhsfuwcvkixl","timestamp":1704831546797,"id":"k9cq7d15d9kooax","previousEventId":"8bajabhlvb5qivk","previousOperationId":"loubnkksbujo1cr"}
{"type":"operationEnd","operationId":"prj5n0hvuk9x4ko","timestamp":1704831546813,"id":"bo6qlr8o7fuqg7s","previousEventId":"0ks5d4mtzuuwdd5","previousOperationId":"prj5n0hvuk9x4ko"}
{"type":"log","timestamp":1704831546813,"level":"debug","message":"pdf-utils postproces start","meta":{"rootId":"qd5t3uw9wy79r3n","id":"qd5t3uw9wy79r3n"},"id":"cj34hb2uej8gmei","previousOperationId":"prj5n0hvuk9x4ko"}
{"type":"log","timestamp":1704831546828,"level":"debug","message":"pdf-utils postproces end","meta":{"rootId":"qd5t3uw9wy79r3n","id":"qd5t3uw9wy79r3n"},"id":"5drhhjh4zrvrbcr","previousOperationId":"prj5n0hvuk9x4ko"}
{"type":"operationEnd","operationId":"z3sjv13e6zc3bbi","timestamp":1704831546828,"id":"9gqgox6o0xw41gj","previousEventId":"bo6qlr8o7fuqg7s","previousOperationId":"prj5n0hvuk9x4ko"}
{"type":"log","timestamp":1704831546828,"level":"info","message":"pdf-utils pdf processing was finished","meta":{"rootId":"qd5t3uw9wy79r3n","id":"qd5t3uw9wy79r3n"},"id":"g2oznpjlytoiy0r","previousOperationId":"z3sjv13e6zc3bbi"}
{"type":"log","timestamp":1704831546828,"level":"debug","message":"Skipping storing report.","meta":{"rootId":"qd5t3uw9wy79r3n","id":"qd5t3uw9wy79r3n"},"id":"6ook8kryqsgp0o2","previousOperationId":"z3sjv13e6zc3bbi"}
{"type":"log","timestamp":1704831546828,"level":"info","message":"Rendering request 24 finished in 2089 ms","meta":{"rootId":"qd5t3uw9wy79r3n","id":"qd5t3uw9wy79r3n"},"id":"9ky9krv6d2vl84j","previousOperationId":"z3sjv13e6zc3bbi"}
{"type":"operationEnd","subtype":"render","operationId":"i5rantg8rj9f2e8","timestamp":1704831546828,"id":"g13yek5pkkwa64z","previousEventId":"9gqgox6o0xw41gj","previousOperationId":"z3sjv13e6zc3bbi"}
{"type":"operationEnd","doDiffs":false,"previousEventId":"5t6vq2h1a3qgpnq","previousOperationId":"jxkj9r47yq2jywi","operationId":"jxkj9r47yq2jywi","timestamp":1704831546841,"id":"emdpaz0c9sumrja"}
