{"type":"operationStart","subtype":"profile","data":{"_id":"vUw72So2JmbIYrJw","timestamp":"2024-01-09T20:05:35.786Z","state":"queued","mode":"standard","creationDate":"2024-01-09T20:05:35.789Z","modificationDate":"2024-01-09T20:05:35.789Z","shortid":"BH93Z9O","$entitySet":"profiles"},"doDiffs":false,"timestamp":1704830735788,"id":"e03agyltv6xlhw0","previousOperationId":null,"operationId":"kn6pmee8rzqee9i"}
{"type":"log","level":"info","message":"Render request 7 queued for execution and waiting for available worker","previousOperationId":"kn6pmee8rzqee9i","timestamp":1704830735788,"id":"queyazgon5q0m9y"}
{"type":"operationStart","subtype":"render","name":"orders-main","previousOperationId":"kn6pmee8rzqee9i","timestamp":1704830735794,"id":"oadvuoanhraqvhi","previousEventId":"e03agyltv6xlhw0","operationId":"7mde8wkljin1xe4"}
{"type":"log","timestamp":1704830735794,"level":"info","message":"Starting rendering request 7","meta":{"rootId":"qtj5agcfse3vhkw","id":"qtj5agcfse3vhkw"},"id":"s472q8jaz67u9j0","previousOperationId":"7mde8wkljin1xe4"}
{"type":"log","timestamp":1704830735794,"level":"info","message":"Rendering template { name: orders-main, recipe: chrome-pdf, engine: handlebars, preview: false }","meta":{"rootId":"qtj5agcfse3vhkw","id":"qtj5agcfse3vhkw"},"id":"tctbq8f6r3xz6zg","previousOperationId":"7mde8wkljin1xe4"}
{"type":"log","timestamp":1704830735795,"level":"debug","message":"Data item not defined for this template.","meta":{"rootId":"qtj5agcfse3vhkw","id":"qtj5agcfse3vhkw"},"id":"2vo6y6q5i3hbyn4","previousOperationId":"7mde8wkljin1xe4"}
{"type":"log","timestamp":1704830735799,"level":"debug","message":"Executing script orders-script (beforeRender)","meta":{"rootId":"qtj5agcfse3vhkw","id":"qtj5agcfse3vhkw"},"id":"so3w8m9df27i5st","previousOperationId":"7mde8wkljin1xe4"}
{"type":"operationStart","subtype":"scriptsBeforeRender","name":"scripts beforeRender","timestamp":1704830735821,"id":"unugix6vqqkeyj1","previousEventId":"oadvuoanhraqvhi","operationId":"rqngg187572dotn","previousOperationId":"7mde8wkljin1xe4"}
{"type":"operationStart","subtype":"script","name":"scripts orders-script","previousOperationId":"rqngg187572dotn","timestamp":1704830735821,"id":"poqaf0ohuajqbwo","previousEventId":"unugix6vqqkeyj1","operationId":"lmz4j0mk7l6wa5k"}
{"type":"log","timestamp":1704830736779,"level":"debug","message":"(console:log) 1","meta":{"userLevel":true,"rootId":"qtj5agcfse3vhkw","id":"qtj5agcfse3vhkw"},"id":"xfaqkhdhty1y8co","previousOperationId":"lmz4j0mk7l6wa5k"}
{"type":"operationEnd","operationId":"lmz4j0mk7l6wa5k","timestamp":1704830737180,"id":"5l1wdcr2a7ptkvc","previousEventId":"oadvuoanhraqvhi","previousOperationId":"7mde8wkljin1xe4"}
{"type":"operationEnd","operationId":"rqngg187572dotn","timestamp":1704830737180,"id":"76fn7zsqudlh1lz","previousEventId":"5l1wdcr2a7ptkvc","previousOperationId":"7mde8wkljin1xe4"}
{"type":"log","timestamp":1704830737180,"level":"debug","message":"Base url not specified, skipping its injection.","meta":{"rootId":"qtj5agcfse3vhkw","id":"qtj5agcfse3vhkw"},"id":"jg3rd6kvp9yvebm","previousOperationId":"rqngg187572dotn"}
{"type":"operationStart","subtype":"engine","name":"handlebars","timestamp":1704830737180,"id":"l7o10lvl5yh93nx","previousEventId":"76fn7zsqudlh1lz","operationId":"s5now975is6exju","previousOperationId":"rqngg187572dotn"}
{"type":"log","timestamp":1704830737180,"level":"debug","message":"Rendering engine handlebars","meta":{"rootId":"qtj5agcfse3vhkw","id":"qtj5agcfse3vhkw"},"id":"0lm80onux886m9z","previousOperationId":"s5now975is6exju"}
{"type":"log","timestamp":1704830737188,"level":"debug","message":"(console:log) Pdf utils adding group field, value: \"France\"","meta":{"userLevel":true,"rootId":"qtj5agcfse3vhkw","id":"qtj5agcfse3vhkw"},"id":"wvz8gblg2h2rr49","previousOperationId":"s5now975is6exju"}
{"type":"log","timestamp":1704830737190,"level":"debug","message":"(console:log) Pdf utils adding group field, value: \"Germany\"","meta":{"userLevel":true,"rootId":"qtj5agcfse3vhkw","id":"qtj5agcfse3vhkw"},"id":"v3p5va4aldskonn","previousOperationId":"s5now975is6exju"}
{"type":"operationEnd","operationId":"s5now975is6exju","timestamp":1704830737191,"id":"5o8x8h9vdaod3yl","previousEventId":"l7o10lvl5yh93nx","previousOperationId":"s5now975is6exju"}
{"type":"operationStart","subtype":"recipe","name":"chrome-pdf","timestamp":1704830737192,"id":"fk29vcezbfwxfqj","previousEventId":"5o8x8h9vdaod3yl","operationId":"b8rfsr7fncntr44","previousOperationId":"s5now975is6exju"}
{"type":"log","timestamp":1704830737192,"level":"debug","message":"Executing recipe chrome-pdf","meta":{"rootId":"qtj5agcfse3vhkw","id":"qtj5agcfse3vhkw"},"id":"oouruv9q1tpx3bx","previousOperationId":"b8rfsr7fncntr44"}
{"type":"log","timestamp":1704830737196,"level":"debug","message":"Converting with chrome HeadlessChrome/117.0.5938.149 using chrome-pool strategy","meta":{"rootId":"qtj5agcfse3vhkw","id":"qtj5agcfse3vhkw"},"id":"992g3oqn0yj1vww","previousOperationId":"b8rfsr7fncntr44"}
{"type":"log","timestamp":1704830737315,"level":"debug","message":"Page request: GET (document) file:///C:/Users/arida/AppData/Local/Temp/jsreport/autocleanup/1e29d385-99b5-487b-b16e-1bb572e73af1-chrome-pdf.html","meta":{"rootId":"qtj5agcfse3vhkw","id":"qtj5agcfse3vhkw"},"id":"w1je4sircqframb","previousOperationId":"b8rfsr7fncntr44"}
{"type":"log","timestamp":1704830737366,"level":"debug","message":"Page request: GET (stylesheet) https://cdnjs.cloudflare.com/ajax/libs/metro/4.1.5/css/metro.min.css","meta":{"rootId":"qtj5agcfse3vhkw","id":"qtj5agcfse3vhkw"},"id":"gx3elm85pf6ln5l","previousOperationId":"b8rfsr7fncntr44"}
{"type":"log","timestamp":1704830737367,"level":"debug","message":"Page request: GET (script) https://cdnjs.cloudflare.com/ajax/libs/Chart.js/2.7.2/Chart.min.js","meta":{"rootId":"qtj5agcfse3vhkw","id":"qtj5agcfse3vhkw"},"id":"qs8tlem98dmyslg","previousOperationId":"b8rfsr7fncntr44"}
{"type":"log","timestamp":1704830737368,"level":"debug","message":"Page request finished: GET (document) 200 file:///C:/Users/arida/AppData/Local/Temp/jsreport/autocleanup/1e29d385-99b5-487b-b16e-1bb572e73af1-chrome-pdf.html","meta":{"rootId":"qtj5agcfse3vhkw","id":"qtj5agcfse3vhkw"},"id":"jdzmr5zzi0xzvy3","previousOperationId":"b8rfsr7fncntr44"}
{"type":"log","timestamp":1704830737391,"level":"debug","message":"Page request finished: GET (stylesheet) 200 https://cdnjs.cloudflare.com/ajax/libs/metro/4.1.5/css/metro.min.css","meta":{"rootId":"qtj5agcfse3vhkw","id":"qtj5agcfse3vhkw"},"id":"3awvrftxbotuwb2","previousOperationId":"b8rfsr7fncntr44"}
{"type":"log","timestamp":1704830737391,"level":"debug","message":"Page request finished: GET (script) 200 https://cdnjs.cloudflare.com/ajax/libs/Chart.js/2.7.2/Chart.min.js","meta":{"rootId":"qtj5agcfse3vhkw","id":"qtj5agcfse3vhkw"},"id":"9sbajyswlvetf9m","previousOperationId":"b8rfsr7fncntr44"}
{"type":"log","timestamp":1704830737463,"level":"debug","message":"Running chrome with params {\"printBackground\":true,\"marginTop\":\"4cm\",\"marginRight\":\"1.5cm\",\"marginBottom\":\"1.5cm\",\"marginLeft\":\"1.5cm\",\"waitForJS\":false,\"timeout\":58591,\"margin\":{\"top\":\"4cm\",\"right\":\"1.5cm\",\"bottom\":\"1.5cm\",\"left\":\"1.5cm\"}}","meta":{"rootId":"qtj5agcfse3vhkw","id":"qtj5agcfse3vhkw"},"id":"ysq29ko5pshguxd","previousOperationId":"b8rfsr7fncntr44"}
{"type":"operationEnd","operationId":"b8rfsr7fncntr44","timestamp":1704830737612,"id":"dmrvt6g4n9lq2we","previousEventId":"fk29vcezbfwxfqj","previousOperationId":"b8rfsr7fncntr44"}
{"type":"log","timestamp":1704830737612,"level":"info","message":"pdf-utils is starting pdf processing","meta":{"rootId":"qtj5agcfse3vhkw","id":"qtj5agcfse3vhkw"},"id":"m2lzwzdra01s883","previousOperationId":"b8rfsr7fncntr44"}
{"type":"operationStart","subtype":"pdfUtils","name":"pdf utils","timestamp":1704830737612,"id":"xqh4hoou8nvbxe8","previousEventId":"dmrvt6g4n9lq2we","operationId":"ru402dgqiin7nn4","previousOperationId":"b8rfsr7fncntr44"}
{"type":"log","timestamp":1704830737612,"level":"debug","message":"pdf-utils detected 1 pdf operation(s) to process","meta":{"rootId":"qtj5agcfse3vhkw","id":"qtj5agcfse3vhkw"},"id":"6kwb4qqkqtveg36","previousOperationId":"ru402dgqiin7nn4"}
{"type":"log","timestamp":1704830737653,"level":"debug","message":"pdf-utils running pdf operation merge","meta":{"rootId":"qtj5agcfse3vhkw","id":"qtj5agcfse3vhkw"},"id":"f0fnnptm7avz9u1","previousOperationId":"ru402dgqiin7nn4"}
{"type":"operationStart","subtype":"pdfUtilsMerge","name":"pdf utils merge","previousOperationId":"ru402dgqiin7nn4","timestamp":1704830737654,"id":"ysrqpabbbq1gg2f","previousEventId":"xqh4hoou8nvbxe8","operationId":"kha2f7ssd98dlom"}
{"type":"operationStart","subtype":"render","name":"orders-header","previousOperationId":"kha2f7ssd98dlom","timestamp":1704830737655,"id":"xwi7afkhysonmvu","previousEventId":"ysrqpabbbq1gg2f","operationId":"jdxz168nkurerdc"}
{"type":"log","timestamp":1704830737655,"level":"info","message":"Starting rendering (child) request","meta":{"rootId":"qtj5agcfse3vhkw","id":"wnfeagioov0vq4c"},"id":"gjszma9orq1ly9k","previousOperationId":"jdxz168nkurerdc"}
{"type":"log","timestamp":1704830737655,"level":"info","message":"Rendering template { name: orders-header, recipe: chrome-pdf, engine: handlebars, preview: false }","meta":{"rootId":"qtj5agcfse3vhkw","id":"wnfeagioov0vq4c"},"id":"272ogbwhqevcb3p","previousOperationId":"jdxz168nkurerdc"}
{"type":"log","timestamp":1704830737656,"level":"debug","message":"Inline data specified.","meta":{"rootId":"qtj5agcfse3vhkw","id":"wnfeagioov0vq4c"},"id":"2t54utmdfml461y","previousOperationId":"jdxz168nkurerdc"}
{"type":"log","timestamp":1704830737659,"level":"debug","message":"Base url not specified, skipping its injection.","meta":{"rootId":"qtj5agcfse3vhkw","id":"wnfeagioov0vq4c"},"id":"a00o0gmiycl2zl7","previousOperationId":"jdxz168nkurerdc"}
{"type":"operationStart","subtype":"engine","name":"handlebars","timestamp":1704830737659,"id":"fx3iqsmqhjjy851","previousEventId":"xwi7afkhysonmvu","operationId":"3q5pkqfq8i6l1kx","previousOperationId":"jdxz168nkurerdc"}
{"type":"log","timestamp":1704830737659,"level":"debug","message":"Rendering engine handlebars","meta":{"rootId":"qtj5agcfse3vhkw","id":"wnfeagioov0vq4c"},"id":"g6tj6pfprqycyi0","previousOperationId":"3q5pkqfq8i6l1kx"}
{"type":"operationEnd","operationId":"3q5pkqfq8i6l1kx","timestamp":1704830737678,"id":"pn02k869sa8v693","previousEventId":"fx3iqsmqhjjy851","previousOperationId":"3q5pkqfq8i6l1kx"}
{"type":"operationStart","subtype":"recipe","name":"chrome-pdf","timestamp":1704830737678,"id":"6hyv8sht04kf15k","previousEventId":"pn02k869sa8v693","operationId":"uw9e5dcmtc2cyzs","previousOperationId":"3q5pkqfq8i6l1kx"}
{"type":"log","timestamp":1704830737678,"level":"debug","message":"Executing recipe chrome-pdf","meta":{"rootId":"qtj5agcfse3vhkw","id":"wnfeagioov0vq4c"},"id":"rnxw8ccxgvv68g4","previousOperationId":"uw9e5dcmtc2cyzs"}
{"type":"log","timestamp":1704830737681,"level":"debug","message":"Converting with chrome HeadlessChrome/117.0.5938.149 using chrome-pool strategy","meta":{"rootId":"qtj5agcfse3vhkw","id":"wnfeagioov0vq4c"},"id":"3qaqpc1u0e163mj","previousOperationId":"uw9e5dcmtc2cyzs"}
{"type":"log","timestamp":1704830737795,"level":"debug","message":"Page request: GET (document) file:///C:/Users/arida/AppData/Local/Temp/jsreport/autocleanup/3ac51e49-df73-4a0d-b852-e9abacf10027-chrome-pdf.html","meta":{"rootId":"qtj5agcfse3vhkw","id":"wnfeagioov0vq4c"},"id":"lxej4ouccsusqsg","previousOperationId":"uw9e5dcmtc2cyzs"}
{"type":"log","timestamp":1704830737806,"level":"debug","message":"Page request: GET (stylesheet) https://cdnjs.cloudflare.com/ajax/libs/metro/4.1.5/css/metro.min.css","meta":{"rootId":"qtj5agcfse3vhkw","id":"wnfeagioov0vq4c"},"id":"rd717iazr7tra5u","previousOperationId":"uw9e5dcmtc2cyzs"}
{"type":"log","timestamp":1704830737806,"level":"debug","message":"Page request finished: GET (document) 200 file:///C:/Users/arida/AppData/Local/Temp/jsreport/autocleanup/3ac51e49-df73-4a0d-b852-e9abacf10027-chrome-pdf.html","meta":{"rootId":"qtj5agcfse3vhkw","id":"wnfeagioov0vq4c"},"id":"jei67g5j6343mga","previousOperationId":"uw9e5dcmtc2cyzs"}
{"type":"log","timestamp":1704830737827,"level":"debug","message":"Page request finished: GET (stylesheet) 200 https://cdnjs.cloudflare.com/ajax/libs/metro/4.1.5/css/metro.min.css","meta":{"rootId":"qtj5agcfse3vhkw","id":"wnfeagioov0vq4c"},"id":"9paxzc2va1w6ezz","previousOperationId":"uw9e5dcmtc2cyzs"}
{"type":"log","timestamp":1704830737849,"level":"debug","message":"Running chrome with params {\"printBackground\":true,\"marginTop\":\"1.5cm\",\"marginRight\":\"1.5cm\",\"marginLeft\":\"1.cm\",\"timeout\":58106,\"margin\":{\"top\":\"1.5cm\",\"right\":\"1.5cm\",\"left\":\"1.cm\"}}","meta":{"rootId":"qtj5agcfse3vhkw","id":"wnfeagioov0vq4c"},"id":"wyctk1vte6v7taz","previousOperationId":"uw9e5dcmtc2cyzs"}
{"type":"operationEnd","operationId":"uw9e5dcmtc2cyzs","timestamp":1704830737887,"id":"fv2etf7dwv7g3eg","previousEventId":"6hyv8sht04kf15k","previousOperationId":"uw9e5dcmtc2cyzs"}
{"type":"log","timestamp":1704830737887,"level":"debug","message":"Skipping storing report.","meta":{"rootId":"qtj5agcfse3vhkw","id":"wnfeagioov0vq4c"},"id":"sbu0kg8exjgtsyb","previousOperationId":"uw9e5dcmtc2cyzs"}
{"type":"log","timestamp":1704830737888,"level":"info","message":"Rendering (child) request finished in 2102 ms","meta":{"rootId":"qtj5agcfse3vhkw","id":"wnfeagioov0vq4c"},"id":"2eb0nibw0xkwbsp","previousOperationId":"uw9e5dcmtc2cyzs"}
{"type":"operationEnd","subtype":"render","operationId":"jdxz168nkurerdc","timestamp":1704830737888,"id":"gsz82zsr98rze1v","previousEventId":"fv2etf7dwv7g3eg","previousOperationId":"uw9e5dcmtc2cyzs"}
{"type":"operationEnd","operationId":"kha2f7ssd98dlom","timestamp":1704830737903,"id":"93y59iutbarz70g","previousEventId":"ysrqpabbbq1gg2f","previousOperationId":"kha2f7ssd98dlom"}
{"type":"log","timestamp":1704830737903,"level":"debug","message":"pdf-utils postproces start","meta":{"rootId":"qtj5agcfse3vhkw","id":"qtj5agcfse3vhkw"},"id":"a2vaulrq538t22k","previousOperationId":"kha2f7ssd98dlom"}
{"type":"log","timestamp":1704830737924,"level":"debug","message":"pdf-utils postproces end","meta":{"rootId":"qtj5agcfse3vhkw","id":"qtj5agcfse3vhkw"},"id":"1u4ly4f3k2atku1","previousOperationId":"kha2f7ssd98dlom"}
{"type":"operationEnd","operationId":"ru402dgqiin7nn4","timestamp":1704830737924,"id":"tjpph12w1t0z8zr","previousEventId":"93y59iutbarz70g","previousOperationId":"kha2f7ssd98dlom"}
{"type":"log","timestamp":1704830737924,"level":"info","message":"pdf-utils pdf processing was finished","meta":{"rootId":"qtj5agcfse3vhkw","id":"qtj5agcfse3vhkw"},"id":"im7d3cz0rsxnco4","previousOperationId":"ru402dgqiin7nn4"}
{"type":"log","timestamp":1704830737924,"level":"debug","message":"Skipping storing report.","meta":{"rootId":"qtj5agcfse3vhkw","id":"qtj5agcfse3vhkw"},"id":"dp8efiuw6siym56","previousOperationId":"ru402dgqiin7nn4"}
{"type":"log","timestamp":1704830737924,"level":"info","message":"Rendering request 7 finished in 2138 ms","meta":{"rootId":"qtj5agcfse3vhkw","id":"qtj5agcfse3vhkw"},"id":"t3iakdx0h0elxay","previousOperationId":"ru402dgqiin7nn4"}
{"type":"operationEnd","subtype":"render","operationId":"7mde8wkljin1xe4","timestamp":1704830737925,"id":"qyav1oyoqm9fyvq","previousEventId":"tjpph12w1t0z8zr","previousOperationId":"ru402dgqiin7nn4"}
{"type":"operationEnd","doDiffs":false,"previousEventId":"e03agyltv6xlhw0","previousOperationId":"kn6pmee8rzqee9i","operationId":"kn6pmee8rzqee9i","timestamp":1704830737933,"id":"jk85i2ul2eij5lv"}
