{"type":"operationStart","subtype":"profile","data":{"_id":"jTCXBuR8SfQCNpt6","timestamp":"2024-01-14T20:48:25.983Z","state":"queued","mode":"standard","creationDate":"2024-01-14T20:48:25.986Z","modificationDate":"2024-01-14T20:48:25.986Z","shortid":"ez5futP","$entitySet":"profiles"},"doDiffs":false,"timestamp":1705265305985,"id":"p4jughuhhrj0g92","previousOperationId":null,"operationId":"rkwimuydi23lsdx"}
{"type":"log","level":"info","message":"Render request 13 queued for execution and waiting for available worker","previousOperationId":"rkwimuydi23lsdx","timestamp":1705265305985,"id":"0f2pu7ft4w5jz4j"}
{"type":"operationStart","subtype":"render","name":"orders-main","previousOperationId":"rkwimuydi23lsdx","timestamp":1705265306001,"id":"b7l67woyzasylj0","previousEventId":"p4jughuhhrj0g92","operationId":"l394ncbxmykd07i"}
{"type":"log","timestamp":1705265306001,"level":"info","message":"Starting rendering request 13","meta":{"rootId":"r3qlpen1lfodmhs","id":"r3qlpen1lfodmhs"},"id":"up2s62syrf77dkh","previousOperationId":"l394ncbxmykd07i"}
{"type":"log","timestamp":1705265306002,"level":"info","message":"Rendering template { name: orders-main, recipe: chrome-pdf, engine: handlebars, preview: true }","meta":{"rootId":"r3qlpen1lfodmhs","id":"r3qlpen1lfodmhs"},"id":"zh1xyeob88qiwb2","previousOperationId":"l394ncbxmykd07i"}
{"type":"log","timestamp":1705265306003,"level":"debug","message":"Data item not defined for this template.","meta":{"rootId":"r3qlpen1lfodmhs","id":"r3qlpen1lfodmhs"},"id":"bqhoydclv9biiep","previousOperationId":"l394ncbxmykd07i"}
{"type":"log","timestamp":1705265306007,"level":"debug","message":"Executing script orders-script (beforeRender)","meta":{"rootId":"r3qlpen1lfodmhs","id":"r3qlpen1lfodmhs"},"id":"4toxuygpkqmj0l5","previousOperationId":"l394ncbxmykd07i"}
{"type":"operationStart","subtype":"scriptsBeforeRender","name":"scripts beforeRender","timestamp":1705265306025,"id":"qbcjr8l5vgwqdx8","previousEventId":"b7l67woyzasylj0","operationId":"9okwkup97rl9tnn","previousOperationId":"l394ncbxmykd07i"}
{"type":"operationStart","subtype":"script","name":"scripts orders-script","previousOperationId":"9okwkup97rl9tnn","timestamp":1705265306025,"id":"q8u6jlrjvp14klh","previousEventId":"qbcjr8l5vgwqdx8","operationId":"ecglr3755m8djpm"}
{"type":"operationEnd","operationId":"ecglr3755m8djpm","timestamp":1705265306039,"id":"48mt2ugx1x476yy","previousEventId":"b7l67woyzasylj0","previousOperationId":"l394ncbxmykd07i"}
{"type":"operationEnd","operationId":"9okwkup97rl9tnn","timestamp":1705265306039,"id":"gxlqowjvzp2hdfw","previousEventId":"48mt2ugx1x476yy","previousOperationId":"l394ncbxmykd07i"}
{"type":"log","timestamp":1705265306039,"level":"debug","message":"Base url not specified, skipping its injection.","meta":{"rootId":"r3qlpen1lfodmhs","id":"r3qlpen1lfodmhs"},"id":"i7op0onhkuwoncd","previousOperationId":"9okwkup97rl9tnn"}
{"type":"operationStart","subtype":"engine","name":"handlebars","timestamp":1705265306040,"id":"mo7r8y2cynargib","previousEventId":"gxlqowjvzp2hdfw","operationId":"zvapjz2yg0f6gnb","previousOperationId":"9okwkup97rl9tnn"}
{"type":"log","timestamp":1705265306040,"level":"debug","message":"Rendering engine handlebars","meta":{"rootId":"r3qlpen1lfodmhs","id":"r3qlpen1lfodmhs"},"id":"n5sized3kz4styw","previousOperationId":"zvapjz2yg0f6gnb"}
{"type":"operationEnd","operationId":"zvapjz2yg0f6gnb","timestamp":1705265306059,"id":"fzennk1bgwawyg1","previousEventId":"mo7r8y2cynargib","previousOperationId":"zvapjz2yg0f6gnb"}
{"type":"operationStart","subtype":"recipe","name":"chrome-pdf","timestamp":1705265306059,"id":"e9e8h2n0h7vl68e","previousEventId":"fzennk1bgwawyg1","operationId":"981ccluszsjw0j6","previousOperationId":"zvapjz2yg0f6gnb"}
{"type":"log","timestamp":1705265306059,"level":"debug","message":"Executing recipe chrome-pdf","meta":{"rootId":"r3qlpen1lfodmhs","id":"r3qlpen1lfodmhs"},"id":"qnbow886pszuv3s","previousOperationId":"981ccluszsjw0j6"}
{"type":"log","timestamp":1705265306262,"level":"debug","message":"Converting with chrome HeadlessChrome/117.0.5938.149 using chrome-pool strategy","meta":{"rootId":"r3qlpen1lfodmhs","id":"r3qlpen1lfodmhs"},"id":"kx12akjbyzkq8dr","previousOperationId":"981ccluszsjw0j6"}
{"type":"log","timestamp":1705265306485,"level":"debug","message":"Page request: GET (document) file:///C:/Users/arida/AppData/Local/Temp/jsreport/autocleanup/fff86b95-e99a-49a4-8d8e-9daffb2ce286-chrome-pdf.html","meta":{"rootId":"r3qlpen1lfodmhs","id":"r3qlpen1lfodmhs"},"id":"it83uhzl94ygpod","previousOperationId":"981ccluszsjw0j6"}
{"type":"log","timestamp":1705265306526,"level":"debug","message":"Page request: GET (stylesheet) https://cdnjs.cloudflare.com/ajax/libs/metro/4.1.5/css/metro.min.css","meta":{"rootId":"r3qlpen1lfodmhs","id":"r3qlpen1lfodmhs"},"id":"aeu29r0xuglkpm8","previousOperationId":"981ccluszsjw0j6"}
{"type":"log","timestamp":1705265306527,"level":"debug","message":"Page request: GET (script) https://cdnjs.cloudflare.com/ajax/libs/Chart.js/2.7.2/Chart.min.js","meta":{"rootId":"r3qlpen1lfodmhs","id":"r3qlpen1lfodmhs"},"id":"idrbgksliafhn50","previousOperationId":"981ccluszsjw0j6"}
{"type":"log","timestamp":1705265306527,"level":"debug","message":"Page request finished: GET (document) 200 file:///C:/Users/arida/AppData/Local/Temp/jsreport/autocleanup/fff86b95-e99a-49a4-8d8e-9daffb2ce286-chrome-pdf.html","meta":{"rootId":"r3qlpen1lfodmhs","id":"r3qlpen1lfodmhs"},"id":"e4e7p03fe5t0ms1","previousOperationId":"981ccluszsjw0j6"}
{"type":"log","timestamp":1705265306793,"level":"debug","message":"Page request finished: GET (stylesheet) 200 https://cdnjs.cloudflare.com/ajax/libs/metro/4.1.5/css/metro.min.css","meta":{"rootId":"r3qlpen1lfodmhs","id":"r3qlpen1lfodmhs"},"id":"dcbuhjsdr1yu5bz","previousOperationId":"981ccluszsjw0j6"}
{"type":"log","timestamp":1705265306812,"level":"debug","message":"Page request finished: GET (script) 200 https://cdnjs.cloudflare.com/ajax/libs/Chart.js/2.7.2/Chart.min.js","meta":{"rootId":"r3qlpen1lfodmhs","id":"r3qlpen1lfodmhs"},"id":"329u1n8ot6udtv0","previousOperationId":"981ccluszsjw0j6"}
{"type":"log","timestamp":1705265306821,"level":"warn","message":"Page error: \"undefined\" is not valid JSON\nJSON.parse (<anonymous>) , stack: SyntaxError: \"undefined\" is not valid JSON\nJSON.parse (<anonymous>)\n    at <anonymous> (file:///C:/Users/arida/AppData/Local/Temp/jsreport/autocleanup/fff86b95-e99a-49a4-8d8e-9daffb2ce286-chrome-pdf.html:20:14)","meta":{"rootId":"r3qlpen1lfodmhs","id":"r3qlpen1lfodmhs"},"id":"l4om4bdmw5x6z6x","previousOperationId":"981ccluszsjw0j6"}
{"type":"log","timestamp":1705265306821,"level":"warn","message":"Page error: \"undefined\" is not valid JSON\nJSON.parse (<anonymous>) , stack: SyntaxError: \"undefined\" is not valid JSON\nJSON.parse (<anonymous>)\n    at <anonymous> (file:///C:/Users/arida/AppData/Local/Temp/jsreport/autocleanup/fff86b95-e99a-49a4-8d8e-9daffb2ce286-chrome-pdf.html:51:14)","meta":{"rootId":"r3qlpen1lfodmhs","id":"r3qlpen1lfodmhs"},"id":"084j5eoj49mai7f","previousOperationId":"981ccluszsjw0j6"}
{"type":"log","timestamp":1705265306843,"level":"debug","message":"Running chrome with params {\"printBackground\":true,\"marginTop\":\"4cm\",\"marginRight\":\"1.5cm\",\"marginBottom\":\"1.5cm\",\"marginLeft\":\"1.5cm\",\"waitForJS\":false,\"timeout\":59921,\"margin\":{\"top\":\"4cm\",\"right\":\"1.5cm\",\"bottom\":\"1.5cm\",\"left\":\"1.5cm\"}}","meta":{"rootId":"r3qlpen1lfodmhs","id":"r3qlpen1lfodmhs"},"id":"culauue0571vwvc","previousOperationId":"981ccluszsjw0j6"}
{"type":"operationEnd","operationId":"981ccluszsjw0j6","timestamp":1705265306884,"id":"gthjh60vzvvidpd","previousEventId":"e9e8h2n0h7vl68e","previousOperationId":"981ccluszsjw0j6"}
{"type":"log","timestamp":1705265306884,"level":"info","message":"pdf-utils is starting pdf processing","meta":{"rootId":"r3qlpen1lfodmhs","id":"r3qlpen1lfodmhs"},"id":"zjsa51hxchc345e","previousOperationId":"981ccluszsjw0j6"}
{"type":"operationStart","subtype":"pdfUtils","name":"pdf utils","timestamp":1705265306884,"id":"nvqe040puggs6nu","previousEventId":"gthjh60vzvvidpd","operationId":"m9vcs0up8fg2t6t","previousOperationId":"981ccluszsjw0j6"}
{"type":"log","timestamp":1705265306884,"level":"debug","message":"pdf-utils detected 1 pdf operation(s) to process","meta":{"rootId":"r3qlpen1lfodmhs","id":"r3qlpen1lfodmhs"},"id":"fho4cxofu02zaho","previousOperationId":"m9vcs0up8fg2t6t"}
{"type":"log","timestamp":1705265306893,"level":"debug","message":"pdf-utils running pdf operation merge","meta":{"rootId":"r3qlpen1lfodmhs","id":"r3qlpen1lfodmhs"},"id":"akzuabr4zqewuq6","previousOperationId":"m9vcs0up8fg2t6t"}
{"type":"operationStart","subtype":"pdfUtilsMerge","name":"pdf utils merge","previousOperationId":"m9vcs0up8fg2t6t","timestamp":1705265306893,"id":"6xh1jc9jgweluuc","previousEventId":"nvqe040puggs6nu","operationId":"5ac16oi0rj3vgvo"}
{"type":"operationStart","subtype":"render","name":"orders-header","previousOperationId":"5ac16oi0rj3vgvo","timestamp":1705265306895,"id":"id4zb5vu6kfdq3m","previousEventId":"6xh1jc9jgweluuc","operationId":"vsaem4awj0gvq6e"}
{"type":"log","timestamp":1705265306895,"level":"info","message":"Starting rendering (child) request","meta":{"rootId":"r3qlpen1lfodmhs","id":"h4nh7xrlgl3k8u1"},"id":"a9nb4mi3g7afuq3","previousOperationId":"vsaem4awj0gvq6e"}
{"type":"log","timestamp":1705265306895,"level":"info","message":"Rendering template { name: orders-header, recipe: chrome-pdf, engine: handlebars, preview: true }","meta":{"rootId":"r3qlpen1lfodmhs","id":"h4nh7xrlgl3k8u1"},"id":"9tubzx92g8db0bs","previousOperationId":"vsaem4awj0gvq6e"}
{"type":"log","timestamp":1705265306896,"level":"debug","message":"Inline data specified.","meta":{"rootId":"r3qlpen1lfodmhs","id":"h4nh7xrlgl3k8u1"},"id":"g0siwscnpwr9t6x","previousOperationId":"vsaem4awj0gvq6e"}
{"type":"log","timestamp":1705265306898,"level":"debug","message":"Base url not specified, skipping its injection.","meta":{"rootId":"r3qlpen1lfodmhs","id":"h4nh7xrlgl3k8u1"},"id":"gk9lkywt0damtag","previousOperationId":"vsaem4awj0gvq6e"}
{"type":"operationStart","subtype":"engine","name":"handlebars","timestamp":1705265306899,"id":"4v7kt85fz6ynv63","previousEventId":"id4zb5vu6kfdq3m","operationId":"ttmzm1ttsmtgz66","previousOperationId":"vsaem4awj0gvq6e"}
{"type":"log","timestamp":1705265306899,"level":"debug","message":"Rendering engine handlebars","meta":{"rootId":"r3qlpen1lfodmhs","id":"h4nh7xrlgl3k8u1"},"id":"p4f5k9sc3w1zqm6","previousOperationId":"ttmzm1ttsmtgz66"}
{"type":"operationEnd","operationId":"ttmzm1ttsmtgz66","timestamp":1705265306920,"id":"52p1p0evaxdwebn","previousEventId":"4v7kt85fz6ynv63","previousOperationId":"ttmzm1ttsmtgz66"}
{"type":"operationStart","subtype":"recipe","name":"chrome-pdf","timestamp":1705265306920,"id":"blg4aac5pmrba97","previousEventId":"52p1p0evaxdwebn","operationId":"3mdhdudc4pglrdx","previousOperationId":"ttmzm1ttsmtgz66"}
{"type":"log","timestamp":1705265306920,"level":"debug","message":"Executing recipe chrome-pdf","meta":{"rootId":"r3qlpen1lfodmhs","id":"h4nh7xrlgl3k8u1"},"id":"rh0ujmbaz9nvmg3","previousOperationId":"3mdhdudc4pglrdx"}
{"type":"log","timestamp":1705265306923,"level":"debug","message":"Converting with chrome HeadlessChrome/117.0.5938.149 using chrome-pool strategy","meta":{"rootId":"r3qlpen1lfodmhs","id":"h4nh7xrlgl3k8u1"},"id":"vqy1m2vnccvok5q","previousOperationId":"3mdhdudc4pglrdx"}
{"type":"log","timestamp":1705265307046,"level":"debug","message":"Page request: GET (document) file:///C:/Users/arida/AppData/Local/Temp/jsreport/autocleanup/22b9d9d6-890e-4a30-a280-3f2ed236a867-chrome-pdf.html","meta":{"rootId":"r3qlpen1lfodmhs","id":"h4nh7xrlgl3k8u1"},"id":"5h0kxk0vk007hq5","previousOperationId":"3mdhdudc4pglrdx"}
{"type":"log","timestamp":1705265307057,"level":"debug","message":"Page request: GET (stylesheet) https://cdnjs.cloudflare.com/ajax/libs/metro/4.1.5/css/metro.min.css","meta":{"rootId":"r3qlpen1lfodmhs","id":"h4nh7xrlgl3k8u1"},"id":"6q8i1a6ol8sl91d","previousOperationId":"3mdhdudc4pglrdx"}
{"type":"log","timestamp":1705265307058,"level":"debug","message":"Page request finished: GET (document) 200 file:///C:/Users/arida/AppData/Local/Temp/jsreport/autocleanup/22b9d9d6-890e-4a30-a280-3f2ed236a867-chrome-pdf.html","meta":{"rootId":"r3qlpen1lfodmhs","id":"h4nh7xrlgl3k8u1"},"id":"5db98aif3rsd6bx","previousOperationId":"3mdhdudc4pglrdx"}
{"type":"log","timestamp":1705265307079,"level":"debug","message":"Page request finished: GET (stylesheet) 200 https://cdnjs.cloudflare.com/ajax/libs/metro/4.1.5/css/metro.min.css","meta":{"rootId":"r3qlpen1lfodmhs","id":"h4nh7xrlgl3k8u1"},"id":"ugy95xwa6qtu3e1","previousOperationId":"3mdhdudc4pglrdx"}
{"type":"log","timestamp":1705265307096,"level":"debug","message":"Running chrome with params {\"printBackground\":true,\"marginTop\":\"1.5cm\",\"marginRight\":\"1.5cm\",\"marginLeft\":\"1.cm\",\"timeout\":59061,\"margin\":{\"top\":\"1.5cm\",\"right\":\"1.5cm\",\"left\":\"1.cm\"}}","meta":{"rootId":"r3qlpen1lfodmhs","id":"h4nh7xrlgl3k8u1"},"id":"bzh6xvgh6boy5se","previousOperationId":"3mdhdudc4pglrdx"}
{"type":"operationEnd","operationId":"3mdhdudc4pglrdx","timestamp":1705265307130,"id":"k1o586e48a7rndf","previousEventId":"blg4aac5pmrba97","previousOperationId":"3mdhdudc4pglrdx"}
{"type":"log","timestamp":1705265307130,"level":"debug","message":"Skipping storing report.","meta":{"rootId":"r3qlpen1lfodmhs","id":"h4nh7xrlgl3k8u1"},"id":"os7tpk42qhcs4ih","previousOperationId":"3mdhdudc4pglrdx"}
{"type":"log","timestamp":1705265307130,"level":"info","message":"Rendering (child) request finished in 1147 ms","meta":{"rootId":"r3qlpen1lfodmhs","id":"h4nh7xrlgl3k8u1"},"id":"idhnuuqdycgum63","previousOperationId":"3mdhdudc4pglrdx"}
{"type":"operationEnd","subtype":"render","operationId":"vsaem4awj0gvq6e","timestamp":1705265307130,"id":"m6new5qjdylgwz1","previousEventId":"k1o586e48a7rndf","previousOperationId":"3mdhdudc4pglrdx"}
{"type":"operationEnd","operationId":"5ac16oi0rj3vgvo","timestamp":1705265307137,"id":"uisukt1oocsoo3z","previousEventId":"6xh1jc9jgweluuc","previousOperationId":"5ac16oi0rj3vgvo"}
{"type":"log","timestamp":1705265307137,"level":"debug","message":"pdf-utils postproces start","meta":{"rootId":"r3qlpen1lfodmhs","id":"r3qlpen1lfodmhs"},"id":"7ymevplf8fv18s7","previousOperationId":"5ac16oi0rj3vgvo"}
{"type":"log","timestamp":1705265307143,"level":"debug","message":"pdf-utils postproces end","meta":{"rootId":"r3qlpen1lfodmhs","id":"r3qlpen1lfodmhs"},"id":"sahlhrsu7qyylgq","previousOperationId":"5ac16oi0rj3vgvo"}
{"type":"operationEnd","operationId":"m9vcs0up8fg2t6t","timestamp":1705265307143,"id":"znadh0tsiozlukz","previousEventId":"uisukt1oocsoo3z","previousOperationId":"5ac16oi0rj3vgvo"}
{"type":"log","timestamp":1705265307143,"level":"info","message":"pdf-utils pdf processing was finished","meta":{"rootId":"r3qlpen1lfodmhs","id":"r3qlpen1lfodmhs"},"id":"7w9vwzrtpsuyw95","previousOperationId":"m9vcs0up8fg2t6t"}
{"type":"log","timestamp":1705265307143,"level":"debug","message":"Skipping storing report.","meta":{"rootId":"r3qlpen1lfodmhs","id":"r3qlpen1lfodmhs"},"id":"z0xd38i5dj1uez9","previousOperationId":"m9vcs0up8fg2t6t"}
{"type":"log","timestamp":1705265307143,"level":"info","message":"Rendering request 13 finished in 1160 ms","meta":{"rootId":"r3qlpen1lfodmhs","id":"r3qlpen1lfodmhs"},"id":"t6xcd2f0c7cpup1","previousOperationId":"m9vcs0up8fg2t6t"}
{"type":"operationEnd","subtype":"render","operationId":"l394ncbxmykd07i","timestamp":1705265307143,"id":"fw87np1n60q39ng","previousEventId":"znadh0tsiozlukz","previousOperationId":"m9vcs0up8fg2t6t"}
{"type":"operationEnd","doDiffs":false,"previousEventId":"p4jughuhhrj0g92","previousOperationId":"rkwimuydi23lsdx","operationId":"rkwimuydi23lsdx","timestamp":1705265307159,"id":"xqbj0t29k4upkog"}
