{"type":"operationStart","subtype":"profile","data":{"_id":"fJcT6pZBQh9FfuPu","timestamp":"2024-01-14T19:47:08.712Z","state":"queued","mode":"standard","creationDate":"2024-01-14T19:47:08.715Z","modificationDate":"2024-01-14T19:47:08.715Z","shortid":"sMV3uLb","$entitySet":"profiles"},"doDiffs":false,"timestamp":1705261628714,"id":"jv2v8verw4d9gla","previousOperationId":null,"operationId":"71sk041go848csg"}
{"type":"log","level":"info","message":"Render request 5 queued for execution and waiting for available worker","previousOperationId":"71sk041go848csg","timestamp":1705261628714,"id":"yb51qwuiwsp87de"}
{"type":"operationStart","subtype":"render","name":"orders-main","previousOperationId":"71sk041go848csg","timestamp":1705261628730,"id":"i4a175wg0ljhaf6","previousEventId":"jv2v8verw4d9gla","operationId":"gz7597t5xbjes20"}
{"type":"log","timestamp":1705261628730,"level":"info","message":"Starting rendering request 5","meta":{"rootId":"rrqsa3hiwwfg4ed","id":"rrqsa3hiwwfg4ed"},"id":"ya60rr91jwee25m","previousOperationId":"gz7597t5xbjes20"}
{"type":"log","timestamp":1705261628730,"level":"info","message":"Rendering template { name: orders-main, recipe: chrome-pdf, engine: handlebars, preview: true }","meta":{"rootId":"rrqsa3hiwwfg4ed","id":"rrqsa3hiwwfg4ed"},"id":"l7t3hiqwvpunah6","previousOperationId":"gz7597t5xbjes20"}
{"type":"log","timestamp":1705261628731,"level":"debug","message":"Data item not defined for this template.","meta":{"rootId":"rrqsa3hiwwfg4ed","id":"rrqsa3hiwwfg4ed"},"id":"m5lmtboomuw4b1k","previousOperationId":"gz7597t5xbjes20"}
{"type":"log","timestamp":1705261628734,"level":"debug","message":"Executing script orders-script (beforeRender)","meta":{"rootId":"rrqsa3hiwwfg4ed","id":"rrqsa3hiwwfg4ed"},"id":"i56y7docanhr9d5","previousOperationId":"gz7597t5xbjes20"}
{"type":"operationStart","subtype":"scriptsBeforeRender","name":"scripts beforeRender","timestamp":1705261628744,"id":"61fwyfzzmpm9f6n","previousEventId":"i4a175wg0ljhaf6","operationId":"0pkn17fugpsvgsc","previousOperationId":"gz7597t5xbjes20"}
{"type":"operationStart","subtype":"script","name":"scripts orders-script","previousOperationId":"0pkn17fugpsvgsc","timestamp":1705261628744,"id":"nyxn30s9ch996mo","previousEventId":"61fwyfzzmpm9f6n","operationId":"gbdeph19sozkjd6"}
{"type":"operationEnd","operationId":"gbdeph19sozkjd6","timestamp":1705261628757,"id":"k7s4gglrdzsu2c6","previousEventId":"i4a175wg0ljhaf6","previousOperationId":"gz7597t5xbjes20"}
{"type":"operationEnd","operationId":"0pkn17fugpsvgsc","timestamp":1705261628757,"id":"aq0cxho1f3veoh2","previousEventId":"k7s4gglrdzsu2c6","previousOperationId":"gz7597t5xbjes20"}
{"type":"log","timestamp":1705261628757,"level":"debug","message":"Base url not specified, skipping its injection.","meta":{"rootId":"rrqsa3hiwwfg4ed","id":"rrqsa3hiwwfg4ed"},"id":"jcemh5rao4p7aq2","previousOperationId":"0pkn17fugpsvgsc"}
{"type":"operationStart","subtype":"engine","name":"handlebars","timestamp":1705261628757,"id":"pjm58ru1c1xb2g5","previousEventId":"aq0cxho1f3veoh2","operationId":"z7kn1hdtswi3v9d","previousOperationId":"0pkn17fugpsvgsc"}
{"type":"log","timestamp":1705261628757,"level":"debug","message":"Rendering engine handlebars","meta":{"rootId":"rrqsa3hiwwfg4ed","id":"rrqsa3hiwwfg4ed"},"id":"0lsgm14z4kr2scf","previousOperationId":"z7kn1hdtswi3v9d"}
{"type":"operationEnd","operationId":"z7kn1hdtswi3v9d","timestamp":1705261628775,"id":"gdkto2mmluymqww","previousEventId":"pjm58ru1c1xb2g5","previousOperationId":"z7kn1hdtswi3v9d"}
{"type":"operationStart","subtype":"recipe","name":"chrome-pdf","timestamp":1705261628775,"id":"i9hbs2ld825i88h","previousEventId":"gdkto2mmluymqww","operationId":"zqceeycmqdg5oiv","previousOperationId":"z7kn1hdtswi3v9d"}
{"type":"log","timestamp":1705261628775,"level":"debug","message":"Executing recipe chrome-pdf","meta":{"rootId":"rrqsa3hiwwfg4ed","id":"rrqsa3hiwwfg4ed"},"id":"wlhgdv06lqq943a","previousOperationId":"zqceeycmqdg5oiv"}
{"type":"log","timestamp":1705261628778,"level":"debug","message":"Converting with chrome HeadlessChrome/117.0.5938.149 using chrome-pool strategy","meta":{"rootId":"rrqsa3hiwwfg4ed","id":"rrqsa3hiwwfg4ed"},"id":"u9cxqa4nzuocfgr","previousOperationId":"zqceeycmqdg5oiv"}
{"type":"log","timestamp":1705261628920,"level":"debug","message":"Page request: GET (document) file:///C:/Users/arida/AppData/Local/Temp/jsreport/autocleanup/cd6887ec-10ec-41ad-9ab8-f83d15fa2716-chrome-pdf.html","meta":{"rootId":"rrqsa3hiwwfg4ed","id":"rrqsa3hiwwfg4ed"},"id":"44hyf08n6lz4mbj","previousOperationId":"zqceeycmqdg5oiv"}
{"type":"log","timestamp":1705261628949,"level":"debug","message":"Page request: GET (stylesheet) https://cdnjs.cloudflare.com/ajax/libs/metro/4.1.5/css/metro.min.css","meta":{"rootId":"rrqsa3hiwwfg4ed","id":"rrqsa3hiwwfg4ed"},"id":"ynbcfgjw11iq8lr","previousOperationId":"zqceeycmqdg5oiv"}
{"type":"log","timestamp":1705261628950,"level":"debug","message":"Page request: GET (script) https://cdnjs.cloudflare.com/ajax/libs/Chart.js/2.7.2/Chart.min.js","meta":{"rootId":"rrqsa3hiwwfg4ed","id":"rrqsa3hiwwfg4ed"},"id":"4f8887jah1p0bhp","previousOperationId":"zqceeycmqdg5oiv"}
{"type":"log","timestamp":1705261628950,"level":"debug","message":"Page request finished: GET (document) 200 file:///C:/Users/arida/AppData/Local/Temp/jsreport/autocleanup/cd6887ec-10ec-41ad-9ab8-f83d15fa2716-chrome-pdf.html","meta":{"rootId":"rrqsa3hiwwfg4ed","id":"rrqsa3hiwwfg4ed"},"id":"xukvc2ong9dce1t","previousOperationId":"zqceeycmqdg5oiv"}
{"type":"log","timestamp":1705261628974,"level":"debug","message":"Page request finished: GET (stylesheet) 200 https://cdnjs.cloudflare.com/ajax/libs/metro/4.1.5/css/metro.min.css","meta":{"rootId":"rrqsa3hiwwfg4ed","id":"rrqsa3hiwwfg4ed"},"id":"38qrmams4yfy71f","previousOperationId":"zqceeycmqdg5oiv"}
{"type":"log","timestamp":1705261628975,"level":"debug","message":"Page request finished: GET (script) 200 https://cdnjs.cloudflare.com/ajax/libs/Chart.js/2.7.2/Chart.min.js","meta":{"rootId":"rrqsa3hiwwfg4ed","id":"rrqsa3hiwwfg4ed"},"id":"ragw8ry50ju70dk","previousOperationId":"zqceeycmqdg5oiv"}
{"type":"log","timestamp":1705261628982,"level":"warn","message":"Page error: \"undefined\" is not valid JSON\nJSON.parse (<anonymous>) , stack: SyntaxError: \"undefined\" is not valid JSON\nJSON.parse (<anonymous>)\n    at <anonymous> (file:///C:/Users/arida/AppData/Local/Temp/jsreport/autocleanup/cd6887ec-10ec-41ad-9ab8-f83d15fa2716-chrome-pdf.html:35:12)","meta":{"rootId":"rrqsa3hiwwfg4ed","id":"rrqsa3hiwwfg4ed"},"id":"mbpbd43yv8d44fk","previousOperationId":"zqceeycmqdg5oiv"}
{"type":"log","timestamp":1705261629013,"level":"debug","message":"Running chrome with params {\"printBackground\":true,\"marginTop\":\"4cm\",\"marginRight\":\"1.5cm\",\"marginBottom\":\"1.5cm\",\"marginLeft\":\"1.5cm\",\"waitForJS\":false,\"timeout\":59935,\"margin\":{\"top\":\"4cm\",\"right\":\"1.5cm\",\"bottom\":\"1.5cm\",\"left\":\"1.5cm\"}}","meta":{"rootId":"rrqsa3hiwwfg4ed","id":"rrqsa3hiwwfg4ed"},"id":"9o7d78qcvctdqos","previousOperationId":"zqceeycmqdg5oiv"}
{"type":"operationEnd","operationId":"zqceeycmqdg5oiv","timestamp":1705261629068,"id":"naqd7l7hpa46oei","previousEventId":"i9hbs2ld825i88h","previousOperationId":"zqceeycmqdg5oiv"}
{"type":"log","timestamp":1705261629068,"level":"info","message":"pdf-utils is starting pdf processing","meta":{"rootId":"rrqsa3hiwwfg4ed","id":"rrqsa3hiwwfg4ed"},"id":"pzx6sj2g3i0zeha","previousOperationId":"zqceeycmqdg5oiv"}
{"type":"operationStart","subtype":"pdfUtils","name":"pdf utils","timestamp":1705261629068,"id":"uw98elyfvr6bgj3","previousEventId":"naqd7l7hpa46oei","operationId":"wnrbcjwx0wzocg4","previousOperationId":"zqceeycmqdg5oiv"}
{"type":"log","timestamp":1705261629069,"level":"debug","message":"pdf-utils detected 1 pdf operation(s) to process","meta":{"rootId":"rrqsa3hiwwfg4ed","id":"rrqsa3hiwwfg4ed"},"id":"947gg0fvzarakpb","previousOperationId":"wnrbcjwx0wzocg4"}
{"type":"log","timestamp":1705261629086,"level":"debug","message":"pdf-utils running pdf operation merge","meta":{"rootId":"rrqsa3hiwwfg4ed","id":"rrqsa3hiwwfg4ed"},"id":"2vyfrb6v6urq2ss","previousOperationId":"wnrbcjwx0wzocg4"}
{"type":"operationStart","subtype":"pdfUtilsMerge","name":"pdf utils merge","previousOperationId":"wnrbcjwx0wzocg4","timestamp":1705261629086,"id":"wr4t25qvavpcajr","previousEventId":"uw98elyfvr6bgj3","operationId":"aisq0z24eyfyneo"}
{"type":"operationStart","subtype":"render","name":"orders-header","previousOperationId":"aisq0z24eyfyneo","timestamp":1705261629087,"id":"kl0zqvq7h75ufa0","previousEventId":"wr4t25qvavpcajr","operationId":"83tslrstpl85u8p"}
{"type":"log","timestamp":1705261629087,"level":"info","message":"Starting rendering (child) request","meta":{"rootId":"rrqsa3hiwwfg4ed","id":"x05xn0xq3m0aekw"},"id":"jqptsa6vzky4q5u","previousOperationId":"83tslrstpl85u8p"}
{"type":"log","timestamp":1705261629087,"level":"info","message":"Rendering template { name: orders-header, recipe: chrome-pdf, engine: handlebars, preview: true }","meta":{"rootId":"rrqsa3hiwwfg4ed","id":"x05xn0xq3m0aekw"},"id":"oznykyha3xttd3v","previousOperationId":"83tslrstpl85u8p"}
{"type":"log","timestamp":1705261629097,"level":"debug","message":"Inline data specified.","meta":{"rootId":"rrqsa3hiwwfg4ed","id":"x05xn0xq3m0aekw"},"id":"2g5zz7eh8vo3lfb","previousOperationId":"83tslrstpl85u8p"}
{"type":"log","timestamp":1705261629100,"level":"debug","message":"Base url not specified, skipping its injection.","meta":{"rootId":"rrqsa3hiwwfg4ed","id":"x05xn0xq3m0aekw"},"id":"948yis3fcenz8rg","previousOperationId":"83tslrstpl85u8p"}
{"type":"operationStart","subtype":"engine","name":"handlebars","timestamp":1705261629101,"id":"0ur9mzsbulkljg3","previousEventId":"kl0zqvq7h75ufa0","operationId":"h9wzk37b9g463rs","previousOperationId":"83tslrstpl85u8p"}
{"type":"log","timestamp":1705261629101,"level":"debug","message":"Rendering engine handlebars","meta":{"rootId":"rrqsa3hiwwfg4ed","id":"x05xn0xq3m0aekw"},"id":"4eac9pthsju14sl","previousOperationId":"h9wzk37b9g463rs"}
{"type":"operationEnd","operationId":"h9wzk37b9g463rs","timestamp":1705261629123,"id":"o3fmrirpxnr0mga","previousEventId":"0ur9mzsbulkljg3","previousOperationId":"h9wzk37b9g463rs"}
{"type":"operationStart","subtype":"recipe","name":"chrome-pdf","timestamp":1705261629123,"id":"f884pkwy4r9xw28","previousEventId":"o3fmrirpxnr0mga","operationId":"g66e5ebs3ogcu5n","previousOperationId":"h9wzk37b9g463rs"}
{"type":"log","timestamp":1705261629123,"level":"debug","message":"Executing recipe chrome-pdf","meta":{"rootId":"rrqsa3hiwwfg4ed","id":"x05xn0xq3m0aekw"},"id":"b75uzth1mrftbqc","previousOperationId":"g66e5ebs3ogcu5n"}
{"type":"log","timestamp":1705261629126,"level":"debug","message":"Converting with chrome HeadlessChrome/117.0.5938.149 using chrome-pool strategy","meta":{"rootId":"rrqsa3hiwwfg4ed","id":"x05xn0xq3m0aekw"},"id":"80x0szshee22h9d","previousOperationId":"g66e5ebs3ogcu5n"}
{"type":"log","timestamp":1705261629256,"level":"debug","message":"Page request: GET (document) file:///C:/Users/arida/AppData/Local/Temp/jsreport/autocleanup/89ef3558-3468-41cf-9c61-6812f3383d3c-chrome-pdf.html","meta":{"rootId":"rrqsa3hiwwfg4ed","id":"x05xn0xq3m0aekw"},"id":"gtvivnjt1dxykfu","previousOperationId":"g66e5ebs3ogcu5n"}
{"type":"log","timestamp":1705261629268,"level":"debug","message":"Page request: GET (stylesheet) https://cdnjs.cloudflare.com/ajax/libs/metro/4.1.5/css/metro.min.css","meta":{"rootId":"rrqsa3hiwwfg4ed","id":"x05xn0xq3m0aekw"},"id":"9blkalrlb6ctrat","previousOperationId":"g66e5ebs3ogcu5n"}
{"type":"log","timestamp":1705261629268,"level":"debug","message":"Page request finished: GET (document) 200 file:///C:/Users/arida/AppData/Local/Temp/jsreport/autocleanup/89ef3558-3468-41cf-9c61-6812f3383d3c-chrome-pdf.html","meta":{"rootId":"rrqsa3hiwwfg4ed","id":"x05xn0xq3m0aekw"},"id":"q9sc2swgy4mzu1d","previousOperationId":"g66e5ebs3ogcu5n"}
{"type":"log","timestamp":1705261629287,"level":"debug","message":"Page request finished: GET (stylesheet) 200 https://cdnjs.cloudflare.com/ajax/libs/metro/4.1.5/css/metro.min.css","meta":{"rootId":"rrqsa3hiwwfg4ed","id":"x05xn0xq3m0aekw"},"id":"thuioyodj9mok4b","previousOperationId":"g66e5ebs3ogcu5n"}
{"type":"log","timestamp":1705261629304,"level":"debug","message":"Running chrome with params {\"printBackground\":true,\"marginTop\":\"1.5cm\",\"marginRight\":\"1.5cm\",\"marginLeft\":\"1.cm\",\"timeout\":59587,\"margin\":{\"top\":\"1.5cm\",\"right\":\"1.5cm\",\"left\":\"1.cm\"}}","meta":{"rootId":"rrqsa3hiwwfg4ed","id":"x05xn0xq3m0aekw"},"id":"tms2tn59pf8zn8k","previousOperationId":"g66e5ebs3ogcu5n"}
{"type":"operationEnd","operationId":"g66e5ebs3ogcu5n","timestamp":1705261629345,"id":"xaof9qdiqq88k2o","previousEventId":"f884pkwy4r9xw28","previousOperationId":"g66e5ebs3ogcu5n"}
{"type":"log","timestamp":1705261629345,"level":"debug","message":"Skipping storing report.","meta":{"rootId":"rrqsa3hiwwfg4ed","id":"x05xn0xq3m0aekw"},"id":"982u2xn41ac0oqs","previousOperationId":"g66e5ebs3ogcu5n"}
{"type":"log","timestamp":1705261629346,"level":"info","message":"Rendering (child) request finished in 633 ms","meta":{"rootId":"rrqsa3hiwwfg4ed","id":"x05xn0xq3m0aekw"},"id":"vyyom0mznfcpjh3","previousOperationId":"g66e5ebs3ogcu5n"}
{"type":"operationEnd","subtype":"render","operationId":"83tslrstpl85u8p","timestamp":1705261629346,"id":"sqrm34om78n48i5","previousEventId":"xaof9qdiqq88k2o","previousOperationId":"g66e5ebs3ogcu5n"}
{"type":"operationEnd","operationId":"aisq0z24eyfyneo","timestamp":1705261629355,"id":"p3ansmuse4kos4z","previousEventId":"wr4t25qvavpcajr","previousOperationId":"aisq0z24eyfyneo"}
{"type":"log","timestamp":1705261629355,"level":"debug","message":"pdf-utils postproces start","meta":{"rootId":"rrqsa3hiwwfg4ed","id":"rrqsa3hiwwfg4ed"},"id":"q8hxj1mf488gxd7","previousOperationId":"aisq0z24eyfyneo"}
{"type":"log","timestamp":1705261629362,"level":"debug","message":"pdf-utils postproces end","meta":{"rootId":"rrqsa3hiwwfg4ed","id":"rrqsa3hiwwfg4ed"},"id":"vjb0qceetdck8ao","previousOperationId":"aisq0z24eyfyneo"}
{"type":"operationEnd","operationId":"wnrbcjwx0wzocg4","timestamp":1705261629362,"id":"8hkd05p6o8qgip6","previousEventId":"p3ansmuse4kos4z","previousOperationId":"aisq0z24eyfyneo"}
{"type":"log","timestamp":1705261629362,"level":"info","message":"pdf-utils pdf processing was finished","meta":{"rootId":"rrqsa3hiwwfg4ed","id":"rrqsa3hiwwfg4ed"},"id":"3bydu07e3h8ypfu","previousOperationId":"wnrbcjwx0wzocg4"}
{"type":"log","timestamp":1705261629362,"level":"debug","message":"Skipping storing report.","meta":{"rootId":"rrqsa3hiwwfg4ed","id":"rrqsa3hiwwfg4ed"},"id":"hhtp1o2qc2307ja","previousOperationId":"wnrbcjwx0wzocg4"}
{"type":"log","timestamp":1705261629362,"level":"info","message":"Rendering request 5 finished in 650 ms","meta":{"rootId":"rrqsa3hiwwfg4ed","id":"rrqsa3hiwwfg4ed"},"id":"dht02spwk13pixk","previousOperationId":"wnrbcjwx0wzocg4"}
{"type":"operationEnd","subtype":"render","operationId":"gz7597t5xbjes20","timestamp":1705261629363,"id":"fzejbs6hn9m0xpe","previousEventId":"8hkd05p6o8qgip6","previousOperationId":"wnrbcjwx0wzocg4"}
{"type":"operationEnd","doDiffs":false,"previousEventId":"jv2v8verw4d9gla","previousOperationId":"71sk041go848csg","operationId":"71sk041go848csg","timestamp":1705261629375,"id":"8argjeezkssqoo8"}
