{"type":"operationStart","subtype":"profile","data":{"_id":"5vn2qxcxwn0u4kl8","timestamp":"2024-01-14T17:33:59.749Z","state":"queued","mode":"standard","creationDate":"2024-01-14T17:33:59.756Z","modificationDate":"2024-01-14T17:33:59.756Z","shortid":"Pj3NfD7","$entitySet":"profiles"},"doDiffs":false,"timestamp":1705253639752,"id":"od5qs0p99e2vd7d","previousOperationId":null,"operationId":"nnvipwrjvs2vydx"}
{"type":"log","level":"info","message":"Render request 1 queued for execution and waiting for available worker","previousOperationId":"nnvipwrjvs2vydx","timestamp":1705253639753,"id":"5vighphl7jnbuwl"}
{"type":"operationStart","subtype":"render","name":"orders-main","previousOperationId":"nnvipwrjvs2vydx","timestamp":1705253639801,"id":"nqga9oikjnpugjy","previousEventId":"od5qs0p99e2vd7d","operationId":"609jqkc5esgao90"}
{"type":"log","timestamp":1705253639802,"level":"info","message":"Starting rendering request 1","meta":{"rootId":"s27qjy9lzgs4qor","id":"s27qjy9lzgs4qor"},"id":"f41p962uxdr8znx","previousOperationId":"609jqkc5esgao90"}
{"type":"log","timestamp":1705253639804,"level":"info","message":"Rendering template { name: orders-main, recipe: chrome-pdf, engine: handlebars, preview: true }","meta":{"rootId":"s27qjy9lzgs4qor","id":"s27qjy9lzgs4qor"},"id":"00q481sr93aiirf","previousOperationId":"609jqkc5esgao90"}
{"type":"log","timestamp":1705253639808,"level":"debug","message":"Data item not defined for this template.","meta":{"rootId":"s27qjy9lzgs4qor","id":"s27qjy9lzgs4qor"},"id":"ai7b7mfp5dgu0qk","previousOperationId":"609jqkc5esgao90"}
{"type":"log","timestamp":1705253639813,"level":"debug","message":"Executing script orders-script (beforeRender)","meta":{"rootId":"s27qjy9lzgs4qor","id":"s27qjy9lzgs4qor"},"id":"yii517bjtd2jmmx","previousOperationId":"609jqkc5esgao90"}
{"type":"operationStart","subtype":"scriptsBeforeRender","name":"scripts beforeRender","timestamp":1705253640218,"id":"tkc1u9njnt6xfct","previousEventId":"nqga9oikjnpugjy","operationId":"s21mnnwhyfforj5","previousOperationId":"609jqkc5esgao90"}
{"type":"operationStart","subtype":"script","name":"scripts orders-script","previousOperationId":"s21mnnwhyfforj5","timestamp":1705253640218,"id":"d25on9otuqkpkdp","previousEventId":"tkc1u9njnt6xfct","operationId":"v7htapw2u8c8tjl"}
{"type":"log","timestamp":1705253640258,"level":"debug","message":"(console:log) undefined","meta":{"userLevel":true,"rootId":"s27qjy9lzgs4qor","id":"s27qjy9lzgs4qor"},"id":"gk464dnc4zhrisy","previousOperationId":"v7htapw2u8c8tjl"}
{"type":"operationEnd","operationId":"v7htapw2u8c8tjl","timestamp":1705253640260,"id":"1syffm89342zr6c","previousEventId":"nqga9oikjnpugjy","previousOperationId":"609jqkc5esgao90"}
{"type":"operationEnd","operationId":"s21mnnwhyfforj5","timestamp":1705253640260,"id":"ae5jbuludt5uwnp","previousEventId":"1syffm89342zr6c","previousOperationId":"609jqkc5esgao90"}
{"type":"log","timestamp":1705253640260,"level":"debug","message":"Base url not specified, skipping its injection.","meta":{"rootId":"s27qjy9lzgs4qor","id":"s27qjy9lzgs4qor"},"id":"rdknwctx65aghxi","previousOperationId":"s21mnnwhyfforj5"}
{"type":"operationStart","subtype":"engine","name":"handlebars","timestamp":1705253640262,"id":"eb4moc4lu2i8tbi","previousEventId":"ae5jbuludt5uwnp","operationId":"dzp77mm69sm1hxr","previousOperationId":"s21mnnwhyfforj5"}
{"type":"log","timestamp":1705253640262,"level":"debug","message":"Rendering engine handlebars","meta":{"rootId":"s27qjy9lzgs4qor","id":"s27qjy9lzgs4qor"},"id":"njpax3oj19hyi5m","previousOperationId":"dzp77mm69sm1hxr"}
{"type":"operationEnd","operationId":"dzp77mm69sm1hxr","timestamp":1705253640680,"id":"qz6ncz57dlridhh","previousEventId":"eb4moc4lu2i8tbi","previousOperationId":"dzp77mm69sm1hxr"}
{"type":"operationStart","subtype":"recipe","name":"chrome-pdf","timestamp":1705253640681,"id":"ug0pdu4axw2bfqf","previousEventId":"qz6ncz57dlridhh","operationId":"qqvk5316j5xe1b4","previousOperationId":"dzp77mm69sm1hxr"}
{"type":"log","timestamp":1705253640681,"level":"debug","message":"Executing recipe chrome-pdf","meta":{"rootId":"s27qjy9lzgs4qor","id":"s27qjy9lzgs4qor"},"id":"zhw4r4mcsb5cksm","previousOperationId":"qqvk5316j5xe1b4"}
{"type":"log","timestamp":1705253641487,"level":"debug","message":"Converting with chrome HeadlessChrome/117.0.5938.149 using chrome-pool strategy","meta":{"rootId":"s27qjy9lzgs4qor","id":"s27qjy9lzgs4qor"},"id":"jaf60gfpw12hkci","previousOperationId":"qqvk5316j5xe1b4"}
{"type":"log","timestamp":1705253641721,"level":"debug","message":"Page request: GET (document) file:///C:/Users/arida/AppData/Local/Temp/jsreport/autocleanup/50a3da5a-b670-4c40-bd4b-ed3e1e816a52-chrome-pdf.html","meta":{"rootId":"s27qjy9lzgs4qor","id":"s27qjy9lzgs4qor"},"id":"w7fusedc318goz3","previousOperationId":"qqvk5316j5xe1b4"}
{"type":"log","timestamp":1705253641736,"level":"debug","message":"Page request finished: GET (document) 200 file:///C:/Users/arida/AppData/Local/Temp/jsreport/autocleanup/50a3da5a-b670-4c40-bd4b-ed3e1e816a52-chrome-pdf.html","meta":{"rootId":"s27qjy9lzgs4qor","id":"s27qjy9lzgs4qor"},"id":"lkp6jvzudiruhs8","previousOperationId":"qqvk5316j5xe1b4"}
{"type":"log","timestamp":1705253641737,"level":"debug","message":"Page request: GET (stylesheet) https://cdnjs.cloudflare.com/ajax/libs/metro/4.1.5/css/metro.min.css","meta":{"rootId":"s27qjy9lzgs4qor","id":"s27qjy9lzgs4qor"},"id":"w7528qcmkal7sof","previousOperationId":"qqvk5316j5xe1b4"}
{"type":"log","timestamp":1705253641738,"level":"debug","message":"Page request: GET (script) https://cdnjs.cloudflare.com/ajax/libs/Chart.js/2.7.2/Chart.min.js","meta":{"rootId":"s27qjy9lzgs4qor","id":"s27qjy9lzgs4qor"},"id":"7a6391zknb9y06q","previousOperationId":"qqvk5316j5xe1b4"}
{"type":"log","timestamp":1705253642003,"level":"debug","message":"Page request finished: GET (script) 200 https://cdnjs.cloudflare.com/ajax/libs/Chart.js/2.7.2/Chart.min.js","meta":{"rootId":"s27qjy9lzgs4qor","id":"s27qjy9lzgs4qor"},"id":"furell4dhimyl2c","previousOperationId":"qqvk5316j5xe1b4"}
{"type":"log","timestamp":1705253642150,"level":"debug","message":"Page request finished: GET (stylesheet) 200 https://cdnjs.cloudflare.com/ajax/libs/metro/4.1.5/css/metro.min.css","meta":{"rootId":"s27qjy9lzgs4qor","id":"s27qjy9lzgs4qor"},"id":"ev3oi8qydy4cwru","previousOperationId":"qqvk5316j5xe1b4"}
{"type":"log","timestamp":1705253642165,"level":"debug","message":"Running chrome with params {\"printBackground\":true,\"marginTop\":\"4cm\",\"marginRight\":\"1.5cm\",\"marginBottom\":\"1.5cm\",\"marginLeft\":\"1.5cm\",\"waitForJS\":false,\"timeout\":58523,\"margin\":{\"top\":\"4cm\",\"right\":\"1.5cm\",\"bottom\":\"1.5cm\",\"left\":\"1.5cm\"}}","meta":{"rootId":"s27qjy9lzgs4qor","id":"s27qjy9lzgs4qor"},"id":"ri2puubk5hx8m0t","previousOperationId":"qqvk5316j5xe1b4"}
{"type":"operationEnd","operationId":"qqvk5316j5xe1b4","timestamp":1705253642191,"id":"8sut3am460xx9tr","previousEventId":"ug0pdu4axw2bfqf","previousOperationId":"qqvk5316j5xe1b4"}
{"type":"log","timestamp":1705253642191,"level":"info","message":"pdf-utils is starting pdf processing","meta":{"rootId":"s27qjy9lzgs4qor","id":"s27qjy9lzgs4qor"},"id":"tnanaa6iozld8k0","previousOperationId":"qqvk5316j5xe1b4"}
{"type":"operationStart","subtype":"pdfUtils","name":"pdf utils","timestamp":1705253642419,"id":"a3jz4587lezmj7n","previousEventId":"8sut3am460xx9tr","operationId":"wibdrt9yip8b0gl","previousOperationId":"qqvk5316j5xe1b4"}
{"type":"log","timestamp":1705253642420,"level":"debug","message":"pdf-utils detected 1 pdf operation(s) to process","meta":{"rootId":"s27qjy9lzgs4qor","id":"s27qjy9lzgs4qor"},"id":"nfv6g9cfmz8mzra","previousOperationId":"wibdrt9yip8b0gl"}
{"type":"log","timestamp":1705253642610,"level":"debug","message":"pdf-utils running pdf operation merge","meta":{"rootId":"s27qjy9lzgs4qor","id":"s27qjy9lzgs4qor"},"id":"m2vqjoaq1mxgxjp","previousOperationId":"wibdrt9yip8b0gl"}
{"type":"operationStart","subtype":"pdfUtilsMerge","name":"pdf utils merge","previousOperationId":"wibdrt9yip8b0gl","timestamp":1705253642611,"id":"3rcsvxihzgd3enu","previousEventId":"a3jz4587lezmj7n","operationId":"oqwul0bphaeljen"}
{"type":"operationStart","subtype":"render","name":"orders-header","previousOperationId":"oqwul0bphaeljen","timestamp":1705253642616,"id":"hcsz4cskbahmadh","previousEventId":"3rcsvxihzgd3enu","operationId":"n7v7xnuw00l4ys9"}
{"type":"log","timestamp":1705253642616,"level":"info","message":"Starting rendering (child) request","meta":{"rootId":"s27qjy9lzgs4qor","id":"eor7fi7cswxik73"},"id":"mrl5fntehygludk","previousOperationId":"n7v7xnuw00l4ys9"}
{"type":"log","timestamp":1705253642616,"level":"info","message":"Rendering template { name: orders-header, recipe: chrome-pdf, engine: handlebars, preview: true }","meta":{"rootId":"s27qjy9lzgs4qor","id":"eor7fi7cswxik73"},"id":"info7c9h5zsmzdn","previousOperationId":"n7v7xnuw00l4ys9"}
{"type":"log","timestamp":1705253642626,"level":"debug","message":"Inline data specified.","meta":{"rootId":"s27qjy9lzgs4qor","id":"eor7fi7cswxik73"},"id":"327tu0xygm1creg","previousOperationId":"n7v7xnuw00l4ys9"}
{"type":"log","timestamp":1705253642629,"level":"debug","message":"Base url not specified, skipping its injection.","meta":{"rootId":"s27qjy9lzgs4qor","id":"eor7fi7cswxik73"},"id":"rpxjqg5zaupd3xb","previousOperationId":"n7v7xnuw00l4ys9"}
{"type":"operationStart","subtype":"engine","name":"handlebars","timestamp":1705253642629,"id":"2edgsk0rx7g5zcr","previousEventId":"hcsz4cskbahmadh","operationId":"y6epqzmok5u4kta","previousOperationId":"n7v7xnuw00l4ys9"}
{"type":"log","timestamp":1705253642629,"level":"debug","message":"Rendering engine handlebars","meta":{"rootId":"s27qjy9lzgs4qor","id":"eor7fi7cswxik73"},"id":"7zwt2djc95awr70","previousOperationId":"y6epqzmok5u4kta"}
{"type":"operationEnd","operationId":"y6epqzmok5u4kta","timestamp":1705253642688,"id":"5xr5fdgpxcxkt28","previousEventId":"2edgsk0rx7g5zcr","previousOperationId":"y6epqzmok5u4kta"}
{"type":"operationStart","subtype":"recipe","name":"chrome-pdf","timestamp":1705253642688,"id":"rccumd9iaupy3mr","previousEventId":"5xr5fdgpxcxkt28","operationId":"qtbqdis2f9yyfdm","previousOperationId":"y6epqzmok5u4kta"}
{"type":"log","timestamp":1705253642688,"level":"debug","message":"Executing recipe chrome-pdf","meta":{"rootId":"s27qjy9lzgs4qor","id":"eor7fi7cswxik73"},"id":"ge450bcr13gpl2v","previousOperationId":"qtbqdis2f9yyfdm"}
{"type":"log","timestamp":1705253642693,"level":"debug","message":"Converting with chrome HeadlessChrome/117.0.5938.149 using chrome-pool strategy","meta":{"rootId":"s27qjy9lzgs4qor","id":"eor7fi7cswxik73"},"id":"enz6s37qxvuerfd","previousOperationId":"qtbqdis2f9yyfdm"}
{"type":"log","timestamp":1705253642811,"level":"debug","message":"Page request: GET (document) file:///C:/Users/arida/AppData/Local/Temp/jsreport/autocleanup/86de2c2c-6be0-475f-afbb-deb38b2b625b-chrome-pdf.html","meta":{"rootId":"s27qjy9lzgs4qor","id":"eor7fi7cswxik73"},"id":"iv11prrx31v0uuw","previousOperationId":"qtbqdis2f9yyfdm"}
{"type":"log","timestamp":1705253642823,"level":"debug","message":"Page request: GET (stylesheet) https://cdnjs.cloudflare.com/ajax/libs/metro/4.1.5/css/metro.min.css","meta":{"rootId":"s27qjy9lzgs4qor","id":"eor7fi7cswxik73"},"id":"a57xpfjtx8eykoo","previousOperationId":"qtbqdis2f9yyfdm"}
{"type":"log","timestamp":1705253642823,"level":"debug","message":"Page request finished: GET (document) 200 file:///C:/Users/arida/AppData/Local/Temp/jsreport/autocleanup/86de2c2c-6be0-475f-afbb-deb38b2b625b-chrome-pdf.html","meta":{"rootId":"s27qjy9lzgs4qor","id":"eor7fi7cswxik73"},"id":"wpb7uqmiqcarb5l","previousOperationId":"qtbqdis2f9yyfdm"}
{"type":"log","timestamp":1705253642846,"level":"debug","message":"Page request finished: GET (stylesheet) 200 https://cdnjs.cloudflare.com/ajax/libs/metro/4.1.5/css/metro.min.css","meta":{"rootId":"s27qjy9lzgs4qor","id":"eor7fi7cswxik73"},"id":"mqzw4v0c9hl0bwf","previousOperationId":"qtbqdis2f9yyfdm"}
{"type":"log","timestamp":1705253642868,"level":"debug","message":"Running chrome with params {\"printBackground\":true,\"marginTop\":\"1.5cm\",\"marginRight\":\"1.5cm\",\"marginLeft\":\"1.cm\",\"timeout\":57057,\"margin\":{\"top\":\"1.5cm\",\"right\":\"1.5cm\",\"left\":\"1.cm\"}}","meta":{"rootId":"s27qjy9lzgs4qor","id":"eor7fi7cswxik73"},"id":"qsjm7g5dujihejh","previousOperationId":"qtbqdis2f9yyfdm"}
{"type":"operationEnd","operationId":"qtbqdis2f9yyfdm","timestamp":1705253642902,"id":"7fg1qzgbj0sybyt","previousEventId":"rccumd9iaupy3mr","previousOperationId":"qtbqdis2f9yyfdm"}
{"type":"log","timestamp":1705253642903,"level":"debug","message":"Skipping storing report.","meta":{"rootId":"s27qjy9lzgs4qor","id":"eor7fi7cswxik73"},"id":"jw68gueu2roada1","previousOperationId":"qtbqdis2f9yyfdm"}
{"type":"log","timestamp":1705253642903,"level":"info","message":"Rendering (child) request finished in 3154 ms","meta":{"rootId":"s27qjy9lzgs4qor","id":"eor7fi7cswxik73"},"id":"noqkm7zknfw4m6m","previousOperationId":"qtbqdis2f9yyfdm"}
{"type":"operationEnd","subtype":"render","operationId":"n7v7xnuw00l4ys9","timestamp":1705253642903,"id":"vc3ipymhctv7947","previousEventId":"7fg1qzgbj0sybyt","previousOperationId":"qtbqdis2f9yyfdm"}
{"type":"operationEnd","operationId":"oqwul0bphaeljen","timestamp":1705253642922,"id":"nom9ekz27wj4cml","previousEventId":"3rcsvxihzgd3enu","previousOperationId":"oqwul0bphaeljen"}
{"type":"log","timestamp":1705253642922,"level":"debug","message":"pdf-utils postproces start","meta":{"rootId":"s27qjy9lzgs4qor","id":"s27qjy9lzgs4qor"},"id":"wpwq2x1yna9zeld","previousOperationId":"oqwul0bphaeljen"}
{"type":"log","timestamp":1705253642929,"level":"debug","message":"pdf-utils postproces end","meta":{"rootId":"s27qjy9lzgs4qor","id":"s27qjy9lzgs4qor"},"id":"yqfss9rj29weyue","previousOperationId":"oqwul0bphaeljen"}
{"type":"operationEnd","operationId":"wibdrt9yip8b0gl","timestamp":1705253642929,"id":"7f6trarzpv2zdge","previousEventId":"nom9ekz27wj4cml","previousOperationId":"oqwul0bphaeljen"}
{"type":"log","timestamp":1705253642930,"level":"info","message":"pdf-utils pdf processing was finished","meta":{"rootId":"s27qjy9lzgs4qor","id":"s27qjy9lzgs4qor"},"id":"2keyzs2fs4ebqb1","previousOperationId":"wibdrt9yip8b0gl"}
{"type":"log","timestamp":1705253642930,"level":"debug","message":"Skipping storing report.","meta":{"rootId":"s27qjy9lzgs4qor","id":"s27qjy9lzgs4qor"},"id":"25rg8xij5cvsf7v","previousOperationId":"wibdrt9yip8b0gl"}
{"type":"log","timestamp":1705253642930,"level":"info","message":"Rendering request 1 finished in 3181 ms","meta":{"rootId":"s27qjy9lzgs4qor","id":"s27qjy9lzgs4qor"},"id":"tb305fzz99bqz30","previousOperationId":"wibdrt9yip8b0gl"}
{"type":"operationEnd","subtype":"render","operationId":"609jqkc5esgao90","timestamp":1705253642930,"id":"j5f9j10uq3o08mz","previousEventId":"7f6trarzpv2zdge","previousOperationId":"wibdrt9yip8b0gl"}
{"type":"operationEnd","doDiffs":false,"previousEventId":"od5qs0p99e2vd7d","previousOperationId":"nnvipwrjvs2vydx","operationId":"nnvipwrjvs2vydx","timestamp":1705253642945,"id":"8uxwyiuz32b0wsh"}
