{"type":"operationStart","subtype":"profile","data":{"_id":"D6lxFZUf4IQFyBPV","timestamp":"2024-01-14T19:41:16.025Z","state":"queued","mode":"standard","creationDate":"2024-01-14T19:41:16.028Z","modificationDate":"2024-01-14T19:41:16.028Z","shortid":"vqazuLB","$entitySet":"profiles"},"doDiffs":false,"timestamp":1705261276027,"id":"znsly3xa0x75l27","previousOperationId":null,"operationId":"aml0dj0roc084hl"}
{"type":"log","level":"info","message":"Render request 7 queued for execution and waiting for available worker","previousOperationId":"aml0dj0roc084hl","timestamp":1705261276027,"id":"lkoy8vwmw9pxo9z"}
{"type":"operationStart","subtype":"render","name":"orders-main","previousOperationId":"aml0dj0roc084hl","timestamp":1705261276044,"id":"qx8odcl0fcv8a17","previousEventId":"znsly3xa0x75l27","operationId":"jbr7stde8krlnz0"}
{"type":"log","timestamp":1705261276044,"level":"info","message":"Starting rendering request 7","meta":{"rootId":"so5ufmm30ls54z4","id":"so5ufmm30ls54z4"},"id":"t322parlu1qmydw","previousOperationId":"jbr7stde8krlnz0"}
{"type":"log","timestamp":1705261276045,"level":"info","message":"Rendering template { name: orders-main, recipe: chrome-pdf, engine: handlebars, preview: true }","meta":{"rootId":"so5ufmm30ls54z4","id":"so5ufmm30ls54z4"},"id":"46h6mows81eyioo","previousOperationId":"jbr7stde8krlnz0"}
{"type":"log","timestamp":1705261276046,"level":"debug","message":"Data item not defined for this template.","meta":{"rootId":"so5ufmm30ls54z4","id":"so5ufmm30ls54z4"},"id":"f9uz51sb8n03h6e","previousOperationId":"jbr7stde8krlnz0"}
{"type":"log","timestamp":1705261276051,"level":"debug","message":"Executing script orders-script (beforeRender)","meta":{"rootId":"so5ufmm30ls54z4","id":"so5ufmm30ls54z4"},"id":"0xmfre1s2nzmnao","previousOperationId":"jbr7stde8krlnz0"}
{"type":"operationStart","subtype":"scriptsBeforeRender","name":"scripts beforeRender","timestamp":1705261276063,"id":"ihptjfoqd6ktqat","previousEventId":"qx8odcl0fcv8a17","operationId":"a4aivlikf1zojzz","previousOperationId":"jbr7stde8krlnz0"}
{"type":"operationStart","subtype":"script","name":"scripts orders-script","previousOperationId":"a4aivlikf1zojzz","timestamp":1705261276063,"id":"ldv0ag7v80dmoii","previousEventId":"ihptjfoqd6ktqat","operationId":"m2fg6kkh7ky1v24"}
{"type":"operationEnd","operationId":"m2fg6kkh7ky1v24","timestamp":1705261276074,"id":"h4fd5ml4n6arox5","previousEventId":"qx8odcl0fcv8a17","previousOperationId":"jbr7stde8krlnz0"}
{"type":"operationEnd","operationId":"a4aivlikf1zojzz","timestamp":1705261276074,"id":"tkif126vspraebh","previousEventId":"h4fd5ml4n6arox5","previousOperationId":"jbr7stde8krlnz0"}
{"type":"log","timestamp":1705261276074,"level":"debug","message":"Base url not specified, skipping its injection.","meta":{"rootId":"so5ufmm30ls54z4","id":"so5ufmm30ls54z4"},"id":"klfm7853sc1ts9e","previousOperationId":"a4aivlikf1zojzz"}
{"type":"operationStart","subtype":"engine","name":"handlebars","timestamp":1705261276074,"id":"iqx2prgctj4k7lm","previousEventId":"tkif126vspraebh","operationId":"awpf5a2rwj3954t","previousOperationId":"a4aivlikf1zojzz"}
{"type":"log","timestamp":1705261276074,"level":"debug","message":"Rendering engine handlebars","meta":{"rootId":"so5ufmm30ls54z4","id":"so5ufmm30ls54z4"},"id":"4uq6ndlbmznnc47","previousOperationId":"awpf5a2rwj3954t"}
{"type":"operationEnd","operationId":"awpf5a2rwj3954t","timestamp":1705261276095,"id":"ginku9rm775p30b","previousEventId":"iqx2prgctj4k7lm","previousOperationId":"awpf5a2rwj3954t"}
{"type":"operationStart","subtype":"recipe","name":"chrome-pdf","timestamp":1705261276096,"id":"9lkzl7n8qm268yj","previousEventId":"ginku9rm775p30b","operationId":"kf5m6tfxv3xsfpw","previousOperationId":"awpf5a2rwj3954t"}
{"type":"log","timestamp":1705261276096,"level":"debug","message":"Executing recipe chrome-pdf","meta":{"rootId":"so5ufmm30ls54z4","id":"so5ufmm30ls54z4"},"id":"0b3850zgt2z8w6c","previousOperationId":"kf5m6tfxv3xsfpw"}
{"type":"log","timestamp":1705261276099,"level":"debug","message":"Converting with chrome HeadlessChrome/117.0.5938.149 using chrome-pool strategy","meta":{"rootId":"so5ufmm30ls54z4","id":"so5ufmm30ls54z4"},"id":"50g1f3ubp85xg0e","previousOperationId":"kf5m6tfxv3xsfpw"}
{"type":"log","timestamp":1705261276237,"level":"debug","message":"Page request: GET (document) file:///C:/Users/arida/AppData/Local/Temp/jsreport/autocleanup/36464132-dc4e-4669-80fd-cc3a700b334c-chrome-pdf.html","meta":{"rootId":"so5ufmm30ls54z4","id":"so5ufmm30ls54z4"},"id":"7vuuns21p0wdez5","previousOperationId":"kf5m6tfxv3xsfpw"}
{"type":"log","timestamp":1705261276279,"level":"debug","message":"Page request: GET (stylesheet) https://cdnjs.cloudflare.com/ajax/libs/metro/4.1.5/css/metro.min.css","meta":{"rootId":"so5ufmm30ls54z4","id":"so5ufmm30ls54z4"},"id":"9vjdku3a1oviqgw","previousOperationId":"kf5m6tfxv3xsfpw"}
{"type":"log","timestamp":1705261276280,"level":"debug","message":"Page request: GET (script) https://cdnjs.cloudflare.com/ajax/libs/Chart.js/2.7.2/Chart.min.js","meta":{"rootId":"so5ufmm30ls54z4","id":"so5ufmm30ls54z4"},"id":"an5z4psk3fc0xhn","previousOperationId":"kf5m6tfxv3xsfpw"}
{"type":"log","timestamp":1705261276280,"level":"debug","message":"Page request finished: GET (document) 200 file:///C:/Users/arida/AppData/Local/Temp/jsreport/autocleanup/36464132-dc4e-4669-80fd-cc3a700b334c-chrome-pdf.html","meta":{"rootId":"so5ufmm30ls54z4","id":"so5ufmm30ls54z4"},"id":"abzzia5mzkmnpoi","previousOperationId":"kf5m6tfxv3xsfpw"}
{"type":"log","timestamp":1705261276286,"level":"debug","message":"Page request finished: GET (script) 200 https://cdnjs.cloudflare.com/ajax/libs/Chart.js/2.7.2/Chart.min.js","meta":{"rootId":"so5ufmm30ls54z4","id":"so5ufmm30ls54z4"},"id":"0j2a8ndcjpfj7cn","previousOperationId":"kf5m6tfxv3xsfpw"}
{"type":"log","timestamp":1705261276304,"level":"debug","message":"Page request finished: GET (stylesheet) 200 https://cdnjs.cloudflare.com/ajax/libs/metro/4.1.5/css/metro.min.css","meta":{"rootId":"so5ufmm30ls54z4","id":"so5ufmm30ls54z4"},"id":"a6rwtrn9t16f1c1","previousOperationId":"kf5m6tfxv3xsfpw"}
{"type":"log","timestamp":1705261276313,"level":"warn","message":"Page error: helpers is not defined , stack: ReferenceError: helpers is not defined\n    at <anonymous> (file:///C:/Users/arida/AppData/Local/Temp/jsreport/autocleanup/36464132-dc4e-4669-80fd-cc3a700b334c-chrome-pdf.html:42:9)","meta":{"rootId":"so5ufmm30ls54z4","id":"so5ufmm30ls54z4"},"id":"y6yo1vcioe16z0o","previousOperationId":"kf5m6tfxv3xsfpw"}
{"type":"log","timestamp":1705261276313,"level":"warn","message":"Page error: missing ) after argument list , stack: SyntaxError: missing ) after argument list","meta":{"rootId":"so5ufmm30ls54z4","id":"so5ufmm30ls54z4"},"id":"key64nqgvudglia","previousOperationId":"kf5m6tfxv3xsfpw"}
{"type":"log","timestamp":1705261276338,"level":"debug","message":"Running chrome with params {\"printBackground\":true,\"marginTop\":\"4cm\",\"marginRight\":\"1.5cm\",\"marginBottom\":\"1.5cm\",\"marginLeft\":\"1.5cm\",\"waitForJS\":false,\"timeout\":59927,\"margin\":{\"top\":\"4cm\",\"right\":\"1.5cm\",\"bottom\":\"1.5cm\",\"left\":\"1.5cm\"}}","meta":{"rootId":"so5ufmm30ls54z4","id":"so5ufmm30ls54z4"},"id":"ljjslmav7xfpoj0","previousOperationId":"kf5m6tfxv3xsfpw"}
{"type":"operationEnd","operationId":"kf5m6tfxv3xsfpw","timestamp":1705261276381,"id":"jkb01vzho307h6m","previousEventId":"9lkzl7n8qm268yj","previousOperationId":"kf5m6tfxv3xsfpw"}
{"type":"log","timestamp":1705261276381,"level":"info","message":"pdf-utils is starting pdf processing","meta":{"rootId":"so5ufmm30ls54z4","id":"so5ufmm30ls54z4"},"id":"px5f0vjrxfdsjnl","previousOperationId":"kf5m6tfxv3xsfpw"}
{"type":"operationStart","subtype":"pdfUtils","name":"pdf utils","timestamp":1705261276381,"id":"6e1kf8nv1j2vv15","previousEventId":"jkb01vzho307h6m","operationId":"jw7pss4uocvpgxb","previousOperationId":"kf5m6tfxv3xsfpw"}
{"type":"log","timestamp":1705261276381,"level":"debug","message":"pdf-utils detected 1 pdf operation(s) to process","meta":{"rootId":"so5ufmm30ls54z4","id":"so5ufmm30ls54z4"},"id":"3sz7f44q194jv07","previousOperationId":"jw7pss4uocvpgxb"}
{"type":"log","timestamp":1705261276395,"level":"debug","message":"pdf-utils running pdf operation merge","meta":{"rootId":"so5ufmm30ls54z4","id":"so5ufmm30ls54z4"},"id":"6nko9lir966j55f","previousOperationId":"jw7pss4uocvpgxb"}
{"type":"operationStart","subtype":"pdfUtilsMerge","name":"pdf utils merge","previousOperationId":"jw7pss4uocvpgxb","timestamp":1705261276395,"id":"ix26j558dlp58hp","previousEventId":"6e1kf8nv1j2vv15","operationId":"whq9xp53l52bk5z"}
{"type":"operationStart","subtype":"render","name":"orders-header","previousOperationId":"whq9xp53l52bk5z","timestamp":1705261276396,"id":"o4p1qzzwawj79x2","previousEventId":"ix26j558dlp58hp","operationId":"dwlvtkw0tecagc8"}
{"type":"log","timestamp":1705261276396,"level":"info","message":"Starting rendering (child) request","meta":{"rootId":"so5ufmm30ls54z4","id":"921tmuzsg35ff74"},"id":"wnq7r7hyl1t7kr0","previousOperationId":"dwlvtkw0tecagc8"}
{"type":"log","timestamp":1705261276396,"level":"info","message":"Rendering template { name: orders-header, recipe: chrome-pdf, engine: handlebars, preview: true }","meta":{"rootId":"so5ufmm30ls54z4","id":"921tmuzsg35ff74"},"id":"zcsc898rtc11lr0","previousOperationId":"dwlvtkw0tecagc8"}
{"type":"log","timestamp":1705261276397,"level":"debug","message":"Inline data specified.","meta":{"rootId":"so5ufmm30ls54z4","id":"921tmuzsg35ff74"},"id":"6g00q331myh1ios","previousOperationId":"dwlvtkw0tecagc8"}
{"type":"log","timestamp":1705261276401,"level":"debug","message":"Base url not specified, skipping its injection.","meta":{"rootId":"so5ufmm30ls54z4","id":"921tmuzsg35ff74"},"id":"igfore1mgoteapb","previousOperationId":"dwlvtkw0tecagc8"}
{"type":"operationStart","subtype":"engine","name":"handlebars","timestamp":1705261276401,"id":"38cahyk7umuz988","previousEventId":"o4p1qzzwawj79x2","operationId":"jcusd4608guzhqy","previousOperationId":"dwlvtkw0tecagc8"}
{"type":"log","timestamp":1705261276401,"level":"debug","message":"Rendering engine handlebars","meta":{"rootId":"so5ufmm30ls54z4","id":"921tmuzsg35ff74"},"id":"wy8bqny6lewhizz","previousOperationId":"jcusd4608guzhqy"}
{"type":"operationEnd","operationId":"jcusd4608guzhqy","timestamp":1705261276425,"id":"893ib66effkwgob","previousEventId":"38cahyk7umuz988","previousOperationId":"jcusd4608guzhqy"}
{"type":"operationStart","subtype":"recipe","name":"chrome-pdf","timestamp":1705261276425,"id":"hjkjdhhm4s65yul","previousEventId":"893ib66effkwgob","operationId":"wwjxi1dt72a7n1u","previousOperationId":"jcusd4608guzhqy"}
{"type":"log","timestamp":1705261276425,"level":"debug","message":"Executing recipe chrome-pdf","meta":{"rootId":"so5ufmm30ls54z4","id":"921tmuzsg35ff74"},"id":"n5po5pih48qftjb","previousOperationId":"wwjxi1dt72a7n1u"}
{"type":"log","timestamp":1705261276429,"level":"debug","message":"Converting with chrome HeadlessChrome/117.0.5938.149 using chrome-pool strategy","meta":{"rootId":"so5ufmm30ls54z4","id":"921tmuzsg35ff74"},"id":"hcju7wgeitnlnkh","previousOperationId":"wwjxi1dt72a7n1u"}
{"type":"log","timestamp":1705261276562,"level":"debug","message":"Page request: GET (document) file:///C:/Users/arida/AppData/Local/Temp/jsreport/autocleanup/c9ce8a38-4a96-4d69-80f2-d0df3fb76e32-chrome-pdf.html","meta":{"rootId":"so5ufmm30ls54z4","id":"921tmuzsg35ff74"},"id":"jwnef7jc4vstnml","previousOperationId":"wwjxi1dt72a7n1u"}
{"type":"log","timestamp":1705261276582,"level":"debug","message":"Page request: GET (stylesheet) https://cdnjs.cloudflare.com/ajax/libs/metro/4.1.5/css/metro.min.css","meta":{"rootId":"so5ufmm30ls54z4","id":"921tmuzsg35ff74"},"id":"548a5lsntxgpbaa","previousOperationId":"wwjxi1dt72a7n1u"}
{"type":"log","timestamp":1705261276582,"level":"debug","message":"Page request finished: GET (document) 200 file:///C:/Users/arida/AppData/Local/Temp/jsreport/autocleanup/c9ce8a38-4a96-4d69-80f2-d0df3fb76e32-chrome-pdf.html","meta":{"rootId":"so5ufmm30ls54z4","id":"921tmuzsg35ff74"},"id":"sufiqfu2v4w2e7p","previousOperationId":"wwjxi1dt72a7n1u"}
{"type":"log","timestamp":1705261276605,"level":"debug","message":"Page request finished: GET (stylesheet) 200 https://cdnjs.cloudflare.com/ajax/libs/metro/4.1.5/css/metro.min.css","meta":{"rootId":"so5ufmm30ls54z4","id":"921tmuzsg35ff74"},"id":"nhm3xjx5pgkboqy","previousOperationId":"wwjxi1dt72a7n1u"}
{"type":"log","timestamp":1705261276623,"level":"debug","message":"Running chrome with params {\"printBackground\":true,\"marginTop\":\"1.5cm\",\"marginRight\":\"1.5cm\",\"marginLeft\":\"1.cm\",\"timeout\":59597,\"margin\":{\"top\":\"1.5cm\",\"right\":\"1.5cm\",\"left\":\"1.cm\"}}","meta":{"rootId":"so5ufmm30ls54z4","id":"921tmuzsg35ff74"},"id":"3ben4lds9xj22hl","previousOperationId":"wwjxi1dt72a7n1u"}
{"type":"operationEnd","operationId":"wwjxi1dt72a7n1u","timestamp":1705261276673,"id":"hicnz2ngp0ogkat","previousEventId":"hjkjdhhm4s65yul","previousOperationId":"wwjxi1dt72a7n1u"}
{"type":"log","timestamp":1705261276673,"level":"debug","message":"Skipping storing report.","meta":{"rootId":"so5ufmm30ls54z4","id":"921tmuzsg35ff74"},"id":"07jqeuv8jm4omb2","previousOperationId":"wwjxi1dt72a7n1u"}
{"type":"log","timestamp":1705261276673,"level":"info","message":"Rendering (child) request finished in 648 ms","meta":{"rootId":"so5ufmm30ls54z4","id":"921tmuzsg35ff74"},"id":"tlhzcyq0rei2kk9","previousOperationId":"wwjxi1dt72a7n1u"}
{"type":"operationEnd","subtype":"render","operationId":"dwlvtkw0tecagc8","timestamp":1705261276673,"id":"m0pcyn05wxgocsp","previousEventId":"hicnz2ngp0ogkat","previousOperationId":"wwjxi1dt72a7n1u"}
{"type":"operationEnd","operationId":"whq9xp53l52bk5z","timestamp":1705261276681,"id":"nm6my9rbbgp3gu8","previousEventId":"ix26j558dlp58hp","previousOperationId":"whq9xp53l52bk5z"}
{"type":"log","timestamp":1705261276681,"level":"debug","message":"pdf-utils postproces start","meta":{"rootId":"so5ufmm30ls54z4","id":"so5ufmm30ls54z4"},"id":"rkwntayt6wu7lom","previousOperationId":"whq9xp53l52bk5z"}
{"type":"log","timestamp":1705261276688,"level":"debug","message":"pdf-utils postproces end","meta":{"rootId":"so5ufmm30ls54z4","id":"so5ufmm30ls54z4"},"id":"79kqvuce6pmqn78","previousOperationId":"whq9xp53l52bk5z"}
{"type":"operationEnd","operationId":"jw7pss4uocvpgxb","timestamp":1705261276688,"id":"rrddqgkt4orhwtq","previousEventId":"nm6my9rbbgp3gu8","previousOperationId":"whq9xp53l52bk5z"}
{"type":"log","timestamp":1705261276688,"level":"info","message":"pdf-utils pdf processing was finished","meta":{"rootId":"so5ufmm30ls54z4","id":"so5ufmm30ls54z4"},"id":"wafs85xpp4olnwd","previousOperationId":"jw7pss4uocvpgxb"}
{"type":"log","timestamp":1705261276688,"level":"debug","message":"Skipping storing report.","meta":{"rootId":"so5ufmm30ls54z4","id":"so5ufmm30ls54z4"},"id":"ftap0sbe7nz3r3l","previousOperationId":"jw7pss4uocvpgxb"}
{"type":"log","timestamp":1705261276688,"level":"info","message":"Rendering request 7 finished in 663 ms","meta":{"rootId":"so5ufmm30ls54z4","id":"so5ufmm30ls54z4"},"id":"qfnue2qovhmz19v","previousOperationId":"jw7pss4uocvpgxb"}
{"type":"operationEnd","subtype":"render","operationId":"jbr7stde8krlnz0","timestamp":1705261276688,"id":"0nuit1ybif65fbw","previousEventId":"rrddqgkt4orhwtq","previousOperationId":"jw7pss4uocvpgxb"}
{"type":"operationEnd","doDiffs":false,"previousEventId":"znsly3xa0x75l27","previousOperationId":"aml0dj0roc084hl","operationId":"aml0dj0roc084hl","timestamp":1705261276703,"id":"cguved8cy22lrld"}
