{"type":"operationStart","subtype":"profile","data":{"_id":"5PA5KjnUytNlZH71","timestamp":"2024-01-14T19:11:11.146Z","state":"queued","mode":"standard","creationDate":"2024-01-14T19:11:11.149Z","modificationDate":"2024-01-14T19:11:11.149Z","shortid":"BNOfhKZ","$entitySet":"profiles"},"doDiffs":false,"timestamp":1705259471148,"id":"4geykuzv1m42j1g","previousOperationId":null,"operationId":"anulbr3xhydpxot"}
{"type":"log","level":"info","message":"Render request 9 queued for execution and waiting for available worker","previousOperationId":"anulbr3xhydpxot","timestamp":1705259471148,"id":"avviehetpygbk6v"}
{"type":"operationStart","subtype":"render","name":"orders-main","previousOperationId":"anulbr3xhydpxot","timestamp":1705259471154,"id":"lvhgkwpoab5izsz","previousEventId":"4geykuzv1m42j1g","operationId":"9awgn1kn5asl0py"}
{"type":"log","timestamp":1705259471154,"level":"info","message":"Starting rendering request 9","meta":{"rootId":"sv18jr13yfmo89b","id":"sv18jr13yfmo89b"},"id":"bir0pzsm80b1o1j","previousOperationId":"9awgn1kn5asl0py"}
{"type":"log","timestamp":1705259471154,"level":"info","message":"Rendering template { name: orders-main, recipe: chrome-pdf, engine: handlebars, preview: false }","meta":{"rootId":"sv18jr13yfmo89b","id":"sv18jr13yfmo89b"},"id":"xho8j7xsz43ydhd","previousOperationId":"9awgn1kn5asl0py"}
{"type":"log","timestamp":1705259471155,"level":"debug","message":"Data item not defined for this template.","meta":{"rootId":"sv18jr13yfmo89b","id":"sv18jr13yfmo89b"},"id":"5t69l2vmgwe4o9w","previousOperationId":"9awgn1kn5asl0py"}
{"type":"log","timestamp":1705259471160,"level":"debug","message":"Executing script orders-script (beforeRender)","meta":{"rootId":"sv18jr13yfmo89b","id":"sv18jr13yfmo89b"},"id":"arabrll1phb5m60","previousOperationId":"9awgn1kn5asl0py"}
{"type":"operationStart","subtype":"scriptsBeforeRender","name":"scripts beforeRender","timestamp":1705259471166,"id":"l5c3i9p29y5cofx","previousEventId":"lvhgkwpoab5izsz","operationId":"ibg2qqylnnbxhnu","previousOperationId":"9awgn1kn5asl0py"}
{"type":"operationStart","subtype":"script","name":"scripts orders-script","previousOperationId":"ibg2qqylnnbxhnu","timestamp":1705259471166,"id":"v8n5khas14xmvvw","previousEventId":"l5c3i9p29y5cofx","operationId":"r1cngnizp5ftcgr"}
{"type":"operationEnd","operationId":"r1cngnizp5ftcgr","timestamp":1705259471179,"id":"umps7mazb61ljh0","previousEventId":"lvhgkwpoab5izsz","previousOperationId":"9awgn1kn5asl0py"}
{"type":"operationEnd","operationId":"ibg2qqylnnbxhnu","timestamp":1705259471179,"id":"5qollya9hh3wwpo","previousEventId":"umps7mazb61ljh0","previousOperationId":"9awgn1kn5asl0py"}
{"type":"log","timestamp":1705259471179,"level":"debug","message":"Base url not specified, skipping its injection.","meta":{"rootId":"sv18jr13yfmo89b","id":"sv18jr13yfmo89b"},"id":"xpg3t9k4wzo150e","previousOperationId":"ibg2qqylnnbxhnu"}
{"type":"operationStart","subtype":"engine","name":"handlebars","timestamp":1705259471179,"id":"tdkggz9n0m51e70","previousEventId":"5qollya9hh3wwpo","operationId":"tp64xk4ftliaefz","previousOperationId":"ibg2qqylnnbxhnu"}
{"type":"log","timestamp":1705259471179,"level":"debug","message":"Rendering engine handlebars","meta":{"rootId":"sv18jr13yfmo89b","id":"sv18jr13yfmo89b"},"id":"ppb1y4tgvm5top4","previousOperationId":"tp64xk4ftliaefz"}
{"type":"operationEnd","operationId":"tp64xk4ftliaefz","timestamp":1705259471187,"id":"nl6h902f7q3ro1r","previousEventId":"tdkggz9n0m51e70","previousOperationId":"tp64xk4ftliaefz"}
{"type":"operationStart","subtype":"recipe","name":"chrome-pdf","timestamp":1705259471187,"id":"rwjbc15wpa04a68","previousEventId":"nl6h902f7q3ro1r","operationId":"qknu7l75ny5heqx","previousOperationId":"tp64xk4ftliaefz"}
{"type":"log","timestamp":1705259471187,"level":"debug","message":"Executing recipe chrome-pdf","meta":{"rootId":"sv18jr13yfmo89b","id":"sv18jr13yfmo89b"},"id":"rmzyrkrpao5i9iu","previousOperationId":"qknu7l75ny5heqx"}
{"type":"log","timestamp":1705259471191,"level":"debug","message":"Converting with chrome HeadlessChrome/117.0.5938.149 using chrome-pool strategy","meta":{"rootId":"sv18jr13yfmo89b","id":"sv18jr13yfmo89b"},"id":"pb9unzk9hooyy0y","previousOperationId":"qknu7l75ny5heqx"}
{"type":"log","timestamp":1705259471311,"level":"debug","message":"Page request: GET (document) file:///C:/Users/arida/AppData/Local/Temp/jsreport/autocleanup/e941658e-2411-4307-ab58-558b3d947d4e-chrome-pdf.html","meta":{"rootId":"sv18jr13yfmo89b","id":"sv18jr13yfmo89b"},"id":"ucvmbb53ojc9ilo","previousOperationId":"qknu7l75ny5heqx"}
{"type":"log","timestamp":1705259471323,"level":"debug","message":"Page request: GET (stylesheet) https://cdnjs.cloudflare.com/ajax/libs/metro/4.1.5/css/metro.min.css","meta":{"rootId":"sv18jr13yfmo89b","id":"sv18jr13yfmo89b"},"id":"44f2tlcypt3eudy","previousOperationId":"qknu7l75ny5heqx"}
{"type":"log","timestamp":1705259471324,"level":"debug","message":"Page request: GET (script) https://cdnjs.cloudflare.com/ajax/libs/Chart.js/2.7.2/Chart.min.js","meta":{"rootId":"sv18jr13yfmo89b","id":"sv18jr13yfmo89b"},"id":"s0ujnoibhavexwr","previousOperationId":"qknu7l75ny5heqx"}
{"type":"log","timestamp":1705259471325,"level":"debug","message":"Page request finished: GET (document) 200 file:///C:/Users/arida/AppData/Local/Temp/jsreport/autocleanup/e941658e-2411-4307-ab58-558b3d947d4e-chrome-pdf.html","meta":{"rootId":"sv18jr13yfmo89b","id":"sv18jr13yfmo89b"},"id":"shm3pmm2ui6iay6","previousOperationId":"qknu7l75ny5heqx"}
{"type":"log","timestamp":1705259471348,"level":"debug","message":"Page request finished: GET (stylesheet) 200 https://cdnjs.cloudflare.com/ajax/libs/metro/4.1.5/css/metro.min.css","meta":{"rootId":"sv18jr13yfmo89b","id":"sv18jr13yfmo89b"},"id":"ytx5z10vfogp4pr","previousOperationId":"qknu7l75ny5heqx"}
{"type":"log","timestamp":1705259471348,"level":"debug","message":"Page request finished: GET (script) 200 https://cdnjs.cloudflare.com/ajax/libs/Chart.js/2.7.2/Chart.min.js","meta":{"rootId":"sv18jr13yfmo89b","id":"sv18jr13yfmo89b"},"id":"qw5y2yby5tlbqld","previousOperationId":"qknu7l75ny5heqx"}
{"type":"log","timestamp":1705259471381,"level":"debug","message":"Running chrome with params {\"printBackground\":true,\"marginTop\":\"4cm\",\"marginRight\":\"1.5cm\",\"marginBottom\":\"1.5cm\",\"marginLeft\":\"1.5cm\",\"waitForJS\":false,\"timeout\":59956,\"margin\":{\"top\":\"4cm\",\"right\":\"1.5cm\",\"bottom\":\"1.5cm\",\"left\":\"1.5cm\"}}","meta":{"rootId":"sv18jr13yfmo89b","id":"sv18jr13yfmo89b"},"id":"iuxkgyu1h03ul7n","previousOperationId":"qknu7l75ny5heqx"}
{"type":"operationEnd","operationId":"qknu7l75ny5heqx","timestamp":1705259471426,"id":"bckyh3cbiq2erjf","previousEventId":"rwjbc15wpa04a68","previousOperationId":"qknu7l75ny5heqx"}
{"type":"log","timestamp":1705259471426,"level":"info","message":"pdf-utils is starting pdf processing","meta":{"rootId":"sv18jr13yfmo89b","id":"sv18jr13yfmo89b"},"id":"j6khccxr8npf5h3","previousOperationId":"qknu7l75ny5heqx"}
{"type":"operationStart","subtype":"pdfUtils","name":"pdf utils","timestamp":1705259471426,"id":"t07r5wjjamorjk7","previousEventId":"bckyh3cbiq2erjf","operationId":"mz6940l28705j61","previousOperationId":"qknu7l75ny5heqx"}
{"type":"log","timestamp":1705259471426,"level":"debug","message":"pdf-utils detected 1 pdf operation(s) to process","meta":{"rootId":"sv18jr13yfmo89b","id":"sv18jr13yfmo89b"},"id":"mdhqesw65wvbve1","previousOperationId":"mz6940l28705j61"}
{"type":"log","timestamp":1705259471440,"level":"debug","message":"pdf-utils running pdf operation merge","meta":{"rootId":"sv18jr13yfmo89b","id":"sv18jr13yfmo89b"},"id":"j4b5auhzxrp08ft","previousOperationId":"mz6940l28705j61"}
{"type":"operationStart","subtype":"pdfUtilsMerge","name":"pdf utils merge","previousOperationId":"mz6940l28705j61","timestamp":1705259471440,"id":"ged4vdvnqi8hhof","previousEventId":"t07r5wjjamorjk7","operationId":"pzn3fib8n4phqbh"}
{"type":"operationStart","subtype":"render","name":"orders-header","previousOperationId":"pzn3fib8n4phqbh","timestamp":1705259471441,"id":"k74rlinrllgw62z","previousEventId":"ged4vdvnqi8hhof","operationId":"5cghmj70svnjsu5"}
{"type":"log","timestamp":1705259471441,"level":"info","message":"Starting rendering (child) request","meta":{"rootId":"sv18jr13yfmo89b","id":"fbc6j515rre3m8l"},"id":"okg2t9e8u8u0yte","previousOperationId":"5cghmj70svnjsu5"}
{"type":"log","timestamp":1705259471441,"level":"info","message":"Rendering template { name: orders-header, recipe: chrome-pdf, engine: handlebars, preview: false }","meta":{"rootId":"sv18jr13yfmo89b","id":"fbc6j515rre3m8l"},"id":"d5mdq3nl96i9jim","previousOperationId":"5cghmj70svnjsu5"}
{"type":"log","timestamp":1705259471442,"level":"debug","message":"Inline data specified.","meta":{"rootId":"sv18jr13yfmo89b","id":"fbc6j515rre3m8l"},"id":"mjk8a6zualhp4t3","previousOperationId":"5cghmj70svnjsu5"}
{"type":"log","timestamp":1705259471446,"level":"debug","message":"Base url not specified, skipping its injection.","meta":{"rootId":"sv18jr13yfmo89b","id":"fbc6j515rre3m8l"},"id":"vwqwk3kndvr2vip","previousOperationId":"5cghmj70svnjsu5"}
{"type":"operationStart","subtype":"engine","name":"handlebars","timestamp":1705259471446,"id":"8309zvyp7pbdli7","previousEventId":"k74rlinrllgw62z","operationId":"yprt413ucwn3ev2","previousOperationId":"5cghmj70svnjsu5"}
{"type":"log","timestamp":1705259471446,"level":"debug","message":"Rendering engine handlebars","meta":{"rootId":"sv18jr13yfmo89b","id":"fbc6j515rre3m8l"},"id":"xkod4cba6ra7593","previousOperationId":"yprt413ucwn3ev2"}
{"type":"operationEnd","operationId":"yprt413ucwn3ev2","timestamp":1705259471460,"id":"fysf3kx1grb6hmd","previousEventId":"8309zvyp7pbdli7","previousOperationId":"yprt413ucwn3ev2"}
{"type":"operationStart","subtype":"recipe","name":"chrome-pdf","timestamp":1705259471460,"id":"mmrfhrhrfsofo9a","previousEventId":"fysf3kx1grb6hmd","operationId":"ec9hem5l5dxe40v","previousOperationId":"yprt413ucwn3ev2"}
{"type":"log","timestamp":1705259471460,"level":"debug","message":"Executing recipe chrome-pdf","meta":{"rootId":"sv18jr13yfmo89b","id":"fbc6j515rre3m8l"},"id":"aq7r3q7iesxb5m7","previousOperationId":"ec9hem5l5dxe40v"}
{"type":"log","timestamp":1705259471463,"level":"debug","message":"Converting with chrome HeadlessChrome/117.0.5938.149 using chrome-pool strategy","meta":{"rootId":"sv18jr13yfmo89b","id":"fbc6j515rre3m8l"},"id":"fngbepgxja3zsln","previousOperationId":"ec9hem5l5dxe40v"}
{"type":"log","timestamp":1705259471577,"level":"debug","message":"Page request: GET (document) file:///C:/Users/arida/AppData/Local/Temp/jsreport/autocleanup/69d2567b-454f-423a-bd3a-31ec37a2f8c1-chrome-pdf.html","meta":{"rootId":"sv18jr13yfmo89b","id":"fbc6j515rre3m8l"},"id":"v4bp7f1yrqbwpks","previousOperationId":"ec9hem5l5dxe40v"}
{"type":"log","timestamp":1705259471590,"level":"debug","message":"Page request: GET (stylesheet) https://cdnjs.cloudflare.com/ajax/libs/metro/4.1.5/css/metro.min.css","meta":{"rootId":"sv18jr13yfmo89b","id":"fbc6j515rre3m8l"},"id":"9dgcj8lw0fvrqz3","previousOperationId":"ec9hem5l5dxe40v"}
{"type":"log","timestamp":1705259471590,"level":"debug","message":"Page request finished: GET (document) 200 file:///C:/Users/arida/AppData/Local/Temp/jsreport/autocleanup/69d2567b-454f-423a-bd3a-31ec37a2f8c1-chrome-pdf.html","meta":{"rootId":"sv18jr13yfmo89b","id":"fbc6j515rre3m8l"},"id":"hizsdrzijq9rfw5","previousOperationId":"ec9hem5l5dxe40v"}
{"type":"log","timestamp":1705259471611,"level":"debug","message":"Page request finished: GET (stylesheet) 200 https://cdnjs.cloudflare.com/ajax/libs/metro/4.1.5/css/metro.min.css","meta":{"rootId":"sv18jr13yfmo89b","id":"fbc6j515rre3m8l"},"id":"39dcpzvl9dra775","previousOperationId":"ec9hem5l5dxe40v"}
{"type":"log","timestamp":1705259471634,"level":"debug","message":"Running chrome with params {\"printBackground\":true,\"marginTop\":\"1.5cm\",\"marginRight\":\"1.5cm\",\"marginLeft\":\"1.cm\",\"timeout\":59684,\"margin\":{\"top\":\"1.5cm\",\"right\":\"1.5cm\",\"left\":\"1.cm\"}}","meta":{"rootId":"sv18jr13yfmo89b","id":"fbc6j515rre3m8l"},"id":"ghezud4vci9zinl","previousOperationId":"ec9hem5l5dxe40v"}
{"type":"operationEnd","operationId":"ec9hem5l5dxe40v","timestamp":1705259471675,"id":"a6vu4czsf7pbawu","previousEventId":"mmrfhrhrfsofo9a","previousOperationId":"ec9hem5l5dxe40v"}
{"type":"log","timestamp":1705259471675,"level":"debug","message":"Skipping storing report.","meta":{"rootId":"sv18jr13yfmo89b","id":"fbc6j515rre3m8l"},"id":"3uulldeu4hf4yr9","previousOperationId":"ec9hem5l5dxe40v"}
{"type":"log","timestamp":1705259471675,"level":"info","message":"Rendering (child) request finished in 529 ms","meta":{"rootId":"sv18jr13yfmo89b","id":"fbc6j515rre3m8l"},"id":"g7asisrml9d6ut2","previousOperationId":"ec9hem5l5dxe40v"}
{"type":"operationEnd","subtype":"render","operationId":"5cghmj70svnjsu5","timestamp":1705259471675,"id":"ki71ynim8x0n918","previousEventId":"a6vu4czsf7pbawu","previousOperationId":"ec9hem5l5dxe40v"}
{"type":"operationEnd","operationId":"pzn3fib8n4phqbh","timestamp":1705259471683,"id":"sr2b48v0mimxf9b","previousEventId":"ged4vdvnqi8hhof","previousOperationId":"pzn3fib8n4phqbh"}
{"type":"log","timestamp":1705259471683,"level":"debug","message":"pdf-utils postproces start","meta":{"rootId":"sv18jr13yfmo89b","id":"sv18jr13yfmo89b"},"id":"kfhee0d812335w2","previousOperationId":"pzn3fib8n4phqbh"}
{"type":"log","timestamp":1705259471691,"level":"debug","message":"pdf-utils postproces end","meta":{"rootId":"sv18jr13yfmo89b","id":"sv18jr13yfmo89b"},"id":"6jpyajlwp9diln5","previousOperationId":"pzn3fib8n4phqbh"}
{"type":"operationEnd","operationId":"mz6940l28705j61","timestamp":1705259471691,"id":"imylmpuhcgarufj","previousEventId":"sr2b48v0mimxf9b","previousOperationId":"pzn3fib8n4phqbh"}
{"type":"log","timestamp":1705259471691,"level":"info","message":"pdf-utils pdf processing was finished","meta":{"rootId":"sv18jr13yfmo89b","id":"sv18jr13yfmo89b"},"id":"2pdg06l9u7qnu5k","previousOperationId":"mz6940l28705j61"}
{"type":"log","timestamp":1705259471691,"level":"debug","message":"Skipping storing report.","meta":{"rootId":"sv18jr13yfmo89b","id":"sv18jr13yfmo89b"},"id":"n87ku7wlsksu076","previousOperationId":"mz6940l28705j61"}
{"type":"log","timestamp":1705259471691,"level":"info","message":"Rendering request 9 finished in 545 ms","meta":{"rootId":"sv18jr13yfmo89b","id":"sv18jr13yfmo89b"},"id":"ta4z9hseizwxusu","previousOperationId":"mz6940l28705j61"}
{"type":"operationEnd","subtype":"render","operationId":"9awgn1kn5asl0py","timestamp":1705259471691,"id":"3th10nai4kfdmlw","previousEventId":"imylmpuhcgarufj","previousOperationId":"mz6940l28705j61"}
{"type":"operationEnd","doDiffs":false,"previousEventId":"4geykuzv1m42j1g","previousOperationId":"anulbr3xhydpxot","operationId":"anulbr3xhydpxot","timestamp":1705259471697,"id":"3x4u3g08s3q6xs4"}
