{"type":"operationStart","subtype":"profile","data":{"_id":"MkqCmrxii2eKowt5","timestamp":"2024-01-14T18:09:00.046Z","state":"queued","mode":"standard","creationDate":"2024-01-14T18:09:00.049Z","modificationDate":"2024-01-14T18:09:00.049Z","shortid":"rQZ7PJe","$entitySet":"profiles"},"doDiffs":false,"timestamp":1705255740047,"id":"k0vn5zudct0hmuh","previousOperationId":null,"operationId":"h4ntzfufiupznip"}
{"type":"log","level":"info","message":"Render request 5 queued for execution and waiting for available worker","previousOperationId":"h4ntzfufiupznip","timestamp":1705255740047,"id":"gwy1x7whfs7mwos"}
{"type":"operationStart","subtype":"render","name":"orders-main","previousOperationId":"h4ntzfufiupznip","timestamp":1705255740065,"id":"uk2vvkriur7p4za","previousEventId":"k0vn5zudct0hmuh","operationId":"q952swz8vsxq1c3"}
{"type":"log","timestamp":1705255740065,"level":"info","message":"Starting rendering request 5","meta":{"rootId":"tfwx79sndf2lvfn","id":"tfwx79sndf2lvfn"},"id":"rgfyqesa250rt08","previousOperationId":"q952swz8vsxq1c3"}
{"type":"log","timestamp":1705255740065,"level":"info","message":"Rendering template { name: orders-main, recipe: chrome-pdf, engine: handlebars, preview: true }","meta":{"rootId":"tfwx79sndf2lvfn","id":"tfwx79sndf2lvfn"},"id":"9ge3b0e45hmjegl","previousOperationId":"q952swz8vsxq1c3"}
{"type":"log","timestamp":1705255740066,"level":"debug","message":"Data item not defined for this template.","meta":{"rootId":"tfwx79sndf2lvfn","id":"tfwx79sndf2lvfn"},"id":"7qyeeozaemo0es7","previousOperationId":"q952swz8vsxq1c3"}
{"type":"log","timestamp":1705255740072,"level":"debug","message":"Executing script orders-script (beforeRender)","meta":{"rootId":"tfwx79sndf2lvfn","id":"tfwx79sndf2lvfn"},"id":"myyygrtjlrs9uj1","previousOperationId":"q952swz8vsxq1c3"}
{"type":"operationStart","subtype":"scriptsBeforeRender","name":"scripts beforeRender","timestamp":1705255740090,"id":"h6wbm2sq9ci6024","previousEventId":"uk2vvkriur7p4za","operationId":"y2zpxaspb4b8ufm","previousOperationId":"q952swz8vsxq1c3"}
{"type":"operationStart","subtype":"script","name":"scripts orders-script","previousOperationId":"y2zpxaspb4b8ufm","timestamp":1705255740090,"id":"eyq9nr5lb4i7bgo","previousEventId":"h6wbm2sq9ci6024","operationId":"riy9ybtg3wu95kf"}
{"type":"operationEnd","operationId":"riy9ybtg3wu95kf","timestamp":1705255740104,"id":"6he537uuz28i0xw","previousEventId":"uk2vvkriur7p4za","previousOperationId":"q952swz8vsxq1c3"}
{"type":"operationEnd","operationId":"y2zpxaspb4b8ufm","timestamp":1705255740104,"id":"as91p92rd0tmfmq","previousEventId":"6he537uuz28i0xw","previousOperationId":"q952swz8vsxq1c3"}
{"type":"log","timestamp":1705255740104,"level":"debug","message":"Base url not specified, skipping its injection.","meta":{"rootId":"tfwx79sndf2lvfn","id":"tfwx79sndf2lvfn"},"id":"lz9u148phrlv4ea","previousOperationId":"y2zpxaspb4b8ufm"}
{"type":"operationStart","subtype":"engine","name":"handlebars","timestamp":1705255740104,"id":"qlmxhrk0ghu1cu7","previousEventId":"as91p92rd0tmfmq","operationId":"qavzc1c61sj79ye","previousOperationId":"y2zpxaspb4b8ufm"}
{"type":"log","timestamp":1705255740104,"level":"debug","message":"Rendering engine handlebars","meta":{"rootId":"tfwx79sndf2lvfn","id":"tfwx79sndf2lvfn"},"id":"6eo3y5zzolg0lqo","previousOperationId":"qavzc1c61sj79ye"}
{"type":"operationEnd","operationId":"qavzc1c61sj79ye","timestamp":1705255740121,"id":"v9uzl5a060n79fs","previousEventId":"qlmxhrk0ghu1cu7","previousOperationId":"qavzc1c61sj79ye"}
{"type":"operationStart","subtype":"recipe","name":"chrome-pdf","timestamp":1705255740121,"id":"s0mq00q2ixyvzjx","previousEventId":"v9uzl5a060n79fs","operationId":"5lp8voncueuzhww","previousOperationId":"qavzc1c61sj79ye"}
{"type":"log","timestamp":1705255740121,"level":"debug","message":"Executing recipe chrome-pdf","meta":{"rootId":"tfwx79sndf2lvfn","id":"tfwx79sndf2lvfn"},"id":"3f0rgn7xwohyeea","previousOperationId":"5lp8voncueuzhww"}
{"type":"log","timestamp":1705255740125,"level":"debug","message":"Converting with chrome HeadlessChrome/117.0.5938.149 using chrome-pool strategy","meta":{"rootId":"tfwx79sndf2lvfn","id":"tfwx79sndf2lvfn"},"id":"5i4qxbclo4yfci0","previousOperationId":"5lp8voncueuzhww"}
{"type":"log","timestamp":1705255740267,"level":"debug","message":"Page request: GET (document) file:///C:/Users/arida/AppData/Local/Temp/jsreport/autocleanup/8ceb3200-3ace-422a-93c5-bb7834748454-chrome-pdf.html","meta":{"rootId":"tfwx79sndf2lvfn","id":"tfwx79sndf2lvfn"},"id":"vo90pu7fti71x9m","previousOperationId":"5lp8voncueuzhww"}
{"type":"log","timestamp":1705255740292,"level":"debug","message":"Page request: GET (stylesheet) https://cdnjs.cloudflare.com/ajax/libs/metro/4.1.5/css/metro.min.css","meta":{"rootId":"tfwx79sndf2lvfn","id":"tfwx79sndf2lvfn"},"id":"vd2akf02kak15z0","previousOperationId":"5lp8voncueuzhww"}
{"type":"log","timestamp":1705255740292,"level":"debug","message":"Page request finished: GET (document) 200 file:///C:/Users/arida/AppData/Local/Temp/jsreport/autocleanup/8ceb3200-3ace-422a-93c5-bb7834748454-chrome-pdf.html","meta":{"rootId":"tfwx79sndf2lvfn","id":"tfwx79sndf2lvfn"},"id":"klb9ox34wuq4tpg","previousOperationId":"5lp8voncueuzhww"}
{"type":"log","timestamp":1705255740293,"level":"debug","message":"Page request: GET (script) https://cdnjs.cloudflare.com/ajax/libs/Chart.js/2.7.2/Chart.min.js","meta":{"rootId":"tfwx79sndf2lvfn","id":"tfwx79sndf2lvfn"},"id":"286bnu57cbfhv0e","previousOperationId":"5lp8voncueuzhww"}
{"type":"log","timestamp":1705255740322,"level":"debug","message":"Page request finished: GET (stylesheet) 200 https://cdnjs.cloudflare.com/ajax/libs/metro/4.1.5/css/metro.min.css","meta":{"rootId":"tfwx79sndf2lvfn","id":"tfwx79sndf2lvfn"},"id":"qtrbscp8167zcwa","previousOperationId":"5lp8voncueuzhww"}
{"type":"log","timestamp":1705255740323,"level":"debug","message":"Page request finished: GET (script) 200 https://cdnjs.cloudflare.com/ajax/libs/Chart.js/2.7.2/Chart.min.js","meta":{"rootId":"tfwx79sndf2lvfn","id":"tfwx79sndf2lvfn"},"id":"k9srj9bl1s29jll","previousOperationId":"5lp8voncueuzhww"}
{"type":"log","timestamp":1705255740355,"level":"debug","message":"Running chrome with params {\"printBackground\":true,\"marginTop\":\"4cm\",\"marginRight\":\"1.5cm\",\"marginBottom\":\"1.5cm\",\"marginLeft\":\"1.5cm\",\"waitForJS\":false,\"timeout\":59922,\"margin\":{\"top\":\"4cm\",\"right\":\"1.5cm\",\"bottom\":\"1.5cm\",\"left\":\"1.5cm\"}}","meta":{"rootId":"tfwx79sndf2lvfn","id":"tfwx79sndf2lvfn"},"id":"5y6xrmaxlbuynqd","previousOperationId":"5lp8voncueuzhww"}
{"type":"operationEnd","operationId":"5lp8voncueuzhww","timestamp":1705255740408,"id":"g3znqof4eb86rzc","previousEventId":"s0mq00q2ixyvzjx","previousOperationId":"5lp8voncueuzhww"}
{"type":"log","timestamp":1705255740408,"level":"info","message":"pdf-utils is starting pdf processing","meta":{"rootId":"tfwx79sndf2lvfn","id":"tfwx79sndf2lvfn"},"id":"dgayd4m2mz2wa8u","previousOperationId":"5lp8voncueuzhww"}
{"type":"operationStart","subtype":"pdfUtils","name":"pdf utils","timestamp":1705255740408,"id":"rdpeyz1j1sbfbb6","previousEventId":"g3znqof4eb86rzc","operationId":"0l15z4gabym3rnu","previousOperationId":"5lp8voncueuzhww"}
{"type":"log","timestamp":1705255740408,"level":"debug","message":"pdf-utils detected 1 pdf operation(s) to process","meta":{"rootId":"tfwx79sndf2lvfn","id":"tfwx79sndf2lvfn"},"id":"vmj4h5g7n8lutd4","previousOperationId":"0l15z4gabym3rnu"}
{"type":"log","timestamp":1705255740456,"level":"debug","message":"pdf-utils running pdf operation merge","meta":{"rootId":"tfwx79sndf2lvfn","id":"tfwx79sndf2lvfn"},"id":"8vh1pmxt3c3ovz4","previousOperationId":"0l15z4gabym3rnu"}
{"type":"operationStart","subtype":"pdfUtilsMerge","name":"pdf utils merge","previousOperationId":"0l15z4gabym3rnu","timestamp":1705255740456,"id":"vg02t9horvw4uhk","previousEventId":"rdpeyz1j1sbfbb6","operationId":"hk84aib5zvd61o5"}
{"type":"operationStart","subtype":"render","name":"orders-header","previousOperationId":"hk84aib5zvd61o5","timestamp":1705255740457,"id":"1ftdfwgz0w0fgi2","previousEventId":"vg02t9horvw4uhk","operationId":"8p2ehxpdoqftd3y"}
{"type":"log","timestamp":1705255740457,"level":"info","message":"Starting rendering (child) request","meta":{"rootId":"tfwx79sndf2lvfn","id":"4qwv2pepog7k86z"},"id":"1aq48a8xaf5keaj","previousOperationId":"8p2ehxpdoqftd3y"}
{"type":"log","timestamp":1705255740457,"level":"info","message":"Rendering template { name: orders-header, recipe: chrome-pdf, engine: handlebars, preview: true }","meta":{"rootId":"tfwx79sndf2lvfn","id":"4qwv2pepog7k86z"},"id":"9heornex2hwh64a","previousOperationId":"8p2ehxpdoqftd3y"}
{"type":"log","timestamp":1705255740458,"level":"debug","message":"Inline data specified.","meta":{"rootId":"tfwx79sndf2lvfn","id":"4qwv2pepog7k86z"},"id":"dcd9i0s9q4ib7uj","previousOperationId":"8p2ehxpdoqftd3y"}
{"type":"log","timestamp":1705255740461,"level":"debug","message":"Base url not specified, skipping its injection.","meta":{"rootId":"tfwx79sndf2lvfn","id":"4qwv2pepog7k86z"},"id":"zvd76uur01nnimg","previousOperationId":"8p2ehxpdoqftd3y"}
{"type":"operationStart","subtype":"engine","name":"handlebars","timestamp":1705255740461,"id":"fjlw40av4femx5r","previousEventId":"1ftdfwgz0w0fgi2","operationId":"51vg3k4aqo3bebe","previousOperationId":"8p2ehxpdoqftd3y"}
{"type":"log","timestamp":1705255740461,"level":"debug","message":"Rendering engine handlebars","meta":{"rootId":"tfwx79sndf2lvfn","id":"4qwv2pepog7k86z"},"id":"qm68uj408o300dy","previousOperationId":"51vg3k4aqo3bebe"}
{"type":"operationEnd","operationId":"51vg3k4aqo3bebe","timestamp":1705255740486,"id":"0ynifk5b7cizz1n","previousEventId":"fjlw40av4femx5r","previousOperationId":"51vg3k4aqo3bebe"}
{"type":"operationStart","subtype":"recipe","name":"chrome-pdf","timestamp":1705255740486,"id":"pa368reqx79gt4h","previousEventId":"0ynifk5b7cizz1n","operationId":"vbge2acxwan83e5","previousOperationId":"51vg3k4aqo3bebe"}
{"type":"log","timestamp":1705255740486,"level":"debug","message":"Executing recipe chrome-pdf","meta":{"rootId":"tfwx79sndf2lvfn","id":"4qwv2pepog7k86z"},"id":"nk2esfoyd3afpgo","previousOperationId":"vbge2acxwan83e5"}
{"type":"log","timestamp":1705255740490,"level":"debug","message":"Converting with chrome HeadlessChrome/117.0.5938.149 using chrome-pool strategy","meta":{"rootId":"tfwx79sndf2lvfn","id":"4qwv2pepog7k86z"},"id":"pb5ahhczft6yabl","previousOperationId":"vbge2acxwan83e5"}
{"type":"log","timestamp":1705255740640,"level":"debug","message":"Page request: GET (document) file:///C:/Users/arida/AppData/Local/Temp/jsreport/autocleanup/74bbce1e-a7ed-458e-9c43-0432d636a601-chrome-pdf.html","meta":{"rootId":"tfwx79sndf2lvfn","id":"4qwv2pepog7k86z"},"id":"hzfhckd4cjv6p13","previousOperationId":"vbge2acxwan83e5"}
{"type":"log","timestamp":1705255740653,"level":"debug","message":"Page request: GET (stylesheet) https://cdnjs.cloudflare.com/ajax/libs/metro/4.1.5/css/metro.min.css","meta":{"rootId":"tfwx79sndf2lvfn","id":"4qwv2pepog7k86z"},"id":"q4bo573iz88cuo4","previousOperationId":"vbge2acxwan83e5"}
{"type":"log","timestamp":1705255740654,"level":"debug","message":"Page request finished: GET (document) 200 file:///C:/Users/arida/AppData/Local/Temp/jsreport/autocleanup/74bbce1e-a7ed-458e-9c43-0432d636a601-chrome-pdf.html","meta":{"rootId":"tfwx79sndf2lvfn","id":"4qwv2pepog7k86z"},"id":"l9zkhe09xl9libx","previousOperationId":"vbge2acxwan83e5"}
{"type":"log","timestamp":1705255740685,"level":"debug","message":"Page request finished: GET (stylesheet) 200 https://cdnjs.cloudflare.com/ajax/libs/metro/4.1.5/css/metro.min.css","meta":{"rootId":"tfwx79sndf2lvfn","id":"4qwv2pepog7k86z"},"id":"38yzqwnnrxxlac1","previousOperationId":"vbge2acxwan83e5"}
{"type":"log","timestamp":1705255740710,"level":"debug","message":"Running chrome with params {\"printBackground\":true,\"marginTop\":\"1.5cm\",\"marginRight\":\"1.5cm\",\"marginLeft\":\"1.cm\",\"timeout\":59557,\"margin\":{\"top\":\"1.5cm\",\"right\":\"1.5cm\",\"left\":\"1.cm\"}}","meta":{"rootId":"tfwx79sndf2lvfn","id":"4qwv2pepog7k86z"},"id":"72t33b5mghnqaws","previousOperationId":"vbge2acxwan83e5"}
{"type":"operationEnd","operationId":"vbge2acxwan83e5","timestamp":1705255740765,"id":"la5rsktcd1jjyb8","previousEventId":"pa368reqx79gt4h","previousOperationId":"vbge2acxwan83e5"}
{"type":"log","timestamp":1705255740765,"level":"debug","message":"Skipping storing report.","meta":{"rootId":"tfwx79sndf2lvfn","id":"4qwv2pepog7k86z"},"id":"803nkvbybyinov5","previousOperationId":"vbge2acxwan83e5"}
{"type":"log","timestamp":1705255740765,"level":"info","message":"Rendering (child) request finished in 719 ms","meta":{"rootId":"tfwx79sndf2lvfn","id":"4qwv2pepog7k86z"},"id":"xrq7hi0wi7lb377","previousOperationId":"vbge2acxwan83e5"}
{"type":"operationEnd","subtype":"render","operationId":"8p2ehxpdoqftd3y","timestamp":1705255740765,"id":"s39wqpaq4perj3f","previousEventId":"la5rsktcd1jjyb8","previousOperationId":"vbge2acxwan83e5"}
{"type":"operationEnd","operationId":"hk84aib5zvd61o5","timestamp":1705255740778,"id":"17k2ujqlyktt0ul","previousEventId":"vg02t9horvw4uhk","previousOperationId":"hk84aib5zvd61o5"}
{"type":"log","timestamp":1705255740778,"level":"debug","message":"pdf-utils postproces start","meta":{"rootId":"tfwx79sndf2lvfn","id":"tfwx79sndf2lvfn"},"id":"hwlx9rcnqnzy924","previousOperationId":"hk84aib5zvd61o5"}
{"type":"log","timestamp":1705255740788,"level":"debug","message":"pdf-utils postproces end","meta":{"rootId":"tfwx79sndf2lvfn","id":"tfwx79sndf2lvfn"},"id":"pdlkzbb038x27s0","previousOperationId":"hk84aib5zvd61o5"}
{"type":"operationEnd","operationId":"0l15z4gabym3rnu","timestamp":1705255740788,"id":"8oa8havncdwqfdc","previousEventId":"17k2ujqlyktt0ul","previousOperationId":"hk84aib5zvd61o5"}
{"type":"log","timestamp":1705255740788,"level":"info","message":"pdf-utils pdf processing was finished","meta":{"rootId":"tfwx79sndf2lvfn","id":"tfwx79sndf2lvfn"},"id":"p8gwl3pb8tpjkiy","previousOperationId":"0l15z4gabym3rnu"}
{"type":"log","timestamp":1705255740788,"level":"debug","message":"Skipping storing report.","meta":{"rootId":"tfwx79sndf2lvfn","id":"tfwx79sndf2lvfn"},"id":"2el6izd0b1lbcny","previousOperationId":"0l15z4gabym3rnu"}
{"type":"log","timestamp":1705255740788,"level":"info","message":"Rendering request 5 finished in 742 ms","meta":{"rootId":"tfwx79sndf2lvfn","id":"tfwx79sndf2lvfn"},"id":"yj8me50cz98q62t","previousOperationId":"0l15z4gabym3rnu"}
{"type":"operationEnd","subtype":"render","operationId":"q952swz8vsxq1c3","timestamp":1705255740788,"id":"n4g20foarlfsbzb","previousEventId":"8oa8havncdwqfdc","previousOperationId":"0l15z4gabym3rnu"}
{"type":"operationEnd","doDiffs":false,"previousEventId":"k0vn5zudct0hmuh","previousOperationId":"h4ntzfufiupznip","operationId":"h4ntzfufiupznip","timestamp":1705255740803,"id":"nx38bz4yvfkc41i"}
