{"type":"operationStart","subtype":"profile","data":{"_id":"Mq8BFKuXodIVEjjO","timestamp":"2024-01-09T20:12:37.562Z","state":"queued","mode":"standard","creationDate":"2024-01-09T20:12:37.565Z","modificationDate":"2024-01-09T20:12:37.565Z","shortid":"neobMff","$entitySet":"profiles"},"doDiffs":false,"timestamp":1704831157563,"id":"1sb7f40cvb0p5wl","previousOperationId":null,"operationId":"zsu501ytofiytjd"}
{"type":"log","level":"info","message":"Render request 15 queued for execution and waiting for available worker","previousOperationId":"zsu501ytofiytjd","timestamp":1704831157564,"id":"dum2it46tkssisz"}
{"type":"operationStart","subtype":"render","name":"orders-main","previousOperationId":"zsu501ytofiytjd","timestamp":1704831157579,"id":"oqh0jyqi0ecnjh1","previousEventId":"1sb7f40cvb0p5wl","operationId":"6fditv2k5obkuun"}
{"type":"log","timestamp":1704831157580,"level":"info","message":"Starting rendering request 15","meta":{"rootId":"u0gpizugktpge1s","id":"u0gpizugktpge1s"},"id":"smzol3sklpoiexf","previousOperationId":"6fditv2k5obkuun"}
{"type":"log","timestamp":1704831157580,"level":"info","message":"Rendering template { name: orders-main, recipe: chrome-pdf, engine: handlebars, preview: true }","meta":{"rootId":"u0gpizugktpge1s","id":"u0gpizugktpge1s"},"id":"o7jzwfh64bylvtb","previousOperationId":"6fditv2k5obkuun"}
{"type":"log","timestamp":1704831157582,"level":"debug","message":"Data item not defined for this template.","meta":{"rootId":"u0gpizugktpge1s","id":"u0gpizugktpge1s"},"id":"fsgajzuposlckoq","previousOperationId":"6fditv2k5obkuun"}
{"type":"log","timestamp":1704831157587,"level":"debug","message":"Executing script orders-script (beforeRender)","meta":{"rootId":"u0gpizugktpge1s","id":"u0gpizugktpge1s"},"id":"a82sr47zygio6s4","previousOperationId":"6fditv2k5obkuun"}
{"type":"operationStart","subtype":"scriptsBeforeRender","name":"scripts beforeRender","timestamp":1704831157597,"id":"m39a5s5p5khb96c","previousEventId":"oqh0jyqi0ecnjh1","operationId":"8h3vpt2h08dcmn4","previousOperationId":"6fditv2k5obkuun"}
{"type":"operationStart","subtype":"script","name":"scripts orders-script","previousOperationId":"8h3vpt2h08dcmn4","timestamp":1704831157597,"id":"ba6i5fz9ojclsdz","previousEventId":"m39a5s5p5khb96c","operationId":"kka82w7kyu73jco"}
{"type":"log","timestamp":1704831157597,"level":"debug","message":"(console:log) undefined","meta":{"userLevel":true,"rootId":"u0gpizugktpge1s","id":"u0gpizugktpge1s"},"id":"vhwit7reba4lgw7","previousOperationId":"kka82w7kyu73jco"}
{"type":"operationEnd","operationId":"kka82w7kyu73jco","timestamp":1704831159018,"id":"lkcikiybhi78hq9","previousEventId":"oqh0jyqi0ecnjh1","previousOperationId":"6fditv2k5obkuun"}
{"type":"operationEnd","operationId":"8h3vpt2h08dcmn4","timestamp":1704831159018,"id":"s64h29zbrxd00mf","previousEventId":"lkcikiybhi78hq9","previousOperationId":"6fditv2k5obkuun"}
{"type":"log","timestamp":1704831159018,"level":"debug","message":"Base url not specified, skipping its injection.","meta":{"rootId":"u0gpizugktpge1s","id":"u0gpizugktpge1s"},"id":"mm7c8prv2hchuz3","previousOperationId":"8h3vpt2h08dcmn4"}
{"type":"operationStart","subtype":"engine","name":"handlebars","timestamp":1704831159019,"id":"sqix9at08zldqtk","previousEventId":"s64h29zbrxd00mf","operationId":"g6546crnsmdn6kv","previousOperationId":"8h3vpt2h08dcmn4"}
{"type":"log","timestamp":1704831159019,"level":"debug","message":"Rendering engine handlebars","meta":{"rootId":"u0gpizugktpge1s","id":"u0gpizugktpge1s"},"id":"jv4t3woltq7fsea","previousOperationId":"g6546crnsmdn6kv"}
{"type":"log","timestamp":1704831159029,"level":"debug","message":"(console:log) Pdf utils adding group field, value: \"France\"","meta":{"userLevel":true,"rootId":"u0gpizugktpge1s","id":"u0gpizugktpge1s"},"id":"yzmzcy1x6bmrulb","previousOperationId":"g6546crnsmdn6kv"}
{"type":"log","timestamp":1704831159029,"level":"debug","message":"(console:log) Pdf utils adding group field, value: \"Germany\"","meta":{"userLevel":true,"rootId":"u0gpizugktpge1s","id":"u0gpizugktpge1s"},"id":"uqmvlj3kha9lhag","previousOperationId":"g6546crnsmdn6kv"}
{"type":"operationEnd","operationId":"g6546crnsmdn6kv","timestamp":1704831159030,"id":"gdik9zwidxtpyoa","previousEventId":"sqix9at08zldqtk","previousOperationId":"g6546crnsmdn6kv"}
{"type":"operationStart","subtype":"recipe","name":"chrome-pdf","timestamp":1704831159031,"id":"9g3uao7qao93p6l","previousEventId":"gdik9zwidxtpyoa","operationId":"hz68msxx2tdwb1u","previousOperationId":"g6546crnsmdn6kv"}
{"type":"log","timestamp":1704831159031,"level":"debug","message":"Executing recipe chrome-pdf","meta":{"rootId":"u0gpizugktpge1s","id":"u0gpizugktpge1s"},"id":"ezh83zcg0rs1wvs","previousOperationId":"hz68msxx2tdwb1u"}
{"type":"log","timestamp":1704831159034,"level":"debug","message":"Converting with chrome HeadlessChrome/117.0.5938.149 using chrome-pool strategy","meta":{"rootId":"u0gpizugktpge1s","id":"u0gpizugktpge1s"},"id":"uyno27ew0vkaq6o","previousOperationId":"hz68msxx2tdwb1u"}
{"type":"log","timestamp":1704831159170,"level":"debug","message":"Page request: GET (document) file:///C:/Users/arida/AppData/Local/Temp/jsreport/autocleanup/7b0af856-a3f0-4d34-809a-2c4386c95df6-chrome-pdf.html","meta":{"rootId":"u0gpizugktpge1s","id":"u0gpizugktpge1s"},"id":"u2paucmy911kcob","previousOperationId":"hz68msxx2tdwb1u"}
{"type":"log","timestamp":1704831159229,"level":"debug","message":"Page request: GET (stylesheet) https://cdnjs.cloudflare.com/ajax/libs/metro/4.1.5/css/metro.min.css","meta":{"rootId":"u0gpizugktpge1s","id":"u0gpizugktpge1s"},"id":"sedgej1dikftzev","previousOperationId":"hz68msxx2tdwb1u"}
{"type":"log","timestamp":1704831159229,"level":"debug","message":"Page request: GET (script) https://cdnjs.cloudflare.com/ajax/libs/Chart.js/2.7.2/Chart.min.js","meta":{"rootId":"u0gpizugktpge1s","id":"u0gpizugktpge1s"},"id":"h2z6d85915yppv2","previousOperationId":"hz68msxx2tdwb1u"}
{"type":"log","timestamp":1704831159230,"level":"debug","message":"Page request finished: GET (document) 200 file:///C:/Users/arida/AppData/Local/Temp/jsreport/autocleanup/7b0af856-a3f0-4d34-809a-2c4386c95df6-chrome-pdf.html","meta":{"rootId":"u0gpizugktpge1s","id":"u0gpizugktpge1s"},"id":"5e41ag8idv9lfm5","previousOperationId":"hz68msxx2tdwb1u"}
{"type":"log","timestamp":1704831159237,"level":"debug","message":"Page request finished: GET (script) 200 https://cdnjs.cloudflare.com/ajax/libs/Chart.js/2.7.2/Chart.min.js","meta":{"rootId":"u0gpizugktpge1s","id":"u0gpizugktpge1s"},"id":"za33d5btm4052fl","previousOperationId":"hz68msxx2tdwb1u"}
{"type":"log","timestamp":1704831159255,"level":"debug","message":"Page request finished: GET (stylesheet) 200 https://cdnjs.cloudflare.com/ajax/libs/metro/4.1.5/css/metro.min.css","meta":{"rootId":"u0gpizugktpge1s","id":"u0gpizugktpge1s"},"id":"g2lfwplfz0gn8ib","previousOperationId":"hz68msxx2tdwb1u"}
{"type":"log","timestamp":1704831159354,"level":"debug","message":"Running chrome with params {\"printBackground\":true,\"marginTop\":\"4cm\",\"marginRight\":\"1.5cm\",\"marginBottom\":\"1.5cm\",\"marginLeft\":\"1.5cm\",\"waitForJS\":false,\"timeout\":58528,\"margin\":{\"top\":\"4cm\",\"right\":\"1.5cm\",\"bottom\":\"1.5cm\",\"left\":\"1.5cm\"}}","meta":{"rootId":"u0gpizugktpge1s","id":"u0gpizugktpge1s"},"id":"9do7u212vt3z9mq","previousOperationId":"hz68msxx2tdwb1u"}
{"type":"operationEnd","operationId":"hz68msxx2tdwb1u","timestamp":1704831159559,"id":"gnc0ocui56wtr3s","previousEventId":"9g3uao7qao93p6l","previousOperationId":"hz68msxx2tdwb1u"}
{"type":"log","timestamp":1704831159559,"level":"info","message":"pdf-utils is starting pdf processing","meta":{"rootId":"u0gpizugktpge1s","id":"u0gpizugktpge1s"},"id":"mybsd4kp4pdf6wd","previousOperationId":"hz68msxx2tdwb1u"}
{"type":"operationStart","subtype":"pdfUtils","name":"pdf utils","timestamp":1704831159559,"id":"08xc35zx6kx0xoq","previousEventId":"gnc0ocui56wtr3s","operationId":"nadkgepkrvyx4nc","previousOperationId":"hz68msxx2tdwb1u"}
{"type":"log","timestamp":1704831159559,"level":"debug","message":"pdf-utils detected 1 pdf operation(s) to process","meta":{"rootId":"u0gpizugktpge1s","id":"u0gpizugktpge1s"},"id":"ivw7r7rih2honyl","previousOperationId":"nadkgepkrvyx4nc"}
{"type":"log","timestamp":1704831159603,"level":"debug","message":"pdf-utils running pdf operation merge","meta":{"rootId":"u0gpizugktpge1s","id":"u0gpizugktpge1s"},"id":"m43flvv0dw7nfzp","previousOperationId":"nadkgepkrvyx4nc"}
{"type":"operationStart","subtype":"pdfUtilsMerge","name":"pdf utils merge","previousOperationId":"nadkgepkrvyx4nc","timestamp":1704831159603,"id":"x57otzbbo2vrys6","previousEventId":"08xc35zx6kx0xoq","operationId":"m0eezxl2p8di3t7"}
{"type":"operationStart","subtype":"render","name":"orders-header","previousOperationId":"m0eezxl2p8di3t7","timestamp":1704831159604,"id":"h7a7fek3uomdbvi","previousEventId":"x57otzbbo2vrys6","operationId":"oufbne2z2ochnp4"}
{"type":"log","timestamp":1704831159604,"level":"info","message":"Starting rendering (child) request","meta":{"rootId":"u0gpizugktpge1s","id":"00wzgp8hxk1nbgq"},"id":"ncsw4ndu2ejk2o5","previousOperationId":"oufbne2z2ochnp4"}
{"type":"log","timestamp":1704831159604,"level":"info","message":"Rendering template { name: orders-header, recipe: chrome-pdf, engine: handlebars, preview: true }","meta":{"rootId":"u0gpizugktpge1s","id":"00wzgp8hxk1nbgq"},"id":"5enzpgx0f8i2qee","previousOperationId":"oufbne2z2ochnp4"}
{"type":"log","timestamp":1704831159611,"level":"debug","message":"Inline data specified.","meta":{"rootId":"u0gpizugktpge1s","id":"00wzgp8hxk1nbgq"},"id":"815st32qzkyihfp","previousOperationId":"oufbne2z2ochnp4"}
{"type":"log","timestamp":1704831159615,"level":"debug","message":"Base url not specified, skipping its injection.","meta":{"rootId":"u0gpizugktpge1s","id":"00wzgp8hxk1nbgq"},"id":"ry767gkhffs7a11","previousOperationId":"oufbne2z2ochnp4"}
{"type":"operationStart","subtype":"engine","name":"handlebars","timestamp":1704831159616,"id":"i1otlt7ijg54o14","previousEventId":"h7a7fek3uomdbvi","operationId":"mditu5k87kw6wk5","previousOperationId":"oufbne2z2ochnp4"}
{"type":"log","timestamp":1704831159616,"level":"debug","message":"Rendering engine handlebars","meta":{"rootId":"u0gpizugktpge1s","id":"00wzgp8hxk1nbgq"},"id":"4xmrp4o0422bzjh","previousOperationId":"mditu5k87kw6wk5"}
{"type":"operationEnd","operationId":"mditu5k87kw6wk5","timestamp":1704831159638,"id":"yozdrbww24dmiij","previousEventId":"i1otlt7ijg54o14","previousOperationId":"mditu5k87kw6wk5"}
{"type":"operationStart","subtype":"recipe","name":"chrome-pdf","timestamp":1704831159638,"id":"2zgt9rypjn5kn25","previousEventId":"yozdrbww24dmiij","operationId":"6tjwmg5l1ge0334","previousOperationId":"mditu5k87kw6wk5"}
{"type":"log","timestamp":1704831159638,"level":"debug","message":"Executing recipe chrome-pdf","meta":{"rootId":"u0gpizugktpge1s","id":"00wzgp8hxk1nbgq"},"id":"3xrhi0n9nch6od4","previousOperationId":"6tjwmg5l1ge0334"}
{"type":"log","timestamp":1704831159641,"level":"debug","message":"Converting with chrome HeadlessChrome/117.0.5938.149 using chrome-pool strategy","meta":{"rootId":"u0gpizugktpge1s","id":"00wzgp8hxk1nbgq"},"id":"s536vw2mzp1qg41","previousOperationId":"6tjwmg5l1ge0334"}
{"type":"log","timestamp":1704831159777,"level":"debug","message":"Page request: GET (document) file:///C:/Users/arida/AppData/Local/Temp/jsreport/autocleanup/0a51cc1e-05f3-4f82-a865-78801d192b17-chrome-pdf.html","meta":{"rootId":"u0gpizugktpge1s","id":"00wzgp8hxk1nbgq"},"id":"7nfj6d3ruv0hi64","previousOperationId":"6tjwmg5l1ge0334"}
{"type":"log","timestamp":1704831159789,"level":"debug","message":"Page request: GET (stylesheet) https://cdnjs.cloudflare.com/ajax/libs/metro/4.1.5/css/metro.min.css","meta":{"rootId":"u0gpizugktpge1s","id":"00wzgp8hxk1nbgq"},"id":"bmlkdew8gp0y39h","previousOperationId":"6tjwmg5l1ge0334"}
{"type":"log","timestamp":1704831159790,"level":"debug","message":"Page request finished: GET (document) 200 file:///C:/Users/arida/AppData/Local/Temp/jsreport/autocleanup/0a51cc1e-05f3-4f82-a865-78801d192b17-chrome-pdf.html","meta":{"rootId":"u0gpizugktpge1s","id":"00wzgp8hxk1nbgq"},"id":"vbpk4mmvcrv767a","previousOperationId":"6tjwmg5l1ge0334"}
{"type":"log","timestamp":1704831159810,"level":"debug","message":"Page request finished: GET (stylesheet) 200 https://cdnjs.cloudflare.com/ajax/libs/metro/4.1.5/css/metro.min.css","meta":{"rootId":"u0gpizugktpge1s","id":"00wzgp8hxk1nbgq"},"id":"hqdoqw600b6vod9","previousOperationId":"6tjwmg5l1ge0334"}
{"type":"log","timestamp":1704831159839,"level":"debug","message":"Running chrome with params {\"printBackground\":true,\"marginTop\":\"1.5cm\",\"marginRight\":\"1.5cm\",\"marginLeft\":\"1.cm\",\"timeout\":57921,\"margin\":{\"top\":\"1.5cm\",\"right\":\"1.5cm\",\"left\":\"1.cm\"}}","meta":{"rootId":"u0gpizugktpge1s","id":"00wzgp8hxk1nbgq"},"id":"94gjrymgi82ighv","previousOperationId":"6tjwmg5l1ge0334"}
{"type":"operationEnd","operationId":"6tjwmg5l1ge0334","timestamp":1704831159891,"id":"i2r9k67oc8tx8jt","previousEventId":"2zgt9rypjn5kn25","previousOperationId":"6tjwmg5l1ge0334"}
{"type":"log","timestamp":1704831159891,"level":"debug","message":"Skipping storing report.","meta":{"rootId":"u0gpizugktpge1s","id":"00wzgp8hxk1nbgq"},"id":"aztnikw1opqvpz8","previousOperationId":"6tjwmg5l1ge0334"}
{"type":"log","timestamp":1704831159891,"level":"info","message":"Rendering (child) request finished in 2330 ms","meta":{"rootId":"u0gpizugktpge1s","id":"00wzgp8hxk1nbgq"},"id":"6siy9id4gg6g6uy","previousOperationId":"6tjwmg5l1ge0334"}
{"type":"operationEnd","subtype":"render","operationId":"oufbne2z2ochnp4","timestamp":1704831159891,"id":"h592pswsm5n6v40","previousEventId":"i2r9k67oc8tx8jt","previousOperationId":"6tjwmg5l1ge0334"}
{"type":"operationEnd","operationId":"m0eezxl2p8di3t7","timestamp":1704831159910,"id":"oace5z43snfwgx4","previousEventId":"x57otzbbo2vrys6","previousOperationId":"m0eezxl2p8di3t7"}
{"type":"log","timestamp":1704831159910,"level":"debug","message":"pdf-utils postproces start","meta":{"rootId":"u0gpizugktpge1s","id":"u0gpizugktpge1s"},"id":"twus1y7umdbcv4m","previousOperationId":"m0eezxl2p8di3t7"}
{"type":"log","timestamp":1704831159928,"level":"debug","message":"pdf-utils postproces end","meta":{"rootId":"u0gpizugktpge1s","id":"u0gpizugktpge1s"},"id":"ck17osj4vna6xxq","previousOperationId":"m0eezxl2p8di3t7"}
{"type":"operationEnd","operationId":"nadkgepkrvyx4nc","timestamp":1704831159928,"id":"eak3e66e6obtu8q","previousEventId":"oace5z43snfwgx4","previousOperationId":"m0eezxl2p8di3t7"}
{"type":"log","timestamp":1704831159928,"level":"info","message":"pdf-utils pdf processing was finished","meta":{"rootId":"u0gpizugktpge1s","id":"u0gpizugktpge1s"},"id":"2ee01qq0klhxdyk","previousOperationId":"nadkgepkrvyx4nc"}
{"type":"log","timestamp":1704831159928,"level":"debug","message":"Skipping storing report.","meta":{"rootId":"u0gpizugktpge1s","id":"u0gpizugktpge1s"},"id":"svfhpj2fzkjrr54","previousOperationId":"nadkgepkrvyx4nc"}
{"type":"log","timestamp":1704831159928,"level":"info","message":"Rendering request 15 finished in 2367 ms","meta":{"rootId":"u0gpizugktpge1s","id":"u0gpizugktpge1s"},"id":"89tr278i10fpc6w","previousOperationId":"nadkgepkrvyx4nc"}
{"type":"operationEnd","subtype":"render","operationId":"6fditv2k5obkuun","timestamp":1704831159928,"id":"xeaotm8jrlmnxn3","previousEventId":"eak3e66e6obtu8q","previousOperationId":"nadkgepkrvyx4nc"}
{"type":"operationEnd","doDiffs":false,"previousEventId":"1sb7f40cvb0p5wl","previousOperationId":"zsu501ytofiytjd","operationId":"zsu501ytofiytjd","timestamp":1704831159942,"id":"ipe3di1i18eek9b"}
