{"type":"operationStart","subtype":"profile","data":{"_id":"PQkXXdm1pSTwJEq9","timestamp":"2024-01-09T20:11:55.227Z","state":"queued","mode":"standard","creationDate":"2024-01-09T20:11:55.230Z","modificationDate":"2024-01-09T20:11:55.230Z","shortid":"bjTPd_A","$entitySet":"profiles"},"doDiffs":false,"timestamp":1704831115228,"id":"lk7ludnq4aednc4","previousOperationId":null,"operationId":"lt3jgyv358y034n"}
{"type":"log","level":"info","message":"Render request 12 queued for execution and waiting for available worker","previousOperationId":"lt3jgyv358y034n","timestamp":1704831115228,"id":"et7zj1xdmukcpz8"}
{"type":"operationStart","subtype":"render","name":"orders-main","previousOperationId":"lt3jgyv358y034n","timestamp":1704831115247,"id":"x3orsr2r50zungn","previousEventId":"lk7ludnq4aednc4","operationId":"tn1wpmjgf7m6daj"}
{"type":"log","timestamp":1704831115247,"level":"info","message":"Starting rendering request 12","meta":{"rootId":"va1t8b40k060m8n","id":"va1t8b40k060m8n"},"id":"o6dwqsyc2js03b5","previousOperationId":"tn1wpmjgf7m6daj"}
{"type":"log","timestamp":1704831115248,"level":"info","message":"Rendering template { name: orders-main, recipe: chrome-pdf, engine: handlebars, preview: true }","meta":{"rootId":"va1t8b40k060m8n","id":"va1t8b40k060m8n"},"id":"efw359585y1lx73","previousOperationId":"tn1wpmjgf7m6daj"}
{"type":"log","timestamp":1704831115249,"level":"debug","message":"Data item not defined for this template.","meta":{"rootId":"va1t8b40k060m8n","id":"va1t8b40k060m8n"},"id":"g66xk4p6w1csrzn","previousOperationId":"tn1wpmjgf7m6daj"}
{"type":"log","timestamp":1704831115256,"level":"debug","message":"Executing script orders-script (beforeRender)","meta":{"rootId":"va1t8b40k060m8n","id":"va1t8b40k060m8n"},"id":"x8ankrs2qrwcb2a","previousOperationId":"tn1wpmjgf7m6daj"}
{"type":"operationStart","subtype":"scriptsBeforeRender","name":"scripts beforeRender","timestamp":1704831115279,"id":"ocpea0adm2y1pq1","previousEventId":"x3orsr2r50zungn","operationId":"0r2wcqzzdg4b4mk","previousOperationId":"tn1wpmjgf7m6daj"}
{"type":"operationStart","subtype":"script","name":"scripts orders-script","previousOperationId":"0r2wcqzzdg4b4mk","timestamp":1704831115280,"id":"weq3l3x886o8iy2","previousEventId":"ocpea0adm2y1pq1","operationId":"pz14s0o3qv5pe3s"}
{"type":"log","timestamp":1704831115281,"level":"debug","message":"(console:log) {}","meta":{"userLevel":true,"rootId":"va1t8b40k060m8n","id":"va1t8b40k060m8n"},"id":"6hmvkxulb2s03g0","previousOperationId":"pz14s0o3qv5pe3s"}
{"type":"operationEnd","operationId":"pz14s0o3qv5pe3s","timestamp":1704831116644,"id":"umymtzv065gt8dt","previousEventId":"x3orsr2r50zungn","previousOperationId":"tn1wpmjgf7m6daj"}
{"type":"operationEnd","operationId":"0r2wcqzzdg4b4mk","timestamp":1704831116644,"id":"28d3jd2jrpzmh4y","previousEventId":"umymtzv065gt8dt","previousOperationId":"tn1wpmjgf7m6daj"}
{"type":"log","timestamp":1704831116644,"level":"debug","message":"Base url not specified, skipping its injection.","meta":{"rootId":"va1t8b40k060m8n","id":"va1t8b40k060m8n"},"id":"sqkwb0tlamqatln","previousOperationId":"0r2wcqzzdg4b4mk"}
{"type":"operationStart","subtype":"engine","name":"handlebars","timestamp":1704831116645,"id":"f8vrob7jvomypbj","previousEventId":"28d3jd2jrpzmh4y","operationId":"9r4glvfbinq9u9l","previousOperationId":"0r2wcqzzdg4b4mk"}
{"type":"log","timestamp":1704831116645,"level":"debug","message":"Rendering engine handlebars","meta":{"rootId":"va1t8b40k060m8n","id":"va1t8b40k060m8n"},"id":"n58odgzbj9og8vj","previousOperationId":"9r4glvfbinq9u9l"}
{"type":"log","timestamp":1704831116668,"level":"debug","message":"(console:log) Pdf utils adding group field, value: \"France\"","meta":{"userLevel":true,"rootId":"va1t8b40k060m8n","id":"va1t8b40k060m8n"},"id":"eazobf6ipyggg1t","previousOperationId":"9r4glvfbinq9u9l"}
{"type":"log","timestamp":1704831116670,"level":"debug","message":"(console:log) Pdf utils adding group field, value: \"Germany\"","meta":{"userLevel":true,"rootId":"va1t8b40k060m8n","id":"va1t8b40k060m8n"},"id":"gr8jbtax36oqst2","previousOperationId":"9r4glvfbinq9u9l"}
{"type":"operationEnd","operationId":"9r4glvfbinq9u9l","timestamp":1704831116670,"id":"lrs8pzkm5lw3lgu","previousEventId":"f8vrob7jvomypbj","previousOperationId":"9r4glvfbinq9u9l"}
{"type":"operationStart","subtype":"recipe","name":"chrome-pdf","timestamp":1704831116672,"id":"chvebrlz6jt5vuo","previousEventId":"lrs8pzkm5lw3lgu","operationId":"k9n2btoxqprjmvi","previousOperationId":"9r4glvfbinq9u9l"}
{"type":"log","timestamp":1704831116672,"level":"debug","message":"Executing recipe chrome-pdf","meta":{"rootId":"va1t8b40k060m8n","id":"va1t8b40k060m8n"},"id":"g5rfmvrzo85kerf","previousOperationId":"k9n2btoxqprjmvi"}
{"type":"log","timestamp":1704831116676,"level":"debug","message":"Converting with chrome HeadlessChrome/117.0.5938.149 using chrome-pool strategy","meta":{"rootId":"va1t8b40k060m8n","id":"va1t8b40k060m8n"},"id":"kv4dw9w507u5i0h","previousOperationId":"k9n2btoxqprjmvi"}
{"type":"log","timestamp":1704831116810,"level":"debug","message":"Page request: GET (document) file:///C:/Users/arida/AppData/Local/Temp/jsreport/autocleanup/6da6ac8a-d834-4f73-9d87-1be288fb4934-chrome-pdf.html","meta":{"rootId":"va1t8b40k060m8n","id":"va1t8b40k060m8n"},"id":"r1txavq3bkembbk","previousOperationId":"k9n2btoxqprjmvi"}
{"type":"log","timestamp":1704831116862,"level":"debug","message":"Page request: GET (stylesheet) https://cdnjs.cloudflare.com/ajax/libs/metro/4.1.5/css/metro.min.css","meta":{"rootId":"va1t8b40k060m8n","id":"va1t8b40k060m8n"},"id":"v89t6ay7pl15ue5","previousOperationId":"k9n2btoxqprjmvi"}
{"type":"log","timestamp":1704831116863,"level":"debug","message":"Page request: GET (script) https://cdnjs.cloudflare.com/ajax/libs/Chart.js/2.7.2/Chart.min.js","meta":{"rootId":"va1t8b40k060m8n","id":"va1t8b40k060m8n"},"id":"nbu6ro264q6p2dl","previousOperationId":"k9n2btoxqprjmvi"}
{"type":"log","timestamp":1704831116863,"level":"debug","message":"Page request finished: GET (document) 200 file:///C:/Users/arida/AppData/Local/Temp/jsreport/autocleanup/6da6ac8a-d834-4f73-9d87-1be288fb4934-chrome-pdf.html","meta":{"rootId":"va1t8b40k060m8n","id":"va1t8b40k060m8n"},"id":"qfj1z45qzbl4wbg","previousOperationId":"k9n2btoxqprjmvi"}
{"type":"log","timestamp":1704831116871,"level":"debug","message":"Page request finished: GET (script) 200 https://cdnjs.cloudflare.com/ajax/libs/Chart.js/2.7.2/Chart.min.js","meta":{"rootId":"va1t8b40k060m8n","id":"va1t8b40k060m8n"},"id":"122p7na0n7d3t08","previousOperationId":"k9n2btoxqprjmvi"}
{"type":"log","timestamp":1704831116884,"level":"debug","message":"Page request finished: GET (stylesheet) 200 https://cdnjs.cloudflare.com/ajax/libs/metro/4.1.5/css/metro.min.css","meta":{"rootId":"va1t8b40k060m8n","id":"va1t8b40k060m8n"},"id":"mknk4hi20qquaox","previousOperationId":"k9n2btoxqprjmvi"}
{"type":"log","timestamp":1704831116992,"level":"debug","message":"Running chrome with params {\"printBackground\":true,\"marginTop\":\"4cm\",\"marginRight\":\"1.5cm\",\"marginBottom\":\"1.5cm\",\"marginLeft\":\"1.5cm\",\"waitForJS\":false,\"timeout\":58552,\"margin\":{\"top\":\"4cm\",\"right\":\"1.5cm\",\"bottom\":\"1.5cm\",\"left\":\"1.5cm\"}}","meta":{"rootId":"va1t8b40k060m8n","id":"va1t8b40k060m8n"},"id":"dqt6c7n2gstb8m3","previousOperationId":"k9n2btoxqprjmvi"}
{"type":"operationEnd","operationId":"k9n2btoxqprjmvi","timestamp":1704831117180,"id":"kl57ofphimnkyuo","previousEventId":"chvebrlz6jt5vuo","previousOperationId":"k9n2btoxqprjmvi"}
{"type":"log","timestamp":1704831117180,"level":"info","message":"pdf-utils is starting pdf processing","meta":{"rootId":"va1t8b40k060m8n","id":"va1t8b40k060m8n"},"id":"tzl89bbhnxnsbpb","previousOperationId":"k9n2btoxqprjmvi"}
{"type":"operationStart","subtype":"pdfUtils","name":"pdf utils","timestamp":1704831117180,"id":"xjrtqa0c13y3qwk","previousEventId":"kl57ofphimnkyuo","operationId":"dok87h0nryisd8m","previousOperationId":"k9n2btoxqprjmvi"}
{"type":"log","timestamp":1704831117180,"level":"debug","message":"pdf-utils detected 1 pdf operation(s) to process","meta":{"rootId":"va1t8b40k060m8n","id":"va1t8b40k060m8n"},"id":"dnpzuvohahld0f1","previousOperationId":"dok87h0nryisd8m"}
{"type":"log","timestamp":1704831117216,"level":"debug","message":"pdf-utils running pdf operation merge","meta":{"rootId":"va1t8b40k060m8n","id":"va1t8b40k060m8n"},"id":"rvf2fr0kk9cxfhv","previousOperationId":"dok87h0nryisd8m"}
{"type":"operationStart","subtype":"pdfUtilsMerge","name":"pdf utils merge","previousOperationId":"dok87h0nryisd8m","timestamp":1704831117216,"id":"1n0pkf268pz2iqd","previousEventId":"xjrtqa0c13y3qwk","operationId":"hue0ag8qjkxx1gc"}
{"type":"operationStart","subtype":"render","name":"orders-header","previousOperationId":"hue0ag8qjkxx1gc","timestamp":1704831117218,"id":"gn2u2olur4enwzj","previousEventId":"1n0pkf268pz2iqd","operationId":"b7t83010d62q25c"}
{"type":"log","timestamp":1704831117218,"level":"info","message":"Starting rendering (child) request","meta":{"rootId":"va1t8b40k060m8n","id":"6997j9l7r683n2w"},"id":"44bbip68xsvhv8s","previousOperationId":"b7t83010d62q25c"}
{"type":"log","timestamp":1704831117218,"level":"info","message":"Rendering template { name: orders-header, recipe: chrome-pdf, engine: handlebars, preview: true }","meta":{"rootId":"va1t8b40k060m8n","id":"6997j9l7r683n2w"},"id":"fctyji90og3veha","previousOperationId":"b7t83010d62q25c"}
{"type":"log","timestamp":1704831117220,"level":"debug","message":"Inline data specified.","meta":{"rootId":"va1t8b40k060m8n","id":"6997j9l7r683n2w"},"id":"wdiyvaggqm7a8sm","previousOperationId":"b7t83010d62q25c"}
{"type":"log","timestamp":1704831117224,"level":"debug","message":"Base url not specified, skipping its injection.","meta":{"rootId":"va1t8b40k060m8n","id":"6997j9l7r683n2w"},"id":"i5sl8wnizbzlc69","previousOperationId":"b7t83010d62q25c"}
{"type":"operationStart","subtype":"engine","name":"handlebars","timestamp":1704831117224,"id":"ac5gxlj2x8u5mnf","previousEventId":"gn2u2olur4enwzj","operationId":"6su1a47scdo5kn2","previousOperationId":"b7t83010d62q25c"}
{"type":"log","timestamp":1704831117224,"level":"debug","message":"Rendering engine handlebars","meta":{"rootId":"va1t8b40k060m8n","id":"6997j9l7r683n2w"},"id":"7vnejknjsu5nk0r","previousOperationId":"6su1a47scdo5kn2"}
{"type":"operationEnd","operationId":"6su1a47scdo5kn2","timestamp":1704831117253,"id":"hjdxe1v0o0iylkq","previousEventId":"ac5gxlj2x8u5mnf","previousOperationId":"6su1a47scdo5kn2"}
{"type":"operationStart","subtype":"recipe","name":"chrome-pdf","timestamp":1704831117253,"id":"3d0aigf5f5e8ncl","previousEventId":"hjdxe1v0o0iylkq","operationId":"gwvuo42s1re9wqa","previousOperationId":"6su1a47scdo5kn2"}
{"type":"log","timestamp":1704831117253,"level":"debug","message":"Executing recipe chrome-pdf","meta":{"rootId":"va1t8b40k060m8n","id":"6997j9l7r683n2w"},"id":"llno0i5tt583d7s","previousOperationId":"gwvuo42s1re9wqa"}
{"type":"log","timestamp":1704831117256,"level":"debug","message":"Converting with chrome HeadlessChrome/117.0.5938.149 using chrome-pool strategy","meta":{"rootId":"va1t8b40k060m8n","id":"6997j9l7r683n2w"},"id":"ceq0copdcg267w1","previousOperationId":"gwvuo42s1re9wqa"}
{"type":"log","timestamp":1704831117385,"level":"debug","message":"Page request: GET (document) file:///C:/Users/arida/AppData/Local/Temp/jsreport/autocleanup/503c78af-f6d7-42f9-ad48-04b88e480fd5-chrome-pdf.html","meta":{"rootId":"va1t8b40k060m8n","id":"6997j9l7r683n2w"},"id":"6jvcpmjbezllgn9","previousOperationId":"gwvuo42s1re9wqa"}
{"type":"log","timestamp":1704831117396,"level":"debug","message":"Page request: GET (stylesheet) https://cdnjs.cloudflare.com/ajax/libs/metro/4.1.5/css/metro.min.css","meta":{"rootId":"va1t8b40k060m8n","id":"6997j9l7r683n2w"},"id":"2sqookwegmh16dp","previousOperationId":"gwvuo42s1re9wqa"}
{"type":"log","timestamp":1704831117397,"level":"debug","message":"Page request finished: GET (document) 200 file:///C:/Users/arida/AppData/Local/Temp/jsreport/autocleanup/503c78af-f6d7-42f9-ad48-04b88e480fd5-chrome-pdf.html","meta":{"rootId":"va1t8b40k060m8n","id":"6997j9l7r683n2w"},"id":"xck560176dzgjwg","previousOperationId":"gwvuo42s1re9wqa"}
{"type":"log","timestamp":1704831117414,"level":"debug","message":"Page request finished: GET (stylesheet) 200 https://cdnjs.cloudflare.com/ajax/libs/metro/4.1.5/css/metro.min.css","meta":{"rootId":"va1t8b40k060m8n","id":"6997j9l7r683n2w"},"id":"xge5uqdn97silet","previousOperationId":"gwvuo42s1re9wqa"}
{"type":"log","timestamp":1704831117439,"level":"debug","message":"Running chrome with params {\"printBackground\":true,\"marginTop\":\"1.5cm\",\"marginRight\":\"1.5cm\",\"marginLeft\":\"1.cm\",\"timeout\":57971,\"margin\":{\"top\":\"1.5cm\",\"right\":\"1.5cm\",\"left\":\"1.cm\"}}","meta":{"rootId":"va1t8b40k060m8n","id":"6997j9l7r683n2w"},"id":"q59564qc73r4zvx","previousOperationId":"gwvuo42s1re9wqa"}
{"type":"operationEnd","operationId":"gwvuo42s1re9wqa","timestamp":1704831117497,"id":"ma2d78t4nm1nn4u","previousEventId":"3d0aigf5f5e8ncl","previousOperationId":"gwvuo42s1re9wqa"}
{"type":"log","timestamp":1704831117497,"level":"debug","message":"Skipping storing report.","meta":{"rootId":"va1t8b40k060m8n","id":"6997j9l7r683n2w"},"id":"j51j1qaw764hj7n","previousOperationId":"gwvuo42s1re9wqa"}
{"type":"log","timestamp":1704831117497,"level":"info","message":"Rendering (child) request finished in 2271 ms","meta":{"rootId":"va1t8b40k060m8n","id":"6997j9l7r683n2w"},"id":"8lqfgx219y66scm","previousOperationId":"gwvuo42s1re9wqa"}
{"type":"operationEnd","subtype":"render","operationId":"b7t83010d62q25c","timestamp":1704831117498,"id":"xzi4e84i1c5xgjz","previousEventId":"ma2d78t4nm1nn4u","previousOperationId":"gwvuo42s1re9wqa"}
{"type":"operationEnd","operationId":"hue0ag8qjkxx1gc","timestamp":1704831117517,"id":"fbna73xmgl2ipt7","previousEventId":"1n0pkf268pz2iqd","previousOperationId":"hue0ag8qjkxx1gc"}
{"type":"log","timestamp":1704831117517,"level":"debug","message":"pdf-utils postproces start","meta":{"rootId":"va1t8b40k060m8n","id":"va1t8b40k060m8n"},"id":"qfrwnwzlld8q2nl","previousOperationId":"hue0ag8qjkxx1gc"}
{"type":"log","timestamp":1704831117542,"level":"debug","message":"pdf-utils postproces end","meta":{"rootId":"va1t8b40k060m8n","id":"va1t8b40k060m8n"},"id":"s7axmc6ixcji2ko","previousOperationId":"hue0ag8qjkxx1gc"}
{"type":"operationEnd","operationId":"dok87h0nryisd8m","timestamp":1704831117542,"id":"tgpjwvln66oq3he","previousEventId":"fbna73xmgl2ipt7","previousOperationId":"hue0ag8qjkxx1gc"}
{"type":"log","timestamp":1704831117542,"level":"info","message":"pdf-utils pdf processing was finished","meta":{"rootId":"va1t8b40k060m8n","id":"va1t8b40k060m8n"},"id":"mc0jlbinpbp1dki","previousOperationId":"dok87h0nryisd8m"}
{"type":"log","timestamp":1704831117542,"level":"debug","message":"Skipping storing report.","meta":{"rootId":"va1t8b40k060m8n","id":"va1t8b40k060m8n"},"id":"gnwxhwjgx6z99hy","previousOperationId":"dok87h0nryisd8m"}
{"type":"log","timestamp":1704831117542,"level":"info","message":"Rendering request 12 finished in 2316 ms","meta":{"rootId":"va1t8b40k060m8n","id":"va1t8b40k060m8n"},"id":"zoxhvllj529mh1y","previousOperationId":"dok87h0nryisd8m"}
{"type":"operationEnd","subtype":"render","operationId":"tn1wpmjgf7m6daj","timestamp":1704831117542,"id":"6dcy3obm5fmkcg5","previousEventId":"tgpjwvln66oq3he","previousOperationId":"dok87h0nryisd8m"}
{"type":"operationEnd","doDiffs":false,"previousEventId":"lk7ludnq4aednc4","previousOperationId":"lt3jgyv358y034n","operationId":"lt3jgyv358y034n","timestamp":1704831117552,"id":"styphbyuqypdxxd"}
