{"type":"operationStart","subtype":"profile","data":{"_id":"Gou5UjWOSXN0MQfj","timestamp":"2024-01-14T19:53:06.448Z","state":"queued","mode":"standard","creationDate":"2024-01-14T19:53:06.451Z","modificationDate":"2024-01-14T19:53:06.451Z","shortid":"V5JSKrl","$entitySet":"profiles"},"doDiffs":false,"timestamp":1705261986450,"id":"cm7fe7b5uapzusa","previousOperationId":null,"operationId":"2hp6jg10xh8oa0e"}
{"type":"log","level":"info","message":"Render request 11 queued for execution and waiting for available worker","previousOperationId":"2hp6jg10xh8oa0e","timestamp":1705261986450,"id":"nwk9lp5b2jvjhq7"}
{"type":"operationStart","subtype":"render","name":"orders-main","previousOperationId":"2hp6jg10xh8oa0e","timestamp":1705261986464,"id":"sdant7kc5232s9i","previousEventId":"cm7fe7b5uapzusa","operationId":"r0feitkba5r99cc"}
{"type":"log","timestamp":1705261986464,"level":"info","message":"Starting rendering request 11","meta":{"rootId":"w9iyc15lzsqv4ob","id":"w9iyc15lzsqv4ob"},"id":"9pha09bpinpg42g","previousOperationId":"r0feitkba5r99cc"}
{"type":"log","timestamp":1705261986465,"level":"info","message":"Rendering template { name: orders-main, recipe: chrome-pdf, engine: handlebars, preview: true }","meta":{"rootId":"w9iyc15lzsqv4ob","id":"w9iyc15lzsqv4ob"},"id":"llf1aufh6kmqy9k","previousOperationId":"r0feitkba5r99cc"}
{"type":"log","timestamp":1705261986470,"level":"debug","message":"Data item not defined for this template.","meta":{"rootId":"w9iyc15lzsqv4ob","id":"w9iyc15lzsqv4ob"},"id":"t8f7rclp4utzmzs","previousOperationId":"r0feitkba5r99cc"}
{"type":"log","timestamp":1705261986474,"level":"debug","message":"Executing script orders-script (beforeRender)","meta":{"rootId":"w9iyc15lzsqv4ob","id":"w9iyc15lzsqv4ob"},"id":"dd305fkc52fluwv","previousOperationId":"r0feitkba5r99cc"}
{"type":"operationStart","subtype":"scriptsBeforeRender","name":"scripts beforeRender","timestamp":1705261986482,"id":"at6aj9u5gq90458","previousEventId":"sdant7kc5232s9i","operationId":"tlqzd57byzv411v","previousOperationId":"r0feitkba5r99cc"}
{"type":"operationStart","subtype":"script","name":"scripts orders-script","previousOperationId":"tlqzd57byzv411v","timestamp":1705261986482,"id":"7on5p8j2yfytxd1","previousEventId":"at6aj9u5gq90458","operationId":"tmnvn1vgxnud8f0"}
{"type":"operationEnd","operationId":"tmnvn1vgxnud8f0","timestamp":1705261986494,"id":"1iv07ehpccqmquf","previousEventId":"sdant7kc5232s9i","previousOperationId":"r0feitkba5r99cc"}
{"type":"operationEnd","operationId":"tlqzd57byzv411v","timestamp":1705261986494,"id":"8r5xsqrroy2hrwt","previousEventId":"1iv07ehpccqmquf","previousOperationId":"r0feitkba5r99cc"}
{"type":"log","timestamp":1705261986494,"level":"debug","message":"Base url not specified, skipping its injection.","meta":{"rootId":"w9iyc15lzsqv4ob","id":"w9iyc15lzsqv4ob"},"id":"8n4j49ansb9nuch","previousOperationId":"tlqzd57byzv411v"}
{"type":"operationStart","subtype":"engine","name":"handlebars","timestamp":1705261986495,"id":"7vl9ye5n7j44afk","previousEventId":"8r5xsqrroy2hrwt","operationId":"09c3mv6jkryciud","previousOperationId":"tlqzd57byzv411v"}
{"type":"log","timestamp":1705261986495,"level":"debug","message":"Rendering engine handlebars","meta":{"rootId":"w9iyc15lzsqv4ob","id":"w9iyc15lzsqv4ob"},"id":"srasdrox0u3pdtq","previousOperationId":"09c3mv6jkryciud"}
{"type":"operationEnd","operationId":"09c3mv6jkryciud","timestamp":1705261986511,"id":"199p1ki4f3tp49j","previousEventId":"7vl9ye5n7j44afk","previousOperationId":"09c3mv6jkryciud"}
{"type":"operationStart","subtype":"recipe","name":"chrome-pdf","timestamp":1705261986511,"id":"5f8i20jq1ighiyh","previousEventId":"199p1ki4f3tp49j","operationId":"7t90sbm1vh89myv","previousOperationId":"09c3mv6jkryciud"}
{"type":"log","timestamp":1705261986511,"level":"debug","message":"Executing recipe chrome-pdf","meta":{"rootId":"w9iyc15lzsqv4ob","id":"w9iyc15lzsqv4ob"},"id":"8is01zkpv1zg60b","previousOperationId":"7t90sbm1vh89myv"}
{"type":"log","timestamp":1705261986515,"level":"debug","message":"Converting with chrome HeadlessChrome/117.0.5938.149 using chrome-pool strategy","meta":{"rootId":"w9iyc15lzsqv4ob","id":"w9iyc15lzsqv4ob"},"id":"hslxjcd0r3m6g39","previousOperationId":"7t90sbm1vh89myv"}
{"type":"log","timestamp":1705261986655,"level":"debug","message":"Page request: GET (document) file:///C:/Users/arida/AppData/Local/Temp/jsreport/autocleanup/37c10d5c-ef78-4f64-b9de-29b2a8a2f375-chrome-pdf.html","meta":{"rootId":"w9iyc15lzsqv4ob","id":"w9iyc15lzsqv4ob"},"id":"8duxqwmhhjx99qz","previousOperationId":"7t90sbm1vh89myv"}
{"type":"log","timestamp":1705261986667,"level":"debug","message":"Page request: GET (stylesheet) https://cdnjs.cloudflare.com/ajax/libs/metro/4.1.5/css/metro.min.css","meta":{"rootId":"w9iyc15lzsqv4ob","id":"w9iyc15lzsqv4ob"},"id":"thqogsc34z6uazg","previousOperationId":"7t90sbm1vh89myv"}
{"type":"log","timestamp":1705261986668,"level":"debug","message":"Page request finished: GET (document) 200 file:///C:/Users/arida/AppData/Local/Temp/jsreport/autocleanup/37c10d5c-ef78-4f64-b9de-29b2a8a2f375-chrome-pdf.html","meta":{"rootId":"w9iyc15lzsqv4ob","id":"w9iyc15lzsqv4ob"},"id":"13l0w6d8lmvhqts","previousOperationId":"7t90sbm1vh89myv"}
{"type":"log","timestamp":1705261986668,"level":"debug","message":"Page request: GET (script) https://cdnjs.cloudflare.com/ajax/libs/Chart.js/2.7.2/Chart.min.js","meta":{"rootId":"w9iyc15lzsqv4ob","id":"w9iyc15lzsqv4ob"},"id":"molmlmlwfuc8dlh","previousOperationId":"7t90sbm1vh89myv"}
{"type":"log","timestamp":1705261986694,"level":"debug","message":"Page request finished: GET (stylesheet) 200 https://cdnjs.cloudflare.com/ajax/libs/metro/4.1.5/css/metro.min.css","meta":{"rootId":"w9iyc15lzsqv4ob","id":"w9iyc15lzsqv4ob"},"id":"69jea3mmi7z4ypz","previousOperationId":"7t90sbm1vh89myv"}
{"type":"log","timestamp":1705261986694,"level":"debug","message":"Page request finished: GET (script) 200 https://cdnjs.cloudflare.com/ajax/libs/Chart.js/2.7.2/Chart.min.js","meta":{"rootId":"w9iyc15lzsqv4ob","id":"w9iyc15lzsqv4ob"},"id":"1lcgdz1gw3ty79b","previousOperationId":"7t90sbm1vh89myv"}
{"type":"log","timestamp":1705261986701,"level":"warn","message":"Page error: \"undefined\" is not valid JSON\nJSON.parse (<anonymous>) , stack: SyntaxError: \"undefined\" is not valid JSON\nJSON.parse (<anonymous>)\n    at <anonymous> (file:///C:/Users/arida/AppData/Local/Temp/jsreport/autocleanup/37c10d5c-ef78-4f64-b9de-29b2a8a2f375-chrome-pdf.html:35:12)","meta":{"rootId":"w9iyc15lzsqv4ob","id":"w9iyc15lzsqv4ob"},"id":"3o0puc66u1a9xvp","previousOperationId":"7t90sbm1vh89myv"}
{"type":"log","timestamp":1705261986733,"level":"debug","message":"Running chrome with params {\"printBackground\":true,\"marginTop\":\"4cm\",\"marginRight\":\"1.5cm\",\"marginBottom\":\"1.5cm\",\"marginLeft\":\"1.5cm\",\"waitForJS\":false,\"timeout\":59934,\"margin\":{\"top\":\"4cm\",\"right\":\"1.5cm\",\"bottom\":\"1.5cm\",\"left\":\"1.5cm\"}}","meta":{"rootId":"w9iyc15lzsqv4ob","id":"w9iyc15lzsqv4ob"},"id":"8monxl5d210qpno","previousOperationId":"7t90sbm1vh89myv"}
{"type":"operationEnd","operationId":"7t90sbm1vh89myv","timestamp":1705261986797,"id":"dyo9ir460h01z6h","previousEventId":"5f8i20jq1ighiyh","previousOperationId":"7t90sbm1vh89myv"}
{"type":"log","timestamp":1705261986797,"level":"info","message":"pdf-utils is starting pdf processing","meta":{"rootId":"w9iyc15lzsqv4ob","id":"w9iyc15lzsqv4ob"},"id":"ecsd9lzvpebam8j","previousOperationId":"7t90sbm1vh89myv"}
{"type":"operationStart","subtype":"pdfUtils","name":"pdf utils","timestamp":1705261986797,"id":"ypojl0vwvfl0pj8","previousEventId":"dyo9ir460h01z6h","operationId":"um59vf3iwn0o4oa","previousOperationId":"7t90sbm1vh89myv"}
{"type":"log","timestamp":1705261986797,"level":"debug","message":"pdf-utils detected 1 pdf operation(s) to process","meta":{"rootId":"w9iyc15lzsqv4ob","id":"w9iyc15lzsqv4ob"},"id":"ez0yrhja9tb1ipw","previousOperationId":"um59vf3iwn0o4oa"}
{"type":"log","timestamp":1705261986813,"level":"debug","message":"pdf-utils running pdf operation merge","meta":{"rootId":"w9iyc15lzsqv4ob","id":"w9iyc15lzsqv4ob"},"id":"sf0n8qzf4iif7qt","previousOperationId":"um59vf3iwn0o4oa"}
{"type":"operationStart","subtype":"pdfUtilsMerge","name":"pdf utils merge","previousOperationId":"um59vf3iwn0o4oa","timestamp":1705261986813,"id":"7hfyke2exx4kprv","previousEventId":"ypojl0vwvfl0pj8","operationId":"ac9fz33js97mr3g"}
{"type":"operationStart","subtype":"render","name":"orders-header","previousOperationId":"ac9fz33js97mr3g","timestamp":1705261986814,"id":"hpiet6o2fltslz9","previousEventId":"7hfyke2exx4kprv","operationId":"9z3ypw1yhlptomv"}
{"type":"log","timestamp":1705261986814,"level":"info","message":"Starting rendering (child) request","meta":{"rootId":"w9iyc15lzsqv4ob","id":"7osktbqkdmseel4"},"id":"luvw3xa1m4szvj5","previousOperationId":"9z3ypw1yhlptomv"}
{"type":"log","timestamp":1705261986815,"level":"info","message":"Rendering template { name: orders-header, recipe: chrome-pdf, engine: handlebars, preview: true }","meta":{"rootId":"w9iyc15lzsqv4ob","id":"7osktbqkdmseel4"},"id":"t7txqg9xr79pd4n","previousOperationId":"9z3ypw1yhlptomv"}
{"type":"log","timestamp":1705261986816,"level":"debug","message":"Inline data specified.","meta":{"rootId":"w9iyc15lzsqv4ob","id":"7osktbqkdmseel4"},"id":"1z02bykzfb36kyg","previousOperationId":"9z3ypw1yhlptomv"}
{"type":"log","timestamp":1705261986822,"level":"debug","message":"Base url not specified, skipping its injection.","meta":{"rootId":"w9iyc15lzsqv4ob","id":"7osktbqkdmseel4"},"id":"ebssg7119vowhc8","previousOperationId":"9z3ypw1yhlptomv"}
{"type":"operationStart","subtype":"engine","name":"handlebars","timestamp":1705261986822,"id":"cnky7snc6jrhel5","previousEventId":"hpiet6o2fltslz9","operationId":"bhnct966um3wj38","previousOperationId":"9z3ypw1yhlptomv"}
{"type":"log","timestamp":1705261986822,"level":"debug","message":"Rendering engine handlebars","meta":{"rootId":"w9iyc15lzsqv4ob","id":"7osktbqkdmseel4"},"id":"7gukc8f4pfk40kw","previousOperationId":"bhnct966um3wj38"}
{"type":"operationEnd","operationId":"bhnct966um3wj38","timestamp":1705261986848,"id":"ltxe7ihbg2ddn2q","previousEventId":"cnky7snc6jrhel5","previousOperationId":"bhnct966um3wj38"}
{"type":"operationStart","subtype":"recipe","name":"chrome-pdf","timestamp":1705261986848,"id":"0momxckkl87a3av","previousEventId":"ltxe7ihbg2ddn2q","operationId":"j9b9p3xojskd6fj","previousOperationId":"bhnct966um3wj38"}
{"type":"log","timestamp":1705261986848,"level":"debug","message":"Executing recipe chrome-pdf","meta":{"rootId":"w9iyc15lzsqv4ob","id":"7osktbqkdmseel4"},"id":"mbhz3trbgptcmj1","previousOperationId":"j9b9p3xojskd6fj"}
{"type":"log","timestamp":1705261986853,"level":"debug","message":"Converting with chrome HeadlessChrome/117.0.5938.149 using chrome-pool strategy","meta":{"rootId":"w9iyc15lzsqv4ob","id":"7osktbqkdmseel4"},"id":"9mtod8guwfdpfqh","previousOperationId":"j9b9p3xojskd6fj"}
{"type":"log","timestamp":1705261986994,"level":"debug","message":"Page request: GET (document) file:///C:/Users/arida/AppData/Local/Temp/jsreport/autocleanup/da1f71be-18a4-472d-81ee-f18892d2885a-chrome-pdf.html","meta":{"rootId":"w9iyc15lzsqv4ob","id":"7osktbqkdmseel4"},"id":"5r9h96xb4pzwbb2","previousOperationId":"j9b9p3xojskd6fj"}
{"type":"log","timestamp":1705261987006,"level":"debug","message":"Page request: GET (stylesheet) https://cdnjs.cloudflare.com/ajax/libs/metro/4.1.5/css/metro.min.css","meta":{"rootId":"w9iyc15lzsqv4ob","id":"7osktbqkdmseel4"},"id":"3dfi7uq4sryzc0o","previousOperationId":"j9b9p3xojskd6fj"}
{"type":"log","timestamp":1705261987006,"level":"debug","message":"Page request finished: GET (document) 200 file:///C:/Users/arida/AppData/Local/Temp/jsreport/autocleanup/da1f71be-18a4-472d-81ee-f18892d2885a-chrome-pdf.html","meta":{"rootId":"w9iyc15lzsqv4ob","id":"7osktbqkdmseel4"},"id":"ty88wvb9kc128gy","previousOperationId":"j9b9p3xojskd6fj"}
{"type":"log","timestamp":1705261987028,"level":"debug","message":"Page request finished: GET (stylesheet) 200 https://cdnjs.cloudflare.com/ajax/libs/metro/4.1.5/css/metro.min.css","meta":{"rootId":"w9iyc15lzsqv4ob","id":"7osktbqkdmseel4"},"id":"1vmh4xr284alaws","previousOperationId":"j9b9p3xojskd6fj"}
{"type":"log","timestamp":1705261987051,"level":"debug","message":"Running chrome with params {\"printBackground\":true,\"marginTop\":\"1.5cm\",\"marginRight\":\"1.5cm\",\"marginLeft\":\"1.cm\",\"timeout\":59598,\"margin\":{\"top\":\"1.5cm\",\"right\":\"1.5cm\",\"left\":\"1.cm\"}}","meta":{"rootId":"w9iyc15lzsqv4ob","id":"7osktbqkdmseel4"},"id":"jvm65a7oom8twba","previousOperationId":"j9b9p3xojskd6fj"}
{"type":"operationEnd","operationId":"j9b9p3xojskd6fj","timestamp":1705261987094,"id":"3wqn6b00n06dbji","previousEventId":"0momxckkl87a3av","previousOperationId":"j9b9p3xojskd6fj"}
{"type":"log","timestamp":1705261987094,"level":"debug","message":"Skipping storing report.","meta":{"rootId":"w9iyc15lzsqv4ob","id":"7osktbqkdmseel4"},"id":"z92g6mchyatehcb","previousOperationId":"j9b9p3xojskd6fj"}
{"type":"log","timestamp":1705261987094,"level":"info","message":"Rendering (child) request finished in 646 ms","meta":{"rootId":"w9iyc15lzsqv4ob","id":"7osktbqkdmseel4"},"id":"i2whdoefvji9xdc","previousOperationId":"j9b9p3xojskd6fj"}
{"type":"operationEnd","subtype":"render","operationId":"9z3ypw1yhlptomv","timestamp":1705261987094,"id":"nrsoctyi1b0jg26","previousEventId":"3wqn6b00n06dbji","previousOperationId":"j9b9p3xojskd6fj"}
{"type":"operationEnd","operationId":"ac9fz33js97mr3g","timestamp":1705261987106,"id":"2t53c2ohpq4i24c","previousEventId":"7hfyke2exx4kprv","previousOperationId":"ac9fz33js97mr3g"}
{"type":"log","timestamp":1705261987106,"level":"debug","message":"pdf-utils postproces start","meta":{"rootId":"w9iyc15lzsqv4ob","id":"w9iyc15lzsqv4ob"},"id":"a43tjx0kgfq6687","previousOperationId":"ac9fz33js97mr3g"}
{"type":"log","timestamp":1705261987114,"level":"debug","message":"pdf-utils postproces end","meta":{"rootId":"w9iyc15lzsqv4ob","id":"w9iyc15lzsqv4ob"},"id":"tlap8p65ahboqke","previousOperationId":"ac9fz33js97mr3g"}
{"type":"operationEnd","operationId":"um59vf3iwn0o4oa","timestamp":1705261987114,"id":"m5k9t0gqfpzk48y","previousEventId":"2t53c2ohpq4i24c","previousOperationId":"ac9fz33js97mr3g"}
{"type":"log","timestamp":1705261987114,"level":"info","message":"pdf-utils pdf processing was finished","meta":{"rootId":"w9iyc15lzsqv4ob","id":"w9iyc15lzsqv4ob"},"id":"s5qoiwwqvtdqewb","previousOperationId":"um59vf3iwn0o4oa"}
{"type":"log","timestamp":1705261987114,"level":"debug","message":"Skipping storing report.","meta":{"rootId":"w9iyc15lzsqv4ob","id":"w9iyc15lzsqv4ob"},"id":"iqkk0p260fswxzv","previousOperationId":"um59vf3iwn0o4oa"}
{"type":"log","timestamp":1705261987114,"level":"info","message":"Rendering request 11 finished in 666 ms","meta":{"rootId":"w9iyc15lzsqv4ob","id":"w9iyc15lzsqv4ob"},"id":"673iviqcnork0se","previousOperationId":"um59vf3iwn0o4oa"}
{"type":"operationEnd","subtype":"render","operationId":"r0feitkba5r99cc","timestamp":1705261987114,"id":"ns5b1my43dqtk4d","previousEventId":"m5k9t0gqfpzk48y","previousOperationId":"um59vf3iwn0o4oa"}
{"type":"operationEnd","doDiffs":false,"previousEventId":"cm7fe7b5uapzusa","previousOperationId":"2hp6jg10xh8oa0e","operationId":"2hp6jg10xh8oa0e","timestamp":1705261987130,"id":"h6he71t2ai1rdcf"}
