{"type":"operationStart","subtype":"profile","data":{"_id":"iY300nSfE22JdBDR","timestamp":"2024-01-14T20:47:32.917Z","state":"queued","mode":"standard","creationDate":"2024-01-14T20:47:32.920Z","modificationDate":"2024-01-14T20:47:32.920Z","shortid":"C_I03wt","$entitySet":"profiles"},"doDiffs":false,"timestamp":1705265252918,"id":"hbvheykhpmrqhyh","previousOperationId":null,"operationId":"zx3ngs9a3yncvgz"}
{"type":"log","level":"info","message":"Render request 12 queued for execution and waiting for available worker","previousOperationId":"zx3ngs9a3yncvgz","timestamp":1705265252918,"id":"za46iw0pl5ar1v8"}
{"type":"operationStart","subtype":"render","name":"orders-main","previousOperationId":"zx3ngs9a3yncvgz","timestamp":1705265252936,"id":"wdl0w5i8rdye2tx","previousEventId":"hbvheykhpmrqhyh","operationId":"xcsiv6vt25w0fvx"}
{"type":"log","timestamp":1705265252936,"level":"info","message":"Starting rendering request 12","meta":{"rootId":"wkqnzszy37wi0yr","id":"wkqnzszy37wi0yr"},"id":"8ouyh2zwjfl1oyj","previousOperationId":"xcsiv6vt25w0fvx"}
{"type":"log","timestamp":1705265252936,"level":"info","message":"Rendering template { name: orders-main, recipe: chrome-pdf, engine: handlebars, preview: true }","meta":{"rootId":"wkqnzszy37wi0yr","id":"wkqnzszy37wi0yr"},"id":"2ae1rxspq5mqknt","previousOperationId":"xcsiv6vt25w0fvx"}
{"type":"log","timestamp":1705265252937,"level":"debug","message":"Data item not defined for this template.","meta":{"rootId":"wkqnzszy37wi0yr","id":"wkqnzszy37wi0yr"},"id":"2dbh8h3c7z7ey04","previousOperationId":"xcsiv6vt25w0fvx"}
{"type":"log","timestamp":1705265252941,"level":"debug","message":"Executing script orders-script (beforeRender)","meta":{"rootId":"wkqnzszy37wi0yr","id":"wkqnzszy37wi0yr"},"id":"1kx6oylpnr04grv","previousOperationId":"xcsiv6vt25w0fvx"}
{"type":"operationStart","subtype":"scriptsBeforeRender","name":"scripts beforeRender","timestamp":1705265252961,"id":"1m65z3rau62s73a","previousEventId":"wdl0w5i8rdye2tx","operationId":"gvpyvi4ef23itf5","previousOperationId":"xcsiv6vt25w0fvx"}
{"type":"operationStart","subtype":"script","name":"scripts orders-script","previousOperationId":"gvpyvi4ef23itf5","timestamp":1705265252961,"id":"ozwp2h9ff1rn9h7","previousEventId":"1m65z3rau62s73a","operationId":"4ekj01swvpqszed"}
{"type":"operationEnd","operationId":"4ekj01swvpqszed","timestamp":1705265252978,"id":"nrefkfiefy28d8d","previousEventId":"wdl0w5i8rdye2tx","previousOperationId":"xcsiv6vt25w0fvx"}
{"type":"operationEnd","operationId":"gvpyvi4ef23itf5","timestamp":1705265252978,"id":"kpljhpbbnev4viw","previousEventId":"nrefkfiefy28d8d","previousOperationId":"xcsiv6vt25w0fvx"}
{"type":"log","timestamp":1705265252978,"level":"debug","message":"Base url not specified, skipping its injection.","meta":{"rootId":"wkqnzszy37wi0yr","id":"wkqnzszy37wi0yr"},"id":"b441qcg7zel84n6","previousOperationId":"gvpyvi4ef23itf5"}
{"type":"operationStart","subtype":"engine","name":"handlebars","timestamp":1705265252978,"id":"punwvvpvelk30xp","previousEventId":"kpljhpbbnev4viw","operationId":"rif605dg6c6kqgd","previousOperationId":"gvpyvi4ef23itf5"}
{"type":"log","timestamp":1705265252978,"level":"debug","message":"Rendering engine handlebars","meta":{"rootId":"wkqnzszy37wi0yr","id":"wkqnzszy37wi0yr"},"id":"ok2jt7danh7c7wm","previousOperationId":"rif605dg6c6kqgd"}
{"type":"operationEnd","operationId":"rif605dg6c6kqgd","timestamp":1705265252998,"id":"987iw1e2f318ofv","previousEventId":"punwvvpvelk30xp","previousOperationId":"rif605dg6c6kqgd"}
{"type":"operationStart","subtype":"recipe","name":"chrome-pdf","timestamp":1705265252999,"id":"juw04dqzbgckgwy","previousEventId":"987iw1e2f318ofv","operationId":"j058zi54n5h2cmq","previousOperationId":"rif605dg6c6kqgd"}
{"type":"log","timestamp":1705265252999,"level":"debug","message":"Executing recipe chrome-pdf","meta":{"rootId":"wkqnzszy37wi0yr","id":"wkqnzszy37wi0yr"},"id":"l0h2lc7fzz9frr4","previousOperationId":"j058zi54n5h2cmq"}
{"type":"log","timestamp":1705265253237,"level":"debug","message":"Converting with chrome HeadlessChrome/117.0.5938.149 using chrome-pool strategy","meta":{"rootId":"wkqnzszy37wi0yr","id":"wkqnzszy37wi0yr"},"id":"839zx5yiifvo5qa","previousOperationId":"j058zi54n5h2cmq"}
{"type":"log","timestamp":1705265253501,"level":"debug","message":"Page request: GET (document) file:///C:/Users/arida/AppData/Local/Temp/jsreport/autocleanup/dd9f363e-d540-4963-88b2-fe11538ecffa-chrome-pdf.html","meta":{"rootId":"wkqnzszy37wi0yr","id":"wkqnzszy37wi0yr"},"id":"ya8javghrrlc2iw","previousOperationId":"j058zi54n5h2cmq"}
{"type":"log","timestamp":1705265253545,"level":"debug","message":"Page request: GET (stylesheet) https://cdnjs.cloudflare.com/ajax/libs/metro/4.1.5/css/metro.min.css","meta":{"rootId":"wkqnzszy37wi0yr","id":"wkqnzszy37wi0yr"},"id":"y9whadqa6dysg69","previousOperationId":"j058zi54n5h2cmq"}
{"type":"log","timestamp":1705265253545,"level":"debug","message":"Page request: GET (script) https://cdnjs.cloudflare.com/ajax/libs/Chart.js/2.7.2/Chart.min.js","meta":{"rootId":"wkqnzszy37wi0yr","id":"wkqnzszy37wi0yr"},"id":"zv9afjwy641zvve","previousOperationId":"j058zi54n5h2cmq"}
{"type":"log","timestamp":1705265253546,"level":"debug","message":"Page request finished: GET (document) 200 file:///C:/Users/arida/AppData/Local/Temp/jsreport/autocleanup/dd9f363e-d540-4963-88b2-fe11538ecffa-chrome-pdf.html","meta":{"rootId":"wkqnzszy37wi0yr","id":"wkqnzszy37wi0yr"},"id":"p0ruzv1psgsj05l","previousOperationId":"j058zi54n5h2cmq"}
{"type":"log","timestamp":1705265256100,"level":"debug","message":"Page request finished: GET (stylesheet) 200 https://cdnjs.cloudflare.com/ajax/libs/metro/4.1.5/css/metro.min.css","meta":{"rootId":"wkqnzszy37wi0yr","id":"wkqnzszy37wi0yr"},"id":"88lx4tk9xjpvw9d","previousOperationId":"j058zi54n5h2cmq"}
{"type":"log","timestamp":1705265256119,"level":"debug","message":"Page request finished: GET (script) 200 https://cdnjs.cloudflare.com/ajax/libs/Chart.js/2.7.2/Chart.min.js","meta":{"rootId":"wkqnzszy37wi0yr","id":"wkqnzszy37wi0yr"},"id":"pjm1sen1d695r4o","previousOperationId":"j058zi54n5h2cmq"}
{"type":"log","timestamp":1705265256130,"level":"warn","message":"Page error: helpers is not defined , stack: ReferenceError: helpers is not defined\n    at <anonymous> (file:///C:/Users/arida/AppData/Local/Temp/jsreport/autocleanup/dd9f363e-d540-4963-88b2-fe11538ecffa-chrome-pdf.html:18:9)","meta":{"rootId":"wkqnzszy37wi0yr","id":"wkqnzszy37wi0yr"},"id":"65e1hgvwlpfdnve","previousOperationId":"j058zi54n5h2cmq"}
{"type":"log","timestamp":1705265256130,"level":"warn","message":"Page error: helpers is not defined , stack: ReferenceError: helpers is not defined\n    at <anonymous> (file:///C:/Users/arida/AppData/Local/Temp/jsreport/autocleanup/dd9f363e-d540-4963-88b2-fe11538ecffa-chrome-pdf.html:47:9)","meta":{"rootId":"wkqnzszy37wi0yr","id":"wkqnzszy37wi0yr"},"id":"39dlqdqomah3pch","previousOperationId":"j058zi54n5h2cmq"}
{"type":"log","timestamp":1705265256152,"level":"debug","message":"Running chrome with params {\"printBackground\":true,\"marginTop\":\"4cm\",\"marginRight\":\"1.5cm\",\"marginBottom\":\"1.5cm\",\"marginLeft\":\"1.5cm\",\"waitForJS\":false,\"timeout\":59915,\"margin\":{\"top\":\"4cm\",\"right\":\"1.5cm\",\"bottom\":\"1.5cm\",\"left\":\"1.5cm\"}}","meta":{"rootId":"wkqnzszy37wi0yr","id":"wkqnzszy37wi0yr"},"id":"xk6ju0njtk6ciky","previousOperationId":"j058zi54n5h2cmq"}
{"type":"operationEnd","operationId":"j058zi54n5h2cmq","timestamp":1705265256187,"id":"cj00pe9pfi93rlj","previousEventId":"juw04dqzbgckgwy","previousOperationId":"j058zi54n5h2cmq"}
{"type":"log","timestamp":1705265256187,"level":"info","message":"pdf-utils is starting pdf processing","meta":{"rootId":"wkqnzszy37wi0yr","id":"wkqnzszy37wi0yr"},"id":"mvnf71976j0tqru","previousOperationId":"j058zi54n5h2cmq"}
{"type":"operationStart","subtype":"pdfUtils","name":"pdf utils","timestamp":1705265256188,"id":"r35a8lyp59a0vwi","previousEventId":"cj00pe9pfi93rlj","operationId":"ybik7x4jfcl1dkr","previousOperationId":"j058zi54n5h2cmq"}
{"type":"log","timestamp":1705265256188,"level":"debug","message":"pdf-utils detected 1 pdf operation(s) to process","meta":{"rootId":"wkqnzszy37wi0yr","id":"wkqnzszy37wi0yr"},"id":"rj6oorfyzp27qn2","previousOperationId":"ybik7x4jfcl1dkr"}
{"type":"log","timestamp":1705265256201,"level":"debug","message":"pdf-utils running pdf operation merge","meta":{"rootId":"wkqnzszy37wi0yr","id":"wkqnzszy37wi0yr"},"id":"mya4e7vn91c3nw7","previousOperationId":"ybik7x4jfcl1dkr"}
{"type":"operationStart","subtype":"pdfUtilsMerge","name":"pdf utils merge","previousOperationId":"ybik7x4jfcl1dkr","timestamp":1705265256201,"id":"cv0de6ilyf9cg54","previousEventId":"r35a8lyp59a0vwi","operationId":"etk3i4o8au23sq3"}
{"type":"operationStart","subtype":"render","name":"orders-header","previousOperationId":"etk3i4o8au23sq3","timestamp":1705265256202,"id":"smlkndhqc5bu1tb","previousEventId":"cv0de6ilyf9cg54","operationId":"tbveaqkctrmvrki"}
{"type":"log","timestamp":1705265256202,"level":"info","message":"Starting rendering (child) request","meta":{"rootId":"wkqnzszy37wi0yr","id":"9ppwtfc3vmutasy"},"id":"s19o5cls32yfnjk","previousOperationId":"tbveaqkctrmvrki"}
{"type":"log","timestamp":1705265256202,"level":"info","message":"Rendering template { name: orders-header, recipe: chrome-pdf, engine: handlebars, preview: true }","meta":{"rootId":"wkqnzszy37wi0yr","id":"9ppwtfc3vmutasy"},"id":"ielb55u0ep1xx90","previousOperationId":"tbveaqkctrmvrki"}
{"type":"log","timestamp":1705265256203,"level":"debug","message":"Inline data specified.","meta":{"rootId":"wkqnzszy37wi0yr","id":"9ppwtfc3vmutasy"},"id":"ntcqxdchlbbhih5","previousOperationId":"tbveaqkctrmvrki"}
{"type":"log","timestamp":1705265256205,"level":"debug","message":"Base url not specified, skipping its injection.","meta":{"rootId":"wkqnzszy37wi0yr","id":"9ppwtfc3vmutasy"},"id":"6dh2v0rrxkaei1r","previousOperationId":"tbveaqkctrmvrki"}
{"type":"operationStart","subtype":"engine","name":"handlebars","timestamp":1705265256205,"id":"x32c3jdc7eiu76m","previousEventId":"smlkndhqc5bu1tb","operationId":"nz98obh29psqd95","previousOperationId":"tbveaqkctrmvrki"}
{"type":"log","timestamp":1705265256205,"level":"debug","message":"Rendering engine handlebars","meta":{"rootId":"wkqnzszy37wi0yr","id":"9ppwtfc3vmutasy"},"id":"7e3tlwodfdb9k4t","previousOperationId":"nz98obh29psqd95"}
{"type":"operationEnd","operationId":"nz98obh29psqd95","timestamp":1705265256228,"id":"w65bv79cd7brir4","previousEventId":"x32c3jdc7eiu76m","previousOperationId":"nz98obh29psqd95"}
{"type":"operationStart","subtype":"recipe","name":"chrome-pdf","timestamp":1705265256228,"id":"jbfq1jzvorfq1pi","previousEventId":"w65bv79cd7brir4","operationId":"9e91hrvwe4m8a90","previousOperationId":"nz98obh29psqd95"}
{"type":"log","timestamp":1705265256228,"level":"debug","message":"Executing recipe chrome-pdf","meta":{"rootId":"wkqnzszy37wi0yr","id":"9ppwtfc3vmutasy"},"id":"wzy4c22nei9tdmo","previousOperationId":"9e91hrvwe4m8a90"}
{"type":"log","timestamp":1705265256231,"level":"debug","message":"Converting with chrome HeadlessChrome/117.0.5938.149 using chrome-pool strategy","meta":{"rootId":"wkqnzszy37wi0yr","id":"9ppwtfc3vmutasy"},"id":"koo6vs1xk4brsra","previousOperationId":"9e91hrvwe4m8a90"}
{"type":"log","timestamp":1705265256353,"level":"debug","message":"Page request: GET (document) file:///C:/Users/arida/AppData/Local/Temp/jsreport/autocleanup/7dafe86c-bf15-4cea-b932-2d97e4cd93b2-chrome-pdf.html","meta":{"rootId":"wkqnzszy37wi0yr","id":"9ppwtfc3vmutasy"},"id":"re8kroqh3wwdg5m","previousOperationId":"9e91hrvwe4m8a90"}
{"type":"log","timestamp":1705265256365,"level":"debug","message":"Page request: GET (stylesheet) https://cdnjs.cloudflare.com/ajax/libs/metro/4.1.5/css/metro.min.css","meta":{"rootId":"wkqnzszy37wi0yr","id":"9ppwtfc3vmutasy"},"id":"zsotxsnc26puy8z","previousOperationId":"9e91hrvwe4m8a90"}
{"type":"log","timestamp":1705265256366,"level":"debug","message":"Page request finished: GET (document) 200 file:///C:/Users/arida/AppData/Local/Temp/jsreport/autocleanup/7dafe86c-bf15-4cea-b932-2d97e4cd93b2-chrome-pdf.html","meta":{"rootId":"wkqnzszy37wi0yr","id":"9ppwtfc3vmutasy"},"id":"c6dd6lt0coa9dyg","previousOperationId":"9e91hrvwe4m8a90"}
{"type":"log","timestamp":1705265256386,"level":"debug","message":"Page request finished: GET (stylesheet) 200 https://cdnjs.cloudflare.com/ajax/libs/metro/4.1.5/css/metro.min.css","meta":{"rootId":"wkqnzszy37wi0yr","id":"9ppwtfc3vmutasy"},"id":"co5yuclgxmicrmh","previousOperationId":"9e91hrvwe4m8a90"}
{"type":"log","timestamp":1705265256403,"level":"debug","message":"Running chrome with params {\"printBackground\":true,\"marginTop\":\"1.5cm\",\"marginRight\":\"1.5cm\",\"marginLeft\":\"1.cm\",\"timeout\":56686,\"margin\":{\"top\":\"1.5cm\",\"right\":\"1.5cm\",\"left\":\"1.cm\"}}","meta":{"rootId":"wkqnzszy37wi0yr","id":"9ppwtfc3vmutasy"},"id":"28yh2ibnu0bm8b0","previousOperationId":"9e91hrvwe4m8a90"}
{"type":"operationEnd","operationId":"9e91hrvwe4m8a90","timestamp":1705265256437,"id":"r278l6bv8aao49m","previousEventId":"jbfq1jzvorfq1pi","previousOperationId":"9e91hrvwe4m8a90"}
{"type":"log","timestamp":1705265256437,"level":"debug","message":"Skipping storing report.","meta":{"rootId":"wkqnzszy37wi0yr","id":"9ppwtfc3vmutasy"},"id":"8rb6qeq03vtyuht","previousOperationId":"9e91hrvwe4m8a90"}
{"type":"log","timestamp":1705265256437,"level":"info","message":"Rendering (child) request finished in 3521 ms","meta":{"rootId":"wkqnzszy37wi0yr","id":"9ppwtfc3vmutasy"},"id":"ljfk6pnqbgzth9o","previousOperationId":"9e91hrvwe4m8a90"}
{"type":"operationEnd","subtype":"render","operationId":"tbveaqkctrmvrki","timestamp":1705265256437,"id":"1ac2xtou0lqitbd","previousEventId":"r278l6bv8aao49m","previousOperationId":"9e91hrvwe4m8a90"}
{"type":"operationEnd","operationId":"etk3i4o8au23sq3","timestamp":1705265256445,"id":"kz7d8rtjye0l17j","previousEventId":"cv0de6ilyf9cg54","previousOperationId":"etk3i4o8au23sq3"}
{"type":"log","timestamp":1705265256445,"level":"debug","message":"pdf-utils postproces start","meta":{"rootId":"wkqnzszy37wi0yr","id":"wkqnzszy37wi0yr"},"id":"ffb0zhfrhvr6ody","previousOperationId":"etk3i4o8au23sq3"}
{"type":"log","timestamp":1705265256451,"level":"debug","message":"pdf-utils postproces end","meta":{"rootId":"wkqnzszy37wi0yr","id":"wkqnzszy37wi0yr"},"id":"knseeb76wte35f0","previousOperationId":"etk3i4o8au23sq3"}
{"type":"operationEnd","operationId":"ybik7x4jfcl1dkr","timestamp":1705265256451,"id":"7nrh6tyhk0a7m8u","previousEventId":"kz7d8rtjye0l17j","previousOperationId":"etk3i4o8au23sq3"}
{"type":"log","timestamp":1705265256451,"level":"info","message":"pdf-utils pdf processing was finished","meta":{"rootId":"wkqnzszy37wi0yr","id":"wkqnzszy37wi0yr"},"id":"3eje694kzafdaax","previousOperationId":"ybik7x4jfcl1dkr"}
{"type":"log","timestamp":1705265256452,"level":"debug","message":"Skipping storing report.","meta":{"rootId":"wkqnzszy37wi0yr","id":"wkqnzszy37wi0yr"},"id":"qpourbne1a8vmmj","previousOperationId":"ybik7x4jfcl1dkr"}
{"type":"log","timestamp":1705265256452,"level":"info","message":"Rendering request 12 finished in 3536 ms","meta":{"rootId":"wkqnzszy37wi0yr","id":"wkqnzszy37wi0yr"},"id":"o1tg5cih5n84snb","previousOperationId":"ybik7x4jfcl1dkr"}
{"type":"operationEnd","subtype":"render","operationId":"xcsiv6vt25w0fvx","timestamp":1705265256452,"id":"wfsmtf6pkmwf8le","previousEventId":"7nrh6tyhk0a7m8u","previousOperationId":"ybik7x4jfcl1dkr"}
{"type":"operationEnd","doDiffs":false,"previousEventId":"hbvheykhpmrqhyh","previousOperationId":"zx3ngs9a3yncvgz","operationId":"zx3ngs9a3yncvgz","timestamp":1705265256460,"id":"aqca0lqaockjz52"}
