{"type":"operationStart","subtype":"profile","data":{"_id":"NJ6Hc2Ezm5Lf0Izb","timestamp":"2024-01-09T20:20:49.896Z","state":"queued","mode":"standard","creationDate":"2024-01-09T20:20:49.899Z","modificationDate":"2024-01-09T20:20:49.899Z","shortid":"Jz5Hy9C","$entitySet":"profiles"},"doDiffs":false,"timestamp":1704831649897,"id":"gkogp0roij28rw4","previousOperationId":null,"operationId":"x66h3zqrmtkxq5n"}
{"type":"log","level":"info","message":"Render request 2 queued for execution and waiting for available worker","previousOperationId":"x66h3zqrmtkxq5n","timestamp":1704831649898,"id":"lfxw5q4u2roukvu"}
{"type":"operationStart","subtype":"render","name":"orders-main","previousOperationId":"x66h3zqrmtkxq5n","timestamp":1704831649918,"id":"cxxb4p5i2p8pgj1","previousEventId":"gkogp0roij28rw4","operationId":"n1ubih6ip163aub"}
{"type":"log","timestamp":1704831649920,"level":"info","message":"Starting rendering request 2","meta":{"rootId":"x9af7dv7w416ihd","id":"x9af7dv7w416ihd"},"id":"ycv4k8l2tn5h3ub","previousOperationId":"n1ubih6ip163aub"}
{"type":"log","timestamp":1704831649921,"level":"info","message":"Rendering template { name: orders-main, recipe: chrome-pdf, engine: handlebars, preview: true }","meta":{"rootId":"x9af7dv7w416ihd","id":"x9af7dv7w416ihd"},"id":"m1lgo8wk72i2dy0","previousOperationId":"n1ubih6ip163aub"}
{"type":"log","timestamp":1704831649924,"level":"debug","message":"Data item not defined for this template.","meta":{"rootId":"x9af7dv7w416ihd","id":"x9af7dv7w416ihd"},"id":"w8y5171ztj3qx8e","previousOperationId":"n1ubih6ip163aub"}
{"type":"log","timestamp":1704831649930,"level":"debug","message":"Executing script orders-script (beforeRender)","meta":{"rootId":"x9af7dv7w416ihd","id":"x9af7dv7w416ihd"},"id":"i6yblogr0y5yce0","previousOperationId":"n1ubih6ip163aub"}
{"type":"operationStart","subtype":"scriptsBeforeRender","name":"scripts beforeRender","timestamp":1704831650364,"id":"o5pc0ftlmzroaq9","previousEventId":"cxxb4p5i2p8pgj1","operationId":"3t6wrm7dbhlyarr","previousOperationId":"n1ubih6ip163aub"}
{"type":"operationStart","subtype":"script","name":"scripts orders-script","previousOperationId":"3t6wrm7dbhlyarr","timestamp":1704831650364,"id":"7i6kgpz3vln5eqx","previousEventId":"o5pc0ftlmzroaq9","operationId":"wycmj5k3fwcvg3p"}
{"type":"log","timestamp":1704831650365,"level":"debug","message":"(console:log) undefined","meta":{"userLevel":true,"rootId":"x9af7dv7w416ihd","id":"x9af7dv7w416ihd"},"id":"yz6evkup5pmdwkh","previousOperationId":"wycmj5k3fwcvg3p"}
{"type":"operationEnd","operationId":"wycmj5k3fwcvg3p","timestamp":1704831651812,"id":"fj75qty6k5wvw1n","previousEventId":"cxxb4p5i2p8pgj1","previousOperationId":"n1ubih6ip163aub"}
{"type":"operationEnd","operationId":"3t6wrm7dbhlyarr","timestamp":1704831651812,"id":"uz14k364x2m6gnu","previousEventId":"fj75qty6k5wvw1n","previousOperationId":"n1ubih6ip163aub"}
{"type":"log","timestamp":1704831651812,"level":"debug","message":"Base url not specified, skipping its injection.","meta":{"rootId":"x9af7dv7w416ihd","id":"x9af7dv7w416ihd"},"id":"rz6o3p9unk3u51r","previousOperationId":"3t6wrm7dbhlyarr"}
{"type":"operationStart","subtype":"engine","name":"handlebars","timestamp":1704831651814,"id":"swanoiyiwz316i1","previousEventId":"uz14k364x2m6gnu","operationId":"rmy78bk0raclw32","previousOperationId":"3t6wrm7dbhlyarr"}
{"type":"log","timestamp":1704831651814,"level":"debug","message":"Rendering engine handlebars","meta":{"rootId":"x9af7dv7w416ihd","id":"x9af7dv7w416ihd"},"id":"jxfalo42qw84w8l","previousOperationId":"rmy78bk0raclw32"}
{"type":"log","timestamp":1704831652163,"level":"debug","message":"(console:log) Pdf utils adding group field, value: \"France\"","meta":{"userLevel":true,"rootId":"x9af7dv7w416ihd","id":"x9af7dv7w416ihd"},"id":"3zmt0u9qaadybr2","previousOperationId":"rmy78bk0raclw32"}
{"type":"log","timestamp":1704831652163,"level":"debug","message":"(console:log) Pdf utils adding group field, value: \"Germany\"","meta":{"userLevel":true,"rootId":"x9af7dv7w416ihd","id":"x9af7dv7w416ihd"},"id":"zsg2rlhcjzsflzv","previousOperationId":"rmy78bk0raclw32"}
{"type":"operationEnd","operationId":"rmy78bk0raclw32","timestamp":1704831652164,"id":"xrx4h87p2x3sg04","previousEventId":"swanoiyiwz316i1","previousOperationId":"rmy78bk0raclw32"}
{"type":"operationStart","subtype":"recipe","name":"chrome-pdf","timestamp":1704831652164,"id":"azbx1quan55kz7t","previousEventId":"xrx4h87p2x3sg04","operationId":"9g9k0saic68hr1f","previousOperationId":"rmy78bk0raclw32"}
{"type":"log","timestamp":1704831652164,"level":"debug","message":"Executing recipe chrome-pdf","meta":{"rootId":"x9af7dv7w416ihd","id":"x9af7dv7w416ihd"},"id":"cwxyaupwx79ss6r","previousOperationId":"9g9k0saic68hr1f"}
{"type":"log","timestamp":1704831652896,"level":"debug","message":"Converting with chrome HeadlessChrome/117.0.5938.149 using chrome-pool strategy","meta":{"rootId":"x9af7dv7w416ihd","id":"x9af7dv7w416ihd"},"id":"2cftxwrmn4f3rs8","previousOperationId":"9g9k0saic68hr1f"}
{"type":"log","timestamp":1704831653131,"level":"debug","message":"Page request: GET (document) file:///C:/Users/arida/AppData/Local/Temp/jsreport/autocleanup/5041f6c2-67de-4f92-9d38-22c052819ba9-chrome-pdf.html","meta":{"rootId":"x9af7dv7w416ihd","id":"x9af7dv7w416ihd"},"id":"6lgsmgqm4g8t2ix","previousOperationId":"9g9k0saic68hr1f"}
{"type":"log","timestamp":1704831653181,"level":"debug","message":"Page request: GET (stylesheet) https://cdnjs.cloudflare.com/ajax/libs/metro/4.1.5/css/metro.min.css","meta":{"rootId":"x9af7dv7w416ihd","id":"x9af7dv7w416ihd"},"id":"782wegw753j0by6","previousOperationId":"9g9k0saic68hr1f"}
{"type":"log","timestamp":1704831653181,"level":"debug","message":"Page request: GET (script) https://cdnjs.cloudflare.com/ajax/libs/Chart.js/2.7.2/Chart.min.js","meta":{"rootId":"x9af7dv7w416ihd","id":"x9af7dv7w416ihd"},"id":"7bwxg9p7fapv0ml","previousOperationId":"9g9k0saic68hr1f"}
{"type":"log","timestamp":1704831653182,"level":"debug","message":"Page request finished: GET (document) 200 file:///C:/Users/arida/AppData/Local/Temp/jsreport/autocleanup/5041f6c2-67de-4f92-9d38-22c052819ba9-chrome-pdf.html","meta":{"rootId":"x9af7dv7w416ihd","id":"x9af7dv7w416ihd"},"id":"o992v9lfpa2tsel","previousOperationId":"9g9k0saic68hr1f"}
{"type":"log","timestamp":1704831655734,"level":"debug","message":"Page request finished: GET (stylesheet) 200 https://cdnjs.cloudflare.com/ajax/libs/metro/4.1.5/css/metro.min.css","meta":{"rootId":"x9af7dv7w416ihd","id":"x9af7dv7w416ihd"},"id":"a1gb5lqwrx6usa1","previousOperationId":"9g9k0saic68hr1f"}
{"type":"log","timestamp":1704831655754,"level":"debug","message":"Page request finished: GET (script) 200 https://cdnjs.cloudflare.com/ajax/libs/Chart.js/2.7.2/Chart.min.js","meta":{"rootId":"x9af7dv7w416ihd","id":"x9af7dv7w416ihd"},"id":"zxz6aua9cpcii5r","previousOperationId":"9g9k0saic68hr1f"}
{"type":"log","timestamp":1704831655864,"level":"debug","message":"Running chrome with params {\"printBackground\":true,\"marginTop\":\"4cm\",\"marginRight\":\"1.5cm\",\"marginBottom\":\"1.5cm\",\"marginLeft\":\"1.5cm\",\"waitForJS\":false,\"timeout\":57215,\"margin\":{\"top\":\"4cm\",\"right\":\"1.5cm\",\"bottom\":\"1.5cm\",\"left\":\"1.5cm\"}}","meta":{"rootId":"x9af7dv7w416ihd","id":"x9af7dv7w416ihd"},"id":"n6y0jbwocvpecnd","previousOperationId":"9g9k0saic68hr1f"}
{"type":"operationEnd","operationId":"9g9k0saic68hr1f","timestamp":1704831656061,"id":"vms7g244szwo2mt","previousEventId":"azbx1quan55kz7t","previousOperationId":"9g9k0saic68hr1f"}
{"type":"log","timestamp":1704831656061,"level":"info","message":"pdf-utils is starting pdf processing","meta":{"rootId":"x9af7dv7w416ihd","id":"x9af7dv7w416ihd"},"id":"vpt16zj5n7rtz78","previousOperationId":"9g9k0saic68hr1f"}
{"type":"operationStart","subtype":"pdfUtils","name":"pdf utils","timestamp":1704831656425,"id":"35iqjuwu3zrcgmb","previousEventId":"vms7g244szwo2mt","operationId":"dxmclnpzt83ynjx","previousOperationId":"9g9k0saic68hr1f"}
{"type":"log","timestamp":1704831656425,"level":"debug","message":"pdf-utils detected 1 pdf operation(s) to process","meta":{"rootId":"x9af7dv7w416ihd","id":"x9af7dv7w416ihd"},"id":"n7se529ol43ahf1","previousOperationId":"dxmclnpzt83ynjx"}
{"type":"log","timestamp":1704831656780,"level":"debug","message":"pdf-utils running pdf operation merge","meta":{"rootId":"x9af7dv7w416ihd","id":"x9af7dv7w416ihd"},"id":"bqkc6ez9r49iez5","previousOperationId":"dxmclnpzt83ynjx"}
{"type":"operationStart","subtype":"pdfUtilsMerge","name":"pdf utils merge","previousOperationId":"dxmclnpzt83ynjx","timestamp":1704831656780,"id":"hnntuz2twqg1rzq","previousEventId":"35iqjuwu3zrcgmb","operationId":"xevv9e2u3ktcz2y"}
{"type":"operationStart","subtype":"render","name":"orders-header","previousOperationId":"xevv9e2u3ktcz2y","timestamp":1704831656782,"id":"wwet5pcg0ipwa1t","previousEventId":"hnntuz2twqg1rzq","operationId":"auwaye6heq68cxx"}
{"type":"log","timestamp":1704831656782,"level":"info","message":"Starting rendering (child) request","meta":{"rootId":"x9af7dv7w416ihd","id":"7ek1h08efe2k1ri"},"id":"5ss1tbmlgyoy1vd","previousOperationId":"auwaye6heq68cxx"}
{"type":"log","timestamp":1704831656782,"level":"info","message":"Rendering template { name: orders-header, recipe: chrome-pdf, engine: handlebars, preview: true }","meta":{"rootId":"x9af7dv7w416ihd","id":"7ek1h08efe2k1ri"},"id":"x42t1xvjvlpeutu","previousOperationId":"auwaye6heq68cxx"}
{"type":"log","timestamp":1704831656789,"level":"debug","message":"Inline data specified.","meta":{"rootId":"x9af7dv7w416ihd","id":"7ek1h08efe2k1ri"},"id":"zvro3rmhmiz74zp","previousOperationId":"auwaye6heq68cxx"}
{"type":"log","timestamp":1704831656793,"level":"debug","message":"Base url not specified, skipping its injection.","meta":{"rootId":"x9af7dv7w416ihd","id":"7ek1h08efe2k1ri"},"id":"97dzw0nb3rnyoc2","previousOperationId":"auwaye6heq68cxx"}
{"type":"operationStart","subtype":"engine","name":"handlebars","timestamp":1704831656793,"id":"wv1fbzmfrkl7xhh","previousEventId":"wwet5pcg0ipwa1t","operationId":"z6kvnhsolujb44i","previousOperationId":"auwaye6heq68cxx"}
{"type":"log","timestamp":1704831656793,"level":"debug","message":"Rendering engine handlebars","meta":{"rootId":"x9af7dv7w416ihd","id":"7ek1h08efe2k1ri"},"id":"j0tihhbffx437mk","previousOperationId":"z6kvnhsolujb44i"}
{"type":"operationEnd","operationId":"z6kvnhsolujb44i","timestamp":1704831656866,"id":"qpnj1l4xhzu1fp8","previousEventId":"wv1fbzmfrkl7xhh","previousOperationId":"z6kvnhsolujb44i"}
{"type":"operationStart","subtype":"recipe","name":"chrome-pdf","timestamp":1704831656866,"id":"763j7wajaxemdrb","previousEventId":"qpnj1l4xhzu1fp8","operationId":"7cwh4ndgmm8shsm","previousOperationId":"z6kvnhsolujb44i"}
{"type":"log","timestamp":1704831656866,"level":"debug","message":"Executing recipe chrome-pdf","meta":{"rootId":"x9af7dv7w416ihd","id":"7ek1h08efe2k1ri"},"id":"d9duwne9smwuovb","previousOperationId":"7cwh4ndgmm8shsm"}
{"type":"log","timestamp":1704831656870,"level":"debug","message":"Converting with chrome HeadlessChrome/117.0.5938.149 using chrome-pool strategy","meta":{"rootId":"x9af7dv7w416ihd","id":"7ek1h08efe2k1ri"},"id":"o039iqe7misni6r","previousOperationId":"7cwh4ndgmm8shsm"}
{"type":"log","timestamp":1704831657011,"level":"debug","message":"Page request: GET (document) file:///C:/Users/arida/AppData/Local/Temp/jsreport/autocleanup/a8427f28-172c-4ca8-a33e-9a136501183b-chrome-pdf.html","meta":{"rootId":"x9af7dv7w416ihd","id":"7ek1h08efe2k1ri"},"id":"drc6mnma904yvih","previousOperationId":"7cwh4ndgmm8shsm"}
{"type":"log","timestamp":1704831657024,"level":"debug","message":"Page request: GET (stylesheet) https://cdnjs.cloudflare.com/ajax/libs/metro/4.1.5/css/metro.min.css","meta":{"rootId":"x9af7dv7w416ihd","id":"7ek1h08efe2k1ri"},"id":"9crxc11r2lqyec7","previousOperationId":"7cwh4ndgmm8shsm"}
{"type":"log","timestamp":1704831657024,"level":"debug","message":"Page request finished: GET (document) 200 file:///C:/Users/arida/AppData/Local/Temp/jsreport/autocleanup/a8427f28-172c-4ca8-a33e-9a136501183b-chrome-pdf.html","meta":{"rootId":"x9af7dv7w416ihd","id":"7ek1h08efe2k1ri"},"id":"z8n0ainh9o6nc1c","previousOperationId":"7cwh4ndgmm8shsm"}
{"type":"log","timestamp":1704831657048,"level":"debug","message":"Page request finished: GET (stylesheet) 200 https://cdnjs.cloudflare.com/ajax/libs/metro/4.1.5/css/metro.min.css","meta":{"rootId":"x9af7dv7w416ihd","id":"7ek1h08efe2k1ri"},"id":"tzbaj6qog0p8ryz","previousOperationId":"7cwh4ndgmm8shsm"}
{"type":"log","timestamp":1704831657077,"level":"debug","message":"Running chrome with params {\"printBackground\":true,\"marginTop\":\"1.5cm\",\"marginRight\":\"1.5cm\",\"marginLeft\":\"1.cm\",\"timeout\":53026,\"margin\":{\"top\":\"1.5cm\",\"right\":\"1.5cm\",\"left\":\"1.cm\"}}","meta":{"rootId":"x9af7dv7w416ihd","id":"7ek1h08efe2k1ri"},"id":"1kt38kyyh6q9dk2","previousOperationId":"7cwh4ndgmm8shsm"}
{"type":"operationEnd","operationId":"7cwh4ndgmm8shsm","timestamp":1704831657143,"id":"nrs96t7kfemfqp0","previousEventId":"763j7wajaxemdrb","previousOperationId":"7cwh4ndgmm8shsm"}
{"type":"log","timestamp":1704831657144,"level":"debug","message":"Skipping storing report.","meta":{"rootId":"x9af7dv7w416ihd","id":"7ek1h08efe2k1ri"},"id":"hwaso38v1eduumd","previousOperationId":"7cwh4ndgmm8shsm"}
{"type":"log","timestamp":1704831657144,"level":"info","message":"Rendering (child) request finished in 7249 ms","meta":{"rootId":"x9af7dv7w416ihd","id":"7ek1h08efe2k1ri"},"id":"wlskgatjmmlc9s3","previousOperationId":"7cwh4ndgmm8shsm"}
{"type":"operationEnd","subtype":"render","operationId":"auwaye6heq68cxx","timestamp":1704831657145,"id":"628k98dl3lzcchd","previousEventId":"nrs96t7kfemfqp0","previousOperationId":"7cwh4ndgmm8shsm"}
{"type":"operationEnd","operationId":"xevv9e2u3ktcz2y","timestamp":1704831657192,"id":"fusbns7eytyo2c0","previousEventId":"hnntuz2twqg1rzq","previousOperationId":"xevv9e2u3ktcz2y"}
{"type":"log","timestamp":1704831657192,"level":"debug","message":"pdf-utils postproces start","meta":{"rootId":"x9af7dv7w416ihd","id":"x9af7dv7w416ihd"},"id":"qpzdtwelcukyxy8","previousOperationId":"xevv9e2u3ktcz2y"}
{"type":"log","timestamp":1704831657228,"level":"debug","message":"pdf-utils postproces end","meta":{"rootId":"x9af7dv7w416ihd","id":"x9af7dv7w416ihd"},"id":"b314ablqmxcyidf","previousOperationId":"xevv9e2u3ktcz2y"}
{"type":"operationEnd","operationId":"dxmclnpzt83ynjx","timestamp":1704831657228,"id":"hy62iej5ljoiixk","previousEventId":"fusbns7eytyo2c0","previousOperationId":"xevv9e2u3ktcz2y"}
{"type":"log","timestamp":1704831657228,"level":"info","message":"pdf-utils pdf processing was finished","meta":{"rootId":"x9af7dv7w416ihd","id":"x9af7dv7w416ihd"},"id":"4myscti0hi600fq","previousOperationId":"dxmclnpzt83ynjx"}
{"type":"log","timestamp":1704831657228,"level":"debug","message":"Skipping storing report.","meta":{"rootId":"x9af7dv7w416ihd","id":"x9af7dv7w416ihd"},"id":"mn6z3u75jo5dsw2","previousOperationId":"dxmclnpzt83ynjx"}
{"type":"log","timestamp":1704831657228,"level":"info","message":"Rendering request 2 finished in 7333 ms","meta":{"rootId":"x9af7dv7w416ihd","id":"x9af7dv7w416ihd"},"id":"umm6hdu7qx8aky7","previousOperationId":"dxmclnpzt83ynjx"}
{"type":"operationEnd","subtype":"render","operationId":"n1ubih6ip163aub","timestamp":1704831657228,"id":"5g9vs5zuig9fia6","previousEventId":"hy62iej5ljoiixk","previousOperationId":"dxmclnpzt83ynjx"}
{"type":"operationEnd","doDiffs":false,"previousEventId":"gkogp0roij28rw4","previousOperationId":"x66h3zqrmtkxq5n","operationId":"x66h3zqrmtkxq5n","timestamp":1704831657246,"id":"lnlpxr5novd0cot"}
