{"type":"operationStart","subtype":"profile","data":{"_id":"Nsx79cykORlm74aB","timestamp":"2024-01-14T19:39:28.128Z","state":"queued","mode":"standard","creationDate":"2024-01-14T19:39:28.131Z","modificationDate":"2024-01-14T19:39:28.131Z","shortid":"t_wgAJX","$entitySet":"profiles"},"doDiffs":false,"timestamp":1705261168129,"id":"6xa162mzsmt2sfq","previousOperationId":null,"operationId":"iiwf38cxawyn6w4"}
{"type":"log","level":"info","message":"Render request 3 queued for execution and waiting for available worker","previousOperationId":"iiwf38cxawyn6w4","timestamp":1705261168130,"id":"sw2qimm1ganai8k"}
{"type":"operationStart","subtype":"render","name":"orders-main","previousOperationId":"iiwf38cxawyn6w4","timestamp":1705261168149,"id":"mwhifi5dunilp2o","previousEventId":"6xa162mzsmt2sfq","operationId":"n61w5zj1bl27hpe"}
{"type":"log","timestamp":1705261168149,"level":"info","message":"Starting rendering request 3","meta":{"rootId":"xl03u8f39jqaaem","id":"xl03u8f39jqaaem"},"id":"tngyn5g0lyqku2v","previousOperationId":"n61w5zj1bl27hpe"}
{"type":"log","timestamp":1705261168149,"level":"info","message":"Rendering template { name: orders-main, recipe: chrome-pdf, engine: handlebars, preview: true }","meta":{"rootId":"xl03u8f39jqaaem","id":"xl03u8f39jqaaem"},"id":"h4ldmspibhjnptr","previousOperationId":"n61w5zj1bl27hpe"}
{"type":"log","timestamp":1705261168151,"level":"debug","message":"Data item not defined for this template.","meta":{"rootId":"xl03u8f39jqaaem","id":"xl03u8f39jqaaem"},"id":"yt5bg3f4s157k9y","previousOperationId":"n61w5zj1bl27hpe"}
{"type":"log","timestamp":1705261168157,"level":"debug","message":"Executing script orders-script (beforeRender)","meta":{"rootId":"xl03u8f39jqaaem","id":"xl03u8f39jqaaem"},"id":"5dpzm3wayegkbth","previousOperationId":"n61w5zj1bl27hpe"}
{"type":"operationStart","subtype":"scriptsBeforeRender","name":"scripts beforeRender","timestamp":1705261168170,"id":"ekw9mqkp5dxrigq","previousEventId":"mwhifi5dunilp2o","operationId":"bcyuc7w0rztgpwl","previousOperationId":"n61w5zj1bl27hpe"}
{"type":"operationStart","subtype":"script","name":"scripts orders-script","previousOperationId":"bcyuc7w0rztgpwl","timestamp":1705261168170,"id":"ug2tmbolzonowe4","previousEventId":"ekw9mqkp5dxrigq","operationId":"9vetmeksuxmlbal"}
{"type":"operationEnd","operationId":"9vetmeksuxmlbal","timestamp":1705261168181,"id":"gzl62mro93sbb1a","previousEventId":"mwhifi5dunilp2o","previousOperationId":"n61w5zj1bl27hpe"}
{"type":"operationEnd","operationId":"bcyuc7w0rztgpwl","timestamp":1705261168181,"id":"jpzaj9vpqjkibdg","previousEventId":"gzl62mro93sbb1a","previousOperationId":"n61w5zj1bl27hpe"}
{"type":"log","timestamp":1705261168182,"level":"debug","message":"Base url not specified, skipping its injection.","meta":{"rootId":"xl03u8f39jqaaem","id":"xl03u8f39jqaaem"},"id":"9jgs9wkrqorvitf","previousOperationId":"bcyuc7w0rztgpwl"}
{"type":"operationStart","subtype":"engine","name":"handlebars","timestamp":1705261168182,"id":"hwo44ljz5gspgbk","previousEventId":"jpzaj9vpqjkibdg","operationId":"59htt3r2gmm2lix","previousOperationId":"bcyuc7w0rztgpwl"}
{"type":"log","timestamp":1705261168182,"level":"debug","message":"Rendering engine handlebars","meta":{"rootId":"xl03u8f39jqaaem","id":"xl03u8f39jqaaem"},"id":"4vfjfywfuso9u9n","previousOperationId":"59htt3r2gmm2lix"}
{"type":"operationEnd","operationId":"59htt3r2gmm2lix","timestamp":1705261168209,"id":"z9u4j4tye8xuf9s","previousEventId":"hwo44ljz5gspgbk","previousOperationId":"59htt3r2gmm2lix"}
{"type":"operationStart","subtype":"recipe","name":"chrome-pdf","timestamp":1705261168210,"id":"c4fjoc2dmsbv5mk","previousEventId":"z9u4j4tye8xuf9s","operationId":"3bccq2axej1n2hz","previousOperationId":"59htt3r2gmm2lix"}
{"type":"log","timestamp":1705261168210,"level":"debug","message":"Executing recipe chrome-pdf","meta":{"rootId":"xl03u8f39jqaaem","id":"xl03u8f39jqaaem"},"id":"4dbis3i2k6kgvmh","previousOperationId":"3bccq2axej1n2hz"}
{"type":"log","timestamp":1705261168214,"level":"debug","message":"Converting with chrome HeadlessChrome/117.0.5938.149 using chrome-pool strategy","meta":{"rootId":"xl03u8f39jqaaem","id":"xl03u8f39jqaaem"},"id":"i0t2niqu0uud8o7","previousOperationId":"3bccq2axej1n2hz"}
{"type":"log","timestamp":1705261168361,"level":"debug","message":"Page request: GET (document) file:///C:/Users/arida/AppData/Local/Temp/jsreport/autocleanup/fd396c07-db3a-43e7-86ed-611b3cab4d86-chrome-pdf.html","meta":{"rootId":"xl03u8f39jqaaem","id":"xl03u8f39jqaaem"},"id":"emrcgn9cqqz1yp8","previousOperationId":"3bccq2axej1n2hz"}
{"type":"log","timestamp":1705261168393,"level":"debug","message":"Page request: GET (stylesheet) https://cdnjs.cloudflare.com/ajax/libs/metro/4.1.5/css/metro.min.css","meta":{"rootId":"xl03u8f39jqaaem","id":"xl03u8f39jqaaem"},"id":"h4l16pt3xsdt3wq","previousOperationId":"3bccq2axej1n2hz"}
{"type":"log","timestamp":1705261168394,"level":"debug","message":"Page request: GET (script) https://cdnjs.cloudflare.com/ajax/libs/Chart.js/2.7.2/Chart.min.js","meta":{"rootId":"xl03u8f39jqaaem","id":"xl03u8f39jqaaem"},"id":"h2hozaa8ws4f95w","previousOperationId":"3bccq2axej1n2hz"}
{"type":"log","timestamp":1705261168394,"level":"debug","message":"Page request finished: GET (document) 200 file:///C:/Users/arida/AppData/Local/Temp/jsreport/autocleanup/fd396c07-db3a-43e7-86ed-611b3cab4d86-chrome-pdf.html","meta":{"rootId":"xl03u8f39jqaaem","id":"xl03u8f39jqaaem"},"id":"xx69f4jlfcshk0a","previousOperationId":"3bccq2axej1n2hz"}
{"type":"log","timestamp":1705261168419,"level":"debug","message":"Page request finished: GET (stylesheet) 200 https://cdnjs.cloudflare.com/ajax/libs/metro/4.1.5/css/metro.min.css","meta":{"rootId":"xl03u8f39jqaaem","id":"xl03u8f39jqaaem"},"id":"f0pfw7zzdds7uj2","previousOperationId":"3bccq2axej1n2hz"}
{"type":"log","timestamp":1705261168419,"level":"debug","message":"Page request finished: GET (script) 200 https://cdnjs.cloudflare.com/ajax/libs/Chart.js/2.7.2/Chart.min.js","meta":{"rootId":"xl03u8f39jqaaem","id":"xl03u8f39jqaaem"},"id":"ucl0yq3o5pbg73h","previousOperationId":"3bccq2axej1n2hz"}
{"type":"log","timestamp":1705261168436,"level":"warn","message":"Page error: Unexpected identifier 'afterwards' , stack: SyntaxError: Unexpected identifier 'afterwards'","meta":{"rootId":"xl03u8f39jqaaem","id":"xl03u8f39jqaaem"},"id":"wvmzbw0ifhc6fjp","previousOperationId":"3bccq2axej1n2hz"}
{"type":"log","timestamp":1705261168471,"level":"debug","message":"Running chrome with params {\"printBackground\":true,\"marginTop\":\"4cm\",\"marginRight\":\"1.5cm\",\"marginBottom\":\"1.5cm\",\"marginLeft\":\"1.5cm\",\"waitForJS\":false,\"timeout\":59915,\"margin\":{\"top\":\"4cm\",\"right\":\"1.5cm\",\"bottom\":\"1.5cm\",\"left\":\"1.5cm\"}}","meta":{"rootId":"xl03u8f39jqaaem","id":"xl03u8f39jqaaem"},"id":"kfy6lzhdzekjswr","previousOperationId":"3bccq2axej1n2hz"}
{"type":"operationEnd","operationId":"3bccq2axej1n2hz","timestamp":1705261168527,"id":"8amylwznmg84cva","previousEventId":"c4fjoc2dmsbv5mk","previousOperationId":"3bccq2axej1n2hz"}
{"type":"log","timestamp":1705261168527,"level":"info","message":"pdf-utils is starting pdf processing","meta":{"rootId":"xl03u8f39jqaaem","id":"xl03u8f39jqaaem"},"id":"plutu10j3a5vs23","previousOperationId":"3bccq2axej1n2hz"}
{"type":"operationStart","subtype":"pdfUtils","name":"pdf utils","timestamp":1705261168527,"id":"hpe2lwyjxhtbofz","previousEventId":"8amylwznmg84cva","operationId":"61ij1c2shy7igxt","previousOperationId":"3bccq2axej1n2hz"}
{"type":"log","timestamp":1705261168527,"level":"debug","message":"pdf-utils detected 1 pdf operation(s) to process","meta":{"rootId":"xl03u8f39jqaaem","id":"xl03u8f39jqaaem"},"id":"189ihuwfi5dabic","previousOperationId":"61ij1c2shy7igxt"}
{"type":"log","timestamp":1705261168556,"level":"debug","message":"pdf-utils running pdf operation merge","meta":{"rootId":"xl03u8f39jqaaem","id":"xl03u8f39jqaaem"},"id":"feq8gxg16y3n7vn","previousOperationId":"61ij1c2shy7igxt"}
{"type":"operationStart","subtype":"pdfUtilsMerge","name":"pdf utils merge","previousOperationId":"61ij1c2shy7igxt","timestamp":1705261168556,"id":"7a67o5uz0mms4rm","previousEventId":"hpe2lwyjxhtbofz","operationId":"wpcrnfksglrursj"}
{"type":"operationStart","subtype":"render","name":"orders-header","previousOperationId":"wpcrnfksglrursj","timestamp":1705261168557,"id":"ekcf1j6e6ptgrpj","previousEventId":"7a67o5uz0mms4rm","operationId":"q8jgwly5d24tewt"}
{"type":"log","timestamp":1705261168557,"level":"info","message":"Starting rendering (child) request","meta":{"rootId":"xl03u8f39jqaaem","id":"p27l4zrj9q5lp67"},"id":"dtfdrtw75owlxkl","previousOperationId":"q8jgwly5d24tewt"}
{"type":"log","timestamp":1705261168557,"level":"info","message":"Rendering template { name: orders-header, recipe: chrome-pdf, engine: handlebars, preview: true }","meta":{"rootId":"xl03u8f39jqaaem","id":"p27l4zrj9q5lp67"},"id":"90lq1jld7c4d0uw","previousOperationId":"q8jgwly5d24tewt"}
{"type":"log","timestamp":1705261168566,"level":"debug","message":"Inline data specified.","meta":{"rootId":"xl03u8f39jqaaem","id":"p27l4zrj9q5lp67"},"id":"rckryo9f6rx0zak","previousOperationId":"q8jgwly5d24tewt"}
{"type":"log","timestamp":1705261168568,"level":"debug","message":"Base url not specified, skipping its injection.","meta":{"rootId":"xl03u8f39jqaaem","id":"p27l4zrj9q5lp67"},"id":"f0pxbblejumxsjz","previousOperationId":"q8jgwly5d24tewt"}
{"type":"operationStart","subtype":"engine","name":"handlebars","timestamp":1705261168568,"id":"7qixvi54oo4ul1n","previousEventId":"ekcf1j6e6ptgrpj","operationId":"kww6nmla3aqje72","previousOperationId":"q8jgwly5d24tewt"}
{"type":"log","timestamp":1705261168569,"level":"debug","message":"Rendering engine handlebars","meta":{"rootId":"xl03u8f39jqaaem","id":"p27l4zrj9q5lp67"},"id":"uccasfqxnv605u8","previousOperationId":"kww6nmla3aqje72"}
{"type":"operationEnd","operationId":"kww6nmla3aqje72","timestamp":1705261168588,"id":"2nfrwufwknak0jt","previousEventId":"7qixvi54oo4ul1n","previousOperationId":"kww6nmla3aqje72"}
{"type":"operationStart","subtype":"recipe","name":"chrome-pdf","timestamp":1705261168588,"id":"b5n7pn4w5o2dlqr","previousEventId":"2nfrwufwknak0jt","operationId":"rfp3rqjdzjydwpg","previousOperationId":"kww6nmla3aqje72"}
{"type":"log","timestamp":1705261168588,"level":"debug","message":"Executing recipe chrome-pdf","meta":{"rootId":"xl03u8f39jqaaem","id":"p27l4zrj9q5lp67"},"id":"xdw3lwqfa15rhfc","previousOperationId":"rfp3rqjdzjydwpg"}
{"type":"log","timestamp":1705261168592,"level":"debug","message":"Converting with chrome HeadlessChrome/117.0.5938.149 using chrome-pool strategy","meta":{"rootId":"xl03u8f39jqaaem","id":"p27l4zrj9q5lp67"},"id":"md2nor8n0mki3na","previousOperationId":"rfp3rqjdzjydwpg"}
{"type":"log","timestamp":1705261168731,"level":"debug","message":"Page request: GET (document) file:///C:/Users/arida/AppData/Local/Temp/jsreport/autocleanup/ab699a7b-a79d-4f53-bcf5-c43546bad82d-chrome-pdf.html","meta":{"rootId":"xl03u8f39jqaaem","id":"p27l4zrj9q5lp67"},"id":"ccn663rnwa9wqo6","previousOperationId":"rfp3rqjdzjydwpg"}
{"type":"log","timestamp":1705261168744,"level":"debug","message":"Page request: GET (stylesheet) https://cdnjs.cloudflare.com/ajax/libs/metro/4.1.5/css/metro.min.css","meta":{"rootId":"xl03u8f39jqaaem","id":"p27l4zrj9q5lp67"},"id":"okwi7x1edf7o83u","previousOperationId":"rfp3rqjdzjydwpg"}
{"type":"log","timestamp":1705261168745,"level":"debug","message":"Page request finished: GET (document) 200 file:///C:/Users/arida/AppData/Local/Temp/jsreport/autocleanup/ab699a7b-a79d-4f53-bcf5-c43546bad82d-chrome-pdf.html","meta":{"rootId":"xl03u8f39jqaaem","id":"p27l4zrj9q5lp67"},"id":"qz1xvvhsdj4flwl","previousOperationId":"rfp3rqjdzjydwpg"}
{"type":"log","timestamp":1705261168773,"level":"debug","message":"Page request finished: GET (stylesheet) 200 https://cdnjs.cloudflare.com/ajax/libs/metro/4.1.5/css/metro.min.css","meta":{"rootId":"xl03u8f39jqaaem","id":"p27l4zrj9q5lp67"},"id":"d1zi4ef0fv2v1e7","previousOperationId":"rfp3rqjdzjydwpg"}
{"type":"log","timestamp":1705261168801,"level":"debug","message":"Running chrome with params {\"printBackground\":true,\"marginTop\":\"1.5cm\",\"marginRight\":\"1.5cm\",\"marginLeft\":\"1.cm\",\"timeout\":59537,\"margin\":{\"top\":\"1.5cm\",\"right\":\"1.5cm\",\"left\":\"1.cm\"}}","meta":{"rootId":"xl03u8f39jqaaem","id":"p27l4zrj9q5lp67"},"id":"dvb04molrh3q4kq","previousOperationId":"rfp3rqjdzjydwpg"}
{"type":"operationEnd","operationId":"rfp3rqjdzjydwpg","timestamp":1705261168843,"id":"l7vcg17y5dh02lc","previousEventId":"b5n7pn4w5o2dlqr","previousOperationId":"rfp3rqjdzjydwpg"}
{"type":"log","timestamp":1705261168843,"level":"debug","message":"Skipping storing report.","meta":{"rootId":"xl03u8f39jqaaem","id":"p27l4zrj9q5lp67"},"id":"08ynscuayfd19h9","previousOperationId":"rfp3rqjdzjydwpg"}
{"type":"log","timestamp":1705261168843,"level":"info","message":"Rendering (child) request finished in 715 ms","meta":{"rootId":"xl03u8f39jqaaem","id":"p27l4zrj9q5lp67"},"id":"of82vfkgrrtshr0","previousOperationId":"rfp3rqjdzjydwpg"}
{"type":"operationEnd","subtype":"render","operationId":"q8jgwly5d24tewt","timestamp":1705261168843,"id":"4v47vmeai6o1c87","previousEventId":"l7vcg17y5dh02lc","previousOperationId":"rfp3rqjdzjydwpg"}
{"type":"operationEnd","operationId":"wpcrnfksglrursj","timestamp":1705261168855,"id":"hn5mow3b489e9fd","previousEventId":"7a67o5uz0mms4rm","previousOperationId":"wpcrnfksglrursj"}
{"type":"log","timestamp":1705261168855,"level":"debug","message":"pdf-utils postproces start","meta":{"rootId":"xl03u8f39jqaaem","id":"xl03u8f39jqaaem"},"id":"ecenqoo2f6hlaak","previousOperationId":"wpcrnfksglrursj"}
{"type":"log","timestamp":1705261168864,"level":"debug","message":"pdf-utils postproces end","meta":{"rootId":"xl03u8f39jqaaem","id":"xl03u8f39jqaaem"},"id":"4mn6w3iya1iv17z","previousOperationId":"wpcrnfksglrursj"}
{"type":"operationEnd","operationId":"61ij1c2shy7igxt","timestamp":1705261168864,"id":"p293k98j97uhujn","previousEventId":"hn5mow3b489e9fd","previousOperationId":"wpcrnfksglrursj"}
{"type":"log","timestamp":1705261168864,"level":"info","message":"pdf-utils pdf processing was finished","meta":{"rootId":"xl03u8f39jqaaem","id":"xl03u8f39jqaaem"},"id":"76vr5syjci8rssb","previousOperationId":"61ij1c2shy7igxt"}
{"type":"log","timestamp":1705261168864,"level":"debug","message":"Skipping storing report.","meta":{"rootId":"xl03u8f39jqaaem","id":"xl03u8f39jqaaem"},"id":"eur7xp0tp0d8905","previousOperationId":"61ij1c2shy7igxt"}
{"type":"log","timestamp":1705261168864,"level":"info","message":"Rendering request 3 finished in 736 ms","meta":{"rootId":"xl03u8f39jqaaem","id":"xl03u8f39jqaaem"},"id":"yxtgwmipzz40947","previousOperationId":"61ij1c2shy7igxt"}
{"type":"operationEnd","subtype":"render","operationId":"n61w5zj1bl27hpe","timestamp":1705261168864,"id":"v05u2afpsrmorue","previousEventId":"p293k98j97uhujn","previousOperationId":"61ij1c2shy7igxt"}
{"type":"operationEnd","doDiffs":false,"previousEventId":"6xa162mzsmt2sfq","previousOperationId":"iiwf38cxawyn6w4","operationId":"iiwf38cxawyn6w4","timestamp":1705261168880,"id":"jk35uwdfoff373r"}
