{"type":"operationStart","subtype":"profile","data":{"_id":"NLeFXTnCiXsn0hwp","timestamp":"2024-01-14T19:40:46.591Z","state":"queued","mode":"standard","creationDate":"2024-01-14T19:40:46.595Z","modificationDate":"2024-01-14T19:40:46.595Z","shortid":"987Pjab","$entitySet":"profiles"},"doDiffs":false,"timestamp":1705261246593,"id":"rt5d0ykur4guoeo","previousOperationId":null,"operationId":"lahbtn1rs8l0izm"}
{"type":"log","level":"info","message":"Render request 5 queued for execution and waiting for available worker","previousOperationId":"lahbtn1rs8l0izm","timestamp":1705261246593,"id":"622xctetknmcp94"}
{"type":"operationStart","subtype":"render","name":"orders-main","previousOperationId":"lahbtn1rs8l0izm","timestamp":1705261246610,"id":"ir9drgj5iuh8h8a","previousEventId":"rt5d0ykur4guoeo","operationId":"17pbqwz76k31wxi"}
{"type":"log","timestamp":1705261246610,"level":"info","message":"Starting rendering request 5","meta":{"rootId":"xo2u5ijge6qqq4b","id":"xo2u5ijge6qqq4b"},"id":"qrga1poty60bsc6","previousOperationId":"17pbqwz76k31wxi"}
{"type":"log","timestamp":1705261246611,"level":"info","message":"Rendering template { name: orders-main, recipe: chrome-pdf, engine: handlebars, preview: true }","meta":{"rootId":"xo2u5ijge6qqq4b","id":"xo2u5ijge6qqq4b"},"id":"r46wddoer7pcx3s","previousOperationId":"17pbqwz76k31wxi"}
{"type":"log","timestamp":1705261246613,"level":"debug","message":"Data item not defined for this template.","meta":{"rootId":"xo2u5ijge6qqq4b","id":"xo2u5ijge6qqq4b"},"id":"t65qakuf9zn1j7h","previousOperationId":"17pbqwz76k31wxi"}
{"type":"log","timestamp":1705261246618,"level":"debug","message":"Executing script orders-script (beforeRender)","meta":{"rootId":"xo2u5ijge6qqq4b","id":"xo2u5ijge6qqq4b"},"id":"3qtlfaczo1xjnkl","previousOperationId":"17pbqwz76k31wxi"}
{"type":"operationStart","subtype":"scriptsBeforeRender","name":"scripts beforeRender","timestamp":1705261246630,"id":"4dd3qraaaxj9ir2","previousEventId":"ir9drgj5iuh8h8a","operationId":"skdejqjzlq630m0","previousOperationId":"17pbqwz76k31wxi"}
{"type":"operationStart","subtype":"script","name":"scripts orders-script","previousOperationId":"skdejqjzlq630m0","timestamp":1705261246630,"id":"utd0v8yu007yojo","previousEventId":"4dd3qraaaxj9ir2","operationId":"5t3x1hh0brfq32k"}
{"type":"operationEnd","operationId":"5t3x1hh0brfq32k","timestamp":1705261246641,"id":"7a2e9q7bmbvhzi1","previousEventId":"ir9drgj5iuh8h8a","previousOperationId":"17pbqwz76k31wxi"}
{"type":"operationEnd","operationId":"skdejqjzlq630m0","timestamp":1705261246642,"id":"5e4f6yfsfugzpy6","previousEventId":"7a2e9q7bmbvhzi1","previousOperationId":"17pbqwz76k31wxi"}
{"type":"log","timestamp":1705261246642,"level":"debug","message":"Base url not specified, skipping its injection.","meta":{"rootId":"xo2u5ijge6qqq4b","id":"xo2u5ijge6qqq4b"},"id":"8rspxlhus8ptmay","previousOperationId":"skdejqjzlq630m0"}
{"type":"operationStart","subtype":"engine","name":"handlebars","timestamp":1705261246642,"id":"5ymyrz1xlnth587","previousEventId":"5e4f6yfsfugzpy6","operationId":"kkxpxlocz2q6iw3","previousOperationId":"skdejqjzlq630m0"}
{"type":"log","timestamp":1705261246642,"level":"debug","message":"Rendering engine handlebars","meta":{"rootId":"xo2u5ijge6qqq4b","id":"xo2u5ijge6qqq4b"},"id":"ls11xqw3l99v1cc","previousOperationId":"kkxpxlocz2q6iw3"}
{"type":"log","timestamp":1705261246659,"level":"debug","message":"(console:log) Pdf utils adding group field, value: \"Ingenio\"","meta":{"userLevel":true,"rootId":"xo2u5ijge6qqq4b","id":"xo2u5ijge6qqq4b"},"id":"4nzckap535jlbsg","previousOperationId":"kkxpxlocz2q6iw3"}
{"type":"log","timestamp":1705261246660,"level":"debug","message":"(console:log) Pdf utils adding group field, value: \"Las Palmas\"","meta":{"userLevel":true,"rootId":"xo2u5ijge6qqq4b","id":"xo2u5ijge6qqq4b"},"id":"nv5cavn1vp09gdb","previousOperationId":"kkxpxlocz2q6iw3"}
{"type":"operationEnd","operationId":"kkxpxlocz2q6iw3","timestamp":1705261246660,"id":"txzvraiflxc5h3t","previousEventId":"5ymyrz1xlnth587","previousOperationId":"kkxpxlocz2q6iw3"}
{"type":"operationStart","subtype":"recipe","name":"chrome-pdf","timestamp":1705261246660,"id":"7if4hnqzmjkmfqo","previousEventId":"txzvraiflxc5h3t","operationId":"siyn818crzipdt5","previousOperationId":"kkxpxlocz2q6iw3"}
{"type":"log","timestamp":1705261246660,"level":"debug","message":"Executing recipe chrome-pdf","meta":{"rootId":"xo2u5ijge6qqq4b","id":"xo2u5ijge6qqq4b"},"id":"i6pcqz4x851my69","previousOperationId":"siyn818crzipdt5"}
{"type":"log","timestamp":1705261246663,"level":"debug","message":"Converting with chrome HeadlessChrome/117.0.5938.149 using chrome-pool strategy","meta":{"rootId":"xo2u5ijge6qqq4b","id":"xo2u5ijge6qqq4b"},"id":"9kahwiwrxqpfzn4","previousOperationId":"siyn818crzipdt5"}
{"type":"log","timestamp":1705261246797,"level":"debug","message":"Page request: GET (document) file:///C:/Users/arida/AppData/Local/Temp/jsreport/autocleanup/5bbd690a-4a16-4519-a557-2eec6c0b3c6e-chrome-pdf.html","meta":{"rootId":"xo2u5ijge6qqq4b","id":"xo2u5ijge6qqq4b"},"id":"6f026imgf7v3nv8","previousOperationId":"siyn818crzipdt5"}
{"type":"log","timestamp":1705261246839,"level":"debug","message":"Page request: GET (stylesheet) https://cdnjs.cloudflare.com/ajax/libs/metro/4.1.5/css/metro.min.css","meta":{"rootId":"xo2u5ijge6qqq4b","id":"xo2u5ijge6qqq4b"},"id":"g7g3wmh4l5nx4di","previousOperationId":"siyn818crzipdt5"}
{"type":"log","timestamp":1705261246839,"level":"debug","message":"Page request: GET (script) https://cdnjs.cloudflare.com/ajax/libs/Chart.js/2.7.2/Chart.min.js","meta":{"rootId":"xo2u5ijge6qqq4b","id":"xo2u5ijge6qqq4b"},"id":"tvyuaau63xwxi38","previousOperationId":"siyn818crzipdt5"}
{"type":"log","timestamp":1705261246840,"level":"debug","message":"Page request finished: GET (document) 200 file:///C:/Users/arida/AppData/Local/Temp/jsreport/autocleanup/5bbd690a-4a16-4519-a557-2eec6c0b3c6e-chrome-pdf.html","meta":{"rootId":"xo2u5ijge6qqq4b","id":"xo2u5ijge6qqq4b"},"id":"sancx04ecowfc5a","previousOperationId":"siyn818crzipdt5"}
{"type":"log","timestamp":1705261246847,"level":"debug","message":"Page request finished: GET (script) 200 https://cdnjs.cloudflare.com/ajax/libs/Chart.js/2.7.2/Chart.min.js","meta":{"rootId":"xo2u5ijge6qqq4b","id":"xo2u5ijge6qqq4b"},"id":"v7hai5uqcg9vo6o","previousOperationId":"siyn818crzipdt5"}
{"type":"log","timestamp":1705261246866,"level":"debug","message":"Page request finished: GET (stylesheet) 200 https://cdnjs.cloudflare.com/ajax/libs/metro/4.1.5/css/metro.min.css","meta":{"rootId":"xo2u5ijge6qqq4b","id":"xo2u5ijge6qqq4b"},"id":"m91dkhqq5y6t0pu","previousOperationId":"siyn818crzipdt5"}
{"type":"log","timestamp":1705261246874,"level":"warn","message":"Page error: helpers is not defined , stack: ReferenceError: helpers is not defined\n    at <anonymous> (file:///C:/Users/arida/AppData/Local/Temp/jsreport/autocleanup/5bbd690a-4a16-4519-a557-2eec6c0b3c6e-chrome-pdf.html:43:9)","meta":{"rootId":"xo2u5ijge6qqq4b","id":"xo2u5ijge6qqq4b"},"id":"65emh8ruo4bkum3","previousOperationId":"siyn818crzipdt5"}
{"type":"log","timestamp":1705261246874,"level":"warn","message":"Page error: missing ) after argument list , stack: SyntaxError: missing ) after argument list","meta":{"rootId":"xo2u5ijge6qqq4b","id":"xo2u5ijge6qqq4b"},"id":"5dpcv7jdmrg8b4p","previousOperationId":"siyn818crzipdt5"}
{"type":"log","timestamp":1705261246905,"level":"debug","message":"Running chrome with params {\"printBackground\":true,\"marginTop\":\"4cm\",\"marginRight\":\"1.5cm\",\"marginBottom\":\"1.5cm\",\"marginLeft\":\"1.5cm\",\"waitForJS\":false,\"timeout\":59929,\"margin\":{\"top\":\"4cm\",\"right\":\"1.5cm\",\"bottom\":\"1.5cm\",\"left\":\"1.5cm\"}}","meta":{"rootId":"xo2u5ijge6qqq4b","id":"xo2u5ijge6qqq4b"},"id":"n1bdyavi88ep04r","previousOperationId":"siyn818crzipdt5"}
{"type":"operationEnd","operationId":"siyn818crzipdt5","timestamp":1705261246981,"id":"yqsbw3f06gcqd7r","previousEventId":"7if4hnqzmjkmfqo","previousOperationId":"siyn818crzipdt5"}
{"type":"log","timestamp":1705261246981,"level":"info","message":"pdf-utils is starting pdf processing","meta":{"rootId":"xo2u5ijge6qqq4b","id":"xo2u5ijge6qqq4b"},"id":"lnvhtxzs5jwscey","previousOperationId":"siyn818crzipdt5"}
{"type":"operationStart","subtype":"pdfUtils","name":"pdf utils","timestamp":1705261246981,"id":"60hon4gmes9s1j2","previousEventId":"yqsbw3f06gcqd7r","operationId":"9cos6n62fkaksmg","previousOperationId":"siyn818crzipdt5"}
{"type":"log","timestamp":1705261246981,"level":"debug","message":"pdf-utils detected 1 pdf operation(s) to process","meta":{"rootId":"xo2u5ijge6qqq4b","id":"xo2u5ijge6qqq4b"},"id":"7b1u47kx2n9tw37","previousOperationId":"9cos6n62fkaksmg"}
{"type":"log","timestamp":1705261247008,"level":"debug","message":"pdf-utils running pdf operation merge","meta":{"rootId":"xo2u5ijge6qqq4b","id":"xo2u5ijge6qqq4b"},"id":"za9o3x4zzpbtz75","previousOperationId":"9cos6n62fkaksmg"}
{"type":"operationStart","subtype":"pdfUtilsMerge","name":"pdf utils merge","previousOperationId":"9cos6n62fkaksmg","timestamp":1705261247008,"id":"w2tl5hu9qcu1j4x","previousEventId":"60hon4gmes9s1j2","operationId":"nje6sac3j1b176x"}
{"type":"operationStart","subtype":"render","name":"orders-header","previousOperationId":"nje6sac3j1b176x","timestamp":1705261247009,"id":"iuxkd29k5mvszfg","previousEventId":"w2tl5hu9qcu1j4x","operationId":"ngqqbmbqf6bwwil"}
{"type":"log","timestamp":1705261247009,"level":"info","message":"Starting rendering (child) request","meta":{"rootId":"xo2u5ijge6qqq4b","id":"072oflxodh9uhje"},"id":"dh7w5exyrk5v01s","previousOperationId":"ngqqbmbqf6bwwil"}
{"type":"log","timestamp":1705261247009,"level":"info","message":"Rendering template { name: orders-header, recipe: chrome-pdf, engine: handlebars, preview: true }","meta":{"rootId":"xo2u5ijge6qqq4b","id":"072oflxodh9uhje"},"id":"wlpd23xord9c2da","previousOperationId":"ngqqbmbqf6bwwil"}
{"type":"log","timestamp":1705261247010,"level":"debug","message":"Inline data specified.","meta":{"rootId":"xo2u5ijge6qqq4b","id":"072oflxodh9uhje"},"id":"9ao9idfu2bh2rxc","previousOperationId":"ngqqbmbqf6bwwil"}
{"type":"log","timestamp":1705261247013,"level":"debug","message":"Base url not specified, skipping its injection.","meta":{"rootId":"xo2u5ijge6qqq4b","id":"072oflxodh9uhje"},"id":"43ub4kykhb8zvub","previousOperationId":"ngqqbmbqf6bwwil"}
{"type":"operationStart","subtype":"engine","name":"handlebars","timestamp":1705261247014,"id":"ovtfd93o5dlzz18","previousEventId":"iuxkd29k5mvszfg","operationId":"pmrjo2rez9t1l89","previousOperationId":"ngqqbmbqf6bwwil"}
{"type":"log","timestamp":1705261247014,"level":"debug","message":"Rendering engine handlebars","meta":{"rootId":"xo2u5ijge6qqq4b","id":"072oflxodh9uhje"},"id":"rrl9900g1yxoysr","previousOperationId":"pmrjo2rez9t1l89"}
{"type":"operationEnd","operationId":"pmrjo2rez9t1l89","timestamp":1705261247039,"id":"tlewt69bfkdmtkq","previousEventId":"ovtfd93o5dlzz18","previousOperationId":"pmrjo2rez9t1l89"}
{"type":"operationStart","subtype":"recipe","name":"chrome-pdf","timestamp":1705261247039,"id":"w5ieugvf55grddy","previousEventId":"tlewt69bfkdmtkq","operationId":"02y0c9bj0gpkv8h","previousOperationId":"pmrjo2rez9t1l89"}
{"type":"log","timestamp":1705261247039,"level":"debug","message":"Executing recipe chrome-pdf","meta":{"rootId":"xo2u5ijge6qqq4b","id":"072oflxodh9uhje"},"id":"iomzewigssspnen","previousOperationId":"02y0c9bj0gpkv8h"}
{"type":"log","timestamp":1705261247041,"level":"debug","message":"Converting with chrome HeadlessChrome/117.0.5938.149 using chrome-pool strategy","meta":{"rootId":"xo2u5ijge6qqq4b","id":"072oflxodh9uhje"},"id":"ix7bb505b0kjzhg","previousOperationId":"02y0c9bj0gpkv8h"}
{"type":"log","timestamp":1705261247155,"level":"debug","message":"Page request: GET (document) file:///C:/Users/arida/AppData/Local/Temp/jsreport/autocleanup/e44524ab-f568-43f6-885b-fce2522950d6-chrome-pdf.html","meta":{"rootId":"xo2u5ijge6qqq4b","id":"072oflxodh9uhje"},"id":"b6aot26rr7btmzv","previousOperationId":"02y0c9bj0gpkv8h"}
{"type":"log","timestamp":1705261247174,"level":"debug","message":"Page request: GET (stylesheet) https://cdnjs.cloudflare.com/ajax/libs/metro/4.1.5/css/metro.min.css","meta":{"rootId":"xo2u5ijge6qqq4b","id":"072oflxodh9uhje"},"id":"l6mrvg9k1zkwdqt","previousOperationId":"02y0c9bj0gpkv8h"}
{"type":"log","timestamp":1705261247175,"level":"debug","message":"Page request finished: GET (document) 200 file:///C:/Users/arida/AppData/Local/Temp/jsreport/autocleanup/e44524ab-f568-43f6-885b-fce2522950d6-chrome-pdf.html","meta":{"rootId":"xo2u5ijge6qqq4b","id":"072oflxodh9uhje"},"id":"y9qr0c8z1x6oe27","previousOperationId":"02y0c9bj0gpkv8h"}
{"type":"log","timestamp":1705261247193,"level":"debug","message":"Page request finished: GET (stylesheet) 200 https://cdnjs.cloudflare.com/ajax/libs/metro/4.1.5/css/metro.min.css","meta":{"rootId":"xo2u5ijge6qqq4b","id":"072oflxodh9uhje"},"id":"50hmfq6oh6ikroe","previousOperationId":"02y0c9bj0gpkv8h"}
{"type":"log","timestamp":1705261247222,"level":"debug","message":"Running chrome with params {\"printBackground\":true,\"marginTop\":\"1.5cm\",\"marginRight\":\"1.5cm\",\"marginLeft\":\"1.cm\",\"timeout\":59550,\"margin\":{\"top\":\"1.5cm\",\"right\":\"1.5cm\",\"left\":\"1.cm\"}}","meta":{"rootId":"xo2u5ijge6qqq4b","id":"072oflxodh9uhje"},"id":"dtduqpu8p1sghqx","previousOperationId":"02y0c9bj0gpkv8h"}
{"type":"operationEnd","operationId":"02y0c9bj0gpkv8h","timestamp":1705261247276,"id":"toma52cw1lc26x1","previousEventId":"w5ieugvf55grddy","previousOperationId":"02y0c9bj0gpkv8h"}
{"type":"log","timestamp":1705261247276,"level":"debug","message":"Skipping storing report.","meta":{"rootId":"xo2u5ijge6qqq4b","id":"072oflxodh9uhje"},"id":"fqn7pfkortho848","previousOperationId":"02y0c9bj0gpkv8h"}
{"type":"log","timestamp":1705261247277,"level":"info","message":"Rendering (child) request finished in 686 ms","meta":{"rootId":"xo2u5ijge6qqq4b","id":"072oflxodh9uhje"},"id":"w77rxjpbuyc83ig","previousOperationId":"02y0c9bj0gpkv8h"}
{"type":"operationEnd","subtype":"render","operationId":"ngqqbmbqf6bwwil","timestamp":1705261247277,"id":"0gick1ls2nm631g","previousEventId":"toma52cw1lc26x1","previousOperationId":"02y0c9bj0gpkv8h"}
{"type":"operationEnd","operationId":"nje6sac3j1b176x","timestamp":1705261247292,"id":"mkkb09ozhd0ih76","previousEventId":"w2tl5hu9qcu1j4x","previousOperationId":"nje6sac3j1b176x"}
{"type":"log","timestamp":1705261247292,"level":"debug","message":"pdf-utils postproces start","meta":{"rootId":"xo2u5ijge6qqq4b","id":"xo2u5ijge6qqq4b"},"id":"qktvo1wgramzrqd","previousOperationId":"nje6sac3j1b176x"}
{"type":"log","timestamp":1705261247309,"level":"debug","message":"pdf-utils postproces end","meta":{"rootId":"xo2u5ijge6qqq4b","id":"xo2u5ijge6qqq4b"},"id":"4zykglmjyqo3sja","previousOperationId":"nje6sac3j1b176x"}
{"type":"operationEnd","operationId":"9cos6n62fkaksmg","timestamp":1705261247309,"id":"mro39m5o69uck8h","previousEventId":"mkkb09ozhd0ih76","previousOperationId":"nje6sac3j1b176x"}
{"type":"log","timestamp":1705261247309,"level":"info","message":"pdf-utils pdf processing was finished","meta":{"rootId":"xo2u5ijge6qqq4b","id":"xo2u5ijge6qqq4b"},"id":"zr7vk89crfm9q5q","previousOperationId":"9cos6n62fkaksmg"}
{"type":"log","timestamp":1705261247309,"level":"debug","message":"Skipping storing report.","meta":{"rootId":"xo2u5ijge6qqq4b","id":"xo2u5ijge6qqq4b"},"id":"hny50i4p6pczdda","previousOperationId":"9cos6n62fkaksmg"}
{"type":"log","timestamp":1705261247309,"level":"info","message":"Rendering request 5 finished in 718 ms","meta":{"rootId":"xo2u5ijge6qqq4b","id":"xo2u5ijge6qqq4b"},"id":"0uaxxsw5mz8p21t","previousOperationId":"9cos6n62fkaksmg"}
{"type":"operationEnd","subtype":"render","operationId":"17pbqwz76k31wxi","timestamp":1705261247309,"id":"xwwgv8erjyfpk63","previousEventId":"mro39m5o69uck8h","previousOperationId":"9cos6n62fkaksmg"}
{"type":"operationEnd","doDiffs":false,"previousEventId":"rt5d0ykur4guoeo","previousOperationId":"lahbtn1rs8l0izm","operationId":"lahbtn1rs8l0izm","timestamp":1705261247320,"id":"fuy7l5smysulrig"}
