{"type":"operationStart","subtype":"profile","data":{"_id":"VxbUmUWtJb0UXIVS","timestamp":"2024-01-14T17:32:21.484Z","state":"queued","mode":"standard","creationDate":"2024-01-14T17:32:21.491Z","modificationDate":"2024-01-14T17:32:21.491Z","shortid":"tXPCaZj","$entitySet":"profiles"},"doDiffs":false,"timestamp":1705253541487,"id":"vfs44xmv9bcsrwb","previousOperationId":null,"operationId":"zmnvjarm8gh09rv"}
{"type":"log","level":"info","message":"Render request 1 queued for execution and waiting for available worker","previousOperationId":"zmnvjarm8gh09rv","timestamp":1705253541488,"id":"gn9thx3to1oactn"}
{"type":"operationStart","subtype":"render","name":"orders-main","previousOperationId":"zmnvjarm8gh09rv","timestamp":1705253541530,"id":"jww6hpc18dd45of","previousEventId":"vfs44xmv9bcsrwb","operationId":"6brizzoxp9gxe3i"}
{"type":"log","timestamp":1705253541531,"level":"info","message":"Starting rendering request 1","meta":{"rootId":"y1jtharfvw88aqp","id":"y1jtharfvw88aqp"},"id":"dafe4lggkrte2t2","previousOperationId":"6brizzoxp9gxe3i"}
{"type":"log","timestamp":1705253541532,"level":"info","message":"Rendering template { name: orders-main, recipe: chrome-pdf, engine: handlebars, preview: true }","meta":{"rootId":"y1jtharfvw88aqp","id":"y1jtharfvw88aqp"},"id":"ihp7uza3q8nc2bo","previousOperationId":"6brizzoxp9gxe3i"}
{"type":"log","timestamp":1705253541536,"level":"debug","message":"Data item not defined for this template.","meta":{"rootId":"y1jtharfvw88aqp","id":"y1jtharfvw88aqp"},"id":"c4uh1cjbli9iuw6","previousOperationId":"6brizzoxp9gxe3i"}
{"type":"log","timestamp":1705253541543,"level":"debug","message":"Executing script orders-script (beforeRender)","meta":{"rootId":"y1jtharfvw88aqp","id":"y1jtharfvw88aqp"},"id":"cy01empmi9vmhkc","previousOperationId":"6brizzoxp9gxe3i"}
{"type":"operationStart","subtype":"scriptsBeforeRender","name":"scripts beforeRender","timestamp":1705253541977,"id":"nsdo42xf7p3smiy","previousEventId":"jww6hpc18dd45of","operationId":"hwdgu5u0ok1d0nt","previousOperationId":"6brizzoxp9gxe3i"}
{"type":"operationStart","subtype":"script","name":"scripts orders-script","previousOperationId":"hwdgu5u0ok1d0nt","timestamp":1705253541977,"id":"m8dc7piujke4niv","previousEventId":"nsdo42xf7p3smiy","operationId":"l5zhmsxyb7f1ggb"}
{"type":"operationEnd","operationId":"l5zhmsxyb7f1ggb","timestamp":1705253542019,"id":"7tubgj81qavloc9","previousEventId":"jww6hpc18dd45of","previousOperationId":"6brizzoxp9gxe3i"}
{"type":"operationEnd","operationId":"hwdgu5u0ok1d0nt","timestamp":1705253542019,"id":"l0nh4i0nfh4ifbz","previousEventId":"7tubgj81qavloc9","previousOperationId":"6brizzoxp9gxe3i"}
{"type":"log","timestamp":1705253542019,"level":"debug","message":"Base url not specified, skipping its injection.","meta":{"rootId":"y1jtharfvw88aqp","id":"y1jtharfvw88aqp"},"id":"wdgsqd5deovjqzk","previousOperationId":"hwdgu5u0ok1d0nt"}
{"type":"operationStart","subtype":"engine","name":"handlebars","timestamp":1705253542020,"id":"ey93s6hztv73kel","previousEventId":"l0nh4i0nfh4ifbz","operationId":"djuwirj6wdi136u","previousOperationId":"hwdgu5u0ok1d0nt"}
{"type":"log","timestamp":1705253542020,"level":"debug","message":"Rendering engine handlebars","meta":{"rootId":"y1jtharfvw88aqp","id":"y1jtharfvw88aqp"},"id":"g7inrfe0kpeai7p","previousOperationId":"djuwirj6wdi136u"}
{"type":"operationEnd","operationId":"djuwirj6wdi136u","timestamp":1705253542346,"id":"s1vgjf4wfyg5rtf","previousEventId":"ey93s6hztv73kel","previousOperationId":"djuwirj6wdi136u"}
{"type":"operationStart","subtype":"recipe","name":"chrome-pdf","timestamp":1705253542346,"id":"8byakmr8cj4aykt","previousEventId":"s1vgjf4wfyg5rtf","operationId":"l9rnz0t9tw958pe","previousOperationId":"djuwirj6wdi136u"}
{"type":"log","timestamp":1705253542346,"level":"debug","message":"Executing recipe chrome-pdf","meta":{"rootId":"y1jtharfvw88aqp","id":"y1jtharfvw88aqp"},"id":"36iwj0meqzpka2q","previousOperationId":"l9rnz0t9tw958pe"}
{"type":"log","timestamp":1705253543261,"level":"debug","message":"Converting with chrome HeadlessChrome/117.0.5938.149 using chrome-pool strategy","meta":{"rootId":"y1jtharfvw88aqp","id":"y1jtharfvw88aqp"},"id":"jwq9ilw740ra728","previousOperationId":"l9rnz0t9tw958pe"}
{"type":"log","timestamp":1705253543497,"level":"debug","message":"Page request: GET (document) file:///C:/Users/arida/AppData/Local/Temp/jsreport/autocleanup/b7dbbed7-1bc6-4e85-a928-e6027c027629-chrome-pdf.html","meta":{"rootId":"y1jtharfvw88aqp","id":"y1jtharfvw88aqp"},"id":"a59r8y7w4l9vje2","previousOperationId":"l9rnz0t9tw958pe"}
{"type":"log","timestamp":1705253543511,"level":"debug","message":"Page request finished: GET (document) 200 file:///C:/Users/arida/AppData/Local/Temp/jsreport/autocleanup/b7dbbed7-1bc6-4e85-a928-e6027c027629-chrome-pdf.html","meta":{"rootId":"y1jtharfvw88aqp","id":"y1jtharfvw88aqp"},"id":"thti8athxrjd5q5","previousOperationId":"l9rnz0t9tw958pe"}
{"type":"log","timestamp":1705253543512,"level":"debug","message":"Page request: GET (stylesheet) https://cdnjs.cloudflare.com/ajax/libs/metro/4.1.5/css/metro.min.css","meta":{"rootId":"y1jtharfvw88aqp","id":"y1jtharfvw88aqp"},"id":"wda6ajuqm9prpdq","previousOperationId":"l9rnz0t9tw958pe"}
{"type":"log","timestamp":1705253543512,"level":"debug","message":"Page request: GET (script) https://cdnjs.cloudflare.com/ajax/libs/Chart.js/2.7.2/Chart.min.js","meta":{"rootId":"y1jtharfvw88aqp","id":"y1jtharfvw88aqp"},"id":"uy4w33ju9uzlotc","previousOperationId":"l9rnz0t9tw958pe"}
{"type":"log","timestamp":1705253546092,"level":"debug","message":"Page request finished: GET (stylesheet) 200 https://cdnjs.cloudflare.com/ajax/libs/metro/4.1.5/css/metro.min.css","meta":{"rootId":"y1jtharfvw88aqp","id":"y1jtharfvw88aqp"},"id":"tkukr9ofgsc4ncp","previousOperationId":"l9rnz0t9tw958pe"}
{"type":"log","timestamp":1705253546118,"level":"debug","message":"Page request finished: GET (script) 200 https://cdnjs.cloudflare.com/ajax/libs/Chart.js/2.7.2/Chart.min.js","meta":{"rootId":"y1jtharfvw88aqp","id":"y1jtharfvw88aqp"},"id":"jlhlpliuru7ssls","previousOperationId":"l9rnz0t9tw958pe"}
{"type":"log","timestamp":1705253546144,"level":"debug","message":"Running chrome with params {\"printBackground\":true,\"marginTop\":\"4cm\",\"marginRight\":\"1.5cm\",\"marginBottom\":\"1.5cm\",\"marginLeft\":\"1.5cm\",\"waitForJS\":false,\"timeout\":58462,\"margin\":{\"top\":\"4cm\",\"right\":\"1.5cm\",\"bottom\":\"1.5cm\",\"left\":\"1.5cm\"}}","meta":{"rootId":"y1jtharfvw88aqp","id":"y1jtharfvw88aqp"},"id":"e805zy87ymj37o8","previousOperationId":"l9rnz0t9tw958pe"}
{"type":"operationEnd","operationId":"l9rnz0t9tw958pe","timestamp":1705253546173,"id":"bh78czzmpy9twyq","previousEventId":"8byakmr8cj4aykt","previousOperationId":"l9rnz0t9tw958pe"}
{"type":"log","timestamp":1705253546174,"level":"info","message":"pdf-utils is starting pdf processing","meta":{"rootId":"y1jtharfvw88aqp","id":"y1jtharfvw88aqp"},"id":"uqups8mab4cm765","previousOperationId":"l9rnz0t9tw958pe"}
{"type":"operationStart","subtype":"pdfUtils","name":"pdf utils","timestamp":1705253546403,"id":"brjpq4hzob2qysd","previousEventId":"bh78czzmpy9twyq","operationId":"ws28xoie42a5de9","previousOperationId":"l9rnz0t9tw958pe"}
{"type":"log","timestamp":1705253546403,"level":"debug","message":"pdf-utils detected 1 pdf operation(s) to process","meta":{"rootId":"y1jtharfvw88aqp","id":"y1jtharfvw88aqp"},"id":"32t193ftt6jaka7","previousOperationId":"ws28xoie42a5de9"}
{"type":"log","timestamp":1705253546606,"level":"debug","message":"pdf-utils running pdf operation merge","meta":{"rootId":"y1jtharfvw88aqp","id":"y1jtharfvw88aqp"},"id":"z9z7qwmun76qhpk","previousOperationId":"ws28xoie42a5de9"}
{"type":"operationStart","subtype":"pdfUtilsMerge","name":"pdf utils merge","previousOperationId":"ws28xoie42a5de9","timestamp":1705253546606,"id":"v68opvh4bn5cqqa","previousEventId":"brjpq4hzob2qysd","operationId":"mwkp3x9jnr403p3"}
{"type":"operationStart","subtype":"render","name":"orders-header","previousOperationId":"mwkp3x9jnr403p3","timestamp":1705253546608,"id":"nbicduyaigbwgit","previousEventId":"v68opvh4bn5cqqa","operationId":"eqyj2ooeafm8avg"}
{"type":"log","timestamp":1705253546608,"level":"info","message":"Starting rendering (child) request","meta":{"rootId":"y1jtharfvw88aqp","id":"w7u9eh2pzlqzyqo"},"id":"3h8sycr7vb0fxt7","previousOperationId":"eqyj2ooeafm8avg"}
{"type":"log","timestamp":1705253546608,"level":"info","message":"Rendering template { name: orders-header, recipe: chrome-pdf, engine: handlebars, preview: true }","meta":{"rootId":"y1jtharfvw88aqp","id":"w7u9eh2pzlqzyqo"},"id":"wm0pwaocg647otw","previousOperationId":"eqyj2ooeafm8avg"}
{"type":"log","timestamp":1705253546623,"level":"debug","message":"Inline data specified.","meta":{"rootId":"y1jtharfvw88aqp","id":"w7u9eh2pzlqzyqo"},"id":"yf9axcj1m6bqozj","previousOperationId":"eqyj2ooeafm8avg"}
{"type":"log","timestamp":1705253546628,"level":"debug","message":"Base url not specified, skipping its injection.","meta":{"rootId":"y1jtharfvw88aqp","id":"w7u9eh2pzlqzyqo"},"id":"v9fvevjzkokp7hp","previousOperationId":"eqyj2ooeafm8avg"}
{"type":"operationStart","subtype":"engine","name":"handlebars","timestamp":1705253546628,"id":"lidtupxcvqmrl7g","previousEventId":"nbicduyaigbwgit","operationId":"a9j3gfgn7womwdk","previousOperationId":"eqyj2ooeafm8avg"}
{"type":"log","timestamp":1705253546628,"level":"debug","message":"Rendering engine handlebars","meta":{"rootId":"y1jtharfvw88aqp","id":"w7u9eh2pzlqzyqo"},"id":"dw4h7uftxr0d8l3","previousOperationId":"a9j3gfgn7womwdk"}
{"type":"operationEnd","operationId":"a9j3gfgn7womwdk","timestamp":1705253546698,"id":"k6wgw86psr4qnhx","previousEventId":"lidtupxcvqmrl7g","previousOperationId":"a9j3gfgn7womwdk"}
{"type":"operationStart","subtype":"recipe","name":"chrome-pdf","timestamp":1705253546698,"id":"eyo1eplrg8f5l2q","previousEventId":"k6wgw86psr4qnhx","operationId":"3ipo0aqs5du6a4l","previousOperationId":"a9j3gfgn7womwdk"}
{"type":"log","timestamp":1705253546698,"level":"debug","message":"Executing recipe chrome-pdf","meta":{"rootId":"y1jtharfvw88aqp","id":"w7u9eh2pzlqzyqo"},"id":"tw4zgyerwz0nrwm","previousOperationId":"3ipo0aqs5du6a4l"}
{"type":"log","timestamp":1705253546702,"level":"debug","message":"Converting with chrome HeadlessChrome/117.0.5938.149 using chrome-pool strategy","meta":{"rootId":"y1jtharfvw88aqp","id":"w7u9eh2pzlqzyqo"},"id":"h1weeb3z7don6et","previousOperationId":"3ipo0aqs5du6a4l"}
{"type":"log","timestamp":1705253546816,"level":"debug","message":"Page request: GET (document) file:///C:/Users/arida/AppData/Local/Temp/jsreport/autocleanup/4208b573-9076-4086-8466-14fe43d7d559-chrome-pdf.html","meta":{"rootId":"y1jtharfvw88aqp","id":"w7u9eh2pzlqzyqo"},"id":"qsjwmmx5ifgqad5","previousOperationId":"3ipo0aqs5du6a4l"}
{"type":"log","timestamp":1705253546828,"level":"debug","message":"Page request: GET (stylesheet) https://cdnjs.cloudflare.com/ajax/libs/metro/4.1.5/css/metro.min.css","meta":{"rootId":"y1jtharfvw88aqp","id":"w7u9eh2pzlqzyqo"},"id":"xgvvwc6545d89ut","previousOperationId":"3ipo0aqs5du6a4l"}
{"type":"log","timestamp":1705253546828,"level":"debug","message":"Page request finished: GET (document) 200 file:///C:/Users/arida/AppData/Local/Temp/jsreport/autocleanup/4208b573-9076-4086-8466-14fe43d7d559-chrome-pdf.html","meta":{"rootId":"y1jtharfvw88aqp","id":"w7u9eh2pzlqzyqo"},"id":"71b7hjo7ubcc6s7","previousOperationId":"3ipo0aqs5du6a4l"}
{"type":"log","timestamp":1705253546846,"level":"debug","message":"Page request finished: GET (stylesheet) 200 https://cdnjs.cloudflare.com/ajax/libs/metro/4.1.5/css/metro.min.css","meta":{"rootId":"y1jtharfvw88aqp","id":"w7u9eh2pzlqzyqo"},"id":"s7gokqofg6kxr7p","previousOperationId":"3ipo0aqs5du6a4l"}
{"type":"log","timestamp":1705253546866,"level":"debug","message":"Running chrome with params {\"printBackground\":true,\"marginTop\":\"1.5cm\",\"marginRight\":\"1.5cm\",\"marginLeft\":\"1.cm\",\"timeout\":54783,\"margin\":{\"top\":\"1.5cm\",\"right\":\"1.5cm\",\"left\":\"1.cm\"}}","meta":{"rootId":"y1jtharfvw88aqp","id":"w7u9eh2pzlqzyqo"},"id":"5ccyn6q21f9r02n","previousOperationId":"3ipo0aqs5du6a4l"}
{"type":"operationEnd","operationId":"3ipo0aqs5du6a4l","timestamp":1705253546897,"id":"0ugrgdeihtx7sgr","previousEventId":"eyo1eplrg8f5l2q","previousOperationId":"3ipo0aqs5du6a4l"}
{"type":"log","timestamp":1705253546899,"level":"debug","message":"Skipping storing report.","meta":{"rootId":"y1jtharfvw88aqp","id":"w7u9eh2pzlqzyqo"},"id":"lysnd5z93ksn9fb","previousOperationId":"3ipo0aqs5du6a4l"}
{"type":"log","timestamp":1705253546899,"level":"info","message":"Rendering (child) request finished in 5416 ms","meta":{"rootId":"y1jtharfvw88aqp","id":"w7u9eh2pzlqzyqo"},"id":"i34svpdtpkjatrb","previousOperationId":"3ipo0aqs5du6a4l"}
{"type":"operationEnd","subtype":"render","operationId":"eqyj2ooeafm8avg","timestamp":1705253546899,"id":"f2kx91xzflcfvtk","previousEventId":"0ugrgdeihtx7sgr","previousOperationId":"3ipo0aqs5du6a4l"}
{"type":"operationEnd","operationId":"mwkp3x9jnr403p3","timestamp":1705253546918,"id":"cdoia8e6wgm21nj","previousEventId":"v68opvh4bn5cqqa","previousOperationId":"mwkp3x9jnr403p3"}
{"type":"log","timestamp":1705253546918,"level":"debug","message":"pdf-utils postproces start","meta":{"rootId":"y1jtharfvw88aqp","id":"y1jtharfvw88aqp"},"id":"xp5ub766nehfx17","previousOperationId":"mwkp3x9jnr403p3"}
{"type":"log","timestamp":1705253546925,"level":"debug","message":"pdf-utils postproces end","meta":{"rootId":"y1jtharfvw88aqp","id":"y1jtharfvw88aqp"},"id":"ym9lg171gsj7p56","previousOperationId":"mwkp3x9jnr403p3"}
{"type":"operationEnd","operationId":"ws28xoie42a5de9","timestamp":1705253546925,"id":"8wo4nulqqx4n6wb","previousEventId":"cdoia8e6wgm21nj","previousOperationId":"mwkp3x9jnr403p3"}
{"type":"log","timestamp":1705253546925,"level":"info","message":"pdf-utils pdf processing was finished","meta":{"rootId":"y1jtharfvw88aqp","id":"y1jtharfvw88aqp"},"id":"rgoxwd1f0ep0ygq","previousOperationId":"ws28xoie42a5de9"}
{"type":"log","timestamp":1705253546926,"level":"debug","message":"Skipping storing report.","meta":{"rootId":"y1jtharfvw88aqp","id":"y1jtharfvw88aqp"},"id":"4etmeuxd2bgt6yw","previousOperationId":"ws28xoie42a5de9"}
{"type":"log","timestamp":1705253546926,"level":"info","message":"Rendering request 1 finished in 5443 ms","meta":{"rootId":"y1jtharfvw88aqp","id":"y1jtharfvw88aqp"},"id":"ulfjaejn8yi5yvz","previousOperationId":"ws28xoie42a5de9"}
{"type":"operationEnd","subtype":"render","operationId":"6brizzoxp9gxe3i","timestamp":1705253546926,"id":"zebwpcg6v3vbjep","previousEventId":"8wo4nulqqx4n6wb","previousOperationId":"ws28xoie42a5de9"}
{"type":"operationEnd","doDiffs":false,"previousEventId":"vfs44xmv9bcsrwb","previousOperationId":"zmnvjarm8gh09rv","operationId":"zmnvjarm8gh09rv","timestamp":1705253546944,"id":"3mr366pke0r7q6z"}
