{"type":"operationStart","subtype":"profile","data":{"_id":"LPsYA0JXJiPbxdM3","timestamp":"2024-01-14T19:14:51.208Z","state":"queued","mode":"standard","creationDate":"2024-01-14T19:14:51.212Z","modificationDate":"2024-01-14T19:14:51.212Z","shortid":"56iZy_Y","$entitySet":"profiles"},"doDiffs":false,"timestamp":1705259691210,"id":"k5zfd9ytjhcfg75","previousOperationId":null,"operationId":"mp9c6m3ov62rfxo"}
{"type":"log","level":"info","message":"Render request 11 queued for execution and waiting for available worker","previousOperationId":"mp9c6m3ov62rfxo","timestamp":1705259691210,"id":"r31ko675024kyqq"}
{"type":"operationStart","subtype":"render","name":"orders-main","previousOperationId":"mp9c6m3ov62rfxo","timestamp":1705259691217,"id":"od9rcwhddr861of","previousEventId":"k5zfd9ytjhcfg75","operationId":"acmd22zoutwgwcv"}
{"type":"log","timestamp":1705259691218,"level":"info","message":"Starting rendering request 11","meta":{"rootId":"yhhm3ljd5j8v788","id":"yhhm3ljd5j8v788"},"id":"5f05q9v9qijrq5n","previousOperationId":"acmd22zoutwgwcv"}
{"type":"log","timestamp":1705259691218,"level":"info","message":"Rendering template { name: orders-main, recipe: chrome-pdf, engine: handlebars, preview: false }","meta":{"rootId":"yhhm3ljd5j8v788","id":"yhhm3ljd5j8v788"},"id":"vtkgfysro0bdge4","previousOperationId":"acmd22zoutwgwcv"}
{"type":"log","timestamp":1705259691220,"level":"debug","message":"Data item not defined for this template.","meta":{"rootId":"yhhm3ljd5j8v788","id":"yhhm3ljd5j8v788"},"id":"9trny8st2zkuca6","previousOperationId":"acmd22zoutwgwcv"}
{"type":"log","timestamp":1705259691224,"level":"debug","message":"Executing script orders-script (beforeRender)","meta":{"rootId":"yhhm3ljd5j8v788","id":"yhhm3ljd5j8v788"},"id":"dez5eguk6rzca4c","previousOperationId":"acmd22zoutwgwcv"}
{"type":"operationStart","subtype":"scriptsBeforeRender","name":"scripts beforeRender","timestamp":1705259691235,"id":"kn96hq9s2y5rqrh","previousEventId":"od9rcwhddr861of","operationId":"fghwkz3yuiz9aue","previousOperationId":"acmd22zoutwgwcv"}
{"type":"operationStart","subtype":"script","name":"scripts orders-script","previousOperationId":"fghwkz3yuiz9aue","timestamp":1705259691235,"id":"99djnmtkx76tccq","previousEventId":"kn96hq9s2y5rqrh","operationId":"flxetyhuc4lqp3s"}
{"type":"operationEnd","operationId":"flxetyhuc4lqp3s","timestamp":1705259691250,"id":"xkwstpspbcoipwc","previousEventId":"od9rcwhddr861of","previousOperationId":"acmd22zoutwgwcv"}
{"type":"operationEnd","operationId":"fghwkz3yuiz9aue","timestamp":1705259691250,"id":"1d759yymw9fntlt","previousEventId":"xkwstpspbcoipwc","previousOperationId":"acmd22zoutwgwcv"}
{"type":"log","timestamp":1705259691250,"level":"debug","message":"Base url not specified, skipping its injection.","meta":{"rootId":"yhhm3ljd5j8v788","id":"yhhm3ljd5j8v788"},"id":"e00y2o5jwg0iyqr","previousOperationId":"fghwkz3yuiz9aue"}
{"type":"operationStart","subtype":"engine","name":"handlebars","timestamp":1705259691250,"id":"ovqzbhqhd532o7h","previousEventId":"1d759yymw9fntlt","operationId":"yqjwjq8n960j0fe","previousOperationId":"fghwkz3yuiz9aue"}
{"type":"log","timestamp":1705259691250,"level":"debug","message":"Rendering engine handlebars","meta":{"rootId":"yhhm3ljd5j8v788","id":"yhhm3ljd5j8v788"},"id":"bdtkhpd60ihtwh1","previousOperationId":"yqjwjq8n960j0fe"}
{"type":"operationEnd","operationId":"yqjwjq8n960j0fe","timestamp":1705259691259,"id":"kead3o4opme4jh4","previousEventId":"ovqzbhqhd532o7h","previousOperationId":"yqjwjq8n960j0fe"}
{"type":"operationStart","subtype":"recipe","name":"chrome-pdf","timestamp":1705259691260,"id":"k3izqz63li59eb9","previousEventId":"kead3o4opme4jh4","operationId":"wijdsk69qomjh9a","previousOperationId":"yqjwjq8n960j0fe"}
{"type":"log","timestamp":1705259691260,"level":"debug","message":"Executing recipe chrome-pdf","meta":{"rootId":"yhhm3ljd5j8v788","id":"yhhm3ljd5j8v788"},"id":"hlhej0glo7jbax1","previousOperationId":"wijdsk69qomjh9a"}
{"type":"log","timestamp":1705259691262,"level":"debug","message":"Converting with chrome HeadlessChrome/117.0.5938.149 using chrome-pool strategy","meta":{"rootId":"yhhm3ljd5j8v788","id":"yhhm3ljd5j8v788"},"id":"cn2q511tysj9bhc","previousOperationId":"wijdsk69qomjh9a"}
{"type":"log","timestamp":1705259692078,"level":"debug","message":"Page request: GET (document) file:///C:/Users/arida/AppData/Local/Temp/jsreport/autocleanup/ea1e6fe0-ee4d-4fce-9c02-9310857084a9-chrome-pdf.html","meta":{"rootId":"yhhm3ljd5j8v788","id":"yhhm3ljd5j8v788"},"id":"tgubadakg7c2x0h","previousOperationId":"wijdsk69qomjh9a"}
{"type":"log","timestamp":1705259692101,"level":"debug","message":"Page request: GET (stylesheet) https://cdnjs.cloudflare.com/ajax/libs/metro/4.1.5/css/metro.min.css","meta":{"rootId":"yhhm3ljd5j8v788","id":"yhhm3ljd5j8v788"},"id":"crlg6cga3n5xpzx","previousOperationId":"wijdsk69qomjh9a"}
{"type":"log","timestamp":1705259692101,"level":"debug","message":"Page request: GET (script) https://cdnjs.cloudflare.com/ajax/libs/Chart.js/2.7.2/Chart.min.js","meta":{"rootId":"yhhm3ljd5j8v788","id":"yhhm3ljd5j8v788"},"id":"h5jej5ez2vjnggo","previousOperationId":"wijdsk69qomjh9a"}
{"type":"log","timestamp":1705259692102,"level":"debug","message":"Page request finished: GET (document) 200 file:///C:/Users/arida/AppData/Local/Temp/jsreport/autocleanup/ea1e6fe0-ee4d-4fce-9c02-9310857084a9-chrome-pdf.html","meta":{"rootId":"yhhm3ljd5j8v788","id":"yhhm3ljd5j8v788"},"id":"vu0b8v021pfoh7o","previousOperationId":"wijdsk69qomjh9a"}
{"type":"log","timestamp":1705259692143,"level":"debug","message":"Page request finished: GET (stylesheet) 200 https://cdnjs.cloudflare.com/ajax/libs/metro/4.1.5/css/metro.min.css","meta":{"rootId":"yhhm3ljd5j8v788","id":"yhhm3ljd5j8v788"},"id":"y4a8i847vi6ppzb","previousOperationId":"wijdsk69qomjh9a"}
{"type":"log","timestamp":1705259692144,"level":"debug","message":"Page request finished: GET (script) 200 https://cdnjs.cloudflare.com/ajax/libs/Chart.js/2.7.2/Chart.min.js","meta":{"rootId":"yhhm3ljd5j8v788","id":"yhhm3ljd5j8v788"},"id":"a58kik3c2uxchjl","previousOperationId":"wijdsk69qomjh9a"}
{"type":"log","timestamp":1705259692187,"level":"debug","message":"Running chrome with params {\"printBackground\":true,\"marginTop\":\"4cm\",\"marginRight\":\"1.5cm\",\"marginBottom\":\"1.5cm\",\"marginLeft\":\"1.5cm\",\"waitForJS\":false,\"timeout\":59947,\"margin\":{\"top\":\"4cm\",\"right\":\"1.5cm\",\"bottom\":\"1.5cm\",\"left\":\"1.5cm\"}}","meta":{"rootId":"yhhm3ljd5j8v788","id":"yhhm3ljd5j8v788"},"id":"hs8h4sraurqrxrc","previousOperationId":"wijdsk69qomjh9a"}
{"type":"operationEnd","operationId":"wijdsk69qomjh9a","timestamp":1705259692235,"id":"l973v9fb881llyz","previousEventId":"k3izqz63li59eb9","previousOperationId":"wijdsk69qomjh9a"}
{"type":"log","timestamp":1705259692235,"level":"info","message":"pdf-utils is starting pdf processing","meta":{"rootId":"yhhm3ljd5j8v788","id":"yhhm3ljd5j8v788"},"id":"1ykohrwbl5wb2r8","previousOperationId":"wijdsk69qomjh9a"}
{"type":"operationStart","subtype":"pdfUtils","name":"pdf utils","timestamp":1705259692235,"id":"gvmhcfq2otyd44f","previousEventId":"l973v9fb881llyz","operationId":"ta3w0f8fcelhyn8","previousOperationId":"wijdsk69qomjh9a"}
{"type":"log","timestamp":1705259692235,"level":"debug","message":"pdf-utils detected 1 pdf operation(s) to process","meta":{"rootId":"yhhm3ljd5j8v788","id":"yhhm3ljd5j8v788"},"id":"fedtbh4gjkfuqw2","previousOperationId":"ta3w0f8fcelhyn8"}
{"type":"log","timestamp":1705259692248,"level":"debug","message":"pdf-utils running pdf operation merge","meta":{"rootId":"yhhm3ljd5j8v788","id":"yhhm3ljd5j8v788"},"id":"8ib0pabj73m2lz0","previousOperationId":"ta3w0f8fcelhyn8"}
{"type":"operationStart","subtype":"pdfUtilsMerge","name":"pdf utils merge","previousOperationId":"ta3w0f8fcelhyn8","timestamp":1705259692249,"id":"whf2t0t8wnztxst","previousEventId":"gvmhcfq2otyd44f","operationId":"4vdcgfe3aeifazf"}
{"type":"operationStart","subtype":"render","name":"orders-header","previousOperationId":"4vdcgfe3aeifazf","timestamp":1705259692249,"id":"cn8ajfzv5k1w10g","previousEventId":"whf2t0t8wnztxst","operationId":"0j25pblk7s23cih"}
{"type":"log","timestamp":1705259692249,"level":"info","message":"Starting rendering (child) request","meta":{"rootId":"yhhm3ljd5j8v788","id":"n6di47l791bbr1f"},"id":"i2bnu5e4ox23i8q","previousOperationId":"0j25pblk7s23cih"}
{"type":"log","timestamp":1705259692249,"level":"info","message":"Rendering template { name: orders-header, recipe: chrome-pdf, engine: handlebars, preview: false }","meta":{"rootId":"yhhm3ljd5j8v788","id":"n6di47l791bbr1f"},"id":"z4zritbp854sif4","previousOperationId":"0j25pblk7s23cih"}
{"type":"log","timestamp":1705259692250,"level":"debug","message":"Inline data specified.","meta":{"rootId":"yhhm3ljd5j8v788","id":"n6di47l791bbr1f"},"id":"5nsa0sqpwdtevpx","previousOperationId":"0j25pblk7s23cih"}
{"type":"log","timestamp":1705259692253,"level":"debug","message":"Base url not specified, skipping its injection.","meta":{"rootId":"yhhm3ljd5j8v788","id":"n6di47l791bbr1f"},"id":"6kfhv26i2jgyc9n","previousOperationId":"0j25pblk7s23cih"}
{"type":"operationStart","subtype":"engine","name":"handlebars","timestamp":1705259692253,"id":"aesm8gnkz036a34","previousEventId":"cn8ajfzv5k1w10g","operationId":"fz3deoozgp6n3i3","previousOperationId":"0j25pblk7s23cih"}
{"type":"log","timestamp":1705259692253,"level":"debug","message":"Rendering engine handlebars","meta":{"rootId":"yhhm3ljd5j8v788","id":"n6di47l791bbr1f"},"id":"3jw3b440m2cbwm6","previousOperationId":"fz3deoozgp6n3i3"}
{"type":"operationEnd","operationId":"fz3deoozgp6n3i3","timestamp":1705259692266,"id":"e6mbypa0je8o5wu","previousEventId":"aesm8gnkz036a34","previousOperationId":"fz3deoozgp6n3i3"}
{"type":"operationStart","subtype":"recipe","name":"chrome-pdf","timestamp":1705259692266,"id":"jzu62hktob8fvmt","previousEventId":"e6mbypa0je8o5wu","operationId":"wtrcoi2257hwn1l","previousOperationId":"fz3deoozgp6n3i3"}
{"type":"log","timestamp":1705259692266,"level":"debug","message":"Executing recipe chrome-pdf","meta":{"rootId":"yhhm3ljd5j8v788","id":"n6di47l791bbr1f"},"id":"mpoqqq4q08rpgwo","previousOperationId":"wtrcoi2257hwn1l"}
{"type":"log","timestamp":1705259692269,"level":"debug","message":"Converting with chrome HeadlessChrome/117.0.5938.149 using chrome-pool strategy","meta":{"rootId":"yhhm3ljd5j8v788","id":"n6di47l791bbr1f"},"id":"0v4zjijo1q3snjb","previousOperationId":"wtrcoi2257hwn1l"}
{"type":"log","timestamp":1705259692385,"level":"debug","message":"Page request: GET (document) file:///C:/Users/arida/AppData/Local/Temp/jsreport/autocleanup/8f1131d2-2ff7-4533-b159-561197e4c91c-chrome-pdf.html","meta":{"rootId":"yhhm3ljd5j8v788","id":"n6di47l791bbr1f"},"id":"9i8ra952oadwzxa","previousOperationId":"wtrcoi2257hwn1l"}
{"type":"log","timestamp":1705259692404,"level":"debug","message":"Page request: GET (stylesheet) https://cdnjs.cloudflare.com/ajax/libs/metro/4.1.5/css/metro.min.css","meta":{"rootId":"yhhm3ljd5j8v788","id":"n6di47l791bbr1f"},"id":"h1449q5pce74zan","previousOperationId":"wtrcoi2257hwn1l"}
{"type":"log","timestamp":1705259692405,"level":"debug","message":"Page request finished: GET (document) 200 file:///C:/Users/arida/AppData/Local/Temp/jsreport/autocleanup/8f1131d2-2ff7-4533-b159-561197e4c91c-chrome-pdf.html","meta":{"rootId":"yhhm3ljd5j8v788","id":"n6di47l791bbr1f"},"id":"uxh7y5dh0gbymt9","previousOperationId":"wtrcoi2257hwn1l"}
{"type":"log","timestamp":1705259692426,"level":"debug","message":"Page request finished: GET (stylesheet) 200 https://cdnjs.cloudflare.com/ajax/libs/metro/4.1.5/css/metro.min.css","meta":{"rootId":"yhhm3ljd5j8v788","id":"n6di47l791bbr1f"},"id":"2a6xlhkdmrais7n","previousOperationId":"wtrcoi2257hwn1l"}
{"type":"log","timestamp":1705259692448,"level":"debug","message":"Running chrome with params {\"printBackground\":true,\"marginTop\":\"1.5cm\",\"marginRight\":\"1.5cm\",\"marginLeft\":\"1.cm\",\"timeout\":58940,\"margin\":{\"top\":\"1.5cm\",\"right\":\"1.5cm\",\"left\":\"1.cm\"}}","meta":{"rootId":"yhhm3ljd5j8v788","id":"n6di47l791bbr1f"},"id":"c36dxum0hd5pfxi","previousOperationId":"wtrcoi2257hwn1l"}
{"type":"operationEnd","operationId":"wtrcoi2257hwn1l","timestamp":1705259692483,"id":"j1ytuc5vwzqrxd4","previousEventId":"jzu62hktob8fvmt","previousOperationId":"wtrcoi2257hwn1l"}
{"type":"log","timestamp":1705259692483,"level":"debug","message":"Skipping storing report.","meta":{"rootId":"yhhm3ljd5j8v788","id":"n6di47l791bbr1f"},"id":"k306ui6uf8r6650","previousOperationId":"wtrcoi2257hwn1l"}
{"type":"log","timestamp":1705259692483,"level":"info","message":"Rendering (child) request finished in 1275 ms","meta":{"rootId":"yhhm3ljd5j8v788","id":"n6di47l791bbr1f"},"id":"v0miy54uo6ye6ud","previousOperationId":"wtrcoi2257hwn1l"}
{"type":"operationEnd","subtype":"render","operationId":"0j25pblk7s23cih","timestamp":1705259692483,"id":"e5fc9qh532totmi","previousEventId":"j1ytuc5vwzqrxd4","previousOperationId":"wtrcoi2257hwn1l"}
{"type":"operationEnd","operationId":"4vdcgfe3aeifazf","timestamp":1705259692490,"id":"7bek9g7tqfojqbr","previousEventId":"whf2t0t8wnztxst","previousOperationId":"4vdcgfe3aeifazf"}
{"type":"log","timestamp":1705259692490,"level":"debug","message":"pdf-utils postproces start","meta":{"rootId":"yhhm3ljd5j8v788","id":"yhhm3ljd5j8v788"},"id":"pnctfz4tsx4j7id","previousOperationId":"4vdcgfe3aeifazf"}
{"type":"log","timestamp":1705259692497,"level":"debug","message":"pdf-utils postproces end","meta":{"rootId":"yhhm3ljd5j8v788","id":"yhhm3ljd5j8v788"},"id":"fze5em2q41q380w","previousOperationId":"4vdcgfe3aeifazf"}
{"type":"operationEnd","operationId":"ta3w0f8fcelhyn8","timestamp":1705259692497,"id":"puqocpoe610yjqu","previousEventId":"7bek9g7tqfojqbr","previousOperationId":"4vdcgfe3aeifazf"}
{"type":"log","timestamp":1705259692497,"level":"info","message":"pdf-utils pdf processing was finished","meta":{"rootId":"yhhm3ljd5j8v788","id":"yhhm3ljd5j8v788"},"id":"p4f1ezvjkw3guxv","previousOperationId":"ta3w0f8fcelhyn8"}
{"type":"log","timestamp":1705259692497,"level":"debug","message":"Skipping storing report.","meta":{"rootId":"yhhm3ljd5j8v788","id":"yhhm3ljd5j8v788"},"id":"2g1j3e4eeyabft2","previousOperationId":"ta3w0f8fcelhyn8"}
{"type":"log","timestamp":1705259692497,"level":"info","message":"Rendering request 11 finished in 1289 ms","meta":{"rootId":"yhhm3ljd5j8v788","id":"yhhm3ljd5j8v788"},"id":"imihef18j64rqym","previousOperationId":"ta3w0f8fcelhyn8"}
{"type":"operationEnd","subtype":"render","operationId":"acmd22zoutwgwcv","timestamp":1705259692497,"id":"8jes77c73fmskze","previousEventId":"puqocpoe610yjqu","previousOperationId":"ta3w0f8fcelhyn8"}
{"type":"operationEnd","doDiffs":false,"previousEventId":"k5zfd9ytjhcfg75","previousOperationId":"mp9c6m3ov62rfxo","operationId":"mp9c6m3ov62rfxo","timestamp":1705259692503,"id":"dgzcf84dnyr4s5e"}
