{"type":"operationStart","subtype":"profile","data":{"_id":"tnKIVRMNCSnYHIiu","timestamp":"2024-01-13T19:20:01.592Z","state":"queued","mode":"standard","creationDate":"2024-01-13T19:20:01.597Z","modificationDate":"2024-01-13T19:20:01.597Z","shortid":"LgMEHJM","$entitySet":"profiles"},"doDiffs":false,"timestamp":1705173601594,"id":"s5rt1jtr8qv2qjo","previousOperationId":null,"operationId":"s32nelcvt6vahtj"}
{"type":"log","level":"info","message":"Render request 5 queued for execution and waiting for available worker","previousOperationId":"s32nelcvt6vahtj","timestamp":1705173601594,"id":"dwctnsy06pvk8yb"}
{"type":"operationStart","subtype":"render","name":"orders-main","previousOperationId":"s32nelcvt6vahtj","timestamp":1705173601622,"id":"xja8xuk8je6t8jn","previousEventId":"s5rt1jtr8qv2qjo","operationId":"cky792j83eohe7b"}
{"type":"log","timestamp":1705173601626,"level":"info","message":"Starting rendering request 5","meta":{"rootId":"ykqbhfl297mdfj0","id":"ykqbhfl297mdfj0"},"id":"vcgdawa39bqit3e","previousOperationId":"cky792j83eohe7b"}
{"type":"log","timestamp":1705173601628,"level":"info","message":"Rendering template { name: orders-main, recipe: chrome-pdf, engine: handlebars, preview: true }","meta":{"rootId":"ykqbhfl297mdfj0","id":"ykqbhfl297mdfj0"},"id":"oemwchvjxj3btw6","previousOperationId":"cky792j83eohe7b"}
{"type":"log","timestamp":1705173601637,"level":"debug","message":"Data item not defined for this template.","meta":{"rootId":"ykqbhfl297mdfj0","id":"ykqbhfl297mdfj0"},"id":"ynxuym5gzos0y8w","previousOperationId":"cky792j83eohe7b"}
{"type":"log","timestamp":1705173601644,"level":"debug","message":"Executing script orders-script (beforeRender)","meta":{"rootId":"ykqbhfl297mdfj0","id":"ykqbhfl297mdfj0"},"id":"a6k0l7adi3y37k6","previousOperationId":"cky792j83eohe7b"}
{"type":"operationStart","subtype":"scriptsBeforeRender","name":"scripts beforeRender","timestamp":1705173602075,"id":"8sn16gky6y05p7g","previousEventId":"xja8xuk8je6t8jn","operationId":"wwav50yvg39ysv2","previousOperationId":"cky792j83eohe7b"}
{"type":"operationStart","subtype":"script","name":"scripts orders-script","previousOperationId":"wwav50yvg39ysv2","timestamp":1705173602075,"id":"lr0491n71du1hdq","previousEventId":"8sn16gky6y05p7g","operationId":"jui8uateds7zavt"}
{"type":"log","timestamp":1705173602077,"level":"debug","message":"(console:log) { profilerMode: 'standard' }","meta":{"userLevel":true,"rootId":"ykqbhfl297mdfj0","id":"ykqbhfl297mdfj0"},"id":"txv8j4kr3yls8lq","previousOperationId":"jui8uateds7zavt"}
{"type":"operationEnd","operationId":"jui8uateds7zavt","timestamp":1705173604172,"id":"l8doisiargwt8wx","previousEventId":"xja8xuk8je6t8jn","previousOperationId":"cky792j83eohe7b"}
{"type":"operationEnd","operationId":"wwav50yvg39ysv2","timestamp":1705173604172,"id":"pkyp1qdcka290zz","previousEventId":"l8doisiargwt8wx","previousOperationId":"cky792j83eohe7b"}
{"type":"log","timestamp":1705173604173,"level":"debug","message":"Base url not specified, skipping its injection.","meta":{"rootId":"ykqbhfl297mdfj0","id":"ykqbhfl297mdfj0"},"id":"alvya648x57i52a","previousOperationId":"wwav50yvg39ysv2"}
{"type":"operationStart","subtype":"engine","name":"handlebars","timestamp":1705173604176,"id":"ck5lnxvv3orhis4","previousEventId":"pkyp1qdcka290zz","operationId":"hoflf3uh8fmqd01","previousOperationId":"wwav50yvg39ysv2"}
{"type":"log","timestamp":1705173604176,"level":"debug","message":"Rendering engine handlebars","meta":{"rootId":"ykqbhfl297mdfj0","id":"ykqbhfl297mdfj0"},"id":"z1cwzj6lqpjjdtd","previousOperationId":"hoflf3uh8fmqd01"}
{"type":"log","timestamp":1705173604718,"level":"debug","message":"(console:log) Pdf utils adding group field, value: \"France\"","meta":{"userLevel":true,"rootId":"ykqbhfl297mdfj0","id":"ykqbhfl297mdfj0"},"id":"q7mje7k2ne70ilq","previousOperationId":"hoflf3uh8fmqd01"}
{"type":"log","timestamp":1705173604719,"level":"debug","message":"(console:log) Pdf utils adding group field, value: \"Germany\"","meta":{"userLevel":true,"rootId":"ykqbhfl297mdfj0","id":"ykqbhfl297mdfj0"},"id":"1ycf2fkw066qmw0","previousOperationId":"hoflf3uh8fmqd01"}
{"type":"operationEnd","operationId":"hoflf3uh8fmqd01","timestamp":1705173604719,"id":"m5z6xxfrdvcy34v","previousEventId":"ck5lnxvv3orhis4","previousOperationId":"hoflf3uh8fmqd01"}
{"type":"operationStart","subtype":"recipe","name":"chrome-pdf","timestamp":1705173604720,"id":"f88me41otsb70sg","previousEventId":"m5z6xxfrdvcy34v","operationId":"iqsw48ie1cogsl6","previousOperationId":"hoflf3uh8fmqd01"}
{"type":"log","timestamp":1705173604720,"level":"debug","message":"Executing recipe chrome-pdf","meta":{"rootId":"ykqbhfl297mdfj0","id":"ykqbhfl297mdfj0"},"id":"s66d96ajshcx35a","previousOperationId":"iqsw48ie1cogsl6"}
{"type":"log","timestamp":1705173606806,"level":"debug","message":"Converting with chrome HeadlessChrome/117.0.5938.149 using chrome-pool strategy","meta":{"rootId":"ykqbhfl297mdfj0","id":"ykqbhfl297mdfj0"},"id":"7vrsb54q7xemyt2","previousOperationId":"iqsw48ie1cogsl6"}
{"type":"log","timestamp":1705173608572,"level":"debug","message":"Page request: GET (document) file:///C:/Users/arida/AppData/Local/Temp/jsreport/autocleanup/12f8dd19-64bc-41d4-9ad4-151a7e19fda9-chrome-pdf.html","meta":{"rootId":"ykqbhfl297mdfj0","id":"ykqbhfl297mdfj0"},"id":"0x8rpgyyhdpjrv9","previousOperationId":"iqsw48ie1cogsl6"}
{"type":"log","timestamp":1705173608627,"level":"debug","message":"Page request: GET (stylesheet) https://cdnjs.cloudflare.com/ajax/libs/metro/4.1.5/css/metro.min.css","meta":{"rootId":"ykqbhfl297mdfj0","id":"ykqbhfl297mdfj0"},"id":"4406qzcbd59hf15","previousOperationId":"iqsw48ie1cogsl6"}
{"type":"log","timestamp":1705173608628,"level":"debug","message":"Page request: GET (script) https://cdnjs.cloudflare.com/ajax/libs/Chart.js/2.7.2/Chart.min.js","meta":{"rootId":"ykqbhfl297mdfj0","id":"ykqbhfl297mdfj0"},"id":"dwe8x9odcu3hxl2","previousOperationId":"iqsw48ie1cogsl6"}
{"type":"log","timestamp":1705173608629,"level":"debug","message":"Page request finished: GET (document) 200 file:///C:/Users/arida/AppData/Local/Temp/jsreport/autocleanup/12f8dd19-64bc-41d4-9ad4-151a7e19fda9-chrome-pdf.html","meta":{"rootId":"ykqbhfl297mdfj0","id":"ykqbhfl297mdfj0"},"id":"7dzx30ghkrvhyid","previousOperationId":"iqsw48ie1cogsl6"}
{"type":"log","timestamp":1705173611321,"level":"debug","message":"Page request finished: GET (stylesheet) 200 https://cdnjs.cloudflare.com/ajax/libs/metro/4.1.5/css/metro.min.css","meta":{"rootId":"ykqbhfl297mdfj0","id":"ykqbhfl297mdfj0"},"id":"gq6k5oe89juqrj1","previousOperationId":"iqsw48ie1cogsl6"}
{"type":"log","timestamp":1705173611336,"level":"debug","message":"Page request finished: GET (script) 200 https://cdnjs.cloudflare.com/ajax/libs/Chart.js/2.7.2/Chart.min.js","meta":{"rootId":"ykqbhfl297mdfj0","id":"ykqbhfl297mdfj0"},"id":"qpsn4yp44jrgvmk","previousOperationId":"iqsw48ie1cogsl6"}
{"type":"log","timestamp":1705173611611,"level":"debug","message":"Running chrome with params {\"printBackground\":true,\"marginTop\":\"4cm\",\"marginRight\":\"1.5cm\",\"marginBottom\":\"1.5cm\",\"marginLeft\":\"1.5cm\",\"waitForJS\":false,\"timeout\":55946,\"margin\":{\"top\":\"4cm\",\"right\":\"1.5cm\",\"bottom\":\"1.5cm\",\"left\":\"1.5cm\"}}","meta":{"rootId":"ykqbhfl297mdfj0","id":"ykqbhfl297mdfj0"},"id":"rst5x6vhu30fnde","previousOperationId":"iqsw48ie1cogsl6"}
{"type":"operationEnd","operationId":"iqsw48ie1cogsl6","timestamp":1705173611795,"id":"il9nc9muxsitbhs","previousEventId":"f88me41otsb70sg","previousOperationId":"iqsw48ie1cogsl6"}
{"type":"log","timestamp":1705173611796,"level":"info","message":"pdf-utils is starting pdf processing","meta":{"rootId":"ykqbhfl297mdfj0","id":"ykqbhfl297mdfj0"},"id":"rw22at8flmiabau","previousOperationId":"iqsw48ie1cogsl6"}
{"type":"operationStart","subtype":"pdfUtils","name":"pdf utils","timestamp":1705173612104,"id":"nc2foiru1pim7pg","previousEventId":"il9nc9muxsitbhs","operationId":"3qor3n5ls0xv2d5","previousOperationId":"iqsw48ie1cogsl6"}
{"type":"log","timestamp":1705173612104,"level":"debug","message":"pdf-utils detected 1 pdf operation(s) to process","meta":{"rootId":"ykqbhfl297mdfj0","id":"ykqbhfl297mdfj0"},"id":"330oy7ldc39591w","previousOperationId":"3qor3n5ls0xv2d5"}
{"type":"log","timestamp":1705173612379,"level":"debug","message":"pdf-utils running pdf operation merge","meta":{"rootId":"ykqbhfl297mdfj0","id":"ykqbhfl297mdfj0"},"id":"dpdy9tarlk469db","previousOperationId":"3qor3n5ls0xv2d5"}
{"type":"operationStart","subtype":"pdfUtilsMerge","name":"pdf utils merge","previousOperationId":"3qor3n5ls0xv2d5","timestamp":1705173612379,"id":"dc3li6eqnlex5gh","previousEventId":"nc2foiru1pim7pg","operationId":"0yymckitmuwniyf"}
{"type":"operationStart","subtype":"render","name":"orders-header","previousOperationId":"0yymckitmuwniyf","timestamp":1705173612385,"id":"mink313ixi4of8a","previousEventId":"dc3li6eqnlex5gh","operationId":"rb7lul38ynvpppx"}
{"type":"log","timestamp":1705173612385,"level":"info","message":"Starting rendering (child) request","meta":{"rootId":"ykqbhfl297mdfj0","id":"agapwvypk4x6z3x"},"id":"4x94dl64q8lh578","previousOperationId":"rb7lul38ynvpppx"}
{"type":"log","timestamp":1705173612385,"level":"info","message":"Rendering template { name: orders-header, recipe: chrome-pdf, engine: handlebars, preview: true }","meta":{"rootId":"ykqbhfl297mdfj0","id":"agapwvypk4x6z3x"},"id":"n2xl1rfhs22g8l0","previousOperationId":"rb7lul38ynvpppx"}
{"type":"log","timestamp":1705173612392,"level":"debug","message":"Inline data specified.","meta":{"rootId":"ykqbhfl297mdfj0","id":"agapwvypk4x6z3x"},"id":"oov6mbal3fukwy4","previousOperationId":"rb7lul38ynvpppx"}
{"type":"log","timestamp":1705173612396,"level":"debug","message":"Base url not specified, skipping its injection.","meta":{"rootId":"ykqbhfl297mdfj0","id":"agapwvypk4x6z3x"},"id":"nep7fdibhf9c281","previousOperationId":"rb7lul38ynvpppx"}
{"type":"operationStart","subtype":"engine","name":"handlebars","timestamp":1705173612397,"id":"zy8eelj1jyi5y3b","previousEventId":"mink313ixi4of8a","operationId":"x0tnol83gm1rcfs","previousOperationId":"rb7lul38ynvpppx"}
{"type":"log","timestamp":1705173612397,"level":"debug","message":"Rendering engine handlebars","meta":{"rootId":"ykqbhfl297mdfj0","id":"agapwvypk4x6z3x"},"id":"v9dsi2t4k1h8ljc","previousOperationId":"x0tnol83gm1rcfs"}
{"type":"operationEnd","operationId":"x0tnol83gm1rcfs","timestamp":1705173612435,"id":"7iapsuv1oie89og","previousEventId":"zy8eelj1jyi5y3b","previousOperationId":"x0tnol83gm1rcfs"}
{"type":"operationStart","subtype":"recipe","name":"chrome-pdf","timestamp":1705173612435,"id":"pq9kjcdq4ceqjoz","previousEventId":"7iapsuv1oie89og","operationId":"3kuxpdhu2etf4mr","previousOperationId":"x0tnol83gm1rcfs"}
{"type":"log","timestamp":1705173612435,"level":"debug","message":"Executing recipe chrome-pdf","meta":{"rootId":"ykqbhfl297mdfj0","id":"agapwvypk4x6z3x"},"id":"iv16bx71dy8iorn","previousOperationId":"3kuxpdhu2etf4mr"}
{"type":"log","timestamp":1705173612439,"level":"debug","message":"Converting with chrome HeadlessChrome/117.0.5938.149 using chrome-pool strategy","meta":{"rootId":"ykqbhfl297mdfj0","id":"agapwvypk4x6z3x"},"id":"yi5dzo0b5bo2bak","previousOperationId":"3kuxpdhu2etf4mr"}
{"type":"log","timestamp":1705173612562,"level":"debug","message":"Page request: GET (document) file:///C:/Users/arida/AppData/Local/Temp/jsreport/autocleanup/08ff2e0f-f33a-482a-b876-0ec8c1023998-chrome-pdf.html","meta":{"rootId":"ykqbhfl297mdfj0","id":"agapwvypk4x6z3x"},"id":"m9fte8w56eujlb3","previousOperationId":"3kuxpdhu2etf4mr"}
{"type":"log","timestamp":1705173612584,"level":"debug","message":"Page request: GET (stylesheet) https://cdnjs.cloudflare.com/ajax/libs/metro/4.1.5/css/metro.min.css","meta":{"rootId":"ykqbhfl297mdfj0","id":"agapwvypk4x6z3x"},"id":"qm1djlz59gtlpjv","previousOperationId":"3kuxpdhu2etf4mr"}
{"type":"log","timestamp":1705173612584,"level":"debug","message":"Page request finished: GET (document) 200 file:///C:/Users/arida/AppData/Local/Temp/jsreport/autocleanup/08ff2e0f-f33a-482a-b876-0ec8c1023998-chrome-pdf.html","meta":{"rootId":"ykqbhfl297mdfj0","id":"agapwvypk4x6z3x"},"id":"za8avdyvvv4hozs","previousOperationId":"3kuxpdhu2etf4mr"}
{"type":"log","timestamp":1705173612602,"level":"debug","message":"Page request finished: GET (stylesheet) 200 https://cdnjs.cloudflare.com/ajax/libs/metro/4.1.5/css/metro.min.css","meta":{"rootId":"ykqbhfl297mdfj0","id":"agapwvypk4x6z3x"},"id":"sirj7lfv69nucyy","previousOperationId":"3kuxpdhu2etf4mr"}
{"type":"log","timestamp":1705173612631,"level":"debug","message":"Running chrome with params {\"printBackground\":true,\"marginTop\":\"1.5cm\",\"marginRight\":\"1.5cm\",\"marginLeft\":\"1.cm\",\"timeout\":49153,\"margin\":{\"top\":\"1.5cm\",\"right\":\"1.5cm\",\"left\":\"1.cm\"}}","meta":{"rootId":"ykqbhfl297mdfj0","id":"agapwvypk4x6z3x"},"id":"uy8zfa77zpn8nho","previousOperationId":"3kuxpdhu2etf4mr"}
{"type":"operationEnd","operationId":"3kuxpdhu2etf4mr","timestamp":1705173612678,"id":"3m643guh3os3e34","previousEventId":"pq9kjcdq4ceqjoz","previousOperationId":"3kuxpdhu2etf4mr"}
{"type":"log","timestamp":1705173612679,"level":"debug","message":"Skipping storing report.","meta":{"rootId":"ykqbhfl297mdfj0","id":"agapwvypk4x6z3x"},"id":"29nqgurgmrpwbu8","previousOperationId":"3kuxpdhu2etf4mr"}
{"type":"log","timestamp":1705173612679,"level":"info","message":"Rendering (child) request finished in 11089 ms","meta":{"rootId":"ykqbhfl297mdfj0","id":"agapwvypk4x6z3x"},"id":"v77w4aots4tomwl","previousOperationId":"3kuxpdhu2etf4mr"}
{"type":"operationEnd","subtype":"render","operationId":"rb7lul38ynvpppx","timestamp":1705173612679,"id":"3y0acumkzjidvux","previousEventId":"3m643guh3os3e34","previousOperationId":"3kuxpdhu2etf4mr"}
{"type":"operationEnd","operationId":"0yymckitmuwniyf","timestamp":1705173612714,"id":"id4eieu7ee5x63v","previousEventId":"dc3li6eqnlex5gh","previousOperationId":"0yymckitmuwniyf"}
{"type":"log","timestamp":1705173612714,"level":"debug","message":"pdf-utils postproces start","meta":{"rootId":"ykqbhfl297mdfj0","id":"ykqbhfl297mdfj0"},"id":"hudh3gp00a3fihz","previousOperationId":"0yymckitmuwniyf"}
{"type":"log","timestamp":1705173612746,"level":"debug","message":"pdf-utils postproces end","meta":{"rootId":"ykqbhfl297mdfj0","id":"ykqbhfl297mdfj0"},"id":"ts4tdcetk68m7ns","previousOperationId":"0yymckitmuwniyf"}
{"type":"operationEnd","operationId":"3qor3n5ls0xv2d5","timestamp":1705173612746,"id":"ok734w8ry6gfuzu","previousEventId":"id4eieu7ee5x63v","previousOperationId":"0yymckitmuwniyf"}
{"type":"log","timestamp":1705173612746,"level":"info","message":"pdf-utils pdf processing was finished","meta":{"rootId":"ykqbhfl297mdfj0","id":"ykqbhfl297mdfj0"},"id":"c7o2qhscoauml7v","previousOperationId":"3qor3n5ls0xv2d5"}
{"type":"log","timestamp":1705173612746,"level":"debug","message":"Skipping storing report.","meta":{"rootId":"ykqbhfl297mdfj0","id":"ykqbhfl297mdfj0"},"id":"lddyydb8dgtbfn8","previousOperationId":"3qor3n5ls0xv2d5"}
{"type":"log","timestamp":1705173612746,"level":"info","message":"Rendering request 5 finished in 11156 ms","meta":{"rootId":"ykqbhfl297mdfj0","id":"ykqbhfl297mdfj0"},"id":"bhw1c0mp33t7los","previousOperationId":"3qor3n5ls0xv2d5"}
{"type":"operationEnd","subtype":"render","operationId":"cky792j83eohe7b","timestamp":1705173612746,"id":"oxcqkmj3mtlhitl","previousEventId":"ok734w8ry6gfuzu","previousOperationId":"3qor3n5ls0xv2d5"}
{"type":"operationEnd","doDiffs":false,"previousEventId":"s5rt1jtr8qv2qjo","previousOperationId":"s32nelcvt6vahtj","operationId":"s32nelcvt6vahtj","timestamp":1705173612759,"id":"8ch0d92q5vkf7q8"}
