{"type":"operationStart","subtype":"profile","data":{"_id":"PjxwTDg4BLv9KOHM","timestamp":"2024-01-14T19:49:38.607Z","state":"queued","mode":"standard","creationDate":"2024-01-14T19:49:38.613Z","modificationDate":"2024-01-14T19:49:38.613Z","shortid":"-In1w6z","$entitySet":"profiles"},"doDiffs":false,"timestamp":1705261778611,"id":"jg1ta5ouruf6h36","previousOperationId":null,"operationId":"fsbmr2zfsibdu2h"}
{"type":"log","level":"info","message":"Render request 6 queued for execution and waiting for available worker","previousOperationId":"fsbmr2zfsibdu2h","timestamp":1705261778611,"id":"5266fsebw28ucw4"}
{"type":"operationStart","subtype":"render","name":"orders-main","previousOperationId":"fsbmr2zfsibdu2h","timestamp":1705261778629,"id":"ca4jkzesl0fwkd2","previousEventId":"jg1ta5ouruf6h36","operationId":"2ho814jiry68ryr"}
{"type":"log","timestamp":1705261778629,"level":"info","message":"Starting rendering request 6","meta":{"rootId":"ykuoyhjcn2bkgl6","id":"ykuoyhjcn2bkgl6"},"id":"rtgq27p6ljrjeld","previousOperationId":"2ho814jiry68ryr"}
{"type":"log","timestamp":1705261778629,"level":"info","message":"Rendering template { name: orders-main, recipe: chrome-pdf, engine: handlebars, preview: true }","meta":{"rootId":"ykuoyhjcn2bkgl6","id":"ykuoyhjcn2bkgl6"},"id":"droyf8coyhwtmyv","previousOperationId":"2ho814jiry68ryr"}
{"type":"log","timestamp":1705261778631,"level":"debug","message":"Data item not defined for this template.","meta":{"rootId":"ykuoyhjcn2bkgl6","id":"ykuoyhjcn2bkgl6"},"id":"8vtnro6qr6wje56","previousOperationId":"2ho814jiry68ryr"}
{"type":"log","timestamp":1705261778639,"level":"debug","message":"Executing script orders-script (beforeRender)","meta":{"rootId":"ykuoyhjcn2bkgl6","id":"ykuoyhjcn2bkgl6"},"id":"w2my0vdq1y9wibs","previousOperationId":"2ho814jiry68ryr"}
{"type":"operationStart","subtype":"scriptsBeforeRender","name":"scripts beforeRender","timestamp":1705261778647,"id":"t0v61i3rwhry0s5","previousEventId":"ca4jkzesl0fwkd2","operationId":"nxf9ciopuj97hxr","previousOperationId":"2ho814jiry68ryr"}
{"type":"operationStart","subtype":"script","name":"scripts orders-script","previousOperationId":"nxf9ciopuj97hxr","timestamp":1705261778647,"id":"dljqcshjuojzz63","previousEventId":"t0v61i3rwhry0s5","operationId":"x7jt9wp2m4fg7v1"}
{"type":"operationEnd","operationId":"x7jt9wp2m4fg7v1","timestamp":1705261778662,"id":"kni07x9qwmlkd6o","previousEventId":"ca4jkzesl0fwkd2","previousOperationId":"2ho814jiry68ryr"}
{"type":"operationEnd","operationId":"nxf9ciopuj97hxr","timestamp":1705261778662,"id":"xj0w9fjqh9dort1","previousEventId":"kni07x9qwmlkd6o","previousOperationId":"2ho814jiry68ryr"}
{"type":"log","timestamp":1705261778662,"level":"debug","message":"Base url not specified, skipping its injection.","meta":{"rootId":"ykuoyhjcn2bkgl6","id":"ykuoyhjcn2bkgl6"},"id":"kbjmnyqkbprhkwx","previousOperationId":"nxf9ciopuj97hxr"}
{"type":"operationStart","subtype":"engine","name":"handlebars","timestamp":1705261778662,"id":"049cascjfn5ja88","previousEventId":"xj0w9fjqh9dort1","operationId":"v8cucvnkbyrmm74","previousOperationId":"nxf9ciopuj97hxr"}
{"type":"log","timestamp":1705261778662,"level":"debug","message":"Rendering engine handlebars","meta":{"rootId":"ykuoyhjcn2bkgl6","id":"ykuoyhjcn2bkgl6"},"id":"p800i6jjf1mo74n","previousOperationId":"v8cucvnkbyrmm74"}
{"type":"operationEnd","operationId":"v8cucvnkbyrmm74","timestamp":1705261778682,"id":"lvutronq5guh784","previousEventId":"049cascjfn5ja88","previousOperationId":"v8cucvnkbyrmm74"}
{"type":"operationStart","subtype":"recipe","name":"chrome-pdf","timestamp":1705261778682,"id":"iqatl16ef8c77f4","previousEventId":"lvutronq5guh784","operationId":"wrhkocwxotnxlje","previousOperationId":"v8cucvnkbyrmm74"}
{"type":"log","timestamp":1705261778682,"level":"debug","message":"Executing recipe chrome-pdf","meta":{"rootId":"ykuoyhjcn2bkgl6","id":"ykuoyhjcn2bkgl6"},"id":"99m39qprhlug1is","previousOperationId":"wrhkocwxotnxlje"}
{"type":"log","timestamp":1705261778685,"level":"debug","message":"Converting with chrome HeadlessChrome/117.0.5938.149 using chrome-pool strategy","meta":{"rootId":"ykuoyhjcn2bkgl6","id":"ykuoyhjcn2bkgl6"},"id":"na4ew9j57nshn33","previousOperationId":"wrhkocwxotnxlje"}
{"type":"log","timestamp":1705261778826,"level":"debug","message":"Page request: GET (document) file:///C:/Users/arida/AppData/Local/Temp/jsreport/autocleanup/67ee33fa-6741-4a5e-ae2c-ab1ff970b20c-chrome-pdf.html","meta":{"rootId":"ykuoyhjcn2bkgl6","id":"ykuoyhjcn2bkgl6"},"id":"ifp2968t8s2se1w","previousOperationId":"wrhkocwxotnxlje"}
{"type":"log","timestamp":1705261778858,"level":"debug","message":"Page request: GET (stylesheet) https://cdnjs.cloudflare.com/ajax/libs/metro/4.1.5/css/metro.min.css","meta":{"rootId":"ykuoyhjcn2bkgl6","id":"ykuoyhjcn2bkgl6"},"id":"z8pwg8859ukhidl","previousOperationId":"wrhkocwxotnxlje"}
{"type":"log","timestamp":1705261778859,"level":"debug","message":"Page request: GET (script) https://cdnjs.cloudflare.com/ajax/libs/Chart.js/2.7.2/Chart.min.js","meta":{"rootId":"ykuoyhjcn2bkgl6","id":"ykuoyhjcn2bkgl6"},"id":"vtidfzxfzk16262","previousOperationId":"wrhkocwxotnxlje"}
{"type":"log","timestamp":1705261778860,"level":"debug","message":"Page request finished: GET (document) 200 file:///C:/Users/arida/AppData/Local/Temp/jsreport/autocleanup/67ee33fa-6741-4a5e-ae2c-ab1ff970b20c-chrome-pdf.html","meta":{"rootId":"ykuoyhjcn2bkgl6","id":"ykuoyhjcn2bkgl6"},"id":"tel38gqixr9nwpr","previousOperationId":"wrhkocwxotnxlje"}
{"type":"log","timestamp":1705261778885,"level":"debug","message":"Page request finished: GET (stylesheet) 200 https://cdnjs.cloudflare.com/ajax/libs/metro/4.1.5/css/metro.min.css","meta":{"rootId":"ykuoyhjcn2bkgl6","id":"ykuoyhjcn2bkgl6"},"id":"3vdpdwet0jxgqf4","previousOperationId":"wrhkocwxotnxlje"}
{"type":"log","timestamp":1705261778885,"level":"debug","message":"Page request finished: GET (script) 200 https://cdnjs.cloudflare.com/ajax/libs/Chart.js/2.7.2/Chart.min.js","meta":{"rootId":"ykuoyhjcn2bkgl6","id":"ykuoyhjcn2bkgl6"},"id":"4tu9wsuh0r5ymab","previousOperationId":"wrhkocwxotnxlje"}
{"type":"log","timestamp":1705261778900,"level":"warn","message":"Page error: \"undefined\" is not valid JSON\nJSON.parse (<anonymous>) , stack: SyntaxError: \"undefined\" is not valid JSON\nJSON.parse (<anonymous>)\n    at <anonymous> (file:///C:/Users/arida/AppData/Local/Temp/jsreport/autocleanup/67ee33fa-6741-4a5e-ae2c-ab1ff970b20c-chrome-pdf.html:35:12)","meta":{"rootId":"ykuoyhjcn2bkgl6","id":"ykuoyhjcn2bkgl6"},"id":"8lkon0gpcb4uzab","previousOperationId":"wrhkocwxotnxlje"}
{"type":"log","timestamp":1705261778924,"level":"debug","message":"Running chrome with params {\"printBackground\":true,\"marginTop\":\"4cm\",\"marginRight\":\"1.5cm\",\"marginBottom\":\"1.5cm\",\"marginLeft\":\"1.5cm\",\"waitForJS\":false,\"timeout\":59923,\"margin\":{\"top\":\"4cm\",\"right\":\"1.5cm\",\"bottom\":\"1.5cm\",\"left\":\"1.5cm\"}}","meta":{"rootId":"ykuoyhjcn2bkgl6","id":"ykuoyhjcn2bkgl6"},"id":"ndqq128f68nq22t","previousOperationId":"wrhkocwxotnxlje"}
{"type":"operationEnd","operationId":"wrhkocwxotnxlje","timestamp":1705261778978,"id":"gng4btsx7ivysir","previousEventId":"iqatl16ef8c77f4","previousOperationId":"wrhkocwxotnxlje"}
{"type":"log","timestamp":1705261778978,"level":"info","message":"pdf-utils is starting pdf processing","meta":{"rootId":"ykuoyhjcn2bkgl6","id":"ykuoyhjcn2bkgl6"},"id":"psovox2ztjec7v0","previousOperationId":"wrhkocwxotnxlje"}
{"type":"operationStart","subtype":"pdfUtils","name":"pdf utils","timestamp":1705261778978,"id":"tmjho4y5iz21oqu","previousEventId":"gng4btsx7ivysir","operationId":"vv8hkqzyvju4nwx","previousOperationId":"wrhkocwxotnxlje"}
{"type":"log","timestamp":1705261778978,"level":"debug","message":"pdf-utils detected 1 pdf operation(s) to process","meta":{"rootId":"ykuoyhjcn2bkgl6","id":"ykuoyhjcn2bkgl6"},"id":"csqijhaxejll64b","previousOperationId":"vv8hkqzyvju4nwx"}
{"type":"log","timestamp":1705261778991,"level":"debug","message":"pdf-utils running pdf operation merge","meta":{"rootId":"ykuoyhjcn2bkgl6","id":"ykuoyhjcn2bkgl6"},"id":"7vo3je7n53jrwas","previousOperationId":"vv8hkqzyvju4nwx"}
{"type":"operationStart","subtype":"pdfUtilsMerge","name":"pdf utils merge","previousOperationId":"vv8hkqzyvju4nwx","timestamp":1705261778991,"id":"loudlncyq36wxt5","previousEventId":"tmjho4y5iz21oqu","operationId":"bqjtvj3yuzalh3b"}
{"type":"operationStart","subtype":"render","name":"orders-header","previousOperationId":"bqjtvj3yuzalh3b","timestamp":1705261778992,"id":"gpzkp3jjsma7425","previousEventId":"loudlncyq36wxt5","operationId":"6tk5vkra6xpxe8w"}
{"type":"log","timestamp":1705261778992,"level":"info","message":"Starting rendering (child) request","meta":{"rootId":"ykuoyhjcn2bkgl6","id":"lxazeydhw0v6uga"},"id":"quhfwb1gyz62ycn","previousOperationId":"6tk5vkra6xpxe8w"}
{"type":"log","timestamp":1705261778993,"level":"info","message":"Rendering template { name: orders-header, recipe: chrome-pdf, engine: handlebars, preview: true }","meta":{"rootId":"ykuoyhjcn2bkgl6","id":"lxazeydhw0v6uga"},"id":"f3jyntvd688y7ko","previousOperationId":"6tk5vkra6xpxe8w"}
{"type":"log","timestamp":1705261778996,"level":"debug","message":"Inline data specified.","meta":{"rootId":"ykuoyhjcn2bkgl6","id":"lxazeydhw0v6uga"},"id":"z1bsrz0cnan5483","previousOperationId":"6tk5vkra6xpxe8w"}
{"type":"log","timestamp":1705261779001,"level":"debug","message":"Base url not specified, skipping its injection.","meta":{"rootId":"ykuoyhjcn2bkgl6","id":"lxazeydhw0v6uga"},"id":"35r159zrxvmop0y","previousOperationId":"6tk5vkra6xpxe8w"}
{"type":"operationStart","subtype":"engine","name":"handlebars","timestamp":1705261779001,"id":"vqmn7d3z35rmh9k","previousEventId":"gpzkp3jjsma7425","operationId":"tvju9u2vxsn8f7i","previousOperationId":"6tk5vkra6xpxe8w"}
{"type":"log","timestamp":1705261779001,"level":"debug","message":"Rendering engine handlebars","meta":{"rootId":"ykuoyhjcn2bkgl6","id":"lxazeydhw0v6uga"},"id":"4k2g3kwadzqzcub","previousOperationId":"tvju9u2vxsn8f7i"}
{"type":"operationEnd","operationId":"tvju9u2vxsn8f7i","timestamp":1705261779028,"id":"la9qlun55rzaoi5","previousEventId":"vqmn7d3z35rmh9k","previousOperationId":"tvju9u2vxsn8f7i"}
{"type":"operationStart","subtype":"recipe","name":"chrome-pdf","timestamp":1705261779028,"id":"si607i1ddv8rsb6","previousEventId":"la9qlun55rzaoi5","operationId":"wyxakngzq9ulaa8","previousOperationId":"tvju9u2vxsn8f7i"}
{"type":"log","timestamp":1705261779028,"level":"debug","message":"Executing recipe chrome-pdf","meta":{"rootId":"ykuoyhjcn2bkgl6","id":"lxazeydhw0v6uga"},"id":"hmff3eigtjnj5am","previousOperationId":"wyxakngzq9ulaa8"}
{"type":"log","timestamp":1705261779032,"level":"debug","message":"Converting with chrome HeadlessChrome/117.0.5938.149 using chrome-pool strategy","meta":{"rootId":"ykuoyhjcn2bkgl6","id":"lxazeydhw0v6uga"},"id":"mjjkh0wr8bpw0ku","previousOperationId":"wyxakngzq9ulaa8"}
{"type":"log","timestamp":1705261779164,"level":"debug","message":"Page request: GET (document) file:///C:/Users/arida/AppData/Local/Temp/jsreport/autocleanup/94ad3eb2-80ed-4a8c-af16-e0f9e077f6be-chrome-pdf.html","meta":{"rootId":"ykuoyhjcn2bkgl6","id":"lxazeydhw0v6uga"},"id":"32mbqdbgsuj25iw","previousOperationId":"wyxakngzq9ulaa8"}
{"type":"log","timestamp":1705261779175,"level":"debug","message":"Page request: GET (stylesheet) https://cdnjs.cloudflare.com/ajax/libs/metro/4.1.5/css/metro.min.css","meta":{"rootId":"ykuoyhjcn2bkgl6","id":"lxazeydhw0v6uga"},"id":"b2loa8xgjmqqq5w","previousOperationId":"wyxakngzq9ulaa8"}
{"type":"log","timestamp":1705261779176,"level":"debug","message":"Page request finished: GET (document) 200 file:///C:/Users/arida/AppData/Local/Temp/jsreport/autocleanup/94ad3eb2-80ed-4a8c-af16-e0f9e077f6be-chrome-pdf.html","meta":{"rootId":"ykuoyhjcn2bkgl6","id":"lxazeydhw0v6uga"},"id":"k3gate0vjfxm311","previousOperationId":"wyxakngzq9ulaa8"}
{"type":"log","timestamp":1705261779198,"level":"debug","message":"Page request finished: GET (stylesheet) 200 https://cdnjs.cloudflare.com/ajax/libs/metro/4.1.5/css/metro.min.css","meta":{"rootId":"ykuoyhjcn2bkgl6","id":"lxazeydhw0v6uga"},"id":"mpkrhexxsndygpp","previousOperationId":"wyxakngzq9ulaa8"}
{"type":"log","timestamp":1705261779220,"level":"debug","message":"Running chrome with params {\"printBackground\":true,\"marginTop\":\"1.5cm\",\"marginRight\":\"1.5cm\",\"marginLeft\":\"1.cm\",\"timeout\":59576,\"margin\":{\"top\":\"1.5cm\",\"right\":\"1.5cm\",\"left\":\"1.cm\"}}","meta":{"rootId":"ykuoyhjcn2bkgl6","id":"lxazeydhw0v6uga"},"id":"so3s2qjbd6dvo7e","previousOperationId":"wyxakngzq9ulaa8"}
{"type":"operationEnd","operationId":"wyxakngzq9ulaa8","timestamp":1705261779265,"id":"mcsx2cqu93epunk","previousEventId":"si607i1ddv8rsb6","previousOperationId":"wyxakngzq9ulaa8"}
{"type":"log","timestamp":1705261779265,"level":"debug","message":"Skipping storing report.","meta":{"rootId":"ykuoyhjcn2bkgl6","id":"lxazeydhw0v6uga"},"id":"ms54ranvqyd74kp","previousOperationId":"wyxakngzq9ulaa8"}
{"type":"log","timestamp":1705261779265,"level":"info","message":"Rendering (child) request finished in 658 ms","meta":{"rootId":"ykuoyhjcn2bkgl6","id":"lxazeydhw0v6uga"},"id":"tao8w8itmdbcegx","previousOperationId":"wyxakngzq9ulaa8"}
{"type":"operationEnd","subtype":"render","operationId":"6tk5vkra6xpxe8w","timestamp":1705261779265,"id":"i8g6nrpjawrzfnd","previousEventId":"mcsx2cqu93epunk","previousOperationId":"wyxakngzq9ulaa8"}
{"type":"operationEnd","operationId":"bqjtvj3yuzalh3b","timestamp":1705261779272,"id":"mrwx4hvavikdcmx","previousEventId":"loudlncyq36wxt5","previousOperationId":"bqjtvj3yuzalh3b"}
{"type":"log","timestamp":1705261779272,"level":"debug","message":"pdf-utils postproces start","meta":{"rootId":"ykuoyhjcn2bkgl6","id":"ykuoyhjcn2bkgl6"},"id":"98kil5s8y2reabg","previousOperationId":"bqjtvj3yuzalh3b"}
{"type":"log","timestamp":1705261779280,"level":"debug","message":"pdf-utils postproces end","meta":{"rootId":"ykuoyhjcn2bkgl6","id":"ykuoyhjcn2bkgl6"},"id":"4jcuw1hi0pszpg3","previousOperationId":"bqjtvj3yuzalh3b"}
{"type":"operationEnd","operationId":"vv8hkqzyvju4nwx","timestamp":1705261779280,"id":"2qhcbyl2719capl","previousEventId":"mrwx4hvavikdcmx","previousOperationId":"bqjtvj3yuzalh3b"}
{"type":"log","timestamp":1705261779280,"level":"info","message":"pdf-utils pdf processing was finished","meta":{"rootId":"ykuoyhjcn2bkgl6","id":"ykuoyhjcn2bkgl6"},"id":"g1g8q94rawf4y5h","previousOperationId":"vv8hkqzyvju4nwx"}
{"type":"log","timestamp":1705261779280,"level":"debug","message":"Skipping storing report.","meta":{"rootId":"ykuoyhjcn2bkgl6","id":"ykuoyhjcn2bkgl6"},"id":"seehaqusa1z6gsd","previousOperationId":"vv8hkqzyvju4nwx"}
{"type":"log","timestamp":1705261779281,"level":"info","message":"Rendering request 6 finished in 674 ms","meta":{"rootId":"ykuoyhjcn2bkgl6","id":"ykuoyhjcn2bkgl6"},"id":"5oz9gxaw40e2sq1","previousOperationId":"vv8hkqzyvju4nwx"}
{"type":"operationEnd","subtype":"render","operationId":"2ho814jiry68ryr","timestamp":1705261779281,"id":"8b5fhv7ptdfpquj","previousEventId":"2qhcbyl2719capl","previousOperationId":"vv8hkqzyvju4nwx"}
{"type":"operationEnd","doDiffs":false,"previousEventId":"jg1ta5ouruf6h36","previousOperationId":"fsbmr2zfsibdu2h","operationId":"fsbmr2zfsibdu2h","timestamp":1705261779296,"id":"i7liydcedx1qa3m"}
