{"type":"operationStart","subtype":"profile","data":{"_id":"xUlq3MF0dml5UBEL","timestamp":"2024-01-09T20:16:16.926Z","state":"queued","mode":"standard","creationDate":"2024-01-09T20:16:16.928Z","modificationDate":"2024-01-09T20:16:16.929Z","shortid":"dQ4LVEt","$entitySet":"profiles"},"doDiffs":false,"timestamp":1704831376927,"id":"ey6ufne4aow908h","previousOperationId":null,"operationId":"7dby9sk2pwp7to6"}
{"type":"log","level":"info","message":"Render request 21 queued for execution and waiting for available worker","previousOperationId":"7dby9sk2pwp7to6","timestamp":1704831376927,"id":"hrw3ac0qq59ooki"}
{"type":"operationStart","subtype":"render","name":"orders-main","previousOperationId":"7dby9sk2pwp7to6","timestamp":1704831376934,"id":"9goy8hstg51eixg","previousEventId":"ey6ufne4aow908h","operationId":"3l1hx5wlnfeh7gm"}
{"type":"log","timestamp":1704831376934,"level":"info","message":"Starting rendering request 21","meta":{"rootId":"yvwpb9un2qr76v0","id":"yvwpb9un2qr76v0"},"id":"tlgtmaqy0vlo1pn","previousOperationId":"3l1hx5wlnfeh7gm"}
{"type":"log","timestamp":1704831376935,"level":"info","message":"Rendering template { name: orders-main, recipe: chrome-pdf, engine: handlebars, preview: false }","meta":{"rootId":"yvwpb9un2qr76v0","id":"yvwpb9un2qr76v0"},"id":"ecvud7dmgtwbh0o","previousOperationId":"3l1hx5wlnfeh7gm"}
{"type":"log","timestamp":1704831376936,"level":"debug","message":"Data item not defined for this template.","meta":{"rootId":"yvwpb9un2qr76v0","id":"yvwpb9un2qr76v0"},"id":"mam1y60wwut6tos","previousOperationId":"3l1hx5wlnfeh7gm"}
{"type":"log","timestamp":1704831376942,"level":"debug","message":"Executing script orders-script (beforeRender)","meta":{"rootId":"yvwpb9un2qr76v0","id":"yvwpb9un2qr76v0"},"id":"9eht954fbhjwb1w","previousOperationId":"3l1hx5wlnfeh7gm"}
{"type":"operationStart","subtype":"scriptsBeforeRender","name":"scripts beforeRender","timestamp":1704831376961,"id":"ad113vs7lryu2f6","previousEventId":"9goy8hstg51eixg","operationId":"24i80wvwpjus64c","previousOperationId":"3l1hx5wlnfeh7gm"}
{"type":"operationStart","subtype":"script","name":"scripts orders-script","previousOperationId":"24i80wvwpjus64c","timestamp":1704831376961,"id":"vt7qgk3xq7j0q81","previousEventId":"ad113vs7lryu2f6","operationId":"04fu03db96ugg4s"}
{"type":"log","timestamp":1704831376962,"level":"debug","message":"(console:log) {\n  http: [Getter/Setter],\n  rootId: [Getter/Setter],\n  id: [Getter/Setter],\n  reportCounter: [Getter/Setter],\n  startTimestamp: [Getter/Setter],\n  logs: [Getter/Setter],\n  skipValidationFor: {\n    _id: 'xUlq3MF0dml5UBEL',\n    timestamp: 2024-01-09T20:16:16.926Z,\n    state: 'queued',\n    mode: 'standard',\n    creationDate: 2024-01-09T20:16:16.928Z,\n    modificationDate: 2024-01-09T20:16:16.929Z,\n    shortid: 'dQ4LVEt'\n  },\n  shared: {},\n  originalInputDataIsEmpty: [Getter/Setter],\n  currentFolderPath: [Getter/Setter],\n  sampleData: [Getter/Setter]\n}","meta":{"userLevel":true,"rootId":"yvwpb9un2qr76v0","id":"yvwpb9un2qr76v0"},"id":"dis7oagbzfk11q5","previousOperationId":"04fu03db96ugg4s"}
{"type":"operationEnd","operationId":"04fu03db96ugg4s","timestamp":1704831378252,"id":"qeh3udsazc8fig1","previousEventId":"9goy8hstg51eixg","previousOperationId":"3l1hx5wlnfeh7gm"}
{"type":"operationEnd","operationId":"24i80wvwpjus64c","timestamp":1704831378252,"id":"fl34lwlaaixv8km","previousEventId":"qeh3udsazc8fig1","previousOperationId":"3l1hx5wlnfeh7gm"}
{"type":"log","timestamp":1704831378252,"level":"debug","message":"Base url not specified, skipping its injection.","meta":{"rootId":"yvwpb9un2qr76v0","id":"yvwpb9un2qr76v0"},"id":"ejfcjjecqifdzp0","previousOperationId":"24i80wvwpjus64c"}
{"type":"operationStart","subtype":"engine","name":"handlebars","timestamp":1704831378252,"id":"2wedi9e946d82tv","previousEventId":"fl34lwlaaixv8km","operationId":"41d8ds3f858qq15","previousOperationId":"24i80wvwpjus64c"}
{"type":"log","timestamp":1704831378252,"level":"debug","message":"Rendering engine handlebars","meta":{"rootId":"yvwpb9un2qr76v0","id":"yvwpb9un2qr76v0"},"id":"cjx4flx6d4onrnl","previousOperationId":"41d8ds3f858qq15"}
{"type":"log","timestamp":1704831378260,"level":"debug","message":"(console:log) Pdf utils adding group field, value: \"France\"","meta":{"userLevel":true,"rootId":"yvwpb9un2qr76v0","id":"yvwpb9un2qr76v0"},"id":"c5gzyp71rqxxhqb","previousOperationId":"41d8ds3f858qq15"}
{"type":"log","timestamp":1704831378260,"level":"debug","message":"(console:log) Pdf utils adding group field, value: \"Germany\"","meta":{"userLevel":true,"rootId":"yvwpb9un2qr76v0","id":"yvwpb9un2qr76v0"},"id":"y93bvl4qpx4wdea","previousOperationId":"41d8ds3f858qq15"}
{"type":"operationEnd","operationId":"41d8ds3f858qq15","timestamp":1704831378261,"id":"4w7jzs72bvrb9bh","previousEventId":"2wedi9e946d82tv","previousOperationId":"41d8ds3f858qq15"}
{"type":"operationStart","subtype":"recipe","name":"chrome-pdf","timestamp":1704831378262,"id":"bqkazmax9x7br6z","previousEventId":"4w7jzs72bvrb9bh","operationId":"ptpdaezigclglzx","previousOperationId":"41d8ds3f858qq15"}
{"type":"log","timestamp":1704831378262,"level":"debug","message":"Executing recipe chrome-pdf","meta":{"rootId":"yvwpb9un2qr76v0","id":"yvwpb9un2qr76v0"},"id":"sg1m2uvhgacwcoo","previousOperationId":"ptpdaezigclglzx"}
{"type":"log","timestamp":1704831378265,"level":"debug","message":"Converting with chrome HeadlessChrome/117.0.5938.149 using chrome-pool strategy","meta":{"rootId":"yvwpb9un2qr76v0","id":"yvwpb9un2qr76v0"},"id":"69gi6p47pq5uzvt","previousOperationId":"ptpdaezigclglzx"}
{"type":"log","timestamp":1704831378390,"level":"debug","message":"Page request: GET (document) file:///C:/Users/arida/AppData/Local/Temp/jsreport/autocleanup/1aa680d0-f651-4825-8751-70b104de0863-chrome-pdf.html","meta":{"rootId":"yvwpb9un2qr76v0","id":"yvwpb9un2qr76v0"},"id":"7cvk32waa8hq6e8","previousOperationId":"ptpdaezigclglzx"}
{"type":"log","timestamp":1704831378449,"level":"debug","message":"Page request: GET (stylesheet) https://cdnjs.cloudflare.com/ajax/libs/metro/4.1.5/css/metro.min.css","meta":{"rootId":"yvwpb9un2qr76v0","id":"yvwpb9un2qr76v0"},"id":"l6su3enh2vrmn6m","previousOperationId":"ptpdaezigclglzx"}
{"type":"log","timestamp":1704831378449,"level":"debug","message":"Page request: GET (script) https://cdnjs.cloudflare.com/ajax/libs/Chart.js/2.7.2/Chart.min.js","meta":{"rootId":"yvwpb9un2qr76v0","id":"yvwpb9un2qr76v0"},"id":"hb6wbgzc03hfszj","previousOperationId":"ptpdaezigclglzx"}
{"type":"log","timestamp":1704831378450,"level":"debug","message":"Page request finished: GET (document) 200 file:///C:/Users/arida/AppData/Local/Temp/jsreport/autocleanup/1aa680d0-f651-4825-8751-70b104de0863-chrome-pdf.html","meta":{"rootId":"yvwpb9un2qr76v0","id":"yvwpb9un2qr76v0"},"id":"g69uwrscaxhncfw","previousOperationId":"ptpdaezigclglzx"}
{"type":"log","timestamp":1704831378475,"level":"debug","message":"Page request finished: GET (stylesheet) 200 https://cdnjs.cloudflare.com/ajax/libs/metro/4.1.5/css/metro.min.css","meta":{"rootId":"yvwpb9un2qr76v0","id":"yvwpb9un2qr76v0"},"id":"e9zjadbr5htb067","previousOperationId":"ptpdaezigclglzx"}
{"type":"log","timestamp":1704831378475,"level":"debug","message":"Page request finished: GET (script) 200 https://cdnjs.cloudflare.com/ajax/libs/Chart.js/2.7.2/Chart.min.js","meta":{"rootId":"yvwpb9un2qr76v0","id":"yvwpb9un2qr76v0"},"id":"8panrutrvzdqe1m","previousOperationId":"ptpdaezigclglzx"}
{"type":"log","timestamp":1704831378559,"level":"debug","message":"Running chrome with params {\"printBackground\":true,\"marginTop\":\"4cm\",\"marginRight\":\"1.5cm\",\"marginBottom\":\"1.5cm\",\"marginLeft\":\"1.5cm\",\"waitForJS\":false,\"timeout\":58661,\"margin\":{\"top\":\"4cm\",\"right\":\"1.5cm\",\"bottom\":\"1.5cm\",\"left\":\"1.5cm\"}}","meta":{"rootId":"yvwpb9un2qr76v0","id":"yvwpb9un2qr76v0"},"id":"phusmt5mhz6qc6v","previousOperationId":"ptpdaezigclglzx"}
{"type":"operationEnd","operationId":"ptpdaezigclglzx","timestamp":1704831378707,"id":"lkfy74bwxkx43bt","previousEventId":"bqkazmax9x7br6z","previousOperationId":"ptpdaezigclglzx"}
{"type":"log","timestamp":1704831378707,"level":"info","message":"pdf-utils is starting pdf processing","meta":{"rootId":"yvwpb9un2qr76v0","id":"yvwpb9un2qr76v0"},"id":"12a01zpz0u9s9t6","previousOperationId":"ptpdaezigclglzx"}
{"type":"operationStart","subtype":"pdfUtils","name":"pdf utils","timestamp":1704831378707,"id":"p5ouoxokprhde2v","previousEventId":"lkfy74bwxkx43bt","operationId":"1v9g92tyccnv771","previousOperationId":"ptpdaezigclglzx"}
{"type":"log","timestamp":1704831378707,"level":"debug","message":"pdf-utils detected 1 pdf operation(s) to process","meta":{"rootId":"yvwpb9un2qr76v0","id":"yvwpb9un2qr76v0"},"id":"up4e1h5sas0cjwr","previousOperationId":"1v9g92tyccnv771"}
{"type":"log","timestamp":1704831378748,"level":"debug","message":"pdf-utils running pdf operation merge","meta":{"rootId":"yvwpb9un2qr76v0","id":"yvwpb9un2qr76v0"},"id":"y9lnyj5pumxwtfp","previousOperationId":"1v9g92tyccnv771"}
{"type":"operationStart","subtype":"pdfUtilsMerge","name":"pdf utils merge","previousOperationId":"1v9g92tyccnv771","timestamp":1704831378749,"id":"51jg8fhzrskcum8","previousEventId":"p5ouoxokprhde2v","operationId":"a97e8j9cwaemlqh"}
{"type":"operationStart","subtype":"render","name":"orders-header","previousOperationId":"a97e8j9cwaemlqh","timestamp":1704831378750,"id":"mxrjf8y54b16r42","previousEventId":"51jg8fhzrskcum8","operationId":"5mqeptbzf0prpov"}
{"type":"log","timestamp":1704831378751,"level":"info","message":"Starting rendering (child) request","meta":{"rootId":"yvwpb9un2qr76v0","id":"afdlhz14hm43ywa"},"id":"pd84i3l9gxfekl6","previousOperationId":"5mqeptbzf0prpov"}
{"type":"log","timestamp":1704831378751,"level":"info","message":"Rendering template { name: orders-header, recipe: chrome-pdf, engine: handlebars, preview: false }","meta":{"rootId":"yvwpb9un2qr76v0","id":"afdlhz14hm43ywa"},"id":"ph00xpa1n8zl9jh","previousOperationId":"5mqeptbzf0prpov"}
{"type":"log","timestamp":1704831378755,"level":"debug","message":"Inline data specified.","meta":{"rootId":"yvwpb9un2qr76v0","id":"afdlhz14hm43ywa"},"id":"u817iwypbk9nbzx","previousOperationId":"5mqeptbzf0prpov"}
{"type":"log","timestamp":1704831378757,"level":"debug","message":"Base url not specified, skipping its injection.","meta":{"rootId":"yvwpb9un2qr76v0","id":"afdlhz14hm43ywa"},"id":"r0q7zydmz2quhk9","previousOperationId":"5mqeptbzf0prpov"}
{"type":"operationStart","subtype":"engine","name":"handlebars","timestamp":1704831378757,"id":"zywg1379wj34noo","previousEventId":"mxrjf8y54b16r42","operationId":"zjz8ydvjn6w6bw4","previousOperationId":"5mqeptbzf0prpov"}
{"type":"log","timestamp":1704831378757,"level":"debug","message":"Rendering engine handlebars","meta":{"rootId":"yvwpb9un2qr76v0","id":"afdlhz14hm43ywa"},"id":"7qx54v1wn3iy89w","previousOperationId":"zjz8ydvjn6w6bw4"}
{"type":"operationEnd","operationId":"zjz8ydvjn6w6bw4","timestamp":1704831378773,"id":"46ydr8o8h4ltmjm","previousEventId":"zywg1379wj34noo","previousOperationId":"zjz8ydvjn6w6bw4"}
{"type":"operationStart","subtype":"recipe","name":"chrome-pdf","timestamp":1704831378773,"id":"br8x8kshnqxh0mr","previousEventId":"46ydr8o8h4ltmjm","operationId":"jrjfmg32rtxxmky","previousOperationId":"zjz8ydvjn6w6bw4"}
{"type":"log","timestamp":1704831378773,"level":"debug","message":"Executing recipe chrome-pdf","meta":{"rootId":"yvwpb9un2qr76v0","id":"afdlhz14hm43ywa"},"id":"iqkm7cm2mojcno8","previousOperationId":"jrjfmg32rtxxmky"}
{"type":"log","timestamp":1704831378776,"level":"debug","message":"Converting with chrome HeadlessChrome/117.0.5938.149 using chrome-pool strategy","meta":{"rootId":"yvwpb9un2qr76v0","id":"afdlhz14hm43ywa"},"id":"gj3ns76fgijca66","previousOperationId":"jrjfmg32rtxxmky"}
{"type":"log","timestamp":1704831378899,"level":"debug","message":"Page request: GET (document) file:///C:/Users/arida/AppData/Local/Temp/jsreport/autocleanup/69b65383-3744-4b90-b52b-f729bd8eaf81-chrome-pdf.html","meta":{"rootId":"yvwpb9un2qr76v0","id":"afdlhz14hm43ywa"},"id":"n27w5zugszwh4e0","previousOperationId":"jrjfmg32rtxxmky"}
{"type":"log","timestamp":1704831378911,"level":"debug","message":"Page request: GET (stylesheet) https://cdnjs.cloudflare.com/ajax/libs/metro/4.1.5/css/metro.min.css","meta":{"rootId":"yvwpb9un2qr76v0","id":"afdlhz14hm43ywa"},"id":"28d2t9t8ihob6r3","previousOperationId":"jrjfmg32rtxxmky"}
{"type":"log","timestamp":1704831378912,"level":"debug","message":"Page request finished: GET (document) 200 file:///C:/Users/arida/AppData/Local/Temp/jsreport/autocleanup/69b65383-3744-4b90-b52b-f729bd8eaf81-chrome-pdf.html","meta":{"rootId":"yvwpb9un2qr76v0","id":"afdlhz14hm43ywa"},"id":"iysgol7aixncr6o","previousOperationId":"jrjfmg32rtxxmky"}
{"type":"log","timestamp":1704831378932,"level":"debug","message":"Page request finished: GET (stylesheet) 200 https://cdnjs.cloudflare.com/ajax/libs/metro/4.1.5/css/metro.min.css","meta":{"rootId":"yvwpb9un2qr76v0","id":"afdlhz14hm43ywa"},"id":"h77w95b2aygm6ym","previousOperationId":"jrjfmg32rtxxmky"}
{"type":"log","timestamp":1704831378954,"level":"debug","message":"Running chrome with params {\"printBackground\":true,\"marginTop\":\"1.5cm\",\"marginRight\":\"1.5cm\",\"marginLeft\":\"1.cm\",\"timeout\":58150,\"margin\":{\"top\":\"1.5cm\",\"right\":\"1.5cm\",\"left\":\"1.cm\"}}","meta":{"rootId":"yvwpb9un2qr76v0","id":"afdlhz14hm43ywa"},"id":"qeyvzsffunsxgeg","previousOperationId":"jrjfmg32rtxxmky"}
{"type":"operationEnd","operationId":"jrjfmg32rtxxmky","timestamp":1704831379011,"id":"zacd8i0kgxedl9t","previousEventId":"br8x8kshnqxh0mr","previousOperationId":"jrjfmg32rtxxmky"}
{"type":"log","timestamp":1704831379011,"level":"debug","message":"Skipping storing report.","meta":{"rootId":"yvwpb9un2qr76v0","id":"afdlhz14hm43ywa"},"id":"ibjs4883e2kxc51","previousOperationId":"jrjfmg32rtxxmky"}
{"type":"log","timestamp":1704831379011,"level":"info","message":"Rendering (child) request finished in 2086 ms","meta":{"rootId":"yvwpb9un2qr76v0","id":"afdlhz14hm43ywa"},"id":"bqdmlud5g7ifd3v","previousOperationId":"jrjfmg32rtxxmky"}
{"type":"operationEnd","subtype":"render","operationId":"5mqeptbzf0prpov","timestamp":1704831379011,"id":"bnn9hmd9n188e5z","previousEventId":"zacd8i0kgxedl9t","previousOperationId":"jrjfmg32rtxxmky"}
{"type":"operationEnd","operationId":"a97e8j9cwaemlqh","timestamp":1704831379026,"id":"3iiu5tos5n4ub36","previousEventId":"51jg8fhzrskcum8","previousOperationId":"a97e8j9cwaemlqh"}
{"type":"log","timestamp":1704831379026,"level":"debug","message":"pdf-utils postproces start","meta":{"rootId":"yvwpb9un2qr76v0","id":"yvwpb9un2qr76v0"},"id":"a2etq814n1f3cdv","previousOperationId":"a97e8j9cwaemlqh"}
{"type":"log","timestamp":1704831379048,"level":"debug","message":"pdf-utils postproces end","meta":{"rootId":"yvwpb9un2qr76v0","id":"yvwpb9un2qr76v0"},"id":"zwfvtesw8s201vy","previousOperationId":"a97e8j9cwaemlqh"}
{"type":"operationEnd","operationId":"1v9g92tyccnv771","timestamp":1704831379048,"id":"qfpe6ks3g1ynbqw","previousEventId":"3iiu5tos5n4ub36","previousOperationId":"a97e8j9cwaemlqh"}
{"type":"log","timestamp":1704831379048,"level":"info","message":"pdf-utils pdf processing was finished","meta":{"rootId":"yvwpb9un2qr76v0","id":"yvwpb9un2qr76v0"},"id":"iz0if7qste6dv9c","previousOperationId":"1v9g92tyccnv771"}
{"type":"log","timestamp":1704831379048,"level":"debug","message":"Skipping storing report.","meta":{"rootId":"yvwpb9un2qr76v0","id":"yvwpb9un2qr76v0"},"id":"y9ul171743t9usb","previousOperationId":"1v9g92tyccnv771"}
{"type":"log","timestamp":1704831379048,"level":"info","message":"Rendering request 21 finished in 2123 ms","meta":{"rootId":"yvwpb9un2qr76v0","id":"yvwpb9un2qr76v0"},"id":"mnzmhc84zpwhfn9","previousOperationId":"1v9g92tyccnv771"}
{"type":"operationEnd","subtype":"render","operationId":"3l1hx5wlnfeh7gm","timestamp":1704831379048,"id":"jig6gj7lzhb97nh","previousEventId":"qfpe6ks3g1ynbqw","previousOperationId":"1v9g92tyccnv771"}
{"type":"operationEnd","doDiffs":false,"previousEventId":"ey6ufne4aow908h","previousOperationId":"7dby9sk2pwp7to6","operationId":"7dby9sk2pwp7to6","timestamp":1704831379056,"id":"5sl1y628hdzyd9d"}
