{"type":"operationStart","subtype":"profile","data":{"_id":"K6kHReqgVDlI4kRx","timestamp":"2024-01-09T20:04:39.232Z","state":"queued","mode":"standard","creationDate":"2024-01-09T20:04:39.235Z","modificationDate":"2024-01-09T20:04:39.235Z","shortid":"FkN3W0l","$entitySet":"profiles"},"doDiffs":false,"timestamp":1704830679233,"id":"no27fm1tac962zh","previousOperationId":null,"operationId":"xbmhobj1dt8e6hj"}
{"type":"log","level":"info","message":"Render request 6 queued for execution and waiting for available worker","previousOperationId":"xbmhobj1dt8e6hj","timestamp":1704830679233,"id":"vc52bwty0exxtev"}
{"type":"operationStart","subtype":"render","name":"orders-main","previousOperationId":"xbmhobj1dt8e6hj","timestamp":1704830679241,"id":"3slpc2ubepugie5","previousEventId":"no27fm1tac962zh","operationId":"ct0ro6wjl1t2at3"}
{"type":"log","timestamp":1704830679241,"level":"info","message":"Starting rendering request 6","meta":{"rootId":"yw85841hhlcleor","id":"yw85841hhlcleor"},"id":"nr9220l6izopgik","previousOperationId":"ct0ro6wjl1t2at3"}
{"type":"log","timestamp":1704830679241,"level":"info","message":"Rendering template { name: orders-main, recipe: chrome-pdf, engine: handlebars, preview: false }","meta":{"rootId":"yw85841hhlcleor","id":"yw85841hhlcleor"},"id":"thqbymognlcpuk3","previousOperationId":"ct0ro6wjl1t2at3"}
{"type":"log","timestamp":1704830679243,"level":"debug","message":"Data item not defined for this template.","meta":{"rootId":"yw85841hhlcleor","id":"yw85841hhlcleor"},"id":"r8ty5gwomu3ts08","previousOperationId":"ct0ro6wjl1t2at3"}
{"type":"log","timestamp":1704830679249,"level":"debug","message":"Executing script orders-script (beforeRender)","meta":{"rootId":"yw85841hhlcleor","id":"yw85841hhlcleor"},"id":"i2u3afugiqtdjia","previousOperationId":"ct0ro6wjl1t2at3"}
{"type":"operationStart","subtype":"scriptsBeforeRender","name":"scripts beforeRender","timestamp":1704830679256,"id":"q6zfwinsuui03hw","previousEventId":"3slpc2ubepugie5","operationId":"3hb49r8davx8cuj","previousOperationId":"ct0ro6wjl1t2at3"}
{"type":"operationStart","subtype":"script","name":"scripts orders-script","previousOperationId":"3hb49r8davx8cuj","timestamp":1704830679256,"id":"3txxygbj0lwg4r8","previousEventId":"q6zfwinsuui03hw","operationId":"k4w1yop3n6vklj9"}
{"type":"log","timestamp":1704830680229,"level":"debug","message":"(console:log) undefined","meta":{"userLevel":true,"rootId":"yw85841hhlcleor","id":"yw85841hhlcleor"},"id":"7zkd0uin70iro22","previousOperationId":"k4w1yop3n6vklj9"}
{"type":"operationEnd","operationId":"k4w1yop3n6vklj9","timestamp":1704830680634,"id":"e13xy0ytzlsc0sd","previousEventId":"3slpc2ubepugie5","previousOperationId":"ct0ro6wjl1t2at3"}
{"type":"operationEnd","operationId":"3hb49r8davx8cuj","timestamp":1704830680634,"id":"laaxzyc733hm0ev","previousEventId":"e13xy0ytzlsc0sd","previousOperationId":"ct0ro6wjl1t2at3"}
{"type":"log","timestamp":1704830680634,"level":"debug","message":"Base url not specified, skipping its injection.","meta":{"rootId":"yw85841hhlcleor","id":"yw85841hhlcleor"},"id":"a4i763i4w53b89f","previousOperationId":"3hb49r8davx8cuj"}
{"type":"operationStart","subtype":"engine","name":"handlebars","timestamp":1704830680634,"id":"80c1queb9l34ok9","previousEventId":"laaxzyc733hm0ev","operationId":"lu1be2eqtw6b30p","previousOperationId":"3hb49r8davx8cuj"}
{"type":"log","timestamp":1704830680634,"level":"debug","message":"Rendering engine handlebars","meta":{"rootId":"yw85841hhlcleor","id":"yw85841hhlcleor"},"id":"po8swg547z97hzn","previousOperationId":"lu1be2eqtw6b30p"}
{"type":"log","timestamp":1704830680659,"level":"debug","message":"(console:log) Pdf utils adding group field, value: \"France\"","meta":{"userLevel":true,"rootId":"yw85841hhlcleor","id":"yw85841hhlcleor"},"id":"w1obru88g16fcy2","previousOperationId":"lu1be2eqtw6b30p"}
{"type":"log","timestamp":1704830680660,"level":"debug","message":"(console:log) Pdf utils adding group field, value: \"Germany\"","meta":{"userLevel":true,"rootId":"yw85841hhlcleor","id":"yw85841hhlcleor"},"id":"b2vj6z1673sray7","previousOperationId":"lu1be2eqtw6b30p"}
{"type":"operationEnd","operationId":"lu1be2eqtw6b30p","timestamp":1704830680660,"id":"wul40i7ykhxsrvn","previousEventId":"80c1queb9l34ok9","previousOperationId":"lu1be2eqtw6b30p"}
{"type":"operationStart","subtype":"recipe","name":"chrome-pdf","timestamp":1704830680661,"id":"98bvcz1shb610ir","previousEventId":"wul40i7ykhxsrvn","operationId":"o5adlmgjijw6sza","previousOperationId":"lu1be2eqtw6b30p"}
{"type":"log","timestamp":1704830680661,"level":"debug","message":"Executing recipe chrome-pdf","meta":{"rootId":"yw85841hhlcleor","id":"yw85841hhlcleor"},"id":"r9slhk22yxfsn7j","previousOperationId":"o5adlmgjijw6sza"}
{"type":"log","timestamp":1704830680665,"level":"debug","message":"Converting with chrome HeadlessChrome/117.0.5938.149 using chrome-pool strategy","meta":{"rootId":"yw85841hhlcleor","id":"yw85841hhlcleor"},"id":"p1plmacgvwynufl","previousOperationId":"o5adlmgjijw6sza"}
{"type":"log","timestamp":1704830680777,"level":"debug","message":"Page request: GET (document) file:///C:/Users/arida/AppData/Local/Temp/jsreport/autocleanup/25e2b462-6d91-433b-b00b-d3c948901a62-chrome-pdf.html","meta":{"rootId":"yw85841hhlcleor","id":"yw85841hhlcleor"},"id":"kx8l7plrrdrxp6m","previousOperationId":"o5adlmgjijw6sza"}
{"type":"log","timestamp":1704830680823,"level":"debug","message":"Page request: GET (stylesheet) https://cdnjs.cloudflare.com/ajax/libs/metro/4.1.5/css/metro.min.css","meta":{"rootId":"yw85841hhlcleor","id":"yw85841hhlcleor"},"id":"48hdkyvvgv0epai","previousOperationId":"o5adlmgjijw6sza"}
{"type":"log","timestamp":1704830680824,"level":"debug","message":"Page request: GET (script) https://cdnjs.cloudflare.com/ajax/libs/Chart.js/2.7.2/Chart.min.js","meta":{"rootId":"yw85841hhlcleor","id":"yw85841hhlcleor"},"id":"89ca4834wm62du8","previousOperationId":"o5adlmgjijw6sza"}
{"type":"log","timestamp":1704830680825,"level":"debug","message":"Page request finished: GET (document) 200 file:///C:/Users/arida/AppData/Local/Temp/jsreport/autocleanup/25e2b462-6d91-433b-b00b-d3c948901a62-chrome-pdf.html","meta":{"rootId":"yw85841hhlcleor","id":"yw85841hhlcleor"},"id":"12yr320uus5mrmx","previousOperationId":"o5adlmgjijw6sza"}
{"type":"log","timestamp":1704830680845,"level":"debug","message":"Page request finished: GET (stylesheet) 200 https://cdnjs.cloudflare.com/ajax/libs/metro/4.1.5/css/metro.min.css","meta":{"rootId":"yw85841hhlcleor","id":"yw85841hhlcleor"},"id":"i1obxdqkw8nyx5p","previousOperationId":"o5adlmgjijw6sza"}
{"type":"log","timestamp":1704830680845,"level":"debug","message":"Page request finished: GET (script) 200 https://cdnjs.cloudflare.com/ajax/libs/Chart.js/2.7.2/Chart.min.js","meta":{"rootId":"yw85841hhlcleor","id":"yw85841hhlcleor"},"id":"sen9n8wm75i6b64","previousOperationId":"o5adlmgjijw6sza"}
{"type":"log","timestamp":1704830680928,"level":"debug","message":"Running chrome with params {\"printBackground\":true,\"marginTop\":\"4cm\",\"marginRight\":\"1.5cm\",\"marginBottom\":\"1.5cm\",\"marginLeft\":\"1.5cm\",\"waitForJS\":false,\"timeout\":58567,\"margin\":{\"top\":\"4cm\",\"right\":\"1.5cm\",\"bottom\":\"1.5cm\",\"left\":\"1.5cm\"}}","meta":{"rootId":"yw85841hhlcleor","id":"yw85841hhlcleor"},"id":"qqeky89jdn6u2b9","previousOperationId":"o5adlmgjijw6sza"}
{"type":"operationEnd","operationId":"o5adlmgjijw6sza","timestamp":1704830681069,"id":"fr2l6gg7y9e4a2v","previousEventId":"98bvcz1shb610ir","previousOperationId":"o5adlmgjijw6sza"}
{"type":"log","timestamp":1704830681070,"level":"info","message":"pdf-utils is starting pdf processing","meta":{"rootId":"yw85841hhlcleor","id":"yw85841hhlcleor"},"id":"ju8w4e1sds6tnv8","previousOperationId":"o5adlmgjijw6sza"}
{"type":"operationStart","subtype":"pdfUtils","name":"pdf utils","timestamp":1704830681070,"id":"dyger9vzhkja56m","previousEventId":"fr2l6gg7y9e4a2v","operationId":"uxms3nyy1x0hg2z","previousOperationId":"o5adlmgjijw6sza"}
{"type":"log","timestamp":1704830681070,"level":"debug","message":"pdf-utils detected 1 pdf operation(s) to process","meta":{"rootId":"yw85841hhlcleor","id":"yw85841hhlcleor"},"id":"hgdtzzwi9flksr9","previousOperationId":"uxms3nyy1x0hg2z"}
{"type":"log","timestamp":1704830681107,"level":"debug","message":"pdf-utils running pdf operation merge","meta":{"rootId":"yw85841hhlcleor","id":"yw85841hhlcleor"},"id":"zwfa77b47rzz4vy","previousOperationId":"uxms3nyy1x0hg2z"}
{"type":"operationStart","subtype":"pdfUtilsMerge","name":"pdf utils merge","previousOperationId":"uxms3nyy1x0hg2z","timestamp":1704830681107,"id":"setwqwa3274rm3w","previousEventId":"dyger9vzhkja56m","operationId":"wpxgn65mo0h19oy"}
{"type":"operationStart","subtype":"render","name":"orders-header","previousOperationId":"wpxgn65mo0h19oy","timestamp":1704830681108,"id":"4l2e7xkb1vt2rtt","previousEventId":"setwqwa3274rm3w","operationId":"h5srjqn6akoxof9"}
{"type":"log","timestamp":1704830681108,"level":"info","message":"Starting rendering (child) request","meta":{"rootId":"yw85841hhlcleor","id":"htcuwzcho73xm8b"},"id":"r5lw8ln4aey3vlq","previousOperationId":"h5srjqn6akoxof9"}
{"type":"log","timestamp":1704830681108,"level":"info","message":"Rendering template { name: orders-header, recipe: chrome-pdf, engine: handlebars, preview: false }","meta":{"rootId":"yw85841hhlcleor","id":"htcuwzcho73xm8b"},"id":"kfskfci95c36ngf","previousOperationId":"h5srjqn6akoxof9"}
{"type":"log","timestamp":1704830681109,"level":"debug","message":"Inline data specified.","meta":{"rootId":"yw85841hhlcleor","id":"htcuwzcho73xm8b"},"id":"g642yavn2eiinwx","previousOperationId":"h5srjqn6akoxof9"}
{"type":"log","timestamp":1704830681112,"level":"debug","message":"Base url not specified, skipping its injection.","meta":{"rootId":"yw85841hhlcleor","id":"htcuwzcho73xm8b"},"id":"7v3s5yadmymsmbp","previousOperationId":"h5srjqn6akoxof9"}
{"type":"operationStart","subtype":"engine","name":"handlebars","timestamp":1704830681112,"id":"vce61w5yv8iapuf","previousEventId":"4l2e7xkb1vt2rtt","operationId":"oc7rz0uwt2j9pba","previousOperationId":"h5srjqn6akoxof9"}
{"type":"log","timestamp":1704830681112,"level":"debug","message":"Rendering engine handlebars","meta":{"rootId":"yw85841hhlcleor","id":"htcuwzcho73xm8b"},"id":"fun9fveiyvxhy0n","previousOperationId":"oc7rz0uwt2j9pba"}
{"type":"operationEnd","operationId":"oc7rz0uwt2j9pba","timestamp":1704830681130,"id":"fsco4c03dzbae3h","previousEventId":"vce61w5yv8iapuf","previousOperationId":"oc7rz0uwt2j9pba"}
{"type":"operationStart","subtype":"recipe","name":"chrome-pdf","timestamp":1704830681130,"id":"6soq1iy1pnf3xyf","previousEventId":"fsco4c03dzbae3h","operationId":"qcp3n5uibsb9t5s","previousOperationId":"oc7rz0uwt2j9pba"}
{"type":"log","timestamp":1704830681130,"level":"debug","message":"Executing recipe chrome-pdf","meta":{"rootId":"yw85841hhlcleor","id":"htcuwzcho73xm8b"},"id":"o3ukvx3wwuidk7d","previousOperationId":"qcp3n5uibsb9t5s"}
{"type":"log","timestamp":1704830681133,"level":"debug","message":"Converting with chrome HeadlessChrome/117.0.5938.149 using chrome-pool strategy","meta":{"rootId":"yw85841hhlcleor","id":"htcuwzcho73xm8b"},"id":"fvjrll57gylpt1m","previousOperationId":"qcp3n5uibsb9t5s"}
{"type":"log","timestamp":1704830681261,"level":"debug","message":"Page request: GET (document) file:///C:/Users/arida/AppData/Local/Temp/jsreport/autocleanup/4f25680c-bdf2-4e2b-8df8-c59b2273226e-chrome-pdf.html","meta":{"rootId":"yw85841hhlcleor","id":"htcuwzcho73xm8b"},"id":"73yf1ef0zw2vulr","previousOperationId":"qcp3n5uibsb9t5s"}
{"type":"log","timestamp":1704830681274,"level":"debug","message":"Page request: GET (stylesheet) https://cdnjs.cloudflare.com/ajax/libs/metro/4.1.5/css/metro.min.css","meta":{"rootId":"yw85841hhlcleor","id":"htcuwzcho73xm8b"},"id":"jbmfshevhoej8dv","previousOperationId":"qcp3n5uibsb9t5s"}
{"type":"log","timestamp":1704830681274,"level":"debug","message":"Page request finished: GET (document) 200 file:///C:/Users/arida/AppData/Local/Temp/jsreport/autocleanup/4f25680c-bdf2-4e2b-8df8-c59b2273226e-chrome-pdf.html","meta":{"rootId":"yw85841hhlcleor","id":"htcuwzcho73xm8b"},"id":"hog3yos09rh0598","previousOperationId":"qcp3n5uibsb9t5s"}
{"type":"log","timestamp":1704830681297,"level":"debug","message":"Page request finished: GET (stylesheet) 200 https://cdnjs.cloudflare.com/ajax/libs/metro/4.1.5/css/metro.min.css","meta":{"rootId":"yw85841hhlcleor","id":"htcuwzcho73xm8b"},"id":"8881hc79sie8vdk","previousOperationId":"qcp3n5uibsb9t5s"}
{"type":"log","timestamp":1704830681324,"level":"debug","message":"Running chrome with params {\"printBackground\":true,\"marginTop\":\"1.5cm\",\"marginRight\":\"1.5cm\",\"marginLeft\":\"1.cm\",\"timeout\":58099,\"margin\":{\"top\":\"1.5cm\",\"right\":\"1.5cm\",\"left\":\"1.cm\"}}","meta":{"rootId":"yw85841hhlcleor","id":"htcuwzcho73xm8b"},"id":"p157iear130vdta","previousOperationId":"qcp3n5uibsb9t5s"}
{"type":"operationEnd","operationId":"qcp3n5uibsb9t5s","timestamp":1704830681383,"id":"nymddpq8pqqfhu9","previousEventId":"6soq1iy1pnf3xyf","previousOperationId":"qcp3n5uibsb9t5s"}
{"type":"log","timestamp":1704830681383,"level":"debug","message":"Skipping storing report.","meta":{"rootId":"yw85841hhlcleor","id":"htcuwzcho73xm8b"},"id":"ubzeq5y8rwje1x1","previousOperationId":"qcp3n5uibsb9t5s"}
{"type":"log","timestamp":1704830681383,"level":"info","message":"Rendering (child) request finished in 2152 ms","meta":{"rootId":"yw85841hhlcleor","id":"htcuwzcho73xm8b"},"id":"8hl2548n65ikhhv","previousOperationId":"qcp3n5uibsb9t5s"}
{"type":"operationEnd","subtype":"render","operationId":"h5srjqn6akoxof9","timestamp":1704830681383,"id":"553rcmzdf5nagrg","previousEventId":"nymddpq8pqqfhu9","previousOperationId":"qcp3n5uibsb9t5s"}
{"type":"operationEnd","operationId":"wpxgn65mo0h19oy","timestamp":1704830681404,"id":"v66zhzw6zegbpcy","previousEventId":"setwqwa3274rm3w","previousOperationId":"wpxgn65mo0h19oy"}
{"type":"log","timestamp":1704830681404,"level":"debug","message":"pdf-utils postproces start","meta":{"rootId":"yw85841hhlcleor","id":"yw85841hhlcleor"},"id":"3wftwti10awk1pc","previousOperationId":"wpxgn65mo0h19oy"}
{"type":"log","timestamp":1704830681435,"level":"debug","message":"pdf-utils postproces end","meta":{"rootId":"yw85841hhlcleor","id":"yw85841hhlcleor"},"id":"9b622tt3yzwzc54","previousOperationId":"wpxgn65mo0h19oy"}
{"type":"operationEnd","operationId":"uxms3nyy1x0hg2z","timestamp":1704830681435,"id":"ibs4jpw81aixl7i","previousEventId":"v66zhzw6zegbpcy","previousOperationId":"wpxgn65mo0h19oy"}
{"type":"log","timestamp":1704830681435,"level":"info","message":"pdf-utils pdf processing was finished","meta":{"rootId":"yw85841hhlcleor","id":"yw85841hhlcleor"},"id":"m0d5q1p9tk0760m","previousOperationId":"uxms3nyy1x0hg2z"}
{"type":"log","timestamp":1704830681435,"level":"debug","message":"Skipping storing report.","meta":{"rootId":"yw85841hhlcleor","id":"yw85841hhlcleor"},"id":"cyxw81mnlyrb9rm","previousOperationId":"uxms3nyy1x0hg2z"}
{"type":"log","timestamp":1704830681435,"level":"info","message":"Rendering request 6 finished in 2204 ms","meta":{"rootId":"yw85841hhlcleor","id":"yw85841hhlcleor"},"id":"kog32dp3dyesc53","previousOperationId":"uxms3nyy1x0hg2z"}
{"type":"operationEnd","subtype":"render","operationId":"ct0ro6wjl1t2at3","timestamp":1704830681435,"id":"85zgwmszgfqj28n","previousEventId":"ibs4jpw81aixl7i","previousOperationId":"uxms3nyy1x0hg2z"}
{"type":"operationEnd","doDiffs":false,"previousEventId":"no27fm1tac962zh","previousOperationId":"xbmhobj1dt8e6hj","operationId":"xbmhobj1dt8e6hj","timestamp":1704830681443,"id":"k63ntmkn3al0u3l"}
