{"type":"operationStart","subtype":"profile","data":{"_id":"YiF7YYaKTFP42I4p","timestamp":"2024-01-14T19:44:25.754Z","state":"queued","mode":"standard","creationDate":"2024-01-14T19:44:25.756Z","modificationDate":"2024-01-14T19:44:25.756Z","shortid":"68NUC_L","$entitySet":"profiles"},"doDiffs":false,"timestamp":1705261465755,"id":"fjltqm45ti8o9jb","previousOperationId":null,"operationId":"gwcl9nhlo2hz5y9"}
{"type":"log","level":"info","message":"Render request 3 queued for execution and waiting for available worker","previousOperationId":"gwcl9nhlo2hz5y9","timestamp":1705261465755,"id":"2lfhqks1b9s9byf"}
{"type":"operationStart","subtype":"render","name":"orders-main","previousOperationId":"gwcl9nhlo2hz5y9","timestamp":1705261465769,"id":"q1jhr7qmweapd50","previousEventId":"fjltqm45ti8o9jb","operationId":"bxmo8xco991ll4q"}
{"type":"log","timestamp":1705261465769,"level":"info","message":"Starting rendering request 3","meta":{"rootId":"yzesyb6ell43z9i","id":"yzesyb6ell43z9i"},"id":"16x7uvh84qm8x2f","previousOperationId":"bxmo8xco991ll4q"}
{"type":"log","timestamp":1705261465770,"level":"info","message":"Rendering template { name: orders-main, recipe: chrome-pdf, engine: handlebars, preview: true }","meta":{"rootId":"yzesyb6ell43z9i","id":"yzesyb6ell43z9i"},"id":"fdv6ofqkvhou3vm","previousOperationId":"bxmo8xco991ll4q"}
{"type":"log","timestamp":1705261465772,"level":"debug","message":"Data item not defined for this template.","meta":{"rootId":"yzesyb6ell43z9i","id":"yzesyb6ell43z9i"},"id":"k5sa2rcglduzyjk","previousOperationId":"bxmo8xco991ll4q"}
{"type":"log","timestamp":1705261465778,"level":"debug","message":"Executing script orders-script (beforeRender)","meta":{"rootId":"yzesyb6ell43z9i","id":"yzesyb6ell43z9i"},"id":"kup8w0afef8iest","previousOperationId":"bxmo8xco991ll4q"}
{"type":"operationStart","subtype":"scriptsBeforeRender","name":"scripts beforeRender","timestamp":1705261465790,"id":"xz12she0541iyt4","previousEventId":"q1jhr7qmweapd50","operationId":"fo6gxsqw46iu7jj","previousOperationId":"bxmo8xco991ll4q"}
{"type":"operationStart","subtype":"script","name":"scripts orders-script","previousOperationId":"fo6gxsqw46iu7jj","timestamp":1705261465790,"id":"ziuawb1yeftdbgg","previousEventId":"xz12she0541iyt4","operationId":"2yacllqs3ife5lg"}
{"type":"operationEnd","operationId":"2yacllqs3ife5lg","timestamp":1705261465805,"id":"hsib4lzrvhw6idn","previousEventId":"q1jhr7qmweapd50","previousOperationId":"bxmo8xco991ll4q"}
{"type":"operationEnd","operationId":"fo6gxsqw46iu7jj","timestamp":1705261465805,"id":"7fjxzy8hgq507cd","previousEventId":"hsib4lzrvhw6idn","previousOperationId":"bxmo8xco991ll4q"}
{"type":"log","timestamp":1705261465805,"level":"debug","message":"Base url not specified, skipping its injection.","meta":{"rootId":"yzesyb6ell43z9i","id":"yzesyb6ell43z9i"},"id":"ae3lcsok4nvf39s","previousOperationId":"fo6gxsqw46iu7jj"}
{"type":"operationStart","subtype":"engine","name":"handlebars","timestamp":1705261465806,"id":"fs7stq6hhc52gsr","previousEventId":"7fjxzy8hgq507cd","operationId":"2o23o81332cdv23","previousOperationId":"fo6gxsqw46iu7jj"}
{"type":"log","timestamp":1705261465806,"level":"debug","message":"Rendering engine handlebars","meta":{"rootId":"yzesyb6ell43z9i","id":"yzesyb6ell43z9i"},"id":"hjgb7ksif19sotb","previousOperationId":"2o23o81332cdv23"}
{"type":"operationEnd","operationId":"2o23o81332cdv23","timestamp":1705261465829,"id":"f0avpgk8yhrht90","previousEventId":"fs7stq6hhc52gsr","previousOperationId":"2o23o81332cdv23"}
{"type":"operationStart","subtype":"recipe","name":"chrome-pdf","timestamp":1705261465830,"id":"ykwezosidxer76x","previousEventId":"f0avpgk8yhrht90","operationId":"rm7rptf9jjebirj","previousOperationId":"2o23o81332cdv23"}
{"type":"log","timestamp":1705261465830,"level":"debug","message":"Executing recipe chrome-pdf","meta":{"rootId":"yzesyb6ell43z9i","id":"yzesyb6ell43z9i"},"id":"3y7m1xfy4y8ewel","previousOperationId":"rm7rptf9jjebirj"}
{"type":"log","timestamp":1705261465832,"level":"debug","message":"Converting with chrome HeadlessChrome/117.0.5938.149 using chrome-pool strategy","meta":{"rootId":"yzesyb6ell43z9i","id":"yzesyb6ell43z9i"},"id":"yydu5rhvl672qb6","previousOperationId":"rm7rptf9jjebirj"}
{"type":"log","timestamp":1705261465967,"level":"debug","message":"Page request: GET (document) file:///C:/Users/arida/AppData/Local/Temp/jsreport/autocleanup/1180f33c-5bd5-46f2-adb7-f765c0a142b4-chrome-pdf.html","meta":{"rootId":"yzesyb6ell43z9i","id":"yzesyb6ell43z9i"},"id":"1w8xbv9f0ofsw9v","previousOperationId":"rm7rptf9jjebirj"}
{"type":"log","timestamp":1705261465979,"level":"debug","message":"Page request: GET (stylesheet) https://cdnjs.cloudflare.com/ajax/libs/metro/4.1.5/css/metro.min.css","meta":{"rootId":"yzesyb6ell43z9i","id":"yzesyb6ell43z9i"},"id":"9mjua38wdpbtzio","previousOperationId":"rm7rptf9jjebirj"}
{"type":"log","timestamp":1705261465979,"level":"debug","message":"Page request: GET (script) https://cdnjs.cloudflare.com/ajax/libs/Chart.js/2.7.2/Chart.min.js","meta":{"rootId":"yzesyb6ell43z9i","id":"yzesyb6ell43z9i"},"id":"hrvicl52tt36kzu","previousOperationId":"rm7rptf9jjebirj"}
{"type":"log","timestamp":1705261465980,"level":"debug","message":"Page request finished: GET (document) 200 file:///C:/Users/arida/AppData/Local/Temp/jsreport/autocleanup/1180f33c-5bd5-46f2-adb7-f765c0a142b4-chrome-pdf.html","meta":{"rootId":"yzesyb6ell43z9i","id":"yzesyb6ell43z9i"},"id":"62lo97k633l45iv","previousOperationId":"rm7rptf9jjebirj"}
{"type":"log","timestamp":1705261466005,"level":"debug","message":"Page request finished: GET (stylesheet) 200 https://cdnjs.cloudflare.com/ajax/libs/metro/4.1.5/css/metro.min.css","meta":{"rootId":"yzesyb6ell43z9i","id":"yzesyb6ell43z9i"},"id":"xirbsph6qxe9p7z","previousOperationId":"rm7rptf9jjebirj"}
{"type":"log","timestamp":1705261466005,"level":"debug","message":"Page request finished: GET (script) 200 https://cdnjs.cloudflare.com/ajax/libs/Chart.js/2.7.2/Chart.min.js","meta":{"rootId":"yzesyb6ell43z9i","id":"yzesyb6ell43z9i"},"id":"8tby2gxgvs0rlr2","previousOperationId":"rm7rptf9jjebirj"}
{"type":"log","timestamp":1705261466021,"level":"warn","message":"Page error: Unexpected identifier 'afterwards' , stack: SyntaxError: Unexpected identifier 'afterwards'","meta":{"rootId":"yzesyb6ell43z9i","id":"yzesyb6ell43z9i"},"id":"ws4mn71byw5qw82","previousOperationId":"rm7rptf9jjebirj"}
{"type":"log","timestamp":1705261466052,"level":"debug","message":"Running chrome with params {\"printBackground\":true,\"marginTop\":\"4cm\",\"marginRight\":\"1.5cm\",\"marginBottom\":\"1.5cm\",\"marginLeft\":\"1.5cm\",\"waitForJS\":false,\"timeout\":59923,\"margin\":{\"top\":\"4cm\",\"right\":\"1.5cm\",\"bottom\":\"1.5cm\",\"left\":\"1.5cm\"}}","meta":{"rootId":"yzesyb6ell43z9i","id":"yzesyb6ell43z9i"},"id":"pwhonjo2iara69j","previousOperationId":"rm7rptf9jjebirj"}
{"type":"operationEnd","operationId":"rm7rptf9jjebirj","timestamp":1705261466111,"id":"r8pnlu0e74swdww","previousEventId":"ykwezosidxer76x","previousOperationId":"rm7rptf9jjebirj"}
{"type":"log","timestamp":1705261466112,"level":"info","message":"pdf-utils is starting pdf processing","meta":{"rootId":"yzesyb6ell43z9i","id":"yzesyb6ell43z9i"},"id":"kxer16mjnu8sela","previousOperationId":"rm7rptf9jjebirj"}
{"type":"operationStart","subtype":"pdfUtils","name":"pdf utils","timestamp":1705261466112,"id":"3k30gb73tkbp0lt","previousEventId":"r8pnlu0e74swdww","operationId":"2zzdzfes5wrv0j1","previousOperationId":"rm7rptf9jjebirj"}
{"type":"log","timestamp":1705261466112,"level":"debug","message":"pdf-utils detected 1 pdf operation(s) to process","meta":{"rootId":"yzesyb6ell43z9i","id":"yzesyb6ell43z9i"},"id":"n2cgwj72tzj22yc","previousOperationId":"2zzdzfes5wrv0j1"}
{"type":"log","timestamp":1705261466150,"level":"debug","message":"pdf-utils running pdf operation merge","meta":{"rootId":"yzesyb6ell43z9i","id":"yzesyb6ell43z9i"},"id":"yhz2v02js6xdbgn","previousOperationId":"2zzdzfes5wrv0j1"}
{"type":"operationStart","subtype":"pdfUtilsMerge","name":"pdf utils merge","previousOperationId":"2zzdzfes5wrv0j1","timestamp":1705261466150,"id":"h70qu1sg0zocp5x","previousEventId":"3k30gb73tkbp0lt","operationId":"v3vc6cr7upglm0o"}
{"type":"operationStart","subtype":"render","name":"orders-header","previousOperationId":"v3vc6cr7upglm0o","timestamp":1705261466151,"id":"h5csq19wkjzx8ii","previousEventId":"h70qu1sg0zocp5x","operationId":"1lqpwni1d8btq5w"}
{"type":"log","timestamp":1705261466151,"level":"info","message":"Starting rendering (child) request","meta":{"rootId":"yzesyb6ell43z9i","id":"3qtf9upovht6yq6"},"id":"k64wcdmgcnu2386","previousOperationId":"1lqpwni1d8btq5w"}
{"type":"log","timestamp":1705261466151,"level":"info","message":"Rendering template { name: orders-header, recipe: chrome-pdf, engine: handlebars, preview: true }","meta":{"rootId":"yzesyb6ell43z9i","id":"3qtf9upovht6yq6"},"id":"rriv44q11dshjl2","previousOperationId":"1lqpwni1d8btq5w"}
{"type":"log","timestamp":1705261466160,"level":"debug","message":"Inline data specified.","meta":{"rootId":"yzesyb6ell43z9i","id":"3qtf9upovht6yq6"},"id":"y5t95s0pvp7lzti","previousOperationId":"1lqpwni1d8btq5w"}
{"type":"log","timestamp":1705261466163,"level":"debug","message":"Base url not specified, skipping its injection.","meta":{"rootId":"yzesyb6ell43z9i","id":"3qtf9upovht6yq6"},"id":"a75z2gdrim7l1og","previousOperationId":"1lqpwni1d8btq5w"}
{"type":"operationStart","subtype":"engine","name":"handlebars","timestamp":1705261466163,"id":"wywjo2l6g615kuy","previousEventId":"h5csq19wkjzx8ii","operationId":"zrohv3v3uo3alrd","previousOperationId":"1lqpwni1d8btq5w"}
{"type":"log","timestamp":1705261466163,"level":"debug","message":"Rendering engine handlebars","meta":{"rootId":"yzesyb6ell43z9i","id":"3qtf9upovht6yq6"},"id":"5mm84z8d6bdk0vq","previousOperationId":"zrohv3v3uo3alrd"}
{"type":"operationEnd","operationId":"zrohv3v3uo3alrd","timestamp":1705261466181,"id":"qhch8h01wmpj740","previousEventId":"wywjo2l6g615kuy","previousOperationId":"zrohv3v3uo3alrd"}
{"type":"operationStart","subtype":"recipe","name":"chrome-pdf","timestamp":1705261466181,"id":"ghjxd21w8bbrro3","previousEventId":"qhch8h01wmpj740","operationId":"7v3o1hxgssflspi","previousOperationId":"zrohv3v3uo3alrd"}
{"type":"log","timestamp":1705261466181,"level":"debug","message":"Executing recipe chrome-pdf","meta":{"rootId":"yzesyb6ell43z9i","id":"3qtf9upovht6yq6"},"id":"sqinsm9ykgqz92u","previousOperationId":"7v3o1hxgssflspi"}
{"type":"log","timestamp":1705261466185,"level":"debug","message":"Converting with chrome HeadlessChrome/117.0.5938.149 using chrome-pool strategy","meta":{"rootId":"yzesyb6ell43z9i","id":"3qtf9upovht6yq6"},"id":"iy9wjcp5o411o9q","previousOperationId":"7v3o1hxgssflspi"}
{"type":"log","timestamp":1705261466321,"level":"debug","message":"Page request: GET (document) file:///C:/Users/arida/AppData/Local/Temp/jsreport/autocleanup/fe565b4e-0053-460b-98ac-7f857a719d73-chrome-pdf.html","meta":{"rootId":"yzesyb6ell43z9i","id":"3qtf9upovht6yq6"},"id":"8iaw2t3heqfolec","previousOperationId":"7v3o1hxgssflspi"}
{"type":"log","timestamp":1705261466333,"level":"debug","message":"Page request: GET (stylesheet) https://cdnjs.cloudflare.com/ajax/libs/metro/4.1.5/css/metro.min.css","meta":{"rootId":"yzesyb6ell43z9i","id":"3qtf9upovht6yq6"},"id":"6crs9f5hrp12e5z","previousOperationId":"7v3o1hxgssflspi"}
{"type":"log","timestamp":1705261466333,"level":"debug","message":"Page request finished: GET (document) 200 file:///C:/Users/arida/AppData/Local/Temp/jsreport/autocleanup/fe565b4e-0053-460b-98ac-7f857a719d73-chrome-pdf.html","meta":{"rootId":"yzesyb6ell43z9i","id":"3qtf9upovht6yq6"},"id":"jzlnnwc0ul6rz5x","previousOperationId":"7v3o1hxgssflspi"}
{"type":"log","timestamp":1705261466355,"level":"debug","message":"Page request finished: GET (stylesheet) 200 https://cdnjs.cloudflare.com/ajax/libs/metro/4.1.5/css/metro.min.css","meta":{"rootId":"yzesyb6ell43z9i","id":"3qtf9upovht6yq6"},"id":"qmnrf4a0fqbzh42","previousOperationId":"7v3o1hxgssflspi"}
{"type":"log","timestamp":1705261466377,"level":"debug","message":"Running chrome with params {\"printBackground\":true,\"marginTop\":\"1.5cm\",\"marginRight\":\"1.5cm\",\"marginLeft\":\"1.cm\",\"timeout\":59571,\"margin\":{\"top\":\"1.5cm\",\"right\":\"1.5cm\",\"left\":\"1.cm\"}}","meta":{"rootId":"yzesyb6ell43z9i","id":"3qtf9upovht6yq6"},"id":"cbph1tnhfc12hcf","previousOperationId":"7v3o1hxgssflspi"}
{"type":"operationEnd","operationId":"7v3o1hxgssflspi","timestamp":1705261466417,"id":"rkrat7jcq32gbi4","previousEventId":"ghjxd21w8bbrro3","previousOperationId":"7v3o1hxgssflspi"}
{"type":"log","timestamp":1705261466417,"level":"debug","message":"Skipping storing report.","meta":{"rootId":"yzesyb6ell43z9i","id":"3qtf9upovht6yq6"},"id":"hsk9obm4a9170ni","previousOperationId":"7v3o1hxgssflspi"}
{"type":"log","timestamp":1705261466417,"level":"info","message":"Rendering (child) request finished in 663 ms","meta":{"rootId":"yzesyb6ell43z9i","id":"3qtf9upovht6yq6"},"id":"mdd9uzv70jgpbyy","previousOperationId":"7v3o1hxgssflspi"}
{"type":"operationEnd","subtype":"render","operationId":"1lqpwni1d8btq5w","timestamp":1705261466417,"id":"7gjhe9rb00mjndc","previousEventId":"rkrat7jcq32gbi4","previousOperationId":"7v3o1hxgssflspi"}
{"type":"operationEnd","operationId":"v3vc6cr7upglm0o","timestamp":1705261466428,"id":"5trl75ekq5vwp2e","previousEventId":"h70qu1sg0zocp5x","previousOperationId":"v3vc6cr7upglm0o"}
{"type":"log","timestamp":1705261466428,"level":"debug","message":"pdf-utils postproces start","meta":{"rootId":"yzesyb6ell43z9i","id":"yzesyb6ell43z9i"},"id":"8laybghixqmf8g8","previousOperationId":"v3vc6cr7upglm0o"}
{"type":"log","timestamp":1705261466438,"level":"debug","message":"pdf-utils postproces end","meta":{"rootId":"yzesyb6ell43z9i","id":"yzesyb6ell43z9i"},"id":"sglpglybkl23eht","previousOperationId":"v3vc6cr7upglm0o"}
{"type":"operationEnd","operationId":"2zzdzfes5wrv0j1","timestamp":1705261466438,"id":"zkkrg05vop0qdc1","previousEventId":"5trl75ekq5vwp2e","previousOperationId":"v3vc6cr7upglm0o"}
{"type":"log","timestamp":1705261466438,"level":"info","message":"pdf-utils pdf processing was finished","meta":{"rootId":"yzesyb6ell43z9i","id":"yzesyb6ell43z9i"},"id":"xnoc6q02lf3lvym","previousOperationId":"2zzdzfes5wrv0j1"}
{"type":"log","timestamp":1705261466438,"level":"debug","message":"Skipping storing report.","meta":{"rootId":"yzesyb6ell43z9i","id":"yzesyb6ell43z9i"},"id":"9n8yobu9aevnyrm","previousOperationId":"2zzdzfes5wrv0j1"}
{"type":"log","timestamp":1705261466438,"level":"info","message":"Rendering request 3 finished in 684 ms","meta":{"rootId":"yzesyb6ell43z9i","id":"yzesyb6ell43z9i"},"id":"jsuwrch45nqgbh4","previousOperationId":"2zzdzfes5wrv0j1"}
{"type":"operationEnd","subtype":"render","operationId":"bxmo8xco991ll4q","timestamp":1705261466438,"id":"yphoe7us6xrnxas","previousEventId":"zkkrg05vop0qdc1","previousOperationId":"2zzdzfes5wrv0j1"}
{"type":"operationEnd","doDiffs":false,"previousEventId":"fjltqm45ti8o9jb","previousOperationId":"gwcl9nhlo2hz5y9","operationId":"gwcl9nhlo2hz5y9","timestamp":1705261466453,"id":"22fqy866kng69gv"}
