{"type":"operationStart","subtype":"profile","data":{"_id":"Jx6LASFYZ98F8Z7H","timestamp":"2024-01-14T18:00:00.217Z","state":"queued","mode":"standard","creationDate":"2024-01-14T18:00:00.221Z","modificationDate":"2024-01-14T18:00:00.221Z","shortid":"znkSbsG","$entitySet":"profiles"},"doDiffs":false,"timestamp":1705255200219,"id":"2jtnjiix6oodolq","previousOperationId":null,"operationId":"3618bzyxpymk3wb"}
{"type":"log","level":"info","message":"Render request 3 queued for execution and waiting for available worker","previousOperationId":"3618bzyxpymk3wb","timestamp":1705255200219,"id":"5btm34pbud8cokc"}
{"type":"operationStart","subtype":"render","name":"orders-main","previousOperationId":"3618bzyxpymk3wb","timestamp":1705255200234,"id":"2jg5wbmf1oq6819","previousEventId":"2jtnjiix6oodolq","operationId":"fz7kksfkpokw6le"}
{"type":"log","timestamp":1705255200234,"level":"info","message":"Starting rendering request 3","meta":{"rootId":"z38svuzazz33rqi","id":"z38svuzazz33rqi"},"id":"ihee1ep5vwf0wv8","previousOperationId":"fz7kksfkpokw6le"}
{"type":"log","timestamp":1705255200234,"level":"info","message":"Rendering template { name: orders-main, recipe: chrome-pdf, engine: handlebars, preview: true }","meta":{"rootId":"z38svuzazz33rqi","id":"z38svuzazz33rqi"},"id":"ivr1stjqr62te6w","previousOperationId":"fz7kksfkpokw6le"}
{"type":"log","timestamp":1705255200235,"level":"debug","message":"Data item not defined for this template.","meta":{"rootId":"z38svuzazz33rqi","id":"z38svuzazz33rqi"},"id":"1ve06llspq1g9c9","previousOperationId":"fz7kksfkpokw6le"}
{"type":"log","timestamp":1705255200241,"level":"debug","message":"Executing script orders-script (beforeRender)","meta":{"rootId":"z38svuzazz33rqi","id":"z38svuzazz33rqi"},"id":"jjhjoypnrm50f1k","previousOperationId":"fz7kksfkpokw6le"}
{"type":"operationStart","subtype":"scriptsBeforeRender","name":"scripts beforeRender","timestamp":1705255200253,"id":"f1pszj2pf8qi89r","previousEventId":"2jg5wbmf1oq6819","operationId":"dz88g4suf0j4rbu","previousOperationId":"fz7kksfkpokw6le"}
{"type":"operationStart","subtype":"script","name":"scripts orders-script","previousOperationId":"dz88g4suf0j4rbu","timestamp":1705255200253,"id":"hz0w0y45i20ul90","previousEventId":"f1pszj2pf8qi89r","operationId":"qaks2cnf63aq5xl"}
{"type":"log","timestamp":1705255200264,"level":"debug","message":"(console:log) [\n  {\n    rows: [ [Object], [Object] ],\n    municipio: 'undefined',\n    accumulated: { '3/Ingenio': [Object], '0/Las Palmas': [Object] }\n  }\n]","meta":{"userLevel":true,"rootId":"z38svuzazz33rqi","id":"z38svuzazz33rqi"},"id":"fdp0cwadcymgl4v","previousOperationId":"qaks2cnf63aq5xl"}
{"type":"operationEnd","operationId":"qaks2cnf63aq5xl","timestamp":1705255200265,"id":"x5uefwyftwhncxi","previousEventId":"2jg5wbmf1oq6819","previousOperationId":"fz7kksfkpokw6le"}
{"type":"operationEnd","operationId":"dz88g4suf0j4rbu","timestamp":1705255200265,"id":"bg1rmk8co0s5v49","previousEventId":"x5uefwyftwhncxi","previousOperationId":"fz7kksfkpokw6le"}
{"type":"log","timestamp":1705255200265,"level":"debug","message":"Base url not specified, skipping its injection.","meta":{"rootId":"z38svuzazz33rqi","id":"z38svuzazz33rqi"},"id":"yn5k27sxclowjjq","previousOperationId":"dz88g4suf0j4rbu"}
{"type":"operationStart","subtype":"engine","name":"handlebars","timestamp":1705255200265,"id":"kxdclghdxpiia0y","previousEventId":"bg1rmk8co0s5v49","operationId":"1e4e0v6nz43sw68","previousOperationId":"dz88g4suf0j4rbu"}
{"type":"log","timestamp":1705255200265,"level":"debug","message":"Rendering engine handlebars","meta":{"rootId":"z38svuzazz33rqi","id":"z38svuzazz33rqi"},"id":"eotnzvrrb0vfgwa","previousOperationId":"1e4e0v6nz43sw68"}
{"type":"operationEnd","operationId":"1e4e0v6nz43sw68","timestamp":1705255200299,"id":"jjkxhtbijvu3vbe","previousEventId":"kxdclghdxpiia0y","previousOperationId":"1e4e0v6nz43sw68"}
{"type":"operationStart","subtype":"recipe","name":"chrome-pdf","timestamp":1705255200300,"id":"yp857h7jt42plb1","previousEventId":"jjkxhtbijvu3vbe","operationId":"kxfpz8dpt72q8mb","previousOperationId":"1e4e0v6nz43sw68"}
{"type":"log","timestamp":1705255200300,"level":"debug","message":"Executing recipe chrome-pdf","meta":{"rootId":"z38svuzazz33rqi","id":"z38svuzazz33rqi"},"id":"zzggeiusz3qtqe6","previousOperationId":"kxfpz8dpt72q8mb"}
{"type":"log","timestamp":1705255200304,"level":"debug","message":"Converting with chrome HeadlessChrome/117.0.5938.149 using chrome-pool strategy","meta":{"rootId":"z38svuzazz33rqi","id":"z38svuzazz33rqi"},"id":"3nit7xhzz08mam6","previousOperationId":"kxfpz8dpt72q8mb"}
{"type":"log","timestamp":1705255200458,"level":"debug","message":"Page request: GET (document) file:///C:/Users/arida/AppData/Local/Temp/jsreport/autocleanup/d2935dd7-8b85-4e41-8c99-4250d083f956-chrome-pdf.html","meta":{"rootId":"z38svuzazz33rqi","id":"z38svuzazz33rqi"},"id":"qhre540qahsjpuk","previousOperationId":"kxfpz8dpt72q8mb"}
{"type":"log","timestamp":1705255200470,"level":"debug","message":"Page request: GET (stylesheet) https://cdnjs.cloudflare.com/ajax/libs/metro/4.1.5/css/metro.min.css","meta":{"rootId":"z38svuzazz33rqi","id":"z38svuzazz33rqi"},"id":"hqb4x9vienpwkkk","previousOperationId":"kxfpz8dpt72q8mb"}
{"type":"log","timestamp":1705255200471,"level":"debug","message":"Page request: GET (script) https://cdnjs.cloudflare.com/ajax/libs/Chart.js/2.7.2/Chart.min.js","meta":{"rootId":"z38svuzazz33rqi","id":"z38svuzazz33rqi"},"id":"g7mjct6wxenr0nj","previousOperationId":"kxfpz8dpt72q8mb"}
{"type":"log","timestamp":1705255200471,"level":"debug","message":"Page request finished: GET (document) 200 file:///C:/Users/arida/AppData/Local/Temp/jsreport/autocleanup/d2935dd7-8b85-4e41-8c99-4250d083f956-chrome-pdf.html","meta":{"rootId":"z38svuzazz33rqi","id":"z38svuzazz33rqi"},"id":"gf3z7kxan20djz8","previousOperationId":"kxfpz8dpt72q8mb"}
{"type":"log","timestamp":1705255200502,"level":"debug","message":"Page request finished: GET (stylesheet) 200 https://cdnjs.cloudflare.com/ajax/libs/metro/4.1.5/css/metro.min.css","meta":{"rootId":"z38svuzazz33rqi","id":"z38svuzazz33rqi"},"id":"krmysu0egdruyh5","previousOperationId":"kxfpz8dpt72q8mb"}
{"type":"log","timestamp":1705255200502,"level":"debug","message":"Page request finished: GET (script) 200 https://cdnjs.cloudflare.com/ajax/libs/Chart.js/2.7.2/Chart.min.js","meta":{"rootId":"z38svuzazz33rqi","id":"z38svuzazz33rqi"},"id":"ylno37io7lfbamw","previousOperationId":"kxfpz8dpt72q8mb"}
{"type":"log","timestamp":1705255200530,"level":"debug","message":"Running chrome with params {\"printBackground\":true,\"marginTop\":\"4cm\",\"marginRight\":\"1.5cm\",\"marginBottom\":\"1.5cm\",\"marginLeft\":\"1.5cm\",\"waitForJS\":false,\"timeout\":59914,\"margin\":{\"top\":\"4cm\",\"right\":\"1.5cm\",\"bottom\":\"1.5cm\",\"left\":\"1.5cm\"}}","meta":{"rootId":"z38svuzazz33rqi","id":"z38svuzazz33rqi"},"id":"a3yhrco1z4aljky","previousOperationId":"kxfpz8dpt72q8mb"}
{"type":"operationEnd","operationId":"kxfpz8dpt72q8mb","timestamp":1705255200563,"id":"8gj8u0meufiy53p","previousEventId":"yp857h7jt42plb1","previousOperationId":"kxfpz8dpt72q8mb"}
{"type":"log","timestamp":1705255200563,"level":"info","message":"pdf-utils is starting pdf processing","meta":{"rootId":"z38svuzazz33rqi","id":"z38svuzazz33rqi"},"id":"xez4g2oz97n9taa","previousOperationId":"kxfpz8dpt72q8mb"}
{"type":"operationStart","subtype":"pdfUtils","name":"pdf utils","timestamp":1705255200563,"id":"osn1sp4xlvi7wns","previousEventId":"8gj8u0meufiy53p","operationId":"0g6ltybcvnvuakq","previousOperationId":"kxfpz8dpt72q8mb"}
{"type":"log","timestamp":1705255200565,"level":"debug","message":"pdf-utils detected 1 pdf operation(s) to process","meta":{"rootId":"z38svuzazz33rqi","id":"z38svuzazz33rqi"},"id":"vf02q8u67v5xpl6","previousOperationId":"0g6ltybcvnvuakq"}
{"type":"log","timestamp":1705255200574,"level":"debug","message":"pdf-utils running pdf operation merge","meta":{"rootId":"z38svuzazz33rqi","id":"z38svuzazz33rqi"},"id":"zpfswyq2eyk0d7f","previousOperationId":"0g6ltybcvnvuakq"}
{"type":"operationStart","subtype":"pdfUtilsMerge","name":"pdf utils merge","previousOperationId":"0g6ltybcvnvuakq","timestamp":1705255200574,"id":"oys6xmbsujwi8yi","previousEventId":"osn1sp4xlvi7wns","operationId":"q1hg089kp4qj8lp"}
{"type":"operationStart","subtype":"render","name":"orders-header","previousOperationId":"q1hg089kp4qj8lp","timestamp":1705255200575,"id":"gwu1g6kayu5jxsh","previousEventId":"oys6xmbsujwi8yi","operationId":"hg1dlxe72axxdk8"}
{"type":"log","timestamp":1705255200575,"level":"info","message":"Starting rendering (child) request","meta":{"rootId":"z38svuzazz33rqi","id":"4x7bscwo68km4fz"},"id":"7kterxt8wdvl46a","previousOperationId":"hg1dlxe72axxdk8"}
{"type":"log","timestamp":1705255200575,"level":"info","message":"Rendering template { name: orders-header, recipe: chrome-pdf, engine: handlebars, preview: true }","meta":{"rootId":"z38svuzazz33rqi","id":"4x7bscwo68km4fz"},"id":"tfcemunaqhk1erp","previousOperationId":"hg1dlxe72axxdk8"}
{"type":"log","timestamp":1705255200576,"level":"debug","message":"Inline data specified.","meta":{"rootId":"z38svuzazz33rqi","id":"4x7bscwo68km4fz"},"id":"egzm598oqf87od7","previousOperationId":"hg1dlxe72axxdk8"}
{"type":"log","timestamp":1705255200596,"level":"debug","message":"Base url not specified, skipping its injection.","meta":{"rootId":"z38svuzazz33rqi","id":"4x7bscwo68km4fz"},"id":"gdl1fbfubmlaqao","previousOperationId":"hg1dlxe72axxdk8"}
{"type":"operationStart","subtype":"engine","name":"handlebars","timestamp":1705255200596,"id":"jx39lxlx14z0i96","previousEventId":"gwu1g6kayu5jxsh","operationId":"9sdqxaujq882prq","previousOperationId":"hg1dlxe72axxdk8"}
{"type":"log","timestamp":1705255200596,"level":"debug","message":"Rendering engine handlebars","meta":{"rootId":"z38svuzazz33rqi","id":"4x7bscwo68km4fz"},"id":"7mlgymyjy4fegyu","previousOperationId":"9sdqxaujq882prq"}
{"type":"operationEnd","operationId":"9sdqxaujq882prq","timestamp":1705255200621,"id":"llasj8vz43r9066","previousEventId":"jx39lxlx14z0i96","previousOperationId":"9sdqxaujq882prq"}
{"type":"operationStart","subtype":"recipe","name":"chrome-pdf","timestamp":1705255200622,"id":"4ukoz0wak2hbeik","previousEventId":"llasj8vz43r9066","operationId":"l7x7hu0uhe4sx84","previousOperationId":"9sdqxaujq882prq"}
{"type":"log","timestamp":1705255200622,"level":"debug","message":"Executing recipe chrome-pdf","meta":{"rootId":"z38svuzazz33rqi","id":"4x7bscwo68km4fz"},"id":"ko47qmehr58va0j","previousOperationId":"l7x7hu0uhe4sx84"}
{"type":"log","timestamp":1705255200626,"level":"debug","message":"Converting with chrome HeadlessChrome/117.0.5938.149 using chrome-pool strategy","meta":{"rootId":"z38svuzazz33rqi","id":"4x7bscwo68km4fz"},"id":"w60b3wzj18z5ohl","previousOperationId":"l7x7hu0uhe4sx84"}
{"type":"log","timestamp":1705255200754,"level":"debug","message":"Page request: GET (document) file:///C:/Users/arida/AppData/Local/Temp/jsreport/autocleanup/2bf4e071-0054-4a40-a014-a0e280783928-chrome-pdf.html","meta":{"rootId":"z38svuzazz33rqi","id":"4x7bscwo68km4fz"},"id":"q50xq6fyz5djzu4","previousOperationId":"l7x7hu0uhe4sx84"}
{"type":"log","timestamp":1705255200765,"level":"debug","message":"Page request: GET (stylesheet) https://cdnjs.cloudflare.com/ajax/libs/metro/4.1.5/css/metro.min.css","meta":{"rootId":"z38svuzazz33rqi","id":"4x7bscwo68km4fz"},"id":"isn59n77xvzvufz","previousOperationId":"l7x7hu0uhe4sx84"}
{"type":"log","timestamp":1705255200765,"level":"debug","message":"Page request finished: GET (document) 200 file:///C:/Users/arida/AppData/Local/Temp/jsreport/autocleanup/2bf4e071-0054-4a40-a014-a0e280783928-chrome-pdf.html","meta":{"rootId":"z38svuzazz33rqi","id":"4x7bscwo68km4fz"},"id":"j4h1f7nvnsp8yci","previousOperationId":"l7x7hu0uhe4sx84"}
{"type":"log","timestamp":1705255200783,"level":"debug","message":"Page request finished: GET (stylesheet) 200 https://cdnjs.cloudflare.com/ajax/libs/metro/4.1.5/css/metro.min.css","meta":{"rootId":"z38svuzazz33rqi","id":"4x7bscwo68km4fz"},"id":"54r97gsahr0kwe1","previousOperationId":"l7x7hu0uhe4sx84"}
{"type":"log","timestamp":1705255200803,"level":"debug","message":"Running chrome with params {\"printBackground\":true,\"marginTop\":\"1.5cm\",\"marginRight\":\"1.5cm\",\"marginLeft\":\"1.cm\",\"timeout\":59593,\"margin\":{\"top\":\"1.5cm\",\"right\":\"1.5cm\",\"left\":\"1.cm\"}}","meta":{"rootId":"z38svuzazz33rqi","id":"4x7bscwo68km4fz"},"id":"9b9yhahyfcmwu4j","previousOperationId":"l7x7hu0uhe4sx84"}
{"type":"operationEnd","operationId":"l7x7hu0uhe4sx84","timestamp":1705255200845,"id":"fy8z86x4i0zr2nd","previousEventId":"4ukoz0wak2hbeik","previousOperationId":"l7x7hu0uhe4sx84"}
{"type":"log","timestamp":1705255200845,"level":"debug","message":"Skipping storing report.","meta":{"rootId":"z38svuzazz33rqi","id":"4x7bscwo68km4fz"},"id":"y5w25dyd5p9275i","previousOperationId":"l7x7hu0uhe4sx84"}
{"type":"log","timestamp":1705255200845,"level":"info","message":"Rendering (child) request finished in 628 ms","meta":{"rootId":"z38svuzazz33rqi","id":"4x7bscwo68km4fz"},"id":"ezuoyk27zsr58tx","previousOperationId":"l7x7hu0uhe4sx84"}
{"type":"operationEnd","subtype":"render","operationId":"hg1dlxe72axxdk8","timestamp":1705255200845,"id":"fxwhvjocc4ut4wo","previousEventId":"fy8z86x4i0zr2nd","previousOperationId":"l7x7hu0uhe4sx84"}
{"type":"operationEnd","operationId":"q1hg089kp4qj8lp","timestamp":1705255200851,"id":"pxaer5uf65uw1xj","previousEventId":"oys6xmbsujwi8yi","previousOperationId":"q1hg089kp4qj8lp"}
{"type":"log","timestamp":1705255200851,"level":"debug","message":"pdf-utils postproces start","meta":{"rootId":"z38svuzazz33rqi","id":"z38svuzazz33rqi"},"id":"q3u83t1nkf1rvix","previousOperationId":"q1hg089kp4qj8lp"}
{"type":"log","timestamp":1705255200860,"level":"debug","message":"pdf-utils postproces end","meta":{"rootId":"z38svuzazz33rqi","id":"z38svuzazz33rqi"},"id":"t1iy4cbtqmj906b","previousOperationId":"q1hg089kp4qj8lp"}
{"type":"operationEnd","operationId":"0g6ltybcvnvuakq","timestamp":1705255200860,"id":"qb2dn822w7j10zm","previousEventId":"pxaer5uf65uw1xj","previousOperationId":"q1hg089kp4qj8lp"}
{"type":"log","timestamp":1705255200860,"level":"info","message":"pdf-utils pdf processing was finished","meta":{"rootId":"z38svuzazz33rqi","id":"z38svuzazz33rqi"},"id":"3jp03hibdol83hr","previousOperationId":"0g6ltybcvnvuakq"}
{"type":"log","timestamp":1705255200860,"level":"debug","message":"Skipping storing report.","meta":{"rootId":"z38svuzazz33rqi","id":"z38svuzazz33rqi"},"id":"vj9wqcx14z64bkb","previousOperationId":"0g6ltybcvnvuakq"}
{"type":"log","timestamp":1705255200860,"level":"info","message":"Rendering request 3 finished in 643 ms","meta":{"rootId":"z38svuzazz33rqi","id":"z38svuzazz33rqi"},"id":"rq0oeywoyy250gy","previousOperationId":"0g6ltybcvnvuakq"}
{"type":"operationEnd","subtype":"render","operationId":"fz7kksfkpokw6le","timestamp":1705255200860,"id":"z40jclpy1df6al0","previousEventId":"qb2dn822w7j10zm","previousOperationId":"0g6ltybcvnvuakq"}
{"type":"operationEnd","doDiffs":false,"previousEventId":"2jtnjiix6oodolq","previousOperationId":"3618bzyxpymk3wb","operationId":"3618bzyxpymk3wb","timestamp":1705255200875,"id":"rhgnhj475l6nolv"}
