{"type":"operationStart","subtype":"profile","data":{"_id":"tSkaqjv9hKuov21h","timestamp":"2024-01-14T18:01:36.786Z","state":"queued","mode":"standard","creationDate":"2024-01-14T18:01:36.791Z","modificationDate":"2024-01-14T18:01:36.791Z","shortid":"Va8qiDE","$entitySet":"profiles"},"doDiffs":false,"timestamp":1705255296788,"id":"c5i635onoiyderr","previousOperationId":null,"operationId":"lvh3m85kfzvmkx1"}
{"type":"log","level":"info","message":"Render request 1 queued for execution and waiting for available worker","previousOperationId":"lvh3m85kfzvmkx1","timestamp":1705255296789,"id":"jltt4hn23hgbrc0"}
{"type":"operationStart","subtype":"render","name":"orders-main","previousOperationId":"lvh3m85kfzvmkx1","timestamp":1705255296833,"id":"nor2ien09amqpv3","previousEventId":"c5i635onoiyderr","operationId":"axjfp1gbr05vysa"}
{"type":"log","timestamp":1705255296834,"level":"info","message":"Starting rendering request 1","meta":{"rootId":"zefgxitw7n97036","id":"zefgxitw7n97036"},"id":"rwhnh1vdoa0e23t","previousOperationId":"axjfp1gbr05vysa"}
{"type":"log","timestamp":1705255296836,"level":"info","message":"Rendering template { name: orders-main, recipe: chrome-pdf, engine: handlebars, preview: true }","meta":{"rootId":"zefgxitw7n97036","id":"zefgxitw7n97036"},"id":"bn7zjkjikn50y1o","previousOperationId":"axjfp1gbr05vysa"}
{"type":"log","timestamp":1705255296840,"level":"debug","message":"Data item not defined for this template.","meta":{"rootId":"zefgxitw7n97036","id":"zefgxitw7n97036"},"id":"m35qf525wefqld0","previousOperationId":"axjfp1gbr05vysa"}
{"type":"log","timestamp":1705255296847,"level":"debug","message":"Executing script orders-script (beforeRender)","meta":{"rootId":"zefgxitw7n97036","id":"zefgxitw7n97036"},"id":"ebqtfg26n96wxls","previousOperationId":"axjfp1gbr05vysa"}
{"type":"operationStart","subtype":"scriptsBeforeRender","name":"scripts beforeRender","timestamp":1705255297302,"id":"asdhnwyqbakbhqs","previousEventId":"nor2ien09amqpv3","operationId":"6mnmt5qjrk7pf5z","previousOperationId":"axjfp1gbr05vysa"}
{"type":"operationStart","subtype":"script","name":"scripts orders-script","previousOperationId":"6mnmt5qjrk7pf5z","timestamp":1705255297302,"id":"m2ne58acp7rcdsf","previousEventId":"asdhnwyqbakbhqs","operationId":"yvka7q8hqd7o6d2"}
{"type":"log","timestamp":1705255297331,"level":"debug","message":"(console:log) [\n  {\n    rows: [ [Object], [Object] ],\n    municipio: 'undefined',\n    accumulated: { '3/Ingenio': [Object], '0/Las Palmas': [Object] }\n  }\n]","meta":{"userLevel":true,"rootId":"zefgxitw7n97036","id":"zefgxitw7n97036"},"id":"76cheuu1arhyx4t","previousOperationId":"yvka7q8hqd7o6d2"}
{"type":"operationEnd","operationId":"yvka7q8hqd7o6d2","timestamp":1705255297332,"id":"0tu1rapgwrvfvos","previousEventId":"nor2ien09amqpv3","previousOperationId":"axjfp1gbr05vysa"}
{"type":"operationEnd","operationId":"6mnmt5qjrk7pf5z","timestamp":1705255297332,"id":"ro961kvydeb8pyz","previousEventId":"0tu1rapgwrvfvos","previousOperationId":"axjfp1gbr05vysa"}
{"type":"log","timestamp":1705255297332,"level":"debug","message":"Base url not specified, skipping its injection.","meta":{"rootId":"zefgxitw7n97036","id":"zefgxitw7n97036"},"id":"pw4vm7518ajgxty","previousOperationId":"6mnmt5qjrk7pf5z"}
{"type":"operationStart","subtype":"engine","name":"handlebars","timestamp":1705255297333,"id":"7ldd46sx7pr5znl","previousEventId":"ro961kvydeb8pyz","operationId":"wjdj160yguk5mu5","previousOperationId":"6mnmt5qjrk7pf5z"}
{"type":"log","timestamp":1705255297333,"level":"debug","message":"Rendering engine handlebars","meta":{"rootId":"zefgxitw7n97036","id":"zefgxitw7n97036"},"id":"zueih6xcn19e0cm","previousOperationId":"wjdj160yguk5mu5"}
{"type":"operationEnd","operationId":"wjdj160yguk5mu5","timestamp":1705255297690,"id":"kcfq9yaq56kr1in","previousEventId":"7ldd46sx7pr5znl","previousOperationId":"wjdj160yguk5mu5"}
{"type":"operationStart","subtype":"recipe","name":"chrome-pdf","timestamp":1705255297691,"id":"ufpac9fcvkl3blm","previousEventId":"kcfq9yaq56kr1in","operationId":"7ec1skdjf39mggq","previousOperationId":"wjdj160yguk5mu5"}
{"type":"log","timestamp":1705255297691,"level":"debug","message":"Executing recipe chrome-pdf","meta":{"rootId":"zefgxitw7n97036","id":"zefgxitw7n97036"},"id":"1zmlw9ratfooiol","previousOperationId":"7ec1skdjf39mggq"}
{"type":"log","timestamp":1705255298427,"level":"debug","message":"Converting with chrome HeadlessChrome/117.0.5938.149 using chrome-pool strategy","meta":{"rootId":"zefgxitw7n97036","id":"zefgxitw7n97036"},"id":"tob2p1t465rwg4q","previousOperationId":"7ec1skdjf39mggq"}
{"type":"log","timestamp":1705255298649,"level":"debug","message":"Page request: GET (document) file:///C:/Users/arida/AppData/Local/Temp/jsreport/autocleanup/a1b91dd5-5125-450f-877a-aff9bc8a7aa1-chrome-pdf.html","meta":{"rootId":"zefgxitw7n97036","id":"zefgxitw7n97036"},"id":"ej0m1d7hlayl8cd","previousOperationId":"7ec1skdjf39mggq"}
{"type":"log","timestamp":1705255298662,"level":"debug","message":"Page request: GET (stylesheet) https://cdnjs.cloudflare.com/ajax/libs/metro/4.1.5/css/metro.min.css","meta":{"rootId":"zefgxitw7n97036","id":"zefgxitw7n97036"},"id":"1u8n659knoniz5o","previousOperationId":"7ec1skdjf39mggq"}
{"type":"log","timestamp":1705255298662,"level":"debug","message":"Page request: GET (script) https://cdnjs.cloudflare.com/ajax/libs/Chart.js/2.7.2/Chart.min.js","meta":{"rootId":"zefgxitw7n97036","id":"zefgxitw7n97036"},"id":"nazwhpvf5f045t6","previousOperationId":"7ec1skdjf39mggq"}
{"type":"log","timestamp":1705255298663,"level":"debug","message":"Page request finished: GET (document) 200 file:///C:/Users/arida/AppData/Local/Temp/jsreport/autocleanup/a1b91dd5-5125-450f-877a-aff9bc8a7aa1-chrome-pdf.html","meta":{"rootId":"zefgxitw7n97036","id":"zefgxitw7n97036"},"id":"py26l62qm0gbf5p","previousOperationId":"7ec1skdjf39mggq"}
{"type":"log","timestamp":1705255298873,"level":"debug","message":"Page request finished: GET (script) 200 https://cdnjs.cloudflare.com/ajax/libs/Chart.js/2.7.2/Chart.min.js","meta":{"rootId":"zefgxitw7n97036","id":"zefgxitw7n97036"},"id":"1mxekb0djbdmfah","previousOperationId":"7ec1skdjf39mggq"}
{"type":"log","timestamp":1705255298936,"level":"debug","message":"Page request finished: GET (stylesheet) 200 https://cdnjs.cloudflare.com/ajax/libs/metro/4.1.5/css/metro.min.css","meta":{"rootId":"zefgxitw7n97036","id":"zefgxitw7n97036"},"id":"sar7iv4o1rjdopp","previousOperationId":"7ec1skdjf39mggq"}
{"type":"log","timestamp":1705255298952,"level":"debug","message":"Running chrome with params {\"printBackground\":true,\"marginTop\":\"4cm\",\"marginRight\":\"1.5cm\",\"marginBottom\":\"1.5cm\",\"marginLeft\":\"1.5cm\",\"waitForJS\":false,\"timeout\":58589,\"margin\":{\"top\":\"4cm\",\"right\":\"1.5cm\",\"bottom\":\"1.5cm\",\"left\":\"1.5cm\"}}","meta":{"rootId":"zefgxitw7n97036","id":"zefgxitw7n97036"},"id":"ub5lvkq7n0qcfnq","previousOperationId":"7ec1skdjf39mggq"}
{"type":"operationEnd","operationId":"7ec1skdjf39mggq","timestamp":1705255298982,"id":"jh6oav0w60ujdep","previousEventId":"ufpac9fcvkl3blm","previousOperationId":"7ec1skdjf39mggq"}
{"type":"log","timestamp":1705255298982,"level":"info","message":"pdf-utils is starting pdf processing","meta":{"rootId":"zefgxitw7n97036","id":"zefgxitw7n97036"},"id":"3kwpnen6ffro6z7","previousOperationId":"7ec1skdjf39mggq"}
{"type":"operationStart","subtype":"pdfUtils","name":"pdf utils","timestamp":1705255299218,"id":"5zrktqph9d0exfd","previousEventId":"jh6oav0w60ujdep","operationId":"r5bz9tcypi0wa3a","previousOperationId":"7ec1skdjf39mggq"}
{"type":"log","timestamp":1705255299218,"level":"debug","message":"pdf-utils detected 1 pdf operation(s) to process","meta":{"rootId":"zefgxitw7n97036","id":"zefgxitw7n97036"},"id":"56x3hhp4o949zkk","previousOperationId":"r5bz9tcypi0wa3a"}
{"type":"log","timestamp":1705255299397,"level":"debug","message":"pdf-utils running pdf operation merge","meta":{"rootId":"zefgxitw7n97036","id":"zefgxitw7n97036"},"id":"u878dk5404ztz3k","previousOperationId":"r5bz9tcypi0wa3a"}
{"type":"operationStart","subtype":"pdfUtilsMerge","name":"pdf utils merge","previousOperationId":"r5bz9tcypi0wa3a","timestamp":1705255299398,"id":"9y3e89ed0j1xjha","previousEventId":"5zrktqph9d0exfd","operationId":"e7v23cso9b3jta7"}
{"type":"operationStart","subtype":"render","name":"orders-header","previousOperationId":"e7v23cso9b3jta7","timestamp":1705255299399,"id":"dksi8hbn06xitfo","previousEventId":"9y3e89ed0j1xjha","operationId":"5lixeld1n2ganxz"}
{"type":"log","timestamp":1705255299399,"level":"info","message":"Starting rendering (child) request","meta":{"rootId":"zefgxitw7n97036","id":"t3elckz4ypxxpob"},"id":"mk4u4vt7q7jbgeh","previousOperationId":"5lixeld1n2ganxz"}
{"type":"log","timestamp":1705255299399,"level":"info","message":"Rendering template { name: orders-header, recipe: chrome-pdf, engine: handlebars, preview: true }","meta":{"rootId":"zefgxitw7n97036","id":"t3elckz4ypxxpob"},"id":"qxqbcoijn4jj1cz","previousOperationId":"5lixeld1n2ganxz"}
{"type":"log","timestamp":1705255299405,"level":"debug","message":"Inline data specified.","meta":{"rootId":"zefgxitw7n97036","id":"t3elckz4ypxxpob"},"id":"67a5squpmx23j2d","previousOperationId":"5lixeld1n2ganxz"}
{"type":"log","timestamp":1705255299407,"level":"debug","message":"Base url not specified, skipping its injection.","meta":{"rootId":"zefgxitw7n97036","id":"t3elckz4ypxxpob"},"id":"jsjvknq8tmfcha2","previousOperationId":"5lixeld1n2ganxz"}
{"type":"operationStart","subtype":"engine","name":"handlebars","timestamp":1705255299407,"id":"p88cmoxbtv5onsd","previousEventId":"dksi8hbn06xitfo","operationId":"ufdnd5sh0hkf6rx","previousOperationId":"5lixeld1n2ganxz"}
{"type":"log","timestamp":1705255299408,"level":"debug","message":"Rendering engine handlebars","meta":{"rootId":"zefgxitw7n97036","id":"t3elckz4ypxxpob"},"id":"t3k4yedoa5jrbvc","previousOperationId":"ufdnd5sh0hkf6rx"}
{"type":"operationEnd","operationId":"ufdnd5sh0hkf6rx","timestamp":1705255299479,"id":"4wf191pmr7aw6a4","previousEventId":"p88cmoxbtv5onsd","previousOperationId":"ufdnd5sh0hkf6rx"}
{"type":"operationStart","subtype":"recipe","name":"chrome-pdf","timestamp":1705255299480,"id":"if8hftd264oy70q","previousEventId":"4wf191pmr7aw6a4","operationId":"8tfli38t13l5bzq","previousOperationId":"ufdnd5sh0hkf6rx"}
{"type":"log","timestamp":1705255299480,"level":"debug","message":"Executing recipe chrome-pdf","meta":{"rootId":"zefgxitw7n97036","id":"t3elckz4ypxxpob"},"id":"z21w5s824ky5l41","previousOperationId":"8tfli38t13l5bzq"}
{"type":"log","timestamp":1705255299483,"level":"debug","message":"Converting with chrome HeadlessChrome/117.0.5938.149 using chrome-pool strategy","meta":{"rootId":"zefgxitw7n97036","id":"t3elckz4ypxxpob"},"id":"plrqcxzlz9j8uzo","previousOperationId":"8tfli38t13l5bzq"}
{"type":"log","timestamp":1705255299598,"level":"debug","message":"Page request: GET (document) file:///C:/Users/arida/AppData/Local/Temp/jsreport/autocleanup/2b7e7475-4bcb-4cbb-a4dc-ddf2df5054f6-chrome-pdf.html","meta":{"rootId":"zefgxitw7n97036","id":"t3elckz4ypxxpob"},"id":"1miyt712xf4a1wz","previousOperationId":"8tfli38t13l5bzq"}
{"type":"log","timestamp":1705255299609,"level":"debug","message":"Page request: GET (stylesheet) https://cdnjs.cloudflare.com/ajax/libs/metro/4.1.5/css/metro.min.css","meta":{"rootId":"zefgxitw7n97036","id":"t3elckz4ypxxpob"},"id":"53aebvfb5gp1teq","previousOperationId":"8tfli38t13l5bzq"}
{"type":"log","timestamp":1705255299610,"level":"debug","message":"Page request finished: GET (document) 200 file:///C:/Users/arida/AppData/Local/Temp/jsreport/autocleanup/2b7e7475-4bcb-4cbb-a4dc-ddf2df5054f6-chrome-pdf.html","meta":{"rootId":"zefgxitw7n97036","id":"t3elckz4ypxxpob"},"id":"bmtaojryt14t50q","previousOperationId":"8tfli38t13l5bzq"}
{"type":"log","timestamp":1705255299637,"level":"debug","message":"Page request finished: GET (stylesheet) 200 https://cdnjs.cloudflare.com/ajax/libs/metro/4.1.5/css/metro.min.css","meta":{"rootId":"zefgxitw7n97036","id":"t3elckz4ypxxpob"},"id":"2v17xtfuopv298i","previousOperationId":"8tfli38t13l5bzq"}
{"type":"log","timestamp":1705255299663,"level":"debug","message":"Running chrome with params {\"printBackground\":true,\"marginTop\":\"1.5cm\",\"marginRight\":\"1.5cm\",\"marginLeft\":\"1.cm\",\"timeout\":57303,\"margin\":{\"top\":\"1.5cm\",\"right\":\"1.5cm\",\"left\":\"1.cm\"}}","meta":{"rootId":"zefgxitw7n97036","id":"t3elckz4ypxxpob"},"id":"5ehj2675rr1qioc","previousOperationId":"8tfli38t13l5bzq"}
{"type":"operationEnd","operationId":"8tfli38t13l5bzq","timestamp":1705255299694,"id":"9ymqc2w0fyw65jz","previousEventId":"if8hftd264oy70q","previousOperationId":"8tfli38t13l5bzq"}
{"type":"log","timestamp":1705255299695,"level":"debug","message":"Skipping storing report.","meta":{"rootId":"zefgxitw7n97036","id":"t3elckz4ypxxpob"},"id":"c1d3k4lzgzaxc9x","previousOperationId":"8tfli38t13l5bzq"}
{"type":"log","timestamp":1705255299695,"level":"info","message":"Rendering (child) request finished in 2910 ms","meta":{"rootId":"zefgxitw7n97036","id":"t3elckz4ypxxpob"},"id":"go289bnkla3vbmt","previousOperationId":"8tfli38t13l5bzq"}
{"type":"operationEnd","subtype":"render","operationId":"5lixeld1n2ganxz","timestamp":1705255299695,"id":"0uq35z4u7os5kd8","previousEventId":"9ymqc2w0fyw65jz","previousOperationId":"8tfli38t13l5bzq"}
{"type":"operationEnd","operationId":"e7v23cso9b3jta7","timestamp":1705255299711,"id":"4oo4zf9hlo07dbw","previousEventId":"9y3e89ed0j1xjha","previousOperationId":"e7v23cso9b3jta7"}
{"type":"log","timestamp":1705255299711,"level":"debug","message":"pdf-utils postproces start","meta":{"rootId":"zefgxitw7n97036","id":"zefgxitw7n97036"},"id":"tz0frgxco0kzco7","previousOperationId":"e7v23cso9b3jta7"}
{"type":"log","timestamp":1705255299719,"level":"debug","message":"pdf-utils postproces end","meta":{"rootId":"zefgxitw7n97036","id":"zefgxitw7n97036"},"id":"yikfonu2u1t30us","previousOperationId":"e7v23cso9b3jta7"}
{"type":"operationEnd","operationId":"r5bz9tcypi0wa3a","timestamp":1705255299719,"id":"6stvb18ffb3j0yv","previousEventId":"4oo4zf9hlo07dbw","previousOperationId":"e7v23cso9b3jta7"}
{"type":"log","timestamp":1705255299719,"level":"info","message":"pdf-utils pdf processing was finished","meta":{"rootId":"zefgxitw7n97036","id":"zefgxitw7n97036"},"id":"sv8t2ssltvc4fcx","previousOperationId":"r5bz9tcypi0wa3a"}
{"type":"log","timestamp":1705255299719,"level":"debug","message":"Skipping storing report.","meta":{"rootId":"zefgxitw7n97036","id":"zefgxitw7n97036"},"id":"ybaltvf2joperxp","previousOperationId":"r5bz9tcypi0wa3a"}
{"type":"log","timestamp":1705255299719,"level":"info","message":"Rendering request 1 finished in 2934 ms","meta":{"rootId":"zefgxitw7n97036","id":"zefgxitw7n97036"},"id":"sx9b3juf3g09zsj","previousOperationId":"r5bz9tcypi0wa3a"}
{"type":"operationEnd","subtype":"render","operationId":"axjfp1gbr05vysa","timestamp":1705255299719,"id":"t3hww5sspmxy4cj","previousEventId":"6stvb18ffb3j0yv","previousOperationId":"r5bz9tcypi0wa3a"}
{"type":"operationEnd","doDiffs":false,"previousEventId":"c5i635onoiyderr","previousOperationId":"lvh3m85kfzvmkx1","operationId":"lvh3m85kfzvmkx1","timestamp":1705255299732,"id":"rjh03q500ioocgf"}
