{"type":"operationStart","subtype":"profile","data":{"_id":"s7Vd4oz2IgblOrIR","timestamp":"2024-01-15T09:56:07.230Z","state":"queued","mode":"standard","creationDate":"2024-01-15T09:56:07.240Z","modificationDate":"2024-01-15T09:56:07.240Z","shortid":"u7ifcEi","$entitySet":"profiles"},"doDiffs":false,"timestamp":1705312567235,"id":"k10z3sep6nlyj6n","previousOperationId":null,"operationId":"ztsnp8mwq4d74cv"}
{"type":"log","level":"info","message":"Render request 2 queued for execution and waiting for available worker","previousOperationId":"ztsnp8mwq4d74cv","timestamp":1705312567236,"id":"wwmf52heeoeaqoy"}
{"type":"operationStart","subtype":"render","name":"locations-header","previousOperationId":"ztsnp8mwq4d74cv","timestamp":1705312567283,"id":"akszxd883z5n7iu","previousEventId":"k10z3sep6nlyj6n","operationId":"gpko2yamz9yrjo3"}
{"type":"log","timestamp":1705312567285,"level":"info","message":"Starting rendering request 2","meta":{"rootId":"f2lvkas0emiv9cw","id":"f2lvkas0emiv9cw"},"id":"miussocz3t3dbey","previousOperationId":"gpko2yamz9yrjo3"}
{"type":"log","timestamp":1705312567288,"level":"info","message":"Rendering template { name: locations-header, recipe: chrome-pdf, engine: handlebars, preview: true }","meta":{"rootId":"f2lvkas0emiv9cw","id":"f2lvkas0emiv9cw"},"id":"1pz4x6y4nwn4se2","previousOperationId":"gpko2yamz9yrjo3"}
{"type":"log","timestamp":1705312567297,"level":"debug","message":"Data item not defined for this template.","meta":{"rootId":"f2lvkas0emiv9cw","id":"f2lvkas0emiv9cw"},"id":"oum0vmtdnjvgzwf","previousOperationId":"gpko2yamz9yrjo3"}
{"type":"log","timestamp":1705312567307,"level":"debug","message":"Base url not specified, skipping its injection.","meta":{"rootId":"f2lvkas0emiv9cw","id":"f2lvkas0emiv9cw"},"id":"urfnvwuc7a8qogl","previousOperationId":"gpko2yamz9yrjo3"}
{"type":"operationStart","subtype":"engine","name":"handlebars","timestamp":1705312567311,"id":"t1q0givqk0qkuh1","previousEventId":"akszxd883z5n7iu","operationId":"vl0zv6biur2zh9w","previousOperationId":"gpko2yamz9yrjo3"}
{"type":"log","timestamp":1705312567311,"level":"debug","message":"Rendering engine handlebars","meta":{"rootId":"f2lvkas0emiv9cw","id":"f2lvkas0emiv9cw"},"id":"4ie0ntv6i5esu4i","previousOperationId":"vl0zv6biur2zh9w"}
{"type":"operationEnd","operationId":"vl0zv6biur2zh9w","timestamp":1705312567961,"id":"h4rl648dbinflsk","previousEventId":"t1q0givqk0qkuh1","previousOperationId":"vl0zv6biur2zh9w"}
{"type":"operationStart","subtype":"recipe","name":"chrome-pdf","timestamp":1705312567961,"id":"ntw34yq64ww4jpy","previousEventId":"h4rl648dbinflsk","operationId":"y5j4svflpkujots","previousOperationId":"vl0zv6biur2zh9w"}
{"type":"log","timestamp":1705312567961,"level":"debug","message":"Executing recipe chrome-pdf","meta":{"rootId":"f2lvkas0emiv9cw","id":"f2lvkas0emiv9cw"},"id":"78zn9ddh80q0g56","previousOperationId":"y5j4svflpkujots"}
{"type":"log","timestamp":1705312568699,"level":"debug","message":"Converting with chrome HeadlessChrome/117.0.5938.149 using chrome-pool strategy","meta":{"rootId":"f2lvkas0emiv9cw","id":"f2lvkas0emiv9cw"},"id":"bxryc94922u23nl","previousOperationId":"y5j4svflpkujots"}
{"type":"log","timestamp":1705312569637,"level":"debug","message":"Page request: GET (document) file:///C:/Users/arida/AppData/Local/Temp/jsreport/autocleanup/6b6de961-befb-41a3-a96a-8f79144b4093-chrome-pdf.html","meta":{"rootId":"f2lvkas0emiv9cw","id":"f2lvkas0emiv9cw"},"id":"ziscdhv8567gr6c","previousOperationId":"y5j4svflpkujots"}
{"type":"log","timestamp":1705312569656,"level":"debug","message":"Page request: GET (stylesheet) https://cdnjs.cloudflare.com/ajax/libs/metro/4.1.5/css/metro.min.css","meta":{"rootId":"f2lvkas0emiv9cw","id":"f2lvkas0emiv9cw"},"id":"sn8cjgcmqva2hbz","previousOperationId":"y5j4svflpkujots"}
{"type":"log","timestamp":1705312569657,"level":"debug","message":"Page request finished: GET (document) 200 file:///C:/Users/arida/AppData/Local/Temp/jsreport/autocleanup/6b6de961-befb-41a3-a96a-8f79144b4093-chrome-pdf.html","meta":{"rootId":"f2lvkas0emiv9cw","id":"f2lvkas0emiv9cw"},"id":"xrxfo2bozyywu0q","previousOperationId":"y5j4svflpkujots"}
{"type":"log","timestamp":1705312569991,"level":"debug","message":"Page request finished: GET (stylesheet) 200 https://cdnjs.cloudflare.com/ajax/libs/metro/4.1.5/css/metro.min.css","meta":{"rootId":"f2lvkas0emiv9cw","id":"f2lvkas0emiv9cw"},"id":"7maikmgkgpq2vay","previousOperationId":"y5j4svflpkujots"}
{"type":"log","timestamp":1705312570011,"level":"debug","message":"Running chrome with params {\"printBackground\":true,\"marginTop\":\"1.5cm\",\"marginRight\":\"1.5cm\",\"marginLeft\":\"1.cm\",\"timeout\":58748,\"margin\":{\"top\":\"1.5cm\",\"right\":\"1.5cm\",\"left\":\"1.cm\"}}","meta":{"rootId":"f2lvkas0emiv9cw","id":"f2lvkas0emiv9cw"},"id":"wex0uf56o42ixv6","previousOperationId":"y5j4svflpkujots"}
{"type":"operationEnd","operationId":"y5j4svflpkujots","timestamp":1705312570086,"id":"1hj6d2cqfr96qng","previousEventId":"ntw34yq64ww4jpy","previousOperationId":"y5j4svflpkujots"}
{"type":"log","timestamp":1705312570088,"level":"debug","message":"Skipping storing report.","meta":{"rootId":"f2lvkas0emiv9cw","id":"f2lvkas0emiv9cw"},"id":"j70opgagwd73ifo","previousOperationId":"y5j4svflpkujots"}
{"type":"log","timestamp":1705312570088,"level":"info","message":"Rendering request 2 finished in 2859 ms","meta":{"rootId":"f2lvkas0emiv9cw","id":"f2lvkas0emiv9cw"},"id":"cqmdbhs9frun7g9","previousOperationId":"y5j4svflpkujots"}
{"type":"operationEnd","subtype":"render","operationId":"gpko2yamz9yrjo3","timestamp":1705312570089,"id":"vxpi4strp66idak","previousEventId":"1hj6d2cqfr96qng","previousOperationId":"y5j4svflpkujots"}
{"type":"operationEnd","doDiffs":false,"previousEventId":"k10z3sep6nlyj6n","previousOperationId":"ztsnp8mwq4d74cv","operationId":"ztsnp8mwq4d74cv","timestamp":1705312570107,"id":"uu2q1c9ua6qmzlw"}
