{"type":"operationStart","subtype":"profile","data":{"_id":"8azM5BXbN1EODzHN","timestamp":"2024-01-15T10:13:30.349Z","state":"queued","mode":"standard","creationDate":"2024-01-15T10:13:30.355Z","modificationDate":"2024-01-15T10:13:30.355Z","shortid":"GQ63bKE","$entitySet":"profiles"},"doDiffs":false,"timestamp":1705313610352,"id":"3428u61qaa2x166","previousOperationId":null,"operationId":"objakbn6qsde1cn"}
{"type":"log","level":"info","message":"Render request 19 queued for execution and waiting for available worker","previousOperationId":"objakbn6qsde1cn","timestamp":1705313610352,"id":"u4neo6uxm2is3m3"}
{"type":"operationStart","subtype":"render","name":"locations-main","previousOperationId":"objakbn6qsde1cn","timestamp":1705313610373,"id":"t78usa0nl6l0fd1","previousEventId":"3428u61qaa2x166","operationId":"aoxhe2i7nmqwi78"}
{"type":"log","timestamp":1705313610374,"level":"info","message":"Starting rendering request 19","meta":{"rootId":"0d9uthoe1w3ztpg","id":"0d9uthoe1w3ztpg"},"id":"qrczxzw6cxrxkkc","previousOperationId":"aoxhe2i7nmqwi78"}
{"type":"log","timestamp":1705313610374,"level":"info","message":"Rendering template { name: locations-main, recipe: chrome-pdf, engine: handlebars, preview: true }","meta":{"rootId":"0d9uthoe1w3ztpg","id":"0d9uthoe1w3ztpg"},"id":"wbc6tam8qrrupx0","previousOperationId":"aoxhe2i7nmqwi78"}
{"type":"log","timestamp":1705313610376,"level":"debug","message":"Data item not defined for this template.","meta":{"rootId":"0d9uthoe1w3ztpg","id":"0d9uthoe1w3ztpg"},"id":"audkdnt96c0lzi6","previousOperationId":"aoxhe2i7nmqwi78"}
{"type":"log","timestamp":1705313610380,"level":"debug","message":"Executing script locations-script (beforeRender)","meta":{"rootId":"0d9uthoe1w3ztpg","id":"0d9uthoe1w3ztpg"},"id":"23j806fb81o1cym","previousOperationId":"aoxhe2i7nmqwi78"}
{"type":"operationStart","subtype":"scriptsBeforeRender","name":"scripts beforeRender","timestamp":1705313610392,"id":"rwubatp6laz5hsb","previousEventId":"t78usa0nl6l0fd1","operationId":"db6ysz2zvtaancy","previousOperationId":"aoxhe2i7nmqwi78"}
{"type":"operationStart","subtype":"script","name":"scripts locations-script","previousOperationId":"db6ysz2zvtaancy","timestamp":1705313610392,"id":"ybue8fb4swb0qrb","previousEventId":"rwubatp6laz5hsb","operationId":"w50jx8kmpndqomo"}
{"type":"operationEnd","operationId":"w50jx8kmpndqomo","timestamp":1705313610410,"id":"m6zav9p1pz64ves","previousEventId":"t78usa0nl6l0fd1","previousOperationId":"aoxhe2i7nmqwi78"}
{"type":"operationEnd","operationId":"db6ysz2zvtaancy","timestamp":1705313610410,"id":"4rell41jxhtkz9j","previousEventId":"m6zav9p1pz64ves","previousOperationId":"aoxhe2i7nmqwi78"}
{"type":"log","timestamp":1705313610410,"level":"debug","message":"Base url not specified, skipping its injection.","meta":{"rootId":"0d9uthoe1w3ztpg","id":"0d9uthoe1w3ztpg"},"id":"4yx6jc2olem6xw7","previousOperationId":"db6ysz2zvtaancy"}
{"type":"operationStart","subtype":"engine","name":"handlebars","timestamp":1705313610410,"id":"8luspzch6te3afu","previousEventId":"4rell41jxhtkz9j","operationId":"n4jfh2ue4zn2guj","previousOperationId":"db6ysz2zvtaancy"}
{"type":"log","timestamp":1705313610410,"level":"debug","message":"Rendering engine handlebars","meta":{"rootId":"0d9uthoe1w3ztpg","id":"0d9uthoe1w3ztpg"},"id":"g28nel400qcglf1","previousOperationId":"n4jfh2ue4zn2guj"}
{"type":"operationEnd","operationId":"n4jfh2ue4zn2guj","timestamp":1705313610426,"id":"0fg8a1fma9dfgci","previousEventId":"8luspzch6te3afu","previousOperationId":"n4jfh2ue4zn2guj"}
{"type":"operationStart","subtype":"recipe","name":"chrome-pdf","timestamp":1705313610427,"id":"7sfn47k8bpy430j","previousEventId":"0fg8a1fma9dfgci","operationId":"iki7j73j3e68t16","previousOperationId":"n4jfh2ue4zn2guj"}
{"type":"log","timestamp":1705313610427,"level":"debug","message":"Executing recipe chrome-pdf","meta":{"rootId":"0d9uthoe1w3ztpg","id":"0d9uthoe1w3ztpg"},"id":"ut5r4modqiy2mbc","previousOperationId":"iki7j73j3e68t16"}
{"type":"log","timestamp":1705313610430,"level":"debug","message":"Converting with chrome HeadlessChrome/117.0.5938.149 using chrome-pool strategy","meta":{"rootId":"0d9uthoe1w3ztpg","id":"0d9uthoe1w3ztpg"},"id":"xyoispj31ijr127","previousOperationId":"iki7j73j3e68t16"}
{"type":"log","timestamp":1705313610577,"level":"debug","message":"Page request: GET (document) file:///C:/Users/arida/AppData/Local/Temp/jsreport/autocleanup/c3d0e318-7800-4aa6-9bf6-fb4c0045872d-chrome-pdf.html","meta":{"rootId":"0d9uthoe1w3ztpg","id":"0d9uthoe1w3ztpg"},"id":"c7ll2rnf5uzkjl1","previousOperationId":"iki7j73j3e68t16"}
{"type":"log","timestamp":1705313610610,"level":"debug","message":"Page request: GET (script) https://cdn.jsdelivr.net/npm/chart.js","meta":{"rootId":"0d9uthoe1w3ztpg","id":"0d9uthoe1w3ztpg"},"id":"koladhpomypc3vz","previousOperationId":"iki7j73j3e68t16"}
{"type":"log","timestamp":1705313610610,"level":"debug","message":"Page request finished: GET (document) 200 file:///C:/Users/arida/AppData/Local/Temp/jsreport/autocleanup/c3d0e318-7800-4aa6-9bf6-fb4c0045872d-chrome-pdf.html","meta":{"rootId":"0d9uthoe1w3ztpg","id":"0d9uthoe1w3ztpg"},"id":"9vh0pijkej39h4j","previousOperationId":"iki7j73j3e68t16"}
{"type":"log","timestamp":1705313610615,"level":"debug","message":"Page request finished: GET (script) 200 https://cdn.jsdelivr.net/npm/chart.js","meta":{"rootId":"0d9uthoe1w3ztpg","id":"0d9uthoe1w3ztpg"},"id":"0w4guv1vwq0yy8q","previousOperationId":"iki7j73j3e68t16"}
{"type":"log","timestamp":1705313610621,"level":"warn","message":"Page error: numEventos is not defined , stack: ReferenceError: numEventos is not defined\n    at <anonymous> (file:///C:/Users/arida/AppData/Local/Temp/jsreport/autocleanup/c3d0e318-7800-4aa6-9bf6-fb4c0045872d-chrome-pdf.html:18:22)","meta":{"rootId":"0d9uthoe1w3ztpg","id":"0d9uthoe1w3ztpg"},"id":"o5b0ydxm2ewvyoi","previousOperationId":"iki7j73j3e68t16"}
{"type":"log","timestamp":1705313610621,"level":"warn","message":"Page error: numEventos is not defined , stack: ReferenceError: numEventos is not defined\n    at <anonymous> (file:///C:/Users/arida/AppData/Local/Temp/jsreport/autocleanup/c3d0e318-7800-4aa6-9bf6-fb4c0045872d-chrome-pdf.html:62:22)","meta":{"rootId":"0d9uthoe1w3ztpg","id":"0d9uthoe1w3ztpg"},"id":"sg0bufqo46pdh31","previousOperationId":"iki7j73j3e68t16"}
{"type":"log","timestamp":1705313610627,"level":"debug","message":"Running chrome with params {\"printBackground\":true,\"marginTop\":\"4cm\",\"marginRight\":\"1.5cm\",\"marginBottom\":\"1.5cm\",\"marginLeft\":\"1.5cm\",\"waitForJS\":false,\"timeout\":59919,\"margin\":{\"top\":\"4cm\",\"right\":\"1.5cm\",\"bottom\":\"1.5cm\",\"left\":\"1.5cm\"}}","meta":{"rootId":"0d9uthoe1w3ztpg","id":"0d9uthoe1w3ztpg"},"id":"auiykfr39nknscu","previousOperationId":"iki7j73j3e68t16"}
{"type":"operationEnd","operationId":"iki7j73j3e68t16","timestamp":1705313610635,"id":"fzgcitsxs0rz5px","previousEventId":"7sfn47k8bpy430j","previousOperationId":"iki7j73j3e68t16"}
{"type":"log","timestamp":1705313610635,"level":"info","message":"pdf-utils is starting pdf processing","meta":{"rootId":"0d9uthoe1w3ztpg","id":"0d9uthoe1w3ztpg"},"id":"me3zdvsec8hhxtb","previousOperationId":"iki7j73j3e68t16"}
{"type":"operationStart","subtype":"pdfUtils","name":"pdf utils","timestamp":1705313610635,"id":"o9suo1gwwvtfsx2","previousEventId":"fzgcitsxs0rz5px","operationId":"npxk7uazjcdzc3m","previousOperationId":"iki7j73j3e68t16"}
{"type":"log","timestamp":1705313610635,"level":"debug","message":"pdf-utils detected 1 pdf operation(s) to process","meta":{"rootId":"0d9uthoe1w3ztpg","id":"0d9uthoe1w3ztpg"},"id":"igdyleekmtn6ie4","previousOperationId":"npxk7uazjcdzc3m"}
{"type":"log","timestamp":1705313610637,"level":"debug","message":"pdf-utils running pdf operation merge","meta":{"rootId":"0d9uthoe1w3ztpg","id":"0d9uthoe1w3ztpg"},"id":"7nd629xit9tci8a","previousOperationId":"npxk7uazjcdzc3m"}
{"type":"operationStart","subtype":"pdfUtilsMerge","name":"pdf utils merge","previousOperationId":"npxk7uazjcdzc3m","timestamp":1705313610637,"id":"wjgkq07ltekpt0e","previousEventId":"o9suo1gwwvtfsx2","operationId":"4t5fbzpnmoud25u"}
{"type":"operationStart","subtype":"render","name":"locations-header","previousOperationId":"4t5fbzpnmoud25u","timestamp":1705313610638,"id":"25r0qqetb8ytc3r","previousEventId":"wjgkq07ltekpt0e","operationId":"ma6pbj1baozuvb4"}
{"type":"log","timestamp":1705313610638,"level":"info","message":"Starting rendering (child) request","meta":{"rootId":"0d9uthoe1w3ztpg","id":"t2vt2eoxyp3uc56"},"id":"kq3dmzhmex3kwwv","previousOperationId":"ma6pbj1baozuvb4"}
{"type":"log","timestamp":1705313610639,"level":"info","message":"Rendering template { name: locations-header, recipe: chrome-pdf, engine: handlebars, preview: true }","meta":{"rootId":"0d9uthoe1w3ztpg","id":"t2vt2eoxyp3uc56"},"id":"tkmanqjqvivzcgn","previousOperationId":"ma6pbj1baozuvb4"}
{"type":"log","timestamp":1705313610640,"level":"debug","message":"Inline data specified.","meta":{"rootId":"0d9uthoe1w3ztpg","id":"t2vt2eoxyp3uc56"},"id":"dn8bfx1gnytt0kh","previousOperationId":"ma6pbj1baozuvb4"}
{"type":"log","timestamp":1705313610643,"level":"debug","message":"Base url not specified, skipping its injection.","meta":{"rootId":"0d9uthoe1w3ztpg","id":"t2vt2eoxyp3uc56"},"id":"9amxasf5fhrp6bq","previousOperationId":"ma6pbj1baozuvb4"}
{"type":"operationStart","subtype":"engine","name":"handlebars","timestamp":1705313610643,"id":"96rmo7kq3rfraja","previousEventId":"25r0qqetb8ytc3r","operationId":"c8ilww1rd7fjyxr","previousOperationId":"ma6pbj1baozuvb4"}
{"type":"log","timestamp":1705313610643,"level":"debug","message":"Rendering engine handlebars","meta":{"rootId":"0d9uthoe1w3ztpg","id":"t2vt2eoxyp3uc56"},"id":"bpj89ks7rcwityz","previousOperationId":"c8ilww1rd7fjyxr"}
{"type":"operationEnd","operationId":"c8ilww1rd7fjyxr","timestamp":1705313610669,"id":"wm78ag51oirvg1w","previousEventId":"96rmo7kq3rfraja","previousOperationId":"c8ilww1rd7fjyxr"}
{"type":"operationStart","subtype":"recipe","name":"chrome-pdf","timestamp":1705313610669,"id":"38fhvwbv6fboinu","previousEventId":"wm78ag51oirvg1w","operationId":"jqkd2c1oc80mxk9","previousOperationId":"c8ilww1rd7fjyxr"}
{"type":"log","timestamp":1705313610669,"level":"debug","message":"Executing recipe chrome-pdf","meta":{"rootId":"0d9uthoe1w3ztpg","id":"t2vt2eoxyp3uc56"},"id":"i9ql0va95x4630m","previousOperationId":"jqkd2c1oc80mxk9"}
{"type":"log","timestamp":1705313610671,"level":"debug","message":"Converting with chrome HeadlessChrome/117.0.5938.149 using chrome-pool strategy","meta":{"rootId":"0d9uthoe1w3ztpg","id":"t2vt2eoxyp3uc56"},"id":"2428qrjfoxjfq1g","previousOperationId":"jqkd2c1oc80mxk9"}
{"type":"log","timestamp":1705313610776,"level":"debug","message":"Page request: GET (document) file:///C:/Users/arida/AppData/Local/Temp/jsreport/autocleanup/ee447023-040f-4eb4-84f0-38e86141c348-chrome-pdf.html","meta":{"rootId":"0d9uthoe1w3ztpg","id":"t2vt2eoxyp3uc56"},"id":"notizhpvsb62tco","previousOperationId":"jqkd2c1oc80mxk9"}
{"type":"log","timestamp":1705313610786,"level":"debug","message":"Page request: GET (stylesheet) https://cdnjs.cloudflare.com/ajax/libs/metro/4.1.5/css/metro.min.css","meta":{"rootId":"0d9uthoe1w3ztpg","id":"t2vt2eoxyp3uc56"},"id":"r7kgpxngxomi63r","previousOperationId":"jqkd2c1oc80mxk9"}
{"type":"log","timestamp":1705313610786,"level":"debug","message":"Page request finished: GET (document) 200 file:///C:/Users/arida/AppData/Local/Temp/jsreport/autocleanup/ee447023-040f-4eb4-84f0-38e86141c348-chrome-pdf.html","meta":{"rootId":"0d9uthoe1w3ztpg","id":"t2vt2eoxyp3uc56"},"id":"ekx0vye73p6m4a9","previousOperationId":"jqkd2c1oc80mxk9"}
{"type":"log","timestamp":1705313610806,"level":"debug","message":"Page request finished: GET (stylesheet) 200 https://cdnjs.cloudflare.com/ajax/libs/metro/4.1.5/css/metro.min.css","meta":{"rootId":"0d9uthoe1w3ztpg","id":"t2vt2eoxyp3uc56"},"id":"z7oh9tztkvv4xt0","previousOperationId":"jqkd2c1oc80mxk9"}
{"type":"log","timestamp":1705313610825,"level":"debug","message":"Running chrome with params {\"printBackground\":true,\"marginTop\":\"1.5cm\",\"marginRight\":\"1.5cm\",\"marginLeft\":\"1.cm\",\"timeout\":59678,\"margin\":{\"top\":\"1.5cm\",\"right\":\"1.5cm\",\"left\":\"1.cm\"}}","meta":{"rootId":"0d9uthoe1w3ztpg","id":"t2vt2eoxyp3uc56"},"id":"hdthuq9l4xphggr","previousOperationId":"jqkd2c1oc80mxk9"}
{"type":"operationEnd","operationId":"jqkd2c1oc80mxk9","timestamp":1705313610861,"id":"p2h7oes2wbs3g63","previousEventId":"38fhvwbv6fboinu","previousOperationId":"jqkd2c1oc80mxk9"}
{"type":"log","timestamp":1705313610861,"level":"debug","message":"Skipping storing report.","meta":{"rootId":"0d9uthoe1w3ztpg","id":"t2vt2eoxyp3uc56"},"id":"s6hbtp1stmwo8wa","previousOperationId":"jqkd2c1oc80mxk9"}
{"type":"log","timestamp":1705313610861,"level":"info","message":"Rendering (child) request finished in 513 ms","meta":{"rootId":"0d9uthoe1w3ztpg","id":"t2vt2eoxyp3uc56"},"id":"atc9bmsumddzrz9","previousOperationId":"jqkd2c1oc80mxk9"}
{"type":"operationEnd","subtype":"render","operationId":"ma6pbj1baozuvb4","timestamp":1705313610861,"id":"2qyt1fo8czk6x7f","previousEventId":"p2h7oes2wbs3g63","previousOperationId":"jqkd2c1oc80mxk9"}
{"type":"operationEnd","operationId":"4t5fbzpnmoud25u","timestamp":1705313610865,"id":"dkrvub2i9grflni","previousEventId":"wjgkq07ltekpt0e","previousOperationId":"4t5fbzpnmoud25u"}
{"type":"log","timestamp":1705313610865,"level":"debug","message":"pdf-utils postproces start","meta":{"rootId":"0d9uthoe1w3ztpg","id":"0d9uthoe1w3ztpg"},"id":"k0gmvfzrakztlsy","previousOperationId":"4t5fbzpnmoud25u"}
{"type":"log","timestamp":1705313610870,"level":"debug","message":"pdf-utils postproces end","meta":{"rootId":"0d9uthoe1w3ztpg","id":"0d9uthoe1w3ztpg"},"id":"hfzo8oqbh4vdxxq","previousOperationId":"4t5fbzpnmoud25u"}
{"type":"operationEnd","operationId":"npxk7uazjcdzc3m","timestamp":1705313610870,"id":"17k9dnqrgdzrzpp","previousEventId":"dkrvub2i9grflni","previousOperationId":"4t5fbzpnmoud25u"}
{"type":"log","timestamp":1705313610870,"level":"info","message":"pdf-utils pdf processing was finished","meta":{"rootId":"0d9uthoe1w3ztpg","id":"0d9uthoe1w3ztpg"},"id":"wo1q0qjugrs2yrc","previousOperationId":"npxk7uazjcdzc3m"}
{"type":"log","timestamp":1705313610870,"level":"debug","message":"Skipping storing report.","meta":{"rootId":"0d9uthoe1w3ztpg","id":"0d9uthoe1w3ztpg"},"id":"uj528ygxz4lgsss","previousOperationId":"npxk7uazjcdzc3m"}
{"type":"log","timestamp":1705313610870,"level":"info","message":"Rendering request 19 finished in 522 ms","meta":{"rootId":"0d9uthoe1w3ztpg","id":"0d9uthoe1w3ztpg"},"id":"zxmucl1kvj7hdte","previousOperationId":"npxk7uazjcdzc3m"}
{"type":"operationEnd","subtype":"render","operationId":"aoxhe2i7nmqwi78","timestamp":1705313610870,"id":"kiimb34wz6u3fz4","previousEventId":"17k9dnqrgdzrzpp","previousOperationId":"npxk7uazjcdzc3m"}
{"type":"operationEnd","doDiffs":false,"previousEventId":"3428u61qaa2x166","previousOperationId":"objakbn6qsde1cn","operationId":"objakbn6qsde1cn","timestamp":1705313610884,"id":"gchpnny5x65dvxd"}
