{"type":"operationStart","subtype":"profile","data":{"_id":"CG57doePpc3auqY5","timestamp":"2024-01-15T18:31:56.615Z","state":"queued","mode":"standard","creationDate":"2024-01-15T18:31:56.618Z","modificationDate":"2024-01-15T18:31:56.618Z","shortid":"3IthCHD","$entitySet":"profiles"},"doDiffs":false,"timestamp":1705343516617,"id":"jh1bi5v47o6s0ku","previousOperationId":null,"operationId":"csifvrvjnyfxect"}
{"type":"log","level":"info","message":"Render request 47 queued for execution and waiting for available worker","previousOperationId":"csifvrvjnyfxect","timestamp":1705343516617,"id":"elmekw2kbjevccc"}
{"type":"operationStart","subtype":"render","name":"locations-main","previousOperationId":"csifvrvjnyfxect","timestamp":1705343516631,"id":"p3wmbn4ervs2kyf","previousEventId":"jh1bi5v47o6s0ku","operationId":"jegcbo4iqbvwdtp"}
{"type":"log","timestamp":1705343516632,"level":"info","message":"Starting rendering request 47","meta":{"rootId":"0okx2sx1cdttail","id":"0okx2sx1cdttail"},"id":"0ckbgzpf2ddoakv","previousOperationId":"jegcbo4iqbvwdtp"}
{"type":"log","timestamp":1705343516632,"level":"info","message":"Rendering template { name: locations-main, recipe: chrome-pdf, engine: handlebars, preview: true }","meta":{"rootId":"0okx2sx1cdttail","id":"0okx2sx1cdttail"},"id":"mnd6k568oyw2sd4","previousOperationId":"jegcbo4iqbvwdtp"}
{"type":"log","timestamp":1705343516633,"level":"debug","message":"Data item not defined for this template.","meta":{"rootId":"0okx2sx1cdttail","id":"0okx2sx1cdttail"},"id":"uciyc5nwo8897yw","previousOperationId":"jegcbo4iqbvwdtp"}
{"type":"log","timestamp":1705343516637,"level":"debug","message":"Executing script locations-script (beforeRender)","meta":{"rootId":"0okx2sx1cdttail","id":"0okx2sx1cdttail"},"id":"dhgyfpw2q5ukz1b","previousOperationId":"jegcbo4iqbvwdtp"}
{"type":"operationStart","subtype":"scriptsBeforeRender","name":"scripts beforeRender","timestamp":1705343516657,"id":"m75s3b8aw38b1kj","previousEventId":"p3wmbn4ervs2kyf","operationId":"ir339inf30bkyfh","previousOperationId":"jegcbo4iqbvwdtp"}
{"type":"operationStart","subtype":"script","name":"scripts locations-script","previousOperationId":"ir339inf30bkyfh","timestamp":1705343516657,"id":"ijs1tkn0223fbl3","previousEventId":"m75s3b8aw38b1kj","operationId":"qykd3rmp2l2mvqq"}
{"type":"operationEnd","operationId":"qykd3rmp2l2mvqq","timestamp":1705343516673,"id":"tr1s3ut1ct8tfa7","previousEventId":"p3wmbn4ervs2kyf","previousOperationId":"jegcbo4iqbvwdtp"}
{"type":"operationEnd","operationId":"ir339inf30bkyfh","timestamp":1705343516673,"id":"acg8wo21ejxxj7g","previousEventId":"tr1s3ut1ct8tfa7","previousOperationId":"jegcbo4iqbvwdtp"}
{"type":"log","timestamp":1705343516673,"level":"debug","message":"Base url not specified, skipping its injection.","meta":{"rootId":"0okx2sx1cdttail","id":"0okx2sx1cdttail"},"id":"j67bhshyj02iw7a","previousOperationId":"ir339inf30bkyfh"}
{"type":"operationStart","subtype":"engine","name":"handlebars","timestamp":1705343516673,"id":"yoaacsv3w65csou","previousEventId":"acg8wo21ejxxj7g","operationId":"ui0v5iee4q5wvmb","previousOperationId":"ir339inf30bkyfh"}
{"type":"log","timestamp":1705343516673,"level":"debug","message":"Rendering engine handlebars","meta":{"rootId":"0okx2sx1cdttail","id":"0okx2sx1cdttail"},"id":"i9knb9zqkiz2fin","previousOperationId":"ui0v5iee4q5wvmb"}
{"type":"operationEnd","operationId":"ui0v5iee4q5wvmb","timestamp":1705343516693,"id":"w54m1ro0c2iedxk","previousEventId":"yoaacsv3w65csou","previousOperationId":"ui0v5iee4q5wvmb"}
{"type":"operationStart","subtype":"recipe","name":"chrome-pdf","timestamp":1705343516693,"id":"6s457t83292i144","previousEventId":"w54m1ro0c2iedxk","operationId":"7uw8zft5efk559b","previousOperationId":"ui0v5iee4q5wvmb"}
{"type":"log","timestamp":1705343516693,"level":"debug","message":"Executing recipe chrome-pdf","meta":{"rootId":"0okx2sx1cdttail","id":"0okx2sx1cdttail"},"id":"ps5gn0b901n80g6","previousOperationId":"7uw8zft5efk559b"}
{"type":"log","timestamp":1705343516696,"level":"debug","message":"Converting with chrome HeadlessChrome/117.0.5938.149 using chrome-pool strategy","meta":{"rootId":"0okx2sx1cdttail","id":"0okx2sx1cdttail"},"id":"kwjscchqnt54i22","previousOperationId":"7uw8zft5efk559b"}
{"type":"log","timestamp":1705343516846,"level":"debug","message":"Page request: GET (document) file:///C:/Users/arida/AppData/Local/Temp/jsreport/autocleanup/691a0601-4ed8-4851-8dec-5b3bd6628de2-chrome-pdf.html","meta":{"rootId":"0okx2sx1cdttail","id":"0okx2sx1cdttail"},"id":"h1fc9no4fyusfw8","previousOperationId":"7uw8zft5efk559b"}
{"type":"log","timestamp":1705343516878,"level":"debug","message":"Page request: GET (script) https://cdnjs.cloudflare.com/ajax/libs/Chart.js/2.7.2/Chart.min.js","meta":{"rootId":"0okx2sx1cdttail","id":"0okx2sx1cdttail"},"id":"afnl0jrf2qcc4f8","previousOperationId":"7uw8zft5efk559b"}
{"type":"log","timestamp":1705343516878,"level":"debug","message":"Page request finished: GET (document) 200 file:///C:/Users/arida/AppData/Local/Temp/jsreport/autocleanup/691a0601-4ed8-4851-8dec-5b3bd6628de2-chrome-pdf.html","meta":{"rootId":"0okx2sx1cdttail","id":"0okx2sx1cdttail"},"id":"pv80ck3q066tdyp","previousOperationId":"7uw8zft5efk559b"}
{"type":"log","timestamp":1705343516884,"level":"debug","message":"Page request finished: GET (script) 200 https://cdnjs.cloudflare.com/ajax/libs/Chart.js/2.7.2/Chart.min.js","meta":{"rootId":"0okx2sx1cdttail","id":"0okx2sx1cdttail"},"id":"7ktia5od2ppb3gb","previousOperationId":"7uw8zft5efk559b"}
{"type":"log","timestamp":1705343516938,"level":"debug","message":"Running chrome with params {\"printBackground\":true,\"marginTop\":\"4cm\",\"marginRight\":\"1.5cm\",\"marginBottom\":\"1.5cm\",\"marginLeft\":\"1.5cm\",\"waitForJS\":false,\"timeout\":59920,\"margin\":{\"top\":\"4cm\",\"right\":\"1.5cm\",\"bottom\":\"1.5cm\",\"left\":\"1.5cm\"}}","meta":{"rootId":"0okx2sx1cdttail","id":"0okx2sx1cdttail"},"id":"5lv1g0ge4ned2no","previousOperationId":"7uw8zft5efk559b"}
{"type":"operationEnd","operationId":"7uw8zft5efk559b","timestamp":1705343516996,"id":"e2ig5svpqxc8qm3","previousEventId":"6s457t83292i144","previousOperationId":"7uw8zft5efk559b"}
{"type":"log","timestamp":1705343516996,"level":"info","message":"pdf-utils is starting pdf processing","meta":{"rootId":"0okx2sx1cdttail","id":"0okx2sx1cdttail"},"id":"bz2zt7r7qq5llav","previousOperationId":"7uw8zft5efk559b"}
{"type":"operationStart","subtype":"pdfUtils","name":"pdf utils","timestamp":1705343516996,"id":"0lfzf6p3bqbkcxi","previousEventId":"e2ig5svpqxc8qm3","operationId":"ncbdn0ouwu8uneg","previousOperationId":"7uw8zft5efk559b"}
{"type":"log","timestamp":1705343516996,"level":"debug","message":"pdf-utils detected 1 pdf operation(s) to process","meta":{"rootId":"0okx2sx1cdttail","id":"0okx2sx1cdttail"},"id":"1cqbtxbx3m2ueav","previousOperationId":"ncbdn0ouwu8uneg"}
{"type":"log","timestamp":1705343517010,"level":"debug","message":"pdf-utils running pdf operation merge","meta":{"rootId":"0okx2sx1cdttail","id":"0okx2sx1cdttail"},"id":"2hayu6hsk1bfh8w","previousOperationId":"ncbdn0ouwu8uneg"}
{"type":"operationStart","subtype":"pdfUtilsMerge","name":"pdf utils merge","previousOperationId":"ncbdn0ouwu8uneg","timestamp":1705343517010,"id":"3eafmlx2tndah59","previousEventId":"0lfzf6p3bqbkcxi","operationId":"dvgpvwf7ar3g1di"}
{"type":"operationStart","subtype":"render","name":"locations-header","previousOperationId":"dvgpvwf7ar3g1di","timestamp":1705343517011,"id":"6znlbfue6jhi329","previousEventId":"3eafmlx2tndah59","operationId":"cu4f0da2cua4jm0"}
{"type":"log","timestamp":1705343517011,"level":"info","message":"Starting rendering (child) request","meta":{"rootId":"0okx2sx1cdttail","id":"nx4z9n0ev8c6ewv"},"id":"0a8vxicyys55246","previousOperationId":"cu4f0da2cua4jm0"}
{"type":"log","timestamp":1705343517011,"level":"info","message":"Rendering template { name: locations-header, recipe: chrome-pdf, engine: handlebars, preview: true }","meta":{"rootId":"0okx2sx1cdttail","id":"nx4z9n0ev8c6ewv"},"id":"tatuy605bqtttk5","previousOperationId":"cu4f0da2cua4jm0"}
{"type":"log","timestamp":1705343517012,"level":"debug","message":"Inline data specified.","meta":{"rootId":"0okx2sx1cdttail","id":"nx4z9n0ev8c6ewv"},"id":"beuffe6o0no6tvl","previousOperationId":"cu4f0da2cua4jm0"}
{"type":"log","timestamp":1705343517016,"level":"debug","message":"Base url not specified, skipping its injection.","meta":{"rootId":"0okx2sx1cdttail","id":"nx4z9n0ev8c6ewv"},"id":"5yifmo1csg7da9j","previousOperationId":"cu4f0da2cua4jm0"}
{"type":"operationStart","subtype":"engine","name":"handlebars","timestamp":1705343517016,"id":"v2mjwho39a10289","previousEventId":"6znlbfue6jhi329","operationId":"0833l7i8rmolwqc","previousOperationId":"cu4f0da2cua4jm0"}
{"type":"log","timestamp":1705343517016,"level":"debug","message":"Rendering engine handlebars","meta":{"rootId":"0okx2sx1cdttail","id":"nx4z9n0ev8c6ewv"},"id":"62ugpu8d6rutw8c","previousOperationId":"0833l7i8rmolwqc"}
{"type":"operationEnd","operationId":"0833l7i8rmolwqc","timestamp":1705343517040,"id":"p9qg4ekqzzeyh6q","previousEventId":"v2mjwho39a10289","previousOperationId":"0833l7i8rmolwqc"}
{"type":"operationStart","subtype":"recipe","name":"chrome-pdf","timestamp":1705343517040,"id":"z06ftqhtefurrce","previousEventId":"p9qg4ekqzzeyh6q","operationId":"hw8slxur7epj9ir","previousOperationId":"0833l7i8rmolwqc"}
{"type":"log","timestamp":1705343517040,"level":"debug","message":"Executing recipe chrome-pdf","meta":{"rootId":"0okx2sx1cdttail","id":"nx4z9n0ev8c6ewv"},"id":"2cq99yreuubg2oj","previousOperationId":"hw8slxur7epj9ir"}
{"type":"log","timestamp":1705343517043,"level":"debug","message":"Converting with chrome HeadlessChrome/117.0.5938.149 using chrome-pool strategy","meta":{"rootId":"0okx2sx1cdttail","id":"nx4z9n0ev8c6ewv"},"id":"vgxrl5omyll1l84","previousOperationId":"hw8slxur7epj9ir"}
{"type":"log","timestamp":1705343517197,"level":"debug","message":"Page request: GET (document) file:///C:/Users/arida/AppData/Local/Temp/jsreport/autocleanup/7e7e5581-b096-4d1f-9b36-626b516cf376-chrome-pdf.html","meta":{"rootId":"0okx2sx1cdttail","id":"nx4z9n0ev8c6ewv"},"id":"4eotqx72dhlfljb","previousOperationId":"hw8slxur7epj9ir"}
{"type":"log","timestamp":1705343517209,"level":"debug","message":"Page request finished: GET (document) 200 file:///C:/Users/arida/AppData/Local/Temp/jsreport/autocleanup/7e7e5581-b096-4d1f-9b36-626b516cf376-chrome-pdf.html","meta":{"rootId":"0okx2sx1cdttail","id":"nx4z9n0ev8c6ewv"},"id":"7zd1tvqek4mdmwg","previousOperationId":"hw8slxur7epj9ir"}
{"type":"log","timestamp":1705343517210,"level":"debug","message":"Page request: GET (stylesheet) https://cdnjs.cloudflare.com/ajax/libs/metro/4.1.5/css/metro.min.css","meta":{"rootId":"0okx2sx1cdttail","id":"nx4z9n0ev8c6ewv"},"id":"l9jcwitkvmjwgd2","previousOperationId":"hw8slxur7epj9ir"}
{"type":"log","timestamp":1705343517235,"level":"debug","message":"Page request finished: GET (stylesheet) 200 https://cdnjs.cloudflare.com/ajax/libs/metro/4.1.5/css/metro.min.css","meta":{"rootId":"0okx2sx1cdttail","id":"nx4z9n0ev8c6ewv"},"id":"uuxh1fs7rz37pir","previousOperationId":"hw8slxur7epj9ir"}
{"type":"log","timestamp":1705343517259,"level":"debug","message":"Running chrome with params {\"printBackground\":true,\"marginTop\":\"1.5cm\",\"marginRight\":\"1.5cm\",\"marginLeft\":\"1.cm\",\"timeout\":59573,\"margin\":{\"top\":\"1.5cm\",\"right\":\"1.5cm\",\"left\":\"1.cm\"}}","meta":{"rootId":"0okx2sx1cdttail","id":"nx4z9n0ev8c6ewv"},"id":"3d20qhk9ivukcyv","previousOperationId":"hw8slxur7epj9ir"}
{"type":"operationEnd","operationId":"hw8slxur7epj9ir","timestamp":1705343517303,"id":"tpswh2f5wnpk7hu","previousEventId":"z06ftqhtefurrce","previousOperationId":"hw8slxur7epj9ir"}
{"type":"log","timestamp":1705343517304,"level":"debug","message":"Skipping storing report.","meta":{"rootId":"0okx2sx1cdttail","id":"nx4z9n0ev8c6ewv"},"id":"jlhhk0q44yhq6wm","previousOperationId":"hw8slxur7epj9ir"}
{"type":"log","timestamp":1705343517304,"level":"info","message":"Rendering (child) request finished in 689 ms","meta":{"rootId":"0okx2sx1cdttail","id":"nx4z9n0ev8c6ewv"},"id":"713kkmbwdioi4dt","previousOperationId":"hw8slxur7epj9ir"}
{"type":"operationEnd","subtype":"render","operationId":"cu4f0da2cua4jm0","timestamp":1705343517304,"id":"15pf7ftgpkyczlg","previousEventId":"tpswh2f5wnpk7hu","previousOperationId":"hw8slxur7epj9ir"}
{"type":"operationEnd","operationId":"dvgpvwf7ar3g1di","timestamp":1705343517314,"id":"6n0ugt7qxjvjwcb","previousEventId":"3eafmlx2tndah59","previousOperationId":"dvgpvwf7ar3g1di"}
{"type":"log","timestamp":1705343517314,"level":"debug","message":"pdf-utils postproces start","meta":{"rootId":"0okx2sx1cdttail","id":"0okx2sx1cdttail"},"id":"e4owx61mvzibxsc","previousOperationId":"dvgpvwf7ar3g1di"}
{"type":"log","timestamp":1705343517322,"level":"debug","message":"pdf-utils postproces end","meta":{"rootId":"0okx2sx1cdttail","id":"0okx2sx1cdttail"},"id":"52vvrsw0hhm4wef","previousOperationId":"dvgpvwf7ar3g1di"}
{"type":"operationEnd","operationId":"ncbdn0ouwu8uneg","timestamp":1705343517323,"id":"uof90v5zq9rcthu","previousEventId":"6n0ugt7qxjvjwcb","previousOperationId":"dvgpvwf7ar3g1di"}
{"type":"log","timestamp":1705343517323,"level":"info","message":"pdf-utils pdf processing was finished","meta":{"rootId":"0okx2sx1cdttail","id":"0okx2sx1cdttail"},"id":"bwx076sit6xzzgr","previousOperationId":"ncbdn0ouwu8uneg"}
{"type":"log","timestamp":1705343517323,"level":"debug","message":"Skipping storing report.","meta":{"rootId":"0okx2sx1cdttail","id":"0okx2sx1cdttail"},"id":"53yw60krna4kiw2","previousOperationId":"ncbdn0ouwu8uneg"}
{"type":"log","timestamp":1705343517323,"level":"info","message":"Rendering request 47 finished in 708 ms","meta":{"rootId":"0okx2sx1cdttail","id":"0okx2sx1cdttail"},"id":"y08tz9xj2vr30sw","previousOperationId":"ncbdn0ouwu8uneg"}
{"type":"operationEnd","subtype":"render","operationId":"jegcbo4iqbvwdtp","timestamp":1705343517323,"id":"1ieb70iq72a898t","previousEventId":"uof90v5zq9rcthu","previousOperationId":"ncbdn0ouwu8uneg"}
{"type":"operationEnd","doDiffs":false,"previousEventId":"jh1bi5v47o6s0ku","previousOperationId":"csifvrvjnyfxect","operationId":"csifvrvjnyfxect","timestamp":1705343517331,"id":"yur58uagjkcr4zo"}
