{"type":"operationStart","subtype":"profile","data":{"_id":"CEhC6YxtoZQGK5wB","timestamp":"2024-01-15T16:05:21.394Z","state":"queued","mode":"standard","creationDate":"2024-01-15T16:05:21.397Z","modificationDate":"2024-01-15T16:05:21.397Z","shortid":"NhyNqJT","$entitySet":"profiles"},"doDiffs":false,"timestamp":1705334721395,"id":"zb0pnvq264mo68e","previousOperationId":null,"operationId":"zzdu07ygfl8it9z"}
{"type":"log","level":"info","message":"Render request 26 queued for execution and waiting for available worker","previousOperationId":"zzdu07ygfl8it9z","timestamp":1705334721396,"id":"nq4t6yesuj2xoxk"}
{"type":"operationStart","subtype":"render","name":"locations-main","previousOperationId":"zzdu07ygfl8it9z","timestamp":1705334721409,"id":"cli57i5uxmiycgw","previousEventId":"zb0pnvq264mo68e","operationId":"5t4k9n6ttnfbd8f"}
{"type":"log","timestamp":1705334721409,"level":"info","message":"Starting rendering request 26","meta":{"rootId":"0pqz84k2rbknppx","id":"0pqz84k2rbknppx"},"id":"6uu7a4zntyh1q9s","previousOperationId":"5t4k9n6ttnfbd8f"}
{"type":"log","timestamp":1705334721409,"level":"info","message":"Rendering template { name: locations-main, recipe: chrome-pdf, engine: handlebars, preview: true }","meta":{"rootId":"0pqz84k2rbknppx","id":"0pqz84k2rbknppx"},"id":"dw5likyzxt8i4uz","previousOperationId":"5t4k9n6ttnfbd8f"}
{"type":"log","timestamp":1705334721410,"level":"debug","message":"Data item not defined for this template.","meta":{"rootId":"0pqz84k2rbknppx","id":"0pqz84k2rbknppx"},"id":"c92r99hdlqkohfe","previousOperationId":"5t4k9n6ttnfbd8f"}
{"type":"log","timestamp":1705334721412,"level":"debug","message":"Executing script locations-script (beforeRender)","meta":{"rootId":"0pqz84k2rbknppx","id":"0pqz84k2rbknppx"},"id":"eor7egz1q78kcfi","previousOperationId":"5t4k9n6ttnfbd8f"}
{"type":"operationStart","subtype":"scriptsBeforeRender","name":"scripts beforeRender","timestamp":1705334721420,"id":"zotni9n4sae82lp","previousEventId":"cli57i5uxmiycgw","operationId":"pjqr7a9xp0w3yep","previousOperationId":"5t4k9n6ttnfbd8f"}
{"type":"operationStart","subtype":"script","name":"scripts locations-script","previousOperationId":"pjqr7a9xp0w3yep","timestamp":1705334721420,"id":"tjaiekw3euupnxf","previousEventId":"zotni9n4sae82lp","operationId":"0i9uorvznsfvn6u"}
{"type":"operationEnd","operationId":"0i9uorvznsfvn6u","timestamp":1705334721431,"id":"0o80qunffv8ft60","previousEventId":"cli57i5uxmiycgw","previousOperationId":"5t4k9n6ttnfbd8f"}
{"type":"operationEnd","operationId":"pjqr7a9xp0w3yep","timestamp":1705334721431,"id":"1h11zdphk3mc69q","previousEventId":"0o80qunffv8ft60","previousOperationId":"5t4k9n6ttnfbd8f"}
{"type":"log","timestamp":1705334721431,"level":"debug","message":"Base url not specified, skipping its injection.","meta":{"rootId":"0pqz84k2rbknppx","id":"0pqz84k2rbknppx"},"id":"4gbgsfamvbtmphd","previousOperationId":"pjqr7a9xp0w3yep"}
{"type":"operationStart","subtype":"engine","name":"handlebars","timestamp":1705334721431,"id":"ybn83fy9822rpc4","previousEventId":"1h11zdphk3mc69q","operationId":"nerbghadyljtcdg","previousOperationId":"pjqr7a9xp0w3yep"}
{"type":"log","timestamp":1705334721431,"level":"debug","message":"Rendering engine handlebars","meta":{"rootId":"0pqz84k2rbknppx","id":"0pqz84k2rbknppx"},"id":"8jvo6fdwu3e2lgr","previousOperationId":"nerbghadyljtcdg"}
{"type":"operationEnd","operationId":"nerbghadyljtcdg","timestamp":1705334721443,"id":"fnqreybpip8c12h","previousEventId":"ybn83fy9822rpc4","previousOperationId":"nerbghadyljtcdg"}
{"type":"operationStart","subtype":"recipe","name":"chrome-pdf","timestamp":1705334721443,"id":"sx0jchrur1vub9p","previousEventId":"fnqreybpip8c12h","operationId":"ot8ev5tytbljgku","previousOperationId":"nerbghadyljtcdg"}
{"type":"log","timestamp":1705334721443,"level":"debug","message":"Executing recipe chrome-pdf","meta":{"rootId":"0pqz84k2rbknppx","id":"0pqz84k2rbknppx"},"id":"6pfkvftm45u9h7e","previousOperationId":"ot8ev5tytbljgku"}
{"type":"log","timestamp":1705334721445,"level":"debug","message":"Converting with chrome HeadlessChrome/117.0.5938.149 using chrome-pool strategy","meta":{"rootId":"0pqz84k2rbknppx","id":"0pqz84k2rbknppx"},"id":"t8twl3w192hrhzv","previousOperationId":"ot8ev5tytbljgku"}
{"type":"log","timestamp":1705334721579,"level":"debug","message":"Page request: GET (document) file:///C:/Users/arida/AppData/Local/Temp/jsreport/autocleanup/e83fb8e8-790e-46b0-9ae4-9c7fdc69eb39-chrome-pdf.html","meta":{"rootId":"0pqz84k2rbknppx","id":"0pqz84k2rbknppx"},"id":"byhl6p587064zey","previousOperationId":"ot8ev5tytbljgku"}
{"type":"log","timestamp":1705334721591,"level":"debug","message":"Page request: GET (script) https://cdnjs.cloudflare.com/ajax/libs/Chart.js/2.7.2/Chart.min.js","meta":{"rootId":"0pqz84k2rbknppx","id":"0pqz84k2rbknppx"},"id":"kobsu92ew80m54r","previousOperationId":"ot8ev5tytbljgku"}
{"type":"log","timestamp":1705334721591,"level":"debug","message":"Page request finished: GET (document) 200 file:///C:/Users/arida/AppData/Local/Temp/jsreport/autocleanup/e83fb8e8-790e-46b0-9ae4-9c7fdc69eb39-chrome-pdf.html","meta":{"rootId":"0pqz84k2rbknppx","id":"0pqz84k2rbknppx"},"id":"zf8iqslnwreau8n","previousOperationId":"ot8ev5tytbljgku"}
{"type":"log","timestamp":1705334721597,"level":"debug","message":"Page request finished: GET (script) 200 https://cdnjs.cloudflare.com/ajax/libs/Chart.js/2.7.2/Chart.min.js","meta":{"rootId":"0pqz84k2rbknppx","id":"0pqz84k2rbknppx"},"id":"p4gprnekce3syzy","previousOperationId":"ot8ev5tytbljgku"}
{"type":"log","timestamp":1705334721605,"level":"warn","message":"Page error: Unexpected token ';' , stack: SyntaxError: Unexpected token ';'","meta":{"rootId":"0pqz84k2rbknppx","id":"0pqz84k2rbknppx"},"id":"5eskpyior85v4kk","previousOperationId":"ot8ev5tytbljgku"}
{"type":"log","timestamp":1705334721617,"level":"debug","message":"Running chrome with params {\"printBackground\":true,\"marginTop\":\"4cm\",\"marginRight\":\"1.5cm\",\"marginBottom\":\"1.5cm\",\"marginLeft\":\"1.5cm\",\"waitForJS\":false,\"timeout\":59949,\"margin\":{\"top\":\"4cm\",\"right\":\"1.5cm\",\"bottom\":\"1.5cm\",\"left\":\"1.5cm\"}}","meta":{"rootId":"0pqz84k2rbknppx","id":"0pqz84k2rbknppx"},"id":"a3vm3zzgd27lklv","previousOperationId":"ot8ev5tytbljgku"}
{"type":"operationEnd","operationId":"ot8ev5tytbljgku","timestamp":1705334721662,"id":"97wr6qhti8qe6eb","previousEventId":"sx0jchrur1vub9p","previousOperationId":"ot8ev5tytbljgku"}
{"type":"log","timestamp":1705334721662,"level":"info","message":"pdf-utils is starting pdf processing","meta":{"rootId":"0pqz84k2rbknppx","id":"0pqz84k2rbknppx"},"id":"p1bd8hrtcpylm03","previousOperationId":"ot8ev5tytbljgku"}
{"type":"operationStart","subtype":"pdfUtils","name":"pdf utils","timestamp":1705334721662,"id":"xu7gln5mdxgul91","previousEventId":"97wr6qhti8qe6eb","operationId":"ioibz91cvwz8qmw","previousOperationId":"ot8ev5tytbljgku"}
{"type":"log","timestamp":1705334721663,"level":"debug","message":"pdf-utils detected 1 pdf operation(s) to process","meta":{"rootId":"0pqz84k2rbknppx","id":"0pqz84k2rbknppx"},"id":"ox1spj17n2krbmm","previousOperationId":"ioibz91cvwz8qmw"}
{"type":"log","timestamp":1705334721675,"level":"debug","message":"pdf-utils running pdf operation merge","meta":{"rootId":"0pqz84k2rbknppx","id":"0pqz84k2rbknppx"},"id":"rgjzeh14qnss7so","previousOperationId":"ioibz91cvwz8qmw"}
{"type":"operationStart","subtype":"pdfUtilsMerge","name":"pdf utils merge","previousOperationId":"ioibz91cvwz8qmw","timestamp":1705334721675,"id":"nramqd11oi4ytnq","previousEventId":"xu7gln5mdxgul91","operationId":"dt8pcjsbdry0zyg"}
{"type":"operationStart","subtype":"render","name":"locations-header","previousOperationId":"dt8pcjsbdry0zyg","timestamp":1705334721677,"id":"hi4bkqx93xjffvr","previousEventId":"nramqd11oi4ytnq","operationId":"najlvul68e8bfw0"}
{"type":"log","timestamp":1705334721677,"level":"info","message":"Starting rendering (child) request","meta":{"rootId":"0pqz84k2rbknppx","id":"kmiw6xwgaw7amj6"},"id":"inu0aojbr8qdakt","previousOperationId":"najlvul68e8bfw0"}
{"type":"log","timestamp":1705334721677,"level":"info","message":"Rendering template { name: locations-header, recipe: chrome-pdf, engine: handlebars, preview: true }","meta":{"rootId":"0pqz84k2rbknppx","id":"kmiw6xwgaw7amj6"},"id":"ec00hepkwkb9u6g","previousOperationId":"najlvul68e8bfw0"}
{"type":"log","timestamp":1705334721678,"level":"debug","message":"Inline data specified.","meta":{"rootId":"0pqz84k2rbknppx","id":"kmiw6xwgaw7amj6"},"id":"kciqrwa0ynwsbxo","previousOperationId":"najlvul68e8bfw0"}
{"type":"log","timestamp":1705334721682,"level":"debug","message":"Base url not specified, skipping its injection.","meta":{"rootId":"0pqz84k2rbknppx","id":"kmiw6xwgaw7amj6"},"id":"e5mljhgwjqi0f4k","previousOperationId":"najlvul68e8bfw0"}
{"type":"operationStart","subtype":"engine","name":"handlebars","timestamp":1705334721682,"id":"i8uth61xi8ryd3l","previousEventId":"hi4bkqx93xjffvr","operationId":"8z0zomg9rz1ig5q","previousOperationId":"najlvul68e8bfw0"}
{"type":"log","timestamp":1705334721682,"level":"debug","message":"Rendering engine handlebars","meta":{"rootId":"0pqz84k2rbknppx","id":"kmiw6xwgaw7amj6"},"id":"n6w6tzkm25mvan4","previousOperationId":"8z0zomg9rz1ig5q"}
{"type":"operationEnd","operationId":"8z0zomg9rz1ig5q","timestamp":1705334721716,"id":"oskafazhs7e7b0d","previousEventId":"i8uth61xi8ryd3l","previousOperationId":"8z0zomg9rz1ig5q"}
{"type":"operationStart","subtype":"recipe","name":"chrome-pdf","timestamp":1705334721717,"id":"c1kof1gvd59fdi7","previousEventId":"oskafazhs7e7b0d","operationId":"eaevgai8ifr479r","previousOperationId":"8z0zomg9rz1ig5q"}
{"type":"log","timestamp":1705334721717,"level":"debug","message":"Executing recipe chrome-pdf","meta":{"rootId":"0pqz84k2rbknppx","id":"kmiw6xwgaw7amj6"},"id":"zep0q02kbuxdz6r","previousOperationId":"eaevgai8ifr479r"}
{"type":"log","timestamp":1705334721721,"level":"debug","message":"Converting with chrome HeadlessChrome/117.0.5938.149 using chrome-pool strategy","meta":{"rootId":"0pqz84k2rbknppx","id":"kmiw6xwgaw7amj6"},"id":"cyju4ogbojte3od","previousOperationId":"eaevgai8ifr479r"}
{"type":"log","timestamp":1705334721851,"level":"debug","message":"Page request: GET (document) file:///C:/Users/arida/AppData/Local/Temp/jsreport/autocleanup/55922e38-bc69-4141-815b-2ca6fd4bb411-chrome-pdf.html","meta":{"rootId":"0pqz84k2rbknppx","id":"kmiw6xwgaw7amj6"},"id":"lypbh5efl1jk1fb","previousOperationId":"eaevgai8ifr479r"}
{"type":"log","timestamp":1705334721863,"level":"debug","message":"Page request: GET (stylesheet) https://cdnjs.cloudflare.com/ajax/libs/metro/4.1.5/css/metro.min.css","meta":{"rootId":"0pqz84k2rbknppx","id":"kmiw6xwgaw7amj6"},"id":"l45at5o1m0di9t1","previousOperationId":"eaevgai8ifr479r"}
{"type":"log","timestamp":1705334721863,"level":"debug","message":"Page request finished: GET (document) 200 file:///C:/Users/arida/AppData/Local/Temp/jsreport/autocleanup/55922e38-bc69-4141-815b-2ca6fd4bb411-chrome-pdf.html","meta":{"rootId":"0pqz84k2rbknppx","id":"kmiw6xwgaw7amj6"},"id":"mozgk957wyy5sc2","previousOperationId":"eaevgai8ifr479r"}
{"type":"log","timestamp":1705334721887,"level":"debug","message":"Page request finished: GET (stylesheet) 200 https://cdnjs.cloudflare.com/ajax/libs/metro/4.1.5/css/metro.min.css","meta":{"rootId":"0pqz84k2rbknppx","id":"kmiw6xwgaw7amj6"},"id":"6x5mj28h2a6jmft","previousOperationId":"eaevgai8ifr479r"}
{"type":"log","timestamp":1705334721908,"level":"debug","message":"Running chrome with params {\"printBackground\":true,\"marginTop\":\"1.5cm\",\"marginRight\":\"1.5cm\",\"marginLeft\":\"1.cm\",\"timeout\":59675,\"margin\":{\"top\":\"1.5cm\",\"right\":\"1.5cm\",\"left\":\"1.cm\"}}","meta":{"rootId":"0pqz84k2rbknppx","id":"kmiw6xwgaw7amj6"},"id":"mcnn5xjoat3iv4c","previousOperationId":"eaevgai8ifr479r"}
{"type":"operationEnd","operationId":"eaevgai8ifr479r","timestamp":1705334721947,"id":"2dixxa1s07x7ex2","previousEventId":"c1kof1gvd59fdi7","previousOperationId":"eaevgai8ifr479r"}
{"type":"log","timestamp":1705334721947,"level":"debug","message":"Skipping storing report.","meta":{"rootId":"0pqz84k2rbknppx","id":"kmiw6xwgaw7amj6"},"id":"ds24ioyqmxewt1j","previousOperationId":"eaevgai8ifr479r"}
{"type":"log","timestamp":1705334721947,"level":"info","message":"Rendering (child) request finished in 553 ms","meta":{"rootId":"0pqz84k2rbknppx","id":"kmiw6xwgaw7amj6"},"id":"4kc8ilrqdmkv888","previousOperationId":"eaevgai8ifr479r"}
{"type":"operationEnd","subtype":"render","operationId":"najlvul68e8bfw0","timestamp":1705334721947,"id":"rvbcp25thukkdh2","previousEventId":"2dixxa1s07x7ex2","previousOperationId":"eaevgai8ifr479r"}
{"type":"operationEnd","operationId":"dt8pcjsbdry0zyg","timestamp":1705334721959,"id":"1jjbtks6kebx8cq","previousEventId":"nramqd11oi4ytnq","previousOperationId":"dt8pcjsbdry0zyg"}
{"type":"log","timestamp":1705334721959,"level":"debug","message":"pdf-utils postproces start","meta":{"rootId":"0pqz84k2rbknppx","id":"0pqz84k2rbknppx"},"id":"fvuonoytdqu46i1","previousOperationId":"dt8pcjsbdry0zyg"}
{"type":"log","timestamp":1705334721971,"level":"debug","message":"pdf-utils postproces end","meta":{"rootId":"0pqz84k2rbknppx","id":"0pqz84k2rbknppx"},"id":"2ytz0m2xtg1w1rf","previousOperationId":"dt8pcjsbdry0zyg"}
{"type":"operationEnd","operationId":"ioibz91cvwz8qmw","timestamp":1705334721971,"id":"oi9dh94rt7mf33j","previousEventId":"1jjbtks6kebx8cq","previousOperationId":"dt8pcjsbdry0zyg"}
{"type":"log","timestamp":1705334721971,"level":"info","message":"pdf-utils pdf processing was finished","meta":{"rootId":"0pqz84k2rbknppx","id":"0pqz84k2rbknppx"},"id":"0hsqpa9s2k9hlft","previousOperationId":"ioibz91cvwz8qmw"}
{"type":"log","timestamp":1705334721971,"level":"debug","message":"Skipping storing report.","meta":{"rootId":"0pqz84k2rbknppx","id":"0pqz84k2rbknppx"},"id":"2krv1cuukscuefv","previousOperationId":"ioibz91cvwz8qmw"}
{"type":"log","timestamp":1705334721971,"level":"info","message":"Rendering request 26 finished in 577 ms","meta":{"rootId":"0pqz84k2rbknppx","id":"0pqz84k2rbknppx"},"id":"lm1431thb1jbrxr","previousOperationId":"ioibz91cvwz8qmw"}
{"type":"operationEnd","subtype":"render","operationId":"5t4k9n6ttnfbd8f","timestamp":1705334721971,"id":"39zddzpe8o220ll","previousEventId":"oi9dh94rt7mf33j","previousOperationId":"ioibz91cvwz8qmw"}
{"type":"operationEnd","doDiffs":false,"previousEventId":"zb0pnvq264mo68e","previousOperationId":"zzdu07ygfl8it9z","operationId":"zzdu07ygfl8it9z","timestamp":1705334721981,"id":"wcrttiz14lzh4om"}
