{"type":"operationStart","subtype":"profile","data":{"_id":"w20VTrVhKGyiqJkf","timestamp":"2024-01-15T10:08:16.768Z","state":"queued","mode":"standard","creationDate":"2024-01-15T10:08:16.776Z","modificationDate":"2024-01-15T10:08:16.776Z","shortid":"bFR6-f6","$entitySet":"profiles"},"doDiffs":false,"timestamp":1705313296772,"id":"q18izayaqnv9eef","previousOperationId":null,"operationId":"mprsmy0bqekrbzk"}
{"type":"log","level":"info","message":"Render request 14 queued for execution and waiting for available worker","previousOperationId":"mprsmy0bqekrbzk","timestamp":1705313296772,"id":"2gbken9wkbv782q"}
{"type":"operationStart","subtype":"render","name":"locations-main","previousOperationId":"mprsmy0bqekrbzk","timestamp":1705313296804,"id":"3jq933c16ovv7a5","previousEventId":"q18izayaqnv9eef","operationId":"2ajfdj81nx86yn0"}
{"type":"log","timestamp":1705313296804,"level":"info","message":"Starting rendering request 14","meta":{"rootId":"0tyrbr0x7ahag85","id":"0tyrbr0x7ahag85"},"id":"25545k7ofh3xiee","previousOperationId":"2ajfdj81nx86yn0"}
{"type":"log","timestamp":1705313296804,"level":"info","message":"Rendering template { name: locations-main, recipe: chrome-pdf, engine: handlebars, preview: true }","meta":{"rootId":"0tyrbr0x7ahag85","id":"0tyrbr0x7ahag85"},"id":"aphqb8bukslwtj5","previousOperationId":"2ajfdj81nx86yn0"}
{"type":"log","timestamp":1705313296806,"level":"debug","message":"Data item not defined for this template.","meta":{"rootId":"0tyrbr0x7ahag85","id":"0tyrbr0x7ahag85"},"id":"md9hdyyc299bman","previousOperationId":"2ajfdj81nx86yn0"}
{"type":"log","timestamp":1705313296811,"level":"debug","message":"Executing script locations-script (beforeRender)","meta":{"rootId":"0tyrbr0x7ahag85","id":"0tyrbr0x7ahag85"},"id":"s30fugjxh10kqnf","previousOperationId":"2ajfdj81nx86yn0"}
{"type":"operationStart","subtype":"scriptsBeforeRender","name":"scripts beforeRender","timestamp":1705313296822,"id":"gkspiaym9x7dzmm","previousEventId":"3jq933c16ovv7a5","operationId":"mh3guia2526l7tl","previousOperationId":"2ajfdj81nx86yn0"}
{"type":"operationStart","subtype":"script","name":"scripts locations-script","previousOperationId":"mh3guia2526l7tl","timestamp":1705313296822,"id":"maexgbo7bztgkjw","previousEventId":"gkspiaym9x7dzmm","operationId":"jc8vsxdml53bpeg"}
{"type":"operationEnd","operationId":"jc8vsxdml53bpeg","timestamp":1705313296834,"id":"2xw3vkjajs3rstg","previousEventId":"3jq933c16ovv7a5","previousOperationId":"2ajfdj81nx86yn0"}
{"type":"operationEnd","operationId":"mh3guia2526l7tl","timestamp":1705313296834,"id":"d4sut0ny98ya2ny","previousEventId":"2xw3vkjajs3rstg","previousOperationId":"2ajfdj81nx86yn0"}
{"type":"log","timestamp":1705313296834,"level":"debug","message":"Base url not specified, skipping its injection.","meta":{"rootId":"0tyrbr0x7ahag85","id":"0tyrbr0x7ahag85"},"id":"u1ghv7pm8iyp2as","previousOperationId":"mh3guia2526l7tl"}
{"type":"operationStart","subtype":"engine","name":"handlebars","timestamp":1705313296835,"id":"of9gko5n02jgmgd","previousEventId":"d4sut0ny98ya2ny","operationId":"1swp3q6zx5xfwsv","previousOperationId":"mh3guia2526l7tl"}
{"type":"log","timestamp":1705313296835,"level":"debug","message":"Rendering engine handlebars","meta":{"rootId":"0tyrbr0x7ahag85","id":"0tyrbr0x7ahag85"},"id":"0svfen95uciz4nq","previousOperationId":"1swp3q6zx5xfwsv"}
{"type":"operationEnd","operationId":"1swp3q6zx5xfwsv","timestamp":1705313296849,"id":"1hig8qwfu04hj9y","previousEventId":"of9gko5n02jgmgd","previousOperationId":"1swp3q6zx5xfwsv"}
{"type":"operationStart","subtype":"recipe","name":"chrome-pdf","timestamp":1705313296849,"id":"5y13n6z2dvdqys9","previousEventId":"1hig8qwfu04hj9y","operationId":"rapw8q5h3j7bcrd","previousOperationId":"1swp3q6zx5xfwsv"}
{"type":"log","timestamp":1705313296849,"level":"debug","message":"Executing recipe chrome-pdf","meta":{"rootId":"0tyrbr0x7ahag85","id":"0tyrbr0x7ahag85"},"id":"a600znza4xocu5m","previousOperationId":"rapw8q5h3j7bcrd"}
{"type":"log","timestamp":1705313296853,"level":"debug","message":"Converting with chrome HeadlessChrome/117.0.5938.149 using chrome-pool strategy","meta":{"rootId":"0tyrbr0x7ahag85","id":"0tyrbr0x7ahag85"},"id":"ue349pmq98fmwxk","previousOperationId":"rapw8q5h3j7bcrd"}
{"type":"log","timestamp":1705313296964,"level":"debug","message":"Page request: GET (document) file:///C:/Users/arida/AppData/Local/Temp/jsreport/autocleanup/343b939a-6da0-4ec7-9ddb-84d1b6b93d43-chrome-pdf.html","meta":{"rootId":"0tyrbr0x7ahag85","id":"0tyrbr0x7ahag85"},"id":"guhg2usvn8vfer7","previousOperationId":"rapw8q5h3j7bcrd"}
{"type":"log","timestamp":1705313296989,"level":"debug","message":"Page request: GET (script) https://cdn.jsdelivr.net/npm/handlebars/dist/handlebars.min.js","meta":{"rootId":"0tyrbr0x7ahag85","id":"0tyrbr0x7ahag85"},"id":"2li92p6wdg2m8bo","previousOperationId":"rapw8q5h3j7bcrd"}
{"type":"log","timestamp":1705313296989,"level":"debug","message":"Page request: GET (script) https://cdn.jsdelivr.net/npm/chart.js","meta":{"rootId":"0tyrbr0x7ahag85","id":"0tyrbr0x7ahag85"},"id":"9x23h4okv7tmm0t","previousOperationId":"rapw8q5h3j7bcrd"}
{"type":"log","timestamp":1705313296989,"level":"debug","message":"Page request finished: GET (document) 200 file:///C:/Users/arida/AppData/Local/Temp/jsreport/autocleanup/343b939a-6da0-4ec7-9ddb-84d1b6b93d43-chrome-pdf.html","meta":{"rootId":"0tyrbr0x7ahag85","id":"0tyrbr0x7ahag85"},"id":"dogbrhwdge56p8u","previousOperationId":"rapw8q5h3j7bcrd"}
{"type":"log","timestamp":1705313296997,"level":"debug","message":"Page request finished: GET (script) 200 https://cdn.jsdelivr.net/npm/handlebars/dist/handlebars.min.js","meta":{"rootId":"0tyrbr0x7ahag85","id":"0tyrbr0x7ahag85"},"id":"gquqsp9xqxhiucj","previousOperationId":"rapw8q5h3j7bcrd"}
{"type":"log","timestamp":1705313297008,"level":"debug","message":"Page request finished: GET (script) 200 https://cdn.jsdelivr.net/npm/chart.js","meta":{"rootId":"0tyrbr0x7ahag85","id":"0tyrbr0x7ahag85"},"id":"s58fhaget59egow","previousOperationId":"rapw8q5h3j7bcrd"}
{"type":"log","timestamp":1705313297017,"level":"warn","message":"Page error: locations is not defined , stack: ReferenceError: locations is not defined\n    at <anonymous> (file:///C:/Users/arida/AppData/Local/Temp/jsreport/autocleanup/343b939a-6da0-4ec7-9ddb-84d1b6b93d43-chrome-pdf.html:18:18)","meta":{"rootId":"0tyrbr0x7ahag85","id":"0tyrbr0x7ahag85"},"id":"2bcvbwwfzt04mv6","previousOperationId":"rapw8q5h3j7bcrd"}
{"type":"log","timestamp":1705313297023,"level":"debug","message":"Running chrome with params {\"printBackground\":true,\"marginTop\":\"4cm\",\"marginRight\":\"1.5cm\",\"marginBottom\":\"1.5cm\",\"marginLeft\":\"1.5cm\",\"waitForJS\":false,\"timeout\":59917,\"margin\":{\"top\":\"4cm\",\"right\":\"1.5cm\",\"bottom\":\"1.5cm\",\"left\":\"1.5cm\"}}","meta":{"rootId":"0tyrbr0x7ahag85","id":"0tyrbr0x7ahag85"},"id":"u88ogcgivvzan4p","previousOperationId":"rapw8q5h3j7bcrd"}
{"type":"operationEnd","operationId":"rapw8q5h3j7bcrd","timestamp":1705313297031,"id":"fyl6d0gqvjnwqr0","previousEventId":"5y13n6z2dvdqys9","previousOperationId":"rapw8q5h3j7bcrd"}
{"type":"log","timestamp":1705313297031,"level":"info","message":"pdf-utils is starting pdf processing","meta":{"rootId":"0tyrbr0x7ahag85","id":"0tyrbr0x7ahag85"},"id":"cvezn51nj070lqj","previousOperationId":"rapw8q5h3j7bcrd"}
{"type":"operationStart","subtype":"pdfUtils","name":"pdf utils","timestamp":1705313297031,"id":"emg9w2mq67d2am2","previousEventId":"fyl6d0gqvjnwqr0","operationId":"s1l19y7d1ugnjmr","previousOperationId":"rapw8q5h3j7bcrd"}
{"type":"log","timestamp":1705313297031,"level":"debug","message":"pdf-utils detected 1 pdf operation(s) to process","meta":{"rootId":"0tyrbr0x7ahag85","id":"0tyrbr0x7ahag85"},"id":"blpiw0sk0ar4i10","previousOperationId":"s1l19y7d1ugnjmr"}
{"type":"log","timestamp":1705313297033,"level":"debug","message":"pdf-utils running pdf operation merge","meta":{"rootId":"0tyrbr0x7ahag85","id":"0tyrbr0x7ahag85"},"id":"1i5q4q4p1h9f43h","previousOperationId":"s1l19y7d1ugnjmr"}
{"type":"operationStart","subtype":"pdfUtilsMerge","name":"pdf utils merge","previousOperationId":"s1l19y7d1ugnjmr","timestamp":1705313297033,"id":"0k9uknrqzmkgmft","previousEventId":"emg9w2mq67d2am2","operationId":"n7dnh4vt1b66lci"}
{"type":"operationStart","subtype":"render","name":"locations-header","previousOperationId":"n7dnh4vt1b66lci","timestamp":1705313297034,"id":"1swp1lvl3kmtisf","previousEventId":"0k9uknrqzmkgmft","operationId":"fcq0d8tksf30ri1"}
{"type":"log","timestamp":1705313297035,"level":"info","message":"Starting rendering (child) request","meta":{"rootId":"0tyrbr0x7ahag85","id":"v1iur4nc997dx0u"},"id":"f9on8ap9h1r848b","previousOperationId":"fcq0d8tksf30ri1"}
{"type":"log","timestamp":1705313297035,"level":"info","message":"Rendering template { name: locations-header, recipe: chrome-pdf, engine: handlebars, preview: true }","meta":{"rootId":"0tyrbr0x7ahag85","id":"v1iur4nc997dx0u"},"id":"iz1oel41kre1aln","previousOperationId":"fcq0d8tksf30ri1"}
{"type":"log","timestamp":1705313297036,"level":"debug","message":"Inline data specified.","meta":{"rootId":"0tyrbr0x7ahag85","id":"v1iur4nc997dx0u"},"id":"gmxvupa92wghuzw","previousOperationId":"fcq0d8tksf30ri1"}
{"type":"log","timestamp":1705313297039,"level":"debug","message":"Base url not specified, skipping its injection.","meta":{"rootId":"0tyrbr0x7ahag85","id":"v1iur4nc997dx0u"},"id":"fmegcigm4z9sq4p","previousOperationId":"fcq0d8tksf30ri1"}
{"type":"operationStart","subtype":"engine","name":"handlebars","timestamp":1705313297039,"id":"oe3gvdu03voajrn","previousEventId":"1swp1lvl3kmtisf","operationId":"ymtf8eo7ts3v240","previousOperationId":"fcq0d8tksf30ri1"}
{"type":"log","timestamp":1705313297039,"level":"debug","message":"Rendering engine handlebars","meta":{"rootId":"0tyrbr0x7ahag85","id":"v1iur4nc997dx0u"},"id":"hn6xlmdrvfcvdvo","previousOperationId":"ymtf8eo7ts3v240"}
{"type":"operationEnd","operationId":"ymtf8eo7ts3v240","timestamp":1705313297064,"id":"6o7dsc1rhycs59a","previousEventId":"oe3gvdu03voajrn","previousOperationId":"ymtf8eo7ts3v240"}
{"type":"operationStart","subtype":"recipe","name":"chrome-pdf","timestamp":1705313297064,"id":"9c9f8dgo6h6f8h8","previousEventId":"6o7dsc1rhycs59a","operationId":"gip37hpt3r6kxw6","previousOperationId":"ymtf8eo7ts3v240"}
{"type":"log","timestamp":1705313297064,"level":"debug","message":"Executing recipe chrome-pdf","meta":{"rootId":"0tyrbr0x7ahag85","id":"v1iur4nc997dx0u"},"id":"si1l473cy9or0xs","previousOperationId":"gip37hpt3r6kxw6"}
{"type":"log","timestamp":1705313297067,"level":"debug","message":"Converting with chrome HeadlessChrome/117.0.5938.149 using chrome-pool strategy","meta":{"rootId":"0tyrbr0x7ahag85","id":"v1iur4nc997dx0u"},"id":"jlyw9kz1mbfc0pu","previousOperationId":"gip37hpt3r6kxw6"}
{"type":"log","timestamp":1705313297170,"level":"debug","message":"Page request: GET (document) file:///C:/Users/arida/AppData/Local/Temp/jsreport/autocleanup/09c2effd-1d35-4588-9cb3-a4d3b570bbe8-chrome-pdf.html","meta":{"rootId":"0tyrbr0x7ahag85","id":"v1iur4nc997dx0u"},"id":"rsd34g6erqomoh5","previousOperationId":"gip37hpt3r6kxw6"}
{"type":"log","timestamp":1705313297180,"level":"debug","message":"Page request: GET (stylesheet) https://cdnjs.cloudflare.com/ajax/libs/metro/4.1.5/css/metro.min.css","meta":{"rootId":"0tyrbr0x7ahag85","id":"v1iur4nc997dx0u"},"id":"j7ivhh2rnsb6seg","previousOperationId":"gip37hpt3r6kxw6"}
{"type":"log","timestamp":1705313297181,"level":"debug","message":"Page request finished: GET (document) 200 file:///C:/Users/arida/AppData/Local/Temp/jsreport/autocleanup/09c2effd-1d35-4588-9cb3-a4d3b570bbe8-chrome-pdf.html","meta":{"rootId":"0tyrbr0x7ahag85","id":"v1iur4nc997dx0u"},"id":"a6bw1wznum8skag","previousOperationId":"gip37hpt3r6kxw6"}
{"type":"log","timestamp":1705313297200,"level":"debug","message":"Page request finished: GET (stylesheet) 200 https://cdnjs.cloudflare.com/ajax/libs/metro/4.1.5/css/metro.min.css","meta":{"rootId":"0tyrbr0x7ahag85","id":"v1iur4nc997dx0u"},"id":"0kaiccso06swnw6","previousOperationId":"gip37hpt3r6kxw6"}
{"type":"log","timestamp":1705313297220,"level":"debug","message":"Running chrome with params {\"printBackground\":true,\"marginTop\":\"1.5cm\",\"marginRight\":\"1.5cm\",\"marginLeft\":\"1.cm\",\"timeout\":59702,\"margin\":{\"top\":\"1.5cm\",\"right\":\"1.5cm\",\"left\":\"1.cm\"}}","meta":{"rootId":"0tyrbr0x7ahag85","id":"v1iur4nc997dx0u"},"id":"9rnenbluv6ogurg","previousOperationId":"gip37hpt3r6kxw6"}
{"type":"operationEnd","operationId":"gip37hpt3r6kxw6","timestamp":1705313297256,"id":"1ojwbb3aq0rci4t","previousEventId":"9c9f8dgo6h6f8h8","previousOperationId":"gip37hpt3r6kxw6"}
{"type":"log","timestamp":1705313297256,"level":"debug","message":"Skipping storing report.","meta":{"rootId":"0tyrbr0x7ahag85","id":"v1iur4nc997dx0u"},"id":"oq80qud45yqzmso","previousOperationId":"gip37hpt3r6kxw6"}
{"type":"log","timestamp":1705313297256,"level":"info","message":"Rendering (child) request finished in 488 ms","meta":{"rootId":"0tyrbr0x7ahag85","id":"v1iur4nc997dx0u"},"id":"opzsvh2jpyvov7i","previousOperationId":"gip37hpt3r6kxw6"}
{"type":"operationEnd","subtype":"render","operationId":"fcq0d8tksf30ri1","timestamp":1705313297256,"id":"8p3j75fa1fm2b8d","previousEventId":"1ojwbb3aq0rci4t","previousOperationId":"gip37hpt3r6kxw6"}
{"type":"operationEnd","operationId":"n7dnh4vt1b66lci","timestamp":1705313297262,"id":"2dkrfwayrmc2xwf","previousEventId":"0k9uknrqzmkgmft","previousOperationId":"n7dnh4vt1b66lci"}
{"type":"log","timestamp":1705313297262,"level":"debug","message":"pdf-utils postproces start","meta":{"rootId":"0tyrbr0x7ahag85","id":"0tyrbr0x7ahag85"},"id":"7ihima4fitu48kj","previousOperationId":"n7dnh4vt1b66lci"}
{"type":"log","timestamp":1705313297266,"level":"debug","message":"pdf-utils postproces end","meta":{"rootId":"0tyrbr0x7ahag85","id":"0tyrbr0x7ahag85"},"id":"14z5uawu6e7gll4","previousOperationId":"n7dnh4vt1b66lci"}
{"type":"operationEnd","operationId":"s1l19y7d1ugnjmr","timestamp":1705313297266,"id":"sbh2jk3uf8g7xgc","previousEventId":"2dkrfwayrmc2xwf","previousOperationId":"n7dnh4vt1b66lci"}
{"type":"log","timestamp":1705313297266,"level":"info","message":"pdf-utils pdf processing was finished","meta":{"rootId":"0tyrbr0x7ahag85","id":"0tyrbr0x7ahag85"},"id":"e96ofrsecy5785r","previousOperationId":"s1l19y7d1ugnjmr"}
{"type":"log","timestamp":1705313297266,"level":"debug","message":"Skipping storing report.","meta":{"rootId":"0tyrbr0x7ahag85","id":"0tyrbr0x7ahag85"},"id":"6uslm0v3ub8fz2q","previousOperationId":"s1l19y7d1ugnjmr"}
{"type":"log","timestamp":1705313297266,"level":"info","message":"Rendering request 14 finished in 498 ms","meta":{"rootId":"0tyrbr0x7ahag85","id":"0tyrbr0x7ahag85"},"id":"28pcjqa7g41j3mo","previousOperationId":"s1l19y7d1ugnjmr"}
{"type":"operationEnd","subtype":"render","operationId":"2ajfdj81nx86yn0","timestamp":1705313297266,"id":"udo8nn0kmrfrych","previousEventId":"sbh2jk3uf8g7xgc","previousOperationId":"s1l19y7d1ugnjmr"}
{"type":"operationEnd","doDiffs":false,"previousEventId":"q18izayaqnv9eef","previousOperationId":"mprsmy0bqekrbzk","operationId":"mprsmy0bqekrbzk","timestamp":1705313297278,"id":"dyfqh31ka9afulv"}
