{"type":"operationStart","subtype":"profile","data":{"_id":"VCpIpXWENxwQzykV","timestamp":"2024-01-15T22:59:35.319Z","state":"queued","mode":"standard","creationDate":"2024-01-15T22:59:35.323Z","modificationDate":"2024-01-15T22:59:35.323Z","shortid":"cbyVwxf","$entitySet":"profiles"},"doDiffs":false,"timestamp":1705359575321,"id":"8reip1m3hoj0zql","previousOperationId":null,"operationId":"wsorazwmozj2hez"}
{"type":"log","level":"info","message":"Render request 52 queued for execution and waiting for available worker","previousOperationId":"wsorazwmozj2hez","timestamp":1705359575321,"id":"j36lycf0ghfsime"}
{"type":"operationStart","subtype":"render","name":"locations-main","previousOperationId":"wsorazwmozj2hez","timestamp":1705359575336,"id":"tyjlon9tpij8qdl","previousEventId":"8reip1m3hoj0zql","operationId":"7wscz8kxr07a64r"}
{"type":"log","timestamp":1705359575338,"level":"info","message":"Starting rendering request 52","meta":{"rootId":"16n8rqrv09lhwwo","id":"16n8rqrv09lhwwo"},"id":"xmitoucxd2igyx2","previousOperationId":"7wscz8kxr07a64r"}
{"type":"log","timestamp":1705359575340,"level":"info","message":"Rendering template { name: locations-main, recipe: chrome-pdf, engine: handlebars, preview: false }","meta":{"rootId":"16n8rqrv09lhwwo","id":"16n8rqrv09lhwwo"},"id":"jghf3x3ch83dssp","previousOperationId":"7wscz8kxr07a64r"}
{"type":"log","timestamp":1705359575342,"level":"debug","message":"Data item not defined for this template.","meta":{"rootId":"16n8rqrv09lhwwo","id":"16n8rqrv09lhwwo"},"id":"qabn875lubhdxkp","previousOperationId":"7wscz8kxr07a64r"}
{"type":"log","timestamp":1705359575347,"level":"debug","message":"Executing script locations-script (beforeRender)","meta":{"rootId":"16n8rqrv09lhwwo","id":"16n8rqrv09lhwwo"},"id":"x00t8flvma10uyo","previousOperationId":"7wscz8kxr07a64r"}
{"type":"operationStart","subtype":"scriptsBeforeRender","name":"scripts beforeRender","timestamp":1705359575383,"id":"ahhh51rhavzxbdv","previousEventId":"tyjlon9tpij8qdl","operationId":"vfazpb43jzwndd3","previousOperationId":"7wscz8kxr07a64r"}
{"type":"operationStart","subtype":"script","name":"scripts locations-script","previousOperationId":"vfazpb43jzwndd3","timestamp":1705359575383,"id":"kr0zfzfuptirb4g","previousEventId":"ahhh51rhavzxbdv","operationId":"qeity9681x3mdvg"}
{"type":"operationEnd","operationId":"qeity9681x3mdvg","timestamp":1705359575448,"id":"s9hrmxospz6y461","previousEventId":"tyjlon9tpij8qdl","previousOperationId":"7wscz8kxr07a64r"}
{"type":"operationEnd","operationId":"vfazpb43jzwndd3","timestamp":1705359575448,"id":"fg5uji8ec9mw7k3","previousEventId":"s9hrmxospz6y461","previousOperationId":"7wscz8kxr07a64r"}
{"type":"log","timestamp":1705359575448,"level":"debug","message":"Base url not specified, skipping its injection.","meta":{"rootId":"16n8rqrv09lhwwo","id":"16n8rqrv09lhwwo"},"id":"2vqiwksksmvsopu","previousOperationId":"vfazpb43jzwndd3"}
{"type":"operationStart","subtype":"engine","name":"handlebars","timestamp":1705359575448,"id":"9hk41a19reyf56o","previousEventId":"fg5uji8ec9mw7k3","operationId":"my1uehw6glapbq4","previousOperationId":"vfazpb43jzwndd3"}
{"type":"log","timestamp":1705359575448,"level":"debug","message":"Rendering engine handlebars","meta":{"rootId":"16n8rqrv09lhwwo","id":"16n8rqrv09lhwwo"},"id":"33emd45b0aoba0g","previousOperationId":"my1uehw6glapbq4"}
{"type":"operationEnd","operationId":"my1uehw6glapbq4","timestamp":1705359575464,"id":"xdcowv0g1gdqd66","previousEventId":"9hk41a19reyf56o","previousOperationId":"my1uehw6glapbq4"}
{"type":"operationStart","subtype":"recipe","name":"chrome-pdf","timestamp":1705359575464,"id":"anc9v0jdlmchhft","previousEventId":"xdcowv0g1gdqd66","operationId":"nhk21wr71snpxps","previousOperationId":"my1uehw6glapbq4"}
{"type":"log","timestamp":1705359575464,"level":"debug","message":"Executing recipe chrome-pdf","meta":{"rootId":"16n8rqrv09lhwwo","id":"16n8rqrv09lhwwo"},"id":"dyz74xrujm3ykiv","previousOperationId":"nhk21wr71snpxps"}
{"type":"log","timestamp":1705359576435,"level":"debug","message":"Converting with chrome HeadlessChrome/117.0.5938.149 using chrome-pool strategy","meta":{"rootId":"16n8rqrv09lhwwo","id":"16n8rqrv09lhwwo"},"id":"4o8583c5mask11y","previousOperationId":"nhk21wr71snpxps"}
{"type":"log","timestamp":1705359577104,"level":"debug","message":"Page request: GET (document) file:///C:/Users/arida/AppData/Local/Temp/jsreport/autocleanup/ff04e04f-9342-44c8-a53f-1eb0b51b89ee-chrome-pdf.html","meta":{"rootId":"16n8rqrv09lhwwo","id":"16n8rqrv09lhwwo"},"id":"qll5o9jv8x1t1sw","previousOperationId":"nhk21wr71snpxps"}
{"type":"log","timestamp":1705359577137,"level":"debug","message":"Page request: GET (script) https://cdnjs.cloudflare.com/ajax/libs/Chart.js/2.7.2/Chart.min.js","meta":{"rootId":"16n8rqrv09lhwwo","id":"16n8rqrv09lhwwo"},"id":"6ve2ifsw9gg2vj4","previousOperationId":"nhk21wr71snpxps"}
{"type":"log","timestamp":1705359577137,"level":"debug","message":"Page request finished: GET (document) 200 file:///C:/Users/arida/AppData/Local/Temp/jsreport/autocleanup/ff04e04f-9342-44c8-a53f-1eb0b51b89ee-chrome-pdf.html","meta":{"rootId":"16n8rqrv09lhwwo","id":"16n8rqrv09lhwwo"},"id":"0rfw89mi54nm957","previousOperationId":"nhk21wr71snpxps"}
{"type":"log","timestamp":1705359579677,"level":"debug","message":"Page request finished: GET (script) 200 https://cdnjs.cloudflare.com/ajax/libs/Chart.js/2.7.2/Chart.min.js","meta":{"rootId":"16n8rqrv09lhwwo","id":"16n8rqrv09lhwwo"},"id":"qr86rohq1frh95e","previousOperationId":"nhk21wr71snpxps"}
{"type":"log","timestamp":1705359579736,"level":"debug","message":"Running chrome with params {\"printBackground\":true,\"marginTop\":\"4cm\",\"marginRight\":\"1.5cm\",\"marginBottom\":\"1.5cm\",\"marginLeft\":\"1.5cm\",\"waitForJS\":false,\"timeout\":59851,\"margin\":{\"top\":\"4cm\",\"right\":\"1.5cm\",\"bottom\":\"1.5cm\",\"left\":\"1.5cm\"}}","meta":{"rootId":"16n8rqrv09lhwwo","id":"16n8rqrv09lhwwo"},"id":"hjzchq87n1ash5u","previousOperationId":"nhk21wr71snpxps"}
{"type":"operationEnd","operationId":"nhk21wr71snpxps","timestamp":1705359579788,"id":"a5pay3akpqkh5yc","previousEventId":"anc9v0jdlmchhft","previousOperationId":"nhk21wr71snpxps"}
{"type":"log","timestamp":1705359579788,"level":"info","message":"pdf-utils is starting pdf processing","meta":{"rootId":"16n8rqrv09lhwwo","id":"16n8rqrv09lhwwo"},"id":"1ukv366s3swa6pp","previousOperationId":"nhk21wr71snpxps"}
{"type":"operationStart","subtype":"pdfUtils","name":"pdf utils","timestamp":1705359579789,"id":"5szdw3mxoizo3pm","previousEventId":"a5pay3akpqkh5yc","operationId":"20gke37yrga3huf","previousOperationId":"nhk21wr71snpxps"}
{"type":"log","timestamp":1705359579789,"level":"debug","message":"pdf-utils detected 1 pdf operation(s) to process","meta":{"rootId":"16n8rqrv09lhwwo","id":"16n8rqrv09lhwwo"},"id":"xw766d3qnzhnh2n","previousOperationId":"20gke37yrga3huf"}
{"type":"log","timestamp":1705359579802,"level":"debug","message":"pdf-utils running pdf operation merge","meta":{"rootId":"16n8rqrv09lhwwo","id":"16n8rqrv09lhwwo"},"id":"elwomqddv43zc67","previousOperationId":"20gke37yrga3huf"}
{"type":"operationStart","subtype":"pdfUtilsMerge","name":"pdf utils merge","previousOperationId":"20gke37yrga3huf","timestamp":1705359579802,"id":"vqx171cor7xfxz8","previousEventId":"5szdw3mxoizo3pm","operationId":"lkq78vilpvprgcx"}
{"type":"operationStart","subtype":"render","name":"locations-header","previousOperationId":"lkq78vilpvprgcx","timestamp":1705359579803,"id":"s43baqz8ihsivz4","previousEventId":"vqx171cor7xfxz8","operationId":"acbtpg275bp6vp7"}
{"type":"log","timestamp":1705359579803,"level":"info","message":"Starting rendering (child) request","meta":{"rootId":"16n8rqrv09lhwwo","id":"c519xyka18yjws7"},"id":"0xi2e23u1vdeen8","previousOperationId":"acbtpg275bp6vp7"}
{"type":"log","timestamp":1705359579803,"level":"info","message":"Rendering template { name: locations-header, recipe: chrome-pdf, engine: handlebars, preview: false }","meta":{"rootId":"16n8rqrv09lhwwo","id":"c519xyka18yjws7"},"id":"qlox78jn709jv2y","previousOperationId":"acbtpg275bp6vp7"}
{"type":"log","timestamp":1705359579804,"level":"debug","message":"Inline data specified.","meta":{"rootId":"16n8rqrv09lhwwo","id":"c519xyka18yjws7"},"id":"1kpp0dfx6xie7z6","previousOperationId":"acbtpg275bp6vp7"}
{"type":"log","timestamp":1705359579807,"level":"debug","message":"Base url not specified, skipping its injection.","meta":{"rootId":"16n8rqrv09lhwwo","id":"c519xyka18yjws7"},"id":"6srzcpwjtp24217","previousOperationId":"acbtpg275bp6vp7"}
{"type":"operationStart","subtype":"engine","name":"handlebars","timestamp":1705359579807,"id":"t3isrox0lc5n0xu","previousEventId":"s43baqz8ihsivz4","operationId":"i1bx8xickovyleg","previousOperationId":"acbtpg275bp6vp7"}
{"type":"log","timestamp":1705359579807,"level":"debug","message":"Rendering engine handlebars","meta":{"rootId":"16n8rqrv09lhwwo","id":"c519xyka18yjws7"},"id":"0agkh3cv06yws9e","previousOperationId":"i1bx8xickovyleg"}
{"type":"operationEnd","operationId":"i1bx8xickovyleg","timestamp":1705359579824,"id":"7yf5l94wh6oe1u4","previousEventId":"t3isrox0lc5n0xu","previousOperationId":"i1bx8xickovyleg"}
{"type":"operationStart","subtype":"recipe","name":"chrome-pdf","timestamp":1705359579824,"id":"ct9kez1mwbixgoy","previousEventId":"7yf5l94wh6oe1u4","operationId":"12mf1erhpr19ifm","previousOperationId":"i1bx8xickovyleg"}
{"type":"log","timestamp":1705359579824,"level":"debug","message":"Executing recipe chrome-pdf","meta":{"rootId":"16n8rqrv09lhwwo","id":"c519xyka18yjws7"},"id":"v58n75r7py0o32c","previousOperationId":"12mf1erhpr19ifm"}
{"type":"log","timestamp":1705359579826,"level":"debug","message":"Converting with chrome HeadlessChrome/117.0.5938.149 using chrome-pool strategy","meta":{"rootId":"16n8rqrv09lhwwo","id":"c519xyka18yjws7"},"id":"jxtcdy0on7788vm","previousOperationId":"12mf1erhpr19ifm"}
{"type":"log","timestamp":1705359579959,"level":"debug","message":"Page request: GET (document) file:///C:/Users/arida/AppData/Local/Temp/jsreport/autocleanup/ac2a1283-31e0-4261-b210-0bbbd4dad481-chrome-pdf.html","meta":{"rootId":"16n8rqrv09lhwwo","id":"c519xyka18yjws7"},"id":"s6zd4qqh192irz8","previousOperationId":"12mf1erhpr19ifm"}
{"type":"log","timestamp":1705359579976,"level":"debug","message":"Page request: GET (stylesheet) https://cdnjs.cloudflare.com/ajax/libs/metro/4.1.5/css/metro.min.css","meta":{"rootId":"16n8rqrv09lhwwo","id":"c519xyka18yjws7"},"id":"ajnphndpsesd3v4","previousOperationId":"12mf1erhpr19ifm"}
{"type":"log","timestamp":1705359579976,"level":"debug","message":"Page request finished: GET (document) 200 file:///C:/Users/arida/AppData/Local/Temp/jsreport/autocleanup/ac2a1283-31e0-4261-b210-0bbbd4dad481-chrome-pdf.html","meta":{"rootId":"16n8rqrv09lhwwo","id":"c519xyka18yjws7"},"id":"32lfhn5ixsfq7c0","previousOperationId":"12mf1erhpr19ifm"}
{"type":"log","timestamp":1705359580057,"level":"debug","message":"Page request finished: GET (stylesheet) 200 https://cdnjs.cloudflare.com/ajax/libs/metro/4.1.5/css/metro.min.css","meta":{"rootId":"16n8rqrv09lhwwo","id":"c519xyka18yjws7"},"id":"ev5jfl1woua256f","previousOperationId":"12mf1erhpr19ifm"}
{"type":"log","timestamp":1705359580083,"level":"debug","message":"Running chrome with params {\"printBackground\":true,\"marginTop\":\"1.5cm\",\"marginRight\":\"1.5cm\",\"marginLeft\":\"1.cm\",\"timeout\":55493,\"margin\":{\"top\":\"1.5cm\",\"right\":\"1.5cm\",\"left\":\"1.cm\"}}","meta":{"rootId":"16n8rqrv09lhwwo","id":"c519xyka18yjws7"},"id":"x3q3ytqwr8uzjr9","previousOperationId":"12mf1erhpr19ifm"}
{"type":"operationEnd","operationId":"12mf1erhpr19ifm","timestamp":1705359580128,"id":"v0vyudgrygc0kfz","previousEventId":"ct9kez1mwbixgoy","previousOperationId":"12mf1erhpr19ifm"}
{"type":"log","timestamp":1705359580128,"level":"debug","message":"Skipping storing report.","meta":{"rootId":"16n8rqrv09lhwwo","id":"c519xyka18yjws7"},"id":"74jpdr1smjyoyt5","previousOperationId":"12mf1erhpr19ifm"}
{"type":"log","timestamp":1705359580128,"level":"info","message":"Rendering (child) request finished in 4810 ms","meta":{"rootId":"16n8rqrv09lhwwo","id":"c519xyka18yjws7"},"id":"r9l691y1ktrpx9j","previousOperationId":"12mf1erhpr19ifm"}
{"type":"operationEnd","subtype":"render","operationId":"acbtpg275bp6vp7","timestamp":1705359580128,"id":"82m17g46zqlezq5","previousEventId":"v0vyudgrygc0kfz","previousOperationId":"12mf1erhpr19ifm"}
{"type":"operationEnd","operationId":"lkq78vilpvprgcx","timestamp":1705359580140,"id":"kzj5aj4ukc800hg","previousEventId":"vqx171cor7xfxz8","previousOperationId":"lkq78vilpvprgcx"}
{"type":"log","timestamp":1705359580140,"level":"debug","message":"pdf-utils postproces start","meta":{"rootId":"16n8rqrv09lhwwo","id":"16n8rqrv09lhwwo"},"id":"pzqhqv6un1pomhn","previousOperationId":"lkq78vilpvprgcx"}
{"type":"log","timestamp":1705359580151,"level":"debug","message":"pdf-utils postproces end","meta":{"rootId":"16n8rqrv09lhwwo","id":"16n8rqrv09lhwwo"},"id":"qe19rodbbo8zw7k","previousOperationId":"lkq78vilpvprgcx"}
{"type":"operationEnd","operationId":"20gke37yrga3huf","timestamp":1705359580151,"id":"j7hapbs1f8yqs7p","previousEventId":"kzj5aj4ukc800hg","previousOperationId":"lkq78vilpvprgcx"}
{"type":"log","timestamp":1705359580151,"level":"info","message":"pdf-utils pdf processing was finished","meta":{"rootId":"16n8rqrv09lhwwo","id":"16n8rqrv09lhwwo"},"id":"3tpxtzm5m1fru1x","previousOperationId":"20gke37yrga3huf"}
{"type":"log","timestamp":1705359580151,"level":"debug","message":"Skipping storing report.","meta":{"rootId":"16n8rqrv09lhwwo","id":"16n8rqrv09lhwwo"},"id":"401f21otvwiry6r","previousOperationId":"20gke37yrga3huf"}
{"type":"log","timestamp":1705359580152,"level":"info","message":"Rendering request 52 finished in 4834 ms","meta":{"rootId":"16n8rqrv09lhwwo","id":"16n8rqrv09lhwwo"},"id":"u9yc9g60yxorsjf","previousOperationId":"20gke37yrga3huf"}
{"type":"operationEnd","subtype":"render","operationId":"7wscz8kxr07a64r","timestamp":1705359580152,"id":"v1gvy37jysnjx7n","previousEventId":"j7hapbs1f8yqs7p","previousOperationId":"20gke37yrga3huf"}
{"type":"operationEnd","doDiffs":false,"previousEventId":"8reip1m3hoj0zql","previousOperationId":"wsorazwmozj2hez","operationId":"wsorazwmozj2hez","timestamp":1705359580158,"id":"r9slfzsl0b87eiy"}
