{"type":"operationStart","subtype":"profile","data":{"_id":"EoEstJRxDsTTSHxn","timestamp":"2024-01-15T15:53:05.253Z","state":"queued","mode":"standard","creationDate":"2024-01-15T15:53:05.256Z","modificationDate":"2024-01-15T15:53:05.256Z","shortid":"jk0O4Ig","$entitySet":"profiles"},"doDiffs":false,"timestamp":1705333985255,"id":"ehowqqew30m55n7","previousOperationId":null,"operationId":"oz5wjyxzcgeg2dt"}
{"type":"log","level":"info","message":"Render request 14 queued for execution and waiting for available worker","previousOperationId":"oz5wjyxzcgeg2dt","timestamp":1705333985255,"id":"xxu3oz7gsel2hf3"}
{"type":"operationStart","subtype":"render","name":"locations-main","previousOperationId":"oz5wjyxzcgeg2dt","timestamp":1705333985269,"id":"oee68yfzcobaujc","previousEventId":"ehowqqew30m55n7","operationId":"z8uj3f0s58mn6ku"}
{"type":"log","timestamp":1705333985269,"level":"info","message":"Starting rendering request 14","meta":{"rootId":"1he66m9e4438l6s","id":"1he66m9e4438l6s"},"id":"iu2dlt2ec6i16vx","previousOperationId":"z8uj3f0s58mn6ku"}
{"type":"log","timestamp":1705333985269,"level":"info","message":"Rendering template { name: locations-main, recipe: chrome-pdf, engine: handlebars, preview: true }","meta":{"rootId":"1he66m9e4438l6s","id":"1he66m9e4438l6s"},"id":"0m6bf4tfeq3gt01","previousOperationId":"z8uj3f0s58mn6ku"}
{"type":"log","timestamp":1705333985270,"level":"debug","message":"Data item not defined for this template.","meta":{"rootId":"1he66m9e4438l6s","id":"1he66m9e4438l6s"},"id":"m8ka87idqex653d","previousOperationId":"z8uj3f0s58mn6ku"}
{"type":"log","timestamp":1705333985274,"level":"debug","message":"Executing script locations-script (beforeRender)","meta":{"rootId":"1he66m9e4438l6s","id":"1he66m9e4438l6s"},"id":"ijrj05e7zlidfy8","previousOperationId":"z8uj3f0s58mn6ku"}
{"type":"operationStart","subtype":"scriptsBeforeRender","name":"scripts beforeRender","timestamp":1705333985285,"id":"1kaqn3kmc77pit6","previousEventId":"oee68yfzcobaujc","operationId":"qgsjuv66wphgkbt","previousOperationId":"z8uj3f0s58mn6ku"}
{"type":"operationStart","subtype":"script","name":"scripts locations-script","previousOperationId":"qgsjuv66wphgkbt","timestamp":1705333985285,"id":"yvikcjbd11fp89f","previousEventId":"1kaqn3kmc77pit6","operationId":"ik4wyty5gwede2u"}
{"type":"operationEnd","operationId":"ik4wyty5gwede2u","timestamp":1705333985299,"id":"opm40fbtx5z4mwp","previousEventId":"oee68yfzcobaujc","previousOperationId":"z8uj3f0s58mn6ku"}
{"type":"operationEnd","operationId":"qgsjuv66wphgkbt","timestamp":1705333985299,"id":"p77ky74sx8amzwh","previousEventId":"opm40fbtx5z4mwp","previousOperationId":"z8uj3f0s58mn6ku"}
{"type":"log","timestamp":1705333985299,"level":"debug","message":"Base url not specified, skipping its injection.","meta":{"rootId":"1he66m9e4438l6s","id":"1he66m9e4438l6s"},"id":"qy8oy0cg3ss2y5f","previousOperationId":"qgsjuv66wphgkbt"}
{"type":"operationStart","subtype":"engine","name":"handlebars","timestamp":1705333985299,"id":"zh9xuon1g8nirr6","previousEventId":"p77ky74sx8amzwh","operationId":"uef28y4ioa3cjyp","previousOperationId":"qgsjuv66wphgkbt"}
{"type":"log","timestamp":1705333985299,"level":"debug","message":"Rendering engine handlebars","meta":{"rootId":"1he66m9e4438l6s","id":"1he66m9e4438l6s"},"id":"osn3bptm9h87uom","previousOperationId":"uef28y4ioa3cjyp"}
{"type":"operationEnd","operationId":"uef28y4ioa3cjyp","timestamp":1705333985318,"id":"c9sl9m7yz9uw18f","previousEventId":"zh9xuon1g8nirr6","previousOperationId":"uef28y4ioa3cjyp"}
{"type":"operationStart","subtype":"recipe","name":"chrome-pdf","timestamp":1705333985319,"id":"vc5j0b5jdcmhtvo","previousEventId":"c9sl9m7yz9uw18f","operationId":"qo7j3rvvsndqnkd","previousOperationId":"uef28y4ioa3cjyp"}
{"type":"log","timestamp":1705333985319,"level":"debug","message":"Executing recipe chrome-pdf","meta":{"rootId":"1he66m9e4438l6s","id":"1he66m9e4438l6s"},"id":"zul9or5r48vhy4k","previousOperationId":"qo7j3rvvsndqnkd"}
{"type":"log","timestamp":1705333985323,"level":"debug","message":"Converting with chrome HeadlessChrome/117.0.5938.149 using chrome-pool strategy","meta":{"rootId":"1he66m9e4438l6s","id":"1he66m9e4438l6s"},"id":"7g97r5hyhta6l8o","previousOperationId":"qo7j3rvvsndqnkd"}
{"type":"log","timestamp":1705333985459,"level":"debug","message":"Page request: GET (document) file:///C:/Users/arida/AppData/Local/Temp/jsreport/autocleanup/5438d8a4-7b81-4c82-b66e-9d13ddbddb52-chrome-pdf.html","meta":{"rootId":"1he66m9e4438l6s","id":"1he66m9e4438l6s"},"id":"pkirzt56o3pnv4v","previousOperationId":"qo7j3rvvsndqnkd"}
{"type":"log","timestamp":1705333985491,"level":"debug","message":"Page request: GET (script) https://cdnjs.cloudflare.com/ajax/libs/Chart.js/2.7.2/Chart.min.js","meta":{"rootId":"1he66m9e4438l6s","id":"1he66m9e4438l6s"},"id":"u441d8aew8bq5r1","previousOperationId":"qo7j3rvvsndqnkd"}
{"type":"log","timestamp":1705333985491,"level":"debug","message":"Page request finished: GET (document) 200 file:///C:/Users/arida/AppData/Local/Temp/jsreport/autocleanup/5438d8a4-7b81-4c82-b66e-9d13ddbddb52-chrome-pdf.html","meta":{"rootId":"1he66m9e4438l6s","id":"1he66m9e4438l6s"},"id":"hdwo6ukrhyq651o","previousOperationId":"qo7j3rvvsndqnkd"}
{"type":"log","timestamp":1705333985497,"level":"debug","message":"Page request finished: GET (script) 200 https://cdnjs.cloudflare.com/ajax/libs/Chart.js/2.7.2/Chart.min.js","meta":{"rootId":"1he66m9e4438l6s","id":"1he66m9e4438l6s"},"id":"r8k1ic77wm9vcyg","previousOperationId":"qo7j3rvvsndqnkd"}
{"type":"log","timestamp":1705333985504,"level":"warn","message":"Page error: Unexpected token ';' , stack: SyntaxError: Unexpected token ';'","meta":{"rootId":"1he66m9e4438l6s","id":"1he66m9e4438l6s"},"id":"78x9uyokmgfoequ","previousOperationId":"qo7j3rvvsndqnkd"}
{"type":"log","timestamp":1705333985519,"level":"debug","message":"Running chrome with params {\"printBackground\":true,\"marginTop\":\"4cm\",\"marginRight\":\"1.5cm\",\"marginBottom\":\"1.5cm\",\"marginLeft\":\"1.5cm\",\"waitForJS\":false,\"timeout\":59931,\"margin\":{\"top\":\"4cm\",\"right\":\"1.5cm\",\"bottom\":\"1.5cm\",\"left\":\"1.5cm\"}}","meta":{"rootId":"1he66m9e4438l6s","id":"1he66m9e4438l6s"},"id":"ybm3htysk0e4ggz","previousOperationId":"qo7j3rvvsndqnkd"}
{"type":"operationEnd","operationId":"qo7j3rvvsndqnkd","timestamp":1705333985561,"id":"jhhd70eo3z5lw1y","previousEventId":"vc5j0b5jdcmhtvo","previousOperationId":"qo7j3rvvsndqnkd"}
{"type":"log","timestamp":1705333985561,"level":"info","message":"pdf-utils is starting pdf processing","meta":{"rootId":"1he66m9e4438l6s","id":"1he66m9e4438l6s"},"id":"6ks2i45lacvss30","previousOperationId":"qo7j3rvvsndqnkd"}
{"type":"operationStart","subtype":"pdfUtils","name":"pdf utils","timestamp":1705333985561,"id":"w9pjmhbahee800a","previousEventId":"jhhd70eo3z5lw1y","operationId":"n5pqnvuvf9ce4h8","previousOperationId":"qo7j3rvvsndqnkd"}
{"type":"log","timestamp":1705333985561,"level":"debug","message":"pdf-utils detected 1 pdf operation(s) to process","meta":{"rootId":"1he66m9e4438l6s","id":"1he66m9e4438l6s"},"id":"q1wecrd6f1g3qvd","previousOperationId":"n5pqnvuvf9ce4h8"}
{"type":"log","timestamp":1705333985574,"level":"debug","message":"pdf-utils running pdf operation merge","meta":{"rootId":"1he66m9e4438l6s","id":"1he66m9e4438l6s"},"id":"jenie79ixagz9h2","previousOperationId":"n5pqnvuvf9ce4h8"}
{"type":"operationStart","subtype":"pdfUtilsMerge","name":"pdf utils merge","previousOperationId":"n5pqnvuvf9ce4h8","timestamp":1705333985574,"id":"dyzib8v2v3njusy","previousEventId":"w9pjmhbahee800a","operationId":"wozv1ajsxekx9ij"}
{"type":"operationStart","subtype":"render","name":"locations-header","previousOperationId":"wozv1ajsxekx9ij","timestamp":1705333985576,"id":"thbdm1z5bnfcxb3","previousEventId":"dyzib8v2v3njusy","operationId":"tygoqf4y27puclf"}
{"type":"log","timestamp":1705333985576,"level":"info","message":"Starting rendering (child) request","meta":{"rootId":"1he66m9e4438l6s","id":"clvpkrr7zxxk9x2"},"id":"mu355wnko1a3wq3","previousOperationId":"tygoqf4y27puclf"}
{"type":"log","timestamp":1705333985576,"level":"info","message":"Rendering template { name: locations-header, recipe: chrome-pdf, engine: handlebars, preview: true }","meta":{"rootId":"1he66m9e4438l6s","id":"clvpkrr7zxxk9x2"},"id":"zc2yg8pj15istyr","previousOperationId":"tygoqf4y27puclf"}
{"type":"log","timestamp":1705333985577,"level":"debug","message":"Inline data specified.","meta":{"rootId":"1he66m9e4438l6s","id":"clvpkrr7zxxk9x2"},"id":"nke6zcfhlxg2l29","previousOperationId":"tygoqf4y27puclf"}
{"type":"log","timestamp":1705333985583,"level":"debug","message":"Base url not specified, skipping its injection.","meta":{"rootId":"1he66m9e4438l6s","id":"clvpkrr7zxxk9x2"},"id":"ucrudxva6xbn7ye","previousOperationId":"tygoqf4y27puclf"}
{"type":"operationStart","subtype":"engine","name":"handlebars","timestamp":1705333985583,"id":"868dj3zv9ap87ju","previousEventId":"thbdm1z5bnfcxb3","operationId":"iz8sdyuk7c6qgh2","previousOperationId":"tygoqf4y27puclf"}
{"type":"log","timestamp":1705333985583,"level":"debug","message":"Rendering engine handlebars","meta":{"rootId":"1he66m9e4438l6s","id":"clvpkrr7zxxk9x2"},"id":"ffa1uuj7yoehaet","previousOperationId":"iz8sdyuk7c6qgh2"}
{"type":"operationEnd","operationId":"iz8sdyuk7c6qgh2","timestamp":1705333985607,"id":"dlzat6myh7pj1j1","previousEventId":"868dj3zv9ap87ju","previousOperationId":"iz8sdyuk7c6qgh2"}
{"type":"operationStart","subtype":"recipe","name":"chrome-pdf","timestamp":1705333985607,"id":"jfa28av46orkhsh","previousEventId":"dlzat6myh7pj1j1","operationId":"t0g7oekp8x2div3","previousOperationId":"iz8sdyuk7c6qgh2"}
{"type":"log","timestamp":1705333985607,"level":"debug","message":"Executing recipe chrome-pdf","meta":{"rootId":"1he66m9e4438l6s","id":"clvpkrr7zxxk9x2"},"id":"fms01f7ujsmjao9","previousOperationId":"t0g7oekp8x2div3"}
{"type":"log","timestamp":1705333985610,"level":"debug","message":"Converting with chrome HeadlessChrome/117.0.5938.149 using chrome-pool strategy","meta":{"rootId":"1he66m9e4438l6s","id":"clvpkrr7zxxk9x2"},"id":"5mf1l2cudowjpv1","previousOperationId":"t0g7oekp8x2div3"}
{"type":"log","timestamp":1705333985748,"level":"debug","message":"Page request: GET (document) file:///C:/Users/arida/AppData/Local/Temp/jsreport/autocleanup/6f3f8b65-f0ac-40f7-860e-f2ff9c830424-chrome-pdf.html","meta":{"rootId":"1he66m9e4438l6s","id":"clvpkrr7zxxk9x2"},"id":"pn9f5dcvg3njcxf","previousOperationId":"t0g7oekp8x2div3"}
{"type":"log","timestamp":1705333985760,"level":"debug","message":"Page request: GET (stylesheet) https://cdnjs.cloudflare.com/ajax/libs/metro/4.1.5/css/metro.min.css","meta":{"rootId":"1he66m9e4438l6s","id":"clvpkrr7zxxk9x2"},"id":"iunpzuz7a2viouj","previousOperationId":"t0g7oekp8x2div3"}
{"type":"log","timestamp":1705333985760,"level":"debug","message":"Page request finished: GET (document) 200 file:///C:/Users/arida/AppData/Local/Temp/jsreport/autocleanup/6f3f8b65-f0ac-40f7-860e-f2ff9c830424-chrome-pdf.html","meta":{"rootId":"1he66m9e4438l6s","id":"clvpkrr7zxxk9x2"},"id":"qjbqktll0rvi4q0","previousOperationId":"t0g7oekp8x2div3"}
{"type":"log","timestamp":1705333985783,"level":"debug","message":"Page request finished: GET (stylesheet) 200 https://cdnjs.cloudflare.com/ajax/libs/metro/4.1.5/css/metro.min.css","meta":{"rootId":"1he66m9e4438l6s","id":"clvpkrr7zxxk9x2"},"id":"5golxj5we45jz3m","previousOperationId":"t0g7oekp8x2div3"}
{"type":"log","timestamp":1705333985807,"level":"debug","message":"Running chrome with params {\"printBackground\":true,\"marginTop\":\"1.5cm\",\"marginRight\":\"1.5cm\",\"marginLeft\":\"1.cm\",\"timeout\":59644,\"margin\":{\"top\":\"1.5cm\",\"right\":\"1.5cm\",\"left\":\"1.cm\"}}","meta":{"rootId":"1he66m9e4438l6s","id":"clvpkrr7zxxk9x2"},"id":"aodp3kv69uotdrp","previousOperationId":"t0g7oekp8x2div3"}
{"type":"operationEnd","operationId":"t0g7oekp8x2div3","timestamp":1705333985855,"id":"si0whfsicrohgdb","previousEventId":"jfa28av46orkhsh","previousOperationId":"t0g7oekp8x2div3"}
{"type":"log","timestamp":1705333985855,"level":"debug","message":"Skipping storing report.","meta":{"rootId":"1he66m9e4438l6s","id":"clvpkrr7zxxk9x2"},"id":"o0gyyqqok2euo7x","previousOperationId":"t0g7oekp8x2div3"}
{"type":"log","timestamp":1705333985855,"level":"info","message":"Rendering (child) request finished in 602 ms","meta":{"rootId":"1he66m9e4438l6s","id":"clvpkrr7zxxk9x2"},"id":"x1lh6g913zyu9nv","previousOperationId":"t0g7oekp8x2div3"}
{"type":"operationEnd","subtype":"render","operationId":"tygoqf4y27puclf","timestamp":1705333985855,"id":"gtll6lv7mspd8d6","previousEventId":"si0whfsicrohgdb","previousOperationId":"t0g7oekp8x2div3"}
{"type":"operationEnd","operationId":"wozv1ajsxekx9ij","timestamp":1705333985864,"id":"s6scoxwkoghki7o","previousEventId":"dyzib8v2v3njusy","previousOperationId":"wozv1ajsxekx9ij"}
{"type":"log","timestamp":1705333985864,"level":"debug","message":"pdf-utils postproces start","meta":{"rootId":"1he66m9e4438l6s","id":"1he66m9e4438l6s"},"id":"gzojuajy1mnhhvg","previousOperationId":"wozv1ajsxekx9ij"}
{"type":"log","timestamp":1705333985873,"level":"debug","message":"pdf-utils postproces end","meta":{"rootId":"1he66m9e4438l6s","id":"1he66m9e4438l6s"},"id":"s79kkh3vlrg0oa9","previousOperationId":"wozv1ajsxekx9ij"}
{"type":"operationEnd","operationId":"n5pqnvuvf9ce4h8","timestamp":1705333985873,"id":"3sldc0udv2qel7l","previousEventId":"s6scoxwkoghki7o","previousOperationId":"wozv1ajsxekx9ij"}
{"type":"log","timestamp":1705333985873,"level":"info","message":"pdf-utils pdf processing was finished","meta":{"rootId":"1he66m9e4438l6s","id":"1he66m9e4438l6s"},"id":"91ztwzm4sjy2yin","previousOperationId":"n5pqnvuvf9ce4h8"}
{"type":"log","timestamp":1705333985873,"level":"debug","message":"Skipping storing report.","meta":{"rootId":"1he66m9e4438l6s","id":"1he66m9e4438l6s"},"id":"aggz32smwcs42cc","previousOperationId":"n5pqnvuvf9ce4h8"}
{"type":"log","timestamp":1705333985874,"level":"info","message":"Rendering request 14 finished in 621 ms","meta":{"rootId":"1he66m9e4438l6s","id":"1he66m9e4438l6s"},"id":"x60p3tta8d098ox","previousOperationId":"n5pqnvuvf9ce4h8"}
{"type":"operationEnd","subtype":"render","operationId":"z8uj3f0s58mn6ku","timestamp":1705333985874,"id":"y6o9oezeujyy5im","previousEventId":"3sldc0udv2qel7l","previousOperationId":"n5pqnvuvf9ce4h8"}
{"type":"operationEnd","doDiffs":false,"previousEventId":"ehowqqew30m55n7","previousOperationId":"oz5wjyxzcgeg2dt","operationId":"oz5wjyxzcgeg2dt","timestamp":1705333985887,"id":"1frnh92yu6wcgos"}
