{"type":"operationStart","subtype":"profile","data":{"_id":"RBN18Ua5prbGB0Vu","timestamp":"2024-01-15T16:05:14.492Z","state":"queued","mode":"standard","creationDate":"2024-01-15T16:05:14.494Z","modificationDate":"2024-01-15T16:05:14.494Z","shortid":"d3nBSZA","$entitySet":"profiles"},"doDiffs":false,"timestamp":1705334714493,"id":"v0ob8mf7p7s4ids","previousOperationId":null,"operationId":"chglrc34xeljytq"}
{"type":"log","level":"info","message":"Render request 25 queued for execution and waiting for available worker","previousOperationId":"chglrc34xeljytq","timestamp":1705334714493,"id":"ks5vjyb9h7q6cfv"}
{"type":"operationStart","subtype":"render","name":"locations-main","previousOperationId":"chglrc34xeljytq","timestamp":1705334714506,"id":"gl48z9wadlowho6","previousEventId":"v0ob8mf7p7s4ids","operationId":"mps2ozqfkx0rq8w"}
{"type":"log","timestamp":1705334714506,"level":"info","message":"Starting rendering request 25","meta":{"rootId":"1rxab4ojapnayaz","id":"1rxab4ojapnayaz"},"id":"5dn42v7cz8yzwlw","previousOperationId":"mps2ozqfkx0rq8w"}
{"type":"log","timestamp":1705334714506,"level":"info","message":"Rendering template { name: locations-main, recipe: chrome-pdf, engine: handlebars, preview: true }","meta":{"rootId":"1rxab4ojapnayaz","id":"1rxab4ojapnayaz"},"id":"o2c3mpa1iqr82e1","previousOperationId":"mps2ozqfkx0rq8w"}
{"type":"log","timestamp":1705334714507,"level":"debug","message":"Data item not defined for this template.","meta":{"rootId":"1rxab4ojapnayaz","id":"1rxab4ojapnayaz"},"id":"o1wei9r92n81bhv","previousOperationId":"mps2ozqfkx0rq8w"}
{"type":"log","timestamp":1705334714511,"level":"debug","message":"Executing script locations-script (beforeRender)","meta":{"rootId":"1rxab4ojapnayaz","id":"1rxab4ojapnayaz"},"id":"7v6x7z230zk4q4z","previousOperationId":"mps2ozqfkx0rq8w"}
{"type":"operationStart","subtype":"scriptsBeforeRender","name":"scripts beforeRender","timestamp":1705334714520,"id":"6zqxe48j4vrytqp","previousEventId":"gl48z9wadlowho6","operationId":"2v55kio76memo80","previousOperationId":"mps2ozqfkx0rq8w"}
{"type":"operationStart","subtype":"script","name":"scripts locations-script","previousOperationId":"2v55kio76memo80","timestamp":1705334714520,"id":"ykibjhm5d2xmxn3","previousEventId":"6zqxe48j4vrytqp","operationId":"nlr62ztg0t8oit0"}
{"type":"operationEnd","operationId":"nlr62ztg0t8oit0","timestamp":1705334714528,"id":"ee5d1w0skm9x0um","previousEventId":"gl48z9wadlowho6","previousOperationId":"mps2ozqfkx0rq8w"}
{"type":"operationEnd","operationId":"2v55kio76memo80","timestamp":1705334714528,"id":"p30ymf3zq7ie7w7","previousEventId":"ee5d1w0skm9x0um","previousOperationId":"mps2ozqfkx0rq8w"}
{"type":"log","timestamp":1705334714528,"level":"debug","message":"Base url not specified, skipping its injection.","meta":{"rootId":"1rxab4ojapnayaz","id":"1rxab4ojapnayaz"},"id":"3xu2o8665qai0er","previousOperationId":"2v55kio76memo80"}
{"type":"operationStart","subtype":"engine","name":"handlebars","timestamp":1705334714529,"id":"uezfzuhbglniewt","previousEventId":"p30ymf3zq7ie7w7","operationId":"p3rbe0p9gyjow8o","previousOperationId":"2v55kio76memo80"}
{"type":"log","timestamp":1705334714529,"level":"debug","message":"Rendering engine handlebars","meta":{"rootId":"1rxab4ojapnayaz","id":"1rxab4ojapnayaz"},"id":"2szdqqprtpojben","previousOperationId":"p3rbe0p9gyjow8o"}
{"type":"operationEnd","operationId":"p3rbe0p9gyjow8o","timestamp":1705334714544,"id":"cn34rc8gxh8k8fs","previousEventId":"uezfzuhbglniewt","previousOperationId":"p3rbe0p9gyjow8o"}
{"type":"operationStart","subtype":"recipe","name":"chrome-pdf","timestamp":1705334714544,"id":"fgr64vjrbnaqj0e","previousEventId":"cn34rc8gxh8k8fs","operationId":"6pytxjna4aznhkd","previousOperationId":"p3rbe0p9gyjow8o"}
{"type":"log","timestamp":1705334714544,"level":"debug","message":"Executing recipe chrome-pdf","meta":{"rootId":"1rxab4ojapnayaz","id":"1rxab4ojapnayaz"},"id":"2ueohdnt4tbw3fn","previousOperationId":"6pytxjna4aznhkd"}
{"type":"log","timestamp":1705334714547,"level":"debug","message":"Converting with chrome HeadlessChrome/117.0.5938.149 using chrome-pool strategy","meta":{"rootId":"1rxab4ojapnayaz","id":"1rxab4ojapnayaz"},"id":"j05dpxgbw0sarq1","previousOperationId":"6pytxjna4aznhkd"}
{"type":"log","timestamp":1705334714674,"level":"debug","message":"Page request: GET (document) file:///C:/Users/arida/AppData/Local/Temp/jsreport/autocleanup/d834edec-ad86-4f7e-8d83-51390939d82e-chrome-pdf.html","meta":{"rootId":"1rxab4ojapnayaz","id":"1rxab4ojapnayaz"},"id":"t1mwq4anjwgrnxo","previousOperationId":"6pytxjna4aznhkd"}
{"type":"log","timestamp":1705334714683,"level":"debug","message":"Page request: GET (script) https://cdnjs.cloudflare.com/ajax/libs/Chart.js/2.7.2/Chart.min.js","meta":{"rootId":"1rxab4ojapnayaz","id":"1rxab4ojapnayaz"},"id":"pzst7euvnhco93a","previousOperationId":"6pytxjna4aznhkd"}
{"type":"log","timestamp":1705334714684,"level":"debug","message":"Page request finished: GET (document) 200 file:///C:/Users/arida/AppData/Local/Temp/jsreport/autocleanup/d834edec-ad86-4f7e-8d83-51390939d82e-chrome-pdf.html","meta":{"rootId":"1rxab4ojapnayaz","id":"1rxab4ojapnayaz"},"id":"q18ut2c1mtr06a4","previousOperationId":"6pytxjna4aznhkd"}
{"type":"log","timestamp":1705334714689,"level":"debug","message":"Page request finished: GET (script) 200 https://cdnjs.cloudflare.com/ajax/libs/Chart.js/2.7.2/Chart.min.js","meta":{"rootId":"1rxab4ojapnayaz","id":"1rxab4ojapnayaz"},"id":"fc7d0kugqa4c3t3","previousOperationId":"6pytxjna4aznhkd"}
{"type":"log","timestamp":1705334714696,"level":"warn","message":"Page error: Unexpected token ';' , stack: SyntaxError: Unexpected token ';'","meta":{"rootId":"1rxab4ojapnayaz","id":"1rxab4ojapnayaz"},"id":"2xzfmzlinx1dt37","previousOperationId":"6pytxjna4aznhkd"}
{"type":"log","timestamp":1705334714710,"level":"debug","message":"Running chrome with params {\"printBackground\":true,\"marginTop\":\"4cm\",\"marginRight\":\"1.5cm\",\"marginBottom\":\"1.5cm\",\"marginLeft\":\"1.5cm\",\"waitForJS\":false,\"timeout\":59945,\"margin\":{\"top\":\"4cm\",\"right\":\"1.5cm\",\"bottom\":\"1.5cm\",\"left\":\"1.5cm\"}}","meta":{"rootId":"1rxab4ojapnayaz","id":"1rxab4ojapnayaz"},"id":"fa93l172ulw97we","previousOperationId":"6pytxjna4aznhkd"}
{"type":"operationEnd","operationId":"6pytxjna4aznhkd","timestamp":1705334714752,"id":"u5n2mcywu7t5czf","previousEventId":"fgr64vjrbnaqj0e","previousOperationId":"6pytxjna4aznhkd"}
{"type":"log","timestamp":1705334714752,"level":"info","message":"pdf-utils is starting pdf processing","meta":{"rootId":"1rxab4ojapnayaz","id":"1rxab4ojapnayaz"},"id":"rsb9mmrtz2dqkvz","previousOperationId":"6pytxjna4aznhkd"}
{"type":"operationStart","subtype":"pdfUtils","name":"pdf utils","timestamp":1705334714752,"id":"7jo9vm1ackwo7oq","previousEventId":"u5n2mcywu7t5czf","operationId":"3uzrlhs52q3fkzt","previousOperationId":"6pytxjna4aznhkd"}
{"type":"log","timestamp":1705334714752,"level":"debug","message":"pdf-utils detected 1 pdf operation(s) to process","meta":{"rootId":"1rxab4ojapnayaz","id":"1rxab4ojapnayaz"},"id":"jrxkq49i68l99hp","previousOperationId":"3uzrlhs52q3fkzt"}
{"type":"log","timestamp":1705334714763,"level":"debug","message":"pdf-utils running pdf operation merge","meta":{"rootId":"1rxab4ojapnayaz","id":"1rxab4ojapnayaz"},"id":"5wpkfnh8tt9eihk","previousOperationId":"3uzrlhs52q3fkzt"}
{"type":"operationStart","subtype":"pdfUtilsMerge","name":"pdf utils merge","previousOperationId":"3uzrlhs52q3fkzt","timestamp":1705334714763,"id":"34v8edy68imauos","previousEventId":"7jo9vm1ackwo7oq","operationId":"5dsv2ori5e1qm4p"}
{"type":"operationStart","subtype":"render","name":"locations-header","previousOperationId":"5dsv2ori5e1qm4p","timestamp":1705334714764,"id":"dx86054ob0t4ar0","previousEventId":"34v8edy68imauos","operationId":"g0r98h89at4rbn0"}
{"type":"log","timestamp":1705334714764,"level":"info","message":"Starting rendering (child) request","meta":{"rootId":"1rxab4ojapnayaz","id":"p3mrec953osc1tv"},"id":"f0ksoz3wbmk0jtw","previousOperationId":"g0r98h89at4rbn0"}
{"type":"log","timestamp":1705334714764,"level":"info","message":"Rendering template { name: locations-header, recipe: chrome-pdf, engine: handlebars, preview: true }","meta":{"rootId":"1rxab4ojapnayaz","id":"p3mrec953osc1tv"},"id":"1dwubzqxiamuh2c","previousOperationId":"g0r98h89at4rbn0"}
{"type":"log","timestamp":1705334714765,"level":"debug","message":"Inline data specified.","meta":{"rootId":"1rxab4ojapnayaz","id":"p3mrec953osc1tv"},"id":"757cdcw634tgxo1","previousOperationId":"g0r98h89at4rbn0"}
{"type":"log","timestamp":1705334714768,"level":"debug","message":"Base url not specified, skipping its injection.","meta":{"rootId":"1rxab4ojapnayaz","id":"p3mrec953osc1tv"},"id":"n4qpynqfxol8i9h","previousOperationId":"g0r98h89at4rbn0"}
{"type":"operationStart","subtype":"engine","name":"handlebars","timestamp":1705334714768,"id":"jczcxhv5m5wft64","previousEventId":"dx86054ob0t4ar0","operationId":"k3zorriqo4dnr0z","previousOperationId":"g0r98h89at4rbn0"}
{"type":"log","timestamp":1705334714768,"level":"debug","message":"Rendering engine handlebars","meta":{"rootId":"1rxab4ojapnayaz","id":"p3mrec953osc1tv"},"id":"29ytmodv9396hqh","previousOperationId":"k3zorriqo4dnr0z"}
{"type":"operationEnd","operationId":"k3zorriqo4dnr0z","timestamp":1705334714795,"id":"43v8scdt540tddy","previousEventId":"jczcxhv5m5wft64","previousOperationId":"k3zorriqo4dnr0z"}
{"type":"operationStart","subtype":"recipe","name":"chrome-pdf","timestamp":1705334714796,"id":"srew1pk20mghve6","previousEventId":"43v8scdt540tddy","operationId":"oy2mtw45g5lzs7d","previousOperationId":"k3zorriqo4dnr0z"}
{"type":"log","timestamp":1705334714796,"level":"debug","message":"Executing recipe chrome-pdf","meta":{"rootId":"1rxab4ojapnayaz","id":"p3mrec953osc1tv"},"id":"lfr7s5yloultktm","previousOperationId":"oy2mtw45g5lzs7d"}
{"type":"log","timestamp":1705334714806,"level":"debug","message":"Converting with chrome HeadlessChrome/117.0.5938.149 using chrome-pool strategy","meta":{"rootId":"1rxab4ojapnayaz","id":"p3mrec953osc1tv"},"id":"enneuwbbnjd0iyj","previousOperationId":"oy2mtw45g5lzs7d"}
{"type":"log","timestamp":1705334714930,"level":"debug","message":"Page request: GET (document) file:///C:/Users/arida/AppData/Local/Temp/jsreport/autocleanup/a249123b-0f02-4251-a02d-b806a21320d1-chrome-pdf.html","meta":{"rootId":"1rxab4ojapnayaz","id":"p3mrec953osc1tv"},"id":"xsurifpiwolz17w","previousOperationId":"oy2mtw45g5lzs7d"}
{"type":"log","timestamp":1705334714941,"level":"debug","message":"Page request: GET (stylesheet) https://cdnjs.cloudflare.com/ajax/libs/metro/4.1.5/css/metro.min.css","meta":{"rootId":"1rxab4ojapnayaz","id":"p3mrec953osc1tv"},"id":"s2u8cqhq5izr59h","previousOperationId":"oy2mtw45g5lzs7d"}
{"type":"log","timestamp":1705334714942,"level":"debug","message":"Page request finished: GET (document) 200 file:///C:/Users/arida/AppData/Local/Temp/jsreport/autocleanup/a249123b-0f02-4251-a02d-b806a21320d1-chrome-pdf.html","meta":{"rootId":"1rxab4ojapnayaz","id":"p3mrec953osc1tv"},"id":"461bpt60xpnx7m1","previousOperationId":"oy2mtw45g5lzs7d"}
{"type":"log","timestamp":1705334714961,"level":"debug","message":"Page request finished: GET (stylesheet) 200 https://cdnjs.cloudflare.com/ajax/libs/metro/4.1.5/css/metro.min.css","meta":{"rootId":"1rxab4ojapnayaz","id":"p3mrec953osc1tv"},"id":"rfizx7zrh0nscul","previousOperationId":"oy2mtw45g5lzs7d"}
{"type":"log","timestamp":1705334714981,"level":"debug","message":"Running chrome with params {\"printBackground\":true,\"marginTop\":\"1.5cm\",\"marginRight\":\"1.5cm\",\"marginLeft\":\"1.cm\",\"timeout\":59687,\"margin\":{\"top\":\"1.5cm\",\"right\":\"1.5cm\",\"left\":\"1.cm\"}}","meta":{"rootId":"1rxab4ojapnayaz","id":"p3mrec953osc1tv"},"id":"lmbnolhnt1jnhgk","previousOperationId":"oy2mtw45g5lzs7d"}
{"type":"operationEnd","operationId":"oy2mtw45g5lzs7d","timestamp":1705334715014,"id":"zemxd1ddod4xy6v","previousEventId":"srew1pk20mghve6","previousOperationId":"oy2mtw45g5lzs7d"}
{"type":"log","timestamp":1705334715014,"level":"debug","message":"Skipping storing report.","meta":{"rootId":"1rxab4ojapnayaz","id":"p3mrec953osc1tv"},"id":"wz9kzow53c60chf","previousOperationId":"oy2mtw45g5lzs7d"}
{"type":"log","timestamp":1705334715014,"level":"info","message":"Rendering (child) request finished in 523 ms","meta":{"rootId":"1rxab4ojapnayaz","id":"p3mrec953osc1tv"},"id":"29cacp1gnay2pso","previousOperationId":"oy2mtw45g5lzs7d"}
{"type":"operationEnd","subtype":"render","operationId":"g0r98h89at4rbn0","timestamp":1705334715014,"id":"t58cg5e6k9da02o","previousEventId":"zemxd1ddod4xy6v","previousOperationId":"oy2mtw45g5lzs7d"}
{"type":"operationEnd","operationId":"5dsv2ori5e1qm4p","timestamp":1705334715025,"id":"uaau82rziadcpnz","previousEventId":"34v8edy68imauos","previousOperationId":"5dsv2ori5e1qm4p"}
{"type":"log","timestamp":1705334715025,"level":"debug","message":"pdf-utils postproces start","meta":{"rootId":"1rxab4ojapnayaz","id":"1rxab4ojapnayaz"},"id":"rwd6z9c55evu9ny","previousOperationId":"5dsv2ori5e1qm4p"}
{"type":"log","timestamp":1705334715032,"level":"debug","message":"pdf-utils postproces end","meta":{"rootId":"1rxab4ojapnayaz","id":"1rxab4ojapnayaz"},"id":"0itovy67ny5te5p","previousOperationId":"5dsv2ori5e1qm4p"}
{"type":"operationEnd","operationId":"3uzrlhs52q3fkzt","timestamp":1705334715032,"id":"6h3mobm4t8bm8zm","previousEventId":"uaau82rziadcpnz","previousOperationId":"5dsv2ori5e1qm4p"}
{"type":"log","timestamp":1705334715032,"level":"info","message":"pdf-utils pdf processing was finished","meta":{"rootId":"1rxab4ojapnayaz","id":"1rxab4ojapnayaz"},"id":"9mgp9psj8i11592","previousOperationId":"3uzrlhs52q3fkzt"}
{"type":"log","timestamp":1705334715032,"level":"debug","message":"Skipping storing report.","meta":{"rootId":"1rxab4ojapnayaz","id":"1rxab4ojapnayaz"},"id":"pw3y5xj1nyrfskx","previousOperationId":"3uzrlhs52q3fkzt"}
{"type":"log","timestamp":1705334715032,"level":"info","message":"Rendering request 25 finished in 541 ms","meta":{"rootId":"1rxab4ojapnayaz","id":"1rxab4ojapnayaz"},"id":"d2k4kkve9fze5xs","previousOperationId":"3uzrlhs52q3fkzt"}
{"type":"operationEnd","subtype":"render","operationId":"mps2ozqfkx0rq8w","timestamp":1705334715032,"id":"pfte9xz8atq5osq","previousEventId":"6h3mobm4t8bm8zm","previousOperationId":"3uzrlhs52q3fkzt"}
{"type":"operationEnd","doDiffs":false,"previousEventId":"v0ob8mf7p7s4ids","previousOperationId":"chglrc34xeljytq","operationId":"chglrc34xeljytq","timestamp":1705334715051,"id":"sdjxz44725uksrt"}
