{"type":"operationStart","subtype":"profile","data":{"_id":"utc8JCVk2OOs3q2t","timestamp":"2024-01-15T18:25:42.025Z","state":"queued","mode":"standard","creationDate":"2024-01-15T18:25:42.028Z","modificationDate":"2024-01-15T18:25:42.028Z","shortid":"py_Af78","$entitySet":"profiles"},"doDiffs":false,"timestamp":1705343142026,"id":"q55sa6sqtulflwx","previousOperationId":null,"operationId":"lwtyvstr94bolcn"}
{"type":"log","level":"info","message":"Render request 31 queued for execution and waiting for available worker","previousOperationId":"lwtyvstr94bolcn","timestamp":1705343142026,"id":"iua2ekwd6vgx7en"}
{"type":"operationStart","subtype":"render","name":"locations-main","previousOperationId":"lwtyvstr94bolcn","timestamp":1705343142042,"id":"aoe4d46zpqeshrc","previousEventId":"q55sa6sqtulflwx","operationId":"wvbuo3sa0cxum1b"}
{"type":"log","timestamp":1705343142042,"level":"info","message":"Starting rendering request 31","meta":{"rootId":"26slx0hb5j30xbp","id":"26slx0hb5j30xbp"},"id":"fsfh9i7sf4ipb7x","previousOperationId":"wvbuo3sa0cxum1b"}
{"type":"log","timestamp":1705343142042,"level":"info","message":"Rendering template { name: locations-main, recipe: chrome-pdf, engine: handlebars, preview: true }","meta":{"rootId":"26slx0hb5j30xbp","id":"26slx0hb5j30xbp"},"id":"uchcnvus4e4pkz0","previousOperationId":"wvbuo3sa0cxum1b"}
{"type":"log","timestamp":1705343142045,"level":"debug","message":"Data item not defined for this template.","meta":{"rootId":"26slx0hb5j30xbp","id":"26slx0hb5j30xbp"},"id":"ui07cdq345zn1bg","previousOperationId":"wvbuo3sa0cxum1b"}
{"type":"log","timestamp":1705343142047,"level":"debug","message":"Executing script locations-script (beforeRender)","meta":{"rootId":"26slx0hb5j30xbp","id":"26slx0hb5j30xbp"},"id":"zzg26na84uvp5t0","previousOperationId":"wvbuo3sa0cxum1b"}
{"type":"operationStart","subtype":"scriptsBeforeRender","name":"scripts beforeRender","timestamp":1705343142070,"id":"by9jj4pn8iqo1lp","previousEventId":"aoe4d46zpqeshrc","operationId":"lg0uaj7k6771c5b","previousOperationId":"wvbuo3sa0cxum1b"}
{"type":"operationStart","subtype":"script","name":"scripts locations-script","previousOperationId":"lg0uaj7k6771c5b","timestamp":1705343142070,"id":"1tll21ed4uraeng","previousEventId":"by9jj4pn8iqo1lp","operationId":"mxsvixwqf0m6kae"}
{"type":"log","timestamp":1705343142113,"level":"debug","message":"(console:log) adiossssssssssssssssssssssssssssssssssssssss","meta":{"userLevel":true,"rootId":"26slx0hb5j30xbp","id":"26slx0hb5j30xbp"},"id":"jvtp24vpa9hjl2k","previousOperationId":"mxsvixwqf0m6kae"}
{"type":"operationEnd","operationId":"mxsvixwqf0m6kae","timestamp":1705343142114,"id":"o6kpck9ktclfc3n","previousEventId":"aoe4d46zpqeshrc","previousOperationId":"wvbuo3sa0cxum1b"}
{"type":"operationEnd","operationId":"lg0uaj7k6771c5b","timestamp":1705343142114,"id":"z2bh2a5poxnwcdn","previousEventId":"o6kpck9ktclfc3n","previousOperationId":"wvbuo3sa0cxum1b"}
{"type":"log","timestamp":1705343142114,"level":"debug","message":"Base url not specified, skipping its injection.","meta":{"rootId":"26slx0hb5j30xbp","id":"26slx0hb5j30xbp"},"id":"lt4vrxiiytholht","previousOperationId":"lg0uaj7k6771c5b"}
{"type":"operationStart","subtype":"engine","name":"handlebars","timestamp":1705343142114,"id":"lnme9w7n4ohvwo7","previousEventId":"z2bh2a5poxnwcdn","operationId":"shkc3nhagbzaz46","previousOperationId":"lg0uaj7k6771c5b"}
{"type":"log","timestamp":1705343142114,"level":"debug","message":"Rendering engine handlebars","meta":{"rootId":"26slx0hb5j30xbp","id":"26slx0hb5j30xbp"},"id":"wj1qdfvn2bhp0qy","previousOperationId":"shkc3nhagbzaz46"}
{"type":"operationEnd","operationId":"shkc3nhagbzaz46","timestamp":1705343142139,"id":"ix9eabtwtwlggtl","previousEventId":"lnme9w7n4ohvwo7","previousOperationId":"shkc3nhagbzaz46"}
{"type":"operationStart","subtype":"recipe","name":"chrome-pdf","timestamp":1705343142139,"id":"m4bn6zg0po8tgfq","previousEventId":"ix9eabtwtwlggtl","operationId":"frnvuio7al6sz5v","previousOperationId":"shkc3nhagbzaz46"}
{"type":"log","timestamp":1705343142139,"level":"debug","message":"Executing recipe chrome-pdf","meta":{"rootId":"26slx0hb5j30xbp","id":"26slx0hb5j30xbp"},"id":"525487f5rim560m","previousOperationId":"frnvuio7al6sz5v"}
{"type":"log","timestamp":1705343142363,"level":"debug","message":"Converting with chrome HeadlessChrome/117.0.5938.149 using chrome-pool strategy","meta":{"rootId":"26slx0hb5j30xbp","id":"26slx0hb5j30xbp"},"id":"0l04x4b2og2cblw","previousOperationId":"frnvuio7al6sz5v"}
{"type":"log","timestamp":1705343142612,"level":"debug","message":"Page request: GET (document) file:///C:/Users/arida/AppData/Local/Temp/jsreport/autocleanup/3400123a-ddc7-447c-bf9b-b616c9bac6db-chrome-pdf.html","meta":{"rootId":"26slx0hb5j30xbp","id":"26slx0hb5j30xbp"},"id":"choq4hmznit1zr2","previousOperationId":"frnvuio7al6sz5v"}
{"type":"log","timestamp":1705343142649,"level":"debug","message":"Page request finished: GET (document) 200 file:///C:/Users/arida/AppData/Local/Temp/jsreport/autocleanup/3400123a-ddc7-447c-bf9b-b616c9bac6db-chrome-pdf.html","meta":{"rootId":"26slx0hb5j30xbp","id":"26slx0hb5j30xbp"},"id":"n9jjmguoo1omftn","previousOperationId":"frnvuio7al6sz5v"}
{"type":"log","timestamp":1705343142650,"level":"debug","message":"Page request: GET (script) https://cdnjs.cloudflare.com/ajax/libs/Chart.js/2.7.2/Chart.min.js","meta":{"rootId":"26slx0hb5j30xbp","id":"26slx0hb5j30xbp"},"id":"96z0ok4heq7nb7t","previousOperationId":"frnvuio7al6sz5v"}
{"type":"log","timestamp":1705343145227,"level":"debug","message":"Page request finished: GET (script) 200 https://cdnjs.cloudflare.com/ajax/libs/Chart.js/2.7.2/Chart.min.js","meta":{"rootId":"26slx0hb5j30xbp","id":"26slx0hb5j30xbp"},"id":"rck479gjbc9kvj7","previousOperationId":"frnvuio7al6sz5v"}
{"type":"log","timestamp":1705343145239,"level":"warn","message":"Page error: Unexpected token ';' , stack: SyntaxError: Unexpected token ';'","meta":{"rootId":"26slx0hb5j30xbp","id":"26slx0hb5j30xbp"},"id":"xooapf9diudehpw","previousOperationId":"frnvuio7al6sz5v"}
{"type":"log","timestamp":1705343145252,"level":"debug","message":"Running chrome with params {\"printBackground\":true,\"marginTop\":\"4cm\",\"marginRight\":\"1.5cm\",\"marginBottom\":\"1.5cm\",\"marginLeft\":\"1.5cm\",\"waitForJS\":false,\"timeout\":59883,\"margin\":{\"top\":\"4cm\",\"right\":\"1.5cm\",\"bottom\":\"1.5cm\",\"left\":\"1.5cm\"}}","meta":{"rootId":"26slx0hb5j30xbp","id":"26slx0hb5j30xbp"},"id":"qjlj8qyps6qq94f","previousOperationId":"frnvuio7al6sz5v"}
{"type":"operationEnd","operationId":"frnvuio7al6sz5v","timestamp":1705343145294,"id":"km2sl19vsqb0wye","previousEventId":"m4bn6zg0po8tgfq","previousOperationId":"frnvuio7al6sz5v"}
{"type":"log","timestamp":1705343145294,"level":"info","message":"pdf-utils is starting pdf processing","meta":{"rootId":"26slx0hb5j30xbp","id":"26slx0hb5j30xbp"},"id":"evr47jmt7q195dd","previousOperationId":"frnvuio7al6sz5v"}
{"type":"operationStart","subtype":"pdfUtils","name":"pdf utils","timestamp":1705343145294,"id":"sp9gjuh2z75loqp","previousEventId":"km2sl19vsqb0wye","operationId":"btfjuzj610xlawx","previousOperationId":"frnvuio7al6sz5v"}
{"type":"log","timestamp":1705343145295,"level":"debug","message":"pdf-utils detected 1 pdf operation(s) to process","meta":{"rootId":"26slx0hb5j30xbp","id":"26slx0hb5j30xbp"},"id":"j1zrtkb4onvoolq","previousOperationId":"btfjuzj610xlawx"}
{"type":"log","timestamp":1705343145312,"level":"debug","message":"pdf-utils running pdf operation merge","meta":{"rootId":"26slx0hb5j30xbp","id":"26slx0hb5j30xbp"},"id":"bqeku5kmpcgln72","previousOperationId":"btfjuzj610xlawx"}
{"type":"operationStart","subtype":"pdfUtilsMerge","name":"pdf utils merge","previousOperationId":"btfjuzj610xlawx","timestamp":1705343145312,"id":"4z2yq320co77ot8","previousEventId":"sp9gjuh2z75loqp","operationId":"f6svx7qak4839a7"}
{"type":"operationStart","subtype":"render","name":"locations-header","previousOperationId":"f6svx7qak4839a7","timestamp":1705343145313,"id":"e522238z4j3n2sp","previousEventId":"4z2yq320co77ot8","operationId":"61rqtiypdlh529m"}
{"type":"log","timestamp":1705343145313,"level":"info","message":"Starting rendering (child) request","meta":{"rootId":"26slx0hb5j30xbp","id":"tpu8xnhj6hcxdun"},"id":"yf9yitciskjdw8p","previousOperationId":"61rqtiypdlh529m"}
{"type":"log","timestamp":1705343145313,"level":"info","message":"Rendering template { name: locations-header, recipe: chrome-pdf, engine: handlebars, preview: true }","meta":{"rootId":"26slx0hb5j30xbp","id":"tpu8xnhj6hcxdun"},"id":"rdr87jkf0iddsux","previousOperationId":"61rqtiypdlh529m"}
{"type":"log","timestamp":1705343145314,"level":"debug","message":"Inline data specified.","meta":{"rootId":"26slx0hb5j30xbp","id":"tpu8xnhj6hcxdun"},"id":"d2yo9fsqy9mikkb","previousOperationId":"61rqtiypdlh529m"}
{"type":"log","timestamp":1705343145317,"level":"debug","message":"Base url not specified, skipping its injection.","meta":{"rootId":"26slx0hb5j30xbp","id":"tpu8xnhj6hcxdun"},"id":"chwebppv8k9vkhq","previousOperationId":"61rqtiypdlh529m"}
{"type":"operationStart","subtype":"engine","name":"handlebars","timestamp":1705343145317,"id":"d0y23jg94z5sb1w","previousEventId":"e522238z4j3n2sp","operationId":"h9ejq1y4aoy69cv","previousOperationId":"61rqtiypdlh529m"}
{"type":"log","timestamp":1705343145317,"level":"debug","message":"Rendering engine handlebars","meta":{"rootId":"26slx0hb5j30xbp","id":"tpu8xnhj6hcxdun"},"id":"nhfqf3ctjg9a0yo","previousOperationId":"h9ejq1y4aoy69cv"}
{"type":"operationEnd","operationId":"h9ejq1y4aoy69cv","timestamp":1705343145340,"id":"s2b7xuv1yahm4k1","previousEventId":"d0y23jg94z5sb1w","previousOperationId":"h9ejq1y4aoy69cv"}
{"type":"operationStart","subtype":"recipe","name":"chrome-pdf","timestamp":1705343145340,"id":"9xb8tikyl04outs","previousEventId":"s2b7xuv1yahm4k1","operationId":"9ng470ulwwzezaf","previousOperationId":"h9ejq1y4aoy69cv"}
{"type":"log","timestamp":1705343145340,"level":"debug","message":"Executing recipe chrome-pdf","meta":{"rootId":"26slx0hb5j30xbp","id":"tpu8xnhj6hcxdun"},"id":"rp8276gtvo3vu2v","previousOperationId":"9ng470ulwwzezaf"}
{"type":"log","timestamp":1705343145343,"level":"debug","message":"Converting with chrome HeadlessChrome/117.0.5938.149 using chrome-pool strategy","meta":{"rootId":"26slx0hb5j30xbp","id":"tpu8xnhj6hcxdun"},"id":"pkg86nql3tupnon","previousOperationId":"9ng470ulwwzezaf"}
{"type":"log","timestamp":1705343145481,"level":"debug","message":"Page request: GET (document) file:///C:/Users/arida/AppData/Local/Temp/jsreport/autocleanup/54e54ffe-c69f-4c31-ba64-53b760e5b6a4-chrome-pdf.html","meta":{"rootId":"26slx0hb5j30xbp","id":"tpu8xnhj6hcxdun"},"id":"bjh36fa1wt2mmds","previousOperationId":"9ng470ulwwzezaf"}
{"type":"log","timestamp":1705343145492,"level":"debug","message":"Page request: GET (stylesheet) https://cdnjs.cloudflare.com/ajax/libs/metro/4.1.5/css/metro.min.css","meta":{"rootId":"26slx0hb5j30xbp","id":"tpu8xnhj6hcxdun"},"id":"hcwcnvf7jbwwy8f","previousOperationId":"9ng470ulwwzezaf"}
{"type":"log","timestamp":1705343145493,"level":"debug","message":"Page request finished: GET (document) 200 file:///C:/Users/arida/AppData/Local/Temp/jsreport/autocleanup/54e54ffe-c69f-4c31-ba64-53b760e5b6a4-chrome-pdf.html","meta":{"rootId":"26slx0hb5j30xbp","id":"tpu8xnhj6hcxdun"},"id":"zm7sa1l3089b60q","previousOperationId":"9ng470ulwwzezaf"}
{"type":"log","timestamp":1705343145563,"level":"debug","message":"Page request finished: GET (stylesheet) 200 https://cdnjs.cloudflare.com/ajax/libs/metro/4.1.5/css/metro.min.css","meta":{"rootId":"26slx0hb5j30xbp","id":"tpu8xnhj6hcxdun"},"id":"9a3fmfjmmjl9ly8","previousOperationId":"9ng470ulwwzezaf"}
{"type":"log","timestamp":1705343145588,"level":"debug","message":"Running chrome with params {\"printBackground\":true,\"marginTop\":\"1.5cm\",\"marginRight\":\"1.5cm\",\"marginLeft\":\"1.cm\",\"timeout\":56683,\"margin\":{\"top\":\"1.5cm\",\"right\":\"1.5cm\",\"left\":\"1.cm\"}}","meta":{"rootId":"26slx0hb5j30xbp","id":"tpu8xnhj6hcxdun"},"id":"waba7oz5k48lk70","previousOperationId":"9ng470ulwwzezaf"}
{"type":"operationEnd","operationId":"9ng470ulwwzezaf","timestamp":1705343145626,"id":"qw4v6lht7xkovto","previousEventId":"9xb8tikyl04outs","previousOperationId":"9ng470ulwwzezaf"}
{"type":"log","timestamp":1705343145626,"level":"debug","message":"Skipping storing report.","meta":{"rootId":"26slx0hb5j30xbp","id":"tpu8xnhj6hcxdun"},"id":"l983z5id9rw6rww","previousOperationId":"9ng470ulwwzezaf"}
{"type":"log","timestamp":1705343145626,"level":"info","message":"Rendering (child) request finished in 3601 ms","meta":{"rootId":"26slx0hb5j30xbp","id":"tpu8xnhj6hcxdun"},"id":"rhcfogf752t6vlr","previousOperationId":"9ng470ulwwzezaf"}
{"type":"operationEnd","subtype":"render","operationId":"61rqtiypdlh529m","timestamp":1705343145626,"id":"8il5g1cxds6xz8a","previousEventId":"qw4v6lht7xkovto","previousOperationId":"9ng470ulwwzezaf"}
{"type":"operationEnd","operationId":"f6svx7qak4839a7","timestamp":1705343145637,"id":"6ebwlniy63fdmk7","previousEventId":"4z2yq320co77ot8","previousOperationId":"f6svx7qak4839a7"}
{"type":"log","timestamp":1705343145637,"level":"debug","message":"pdf-utils postproces start","meta":{"rootId":"26slx0hb5j30xbp","id":"26slx0hb5j30xbp"},"id":"rsvv3c9djr8svpe","previousOperationId":"f6svx7qak4839a7"}
{"type":"log","timestamp":1705343145646,"level":"debug","message":"pdf-utils postproces end","meta":{"rootId":"26slx0hb5j30xbp","id":"26slx0hb5j30xbp"},"id":"uew9yqqtlaa2ibo","previousOperationId":"f6svx7qak4839a7"}
{"type":"operationEnd","operationId":"btfjuzj610xlawx","timestamp":1705343145646,"id":"x0j5d2lqfk54ibk","previousEventId":"6ebwlniy63fdmk7","previousOperationId":"f6svx7qak4839a7"}
{"type":"log","timestamp":1705343145646,"level":"info","message":"pdf-utils pdf processing was finished","meta":{"rootId":"26slx0hb5j30xbp","id":"26slx0hb5j30xbp"},"id":"5lj0w5kktbdzh2b","previousOperationId":"btfjuzj610xlawx"}
{"type":"log","timestamp":1705343145646,"level":"debug","message":"Skipping storing report.","meta":{"rootId":"26slx0hb5j30xbp","id":"26slx0hb5j30xbp"},"id":"4n42kosuonovrrr","previousOperationId":"btfjuzj610xlawx"}
{"type":"log","timestamp":1705343145646,"level":"info","message":"Rendering request 31 finished in 3621 ms","meta":{"rootId":"26slx0hb5j30xbp","id":"26slx0hb5j30xbp"},"id":"kaq4o1i07sg24lb","previousOperationId":"btfjuzj610xlawx"}
{"type":"operationEnd","subtype":"render","operationId":"wvbuo3sa0cxum1b","timestamp":1705343145646,"id":"nj00e4qfpog2pu5","previousEventId":"x0j5d2lqfk54ibk","previousOperationId":"btfjuzj610xlawx"}
{"type":"operationEnd","doDiffs":false,"previousEventId":"q55sa6sqtulflwx","previousOperationId":"lwtyvstr94bolcn","operationId":"lwtyvstr94bolcn","timestamp":1705343145657,"id":"7hixytd74sddzr8"}
