{"type":"operationStart","subtype":"profile","data":{"_id":"Z2tOwf24TfA7hQd8","timestamp":"2024-01-15T09:56:58.461Z","state":"queued","mode":"standard","creationDate":"2024-01-15T09:56:58.468Z","modificationDate":"2024-01-15T09:56:58.468Z","shortid":"9Joocfq","$entitySet":"profiles"},"doDiffs":false,"timestamp":1705312618465,"id":"5qbhj1t0ikq8l1e","previousOperationId":null,"operationId":"yeamljrqv6vfrgq"}
{"type":"log","level":"info","message":"Render request 4 queued for execution and waiting for available worker","previousOperationId":"yeamljrqv6vfrgq","timestamp":1705312618465,"id":"qvo2j316s8h5i66"}
{"type":"operationStart","subtype":"render","name":"locations-main","previousOperationId":"yeamljrqv6vfrgq","timestamp":1705312618498,"id":"kjkiqhy7prf9hbv","previousEventId":"5qbhj1t0ikq8l1e","operationId":"7u2rx56xubchl4t"}
{"type":"log","timestamp":1705312618499,"level":"info","message":"Starting rendering request 4","meta":{"rootId":"2p53xsr2jaqstnp","id":"2p53xsr2jaqstnp"},"id":"89zyaqxbxfoizzy","previousOperationId":"7u2rx56xubchl4t"}
{"type":"log","timestamp":1705312618500,"level":"info","message":"Rendering template { name: locations-main, recipe: chrome-pdf, engine: handlebars, preview: true }","meta":{"rootId":"2p53xsr2jaqstnp","id":"2p53xsr2jaqstnp"},"id":"ihdhite1ahsyh4t","previousOperationId":"7u2rx56xubchl4t"}
{"type":"log","timestamp":1705312618504,"level":"debug","message":"Data item not defined for this template.","meta":{"rootId":"2p53xsr2jaqstnp","id":"2p53xsr2jaqstnp"},"id":"6qne9o5y3m454r3","previousOperationId":"7u2rx56xubchl4t"}
{"type":"log","timestamp":1705312618515,"level":"debug","message":"Executing script locations-script (beforeRender)","meta":{"rootId":"2p53xsr2jaqstnp","id":"2p53xsr2jaqstnp"},"id":"2e0jn1lku1l3w9o","previousOperationId":"7u2rx56xubchl4t"}
{"type":"operationStart","subtype":"scriptsBeforeRender","name":"scripts beforeRender","timestamp":1705312618603,"id":"ifx0bbmj173wckd","previousEventId":"kjkiqhy7prf9hbv","operationId":"1ma9h3wehi5gmvq","previousOperationId":"7u2rx56xubchl4t"}
{"type":"operationStart","subtype":"script","name":"scripts locations-script","previousOperationId":"1ma9h3wehi5gmvq","timestamp":1705312618603,"id":"ayj8cbi31a61ko5","previousEventId":"ifx0bbmj173wckd","operationId":"k3zvqsodxypjkxj"}
{"type":"operationEnd","operationId":"k3zvqsodxypjkxj","timestamp":1705312618641,"id":"kohp53x7o57jzyv","previousEventId":"kjkiqhy7prf9hbv","previousOperationId":"7u2rx56xubchl4t"}
{"type":"operationEnd","operationId":"1ma9h3wehi5gmvq","timestamp":1705312618641,"id":"jsbssjkizgr23ei","previousEventId":"kohp53x7o57jzyv","previousOperationId":"7u2rx56xubchl4t"}
{"type":"log","timestamp":1705312618642,"level":"debug","message":"Base url not specified, skipping its injection.","meta":{"rootId":"2p53xsr2jaqstnp","id":"2p53xsr2jaqstnp"},"id":"5q2rp5wqywquthx","previousOperationId":"1ma9h3wehi5gmvq"}
{"type":"operationStart","subtype":"engine","name":"handlebars","timestamp":1705312618643,"id":"vf8gtc4uulczxcr","previousEventId":"jsbssjkizgr23ei","operationId":"odi0u30mo8jruco","previousOperationId":"1ma9h3wehi5gmvq"}
{"type":"log","timestamp":1705312618643,"level":"debug","message":"Rendering engine handlebars","meta":{"rootId":"2p53xsr2jaqstnp","id":"2p53xsr2jaqstnp"},"id":"1amqvxnb0mn87te","previousOperationId":"odi0u30mo8jruco"}
{"type":"operationEnd","operationId":"odi0u30mo8jruco","timestamp":1705312618706,"id":"n2rqsi588r7imps","previousEventId":"vf8gtc4uulczxcr","previousOperationId":"odi0u30mo8jruco"}
{"type":"operationStart","subtype":"recipe","name":"chrome-pdf","timestamp":1705312618708,"id":"j5aacxabm4ixdcq","previousEventId":"n2rqsi588r7imps","operationId":"4piotzsu5yhqwo5","previousOperationId":"odi0u30mo8jruco"}
{"type":"log","timestamp":1705312618708,"level":"debug","message":"Executing recipe chrome-pdf","meta":{"rootId":"2p53xsr2jaqstnp","id":"2p53xsr2jaqstnp"},"id":"ljjvduxuinv9uu5","previousOperationId":"4piotzsu5yhqwo5"}
{"type":"log","timestamp":1705312618715,"level":"debug","message":"Converting with chrome HeadlessChrome/117.0.5938.149 using chrome-pool strategy","meta":{"rootId":"2p53xsr2jaqstnp","id":"2p53xsr2jaqstnp"},"id":"8rc6y4lidc6ioeo","previousOperationId":"4piotzsu5yhqwo5"}
{"type":"log","timestamp":1705312618944,"level":"debug","message":"Page request: GET (document) file:///C:/Users/arida/AppData/Local/Temp/jsreport/autocleanup/b1f9c2c7-eba8-431f-85e2-26c607da3e6e-chrome-pdf.html","meta":{"rootId":"2p53xsr2jaqstnp","id":"2p53xsr2jaqstnp"},"id":"8b1wox62hk9kwy2","previousOperationId":"4piotzsu5yhqwo5"}
{"type":"log","timestamp":1705312618992,"level":"debug","message":"Page request: GET (stylesheet) https://cdnjs.cloudflare.com/ajax/libs/metro/4.1.5/css/metro.min.css","meta":{"rootId":"2p53xsr2jaqstnp","id":"2p53xsr2jaqstnp"},"id":"tgefxqogvkvorky","previousOperationId":"4piotzsu5yhqwo5"}
{"type":"log","timestamp":1705312618994,"level":"debug","message":"Page request: GET (script) https://cdnjs.cloudflare.com/ajax/libs/Chart.js/2.7.2/Chart.min.js","meta":{"rootId":"2p53xsr2jaqstnp","id":"2p53xsr2jaqstnp"},"id":"3u4k4n8esj11szr","previousOperationId":"4piotzsu5yhqwo5"}
{"type":"log","timestamp":1705312618994,"level":"debug","message":"Page request finished: GET (document) 200 file:///C:/Users/arida/AppData/Local/Temp/jsreport/autocleanup/b1f9c2c7-eba8-431f-85e2-26c607da3e6e-chrome-pdf.html","meta":{"rootId":"2p53xsr2jaqstnp","id":"2p53xsr2jaqstnp"},"id":"jmccwufoqtlnc2o","previousOperationId":"4piotzsu5yhqwo5"}
{"type":"log","timestamp":1705312619026,"level":"debug","message":"Page request finished: GET (stylesheet) 200 https://cdnjs.cloudflare.com/ajax/libs/metro/4.1.5/css/metro.min.css","meta":{"rootId":"2p53xsr2jaqstnp","id":"2p53xsr2jaqstnp"},"id":"9lzf1etus7o77vx","previousOperationId":"4piotzsu5yhqwo5"}
{"type":"log","timestamp":1705312619072,"level":"debug","message":"Page request finished: GET (script) 200 https://cdnjs.cloudflare.com/ajax/libs/Chart.js/2.7.2/Chart.min.js","meta":{"rootId":"2p53xsr2jaqstnp","id":"2p53xsr2jaqstnp"},"id":"q5mh4m4j6somiau","previousOperationId":"4piotzsu5yhqwo5"}
{"type":"log","timestamp":1705312619089,"level":"warn","message":"Page error: Unexpected identifier 'en' , stack: SyntaxError: Unexpected identifier 'en'","meta":{"rootId":"2p53xsr2jaqstnp","id":"2p53xsr2jaqstnp"},"id":"3wkcpzw12u5crrv","previousOperationId":"4piotzsu5yhqwo5"}
{"type":"log","timestamp":1705312619089,"level":"warn","message":"Page error: Unexpected identifier 'en' , stack: SyntaxError: Unexpected identifier 'en'","meta":{"rootId":"2p53xsr2jaqstnp","id":"2p53xsr2jaqstnp"},"id":"ci1lnoz8nkz7h1b","previousOperationId":"4piotzsu5yhqwo5"}
{"type":"log","timestamp":1705312619127,"level":"debug","message":"Running chrome with params {\"printBackground\":true,\"marginTop\":\"4cm\",\"marginRight\":\"1.5cm\",\"marginBottom\":\"1.5cm\",\"marginLeft\":\"1.5cm\",\"waitForJS\":false,\"timeout\":59748,\"margin\":{\"top\":\"4cm\",\"right\":\"1.5cm\",\"bottom\":\"1.5cm\",\"left\":\"1.5cm\"}}","meta":{"rootId":"2p53xsr2jaqstnp","id":"2p53xsr2jaqstnp"},"id":"921t4o4e3j600c1","previousOperationId":"4piotzsu5yhqwo5"}
{"type":"operationEnd","operationId":"4piotzsu5yhqwo5","timestamp":1705312619197,"id":"ccfm6kphpvc0yao","previousEventId":"j5aacxabm4ixdcq","previousOperationId":"4piotzsu5yhqwo5"}
{"type":"log","timestamp":1705312619197,"level":"info","message":"pdf-utils is starting pdf processing","meta":{"rootId":"2p53xsr2jaqstnp","id":"2p53xsr2jaqstnp"},"id":"iyo8ug0d7lqq31i","previousOperationId":"4piotzsu5yhqwo5"}
{"type":"operationStart","subtype":"pdfUtils","name":"pdf utils","timestamp":1705312619518,"id":"t30afc3ayyxrvgc","previousEventId":"ccfm6kphpvc0yao","operationId":"rgpr302sw27ve7r","previousOperationId":"4piotzsu5yhqwo5"}
{"type":"log","timestamp":1705312619518,"level":"debug","message":"pdf-utils detected 1 pdf operation(s) to process","meta":{"rootId":"2p53xsr2jaqstnp","id":"2p53xsr2jaqstnp"},"id":"izm3fmn8w1jsb52","previousOperationId":"rgpr302sw27ve7r"}
{"type":"log","timestamp":1705312619718,"level":"debug","message":"pdf-utils running pdf operation merge","meta":{"rootId":"2p53xsr2jaqstnp","id":"2p53xsr2jaqstnp"},"id":"thmdv0ugn2761xp","previousOperationId":"rgpr302sw27ve7r"}
{"type":"operationStart","subtype":"pdfUtilsMerge","name":"pdf utils merge","previousOperationId":"rgpr302sw27ve7r","timestamp":1705312619719,"id":"h3yo9jblhkrv6dg","previousEventId":"t30afc3ayyxrvgc","operationId":"xwmcue7ut4n3ika"}
{"type":"operationStart","subtype":"render","name":"locations-header","previousOperationId":"xwmcue7ut4n3ika","timestamp":1705312619720,"id":"wmb9hi7f5o2fe6p","previousEventId":"h3yo9jblhkrv6dg","operationId":"k745c45gmxn1ujm"}
{"type":"log","timestamp":1705312619720,"level":"info","message":"Starting rendering (child) request","meta":{"rootId":"2p53xsr2jaqstnp","id":"z9uyfn5efa3owt0"},"id":"umz139gsei2b9f8","previousOperationId":"k745c45gmxn1ujm"}
{"type":"log","timestamp":1705312619720,"level":"info","message":"Rendering template { name: locations-header, recipe: chrome-pdf, engine: handlebars, preview: true }","meta":{"rootId":"2p53xsr2jaqstnp","id":"z9uyfn5efa3owt0"},"id":"q4wov7l2ebvnl32","previousOperationId":"k745c45gmxn1ujm"}
{"type":"log","timestamp":1705312619726,"level":"debug","message":"Inline data specified.","meta":{"rootId":"2p53xsr2jaqstnp","id":"z9uyfn5efa3owt0"},"id":"8f4305gzd46k150","previousOperationId":"k745c45gmxn1ujm"}
{"type":"log","timestamp":1705312619730,"level":"debug","message":"Base url not specified, skipping its injection.","meta":{"rootId":"2p53xsr2jaqstnp","id":"z9uyfn5efa3owt0"},"id":"xu2fwr2lv1w8dqs","previousOperationId":"k745c45gmxn1ujm"}
{"type":"operationStart","subtype":"engine","name":"handlebars","timestamp":1705312619730,"id":"smnn11097bpt3hi","previousEventId":"wmb9hi7f5o2fe6p","operationId":"vfrdg60fgq3byma","previousOperationId":"k745c45gmxn1ujm"}
{"type":"log","timestamp":1705312619730,"level":"debug","message":"Rendering engine handlebars","meta":{"rootId":"2p53xsr2jaqstnp","id":"z9uyfn5efa3owt0"},"id":"koczq22tnzk4fcj","previousOperationId":"vfrdg60fgq3byma"}
{"type":"operationEnd","operationId":"vfrdg60fgq3byma","timestamp":1705312619757,"id":"0it60rrsc2chxue","previousEventId":"smnn11097bpt3hi","previousOperationId":"vfrdg60fgq3byma"}
{"type":"operationStart","subtype":"recipe","name":"chrome-pdf","timestamp":1705312619758,"id":"on4zjrzutw0u33y","previousEventId":"0it60rrsc2chxue","operationId":"zqbw9ie2oo6m1mn","previousOperationId":"vfrdg60fgq3byma"}
{"type":"log","timestamp":1705312619758,"level":"debug","message":"Executing recipe chrome-pdf","meta":{"rootId":"2p53xsr2jaqstnp","id":"z9uyfn5efa3owt0"},"id":"2uli57rvv8hp53m","previousOperationId":"zqbw9ie2oo6m1mn"}
{"type":"log","timestamp":1705312619761,"level":"debug","message":"Converting with chrome HeadlessChrome/117.0.5938.149 using chrome-pool strategy","meta":{"rootId":"2p53xsr2jaqstnp","id":"z9uyfn5efa3owt0"},"id":"thjfj70jnb1l9op","previousOperationId":"zqbw9ie2oo6m1mn"}
{"type":"log","timestamp":1705312619872,"level":"debug","message":"Page request: GET (document) file:///C:/Users/arida/AppData/Local/Temp/jsreport/autocleanup/86e93123-5076-4b87-8a7a-139788f33a3b-chrome-pdf.html","meta":{"rootId":"2p53xsr2jaqstnp","id":"z9uyfn5efa3owt0"},"id":"70s4t63mjl5tqtg","previousOperationId":"zqbw9ie2oo6m1mn"}
{"type":"log","timestamp":1705312619884,"level":"debug","message":"Page request: GET (stylesheet) https://cdnjs.cloudflare.com/ajax/libs/metro/4.1.5/css/metro.min.css","meta":{"rootId":"2p53xsr2jaqstnp","id":"z9uyfn5efa3owt0"},"id":"oqk8zdcrjaofxog","previousOperationId":"zqbw9ie2oo6m1mn"}
{"type":"log","timestamp":1705312619885,"level":"debug","message":"Page request finished: GET (document) 200 file:///C:/Users/arida/AppData/Local/Temp/jsreport/autocleanup/86e93123-5076-4b87-8a7a-139788f33a3b-chrome-pdf.html","meta":{"rootId":"2p53xsr2jaqstnp","id":"z9uyfn5efa3owt0"},"id":"izykyev3459a7am","previousOperationId":"zqbw9ie2oo6m1mn"}
{"type":"log","timestamp":1705312619906,"level":"debug","message":"Page request finished: GET (stylesheet) 200 https://cdnjs.cloudflare.com/ajax/libs/metro/4.1.5/css/metro.min.css","meta":{"rootId":"2p53xsr2jaqstnp","id":"z9uyfn5efa3owt0"},"id":"ut0aoe0fq560n6v","previousOperationId":"zqbw9ie2oo6m1mn"}
{"type":"log","timestamp":1705312619927,"level":"debug","message":"Running chrome with params {\"printBackground\":true,\"marginTop\":\"1.5cm\",\"marginRight\":\"1.5cm\",\"marginLeft\":\"1.cm\",\"timeout\":58701,\"margin\":{\"top\":\"1.5cm\",\"right\":\"1.5cm\",\"left\":\"1.cm\"}}","meta":{"rootId":"2p53xsr2jaqstnp","id":"z9uyfn5efa3owt0"},"id":"nwxy67de5a90lvn","previousOperationId":"zqbw9ie2oo6m1mn"}
{"type":"operationEnd","operationId":"zqbw9ie2oo6m1mn","timestamp":1705312619966,"id":"tpn05j67nmbpr11","previousEventId":"on4zjrzutw0u33y","previousOperationId":"zqbw9ie2oo6m1mn"}
{"type":"log","timestamp":1705312619967,"level":"debug","message":"Skipping storing report.","meta":{"rootId":"2p53xsr2jaqstnp","id":"z9uyfn5efa3owt0"},"id":"v2o36812yu2dxe4","previousOperationId":"zqbw9ie2oo6m1mn"}
{"type":"log","timestamp":1705312619967,"level":"info","message":"Rendering (child) request finished in 1506 ms","meta":{"rootId":"2p53xsr2jaqstnp","id":"z9uyfn5efa3owt0"},"id":"5wfmmj4n2371h5b","previousOperationId":"zqbw9ie2oo6m1mn"}
{"type":"operationEnd","subtype":"render","operationId":"k745c45gmxn1ujm","timestamp":1705312619967,"id":"2f8w0gtx612rvq4","previousEventId":"tpn05j67nmbpr11","previousOperationId":"zqbw9ie2oo6m1mn"}
{"type":"operationEnd","operationId":"xwmcue7ut4n3ika","timestamp":1705312619992,"id":"galowxpdv3bn17j","previousEventId":"h3yo9jblhkrv6dg","previousOperationId":"xwmcue7ut4n3ika"}
{"type":"log","timestamp":1705312619992,"level":"debug","message":"pdf-utils postproces start","meta":{"rootId":"2p53xsr2jaqstnp","id":"2p53xsr2jaqstnp"},"id":"eu7y48svi2hq6ix","previousOperationId":"xwmcue7ut4n3ika"}
{"type":"log","timestamp":1705312620006,"level":"debug","message":"pdf-utils postproces end","meta":{"rootId":"2p53xsr2jaqstnp","id":"2p53xsr2jaqstnp"},"id":"kpr6hpp6uf3fmri","previousOperationId":"xwmcue7ut4n3ika"}
{"type":"operationEnd","operationId":"rgpr302sw27ve7r","timestamp":1705312620006,"id":"qkht3jn6w3ilkzg","previousEventId":"galowxpdv3bn17j","previousOperationId":"xwmcue7ut4n3ika"}
{"type":"log","timestamp":1705312620006,"level":"info","message":"pdf-utils pdf processing was finished","meta":{"rootId":"2p53xsr2jaqstnp","id":"2p53xsr2jaqstnp"},"id":"vy3gvkddti2sh8p","previousOperationId":"rgpr302sw27ve7r"}
{"type":"log","timestamp":1705312620006,"level":"debug","message":"Skipping storing report.","meta":{"rootId":"2p53xsr2jaqstnp","id":"2p53xsr2jaqstnp"},"id":"wmzxngkbrm5we2u","previousOperationId":"rgpr302sw27ve7r"}
{"type":"log","timestamp":1705312620006,"level":"info","message":"Rendering request 4 finished in 1545 ms","meta":{"rootId":"2p53xsr2jaqstnp","id":"2p53xsr2jaqstnp"},"id":"7amq87j0w7jf09q","previousOperationId":"rgpr302sw27ve7r"}
{"type":"operationEnd","subtype":"render","operationId":"7u2rx56xubchl4t","timestamp":1705312620006,"id":"7mdc988k194mqq0","previousEventId":"qkht3jn6w3ilkzg","previousOperationId":"rgpr302sw27ve7r"}
{"type":"operationEnd","doDiffs":false,"previousEventId":"5qbhj1t0ikq8l1e","previousOperationId":"yeamljrqv6vfrgq","operationId":"yeamljrqv6vfrgq","timestamp":1705312620018,"id":"flwjbyts8xxv1or"}
