{"type":"operationStart","subtype":"profile","data":{"_id":"6WR0HwZEOrzuypGu","timestamp":"2024-01-15T15:48:12.754Z","state":"queued","mode":"standard","creationDate":"2024-01-15T15:48:12.758Z","modificationDate":"2024-01-15T15:48:12.758Z","shortid":"bsPC5cG","$entitySet":"profiles"},"doDiffs":false,"timestamp":1705333692756,"id":"vm7bh179j8rap25","previousOperationId":null,"operationId":"5aazut9ygerbzxw"}
{"type":"log","level":"info","message":"Render request 8 queued for execution and waiting for available worker","previousOperationId":"5aazut9ygerbzxw","timestamp":1705333692756,"id":"k198v1kz3whoot3"}
{"type":"operationStart","subtype":"render","name":"locations-main","previousOperationId":"5aazut9ygerbzxw","timestamp":1705333692774,"id":"7duu28v08xplv22","previousEventId":"vm7bh179j8rap25","operationId":"7u5z3hzza3u1xbb"}
{"type":"log","timestamp":1705333692775,"level":"info","message":"Starting rendering request 8","meta":{"rootId":"2zmhxz0gyxuc3hs","id":"2zmhxz0gyxuc3hs"},"id":"62hjm62hncoxvth","previousOperationId":"7u5z3hzza3u1xbb"}
{"type":"log","timestamp":1705333692775,"level":"info","message":"Rendering template { name: locations-main, recipe: chrome-pdf, engine: handlebars, preview: true }","meta":{"rootId":"2zmhxz0gyxuc3hs","id":"2zmhxz0gyxuc3hs"},"id":"43h0jw0ejksz0o3","previousOperationId":"7u5z3hzza3u1xbb"}
{"type":"log","timestamp":1705333692777,"level":"debug","message":"Data item not defined for this template.","meta":{"rootId":"2zmhxz0gyxuc3hs","id":"2zmhxz0gyxuc3hs"},"id":"unu89x2nhkigg1x","previousOperationId":"7u5z3hzza3u1xbb"}
{"type":"log","timestamp":1705333692781,"level":"debug","message":"Executing script locations-script (beforeRender)","meta":{"rootId":"2zmhxz0gyxuc3hs","id":"2zmhxz0gyxuc3hs"},"id":"c28hk8dvn44gncb","previousOperationId":"7u5z3hzza3u1xbb"}
{"type":"operationStart","subtype":"scriptsBeforeRender","name":"scripts beforeRender","timestamp":1705333692793,"id":"7tqe9qrd25kdn2f","previousEventId":"7duu28v08xplv22","operationId":"4s4rj9nauw1p0xl","previousOperationId":"7u5z3hzza3u1xbb"}
{"type":"operationStart","subtype":"script","name":"scripts locations-script","previousOperationId":"4s4rj9nauw1p0xl","timestamp":1705333692793,"id":"gcracvv14apxqr9","previousEventId":"7tqe9qrd25kdn2f","operationId":"eujtrpw6pfe47yc"}
{"type":"operationEnd","operationId":"eujtrpw6pfe47yc","timestamp":1705333692808,"id":"mrwzru5v2oxc9bm","previousEventId":"7duu28v08xplv22","previousOperationId":"7u5z3hzza3u1xbb"}
{"type":"operationEnd","operationId":"4s4rj9nauw1p0xl","timestamp":1705333692808,"id":"wc941uahaoi1hk5","previousEventId":"mrwzru5v2oxc9bm","previousOperationId":"7u5z3hzza3u1xbb"}
{"type":"log","timestamp":1705333692808,"level":"debug","message":"Base url not specified, skipping its injection.","meta":{"rootId":"2zmhxz0gyxuc3hs","id":"2zmhxz0gyxuc3hs"},"id":"zoqyeh3uxa4n21j","previousOperationId":"4s4rj9nauw1p0xl"}
{"type":"operationStart","subtype":"engine","name":"handlebars","timestamp":1705333692809,"id":"zyq0sqjuurh7mhw","previousEventId":"wc941uahaoi1hk5","operationId":"ckuz5s6ksulovm5","previousOperationId":"4s4rj9nauw1p0xl"}
{"type":"log","timestamp":1705333692809,"level":"debug","message":"Rendering engine handlebars","meta":{"rootId":"2zmhxz0gyxuc3hs","id":"2zmhxz0gyxuc3hs"},"id":"0mb606y4rqd584s","previousOperationId":"ckuz5s6ksulovm5"}
{"type":"operationEnd","operationId":"ckuz5s6ksulovm5","timestamp":1705333692827,"id":"funm0mvgxtesxjr","previousEventId":"zyq0sqjuurh7mhw","previousOperationId":"ckuz5s6ksulovm5"}
{"type":"operationStart","subtype":"recipe","name":"chrome-pdf","timestamp":1705333692828,"id":"7pd2r6eldchggkh","previousEventId":"funm0mvgxtesxjr","operationId":"nbjyemm37flgwgv","previousOperationId":"ckuz5s6ksulovm5"}
{"type":"log","timestamp":1705333692828,"level":"debug","message":"Executing recipe chrome-pdf","meta":{"rootId":"2zmhxz0gyxuc3hs","id":"2zmhxz0gyxuc3hs"},"id":"ffr6mpamgx8t6q8","previousOperationId":"nbjyemm37flgwgv"}
{"type":"log","timestamp":1705333692830,"level":"debug","message":"Converting with chrome HeadlessChrome/117.0.5938.149 using chrome-pool strategy","meta":{"rootId":"2zmhxz0gyxuc3hs","id":"2zmhxz0gyxuc3hs"},"id":"yffouidsfydwsx5","previousOperationId":"nbjyemm37flgwgv"}
{"type":"log","timestamp":1705333692964,"level":"debug","message":"Page request: GET (document) file:///C:/Users/arida/AppData/Local/Temp/jsreport/autocleanup/0dba00ff-03b3-490e-a13b-9da0d95903d8-chrome-pdf.html","meta":{"rootId":"2zmhxz0gyxuc3hs","id":"2zmhxz0gyxuc3hs"},"id":"gqxsrewgpvgq94p","previousOperationId":"nbjyemm37flgwgv"}
{"type":"log","timestamp":1705333692974,"level":"debug","message":"Page request: GET (script) https://cdn.jsdelivr.net/npm/chart.js","meta":{"rootId":"2zmhxz0gyxuc3hs","id":"2zmhxz0gyxuc3hs"},"id":"vt0dm2kyd43vdrd","previousOperationId":"nbjyemm37flgwgv"}
{"type":"log","timestamp":1705333692975,"level":"debug","message":"Page request finished: GET (document) 200 file:///C:/Users/arida/AppData/Local/Temp/jsreport/autocleanup/0dba00ff-03b3-490e-a13b-9da0d95903d8-chrome-pdf.html","meta":{"rootId":"2zmhxz0gyxuc3hs","id":"2zmhxz0gyxuc3hs"},"id":"v7aq1w7u0jcsid0","previousOperationId":"nbjyemm37flgwgv"}
{"type":"log","timestamp":1705333692980,"level":"debug","message":"Page request finished: GET (script) 200 https://cdn.jsdelivr.net/npm/chart.js","meta":{"rootId":"2zmhxz0gyxuc3hs","id":"2zmhxz0gyxuc3hs"},"id":"5no7mxhlo5raptf","previousOperationId":"nbjyemm37flgwgv"}
{"type":"log","timestamp":1705333692986,"level":"warn","message":"Page error: Unexpected token ';' , stack: SyntaxError: Unexpected token ';'","meta":{"rootId":"2zmhxz0gyxuc3hs","id":"2zmhxz0gyxuc3hs"},"id":"2rbr47m5kd1m9f9","previousOperationId":"nbjyemm37flgwgv"}
{"type":"log","timestamp":1705333692996,"level":"debug","message":"Running chrome with params {\"printBackground\":true,\"marginTop\":\"4cm\",\"marginRight\":\"1.5cm\",\"marginBottom\":\"1.5cm\",\"marginLeft\":\"1.5cm\",\"waitForJS\":false,\"timeout\":59925,\"margin\":{\"top\":\"4cm\",\"right\":\"1.5cm\",\"bottom\":\"1.5cm\",\"left\":\"1.5cm\"}}","meta":{"rootId":"2zmhxz0gyxuc3hs","id":"2zmhxz0gyxuc3hs"},"id":"8oxzpi484xmwbvr","previousOperationId":"nbjyemm37flgwgv"}
{"type":"operationEnd","operationId":"nbjyemm37flgwgv","timestamp":1705333693029,"id":"ks67rt6lqo6udys","previousEventId":"7pd2r6eldchggkh","previousOperationId":"nbjyemm37flgwgv"}
{"type":"log","timestamp":1705333693029,"level":"info","message":"pdf-utils is starting pdf processing","meta":{"rootId":"2zmhxz0gyxuc3hs","id":"2zmhxz0gyxuc3hs"},"id":"wy7836y8l00hziu","previousOperationId":"nbjyemm37flgwgv"}
{"type":"operationStart","subtype":"pdfUtils","name":"pdf utils","timestamp":1705333693029,"id":"3ou97z9ljk4c3w2","previousEventId":"ks67rt6lqo6udys","operationId":"1e11u8lfltpp3g8","previousOperationId":"nbjyemm37flgwgv"}
{"type":"log","timestamp":1705333693029,"level":"debug","message":"pdf-utils detected 1 pdf operation(s) to process","meta":{"rootId":"2zmhxz0gyxuc3hs","id":"2zmhxz0gyxuc3hs"},"id":"o217upo03rm2ypd","previousOperationId":"1e11u8lfltpp3g8"}
{"type":"log","timestamp":1705333693042,"level":"debug","message":"pdf-utils running pdf operation merge","meta":{"rootId":"2zmhxz0gyxuc3hs","id":"2zmhxz0gyxuc3hs"},"id":"0ouvzzuywlohbmt","previousOperationId":"1e11u8lfltpp3g8"}
{"type":"operationStart","subtype":"pdfUtilsMerge","name":"pdf utils merge","previousOperationId":"1e11u8lfltpp3g8","timestamp":1705333693042,"id":"dexxcb9wy01jntq","previousEventId":"3ou97z9ljk4c3w2","operationId":"8qhdxal239w73jm"}
{"type":"operationStart","subtype":"render","name":"locations-header","previousOperationId":"8qhdxal239w73jm","timestamp":1705333693043,"id":"i8pfkcdr0bezyod","previousEventId":"dexxcb9wy01jntq","operationId":"udg803pic6jd87l"}
{"type":"log","timestamp":1705333693043,"level":"info","message":"Starting rendering (child) request","meta":{"rootId":"2zmhxz0gyxuc3hs","id":"txjqxjyvzi7ojc5"},"id":"q45igqwxti0dti6","previousOperationId":"udg803pic6jd87l"}
{"type":"log","timestamp":1705333693043,"level":"info","message":"Rendering template { name: locations-header, recipe: chrome-pdf, engine: handlebars, preview: true }","meta":{"rootId":"2zmhxz0gyxuc3hs","id":"txjqxjyvzi7ojc5"},"id":"f8gnz6dg4y0f16u","previousOperationId":"udg803pic6jd87l"}
{"type":"log","timestamp":1705333693044,"level":"debug","message":"Inline data specified.","meta":{"rootId":"2zmhxz0gyxuc3hs","id":"txjqxjyvzi7ojc5"},"id":"n5pkuvu0wg7xmom","previousOperationId":"udg803pic6jd87l"}
{"type":"log","timestamp":1705333693047,"level":"debug","message":"Base url not specified, skipping its injection.","meta":{"rootId":"2zmhxz0gyxuc3hs","id":"txjqxjyvzi7ojc5"},"id":"jcpi03jzm8lkz30","previousOperationId":"udg803pic6jd87l"}
{"type":"operationStart","subtype":"engine","name":"handlebars","timestamp":1705333693048,"id":"92a2zydyhfrbsz4","previousEventId":"i8pfkcdr0bezyod","operationId":"ts395vlvu4kfi4k","previousOperationId":"udg803pic6jd87l"}
{"type":"log","timestamp":1705333693048,"level":"debug","message":"Rendering engine handlebars","meta":{"rootId":"2zmhxz0gyxuc3hs","id":"txjqxjyvzi7ojc5"},"id":"hkc95ebkcnl7l0r","previousOperationId":"ts395vlvu4kfi4k"}
{"type":"operationEnd","operationId":"ts395vlvu4kfi4k","timestamp":1705333693081,"id":"ap7fidunw6zl3yp","previousEventId":"92a2zydyhfrbsz4","previousOperationId":"ts395vlvu4kfi4k"}
{"type":"operationStart","subtype":"recipe","name":"chrome-pdf","timestamp":1705333693081,"id":"iz9pjaducmia5e3","previousEventId":"ap7fidunw6zl3yp","operationId":"70twyy6zzqx9qor","previousOperationId":"ts395vlvu4kfi4k"}
{"type":"log","timestamp":1705333693081,"level":"debug","message":"Executing recipe chrome-pdf","meta":{"rootId":"2zmhxz0gyxuc3hs","id":"txjqxjyvzi7ojc5"},"id":"w91kmi6eukveh7h","previousOperationId":"70twyy6zzqx9qor"}
{"type":"log","timestamp":1705333693085,"level":"debug","message":"Converting with chrome HeadlessChrome/117.0.5938.149 using chrome-pool strategy","meta":{"rootId":"2zmhxz0gyxuc3hs","id":"txjqxjyvzi7ojc5"},"id":"h3o11wcq2d9skhz","previousOperationId":"70twyy6zzqx9qor"}
{"type":"log","timestamp":1705333693207,"level":"debug","message":"Page request: GET (document) file:///C:/Users/arida/AppData/Local/Temp/jsreport/autocleanup/c3d870fc-9e9b-433f-874f-a360f005b5e9-chrome-pdf.html","meta":{"rootId":"2zmhxz0gyxuc3hs","id":"txjqxjyvzi7ojc5"},"id":"eblqboe302vnvlz","previousOperationId":"70twyy6zzqx9qor"}
{"type":"log","timestamp":1705333693223,"level":"debug","message":"Page request: GET (stylesheet) https://cdnjs.cloudflare.com/ajax/libs/metro/4.1.5/css/metro.min.css","meta":{"rootId":"2zmhxz0gyxuc3hs","id":"txjqxjyvzi7ojc5"},"id":"i4uh6m4vzhe38gm","previousOperationId":"70twyy6zzqx9qor"}
{"type":"log","timestamp":1705333693223,"level":"debug","message":"Page request finished: GET (document) 200 file:///C:/Users/arida/AppData/Local/Temp/jsreport/autocleanup/c3d870fc-9e9b-433f-874f-a360f005b5e9-chrome-pdf.html","meta":{"rootId":"2zmhxz0gyxuc3hs","id":"txjqxjyvzi7ojc5"},"id":"v7em53djz9frpmt","previousOperationId":"70twyy6zzqx9qor"}
{"type":"log","timestamp":1705333693246,"level":"debug","message":"Page request finished: GET (stylesheet) 200 https://cdnjs.cloudflare.com/ajax/libs/metro/4.1.5/css/metro.min.css","meta":{"rootId":"2zmhxz0gyxuc3hs","id":"txjqxjyvzi7ojc5"},"id":"wh0ir7rl69n3e4u","previousOperationId":"70twyy6zzqx9qor"}
{"type":"log","timestamp":1705333693265,"level":"debug","message":"Running chrome with params {\"printBackground\":true,\"marginTop\":\"1.5cm\",\"marginRight\":\"1.5cm\",\"marginLeft\":\"1.cm\",\"timeout\":59671,\"margin\":{\"top\":\"1.5cm\",\"right\":\"1.5cm\",\"left\":\"1.cm\"}}","meta":{"rootId":"2zmhxz0gyxuc3hs","id":"txjqxjyvzi7ojc5"},"id":"8jr365flieqijjn","previousOperationId":"70twyy6zzqx9qor"}
{"type":"operationEnd","operationId":"70twyy6zzqx9qor","timestamp":1705333693303,"id":"dlk3l1a6wmr72fo","previousEventId":"iz9pjaducmia5e3","previousOperationId":"70twyy6zzqx9qor"}
{"type":"log","timestamp":1705333693303,"level":"debug","message":"Skipping storing report.","meta":{"rootId":"2zmhxz0gyxuc3hs","id":"txjqxjyvzi7ojc5"},"id":"ox7bt4f3edic3cq","previousOperationId":"70twyy6zzqx9qor"}
{"type":"log","timestamp":1705333693303,"level":"info","message":"Rendering (child) request finished in 549 ms","meta":{"rootId":"2zmhxz0gyxuc3hs","id":"txjqxjyvzi7ojc5"},"id":"s7qscdppqg74l01","previousOperationId":"70twyy6zzqx9qor"}
{"type":"operationEnd","subtype":"render","operationId":"udg803pic6jd87l","timestamp":1705333693303,"id":"79u1kswpzi9qupm","previousEventId":"dlk3l1a6wmr72fo","previousOperationId":"70twyy6zzqx9qor"}
{"type":"operationEnd","operationId":"8qhdxal239w73jm","timestamp":1705333693312,"id":"d48i8a8bxeiffci","previousEventId":"dexxcb9wy01jntq","previousOperationId":"8qhdxal239w73jm"}
{"type":"log","timestamp":1705333693312,"level":"debug","message":"pdf-utils postproces start","meta":{"rootId":"2zmhxz0gyxuc3hs","id":"2zmhxz0gyxuc3hs"},"id":"wyqivka2mny9a2i","previousOperationId":"8qhdxal239w73jm"}
{"type":"log","timestamp":1705333693322,"level":"debug","message":"pdf-utils postproces end","meta":{"rootId":"2zmhxz0gyxuc3hs","id":"2zmhxz0gyxuc3hs"},"id":"511cerwyatrapfv","previousOperationId":"8qhdxal239w73jm"}
{"type":"operationEnd","operationId":"1e11u8lfltpp3g8","timestamp":1705333693322,"id":"dgh3a0oswc1frnu","previousEventId":"d48i8a8bxeiffci","previousOperationId":"8qhdxal239w73jm"}
{"type":"log","timestamp":1705333693322,"level":"info","message":"pdf-utils pdf processing was finished","meta":{"rootId":"2zmhxz0gyxuc3hs","id":"2zmhxz0gyxuc3hs"},"id":"4cc4j9azdost066","previousOperationId":"1e11u8lfltpp3g8"}
{"type":"log","timestamp":1705333693322,"level":"debug","message":"Skipping storing report.","meta":{"rootId":"2zmhxz0gyxuc3hs","id":"2zmhxz0gyxuc3hs"},"id":"h38fg1cv27mml1f","previousOperationId":"1e11u8lfltpp3g8"}
{"type":"log","timestamp":1705333693322,"level":"info","message":"Rendering request 8 finished in 568 ms","meta":{"rootId":"2zmhxz0gyxuc3hs","id":"2zmhxz0gyxuc3hs"},"id":"qgxyfjmnazsovl3","previousOperationId":"1e11u8lfltpp3g8"}
{"type":"operationEnd","subtype":"render","operationId":"7u5z3hzza3u1xbb","timestamp":1705333693322,"id":"38ul9c6celgz99m","previousEventId":"dgh3a0oswc1frnu","previousOperationId":"1e11u8lfltpp3g8"}
{"type":"operationEnd","doDiffs":false,"previousEventId":"vm7bh179j8rap25","previousOperationId":"5aazut9ygerbzxw","operationId":"5aazut9ygerbzxw","timestamp":1705333693337,"id":"wg6p3a6ciq1ifqz"}
