{"type":"operationStart","subtype":"profile","data":{"_id":"I4RsR6NiDyvNSZoN","timestamp":"2024-01-15T10:15:21.211Z","state":"queued","mode":"standard","creationDate":"2024-01-15T10:15:21.214Z","modificationDate":"2024-01-15T10:15:21.214Z","shortid":"ATcxQoF","$entitySet":"profiles"},"doDiffs":false,"timestamp":1705313721212,"id":"zwzru5i2caqwlwa","previousOperationId":null,"operationId":"08nq27s6lmlpdvj"}
{"type":"log","level":"info","message":"Render request 22 queued for execution and waiting for available worker","previousOperationId":"08nq27s6lmlpdvj","timestamp":1705313721212,"id":"xp1xbf6vszwzkxz"}
{"type":"operationStart","subtype":"render","name":"locations-main","previousOperationId":"08nq27s6lmlpdvj","timestamp":1705313721228,"id":"fhn0degoox5vy3k","previousEventId":"zwzru5i2caqwlwa","operationId":"bfc5jbmni9965pn"}
{"type":"log","timestamp":1705313721228,"level":"info","message":"Starting rendering request 22","meta":{"rootId":"375525oep1z6hs9","id":"375525oep1z6hs9"},"id":"axrz0w4ipm6yvdo","previousOperationId":"bfc5jbmni9965pn"}
{"type":"log","timestamp":1705313721228,"level":"info","message":"Rendering template { name: locations-main, recipe: chrome-pdf, engine: handlebars, preview: true }","meta":{"rootId":"375525oep1z6hs9","id":"375525oep1z6hs9"},"id":"0pw46dwi7v85n0e","previousOperationId":"bfc5jbmni9965pn"}
{"type":"log","timestamp":1705313721231,"level":"debug","message":"Data item not defined for this template.","meta":{"rootId":"375525oep1z6hs9","id":"375525oep1z6hs9"},"id":"5bayc5n9vyev5lw","previousOperationId":"bfc5jbmni9965pn"}
{"type":"log","timestamp":1705313721236,"level":"debug","message":"Executing script locations-script (beforeRender)","meta":{"rootId":"375525oep1z6hs9","id":"375525oep1z6hs9"},"id":"dc7u8h7ol2cj03d","previousOperationId":"bfc5jbmni9965pn"}
{"type":"operationStart","subtype":"scriptsBeforeRender","name":"scripts beforeRender","timestamp":1705313721244,"id":"9qgi2h178dy9sja","previousEventId":"fhn0degoox5vy3k","operationId":"4a2qysukucx9v29","previousOperationId":"bfc5jbmni9965pn"}
{"type":"operationStart","subtype":"script","name":"scripts locations-script","previousOperationId":"4a2qysukucx9v29","timestamp":1705313721244,"id":"5ztdbrta5gnbvrs","previousEventId":"9qgi2h178dy9sja","operationId":"jm920jqazh0sp21"}
{"type":"operationEnd","operationId":"jm920jqazh0sp21","timestamp":1705313721255,"id":"w6uqycmiycf0hkn","previousEventId":"fhn0degoox5vy3k","previousOperationId":"bfc5jbmni9965pn"}
{"type":"operationEnd","operationId":"4a2qysukucx9v29","timestamp":1705313721255,"id":"yyeg9vjw58t965z","previousEventId":"w6uqycmiycf0hkn","previousOperationId":"bfc5jbmni9965pn"}
{"type":"log","timestamp":1705313721255,"level":"debug","message":"Base url not specified, skipping its injection.","meta":{"rootId":"375525oep1z6hs9","id":"375525oep1z6hs9"},"id":"9ih1noj02h8gbx0","previousOperationId":"4a2qysukucx9v29"}
{"type":"operationStart","subtype":"engine","name":"handlebars","timestamp":1705313721255,"id":"ezz3h9fhiboz07t","previousEventId":"yyeg9vjw58t965z","operationId":"2f6geub2ym1pe4t","previousOperationId":"4a2qysukucx9v29"}
{"type":"log","timestamp":1705313721255,"level":"debug","message":"Rendering engine handlebars","meta":{"rootId":"375525oep1z6hs9","id":"375525oep1z6hs9"},"id":"pclnzisbgbu0eos","previousOperationId":"2f6geub2ym1pe4t"}
{"type":"operationEnd","operationId":"2f6geub2ym1pe4t","timestamp":1705313721272,"id":"8pqc3slp87faaxa","previousEventId":"ezz3h9fhiboz07t","previousOperationId":"2f6geub2ym1pe4t"}
{"type":"operationStart","subtype":"recipe","name":"chrome-pdf","timestamp":1705313721272,"id":"hn5nbe5huyp4u12","previousEventId":"8pqc3slp87faaxa","operationId":"ixc8wak1z4o3e89","previousOperationId":"2f6geub2ym1pe4t"}
{"type":"log","timestamp":1705313721272,"level":"debug","message":"Executing recipe chrome-pdf","meta":{"rootId":"375525oep1z6hs9","id":"375525oep1z6hs9"},"id":"f3lssugxbswzwik","previousOperationId":"ixc8wak1z4o3e89"}
{"type":"log","timestamp":1705313721274,"level":"debug","message":"Converting with chrome HeadlessChrome/117.0.5938.149 using chrome-pool strategy","meta":{"rootId":"375525oep1z6hs9","id":"375525oep1z6hs9"},"id":"pqd5uang4n29tby","previousOperationId":"ixc8wak1z4o3e89"}
{"type":"log","timestamp":1705313721384,"level":"debug","message":"Page request: GET (document) file:///C:/Users/arida/AppData/Local/Temp/jsreport/autocleanup/e067627c-98d8-489e-84ea-989e92489b52-chrome-pdf.html","meta":{"rootId":"375525oep1z6hs9","id":"375525oep1z6hs9"},"id":"ctwgt989kbmfzxl","previousOperationId":"ixc8wak1z4o3e89"}
{"type":"log","timestamp":1705313721416,"level":"debug","message":"Page request: GET (script) https://cdn.jsdelivr.net/npm/chart.js","meta":{"rootId":"375525oep1z6hs9","id":"375525oep1z6hs9"},"id":"nypeqfebwtbbm7b","previousOperationId":"ixc8wak1z4o3e89"}
{"type":"log","timestamp":1705313721416,"level":"debug","message":"Page request finished: GET (document) 200 file:///C:/Users/arida/AppData/Local/Temp/jsreport/autocleanup/e067627c-98d8-489e-84ea-989e92489b52-chrome-pdf.html","meta":{"rootId":"375525oep1z6hs9","id":"375525oep1z6hs9"},"id":"83uldvcl97ddpjt","previousOperationId":"ixc8wak1z4o3e89"}
{"type":"log","timestamp":1705313721422,"level":"debug","message":"Page request finished: GET (script) 200 https://cdn.jsdelivr.net/npm/chart.js","meta":{"rootId":"375525oep1z6hs9","id":"375525oep1z6hs9"},"id":"bnrjqr00cwadgw7","previousOperationId":"ixc8wak1z4o3e89"}
{"type":"log","timestamp":1705313721427,"level":"warn","message":"Page error: numEventos is not defined , stack: ReferenceError: numEventos is not defined\n    at <anonymous> (file:///C:/Users/arida/AppData/Local/Temp/jsreport/autocleanup/e067627c-98d8-489e-84ea-989e92489b52-chrome-pdf.html:19:22)","meta":{"rootId":"375525oep1z6hs9","id":"375525oep1z6hs9"},"id":"lqnw92vsb1m8jpe","previousOperationId":"ixc8wak1z4o3e89"}
{"type":"log","timestamp":1705313721427,"level":"warn","message":"Page error: numEventos is not defined , stack: ReferenceError: numEventos is not defined\n    at <anonymous> (file:///C:/Users/arida/AppData/Local/Temp/jsreport/autocleanup/e067627c-98d8-489e-84ea-989e92489b52-chrome-pdf.html:64:22)","meta":{"rootId":"375525oep1z6hs9","id":"375525oep1z6hs9"},"id":"2b2v4cvvjmayyna","previousOperationId":"ixc8wak1z4o3e89"}
{"type":"log","timestamp":1705313721433,"level":"debug","message":"Running chrome with params {\"printBackground\":true,\"marginTop\":\"4cm\",\"marginRight\":\"1.5cm\",\"marginBottom\":\"1.5cm\",\"marginLeft\":\"1.5cm\",\"waitForJS\":false,\"timeout\":59937,\"margin\":{\"top\":\"4cm\",\"right\":\"1.5cm\",\"bottom\":\"1.5cm\",\"left\":\"1.5cm\"}}","meta":{"rootId":"375525oep1z6hs9","id":"375525oep1z6hs9"},"id":"lh8pp21vlccw3sa","previousOperationId":"ixc8wak1z4o3e89"}
{"type":"operationEnd","operationId":"ixc8wak1z4o3e89","timestamp":1705313721441,"id":"dhmn14hl2dfrvu7","previousEventId":"hn5nbe5huyp4u12","previousOperationId":"ixc8wak1z4o3e89"}
{"type":"log","timestamp":1705313721441,"level":"info","message":"pdf-utils is starting pdf processing","meta":{"rootId":"375525oep1z6hs9","id":"375525oep1z6hs9"},"id":"5gko9edoodm89s6","previousOperationId":"ixc8wak1z4o3e89"}
{"type":"operationStart","subtype":"pdfUtils","name":"pdf utils","timestamp":1705313721441,"id":"bzfqstgmplk011j","previousEventId":"dhmn14hl2dfrvu7","operationId":"yf88jfsx3bedteb","previousOperationId":"ixc8wak1z4o3e89"}
{"type":"log","timestamp":1705313721441,"level":"debug","message":"pdf-utils detected 1 pdf operation(s) to process","meta":{"rootId":"375525oep1z6hs9","id":"375525oep1z6hs9"},"id":"slq4huhp3p8evz3","previousOperationId":"yf88jfsx3bedteb"}
{"type":"log","timestamp":1705313721445,"level":"debug","message":"pdf-utils running pdf operation merge","meta":{"rootId":"375525oep1z6hs9","id":"375525oep1z6hs9"},"id":"9fqffownlitnegz","previousOperationId":"yf88jfsx3bedteb"}
{"type":"operationStart","subtype":"pdfUtilsMerge","name":"pdf utils merge","previousOperationId":"yf88jfsx3bedteb","timestamp":1705313721445,"id":"vkvmzkcve6ieulc","previousEventId":"bzfqstgmplk011j","operationId":"ppzwiatl7wieh5z"}
{"type":"operationStart","subtype":"render","name":"locations-header","previousOperationId":"ppzwiatl7wieh5z","timestamp":1705313721446,"id":"2xhztdbyellsw18","previousEventId":"vkvmzkcve6ieulc","operationId":"y2n7lt5xkp87l0u"}
{"type":"log","timestamp":1705313721446,"level":"info","message":"Starting rendering (child) request","meta":{"rootId":"375525oep1z6hs9","id":"3iich3xs7x8y42t"},"id":"8l4wnmek8olykfg","previousOperationId":"y2n7lt5xkp87l0u"}
{"type":"log","timestamp":1705313721446,"level":"info","message":"Rendering template { name: locations-header, recipe: chrome-pdf, engine: handlebars, preview: true }","meta":{"rootId":"375525oep1z6hs9","id":"3iich3xs7x8y42t"},"id":"rqhgb4rf8xk2uj3","previousOperationId":"y2n7lt5xkp87l0u"}
{"type":"log","timestamp":1705313721447,"level":"debug","message":"Inline data specified.","meta":{"rootId":"375525oep1z6hs9","id":"3iich3xs7x8y42t"},"id":"lnojvsyf56z29zs","previousOperationId":"y2n7lt5xkp87l0u"}
{"type":"log","timestamp":1705313721451,"level":"debug","message":"Base url not specified, skipping its injection.","meta":{"rootId":"375525oep1z6hs9","id":"3iich3xs7x8y42t"},"id":"86s3jjtpd5c93d3","previousOperationId":"y2n7lt5xkp87l0u"}
{"type":"operationStart","subtype":"engine","name":"handlebars","timestamp":1705313721451,"id":"jte3vgvwylf8by0","previousEventId":"2xhztdbyellsw18","operationId":"822ujkc4cs4qrmv","previousOperationId":"y2n7lt5xkp87l0u"}
{"type":"log","timestamp":1705313721451,"level":"debug","message":"Rendering engine handlebars","meta":{"rootId":"375525oep1z6hs9","id":"3iich3xs7x8y42t"},"id":"2xknq13sw6n6ixo","previousOperationId":"822ujkc4cs4qrmv"}
{"type":"operationEnd","operationId":"822ujkc4cs4qrmv","timestamp":1705313721475,"id":"l6zpon2bgk6c3xy","previousEventId":"jte3vgvwylf8by0","previousOperationId":"822ujkc4cs4qrmv"}
{"type":"operationStart","subtype":"recipe","name":"chrome-pdf","timestamp":1705313721476,"id":"p7h97lawthvot54","previousEventId":"l6zpon2bgk6c3xy","operationId":"8xu90us0t79cdd6","previousOperationId":"822ujkc4cs4qrmv"}
{"type":"log","timestamp":1705313721476,"level":"debug","message":"Executing recipe chrome-pdf","meta":{"rootId":"375525oep1z6hs9","id":"3iich3xs7x8y42t"},"id":"15mqad0rvr7d2ym","previousOperationId":"8xu90us0t79cdd6"}
{"type":"log","timestamp":1705313721478,"level":"debug","message":"Converting with chrome HeadlessChrome/117.0.5938.149 using chrome-pool strategy","meta":{"rootId":"375525oep1z6hs9","id":"3iich3xs7x8y42t"},"id":"j9rxhzgq0crvias","previousOperationId":"8xu90us0t79cdd6"}
{"type":"log","timestamp":1705313721598,"level":"debug","message":"Page request: GET (document) file:///C:/Users/arida/AppData/Local/Temp/jsreport/autocleanup/816b06ee-6851-4b16-8011-22ff5e87e60c-chrome-pdf.html","meta":{"rootId":"375525oep1z6hs9","id":"3iich3xs7x8y42t"},"id":"rvnnld3e9i8o4w0","previousOperationId":"8xu90us0t79cdd6"}
{"type":"log","timestamp":1705313721608,"level":"debug","message":"Page request: GET (stylesheet) https://cdnjs.cloudflare.com/ajax/libs/metro/4.1.5/css/metro.min.css","meta":{"rootId":"375525oep1z6hs9","id":"3iich3xs7x8y42t"},"id":"qumdtry7ieyv8gd","previousOperationId":"8xu90us0t79cdd6"}
{"type":"log","timestamp":1705313721608,"level":"debug","message":"Page request finished: GET (document) 200 file:///C:/Users/arida/AppData/Local/Temp/jsreport/autocleanup/816b06ee-6851-4b16-8011-22ff5e87e60c-chrome-pdf.html","meta":{"rootId":"375525oep1z6hs9","id":"3iich3xs7x8y42t"},"id":"a52toa5765oygim","previousOperationId":"8xu90us0t79cdd6"}
{"type":"log","timestamp":1705313721628,"level":"debug","message":"Page request finished: GET (stylesheet) 200 https://cdnjs.cloudflare.com/ajax/libs/metro/4.1.5/css/metro.min.css","meta":{"rootId":"375525oep1z6hs9","id":"3iich3xs7x8y42t"},"id":"wr60gkpg5ouitzb","previousOperationId":"8xu90us0t79cdd6"}
{"type":"log","timestamp":1705313721649,"level":"debug","message":"Running chrome with params {\"printBackground\":true,\"marginTop\":\"1.5cm\",\"marginRight\":\"1.5cm\",\"marginLeft\":\"1.cm\",\"timeout\":59734,\"margin\":{\"top\":\"1.5cm\",\"right\":\"1.5cm\",\"left\":\"1.cm\"}}","meta":{"rootId":"375525oep1z6hs9","id":"3iich3xs7x8y42t"},"id":"28535hbunbl5c30","previousOperationId":"8xu90us0t79cdd6"}
{"type":"operationEnd","operationId":"8xu90us0t79cdd6","timestamp":1705313721687,"id":"4yqp5kbnlf60pou","previousEventId":"p7h97lawthvot54","previousOperationId":"8xu90us0t79cdd6"}
{"type":"log","timestamp":1705313721688,"level":"debug","message":"Skipping storing report.","meta":{"rootId":"375525oep1z6hs9","id":"3iich3xs7x8y42t"},"id":"d1f1mjmz5t1cfjl","previousOperationId":"8xu90us0t79cdd6"}
{"type":"log","timestamp":1705313721688,"level":"info","message":"Rendering (child) request finished in 477 ms","meta":{"rootId":"375525oep1z6hs9","id":"3iich3xs7x8y42t"},"id":"mj6i12z9d3sqchw","previousOperationId":"8xu90us0t79cdd6"}
{"type":"operationEnd","subtype":"render","operationId":"y2n7lt5xkp87l0u","timestamp":1705313721688,"id":"iuaf6erah5ndfg3","previousEventId":"4yqp5kbnlf60pou","previousOperationId":"8xu90us0t79cdd6"}
{"type":"operationEnd","operationId":"ppzwiatl7wieh5z","timestamp":1705313721692,"id":"9a43y70z41ls78p","previousEventId":"vkvmzkcve6ieulc","previousOperationId":"ppzwiatl7wieh5z"}
{"type":"log","timestamp":1705313721692,"level":"debug","message":"pdf-utils postproces start","meta":{"rootId":"375525oep1z6hs9","id":"375525oep1z6hs9"},"id":"5n4uq6mnd7fip3z","previousOperationId":"ppzwiatl7wieh5z"}
{"type":"log","timestamp":1705313721697,"level":"debug","message":"pdf-utils postproces end","meta":{"rootId":"375525oep1z6hs9","id":"375525oep1z6hs9"},"id":"qwxrhgrfytoqwne","previousOperationId":"ppzwiatl7wieh5z"}
{"type":"operationEnd","operationId":"yf88jfsx3bedteb","timestamp":1705313721697,"id":"2atn1mi1btiap7z","previousEventId":"9a43y70z41ls78p","previousOperationId":"ppzwiatl7wieh5z"}
{"type":"log","timestamp":1705313721697,"level":"info","message":"pdf-utils pdf processing was finished","meta":{"rootId":"375525oep1z6hs9","id":"375525oep1z6hs9"},"id":"ie0qs1seaiosjpv","previousOperationId":"yf88jfsx3bedteb"}
{"type":"log","timestamp":1705313721697,"level":"debug","message":"Skipping storing report.","meta":{"rootId":"375525oep1z6hs9","id":"375525oep1z6hs9"},"id":"sv87iz30u4vl2m5","previousOperationId":"yf88jfsx3bedteb"}
{"type":"log","timestamp":1705313721698,"level":"info","message":"Rendering request 22 finished in 487 ms","meta":{"rootId":"375525oep1z6hs9","id":"375525oep1z6hs9"},"id":"3e5tc7h124hqawv","previousOperationId":"yf88jfsx3bedteb"}
{"type":"operationEnd","subtype":"render","operationId":"bfc5jbmni9965pn","timestamp":1705313721698,"id":"5mmynku427t8zcw","previousEventId":"2atn1mi1btiap7z","previousOperationId":"yf88jfsx3bedteb"}
{"type":"operationEnd","doDiffs":false,"previousEventId":"zwzru5i2caqwlwa","previousOperationId":"08nq27s6lmlpdvj","operationId":"08nq27s6lmlpdvj","timestamp":1705313721707,"id":"6imo9phtfvkksli"}
