{"type":"operationStart","subtype":"profile","data":{"_id":"LWq2iWpdQJnCiEPq","timestamp":"2024-01-15T18:30:33.606Z","state":"queued","mode":"standard","creationDate":"2024-01-15T18:30:33.609Z","modificationDate":"2024-01-15T18:30:33.609Z","shortid":"YVMTbIm","$entitySet":"profiles"},"doDiffs":false,"timestamp":1705343433607,"id":"g76mxyacd4728nw","previousOperationId":null,"operationId":"dyb3lz2lgkpp995"}
{"type":"log","level":"info","message":"Render request 44 queued for execution and waiting for available worker","previousOperationId":"dyb3lz2lgkpp995","timestamp":1705343433607,"id":"6zla0qf6enqqes0"}
{"type":"operationStart","subtype":"render","name":"locations-main","previousOperationId":"dyb3lz2lgkpp995","timestamp":1705343433624,"id":"nyqvkkkx8i0t1q6","previousEventId":"g76mxyacd4728nw","operationId":"4pzq9jxf8l7nwtz"}
{"type":"log","timestamp":1705343433624,"level":"info","message":"Starting rendering request 44","meta":{"rootId":"4zki9gx4r3rw3lh","id":"4zki9gx4r3rw3lh"},"id":"fqx2g1c1zs5jcvi","previousOperationId":"4pzq9jxf8l7nwtz"}
{"type":"log","timestamp":1705343433624,"level":"info","message":"Rendering template { name: locations-main, recipe: chrome-pdf, engine: handlebars, preview: true }","meta":{"rootId":"4zki9gx4r3rw3lh","id":"4zki9gx4r3rw3lh"},"id":"upsx8qd278lyw2y","previousOperationId":"4pzq9jxf8l7nwtz"}
{"type":"log","timestamp":1705343433625,"level":"debug","message":"Data item not defined for this template.","meta":{"rootId":"4zki9gx4r3rw3lh","id":"4zki9gx4r3rw3lh"},"id":"x7fzuvnn4jheimo","previousOperationId":"4pzq9jxf8l7nwtz"}
{"type":"log","timestamp":1705343433627,"level":"debug","message":"Executing script locations-script (beforeRender)","meta":{"rootId":"4zki9gx4r3rw3lh","id":"4zki9gx4r3rw3lh"},"id":"duygoplq5jtwk45","previousOperationId":"4pzq9jxf8l7nwtz"}
{"type":"operationStart","subtype":"scriptsBeforeRender","name":"scripts beforeRender","timestamp":1705343433635,"id":"6x2og4fehkibge9","previousEventId":"nyqvkkkx8i0t1q6","operationId":"2n40zumtyodyzcu","previousOperationId":"4pzq9jxf8l7nwtz"}
{"type":"operationStart","subtype":"script","name":"scripts locations-script","previousOperationId":"2n40zumtyodyzcu","timestamp":1705343433635,"id":"kwl7wixh3ugu4hn","previousEventId":"6x2og4fehkibge9","operationId":"gtsr6g2cieay0j9"}
{"type":"operationEnd","operationId":"gtsr6g2cieay0j9","timestamp":1705343433651,"id":"g3nfznvvlufxiza","previousEventId":"nyqvkkkx8i0t1q6","previousOperationId":"4pzq9jxf8l7nwtz"}
{"type":"operationEnd","operationId":"2n40zumtyodyzcu","timestamp":1705343433651,"id":"19z98ahvjlesb99","previousEventId":"g3nfznvvlufxiza","previousOperationId":"4pzq9jxf8l7nwtz"}
{"type":"log","timestamp":1705343433651,"level":"debug","message":"Base url not specified, skipping its injection.","meta":{"rootId":"4zki9gx4r3rw3lh","id":"4zki9gx4r3rw3lh"},"id":"0f4xj13dmvald4f","previousOperationId":"2n40zumtyodyzcu"}
{"type":"operationStart","subtype":"engine","name":"handlebars","timestamp":1705343433651,"id":"kcv74u5wf188qmu","previousEventId":"19z98ahvjlesb99","operationId":"4ecpt3md21mzbfe","previousOperationId":"2n40zumtyodyzcu"}
{"type":"log","timestamp":1705343433651,"level":"debug","message":"Rendering engine handlebars","meta":{"rootId":"4zki9gx4r3rw3lh","id":"4zki9gx4r3rw3lh"},"id":"74nnjke8oxeote7","previousOperationId":"4ecpt3md21mzbfe"}
{"type":"operationEnd","operationId":"4ecpt3md21mzbfe","timestamp":1705343433671,"id":"qx8rsedorqokjni","previousEventId":"kcv74u5wf188qmu","previousOperationId":"4ecpt3md21mzbfe"}
{"type":"operationStart","subtype":"recipe","name":"chrome-pdf","timestamp":1705343433672,"id":"1lamt2tg1nl4alh","previousEventId":"qx8rsedorqokjni","operationId":"p3umyzdpouksill","previousOperationId":"4ecpt3md21mzbfe"}
{"type":"log","timestamp":1705343433672,"level":"debug","message":"Executing recipe chrome-pdf","meta":{"rootId":"4zki9gx4r3rw3lh","id":"4zki9gx4r3rw3lh"},"id":"652yopbfk60jtsq","previousOperationId":"p3umyzdpouksill"}
{"type":"log","timestamp":1705343433675,"level":"debug","message":"Converting with chrome HeadlessChrome/117.0.5938.149 using chrome-pool strategy","meta":{"rootId":"4zki9gx4r3rw3lh","id":"4zki9gx4r3rw3lh"},"id":"bciqxz0h4rbvu7y","previousOperationId":"p3umyzdpouksill"}
{"type":"log","timestamp":1705343433823,"level":"debug","message":"Page request: GET (document) file:///C:/Users/arida/AppData/Local/Temp/jsreport/autocleanup/0dc798a1-f925-4198-91e3-f4ae04db3cb4-chrome-pdf.html","meta":{"rootId":"4zki9gx4r3rw3lh","id":"4zki9gx4r3rw3lh"},"id":"8ydkhc4iwr2r6rk","previousOperationId":"p3umyzdpouksill"}
{"type":"log","timestamp":1705343433856,"level":"debug","message":"Page request: GET (script) https://cdnjs.cloudflare.com/ajax/libs/Chart.js/2.7.2/Chart.min.js","meta":{"rootId":"4zki9gx4r3rw3lh","id":"4zki9gx4r3rw3lh"},"id":"0077zd0yii8qf6a","previousOperationId":"p3umyzdpouksill"}
{"type":"log","timestamp":1705343433856,"level":"debug","message":"Page request finished: GET (document) 200 file:///C:/Users/arida/AppData/Local/Temp/jsreport/autocleanup/0dc798a1-f925-4198-91e3-f4ae04db3cb4-chrome-pdf.html","meta":{"rootId":"4zki9gx4r3rw3lh","id":"4zki9gx4r3rw3lh"},"id":"0wckusson0atxpe","previousOperationId":"p3umyzdpouksill"}
{"type":"log","timestamp":1705343433862,"level":"debug","message":"Page request finished: GET (script) 200 https://cdnjs.cloudflare.com/ajax/libs/Chart.js/2.7.2/Chart.min.js","meta":{"rootId":"4zki9gx4r3rw3lh","id":"4zki9gx4r3rw3lh"},"id":"8r5g44uywy6gcll","previousOperationId":"p3umyzdpouksill"}
{"type":"log","timestamp":1705343433870,"level":"warn","message":"Page error: Invalid or unexpected token , stack: SyntaxError: Invalid or unexpected token","meta":{"rootId":"4zki9gx4r3rw3lh","id":"4zki9gx4r3rw3lh"},"id":"pq64bw586chm4vf","previousOperationId":"p3umyzdpouksill"}
{"type":"log","timestamp":1705343433885,"level":"debug","message":"Running chrome with params {\"printBackground\":true,\"marginTop\":\"4cm\",\"marginRight\":\"1.5cm\",\"marginBottom\":\"1.5cm\",\"marginLeft\":\"1.5cm\",\"waitForJS\":false,\"timeout\":59932,\"margin\":{\"top\":\"4cm\",\"right\":\"1.5cm\",\"bottom\":\"1.5cm\",\"left\":\"1.5cm\"}}","meta":{"rootId":"4zki9gx4r3rw3lh","id":"4zki9gx4r3rw3lh"},"id":"1ba5du7urwb6n3d","previousOperationId":"p3umyzdpouksill"}
{"type":"operationEnd","operationId":"p3umyzdpouksill","timestamp":1705343433935,"id":"1ewc9lg7ew0g20h","previousEventId":"1lamt2tg1nl4alh","previousOperationId":"p3umyzdpouksill"}
{"type":"log","timestamp":1705343433935,"level":"info","message":"pdf-utils is starting pdf processing","meta":{"rootId":"4zki9gx4r3rw3lh","id":"4zki9gx4r3rw3lh"},"id":"q24shfgnpxweb0c","previousOperationId":"p3umyzdpouksill"}
{"type":"operationStart","subtype":"pdfUtils","name":"pdf utils","timestamp":1705343433935,"id":"r22qow1r9fem8o3","previousEventId":"1ewc9lg7ew0g20h","operationId":"jizmvrr0l7gun22","previousOperationId":"p3umyzdpouksill"}
{"type":"log","timestamp":1705343433935,"level":"debug","message":"pdf-utils detected 1 pdf operation(s) to process","meta":{"rootId":"4zki9gx4r3rw3lh","id":"4zki9gx4r3rw3lh"},"id":"ojduc985yt9t9wn","previousOperationId":"jizmvrr0l7gun22"}
{"type":"log","timestamp":1705343433945,"level":"debug","message":"pdf-utils running pdf operation merge","meta":{"rootId":"4zki9gx4r3rw3lh","id":"4zki9gx4r3rw3lh"},"id":"qgxos4jh6svubjr","previousOperationId":"jizmvrr0l7gun22"}
{"type":"operationStart","subtype":"pdfUtilsMerge","name":"pdf utils merge","previousOperationId":"jizmvrr0l7gun22","timestamp":1705343433945,"id":"l9dvz5p9smbn8kf","previousEventId":"r22qow1r9fem8o3","operationId":"niw1jhw0gfg2wvf"}
{"type":"operationStart","subtype":"render","name":"locations-header","previousOperationId":"niw1jhw0gfg2wvf","timestamp":1705343433946,"id":"uhx4t8oss6a1ewj","previousEventId":"l9dvz5p9smbn8kf","operationId":"csky8vtru4na29l"}
{"type":"log","timestamp":1705343433946,"level":"info","message":"Starting rendering (child) request","meta":{"rootId":"4zki9gx4r3rw3lh","id":"21s05fls2i762nh"},"id":"8jm895n80pfl4s2","previousOperationId":"csky8vtru4na29l"}
{"type":"log","timestamp":1705343433946,"level":"info","message":"Rendering template { name: locations-header, recipe: chrome-pdf, engine: handlebars, preview: true }","meta":{"rootId":"4zki9gx4r3rw3lh","id":"21s05fls2i762nh"},"id":"yu2usdnhg8hyp1x","previousOperationId":"csky8vtru4na29l"}
{"type":"log","timestamp":1705343433948,"level":"debug","message":"Inline data specified.","meta":{"rootId":"4zki9gx4r3rw3lh","id":"21s05fls2i762nh"},"id":"8zqz29784vofdsb","previousOperationId":"csky8vtru4na29l"}
{"type":"log","timestamp":1705343433952,"level":"debug","message":"Base url not specified, skipping its injection.","meta":{"rootId":"4zki9gx4r3rw3lh","id":"21s05fls2i762nh"},"id":"ffdl0bx1z3p3wbp","previousOperationId":"csky8vtru4na29l"}
{"type":"operationStart","subtype":"engine","name":"handlebars","timestamp":1705343433953,"id":"faey51kpjnja95k","previousEventId":"uhx4t8oss6a1ewj","operationId":"z5ddq70gztnzha1","previousOperationId":"csky8vtru4na29l"}
{"type":"log","timestamp":1705343433953,"level":"debug","message":"Rendering engine handlebars","meta":{"rootId":"4zki9gx4r3rw3lh","id":"21s05fls2i762nh"},"id":"2upz1fy9ut9ci23","previousOperationId":"z5ddq70gztnzha1"}
{"type":"operationEnd","operationId":"z5ddq70gztnzha1","timestamp":1705343433972,"id":"4aj0uu8s32c7fni","previousEventId":"faey51kpjnja95k","previousOperationId":"z5ddq70gztnzha1"}
{"type":"operationStart","subtype":"recipe","name":"chrome-pdf","timestamp":1705343433972,"id":"dmkqghtthoi93zm","previousEventId":"4aj0uu8s32c7fni","operationId":"cvte0bz1fh83w28","previousOperationId":"z5ddq70gztnzha1"}
{"type":"log","timestamp":1705343433972,"level":"debug","message":"Executing recipe chrome-pdf","meta":{"rootId":"4zki9gx4r3rw3lh","id":"21s05fls2i762nh"},"id":"f26cvasjuxwlmxc","previousOperationId":"cvte0bz1fh83w28"}
{"type":"log","timestamp":1705343433974,"level":"debug","message":"Converting with chrome HeadlessChrome/117.0.5938.149 using chrome-pool strategy","meta":{"rootId":"4zki9gx4r3rw3lh","id":"21s05fls2i762nh"},"id":"w9n2ezfinfguhrq","previousOperationId":"cvte0bz1fh83w28"}
{"type":"log","timestamp":1705343434124,"level":"debug","message":"Page request: GET (document) file:///C:/Users/arida/AppData/Local/Temp/jsreport/autocleanup/598d6e02-807a-4792-9692-23abdd33983d-chrome-pdf.html","meta":{"rootId":"4zki9gx4r3rw3lh","id":"21s05fls2i762nh"},"id":"omf4mk4x0mejbcc","previousOperationId":"cvte0bz1fh83w28"}
{"type":"log","timestamp":1705343434137,"level":"debug","message":"Page request: GET (stylesheet) https://cdnjs.cloudflare.com/ajax/libs/metro/4.1.5/css/metro.min.css","meta":{"rootId":"4zki9gx4r3rw3lh","id":"21s05fls2i762nh"},"id":"qbdk2pvq6gefehw","previousOperationId":"cvte0bz1fh83w28"}
{"type":"log","timestamp":1705343434137,"level":"debug","message":"Page request finished: GET (document) 200 file:///C:/Users/arida/AppData/Local/Temp/jsreport/autocleanup/598d6e02-807a-4792-9692-23abdd33983d-chrome-pdf.html","meta":{"rootId":"4zki9gx4r3rw3lh","id":"21s05fls2i762nh"},"id":"3zobhgie6r5dmxo","previousOperationId":"cvte0bz1fh83w28"}
{"type":"log","timestamp":1705343434162,"level":"debug","message":"Page request finished: GET (stylesheet) 200 https://cdnjs.cloudflare.com/ajax/libs/metro/4.1.5/css/metro.min.css","meta":{"rootId":"4zki9gx4r3rw3lh","id":"21s05fls2i762nh"},"id":"it960v1ycjt9o38","previousOperationId":"cvte0bz1fh83w28"}
{"type":"log","timestamp":1705343434185,"level":"debug","message":"Running chrome with params {\"printBackground\":true,\"marginTop\":\"1.5cm\",\"marginRight\":\"1.5cm\",\"marginLeft\":\"1.cm\",\"timeout\":59633,\"margin\":{\"top\":\"1.5cm\",\"right\":\"1.5cm\",\"left\":\"1.cm\"}}","meta":{"rootId":"4zki9gx4r3rw3lh","id":"21s05fls2i762nh"},"id":"hcjv5cdltdn92t2","previousOperationId":"cvte0bz1fh83w28"}
{"type":"operationEnd","operationId":"cvte0bz1fh83w28","timestamp":1705343434222,"id":"iz2kzyv5vmdz4nm","previousEventId":"dmkqghtthoi93zm","previousOperationId":"cvte0bz1fh83w28"}
{"type":"log","timestamp":1705343434222,"level":"debug","message":"Skipping storing report.","meta":{"rootId":"4zki9gx4r3rw3lh","id":"21s05fls2i762nh"},"id":"y7c5k22xkuy7rpd","previousOperationId":"cvte0bz1fh83w28"}
{"type":"log","timestamp":1705343434222,"level":"info","message":"Rendering (child) request finished in 616 ms","meta":{"rootId":"4zki9gx4r3rw3lh","id":"21s05fls2i762nh"},"id":"7qr12kkniljjw89","previousOperationId":"cvte0bz1fh83w28"}
{"type":"operationEnd","subtype":"render","operationId":"csky8vtru4na29l","timestamp":1705343434222,"id":"6q495v0htv19zjg","previousEventId":"iz2kzyv5vmdz4nm","previousOperationId":"cvte0bz1fh83w28"}
{"type":"operationEnd","operationId":"niw1jhw0gfg2wvf","timestamp":1705343434229,"id":"jqdnp6mzz1p7van","previousEventId":"l9dvz5p9smbn8kf","previousOperationId":"niw1jhw0gfg2wvf"}
{"type":"log","timestamp":1705343434229,"level":"debug","message":"pdf-utils postproces start","meta":{"rootId":"4zki9gx4r3rw3lh","id":"4zki9gx4r3rw3lh"},"id":"mmtozblyb18wdta","previousOperationId":"niw1jhw0gfg2wvf"}
{"type":"log","timestamp":1705343434240,"level":"debug","message":"pdf-utils postproces end","meta":{"rootId":"4zki9gx4r3rw3lh","id":"4zki9gx4r3rw3lh"},"id":"v7feqbp9g2lryjr","previousOperationId":"niw1jhw0gfg2wvf"}
{"type":"operationEnd","operationId":"jizmvrr0l7gun22","timestamp":1705343434240,"id":"zgd5dnkuaq5kksp","previousEventId":"jqdnp6mzz1p7van","previousOperationId":"niw1jhw0gfg2wvf"}
{"type":"log","timestamp":1705343434240,"level":"info","message":"pdf-utils pdf processing was finished","meta":{"rootId":"4zki9gx4r3rw3lh","id":"4zki9gx4r3rw3lh"},"id":"nc3l7o4kmc39ymx","previousOperationId":"jizmvrr0l7gun22"}
{"type":"log","timestamp":1705343434240,"level":"debug","message":"Skipping storing report.","meta":{"rootId":"4zki9gx4r3rw3lh","id":"4zki9gx4r3rw3lh"},"id":"f3hopg58w40omyk","previousOperationId":"jizmvrr0l7gun22"}
{"type":"log","timestamp":1705343434240,"level":"info","message":"Rendering request 44 finished in 634 ms","meta":{"rootId":"4zki9gx4r3rw3lh","id":"4zki9gx4r3rw3lh"},"id":"pgrjf8ks26ow3xr","previousOperationId":"jizmvrr0l7gun22"}
{"type":"operationEnd","subtype":"render","operationId":"4pzq9jxf8l7nwtz","timestamp":1705343434240,"id":"80rh087z5veew0m","previousEventId":"zgd5dnkuaq5kksp","previousOperationId":"jizmvrr0l7gun22"}
{"type":"operationEnd","doDiffs":false,"previousEventId":"g76mxyacd4728nw","previousOperationId":"dyb3lz2lgkpp995","operationId":"dyb3lz2lgkpp995","timestamp":1705343434253,"id":"dldywe6za36vjzz"}
