{"type":"operationStart","subtype":"profile","data":{"_id":"JbbL6m70qDUx5PPm","timestamp":"2024-01-15T18:26:07.565Z","state":"queued","mode":"standard","creationDate":"2024-01-15T18:26:07.568Z","modificationDate":"2024-01-15T18:26:07.568Z","shortid":"-vK12di","$entitySet":"profiles"},"doDiffs":false,"timestamp":1705343167566,"id":"hpyogu7ibw9152l","previousOperationId":null,"operationId":"l5k2a727j0tcspy"}
{"type":"log","level":"info","message":"Render request 32 queued for execution and waiting for available worker","previousOperationId":"l5k2a727j0tcspy","timestamp":1705343167566,"id":"vx7qiop6c86t4qw"}
{"type":"operationStart","subtype":"render","name":"locations-main","previousOperationId":"l5k2a727j0tcspy","timestamp":1705343167581,"id":"qhp9nmyiyy95k12","previousEventId":"hpyogu7ibw9152l","operationId":"tn0ao8r7xrw9m6o"}
{"type":"log","timestamp":1705343167581,"level":"info","message":"Starting rendering request 32","meta":{"rootId":"5g9ar01utihej1b","id":"5g9ar01utihej1b"},"id":"zwlj1qckod6pvld","previousOperationId":"tn0ao8r7xrw9m6o"}
{"type":"log","timestamp":1705343167581,"level":"info","message":"Rendering template { name: locations-main, recipe: chrome-pdf, engine: handlebars, preview: true }","meta":{"rootId":"5g9ar01utihej1b","id":"5g9ar01utihej1b"},"id":"anzf3efhkgg7pec","previousOperationId":"tn0ao8r7xrw9m6o"}
{"type":"log","timestamp":1705343167582,"level":"debug","message":"Data item not defined for this template.","meta":{"rootId":"5g9ar01utihej1b","id":"5g9ar01utihej1b"},"id":"ew3l24fwhjpj78i","previousOperationId":"tn0ao8r7xrw9m6o"}
{"type":"log","timestamp":1705343167587,"level":"debug","message":"Executing script locations-script (beforeRender)","meta":{"rootId":"5g9ar01utihej1b","id":"5g9ar01utihej1b"},"id":"vl87iwxygbtoor3","previousOperationId":"tn0ao8r7xrw9m6o"}
{"type":"operationStart","subtype":"scriptsBeforeRender","name":"scripts beforeRender","timestamp":1705343167609,"id":"2urbjumm3kq4hdk","previousEventId":"qhp9nmyiyy95k12","operationId":"zlvx1vyox0vbtoa","previousOperationId":"tn0ao8r7xrw9m6o"}
{"type":"operationStart","subtype":"script","name":"scripts locations-script","previousOperationId":"zlvx1vyox0vbtoa","timestamp":1705343167609,"id":"ortnan05yw5hn00","previousEventId":"2urbjumm3kq4hdk","operationId":"4drtlthu4yr8huk"}
{"type":"operationEnd","operationId":"4drtlthu4yr8huk","timestamp":1705343167638,"id":"52ynrcuxcj1i72g","previousEventId":"qhp9nmyiyy95k12","previousOperationId":"tn0ao8r7xrw9m6o"}
{"type":"operationEnd","operationId":"zlvx1vyox0vbtoa","timestamp":1705343167639,"id":"iye177k9bql9r9o","previousEventId":"52ynrcuxcj1i72g","previousOperationId":"tn0ao8r7xrw9m6o"}
{"type":"log","timestamp":1705343167639,"level":"debug","message":"Base url not specified, skipping its injection.","meta":{"rootId":"5g9ar01utihej1b","id":"5g9ar01utihej1b"},"id":"k5rkpb0m7l4z85c","previousOperationId":"zlvx1vyox0vbtoa"}
{"type":"operationStart","subtype":"engine","name":"handlebars","timestamp":1705343167639,"id":"crctv3mxxup2d84","previousEventId":"iye177k9bql9r9o","operationId":"7yl3mwihvwz1oo1","previousOperationId":"zlvx1vyox0vbtoa"}
{"type":"log","timestamp":1705343167639,"level":"debug","message":"Rendering engine handlebars","meta":{"rootId":"5g9ar01utihej1b","id":"5g9ar01utihej1b"},"id":"jjrss7xxhqaeiy6","previousOperationId":"7yl3mwihvwz1oo1"}
{"type":"operationEnd","operationId":"7yl3mwihvwz1oo1","timestamp":1705343167669,"id":"93h6ekkjiguqu43","previousEventId":"crctv3mxxup2d84","previousOperationId":"7yl3mwihvwz1oo1"}
{"type":"operationStart","subtype":"recipe","name":"chrome-pdf","timestamp":1705343167669,"id":"0afjyhgqorw06me","previousEventId":"93h6ekkjiguqu43","operationId":"p13jer79hmp837p","previousOperationId":"7yl3mwihvwz1oo1"}
{"type":"log","timestamp":1705343167669,"level":"debug","message":"Executing recipe chrome-pdf","meta":{"rootId":"5g9ar01utihej1b","id":"5g9ar01utihej1b"},"id":"tyer0b5b89w40bg","previousOperationId":"p13jer79hmp837p"}
{"type":"log","timestamp":1705343167944,"level":"debug","message":"Converting with chrome HeadlessChrome/117.0.5938.149 using chrome-pool strategy","meta":{"rootId":"5g9ar01utihej1b","id":"5g9ar01utihej1b"},"id":"j7q766kjwf7u6gz","previousOperationId":"p13jer79hmp837p"}
{"type":"log","timestamp":1705343168187,"level":"debug","message":"Page request: GET (document) file:///C:/Users/arida/AppData/Local/Temp/jsreport/autocleanup/3566ca87-fa13-4cd2-9d58-4701e36c9832-chrome-pdf.html","meta":{"rootId":"5g9ar01utihej1b","id":"5g9ar01utihej1b"},"id":"l8cpumg18b4a63a","previousOperationId":"p13jer79hmp837p"}
{"type":"log","timestamp":1705343168199,"level":"debug","message":"Page request: GET (script) https://cdnjs.cloudflare.com/ajax/libs/Chart.js/2.7.2/Chart.min.js","meta":{"rootId":"5g9ar01utihej1b","id":"5g9ar01utihej1b"},"id":"5ki5mxlx9o2yb83","previousOperationId":"p13jer79hmp837p"}
{"type":"log","timestamp":1705343168200,"level":"debug","message":"Page request finished: GET (document) 200 file:///C:/Users/arida/AppData/Local/Temp/jsreport/autocleanup/3566ca87-fa13-4cd2-9d58-4701e36c9832-chrome-pdf.html","meta":{"rootId":"5g9ar01utihej1b","id":"5g9ar01utihej1b"},"id":"sq30r86arbv3w5x","previousOperationId":"p13jer79hmp837p"}
{"type":"log","timestamp":1705343168409,"level":"debug","message":"Page request finished: GET (script) 200 https://cdnjs.cloudflare.com/ajax/libs/Chart.js/2.7.2/Chart.min.js","meta":{"rootId":"5g9ar01utihej1b","id":"5g9ar01utihej1b"},"id":"0vrq0eygsnm520s","previousOperationId":"p13jer79hmp837p"}
{"type":"log","timestamp":1705343168424,"level":"warn","message":"Page error: Unexpected token ';' , stack: SyntaxError: Unexpected token ';'","meta":{"rootId":"5g9ar01utihej1b","id":"5g9ar01utihej1b"},"id":"gar9cdh8domtj9s","previousOperationId":"p13jer79hmp837p"}
{"type":"log","timestamp":1705343168441,"level":"debug","message":"Running chrome with params {\"printBackground\":true,\"marginTop\":\"4cm\",\"marginRight\":\"1.5cm\",\"marginBottom\":\"1.5cm\",\"marginLeft\":\"1.5cm\",\"waitForJS\":false,\"timeout\":59890,\"margin\":{\"top\":\"4cm\",\"right\":\"1.5cm\",\"bottom\":\"1.5cm\",\"left\":\"1.5cm\"}}","meta":{"rootId":"5g9ar01utihej1b","id":"5g9ar01utihej1b"},"id":"j4ho5nv42gyqfa8","previousOperationId":"p13jer79hmp837p"}
{"type":"operationEnd","operationId":"p13jer79hmp837p","timestamp":1705343168493,"id":"xbp65aw874f7gck","previousEventId":"0afjyhgqorw06me","previousOperationId":"p13jer79hmp837p"}
{"type":"log","timestamp":1705343168493,"level":"info","message":"pdf-utils is starting pdf processing","meta":{"rootId":"5g9ar01utihej1b","id":"5g9ar01utihej1b"},"id":"a1f0ui4pqy9slb0","previousOperationId":"p13jer79hmp837p"}
{"type":"operationStart","subtype":"pdfUtils","name":"pdf utils","timestamp":1705343168493,"id":"l1515ek6krq4nis","previousEventId":"xbp65aw874f7gck","operationId":"pbc6kf8iyefv1y8","previousOperationId":"p13jer79hmp837p"}
{"type":"log","timestamp":1705343168493,"level":"debug","message":"pdf-utils detected 1 pdf operation(s) to process","meta":{"rootId":"5g9ar01utihej1b","id":"5g9ar01utihej1b"},"id":"6hnz7uv26xzsnss","previousOperationId":"pbc6kf8iyefv1y8"}
{"type":"log","timestamp":1705343168535,"level":"debug","message":"pdf-utils running pdf operation merge","meta":{"rootId":"5g9ar01utihej1b","id":"5g9ar01utihej1b"},"id":"n5u4xf23xtzht77","previousOperationId":"pbc6kf8iyefv1y8"}
{"type":"operationStart","subtype":"pdfUtilsMerge","name":"pdf utils merge","previousOperationId":"pbc6kf8iyefv1y8","timestamp":1705343168535,"id":"wjs9mrkchqtnd28","previousEventId":"l1515ek6krq4nis","operationId":"svileucyrqbuazv"}
{"type":"operationStart","subtype":"render","name":"locations-header","previousOperationId":"svileucyrqbuazv","timestamp":1705343168536,"id":"smivaiyr6jn9p9d","previousEventId":"wjs9mrkchqtnd28","operationId":"momyiuzi5fpd34o"}
{"type":"log","timestamp":1705343168536,"level":"info","message":"Starting rendering (child) request","meta":{"rootId":"5g9ar01utihej1b","id":"5ikvr1tjtw23121"},"id":"vcsfihu6mp0mk0h","previousOperationId":"momyiuzi5fpd34o"}
{"type":"log","timestamp":1705343168536,"level":"info","message":"Rendering template { name: locations-header, recipe: chrome-pdf, engine: handlebars, preview: true }","meta":{"rootId":"5g9ar01utihej1b","id":"5ikvr1tjtw23121"},"id":"dxg258ocj76pc7q","previousOperationId":"momyiuzi5fpd34o"}
{"type":"log","timestamp":1705343168537,"level":"debug","message":"Inline data specified.","meta":{"rootId":"5g9ar01utihej1b","id":"5ikvr1tjtw23121"},"id":"d1dt10x9hdb0ab0","previousOperationId":"momyiuzi5fpd34o"}
{"type":"log","timestamp":1705343168540,"level":"debug","message":"Base url not specified, skipping its injection.","meta":{"rootId":"5g9ar01utihej1b","id":"5ikvr1tjtw23121"},"id":"018iyxhyivlp9wi","previousOperationId":"momyiuzi5fpd34o"}
{"type":"operationStart","subtype":"engine","name":"handlebars","timestamp":1705343168540,"id":"szixs24137k29at","previousEventId":"smivaiyr6jn9p9d","operationId":"dnnl1ixf62j1fgl","previousOperationId":"momyiuzi5fpd34o"}
{"type":"log","timestamp":1705343168540,"level":"debug","message":"Rendering engine handlebars","meta":{"rootId":"5g9ar01utihej1b","id":"5ikvr1tjtw23121"},"id":"3ageejuaddseh0b","previousOperationId":"dnnl1ixf62j1fgl"}
{"type":"operationEnd","operationId":"dnnl1ixf62j1fgl","timestamp":1705343168569,"id":"bzkmq2dobmjb51k","previousEventId":"szixs24137k29at","previousOperationId":"dnnl1ixf62j1fgl"}
{"type":"operationStart","subtype":"recipe","name":"chrome-pdf","timestamp":1705343168569,"id":"3p80hrekjjxp17b","previousEventId":"bzkmq2dobmjb51k","operationId":"pd8zhnh4zpfxmlz","previousOperationId":"dnnl1ixf62j1fgl"}
{"type":"log","timestamp":1705343168569,"level":"debug","message":"Executing recipe chrome-pdf","meta":{"rootId":"5g9ar01utihej1b","id":"5ikvr1tjtw23121"},"id":"2upqi0p3jn80qq2","previousOperationId":"pd8zhnh4zpfxmlz"}
{"type":"log","timestamp":1705343168571,"level":"debug","message":"Converting with chrome HeadlessChrome/117.0.5938.149 using chrome-pool strategy","meta":{"rootId":"5g9ar01utihej1b","id":"5ikvr1tjtw23121"},"id":"mnw3ikbloa6vk9j","previousOperationId":"pd8zhnh4zpfxmlz"}
{"type":"log","timestamp":1705343168708,"level":"debug","message":"Page request: GET (document) file:///C:/Users/arida/AppData/Local/Temp/jsreport/autocleanup/1a5dafde-993c-4d6f-a238-7be7e3be4b77-chrome-pdf.html","meta":{"rootId":"5g9ar01utihej1b","id":"5ikvr1tjtw23121"},"id":"1m8w3wu05ks17jc","previousOperationId":"pd8zhnh4zpfxmlz"}
{"type":"log","timestamp":1705343168719,"level":"debug","message":"Page request: GET (stylesheet) https://cdnjs.cloudflare.com/ajax/libs/metro/4.1.5/css/metro.min.css","meta":{"rootId":"5g9ar01utihej1b","id":"5ikvr1tjtw23121"},"id":"obotb4stc001egv","previousOperationId":"pd8zhnh4zpfxmlz"}
{"type":"log","timestamp":1705343168720,"level":"debug","message":"Page request finished: GET (document) 200 file:///C:/Users/arida/AppData/Local/Temp/jsreport/autocleanup/1a5dafde-993c-4d6f-a238-7be7e3be4b77-chrome-pdf.html","meta":{"rootId":"5g9ar01utihej1b","id":"5ikvr1tjtw23121"},"id":"h7ynudxayzrei0r","previousOperationId":"pd8zhnh4zpfxmlz"}
{"type":"log","timestamp":1705343168805,"level":"debug","message":"Page request finished: GET (stylesheet) 200 https://cdnjs.cloudflare.com/ajax/libs/metro/4.1.5/css/metro.min.css","meta":{"rootId":"5g9ar01utihej1b","id":"5ikvr1tjtw23121"},"id":"gxt43le6n3homwa","previousOperationId":"pd8zhnh4zpfxmlz"}
{"type":"log","timestamp":1705343168830,"level":"debug","message":"Running chrome with params {\"printBackground\":true,\"marginTop\":\"1.5cm\",\"marginRight\":\"1.5cm\",\"marginLeft\":\"1.cm\",\"timeout\":58993,\"margin\":{\"top\":\"1.5cm\",\"right\":\"1.5cm\",\"left\":\"1.cm\"}}","meta":{"rootId":"5g9ar01utihej1b","id":"5ikvr1tjtw23121"},"id":"my595q3nrilszsi","previousOperationId":"pd8zhnh4zpfxmlz"}
{"type":"operationEnd","operationId":"pd8zhnh4zpfxmlz","timestamp":1705343168874,"id":"0sq28fhptt80qwr","previousEventId":"3p80hrekjjxp17b","previousOperationId":"pd8zhnh4zpfxmlz"}
{"type":"log","timestamp":1705343168874,"level":"debug","message":"Skipping storing report.","meta":{"rootId":"5g9ar01utihej1b","id":"5ikvr1tjtw23121"},"id":"eoq9j0vq6a3t8ql","previousOperationId":"pd8zhnh4zpfxmlz"}
{"type":"log","timestamp":1705343168874,"level":"info","message":"Rendering (child) request finished in 1310 ms","meta":{"rootId":"5g9ar01utihej1b","id":"5ikvr1tjtw23121"},"id":"415gs5dmf4f3xnx","previousOperationId":"pd8zhnh4zpfxmlz"}
{"type":"operationEnd","subtype":"render","operationId":"momyiuzi5fpd34o","timestamp":1705343168874,"id":"8pxll43qcade47l","previousEventId":"0sq28fhptt80qwr","previousOperationId":"pd8zhnh4zpfxmlz"}
{"type":"operationEnd","operationId":"svileucyrqbuazv","timestamp":1705343168892,"id":"yzepi87eigvv1x0","previousEventId":"wjs9mrkchqtnd28","previousOperationId":"svileucyrqbuazv"}
{"type":"log","timestamp":1705343168892,"level":"debug","message":"pdf-utils postproces start","meta":{"rootId":"5g9ar01utihej1b","id":"5g9ar01utihej1b"},"id":"el2zetngoy2n4yy","previousOperationId":"svileucyrqbuazv"}
{"type":"log","timestamp":1705343168906,"level":"debug","message":"pdf-utils postproces end","meta":{"rootId":"5g9ar01utihej1b","id":"5g9ar01utihej1b"},"id":"gsru4rbggopynmj","previousOperationId":"svileucyrqbuazv"}
{"type":"operationEnd","operationId":"pbc6kf8iyefv1y8","timestamp":1705343168906,"id":"yg6a1rwhs4w9tpw","previousEventId":"yzepi87eigvv1x0","previousOperationId":"svileucyrqbuazv"}
{"type":"log","timestamp":1705343168906,"level":"info","message":"pdf-utils pdf processing was finished","meta":{"rootId":"5g9ar01utihej1b","id":"5g9ar01utihej1b"},"id":"j4rf85clthycdui","previousOperationId":"pbc6kf8iyefv1y8"}
{"type":"log","timestamp":1705343168906,"level":"debug","message":"Skipping storing report.","meta":{"rootId":"5g9ar01utihej1b","id":"5g9ar01utihej1b"},"id":"4pndy5y8by0i2aa","previousOperationId":"pbc6kf8iyefv1y8"}
{"type":"log","timestamp":1705343168906,"level":"info","message":"Rendering request 32 finished in 1342 ms","meta":{"rootId":"5g9ar01utihej1b","id":"5g9ar01utihej1b"},"id":"8d817kg4i1huptc","previousOperationId":"pbc6kf8iyefv1y8"}
{"type":"operationEnd","subtype":"render","operationId":"tn0ao8r7xrw9m6o","timestamp":1705343168906,"id":"zw69zz1f2u7ai18","previousEventId":"yg6a1rwhs4w9tpw","previousOperationId":"pbc6kf8iyefv1y8"}
{"type":"operationEnd","doDiffs":false,"previousEventId":"hpyogu7ibw9152l","previousOperationId":"l5k2a727j0tcspy","operationId":"l5k2a727j0tcspy","timestamp":1705343168916,"id":"2058obdnqhfcwio"}
