{"type":"operationStart","subtype":"profile","data":{"_id":"1EcdTrOOM1EzOdzd","timestamp":"2024-01-15T18:27:10.550Z","state":"queued","mode":"standard","creationDate":"2024-01-15T18:27:10.552Z","modificationDate":"2024-01-15T18:27:10.552Z","shortid":"UNu7DJS","$entitySet":"profiles"},"doDiffs":false,"timestamp":1705343230551,"id":"81cop1jxp0jrevz","previousOperationId":null,"operationId":"8lx28r5q6fw4qjq"}
{"type":"log","level":"info","message":"Render request 33 queued for execution and waiting for available worker","previousOperationId":"8lx28r5q6fw4qjq","timestamp":1705343230551,"id":"gouyg3jsfiymcq7"}
{"type":"operationStart","subtype":"render","name":"locations-main","previousOperationId":"8lx28r5q6fw4qjq","timestamp":1705343230565,"id":"46xwa5wyumjhqq9","previousEventId":"81cop1jxp0jrevz","operationId":"d3e7zjgkrsvjmyz"}
{"type":"log","timestamp":1705343230565,"level":"info","message":"Starting rendering request 33","meta":{"rootId":"6cafsecg08nnpw5","id":"6cafsecg08nnpw5"},"id":"dlj35x1ghjt2vhu","previousOperationId":"d3e7zjgkrsvjmyz"}
{"type":"log","timestamp":1705343230565,"level":"info","message":"Rendering template { name: locations-main, recipe: chrome-pdf, engine: handlebars, preview: true }","meta":{"rootId":"6cafsecg08nnpw5","id":"6cafsecg08nnpw5"},"id":"4rs176ainm6kggt","previousOperationId":"d3e7zjgkrsvjmyz"}
{"type":"log","timestamp":1705343230567,"level":"debug","message":"Data item not defined for this template.","meta":{"rootId":"6cafsecg08nnpw5","id":"6cafsecg08nnpw5"},"id":"rrc7n94zjxypgv8","previousOperationId":"d3e7zjgkrsvjmyz"}
{"type":"log","timestamp":1705343230569,"level":"debug","message":"Executing script locations-script (beforeRender)","meta":{"rootId":"6cafsecg08nnpw5","id":"6cafsecg08nnpw5"},"id":"qugz43jw940bx9z","previousOperationId":"d3e7zjgkrsvjmyz"}
{"type":"operationStart","subtype":"scriptsBeforeRender","name":"scripts beforeRender","timestamp":1705343230585,"id":"kwk4mjdd025ecuu","previousEventId":"46xwa5wyumjhqq9","operationId":"6ezwr1wr0695wve","previousOperationId":"d3e7zjgkrsvjmyz"}
{"type":"operationStart","subtype":"script","name":"scripts locations-script","previousOperationId":"6ezwr1wr0695wve","timestamp":1705343230585,"id":"mvys3yzc1ubw1y8","previousEventId":"kwk4mjdd025ecuu","operationId":"oqwqj37kawzo80f"}
{"type":"operationEnd","operationId":"oqwqj37kawzo80f","timestamp":1705343230605,"id":"hn0w1udw42uqclo","previousEventId":"46xwa5wyumjhqq9","previousOperationId":"d3e7zjgkrsvjmyz"}
{"type":"operationEnd","operationId":"6ezwr1wr0695wve","timestamp":1705343230605,"id":"gk0t8kfpnfdzko4","previousEventId":"hn0w1udw42uqclo","previousOperationId":"d3e7zjgkrsvjmyz"}
{"type":"log","timestamp":1705343230605,"level":"debug","message":"Base url not specified, skipping its injection.","meta":{"rootId":"6cafsecg08nnpw5","id":"6cafsecg08nnpw5"},"id":"zch2cl2h8uxct96","previousOperationId":"6ezwr1wr0695wve"}
{"type":"operationStart","subtype":"engine","name":"handlebars","timestamp":1705343230605,"id":"bwcu60w1pydybg2","previousEventId":"gk0t8kfpnfdzko4","operationId":"lxbt8vuy5e84g85","previousOperationId":"6ezwr1wr0695wve"}
{"type":"log","timestamp":1705343230605,"level":"debug","message":"Rendering engine handlebars","meta":{"rootId":"6cafsecg08nnpw5","id":"6cafsecg08nnpw5"},"id":"8bwdoxx9uxqohg0","previousOperationId":"lxbt8vuy5e84g85"}
{"type":"operationEnd","operationId":"lxbt8vuy5e84g85","timestamp":1705343230623,"id":"x1kvgfv0fkh9b3q","previousEventId":"bwcu60w1pydybg2","previousOperationId":"lxbt8vuy5e84g85"}
{"type":"operationStart","subtype":"recipe","name":"chrome-pdf","timestamp":1705343230623,"id":"qjakseyoyl65hld","previousEventId":"x1kvgfv0fkh9b3q","operationId":"dax5xj6v1ujre9f","previousOperationId":"lxbt8vuy5e84g85"}
{"type":"log","timestamp":1705343230623,"level":"debug","message":"Executing recipe chrome-pdf","meta":{"rootId":"6cafsecg08nnpw5","id":"6cafsecg08nnpw5"},"id":"qmflc6m8cqiza8w","previousOperationId":"dax5xj6v1ujre9f"}
{"type":"log","timestamp":1705343230629,"level":"debug","message":"Converting with chrome HeadlessChrome/117.0.5938.149 using chrome-pool strategy","meta":{"rootId":"6cafsecg08nnpw5","id":"6cafsecg08nnpw5"},"id":"2v4kn72oyxw0nsf","previousOperationId":"dax5xj6v1ujre9f"}
{"type":"log","timestamp":1705343230777,"level":"debug","message":"Page request: GET (document) file:///C:/Users/arida/AppData/Local/Temp/jsreport/autocleanup/00ba27a4-9a94-4e8e-af3a-887c71cc5a32-chrome-pdf.html","meta":{"rootId":"6cafsecg08nnpw5","id":"6cafsecg08nnpw5"},"id":"xqamv34rte6qdsc","previousOperationId":"dax5xj6v1ujre9f"}
{"type":"log","timestamp":1705343230815,"level":"debug","message":"Page request finished: GET (document) 200 file:///C:/Users/arida/AppData/Local/Temp/jsreport/autocleanup/00ba27a4-9a94-4e8e-af3a-887c71cc5a32-chrome-pdf.html","meta":{"rootId":"6cafsecg08nnpw5","id":"6cafsecg08nnpw5"},"id":"nghnvwi28osx9l3","previousOperationId":"dax5xj6v1ujre9f"}
{"type":"log","timestamp":1705343230816,"level":"debug","message":"Page request: GET (script) https://cdnjs.cloudflare.com/ajax/libs/Chart.js/2.7.2/Chart.min.js","meta":{"rootId":"6cafsecg08nnpw5","id":"6cafsecg08nnpw5"},"id":"wbo0awf2zxohaif","previousOperationId":"dax5xj6v1ujre9f"}
{"type":"log","timestamp":1705343230831,"level":"debug","message":"Page request finished: GET (script) 200 https://cdnjs.cloudflare.com/ajax/libs/Chart.js/2.7.2/Chart.min.js","meta":{"rootId":"6cafsecg08nnpw5","id":"6cafsecg08nnpw5"},"id":"dtb9uplg5qwmqth","previousOperationId":"dax5xj6v1ujre9f"}
{"type":"log","timestamp":1705343230848,"level":"warn","message":"Page error: Unexpected token ';' , stack: SyntaxError: Unexpected token ';'","meta":{"rootId":"6cafsecg08nnpw5","id":"6cafsecg08nnpw5"},"id":"fee1q66ma2u0drb","previousOperationId":"dax5xj6v1ujre9f"}
{"type":"log","timestamp":1705343230867,"level":"debug","message":"Running chrome with params {\"printBackground\":true,\"marginTop\":\"4cm\",\"marginRight\":\"1.5cm\",\"marginBottom\":\"1.5cm\",\"marginLeft\":\"1.5cm\",\"waitForJS\":false,\"timeout\":59922,\"margin\":{\"top\":\"4cm\",\"right\":\"1.5cm\",\"bottom\":\"1.5cm\",\"left\":\"1.5cm\"}}","meta":{"rootId":"6cafsecg08nnpw5","id":"6cafsecg08nnpw5"},"id":"tt12mvk3odptbml","previousOperationId":"dax5xj6v1ujre9f"}
{"type":"operationEnd","operationId":"dax5xj6v1ujre9f","timestamp":1705343230919,"id":"zb8qmthlj6mqp18","previousEventId":"qjakseyoyl65hld","previousOperationId":"dax5xj6v1ujre9f"}
{"type":"log","timestamp":1705343230919,"level":"info","message":"pdf-utils is starting pdf processing","meta":{"rootId":"6cafsecg08nnpw5","id":"6cafsecg08nnpw5"},"id":"4k0u6v31oktzlda","previousOperationId":"dax5xj6v1ujre9f"}
{"type":"operationStart","subtype":"pdfUtils","name":"pdf utils","timestamp":1705343230919,"id":"uoxuod5x4w88xlz","previousEventId":"zb8qmthlj6mqp18","operationId":"z2hj46w3owtt22x","previousOperationId":"dax5xj6v1ujre9f"}
{"type":"log","timestamp":1705343230919,"level":"debug","message":"pdf-utils detected 1 pdf operation(s) to process","meta":{"rootId":"6cafsecg08nnpw5","id":"6cafsecg08nnpw5"},"id":"gw3q3d8lvws3sjq","previousOperationId":"z2hj46w3owtt22x"}
{"type":"log","timestamp":1705343230934,"level":"debug","message":"pdf-utils running pdf operation merge","meta":{"rootId":"6cafsecg08nnpw5","id":"6cafsecg08nnpw5"},"id":"v8vj21dr67llxck","previousOperationId":"z2hj46w3owtt22x"}
{"type":"operationStart","subtype":"pdfUtilsMerge","name":"pdf utils merge","previousOperationId":"z2hj46w3owtt22x","timestamp":1705343230934,"id":"ch4wx14snm5ocfo","previousEventId":"uoxuod5x4w88xlz","operationId":"cu26apw6qce61bu"}
{"type":"operationStart","subtype":"render","name":"locations-header","previousOperationId":"cu26apw6qce61bu","timestamp":1705343230935,"id":"x3yu9o3kdcn97ya","previousEventId":"ch4wx14snm5ocfo","operationId":"7bdcygefgmixxg8"}
{"type":"log","timestamp":1705343230935,"level":"info","message":"Starting rendering (child) request","meta":{"rootId":"6cafsecg08nnpw5","id":"atoiwro9wpzg093"},"id":"y2dt3g75m2ui45p","previousOperationId":"7bdcygefgmixxg8"}
{"type":"log","timestamp":1705343230935,"level":"info","message":"Rendering template { name: locations-header, recipe: chrome-pdf, engine: handlebars, preview: true }","meta":{"rootId":"6cafsecg08nnpw5","id":"atoiwro9wpzg093"},"id":"m60o60h2q23hh9d","previousOperationId":"7bdcygefgmixxg8"}
{"type":"log","timestamp":1705343230936,"level":"debug","message":"Inline data specified.","meta":{"rootId":"6cafsecg08nnpw5","id":"atoiwro9wpzg093"},"id":"mejr53yvdmtkjm3","previousOperationId":"7bdcygefgmixxg8"}
{"type":"log","timestamp":1705343230940,"level":"debug","message":"Base url not specified, skipping its injection.","meta":{"rootId":"6cafsecg08nnpw5","id":"atoiwro9wpzg093"},"id":"8vpa0jbg8392l0r","previousOperationId":"7bdcygefgmixxg8"}
{"type":"operationStart","subtype":"engine","name":"handlebars","timestamp":1705343230940,"id":"bfthai3wg1qrh81","previousEventId":"x3yu9o3kdcn97ya","operationId":"17rt1z23qoehjot","previousOperationId":"7bdcygefgmixxg8"}
{"type":"log","timestamp":1705343230940,"level":"debug","message":"Rendering engine handlebars","meta":{"rootId":"6cafsecg08nnpw5","id":"atoiwro9wpzg093"},"id":"u68ikqts5pbt7sk","previousOperationId":"17rt1z23qoehjot"}
{"type":"operationEnd","operationId":"17rt1z23qoehjot","timestamp":1705343230967,"id":"mfhy8plw7nwffua","previousEventId":"bfthai3wg1qrh81","previousOperationId":"17rt1z23qoehjot"}
{"type":"operationStart","subtype":"recipe","name":"chrome-pdf","timestamp":1705343230967,"id":"qttgkff5p4k01lc","previousEventId":"mfhy8plw7nwffua","operationId":"80owhuuwr4jsoo3","previousOperationId":"17rt1z23qoehjot"}
{"type":"log","timestamp":1705343230967,"level":"debug","message":"Executing recipe chrome-pdf","meta":{"rootId":"6cafsecg08nnpw5","id":"atoiwro9wpzg093"},"id":"nbisaps5ezbhunc","previousOperationId":"80owhuuwr4jsoo3"}
{"type":"log","timestamp":1705343230969,"level":"debug","message":"Converting with chrome HeadlessChrome/117.0.5938.149 using chrome-pool strategy","meta":{"rootId":"6cafsecg08nnpw5","id":"atoiwro9wpzg093"},"id":"59f9ejf3ksxkkiu","previousOperationId":"80owhuuwr4jsoo3"}
{"type":"log","timestamp":1705343231106,"level":"debug","message":"Page request: GET (document) file:///C:/Users/arida/AppData/Local/Temp/jsreport/autocleanup/03b09a5d-04db-451b-96ab-8739b3deeb0a-chrome-pdf.html","meta":{"rootId":"6cafsecg08nnpw5","id":"atoiwro9wpzg093"},"id":"hrrthke0qzv3zh3","previousOperationId":"80owhuuwr4jsoo3"}
{"type":"log","timestamp":1705343231122,"level":"debug","message":"Page request finished: GET (document) 200 file:///C:/Users/arida/AppData/Local/Temp/jsreport/autocleanup/03b09a5d-04db-451b-96ab-8739b3deeb0a-chrome-pdf.html","meta":{"rootId":"6cafsecg08nnpw5","id":"atoiwro9wpzg093"},"id":"thy8bxt43yjat8k","previousOperationId":"80owhuuwr4jsoo3"}
{"type":"log","timestamp":1705343231122,"level":"debug","message":"Page request: GET (stylesheet) https://cdnjs.cloudflare.com/ajax/libs/metro/4.1.5/css/metro.min.css","meta":{"rootId":"6cafsecg08nnpw5","id":"atoiwro9wpzg093"},"id":"itnc06obvopokh6","previousOperationId":"80owhuuwr4jsoo3"}
{"type":"log","timestamp":1705343231155,"level":"debug","message":"Page request finished: GET (stylesheet) 200 https://cdnjs.cloudflare.com/ajax/libs/metro/4.1.5/css/metro.min.css","meta":{"rootId":"6cafsecg08nnpw5","id":"atoiwro9wpzg093"},"id":"mmb3sihow1unif1","previousOperationId":"80owhuuwr4jsoo3"}
{"type":"log","timestamp":1705343231186,"level":"debug","message":"Running chrome with params {\"printBackground\":true,\"marginTop\":\"1.5cm\",\"marginRight\":\"1.5cm\",\"marginLeft\":\"1.cm\",\"timeout\":59580,\"margin\":{\"top\":\"1.5cm\",\"right\":\"1.5cm\",\"left\":\"1.cm\"}}","meta":{"rootId":"6cafsecg08nnpw5","id":"atoiwro9wpzg093"},"id":"vp6q2r4urxba6e8","previousOperationId":"80owhuuwr4jsoo3"}
{"type":"operationEnd","operationId":"80owhuuwr4jsoo3","timestamp":1705343231242,"id":"enq0p9i8sce26pm","previousEventId":"qttgkff5p4k01lc","previousOperationId":"80owhuuwr4jsoo3"}
{"type":"log","timestamp":1705343231243,"level":"debug","message":"Skipping storing report.","meta":{"rootId":"6cafsecg08nnpw5","id":"atoiwro9wpzg093"},"id":"a0jaa5sg2utev3o","previousOperationId":"80owhuuwr4jsoo3"}
{"type":"log","timestamp":1705343231243,"level":"info","message":"Rendering (child) request finished in 694 ms","meta":{"rootId":"6cafsecg08nnpw5","id":"atoiwro9wpzg093"},"id":"uijc5hws4wab3yq","previousOperationId":"80owhuuwr4jsoo3"}
{"type":"operationEnd","subtype":"render","operationId":"7bdcygefgmixxg8","timestamp":1705343231243,"id":"2vn3jzb2dh1o3nk","previousEventId":"enq0p9i8sce26pm","previousOperationId":"80owhuuwr4jsoo3"}
{"type":"operationEnd","operationId":"cu26apw6qce61bu","timestamp":1705343231255,"id":"jevtbycnsalczbg","previousEventId":"ch4wx14snm5ocfo","previousOperationId":"cu26apw6qce61bu"}
{"type":"log","timestamp":1705343231255,"level":"debug","message":"pdf-utils postproces start","meta":{"rootId":"6cafsecg08nnpw5","id":"6cafsecg08nnpw5"},"id":"b0n45caprj0lqvl","previousOperationId":"cu26apw6qce61bu"}
{"type":"log","timestamp":1705343231267,"level":"debug","message":"pdf-utils postproces end","meta":{"rootId":"6cafsecg08nnpw5","id":"6cafsecg08nnpw5"},"id":"ocpbchywg56750c","previousOperationId":"cu26apw6qce61bu"}
{"type":"operationEnd","operationId":"z2hj46w3owtt22x","timestamp":1705343231267,"id":"le26msp9k7riesp","previousEventId":"jevtbycnsalczbg","previousOperationId":"cu26apw6qce61bu"}
{"type":"log","timestamp":1705343231267,"level":"info","message":"pdf-utils pdf processing was finished","meta":{"rootId":"6cafsecg08nnpw5","id":"6cafsecg08nnpw5"},"id":"graa2hna4rajc02","previousOperationId":"z2hj46w3owtt22x"}
{"type":"log","timestamp":1705343231267,"level":"debug","message":"Skipping storing report.","meta":{"rootId":"6cafsecg08nnpw5","id":"6cafsecg08nnpw5"},"id":"zfwnb7pd57ph74x","previousOperationId":"z2hj46w3owtt22x"}
{"type":"log","timestamp":1705343231267,"level":"info","message":"Rendering request 33 finished in 718 ms","meta":{"rootId":"6cafsecg08nnpw5","id":"6cafsecg08nnpw5"},"id":"0qvrziqv1616194","previousOperationId":"z2hj46w3owtt22x"}
{"type":"operationEnd","subtype":"render","operationId":"d3e7zjgkrsvjmyz","timestamp":1705343231267,"id":"lagr277yj5stih5","previousEventId":"le26msp9k7riesp","previousOperationId":"z2hj46w3owtt22x"}
{"type":"operationEnd","doDiffs":false,"previousEventId":"81cop1jxp0jrevz","previousOperationId":"8lx28r5q6fw4qjq","operationId":"8lx28r5q6fw4qjq","timestamp":1705343231281,"id":"ae4l2bujwsegf6a"}
