{"type":"operationStart","subtype":"profile","data":{"_id":"hsJ8Aj29wjkCM4cr","timestamp":"2024-01-15T18:33:10.759Z","state":"queued","mode":"standard","creationDate":"2024-01-15T18:33:10.763Z","modificationDate":"2024-01-15T18:33:10.763Z","shortid":"GxKcP_8","$entitySet":"profiles"},"doDiffs":false,"timestamp":1705343590761,"id":"hq2ok42x2nn31n9","previousOperationId":null,"operationId":"9g2l8sktwfsac2f"}
{"type":"log","level":"info","message":"Render request 48 queued for execution and waiting for available worker","previousOperationId":"9g2l8sktwfsac2f","timestamp":1705343590761,"id":"t3emfkoh2810xy5"}
{"type":"operationStart","subtype":"render","name":"locations-main","previousOperationId":"9g2l8sktwfsac2f","timestamp":1705343590769,"id":"r8u4g31ll7f28i4","previousEventId":"hq2ok42x2nn31n9","operationId":"skm6pz0p5r24r0o"}
{"type":"log","timestamp":1705343590769,"level":"info","message":"Starting rendering request 48","meta":{"rootId":"6lsm85igw1bfcup","id":"6lsm85igw1bfcup"},"id":"wyxb4ogq6i813v9","previousOperationId":"skm6pz0p5r24r0o"}
{"type":"log","timestamp":1705343590769,"level":"info","message":"Rendering template { name: locations-main, recipe: chrome-pdf, engine: handlebars, preview: false }","meta":{"rootId":"6lsm85igw1bfcup","id":"6lsm85igw1bfcup"},"id":"073izj9y7buie5k","previousOperationId":"skm6pz0p5r24r0o"}
{"type":"log","timestamp":1705343590770,"level":"debug","message":"Data item not defined for this template.","meta":{"rootId":"6lsm85igw1bfcup","id":"6lsm85igw1bfcup"},"id":"vgmou55u1xeahhy","previousOperationId":"skm6pz0p5r24r0o"}
{"type":"log","timestamp":1705343590776,"level":"debug","message":"Executing script locations-script (beforeRender)","meta":{"rootId":"6lsm85igw1bfcup","id":"6lsm85igw1bfcup"},"id":"b6cklsvd87ugzvv","previousOperationId":"skm6pz0p5r24r0o"}
{"type":"operationStart","subtype":"scriptsBeforeRender","name":"scripts beforeRender","timestamp":1705343590785,"id":"ud7o8yzxxyz8gix","previousEventId":"r8u4g31ll7f28i4","operationId":"oor96lkigvmala8","previousOperationId":"skm6pz0p5r24r0o"}
{"type":"operationStart","subtype":"script","name":"scripts locations-script","previousOperationId":"oor96lkigvmala8","timestamp":1705343590785,"id":"kciszah7g8vhrri","previousEventId":"ud7o8yzxxyz8gix","operationId":"g1zuofu7upcboeg"}
{"type":"operationEnd","operationId":"g1zuofu7upcboeg","timestamp":1705343590801,"id":"gobi0sp1xmjhoxm","previousEventId":"r8u4g31ll7f28i4","previousOperationId":"skm6pz0p5r24r0o"}
{"type":"operationEnd","operationId":"oor96lkigvmala8","timestamp":1705343590801,"id":"ml49bt1hhpoft0c","previousEventId":"gobi0sp1xmjhoxm","previousOperationId":"skm6pz0p5r24r0o"}
{"type":"log","timestamp":1705343590801,"level":"debug","message":"Base url not specified, skipping its injection.","meta":{"rootId":"6lsm85igw1bfcup","id":"6lsm85igw1bfcup"},"id":"fgevetgkj840jf5","previousOperationId":"oor96lkigvmala8"}
{"type":"operationStart","subtype":"engine","name":"handlebars","timestamp":1705343590801,"id":"90xgx6sgqotgrnw","previousEventId":"ml49bt1hhpoft0c","operationId":"w7ee7xw25j8eb3i","previousOperationId":"oor96lkigvmala8"}
{"type":"log","timestamp":1705343590801,"level":"debug","message":"Rendering engine handlebars","meta":{"rootId":"6lsm85igw1bfcup","id":"6lsm85igw1bfcup"},"id":"n9mxyll0ljbpoa8","previousOperationId":"w7ee7xw25j8eb3i"}
{"type":"operationEnd","operationId":"w7ee7xw25j8eb3i","timestamp":1705343590817,"id":"093wceri9ynnng5","previousEventId":"90xgx6sgqotgrnw","previousOperationId":"w7ee7xw25j8eb3i"}
{"type":"operationStart","subtype":"recipe","name":"chrome-pdf","timestamp":1705343590817,"id":"pwslhnv0n665t1y","previousEventId":"093wceri9ynnng5","operationId":"sxdf7l41maxexgh","previousOperationId":"w7ee7xw25j8eb3i"}
{"type":"log","timestamp":1705343590817,"level":"debug","message":"Executing recipe chrome-pdf","meta":{"rootId":"6lsm85igw1bfcup","id":"6lsm85igw1bfcup"},"id":"sqqq7tjksnwbxli","previousOperationId":"sxdf7l41maxexgh"}
{"type":"log","timestamp":1705343590821,"level":"debug","message":"Converting with chrome HeadlessChrome/117.0.5938.149 using chrome-pool strategy","meta":{"rootId":"6lsm85igw1bfcup","id":"6lsm85igw1bfcup"},"id":"0ldoxe4fr4cqiut","previousOperationId":"sxdf7l41maxexgh"}
{"type":"log","timestamp":1705343590967,"level":"debug","message":"Page request: GET (document) file:///C:/Users/arida/AppData/Local/Temp/jsreport/autocleanup/960ecbd5-cec9-46f0-baae-dc3a157e9160-chrome-pdf.html","meta":{"rootId":"6lsm85igw1bfcup","id":"6lsm85igw1bfcup"},"id":"n9ks1k6f7q3qpn6","previousOperationId":"sxdf7l41maxexgh"}
{"type":"log","timestamp":1705343590980,"level":"debug","message":"Page request: GET (script) https://cdnjs.cloudflare.com/ajax/libs/Chart.js/2.7.2/Chart.min.js","meta":{"rootId":"6lsm85igw1bfcup","id":"6lsm85igw1bfcup"},"id":"ipsrl3m9q8hig7j","previousOperationId":"sxdf7l41maxexgh"}
{"type":"log","timestamp":1705343590981,"level":"debug","message":"Page request finished: GET (document) 200 file:///C:/Users/arida/AppData/Local/Temp/jsreport/autocleanup/960ecbd5-cec9-46f0-baae-dc3a157e9160-chrome-pdf.html","meta":{"rootId":"6lsm85igw1bfcup","id":"6lsm85igw1bfcup"},"id":"odtjm49e2e9xuv8","previousOperationId":"sxdf7l41maxexgh"}
{"type":"log","timestamp":1705343590987,"level":"debug","message":"Page request finished: GET (script) 200 https://cdnjs.cloudflare.com/ajax/libs/Chart.js/2.7.2/Chart.min.js","meta":{"rootId":"6lsm85igw1bfcup","id":"6lsm85igw1bfcup"},"id":"8qjn3iy6l1l2om7","previousOperationId":"sxdf7l41maxexgh"}
{"type":"log","timestamp":1705343591042,"level":"debug","message":"Running chrome with params {\"printBackground\":true,\"marginTop\":\"4cm\",\"marginRight\":\"1.5cm\",\"marginBottom\":\"1.5cm\",\"marginLeft\":\"1.5cm\",\"waitForJS\":false,\"timeout\":59940,\"margin\":{\"top\":\"4cm\",\"right\":\"1.5cm\",\"bottom\":\"1.5cm\",\"left\":\"1.5cm\"}}","meta":{"rootId":"6lsm85igw1bfcup","id":"6lsm85igw1bfcup"},"id":"1xtictxyb0nrdwq","previousOperationId":"sxdf7l41maxexgh"}
{"type":"operationEnd","operationId":"sxdf7l41maxexgh","timestamp":1705343591098,"id":"u4taewpakr5ews9","previousEventId":"pwslhnv0n665t1y","previousOperationId":"sxdf7l41maxexgh"}
{"type":"log","timestamp":1705343591098,"level":"info","message":"pdf-utils is starting pdf processing","meta":{"rootId":"6lsm85igw1bfcup","id":"6lsm85igw1bfcup"},"id":"panzfoumfg1kful","previousOperationId":"sxdf7l41maxexgh"}
{"type":"operationStart","subtype":"pdfUtils","name":"pdf utils","timestamp":1705343591098,"id":"1sp57m9bezpqkvu","previousEventId":"u4taewpakr5ews9","operationId":"tbogpch0e5zv77v","previousOperationId":"sxdf7l41maxexgh"}
{"type":"log","timestamp":1705343591098,"level":"debug","message":"pdf-utils detected 1 pdf operation(s) to process","meta":{"rootId":"6lsm85igw1bfcup","id":"6lsm85igw1bfcup"},"id":"91mf7klzvrloomk","previousOperationId":"tbogpch0e5zv77v"}
{"type":"log","timestamp":1705343591113,"level":"debug","message":"pdf-utils running pdf operation merge","meta":{"rootId":"6lsm85igw1bfcup","id":"6lsm85igw1bfcup"},"id":"c902a5qs8mtakdn","previousOperationId":"tbogpch0e5zv77v"}
{"type":"operationStart","subtype":"pdfUtilsMerge","name":"pdf utils merge","previousOperationId":"tbogpch0e5zv77v","timestamp":1705343591113,"id":"hao71mtae2sk8ef","previousEventId":"1sp57m9bezpqkvu","operationId":"4hbnfcl4xaqwuqy"}
{"type":"operationStart","subtype":"render","name":"locations-header","previousOperationId":"4hbnfcl4xaqwuqy","timestamp":1705343591115,"id":"8rbxddoo3jworxs","previousEventId":"hao71mtae2sk8ef","operationId":"cdnfjgh8nrw25ag"}
{"type":"log","timestamp":1705343591115,"level":"info","message":"Starting rendering (child) request","meta":{"rootId":"6lsm85igw1bfcup","id":"zk486r3eyl62j3j"},"id":"9456j4v10dlfdny","previousOperationId":"cdnfjgh8nrw25ag"}
{"type":"log","timestamp":1705343591115,"level":"info","message":"Rendering template { name: locations-header, recipe: chrome-pdf, engine: handlebars, preview: false }","meta":{"rootId":"6lsm85igw1bfcup","id":"zk486r3eyl62j3j"},"id":"ioyva84ttj7q415","previousOperationId":"cdnfjgh8nrw25ag"}
{"type":"log","timestamp":1705343591117,"level":"debug","message":"Inline data specified.","meta":{"rootId":"6lsm85igw1bfcup","id":"zk486r3eyl62j3j"},"id":"l2kdfrxbvjl3840","previousOperationId":"cdnfjgh8nrw25ag"}
{"type":"log","timestamp":1705343591119,"level":"debug","message":"Base url not specified, skipping its injection.","meta":{"rootId":"6lsm85igw1bfcup","id":"zk486r3eyl62j3j"},"id":"2ecr6jgw3qy9o6t","previousOperationId":"cdnfjgh8nrw25ag"}
{"type":"operationStart","subtype":"engine","name":"handlebars","timestamp":1705343591119,"id":"if2anj1zrohoowd","previousEventId":"8rbxddoo3jworxs","operationId":"12un5a0wm82ot8d","previousOperationId":"cdnfjgh8nrw25ag"}
{"type":"log","timestamp":1705343591119,"level":"debug","message":"Rendering engine handlebars","meta":{"rootId":"6lsm85igw1bfcup","id":"zk486r3eyl62j3j"},"id":"aejizosjk577qeo","previousOperationId":"12un5a0wm82ot8d"}
{"type":"operationEnd","operationId":"12un5a0wm82ot8d","timestamp":1705343591137,"id":"v8iqz918vh502kp","previousEventId":"if2anj1zrohoowd","previousOperationId":"12un5a0wm82ot8d"}
{"type":"operationStart","subtype":"recipe","name":"chrome-pdf","timestamp":1705343591137,"id":"h5c4thy8k7lwvii","previousEventId":"v8iqz918vh502kp","operationId":"uad4uv2g1hx92kd","previousOperationId":"12un5a0wm82ot8d"}
{"type":"log","timestamp":1705343591137,"level":"debug","message":"Executing recipe chrome-pdf","meta":{"rootId":"6lsm85igw1bfcup","id":"zk486r3eyl62j3j"},"id":"wh3f8xztg8exc4c","previousOperationId":"uad4uv2g1hx92kd"}
{"type":"log","timestamp":1705343591140,"level":"debug","message":"Converting with chrome HeadlessChrome/117.0.5938.149 using chrome-pool strategy","meta":{"rootId":"6lsm85igw1bfcup","id":"zk486r3eyl62j3j"},"id":"ywmna5f06efb2t7","previousOperationId":"uad4uv2g1hx92kd"}
{"type":"log","timestamp":1705343591274,"level":"debug","message":"Page request: GET (document) file:///C:/Users/arida/AppData/Local/Temp/jsreport/autocleanup/e4d1ecd1-01a1-4cce-b7ef-427708759958-chrome-pdf.html","meta":{"rootId":"6lsm85igw1bfcup","id":"zk486r3eyl62j3j"},"id":"dsjrbwxbj0qwh4y","previousOperationId":"uad4uv2g1hx92kd"}
{"type":"log","timestamp":1705343591286,"level":"debug","message":"Page request: GET (stylesheet) https://cdnjs.cloudflare.com/ajax/libs/metro/4.1.5/css/metro.min.css","meta":{"rootId":"6lsm85igw1bfcup","id":"zk486r3eyl62j3j"},"id":"d0x2omr84tayb42","previousOperationId":"uad4uv2g1hx92kd"}
{"type":"log","timestamp":1705343591287,"level":"debug","message":"Page request finished: GET (document) 200 file:///C:/Users/arida/AppData/Local/Temp/jsreport/autocleanup/e4d1ecd1-01a1-4cce-b7ef-427708759958-chrome-pdf.html","meta":{"rootId":"6lsm85igw1bfcup","id":"zk486r3eyl62j3j"},"id":"h8xb7cixe7m336n","previousOperationId":"uad4uv2g1hx92kd"}
{"type":"log","timestamp":1705343591311,"level":"debug","message":"Page request finished: GET (stylesheet) 200 https://cdnjs.cloudflare.com/ajax/libs/metro/4.1.5/css/metro.min.css","meta":{"rootId":"6lsm85igw1bfcup","id":"zk486r3eyl62j3j"},"id":"kqkotvb986a75f1","previousOperationId":"uad4uv2g1hx92kd"}
{"type":"log","timestamp":1705343591336,"level":"debug","message":"Running chrome with params {\"printBackground\":true,\"marginTop\":\"1.5cm\",\"marginRight\":\"1.5cm\",\"marginLeft\":\"1.cm\",\"timeout\":59620,\"margin\":{\"top\":\"1.5cm\",\"right\":\"1.5cm\",\"left\":\"1.cm\"}}","meta":{"rootId":"6lsm85igw1bfcup","id":"zk486r3eyl62j3j"},"id":"16iwm4m8te3rob2","previousOperationId":"uad4uv2g1hx92kd"}
{"type":"operationEnd","operationId":"uad4uv2g1hx92kd","timestamp":1705343591384,"id":"lpnik47533dc93b","previousEventId":"h5c4thy8k7lwvii","previousOperationId":"uad4uv2g1hx92kd"}
{"type":"log","timestamp":1705343591384,"level":"debug","message":"Skipping storing report.","meta":{"rootId":"6lsm85igw1bfcup","id":"zk486r3eyl62j3j"},"id":"xjsaaco5xkrrvpd","previousOperationId":"uad4uv2g1hx92kd"}
{"type":"log","timestamp":1705343591384,"level":"info","message":"Rendering (child) request finished in 625 ms","meta":{"rootId":"6lsm85igw1bfcup","id":"zk486r3eyl62j3j"},"id":"r6a3kw8dpa8dldz","previousOperationId":"uad4uv2g1hx92kd"}
{"type":"operationEnd","subtype":"render","operationId":"cdnfjgh8nrw25ag","timestamp":1705343591384,"id":"3fzdha6kedfhasd","previousEventId":"lpnik47533dc93b","previousOperationId":"uad4uv2g1hx92kd"}
{"type":"operationEnd","operationId":"4hbnfcl4xaqwuqy","timestamp":1705343591394,"id":"zm1sp03trs87x9x","previousEventId":"hao71mtae2sk8ef","previousOperationId":"4hbnfcl4xaqwuqy"}
{"type":"log","timestamp":1705343591394,"level":"debug","message":"pdf-utils postproces start","meta":{"rootId":"6lsm85igw1bfcup","id":"6lsm85igw1bfcup"},"id":"8nx9kcvhazgzb8e","previousOperationId":"4hbnfcl4xaqwuqy"}
{"type":"log","timestamp":1705343591406,"level":"debug","message":"pdf-utils postproces end","meta":{"rootId":"6lsm85igw1bfcup","id":"6lsm85igw1bfcup"},"id":"4wp8o9c4jvhg86x","previousOperationId":"4hbnfcl4xaqwuqy"}
{"type":"operationEnd","operationId":"tbogpch0e5zv77v","timestamp":1705343591406,"id":"q96p6ie045w11sf","previousEventId":"zm1sp03trs87x9x","previousOperationId":"4hbnfcl4xaqwuqy"}
{"type":"log","timestamp":1705343591406,"level":"info","message":"pdf-utils pdf processing was finished","meta":{"rootId":"6lsm85igw1bfcup","id":"6lsm85igw1bfcup"},"id":"23bxyx2rq9z3w7x","previousOperationId":"tbogpch0e5zv77v"}
{"type":"log","timestamp":1705343591406,"level":"debug","message":"Skipping storing report.","meta":{"rootId":"6lsm85igw1bfcup","id":"6lsm85igw1bfcup"},"id":"6lup03ch51xvxqg","previousOperationId":"tbogpch0e5zv77v"}
{"type":"log","timestamp":1705343591406,"level":"info","message":"Rendering request 48 finished in 647 ms","meta":{"rootId":"6lsm85igw1bfcup","id":"6lsm85igw1bfcup"},"id":"r32r2vxrl2nj11g","previousOperationId":"tbogpch0e5zv77v"}
{"type":"operationEnd","subtype":"render","operationId":"skm6pz0p5r24r0o","timestamp":1705343591406,"id":"v9xzwr29q66kwpt","previousEventId":"q96p6ie045w11sf","previousOperationId":"tbogpch0e5zv77v"}
{"type":"operationEnd","doDiffs":false,"previousEventId":"hq2ok42x2nn31n9","previousOperationId":"9g2l8sktwfsac2f","operationId":"9g2l8sktwfsac2f","timestamp":1705343591411,"id":"g4fi9boswqysgdi"}
