{"type":"operationStart","subtype":"profile","data":{"_id":"edZXplj7vRalAdLs","timestamp":"2024-01-15T18:31:16.070Z","state":"queued","mode":"standard","creationDate":"2024-01-15T18:31:16.074Z","modificationDate":"2024-01-15T18:31:16.074Z","shortid":"iMp71vQ","$entitySet":"profiles"},"doDiffs":false,"timestamp":1705343476072,"id":"q21gd8xac52u4zo","previousOperationId":null,"operationId":"wanoh8vcytae5qs"}
{"type":"log","level":"info","message":"Render request 46 queued for execution and waiting for available worker","previousOperationId":"wanoh8vcytae5qs","timestamp":1705343476072,"id":"t67j1pp3lr7pb40"}
{"type":"operationStart","subtype":"render","name":"locations-main","previousOperationId":"wanoh8vcytae5qs","timestamp":1705343476093,"id":"ei1eizdb3efwd84","previousEventId":"q21gd8xac52u4zo","operationId":"2dndgsdl71eyw5c"}
{"type":"log","timestamp":1705343476093,"level":"info","message":"Starting rendering request 46","meta":{"rootId":"7uw6lfdz4dv1qqm","id":"7uw6lfdz4dv1qqm"},"id":"ngdo23ab3imlwet","previousOperationId":"2dndgsdl71eyw5c"}
{"type":"log","timestamp":1705343476093,"level":"info","message":"Rendering template { name: locations-main, recipe: chrome-pdf, engine: handlebars, preview: true }","meta":{"rootId":"7uw6lfdz4dv1qqm","id":"7uw6lfdz4dv1qqm"},"id":"79ueb1oxnrszeii","previousOperationId":"2dndgsdl71eyw5c"}
{"type":"log","timestamp":1705343476095,"level":"debug","message":"Data item not defined for this template.","meta":{"rootId":"7uw6lfdz4dv1qqm","id":"7uw6lfdz4dv1qqm"},"id":"qacnv0qmao1mql5","previousOperationId":"2dndgsdl71eyw5c"}
{"type":"log","timestamp":1705343476099,"level":"debug","message":"Executing script locations-script (beforeRender)","meta":{"rootId":"7uw6lfdz4dv1qqm","id":"7uw6lfdz4dv1qqm"},"id":"jfd12fhznlkkffo","previousOperationId":"2dndgsdl71eyw5c"}
{"type":"operationStart","subtype":"scriptsBeforeRender","name":"scripts beforeRender","timestamp":1705343476119,"id":"rctfo6dso99mswz","previousEventId":"ei1eizdb3efwd84","operationId":"7ff9acadmrvu0ds","previousOperationId":"2dndgsdl71eyw5c"}
{"type":"operationStart","subtype":"script","name":"scripts locations-script","previousOperationId":"7ff9acadmrvu0ds","timestamp":1705343476119,"id":"lwoho3fo99afcic","previousEventId":"rctfo6dso99mswz","operationId":"6tglr4m4q4xhrmg"}
{"type":"operationEnd","operationId":"6tglr4m4q4xhrmg","timestamp":1705343476135,"id":"f7dfsc7jzjfwe2d","previousEventId":"ei1eizdb3efwd84","previousOperationId":"2dndgsdl71eyw5c"}
{"type":"operationEnd","operationId":"7ff9acadmrvu0ds","timestamp":1705343476135,"id":"ymyou51btxiuu62","previousEventId":"f7dfsc7jzjfwe2d","previousOperationId":"2dndgsdl71eyw5c"}
{"type":"log","timestamp":1705343476135,"level":"debug","message":"Base url not specified, skipping its injection.","meta":{"rootId":"7uw6lfdz4dv1qqm","id":"7uw6lfdz4dv1qqm"},"id":"skgmmfjwp04grp9","previousOperationId":"7ff9acadmrvu0ds"}
{"type":"operationStart","subtype":"engine","name":"handlebars","timestamp":1705343476135,"id":"mhnwaqyzijuweg1","previousEventId":"ymyou51btxiuu62","operationId":"dqjyx8czw8g5841","previousOperationId":"7ff9acadmrvu0ds"}
{"type":"log","timestamp":1705343476135,"level":"debug","message":"Rendering engine handlebars","meta":{"rootId":"7uw6lfdz4dv1qqm","id":"7uw6lfdz4dv1qqm"},"id":"nxhp83dx6k6x67i","previousOperationId":"dqjyx8czw8g5841"}
{"type":"operationEnd","operationId":"dqjyx8czw8g5841","timestamp":1705343476154,"id":"msb2h27er9ksk07","previousEventId":"mhnwaqyzijuweg1","previousOperationId":"dqjyx8czw8g5841"}
{"type":"operationStart","subtype":"recipe","name":"chrome-pdf","timestamp":1705343476154,"id":"g4feovmf1suooov","previousEventId":"msb2h27er9ksk07","operationId":"g65bjgeq3czdtmh","previousOperationId":"dqjyx8czw8g5841"}
{"type":"log","timestamp":1705343476154,"level":"debug","message":"Executing recipe chrome-pdf","meta":{"rootId":"7uw6lfdz4dv1qqm","id":"7uw6lfdz4dv1qqm"},"id":"mlrn9slmlysmkrx","previousOperationId":"g65bjgeq3czdtmh"}
{"type":"log","timestamp":1705343476157,"level":"debug","message":"Converting with chrome HeadlessChrome/117.0.5938.149 using chrome-pool strategy","meta":{"rootId":"7uw6lfdz4dv1qqm","id":"7uw6lfdz4dv1qqm"},"id":"j1dgr7ei3yr1z9e","previousOperationId":"g65bjgeq3czdtmh"}
{"type":"log","timestamp":1705343476300,"level":"debug","message":"Page request: GET (document) file:///C:/Users/arida/AppData/Local/Temp/jsreport/autocleanup/85e88f0a-7b2b-4219-b9e5-6bc194209e4e-chrome-pdf.html","meta":{"rootId":"7uw6lfdz4dv1qqm","id":"7uw6lfdz4dv1qqm"},"id":"qt6v3h2plynf5v0","previousOperationId":"g65bjgeq3czdtmh"}
{"type":"log","timestamp":1705343476328,"level":"debug","message":"Page request: GET (script) https://cdnjs.cloudflare.com/ajax/libs/Chart.js/2.7.2/Chart.min.js","meta":{"rootId":"7uw6lfdz4dv1qqm","id":"7uw6lfdz4dv1qqm"},"id":"5qvnubwjaxvjbld","previousOperationId":"g65bjgeq3czdtmh"}
{"type":"log","timestamp":1705343476329,"level":"debug","message":"Page request finished: GET (document) 200 file:///C:/Users/arida/AppData/Local/Temp/jsreport/autocleanup/85e88f0a-7b2b-4219-b9e5-6bc194209e4e-chrome-pdf.html","meta":{"rootId":"7uw6lfdz4dv1qqm","id":"7uw6lfdz4dv1qqm"},"id":"mnt9ok6r7qcrtcs","previousOperationId":"g65bjgeq3czdtmh"}
{"type":"log","timestamp":1705343476334,"level":"debug","message":"Page request finished: GET (script) 200 https://cdnjs.cloudflare.com/ajax/libs/Chart.js/2.7.2/Chart.min.js","meta":{"rootId":"7uw6lfdz4dv1qqm","id":"7uw6lfdz4dv1qqm"},"id":"ex621zpd11xn4ho","previousOperationId":"g65bjgeq3czdtmh"}
{"type":"log","timestamp":1705343476340,"level":"debug","message":"(console:log) Ingenio 3","meta":{"userLevel":true,"rootId":"7uw6lfdz4dv1qqm","id":"7uw6lfdz4dv1qqm"},"id":"pby4t3ckaijey8v","previousOperationId":"g65bjgeq3czdtmh"}
{"type":"log","timestamp":1705343476340,"level":"debug","message":"(console:log) Las Palmas 0","meta":{"userLevel":true,"rootId":"7uw6lfdz4dv1qqm","id":"7uw6lfdz4dv1qqm"},"id":"7n6m8tsoamtdg4c","previousOperationId":"g65bjgeq3czdtmh"}
{"type":"log","timestamp":1705343476355,"level":"debug","message":"Running chrome with params {\"printBackground\":true,\"marginTop\":\"4cm\",\"marginRight\":\"1.5cm\",\"marginBottom\":\"1.5cm\",\"marginLeft\":\"1.5cm\",\"waitForJS\":false,\"timeout\":59914,\"margin\":{\"top\":\"4cm\",\"right\":\"1.5cm\",\"bottom\":\"1.5cm\",\"left\":\"1.5cm\"}}","meta":{"rootId":"7uw6lfdz4dv1qqm","id":"7uw6lfdz4dv1qqm"},"id":"bfkyt7wehge2qmy","previousOperationId":"g65bjgeq3czdtmh"}
{"type":"operationEnd","operationId":"g65bjgeq3czdtmh","timestamp":1705343476399,"id":"evxxqg00totedei","previousEventId":"g4feovmf1suooov","previousOperationId":"g65bjgeq3czdtmh"}
{"type":"log","timestamp":1705343476399,"level":"info","message":"pdf-utils is starting pdf processing","meta":{"rootId":"7uw6lfdz4dv1qqm","id":"7uw6lfdz4dv1qqm"},"id":"2b10vval67uccw1","previousOperationId":"g65bjgeq3czdtmh"}
{"type":"operationStart","subtype":"pdfUtils","name":"pdf utils","timestamp":1705343476400,"id":"55thwc3b7i6y86a","previousEventId":"evxxqg00totedei","operationId":"eysy5lp3trwezmx","previousOperationId":"g65bjgeq3czdtmh"}
{"type":"log","timestamp":1705343476400,"level":"debug","message":"pdf-utils detected 1 pdf operation(s) to process","meta":{"rootId":"7uw6lfdz4dv1qqm","id":"7uw6lfdz4dv1qqm"},"id":"93zdwh7x3x0m8rx","previousOperationId":"eysy5lp3trwezmx"}
{"type":"log","timestamp":1705343476412,"level":"debug","message":"pdf-utils running pdf operation merge","meta":{"rootId":"7uw6lfdz4dv1qqm","id":"7uw6lfdz4dv1qqm"},"id":"pv1018zdd3hweg9","previousOperationId":"eysy5lp3trwezmx"}
{"type":"operationStart","subtype":"pdfUtilsMerge","name":"pdf utils merge","previousOperationId":"eysy5lp3trwezmx","timestamp":1705343476412,"id":"gxe1kxwq0syqdg9","previousEventId":"55thwc3b7i6y86a","operationId":"983c6rku4prlzub"}
{"type":"operationStart","subtype":"render","name":"locations-header","previousOperationId":"983c6rku4prlzub","timestamp":1705343476413,"id":"vsd59fdgx0rc2cl","previousEventId":"gxe1kxwq0syqdg9","operationId":"uj4j5nitty37nee"}
{"type":"log","timestamp":1705343476413,"level":"info","message":"Starting rendering (child) request","meta":{"rootId":"7uw6lfdz4dv1qqm","id":"see5s3b7epw5lnm"},"id":"4rw2tibiwdfox2a","previousOperationId":"uj4j5nitty37nee"}
{"type":"log","timestamp":1705343476413,"level":"info","message":"Rendering template { name: locations-header, recipe: chrome-pdf, engine: handlebars, preview: true }","meta":{"rootId":"7uw6lfdz4dv1qqm","id":"see5s3b7epw5lnm"},"id":"y8yckjvqm8j40e5","previousOperationId":"uj4j5nitty37nee"}
{"type":"log","timestamp":1705343476415,"level":"debug","message":"Inline data specified.","meta":{"rootId":"7uw6lfdz4dv1qqm","id":"see5s3b7epw5lnm"},"id":"fadq27bjrok82ly","previousOperationId":"uj4j5nitty37nee"}
{"type":"log","timestamp":1705343476420,"level":"debug","message":"Base url not specified, skipping its injection.","meta":{"rootId":"7uw6lfdz4dv1qqm","id":"see5s3b7epw5lnm"},"id":"586gxztvptaiw07","previousOperationId":"uj4j5nitty37nee"}
{"type":"operationStart","subtype":"engine","name":"handlebars","timestamp":1705343476421,"id":"i455c86fpuordqh","previousEventId":"vsd59fdgx0rc2cl","operationId":"uex0jodl8el5u61","previousOperationId":"uj4j5nitty37nee"}
{"type":"log","timestamp":1705343476421,"level":"debug","message":"Rendering engine handlebars","meta":{"rootId":"7uw6lfdz4dv1qqm","id":"see5s3b7epw5lnm"},"id":"quqtnwupmk9kr3q","previousOperationId":"uex0jodl8el5u61"}
{"type":"operationEnd","operationId":"uex0jodl8el5u61","timestamp":1705343476441,"id":"xjtaznuzkmy4x9m","previousEventId":"i455c86fpuordqh","previousOperationId":"uex0jodl8el5u61"}
{"type":"operationStart","subtype":"recipe","name":"chrome-pdf","timestamp":1705343476441,"id":"6ccbtqe8xrk7f5t","previousEventId":"xjtaznuzkmy4x9m","operationId":"5we24n61pkpscds","previousOperationId":"uex0jodl8el5u61"}
{"type":"log","timestamp":1705343476441,"level":"debug","message":"Executing recipe chrome-pdf","meta":{"rootId":"7uw6lfdz4dv1qqm","id":"see5s3b7epw5lnm"},"id":"e6beddk04ml3k95","previousOperationId":"5we24n61pkpscds"}
{"type":"log","timestamp":1705343476445,"level":"debug","message":"Converting with chrome HeadlessChrome/117.0.5938.149 using chrome-pool strategy","meta":{"rootId":"7uw6lfdz4dv1qqm","id":"see5s3b7epw5lnm"},"id":"gnra4qis6ntfw3m","previousOperationId":"5we24n61pkpscds"}
{"type":"log","timestamp":1705343476584,"level":"debug","message":"Page request: GET (document) file:///C:/Users/arida/AppData/Local/Temp/jsreport/autocleanup/25cb9aa5-065c-484c-9715-ea02d184bde4-chrome-pdf.html","meta":{"rootId":"7uw6lfdz4dv1qqm","id":"see5s3b7epw5lnm"},"id":"x8kmfruth3osssv","previousOperationId":"5we24n61pkpscds"}
{"type":"log","timestamp":1705343476597,"level":"debug","message":"Page request: GET (stylesheet) https://cdnjs.cloudflare.com/ajax/libs/metro/4.1.5/css/metro.min.css","meta":{"rootId":"7uw6lfdz4dv1qqm","id":"see5s3b7epw5lnm"},"id":"wq6bl09ggj648pl","previousOperationId":"5we24n61pkpscds"}
{"type":"log","timestamp":1705343476598,"level":"debug","message":"Page request finished: GET (document) 200 file:///C:/Users/arida/AppData/Local/Temp/jsreport/autocleanup/25cb9aa5-065c-484c-9715-ea02d184bde4-chrome-pdf.html","meta":{"rootId":"7uw6lfdz4dv1qqm","id":"see5s3b7epw5lnm"},"id":"qv8lb1jr5645mw5","previousOperationId":"5we24n61pkpscds"}
{"type":"log","timestamp":1705343476624,"level":"debug","message":"Page request finished: GET (stylesheet) 200 https://cdnjs.cloudflare.com/ajax/libs/metro/4.1.5/css/metro.min.css","meta":{"rootId":"7uw6lfdz4dv1qqm","id":"see5s3b7epw5lnm"},"id":"8nlz6o0pg3x4zi1","previousOperationId":"5we24n61pkpscds"}
{"type":"log","timestamp":1705343476649,"level":"debug","message":"Running chrome with params {\"printBackground\":true,\"marginTop\":\"1.5cm\",\"marginRight\":\"1.5cm\",\"marginLeft\":\"1.cm\",\"timeout\":59626,\"margin\":{\"top\":\"1.5cm\",\"right\":\"1.5cm\",\"left\":\"1.cm\"}}","meta":{"rootId":"7uw6lfdz4dv1qqm","id":"see5s3b7epw5lnm"},"id":"wv330ghwdz6hdr1","previousOperationId":"5we24n61pkpscds"}
{"type":"operationEnd","operationId":"5we24n61pkpscds","timestamp":1705343476693,"id":"0lryr83eklfl0ud","previousEventId":"6ccbtqe8xrk7f5t","previousOperationId":"5we24n61pkpscds"}
{"type":"log","timestamp":1705343476693,"level":"debug","message":"Skipping storing report.","meta":{"rootId":"7uw6lfdz4dv1qqm","id":"see5s3b7epw5lnm"},"id":"7uogq5zbqsgl951","previousOperationId":"5we24n61pkpscds"}
{"type":"log","timestamp":1705343476694,"level":"info","message":"Rendering (child) request finished in 624 ms","meta":{"rootId":"7uw6lfdz4dv1qqm","id":"see5s3b7epw5lnm"},"id":"y79qmwtlbh64aus","previousOperationId":"5we24n61pkpscds"}
{"type":"operationEnd","subtype":"render","operationId":"uj4j5nitty37nee","timestamp":1705343476694,"id":"9yxtyzvfvbnq7fr","previousEventId":"0lryr83eklfl0ud","previousOperationId":"5we24n61pkpscds"}
{"type":"operationEnd","operationId":"983c6rku4prlzub","timestamp":1705343476701,"id":"bfb6ure7d7u3vs9","previousEventId":"gxe1kxwq0syqdg9","previousOperationId":"983c6rku4prlzub"}
{"type":"log","timestamp":1705343476701,"level":"debug","message":"pdf-utils postproces start","meta":{"rootId":"7uw6lfdz4dv1qqm","id":"7uw6lfdz4dv1qqm"},"id":"ygbd32nhpgb5k9a","previousOperationId":"983c6rku4prlzub"}
{"type":"log","timestamp":1705343476710,"level":"debug","message":"pdf-utils postproces end","meta":{"rootId":"7uw6lfdz4dv1qqm","id":"7uw6lfdz4dv1qqm"},"id":"3eg8p2z39326xvk","previousOperationId":"983c6rku4prlzub"}
{"type":"operationEnd","operationId":"eysy5lp3trwezmx","timestamp":1705343476710,"id":"kurcod9vp1ubti5","previousEventId":"bfb6ure7d7u3vs9","previousOperationId":"983c6rku4prlzub"}
{"type":"log","timestamp":1705343476710,"level":"info","message":"pdf-utils pdf processing was finished","meta":{"rootId":"7uw6lfdz4dv1qqm","id":"7uw6lfdz4dv1qqm"},"id":"5ba2s3s2099h8bc","previousOperationId":"eysy5lp3trwezmx"}
{"type":"log","timestamp":1705343476710,"level":"debug","message":"Skipping storing report.","meta":{"rootId":"7uw6lfdz4dv1qqm","id":"7uw6lfdz4dv1qqm"},"id":"wwv8j8kr2vxebke","previousOperationId":"eysy5lp3trwezmx"}
{"type":"log","timestamp":1705343476710,"level":"info","message":"Rendering request 46 finished in 640 ms","meta":{"rootId":"7uw6lfdz4dv1qqm","id":"7uw6lfdz4dv1qqm"},"id":"2bnn1i3mqsjpnzw","previousOperationId":"eysy5lp3trwezmx"}
{"type":"operationEnd","subtype":"render","operationId":"2dndgsdl71eyw5c","timestamp":1705343476710,"id":"abhgt4g3ni09qdp","previousEventId":"kurcod9vp1ubti5","previousOperationId":"eysy5lp3trwezmx"}
{"type":"operationEnd","doDiffs":false,"previousEventId":"q21gd8xac52u4zo","previousOperationId":"wanoh8vcytae5qs","operationId":"wanoh8vcytae5qs","timestamp":1705343476723,"id":"10lt3ckgb5ni7gn"}
