{"type":"operationStart","subtype":"profile","data":{"_id":"AcnYz67HEUAP0neZ","timestamp":"2024-01-15T18:27:41.106Z","state":"queued","mode":"standard","creationDate":"2024-01-15T18:27:41.108Z","modificationDate":"2024-01-15T18:27:41.108Z","shortid":"5EaiIH3","$entitySet":"profiles"},"doDiffs":false,"timestamp":1705343261107,"id":"glbs2bqflnbk3i1","previousOperationId":null,"operationId":"iotulx0k54ww1we"}
{"type":"log","level":"info","message":"Render request 34 queued for execution and waiting for available worker","previousOperationId":"iotulx0k54ww1we","timestamp":1705343261107,"id":"2umb4iip56xc8kh"}
{"type":"operationStart","subtype":"render","name":"locations-main","previousOperationId":"iotulx0k54ww1we","timestamp":1705343261122,"id":"sn7fn8bldiy9gd4","previousEventId":"glbs2bqflnbk3i1","operationId":"t52314i4wi13kuo"}
{"type":"log","timestamp":1705343261122,"level":"info","message":"Starting rendering request 34","meta":{"rootId":"8b6h0ddgqvv6171","id":"8b6h0ddgqvv6171"},"id":"ikb71iqekbvxff3","previousOperationId":"t52314i4wi13kuo"}
{"type":"log","timestamp":1705343261122,"level":"info","message":"Rendering template { name: locations-main, recipe: chrome-pdf, engine: handlebars, preview: true }","meta":{"rootId":"8b6h0ddgqvv6171","id":"8b6h0ddgqvv6171"},"id":"wo53098iscenyrh","previousOperationId":"t52314i4wi13kuo"}
{"type":"log","timestamp":1705343261128,"level":"debug","message":"Data item not defined for this template.","meta":{"rootId":"8b6h0ddgqvv6171","id":"8b6h0ddgqvv6171"},"id":"myks1qzpc9qfhmq","previousOperationId":"t52314i4wi13kuo"}
{"type":"log","timestamp":1705343261130,"level":"debug","message":"Executing script locations-script (beforeRender)","meta":{"rootId":"8b6h0ddgqvv6171","id":"8b6h0ddgqvv6171"},"id":"iea6ywh5ls85zmp","previousOperationId":"t52314i4wi13kuo"}
{"type":"operationStart","subtype":"scriptsBeforeRender","name":"scripts beforeRender","timestamp":1705343261136,"id":"da1rknaqisdi70w","previousEventId":"sn7fn8bldiy9gd4","operationId":"lmhf2wq0al3mqca","previousOperationId":"t52314i4wi13kuo"}
{"type":"operationStart","subtype":"script","name":"scripts locations-script","previousOperationId":"lmhf2wq0al3mqca","timestamp":1705343261136,"id":"kxpay486cx89r6a","previousEventId":"da1rknaqisdi70w","operationId":"sqkgeoauj49w8kd"}
{"type":"operationEnd","operationId":"sqkgeoauj49w8kd","timestamp":1705343261153,"id":"u0mic5c7uex58n5","previousEventId":"sn7fn8bldiy9gd4","previousOperationId":"t52314i4wi13kuo"}
{"type":"operationEnd","operationId":"lmhf2wq0al3mqca","timestamp":1705343261153,"id":"kpbbkmeesdy0si2","previousEventId":"u0mic5c7uex58n5","previousOperationId":"t52314i4wi13kuo"}
{"type":"log","timestamp":1705343261153,"level":"debug","message":"Base url not specified, skipping its injection.","meta":{"rootId":"8b6h0ddgqvv6171","id":"8b6h0ddgqvv6171"},"id":"fskc1m9z8c837xj","previousOperationId":"lmhf2wq0al3mqca"}
{"type":"operationStart","subtype":"engine","name":"handlebars","timestamp":1705343261153,"id":"4ko08pup345qce9","previousEventId":"kpbbkmeesdy0si2","operationId":"8ublhtkglgob09u","previousOperationId":"lmhf2wq0al3mqca"}
{"type":"log","timestamp":1705343261153,"level":"debug","message":"Rendering engine handlebars","meta":{"rootId":"8b6h0ddgqvv6171","id":"8b6h0ddgqvv6171"},"id":"c7ir27w5p2tl85f","previousOperationId":"8ublhtkglgob09u"}
{"type":"operationEnd","operationId":"8ublhtkglgob09u","timestamp":1705343261173,"id":"eqalgmduqb6eq9t","previousEventId":"4ko08pup345qce9","previousOperationId":"8ublhtkglgob09u"}
{"type":"operationStart","subtype":"recipe","name":"chrome-pdf","timestamp":1705343261173,"id":"lsyoa6bovexvwmw","previousEventId":"eqalgmduqb6eq9t","operationId":"5ay6eovo08yn183","previousOperationId":"8ublhtkglgob09u"}
{"type":"log","timestamp":1705343261173,"level":"debug","message":"Executing recipe chrome-pdf","meta":{"rootId":"8b6h0ddgqvv6171","id":"8b6h0ddgqvv6171"},"id":"eohep6mqjolzjyj","previousOperationId":"5ay6eovo08yn183"}
{"type":"log","timestamp":1705343261176,"level":"debug","message":"Converting with chrome HeadlessChrome/117.0.5938.149 using chrome-pool strategy","meta":{"rootId":"8b6h0ddgqvv6171","id":"8b6h0ddgqvv6171"},"id":"js6xxjyyq7mv3gh","previousOperationId":"5ay6eovo08yn183"}
{"type":"log","timestamp":1705343261325,"level":"debug","message":"Page request: GET (document) file:///C:/Users/arida/AppData/Local/Temp/jsreport/autocleanup/4c90329f-91d2-4d7e-aae3-c6c38ea594d0-chrome-pdf.html","meta":{"rootId":"8b6h0ddgqvv6171","id":"8b6h0ddgqvv6171"},"id":"7dgocr9y1f4s32y","previousOperationId":"5ay6eovo08yn183"}
{"type":"log","timestamp":1705343261362,"level":"debug","message":"Page request finished: GET (document) 200 file:///C:/Users/arida/AppData/Local/Temp/jsreport/autocleanup/4c90329f-91d2-4d7e-aae3-c6c38ea594d0-chrome-pdf.html","meta":{"rootId":"8b6h0ddgqvv6171","id":"8b6h0ddgqvv6171"},"id":"kna7qwfr485lag0","previousOperationId":"5ay6eovo08yn183"}
{"type":"log","timestamp":1705343261362,"level":"debug","message":"Page request: GET (script) https://cdnjs.cloudflare.com/ajax/libs/Chart.js/2.7.2/Chart.min.js","meta":{"rootId":"8b6h0ddgqvv6171","id":"8b6h0ddgqvv6171"},"id":"5i468jb9im5h8c5","previousOperationId":"5ay6eovo08yn183"}
{"type":"log","timestamp":1705343261377,"level":"debug","message":"Page request finished: GET (script) 200 https://cdnjs.cloudflare.com/ajax/libs/Chart.js/2.7.2/Chart.min.js","meta":{"rootId":"8b6h0ddgqvv6171","id":"8b6h0ddgqvv6171"},"id":"m4yz5p0oqmx5sn2","previousOperationId":"5ay6eovo08yn183"}
{"type":"log","timestamp":1705343261393,"level":"warn","message":"Page error: Unexpected token ';' , stack: SyntaxError: Unexpected token ';'","meta":{"rootId":"8b6h0ddgqvv6171","id":"8b6h0ddgqvv6171"},"id":"82suxl81x8k5r9r","previousOperationId":"5ay6eovo08yn183"}
{"type":"log","timestamp":1705343261410,"level":"debug","message":"Running chrome with params {\"printBackground\":true,\"marginTop\":\"4cm\",\"marginRight\":\"1.5cm\",\"marginBottom\":\"1.5cm\",\"marginLeft\":\"1.5cm\",\"waitForJS\":false,\"timeout\":59931,\"margin\":{\"top\":\"4cm\",\"right\":\"1.5cm\",\"bottom\":\"1.5cm\",\"left\":\"1.5cm\"}}","meta":{"rootId":"8b6h0ddgqvv6171","id":"8b6h0ddgqvv6171"},"id":"jbl9bz0x298yclk","previousOperationId":"5ay6eovo08yn183"}
{"type":"operationEnd","operationId":"5ay6eovo08yn183","timestamp":1705343261458,"id":"s1om6aepbig96zx","previousEventId":"lsyoa6bovexvwmw","previousOperationId":"5ay6eovo08yn183"}
{"type":"log","timestamp":1705343261458,"level":"info","message":"pdf-utils is starting pdf processing","meta":{"rootId":"8b6h0ddgqvv6171","id":"8b6h0ddgqvv6171"},"id":"kdxkc3d3vrpmqdh","previousOperationId":"5ay6eovo08yn183"}
{"type":"operationStart","subtype":"pdfUtils","name":"pdf utils","timestamp":1705343261458,"id":"dksp7qj26p3kq8a","previousEventId":"s1om6aepbig96zx","operationId":"fww1zaf63nixsmu","previousOperationId":"5ay6eovo08yn183"}
{"type":"log","timestamp":1705343261458,"level":"debug","message":"pdf-utils detected 1 pdf operation(s) to process","meta":{"rootId":"8b6h0ddgqvv6171","id":"8b6h0ddgqvv6171"},"id":"o7lw3i7x9jztaiz","previousOperationId":"fww1zaf63nixsmu"}
{"type":"log","timestamp":1705343261476,"level":"debug","message":"pdf-utils running pdf operation merge","meta":{"rootId":"8b6h0ddgqvv6171","id":"8b6h0ddgqvv6171"},"id":"idxz3l0k2hjs8f3","previousOperationId":"fww1zaf63nixsmu"}
{"type":"operationStart","subtype":"pdfUtilsMerge","name":"pdf utils merge","previousOperationId":"fww1zaf63nixsmu","timestamp":1705343261476,"id":"ntk30rchs72ph3u","previousEventId":"dksp7qj26p3kq8a","operationId":"k1oq74w0teu81st"}
{"type":"operationStart","subtype":"render","name":"locations-header","previousOperationId":"k1oq74w0teu81st","timestamp":1705343261477,"id":"um0ri8dma09wail","previousEventId":"ntk30rchs72ph3u","operationId":"8vtvysf0gjq4ppx"}
{"type":"log","timestamp":1705343261477,"level":"info","message":"Starting rendering (child) request","meta":{"rootId":"8b6h0ddgqvv6171","id":"ilfbvujnju2ozit"},"id":"zvlszqzugnnj1qk","previousOperationId":"8vtvysf0gjq4ppx"}
{"type":"log","timestamp":1705343261477,"level":"info","message":"Rendering template { name: locations-header, recipe: chrome-pdf, engine: handlebars, preview: true }","meta":{"rootId":"8b6h0ddgqvv6171","id":"ilfbvujnju2ozit"},"id":"g8smwzaauot921v","previousOperationId":"8vtvysf0gjq4ppx"}
{"type":"log","timestamp":1705343261479,"level":"debug","message":"Inline data specified.","meta":{"rootId":"8b6h0ddgqvv6171","id":"ilfbvujnju2ozit"},"id":"mhaorgutxwgav4h","previousOperationId":"8vtvysf0gjq4ppx"}
{"type":"log","timestamp":1705343261481,"level":"debug","message":"Base url not specified, skipping its injection.","meta":{"rootId":"8b6h0ddgqvv6171","id":"ilfbvujnju2ozit"},"id":"u04055w7n29obwi","previousOperationId":"8vtvysf0gjq4ppx"}
{"type":"operationStart","subtype":"engine","name":"handlebars","timestamp":1705343261481,"id":"7xibb8ke58lgt57","previousEventId":"um0ri8dma09wail","operationId":"byo99nna2vveyq7","previousOperationId":"8vtvysf0gjq4ppx"}
{"type":"log","timestamp":1705343261481,"level":"debug","message":"Rendering engine handlebars","meta":{"rootId":"8b6h0ddgqvv6171","id":"ilfbvujnju2ozit"},"id":"y6h4fp1dqsqwc9y","previousOperationId":"byo99nna2vveyq7"}
{"type":"operationEnd","operationId":"byo99nna2vveyq7","timestamp":1705343261501,"id":"zddewng2b3lvon8","previousEventId":"7xibb8ke58lgt57","previousOperationId":"byo99nna2vveyq7"}
{"type":"operationStart","subtype":"recipe","name":"chrome-pdf","timestamp":1705343261501,"id":"r5007zhn9w1lgvp","previousEventId":"zddewng2b3lvon8","operationId":"y6991ralv5quhuu","previousOperationId":"byo99nna2vveyq7"}
{"type":"log","timestamp":1705343261501,"level":"debug","message":"Executing recipe chrome-pdf","meta":{"rootId":"8b6h0ddgqvv6171","id":"ilfbvujnju2ozit"},"id":"tmspbnysgswax7i","previousOperationId":"y6991ralv5quhuu"}
{"type":"log","timestamp":1705343261503,"level":"debug","message":"Converting with chrome HeadlessChrome/117.0.5938.149 using chrome-pool strategy","meta":{"rootId":"8b6h0ddgqvv6171","id":"ilfbvujnju2ozit"},"id":"7hr64aiegpwjok6","previousOperationId":"y6991ralv5quhuu"}
{"type":"log","timestamp":1705343261645,"level":"debug","message":"Page request: GET (document) file:///C:/Users/arida/AppData/Local/Temp/jsreport/autocleanup/fc4088b1-cff5-4c14-99f7-828fcdc56f39-chrome-pdf.html","meta":{"rootId":"8b6h0ddgqvv6171","id":"ilfbvujnju2ozit"},"id":"zjxktndqi3x2cuq","previousOperationId":"y6991ralv5quhuu"}
{"type":"log","timestamp":1705343261657,"level":"debug","message":"Page request: GET (stylesheet) https://cdnjs.cloudflare.com/ajax/libs/metro/4.1.5/css/metro.min.css","meta":{"rootId":"8b6h0ddgqvv6171","id":"ilfbvujnju2ozit"},"id":"vnvv472t0racnte","previousOperationId":"y6991ralv5quhuu"}
{"type":"log","timestamp":1705343261657,"level":"debug","message":"Page request finished: GET (document) 200 file:///C:/Users/arida/AppData/Local/Temp/jsreport/autocleanup/fc4088b1-cff5-4c14-99f7-828fcdc56f39-chrome-pdf.html","meta":{"rootId":"8b6h0ddgqvv6171","id":"ilfbvujnju2ozit"},"id":"es87i7dtzspw6so","previousOperationId":"y6991ralv5quhuu"}
{"type":"log","timestamp":1705343261681,"level":"debug","message":"Page request finished: GET (stylesheet) 200 https://cdnjs.cloudflare.com/ajax/libs/metro/4.1.5/css/metro.min.css","meta":{"rootId":"8b6h0ddgqvv6171","id":"ilfbvujnju2ozit"},"id":"604q0wrc2nldbjz","previousOperationId":"y6991ralv5quhuu"}
{"type":"log","timestamp":1705343261704,"level":"debug","message":"Running chrome with params {\"printBackground\":true,\"marginTop\":\"1.5cm\",\"marginRight\":\"1.5cm\",\"marginLeft\":\"1.cm\",\"timeout\":59603,\"margin\":{\"top\":\"1.5cm\",\"right\":\"1.5cm\",\"left\":\"1.cm\"}}","meta":{"rootId":"8b6h0ddgqvv6171","id":"ilfbvujnju2ozit"},"id":"5s8h7psr6058kxz","previousOperationId":"y6991ralv5quhuu"}
{"type":"operationEnd","operationId":"y6991ralv5quhuu","timestamp":1705343261749,"id":"ygep4f2zjo2ijus","previousEventId":"r5007zhn9w1lgvp","previousOperationId":"y6991ralv5quhuu"}
{"type":"log","timestamp":1705343261749,"level":"debug","message":"Skipping storing report.","meta":{"rootId":"8b6h0ddgqvv6171","id":"ilfbvujnju2ozit"},"id":"uwwv0k6xyne15fu","previousOperationId":"y6991ralv5quhuu"}
{"type":"log","timestamp":1705343261749,"level":"info","message":"Rendering (child) request finished in 643 ms","meta":{"rootId":"8b6h0ddgqvv6171","id":"ilfbvujnju2ozit"},"id":"14nlmurubi7aj7n","previousOperationId":"y6991ralv5quhuu"}
{"type":"operationEnd","subtype":"render","operationId":"8vtvysf0gjq4ppx","timestamp":1705343261749,"id":"r3y4icddnidvc4g","previousEventId":"ygep4f2zjo2ijus","previousOperationId":"y6991ralv5quhuu"}
{"type":"operationEnd","operationId":"k1oq74w0teu81st","timestamp":1705343261759,"id":"ze3ihyw842puxn1","previousEventId":"ntk30rchs72ph3u","previousOperationId":"k1oq74w0teu81st"}
{"type":"log","timestamp":1705343261759,"level":"debug","message":"pdf-utils postproces start","meta":{"rootId":"8b6h0ddgqvv6171","id":"8b6h0ddgqvv6171"},"id":"e86txxz2zcl0dsb","previousOperationId":"k1oq74w0teu81st"}
{"type":"log","timestamp":1705343261767,"level":"debug","message":"pdf-utils postproces end","meta":{"rootId":"8b6h0ddgqvv6171","id":"8b6h0ddgqvv6171"},"id":"7j6cv5pqee5v6of","previousOperationId":"k1oq74w0teu81st"}
{"type":"operationEnd","operationId":"fww1zaf63nixsmu","timestamp":1705343261767,"id":"q5wpsqt1g6snqfr","previousEventId":"ze3ihyw842puxn1","previousOperationId":"k1oq74w0teu81st"}
{"type":"log","timestamp":1705343261767,"level":"info","message":"pdf-utils pdf processing was finished","meta":{"rootId":"8b6h0ddgqvv6171","id":"8b6h0ddgqvv6171"},"id":"qg58rfyvpeznoxg","previousOperationId":"fww1zaf63nixsmu"}
{"type":"log","timestamp":1705343261767,"level":"debug","message":"Skipping storing report.","meta":{"rootId":"8b6h0ddgqvv6171","id":"8b6h0ddgqvv6171"},"id":"28c4psmj9gu9ugl","previousOperationId":"fww1zaf63nixsmu"}
{"type":"log","timestamp":1705343261767,"level":"info","message":"Rendering request 34 finished in 661 ms","meta":{"rootId":"8b6h0ddgqvv6171","id":"8b6h0ddgqvv6171"},"id":"rx9up8akk24qeyn","previousOperationId":"fww1zaf63nixsmu"}
{"type":"operationEnd","subtype":"render","operationId":"t52314i4wi13kuo","timestamp":1705343261767,"id":"xgy1ml5q47ip48y","previousEventId":"q5wpsqt1g6snqfr","previousOperationId":"fww1zaf63nixsmu"}
{"type":"operationEnd","doDiffs":false,"previousEventId":"glbs2bqflnbk3i1","previousOperationId":"iotulx0k54ww1we","operationId":"iotulx0k54ww1we","timestamp":1705343261783,"id":"z3d41vkju2fzen8"}
