{"type":"operationStart","subtype":"profile","data":{"_id":"C9PhOq5C4EomyN4O","timestamp":"2024-01-15T09:59:07.546Z","state":"queued","mode":"standard","creationDate":"2024-01-15T09:59:07.553Z","modificationDate":"2024-01-15T09:59:07.553Z","shortid":"23DViZT","$entitySet":"profiles"},"doDiffs":false,"timestamp":1705312747550,"id":"jez7dh2qra9emsk","previousOperationId":null,"operationId":"mnfpfedqkpom8zf"}
{"type":"log","level":"info","message":"Render request 8 queued for execution and waiting for available worker","previousOperationId":"mnfpfedqkpom8zf","timestamp":1705312747551,"id":"706kjp0bekmovux"}
{"type":"operationStart","subtype":"render","name":"locations-main","previousOperationId":"mnfpfedqkpom8zf","timestamp":1705312747565,"id":"3n7jfataavc7zbo","previousEventId":"jez7dh2qra9emsk","operationId":"bcem9q403r3nk42"}
{"type":"log","timestamp":1705312747566,"level":"info","message":"Starting rendering request 8","meta":{"rootId":"a7g5mbwoozufu4p","id":"a7g5mbwoozufu4p"},"id":"72dhr8py5hkeagc","previousOperationId":"bcem9q403r3nk42"}
{"type":"log","timestamp":1705312747566,"level":"info","message":"Rendering template { name: locations-main, recipe: chrome-pdf, engine: handlebars, preview: false }","meta":{"rootId":"a7g5mbwoozufu4p","id":"a7g5mbwoozufu4p"},"id":"0bt2fxtkff865wz","previousOperationId":"bcem9q403r3nk42"}
{"type":"log","timestamp":1705312747569,"level":"debug","message":"Data item not defined for this template.","meta":{"rootId":"a7g5mbwoozufu4p","id":"a7g5mbwoozufu4p"},"id":"gm9nnzw36a1l0hu","previousOperationId":"bcem9q403r3nk42"}
{"type":"log","timestamp":1705312747579,"level":"debug","message":"Executing script locations-script (beforeRender)","meta":{"rootId":"a7g5mbwoozufu4p","id":"a7g5mbwoozufu4p"},"id":"0xf5lp8630ryze2","previousOperationId":"bcem9q403r3nk42"}
{"type":"operationStart","subtype":"scriptsBeforeRender","name":"scripts beforeRender","timestamp":1705312747591,"id":"kfa0d8y6qdsdggp","previousEventId":"3n7jfataavc7zbo","operationId":"zbubqonhk8me07z","previousOperationId":"bcem9q403r3nk42"}
{"type":"operationStart","subtype":"script","name":"scripts locations-script","previousOperationId":"zbubqonhk8me07z","timestamp":1705312747591,"id":"51gcg7eno6fpumq","previousEventId":"kfa0d8y6qdsdggp","operationId":"252u9stnj44ltev"}
{"type":"operationEnd","operationId":"252u9stnj44ltev","timestamp":1705312747603,"id":"5bqy08q0zzom5d3","previousEventId":"3n7jfataavc7zbo","previousOperationId":"bcem9q403r3nk42"}
{"type":"operationEnd","operationId":"zbubqonhk8me07z","timestamp":1705312747603,"id":"6s30pmzr219w18d","previousEventId":"5bqy08q0zzom5d3","previousOperationId":"bcem9q403r3nk42"}
{"type":"log","timestamp":1705312747603,"level":"debug","message":"Base url not specified, skipping its injection.","meta":{"rootId":"a7g5mbwoozufu4p","id":"a7g5mbwoozufu4p"},"id":"c1kb38pxb97rhqa","previousOperationId":"zbubqonhk8me07z"}
{"type":"operationStart","subtype":"engine","name":"handlebars","timestamp":1705312747604,"id":"brdp4k8pfygve9d","previousEventId":"6s30pmzr219w18d","operationId":"k2y35j0gx2koc3k","previousOperationId":"zbubqonhk8me07z"}
{"type":"log","timestamp":1705312747604,"level":"debug","message":"Rendering engine handlebars","meta":{"rootId":"a7g5mbwoozufu4p","id":"a7g5mbwoozufu4p"},"id":"r56ea6kfi2il2o7","previousOperationId":"k2y35j0gx2koc3k"}
{"type":"operationEnd","operationId":"k2y35j0gx2koc3k","timestamp":1705312747619,"id":"je762qgjb9cr9sk","previousEventId":"brdp4k8pfygve9d","previousOperationId":"k2y35j0gx2koc3k"}
{"type":"operationStart","subtype":"recipe","name":"chrome-pdf","timestamp":1705312747619,"id":"xbkyr3bsw4jemxf","previousEventId":"je762qgjb9cr9sk","operationId":"ceksvsmd2zop3pq","previousOperationId":"k2y35j0gx2koc3k"}
{"type":"log","timestamp":1705312747619,"level":"debug","message":"Executing recipe chrome-pdf","meta":{"rootId":"a7g5mbwoozufu4p","id":"a7g5mbwoozufu4p"},"id":"jbidckwsmeqj69b","previousOperationId":"ceksvsmd2zop3pq"}
{"type":"log","timestamp":1705312747622,"level":"debug","message":"Converting with chrome HeadlessChrome/117.0.5938.149 using chrome-pool strategy","meta":{"rootId":"a7g5mbwoozufu4p","id":"a7g5mbwoozufu4p"},"id":"7qyy50micmek2bq","previousOperationId":"ceksvsmd2zop3pq"}
{"type":"log","timestamp":1705312747756,"level":"debug","message":"Page request: GET (document) file:///C:/Users/arida/AppData/Local/Temp/jsreport/autocleanup/3d1912b2-70de-4262-b026-1531cbb4c52a-chrome-pdf.html","meta":{"rootId":"a7g5mbwoozufu4p","id":"a7g5mbwoozufu4p"},"id":"btbihw7ys8qa50p","previousOperationId":"ceksvsmd2zop3pq"}
{"type":"log","timestamp":1705312747765,"level":"debug","message":"Page request: GET (stylesheet) https://cdnjs.cloudflare.com/ajax/libs/metro/4.1.5/css/metro.min.css","meta":{"rootId":"a7g5mbwoozufu4p","id":"a7g5mbwoozufu4p"},"id":"kjfszp5vdk213ip","previousOperationId":"ceksvsmd2zop3pq"}
{"type":"log","timestamp":1705312747766,"level":"debug","message":"Page request: GET (script) https://cdnjs.cloudflare.com/ajax/libs/Chart.js/2.7.2/Chart.min.js","meta":{"rootId":"a7g5mbwoozufu4p","id":"a7g5mbwoozufu4p"},"id":"ortn32phuyoobwg","previousOperationId":"ceksvsmd2zop3pq"}
{"type":"log","timestamp":1705312747766,"level":"debug","message":"Page request finished: GET (document) 200 file:///C:/Users/arida/AppData/Local/Temp/jsreport/autocleanup/3d1912b2-70de-4262-b026-1531cbb4c52a-chrome-pdf.html","meta":{"rootId":"a7g5mbwoozufu4p","id":"a7g5mbwoozufu4p"},"id":"630jgpuwxuuba3o","previousOperationId":"ceksvsmd2zop3pq"}
{"type":"log","timestamp":1705312747772,"level":"debug","message":"Page request finished: GET (script) 200 https://cdnjs.cloudflare.com/ajax/libs/Chart.js/2.7.2/Chart.min.js","meta":{"rootId":"a7g5mbwoozufu4p","id":"a7g5mbwoozufu4p"},"id":"ztbrxn954rbd5zx","previousOperationId":"ceksvsmd2zop3pq"}
{"type":"log","timestamp":1705312747787,"level":"debug","message":"Page request finished: GET (stylesheet) 200 https://cdnjs.cloudflare.com/ajax/libs/metro/4.1.5/css/metro.min.css","meta":{"rootId":"a7g5mbwoozufu4p","id":"a7g5mbwoozufu4p"},"id":"g0ve1irgj85wy1b","previousOperationId":"ceksvsmd2zop3pq"}
{"type":"log","timestamp":1705312747793,"level":"warn","message":"Page error: \"undefined\" is not valid JSON\nJSON.parse (<anonymous>) , stack: SyntaxError: \"undefined\" is not valid JSON\nJSON.parse (<anonymous>)\n    at <anonymous> (file:///C:/Users/arida/AppData/Local/Temp/jsreport/autocleanup/3d1912b2-70de-4262-b026-1531cbb4c52a-chrome-pdf.html:34:23)","meta":{"rootId":"a7g5mbwoozufu4p","id":"a7g5mbwoozufu4p"},"id":"5qnjqhce1eh9lvw","previousOperationId":"ceksvsmd2zop3pq"}
{"type":"log","timestamp":1705312747820,"level":"debug","message":"Running chrome with params {\"printBackground\":true,\"marginTop\":\"4cm\",\"marginRight\":\"1.5cm\",\"marginBottom\":\"1.5cm\",\"marginLeft\":\"1.5cm\",\"waitForJS\":false,\"timeout\":59924,\"margin\":{\"top\":\"4cm\",\"right\":\"1.5cm\",\"bottom\":\"1.5cm\",\"left\":\"1.5cm\"}}","meta":{"rootId":"a7g5mbwoozufu4p","id":"a7g5mbwoozufu4p"},"id":"mgeo5rph65v4zs4","previousOperationId":"ceksvsmd2zop3pq"}
{"type":"operationEnd","operationId":"ceksvsmd2zop3pq","timestamp":1705312747870,"id":"u2xyvqypchselqt","previousEventId":"xbkyr3bsw4jemxf","previousOperationId":"ceksvsmd2zop3pq"}
{"type":"log","timestamp":1705312747870,"level":"info","message":"pdf-utils is starting pdf processing","meta":{"rootId":"a7g5mbwoozufu4p","id":"a7g5mbwoozufu4p"},"id":"6p945mihxgyy1tg","previousOperationId":"ceksvsmd2zop3pq"}
{"type":"operationStart","subtype":"pdfUtils","name":"pdf utils","timestamp":1705312747870,"id":"83dg64qmgbn72er","previousEventId":"u2xyvqypchselqt","operationId":"q5pkyqud6c8flsq","previousOperationId":"ceksvsmd2zop3pq"}
{"type":"log","timestamp":1705312747870,"level":"debug","message":"pdf-utils detected 1 pdf operation(s) to process","meta":{"rootId":"a7g5mbwoozufu4p","id":"a7g5mbwoozufu4p"},"id":"0i6sd7sj1866ony","previousOperationId":"q5pkyqud6c8flsq"}
{"type":"log","timestamp":1705312747888,"level":"debug","message":"pdf-utils running pdf operation merge","meta":{"rootId":"a7g5mbwoozufu4p","id":"a7g5mbwoozufu4p"},"id":"onl8zj7er2y24eb","previousOperationId":"q5pkyqud6c8flsq"}
{"type":"operationStart","subtype":"pdfUtilsMerge","name":"pdf utils merge","previousOperationId":"q5pkyqud6c8flsq","timestamp":1705312747888,"id":"vnrmtx34vsvgz6x","previousEventId":"83dg64qmgbn72er","operationId":"5mylkb4ory0j5vb"}
{"type":"operationStart","subtype":"render","name":"locations-header","previousOperationId":"5mylkb4ory0j5vb","timestamp":1705312747889,"id":"qlwnkdrhan88brt","previousEventId":"vnrmtx34vsvgz6x","operationId":"w3sdsls7wv7tz4z"}
{"type":"log","timestamp":1705312747890,"level":"info","message":"Starting rendering (child) request","meta":{"rootId":"a7g5mbwoozufu4p","id":"yj82o1sulp4jf9l"},"id":"9xrsczd4s3vrvql","previousOperationId":"w3sdsls7wv7tz4z"}
{"type":"log","timestamp":1705312747890,"level":"info","message":"Rendering template { name: locations-header, recipe: chrome-pdf, engine: handlebars, preview: false }","meta":{"rootId":"a7g5mbwoozufu4p","id":"yj82o1sulp4jf9l"},"id":"zt7yy9xh4fw9p0s","previousOperationId":"w3sdsls7wv7tz4z"}
{"type":"log","timestamp":1705312747898,"level":"debug","message":"Inline data specified.","meta":{"rootId":"a7g5mbwoozufu4p","id":"yj82o1sulp4jf9l"},"id":"qis6drvpl1btf59","previousOperationId":"w3sdsls7wv7tz4z"}
{"type":"log","timestamp":1705312747901,"level":"debug","message":"Base url not specified, skipping its injection.","meta":{"rootId":"a7g5mbwoozufu4p","id":"yj82o1sulp4jf9l"},"id":"uakrpdxzmepsl0f","previousOperationId":"w3sdsls7wv7tz4z"}
{"type":"operationStart","subtype":"engine","name":"handlebars","timestamp":1705312747902,"id":"e87r4o2vjdr0dq5","previousEventId":"qlwnkdrhan88brt","operationId":"nnt0c7xlh3wn3ha","previousOperationId":"w3sdsls7wv7tz4z"}
{"type":"log","timestamp":1705312747902,"level":"debug","message":"Rendering engine handlebars","meta":{"rootId":"a7g5mbwoozufu4p","id":"yj82o1sulp4jf9l"},"id":"5cdluxa3dhh5dlt","previousOperationId":"nnt0c7xlh3wn3ha"}
{"type":"operationEnd","operationId":"nnt0c7xlh3wn3ha","timestamp":1705312747917,"id":"8qgnckp1fruxlme","previousEventId":"e87r4o2vjdr0dq5","previousOperationId":"nnt0c7xlh3wn3ha"}
{"type":"operationStart","subtype":"recipe","name":"chrome-pdf","timestamp":1705312747917,"id":"litggqw6j5mnq52","previousEventId":"8qgnckp1fruxlme","operationId":"vs9hwj5bg71clmw","previousOperationId":"nnt0c7xlh3wn3ha"}
{"type":"log","timestamp":1705312747917,"level":"debug","message":"Executing recipe chrome-pdf","meta":{"rootId":"a7g5mbwoozufu4p","id":"yj82o1sulp4jf9l"},"id":"tauklhadvbqg2ui","previousOperationId":"vs9hwj5bg71clmw"}
{"type":"log","timestamp":1705312747920,"level":"debug","message":"Converting with chrome HeadlessChrome/117.0.5938.149 using chrome-pool strategy","meta":{"rootId":"a7g5mbwoozufu4p","id":"yj82o1sulp4jf9l"},"id":"3ksbcf47xsvee7w","previousOperationId":"vs9hwj5bg71clmw"}
{"type":"log","timestamp":1705312748028,"level":"debug","message":"Page request: GET (document) file:///C:/Users/arida/AppData/Local/Temp/jsreport/autocleanup/b4ecbae1-b2e1-440b-97e1-49ee8e7bd161-chrome-pdf.html","meta":{"rootId":"a7g5mbwoozufu4p","id":"yj82o1sulp4jf9l"},"id":"vp0y85ajuej88v2","previousOperationId":"vs9hwj5bg71clmw"}
{"type":"log","timestamp":1705312748039,"level":"debug","message":"Page request: GET (stylesheet) https://cdnjs.cloudflare.com/ajax/libs/metro/4.1.5/css/metro.min.css","meta":{"rootId":"a7g5mbwoozufu4p","id":"yj82o1sulp4jf9l"},"id":"fl0iv8ta4azcsye","previousOperationId":"vs9hwj5bg71clmw"}
{"type":"log","timestamp":1705312748039,"level":"debug","message":"Page request finished: GET (document) 200 file:///C:/Users/arida/AppData/Local/Temp/jsreport/autocleanup/b4ecbae1-b2e1-440b-97e1-49ee8e7bd161-chrome-pdf.html","meta":{"rootId":"a7g5mbwoozufu4p","id":"yj82o1sulp4jf9l"},"id":"lk4qi6o9izlal48","previousOperationId":"vs9hwj5bg71clmw"}
{"type":"log","timestamp":1705312748058,"level":"debug","message":"Page request finished: GET (stylesheet) 200 https://cdnjs.cloudflare.com/ajax/libs/metro/4.1.5/css/metro.min.css","meta":{"rootId":"a7g5mbwoozufu4p","id":"yj82o1sulp4jf9l"},"id":"07a212v52spr4et","previousOperationId":"vs9hwj5bg71clmw"}
{"type":"log","timestamp":1705312748080,"level":"debug","message":"Running chrome with params {\"printBackground\":true,\"marginTop\":\"1.5cm\",\"marginRight\":\"1.5cm\",\"marginLeft\":\"1.cm\",\"timeout\":59626,\"margin\":{\"top\":\"1.5cm\",\"right\":\"1.5cm\",\"left\":\"1.cm\"}}","meta":{"rootId":"a7g5mbwoozufu4p","id":"yj82o1sulp4jf9l"},"id":"hnlisubn1ct58lo","previousOperationId":"vs9hwj5bg71clmw"}
{"type":"operationEnd","operationId":"vs9hwj5bg71clmw","timestamp":1705312748117,"id":"yupg59lt6wcyrq7","previousEventId":"litggqw6j5mnq52","previousOperationId":"vs9hwj5bg71clmw"}
{"type":"log","timestamp":1705312748117,"level":"debug","message":"Skipping storing report.","meta":{"rootId":"a7g5mbwoozufu4p","id":"yj82o1sulp4jf9l"},"id":"r6pb9m6b6vsi60c","previousOperationId":"vs9hwj5bg71clmw"}
{"type":"log","timestamp":1705312748117,"level":"info","message":"Rendering (child) request finished in 572 ms","meta":{"rootId":"a7g5mbwoozufu4p","id":"yj82o1sulp4jf9l"},"id":"5iujm5lc5mn0c0j","previousOperationId":"vs9hwj5bg71clmw"}
{"type":"operationEnd","subtype":"render","operationId":"w3sdsls7wv7tz4z","timestamp":1705312748117,"id":"s8457obpfqzejxo","previousEventId":"yupg59lt6wcyrq7","previousOperationId":"vs9hwj5bg71clmw"}
{"type":"operationEnd","operationId":"5mylkb4ory0j5vb","timestamp":1705312748126,"id":"tbk3s4ny2vut1fc","previousEventId":"vnrmtx34vsvgz6x","previousOperationId":"5mylkb4ory0j5vb"}
{"type":"log","timestamp":1705312748126,"level":"debug","message":"pdf-utils postproces start","meta":{"rootId":"a7g5mbwoozufu4p","id":"a7g5mbwoozufu4p"},"id":"5mf6ewleltfe12v","previousOperationId":"5mylkb4ory0j5vb"}
{"type":"log","timestamp":1705312748134,"level":"debug","message":"pdf-utils postproces end","meta":{"rootId":"a7g5mbwoozufu4p","id":"a7g5mbwoozufu4p"},"id":"cifx51r5tp0k496","previousOperationId":"5mylkb4ory0j5vb"}
{"type":"operationEnd","operationId":"q5pkyqud6c8flsq","timestamp":1705312748135,"id":"gbb16srg4yhdt1n","previousEventId":"tbk3s4ny2vut1fc","previousOperationId":"5mylkb4ory0j5vb"}
{"type":"log","timestamp":1705312748135,"level":"info","message":"pdf-utils pdf processing was finished","meta":{"rootId":"a7g5mbwoozufu4p","id":"a7g5mbwoozufu4p"},"id":"2709wxiahgk1lov","previousOperationId":"q5pkyqud6c8flsq"}
{"type":"log","timestamp":1705312748135,"level":"debug","message":"Skipping storing report.","meta":{"rootId":"a7g5mbwoozufu4p","id":"a7g5mbwoozufu4p"},"id":"w0pgwdi2u3f4f9g","previousOperationId":"q5pkyqud6c8flsq"}
{"type":"log","timestamp":1705312748135,"level":"info","message":"Rendering request 8 finished in 590 ms","meta":{"rootId":"a7g5mbwoozufu4p","id":"a7g5mbwoozufu4p"},"id":"jjew7geedk824zb","previousOperationId":"q5pkyqud6c8flsq"}
{"type":"operationEnd","subtype":"render","operationId":"bcem9q403r3nk42","timestamp":1705312748135,"id":"nshra0dx3wc1gse","previousEventId":"gbb16srg4yhdt1n","previousOperationId":"q5pkyqud6c8flsq"}
{"type":"operationEnd","doDiffs":false,"previousEventId":"jez7dh2qra9emsk","previousOperationId":"mnfpfedqkpom8zf","operationId":"mnfpfedqkpom8zf","timestamp":1705312748139,"id":"7u70lzbivqufot2"}
