{"type":"operationStart","subtype":"profile","data":{"_id":"mIHpoGOb0nL05xY0","timestamp":"2024-01-15T18:30:41.672Z","state":"queued","mode":"standard","creationDate":"2024-01-15T18:30:41.674Z","modificationDate":"2024-01-15T18:30:41.674Z","shortid":"OIrnHGO","$entitySet":"profiles"},"doDiffs":false,"timestamp":1705343441673,"id":"ozlr0b5ewcajh1b","previousOperationId":null,"operationId":"g7mkiav9ubuu0g4"}
{"type":"log","level":"info","message":"Render request 45 queued for execution and waiting for available worker","previousOperationId":"g7mkiav9ubuu0g4","timestamp":1705343441673,"id":"nur4m3c3mhfa5fh"}
{"type":"operationStart","subtype":"render","name":"locations-main","previousOperationId":"g7mkiav9ubuu0g4","timestamp":1705343441687,"id":"8aehjcfqmo3xqiw","previousEventId":"ozlr0b5ewcajh1b","operationId":"csczpl3251axo0b"}
{"type":"log","timestamp":1705343441687,"level":"info","message":"Starting rendering request 45","meta":{"rootId":"ak4yjpc8c5klkr9","id":"ak4yjpc8c5klkr9"},"id":"e9g0tmdno3l96yu","previousOperationId":"csczpl3251axo0b"}
{"type":"log","timestamp":1705343441688,"level":"info","message":"Rendering template { name: locations-main, recipe: chrome-pdf, engine: handlebars, preview: true }","meta":{"rootId":"ak4yjpc8c5klkr9","id":"ak4yjpc8c5klkr9"},"id":"rvwhkebz445eky7","previousOperationId":"csczpl3251axo0b"}
{"type":"log","timestamp":1705343441689,"level":"debug","message":"Data item not defined for this template.","meta":{"rootId":"ak4yjpc8c5klkr9","id":"ak4yjpc8c5klkr9"},"id":"tqzcvft2ennkucr","previousOperationId":"csczpl3251axo0b"}
{"type":"log","timestamp":1705343441691,"level":"debug","message":"Executing script locations-script (beforeRender)","meta":{"rootId":"ak4yjpc8c5klkr9","id":"ak4yjpc8c5klkr9"},"id":"a5kt6k977qngucj","previousOperationId":"csczpl3251axo0b"}
{"type":"operationStart","subtype":"scriptsBeforeRender","name":"scripts beforeRender","timestamp":1705343441702,"id":"ncpdkt76ehvlcub","previousEventId":"8aehjcfqmo3xqiw","operationId":"j1v128tihzr4gtw","previousOperationId":"csczpl3251axo0b"}
{"type":"operationStart","subtype":"script","name":"scripts locations-script","previousOperationId":"j1v128tihzr4gtw","timestamp":1705343441702,"id":"b2k8hydmzkqp4h6","previousEventId":"ncpdkt76ehvlcub","operationId":"9rk345x762ynal0"}
{"type":"operationEnd","operationId":"9rk345x762ynal0","timestamp":1705343441712,"id":"b2whzybsd3r6jsq","previousEventId":"8aehjcfqmo3xqiw","previousOperationId":"csczpl3251axo0b"}
{"type":"operationEnd","operationId":"j1v128tihzr4gtw","timestamp":1705343441712,"id":"qbvq9uugnlv3970","previousEventId":"b2whzybsd3r6jsq","previousOperationId":"csczpl3251axo0b"}
{"type":"log","timestamp":1705343441712,"level":"debug","message":"Base url not specified, skipping its injection.","meta":{"rootId":"ak4yjpc8c5klkr9","id":"ak4yjpc8c5klkr9"},"id":"2b33jwusrs3mgog","previousOperationId":"j1v128tihzr4gtw"}
{"type":"operationStart","subtype":"engine","name":"handlebars","timestamp":1705343441712,"id":"4945t39er84fayd","previousEventId":"qbvq9uugnlv3970","operationId":"coafnmarm0kwj7m","previousOperationId":"j1v128tihzr4gtw"}
{"type":"log","timestamp":1705343441712,"level":"debug","message":"Rendering engine handlebars","meta":{"rootId":"ak4yjpc8c5klkr9","id":"ak4yjpc8c5klkr9"},"id":"8hzpjqlnl2ga1ub","previousOperationId":"coafnmarm0kwj7m"}
{"type":"operationEnd","operationId":"coafnmarm0kwj7m","timestamp":1705343441733,"id":"o6ljmzwjhyp3f0i","previousEventId":"4945t39er84fayd","previousOperationId":"coafnmarm0kwj7m"}
{"type":"operationStart","subtype":"recipe","name":"chrome-pdf","timestamp":1705343441734,"id":"1xmv391ke4qfwky","previousEventId":"o6ljmzwjhyp3f0i","operationId":"33fueh03opee462","previousOperationId":"coafnmarm0kwj7m"}
{"type":"log","timestamp":1705343441734,"level":"debug","message":"Executing recipe chrome-pdf","meta":{"rootId":"ak4yjpc8c5klkr9","id":"ak4yjpc8c5klkr9"},"id":"fkiyui13m2zd1vb","previousOperationId":"33fueh03opee462"}
{"type":"log","timestamp":1705343441738,"level":"debug","message":"Converting with chrome HeadlessChrome/117.0.5938.149 using chrome-pool strategy","meta":{"rootId":"ak4yjpc8c5klkr9","id":"ak4yjpc8c5klkr9"},"id":"5ltj7rv382pxtbb","previousOperationId":"33fueh03opee462"}
{"type":"log","timestamp":1705343441881,"level":"debug","message":"Page request: GET (document) file:///C:/Users/arida/AppData/Local/Temp/jsreport/autocleanup/c4f58c82-fea4-41f1-89e0-a58088d7cf2f-chrome-pdf.html","meta":{"rootId":"ak4yjpc8c5klkr9","id":"ak4yjpc8c5klkr9"},"id":"tiltnfabv92oz77","previousOperationId":"33fueh03opee462"}
{"type":"log","timestamp":1705343441893,"level":"debug","message":"Page request: GET (script) https://cdnjs.cloudflare.com/ajax/libs/Chart.js/2.7.2/Chart.min.js","meta":{"rootId":"ak4yjpc8c5klkr9","id":"ak4yjpc8c5klkr9"},"id":"8nhdffp813553io","previousOperationId":"33fueh03opee462"}
{"type":"log","timestamp":1705343441894,"level":"debug","message":"Page request finished: GET (document) 200 file:///C:/Users/arida/AppData/Local/Temp/jsreport/autocleanup/c4f58c82-fea4-41f1-89e0-a58088d7cf2f-chrome-pdf.html","meta":{"rootId":"ak4yjpc8c5klkr9","id":"ak4yjpc8c5klkr9"},"id":"rm1eqzbz0zau7sp","previousOperationId":"33fueh03opee462"}
{"type":"log","timestamp":1705343441900,"level":"debug","message":"Page request finished: GET (script) 200 https://cdnjs.cloudflare.com/ajax/libs/Chart.js/2.7.2/Chart.min.js","meta":{"rootId":"ak4yjpc8c5klkr9","id":"ak4yjpc8c5klkr9"},"id":"n69dmz5okkeb46c","previousOperationId":"33fueh03opee462"}
{"type":"log","timestamp":1705343441908,"level":"warn","message":"Page error: Invalid or unexpected token , stack: SyntaxError: Invalid or unexpected token","meta":{"rootId":"ak4yjpc8c5klkr9","id":"ak4yjpc8c5klkr9"},"id":"cpdhvi6zkegfgpp","previousOperationId":"33fueh03opee462"}
{"type":"log","timestamp":1705343441922,"level":"debug","message":"Running chrome with params {\"printBackground\":true,\"marginTop\":\"4cm\",\"marginRight\":\"1.5cm\",\"marginBottom\":\"1.5cm\",\"marginLeft\":\"1.5cm\",\"waitForJS\":false,\"timeout\":59935,\"margin\":{\"top\":\"4cm\",\"right\":\"1.5cm\",\"bottom\":\"1.5cm\",\"left\":\"1.5cm\"}}","meta":{"rootId":"ak4yjpc8c5klkr9","id":"ak4yjpc8c5klkr9"},"id":"zv5ky4f9krdvejl","previousOperationId":"33fueh03opee462"}
{"type":"operationEnd","operationId":"33fueh03opee462","timestamp":1705343441966,"id":"zv7v9517l9f0tfy","previousEventId":"1xmv391ke4qfwky","previousOperationId":"33fueh03opee462"}
{"type":"log","timestamp":1705343441966,"level":"info","message":"pdf-utils is starting pdf processing","meta":{"rootId":"ak4yjpc8c5klkr9","id":"ak4yjpc8c5klkr9"},"id":"d7nwin0mu13200w","previousOperationId":"33fueh03opee462"}
{"type":"operationStart","subtype":"pdfUtils","name":"pdf utils","timestamp":1705343441966,"id":"jmggks3u8synrow","previousEventId":"zv7v9517l9f0tfy","operationId":"fsxd0gpovq9eqmo","previousOperationId":"33fueh03opee462"}
{"type":"log","timestamp":1705343441966,"level":"debug","message":"pdf-utils detected 1 pdf operation(s) to process","meta":{"rootId":"ak4yjpc8c5klkr9","id":"ak4yjpc8c5klkr9"},"id":"dsdc6f4ehaqsiyo","previousOperationId":"fsxd0gpovq9eqmo"}
{"type":"log","timestamp":1705343441979,"level":"debug","message":"pdf-utils running pdf operation merge","meta":{"rootId":"ak4yjpc8c5klkr9","id":"ak4yjpc8c5klkr9"},"id":"4w515ur8qh4hqzc","previousOperationId":"fsxd0gpovq9eqmo"}
{"type":"operationStart","subtype":"pdfUtilsMerge","name":"pdf utils merge","previousOperationId":"fsxd0gpovq9eqmo","timestamp":1705343441979,"id":"kcm3kzgkzue85r3","previousEventId":"jmggks3u8synrow","operationId":"0dcid3td5ohp33y"}
{"type":"operationStart","subtype":"render","name":"locations-header","previousOperationId":"0dcid3td5ohp33y","timestamp":1705343441982,"id":"7t63v8667s5g15a","previousEventId":"kcm3kzgkzue85r3","operationId":"nz50a5ev0a9iszc"}
{"type":"log","timestamp":1705343441982,"level":"info","message":"Starting rendering (child) request","meta":{"rootId":"ak4yjpc8c5klkr9","id":"b7qlh4xpaujqfr2"},"id":"dwdmzt3kysqat7c","previousOperationId":"nz50a5ev0a9iszc"}
{"type":"log","timestamp":1705343441982,"level":"info","message":"Rendering template { name: locations-header, recipe: chrome-pdf, engine: handlebars, preview: true }","meta":{"rootId":"ak4yjpc8c5klkr9","id":"b7qlh4xpaujqfr2"},"id":"3m03818pfell7pc","previousOperationId":"nz50a5ev0a9iszc"}
{"type":"log","timestamp":1705343441995,"level":"debug","message":"Inline data specified.","meta":{"rootId":"ak4yjpc8c5klkr9","id":"b7qlh4xpaujqfr2"},"id":"xm8gyl5mkfecqoy","previousOperationId":"nz50a5ev0a9iszc"}
{"type":"log","timestamp":1705343441997,"level":"debug","message":"Base url not specified, skipping its injection.","meta":{"rootId":"ak4yjpc8c5klkr9","id":"b7qlh4xpaujqfr2"},"id":"7mjwi1024x6ldir","previousOperationId":"nz50a5ev0a9iszc"}
{"type":"operationStart","subtype":"engine","name":"handlebars","timestamp":1705343441998,"id":"ebyc2w5cgri1fld","previousEventId":"7t63v8667s5g15a","operationId":"96f1myzpd9rmjcr","previousOperationId":"nz50a5ev0a9iszc"}
{"type":"log","timestamp":1705343441998,"level":"debug","message":"Rendering engine handlebars","meta":{"rootId":"ak4yjpc8c5klkr9","id":"b7qlh4xpaujqfr2"},"id":"v7au53snuqn32mp","previousOperationId":"96f1myzpd9rmjcr"}
{"type":"operationEnd","operationId":"96f1myzpd9rmjcr","timestamp":1705343442015,"id":"8kt0oep62z34ptk","previousEventId":"ebyc2w5cgri1fld","previousOperationId":"96f1myzpd9rmjcr"}
{"type":"operationStart","subtype":"recipe","name":"chrome-pdf","timestamp":1705343442015,"id":"wi00ixar5wasov3","previousEventId":"8kt0oep62z34ptk","operationId":"f0by4cr8ku0w37x","previousOperationId":"96f1myzpd9rmjcr"}
{"type":"log","timestamp":1705343442015,"level":"debug","message":"Executing recipe chrome-pdf","meta":{"rootId":"ak4yjpc8c5klkr9","id":"b7qlh4xpaujqfr2"},"id":"7gbyce8xadlq7qz","previousOperationId":"f0by4cr8ku0w37x"}
{"type":"log","timestamp":1705343442017,"level":"debug","message":"Converting with chrome HeadlessChrome/117.0.5938.149 using chrome-pool strategy","meta":{"rootId":"ak4yjpc8c5klkr9","id":"b7qlh4xpaujqfr2"},"id":"hwwjhyun98wq3vv","previousOperationId":"f0by4cr8ku0w37x"}
{"type":"log","timestamp":1705343442165,"level":"debug","message":"Page request: GET (document) file:///C:/Users/arida/AppData/Local/Temp/jsreport/autocleanup/cebad8f4-3984-4624-aca8-6cf9f7e041be-chrome-pdf.html","meta":{"rootId":"ak4yjpc8c5klkr9","id":"b7qlh4xpaujqfr2"},"id":"b0ho9wbrqv7z0m0","previousOperationId":"f0by4cr8ku0w37x"}
{"type":"log","timestamp":1705343442181,"level":"debug","message":"Page request: GET (stylesheet) https://cdnjs.cloudflare.com/ajax/libs/metro/4.1.5/css/metro.min.css","meta":{"rootId":"ak4yjpc8c5klkr9","id":"b7qlh4xpaujqfr2"},"id":"chdiw6k5uitgk64","previousOperationId":"f0by4cr8ku0w37x"}
{"type":"log","timestamp":1705343442181,"level":"debug","message":"Page request finished: GET (document) 200 file:///C:/Users/arida/AppData/Local/Temp/jsreport/autocleanup/cebad8f4-3984-4624-aca8-6cf9f7e041be-chrome-pdf.html","meta":{"rootId":"ak4yjpc8c5klkr9","id":"b7qlh4xpaujqfr2"},"id":"01c4wxjkd7zyjbi","previousOperationId":"f0by4cr8ku0w37x"}
{"type":"log","timestamp":1705343442207,"level":"debug","message":"Page request finished: GET (stylesheet) 200 https://cdnjs.cloudflare.com/ajax/libs/metro/4.1.5/css/metro.min.css","meta":{"rootId":"ak4yjpc8c5klkr9","id":"b7qlh4xpaujqfr2"},"id":"g16rseuhag7jpyd","previousOperationId":"f0by4cr8ku0w37x"}
{"type":"log","timestamp":1705343442236,"level":"debug","message":"Running chrome with params {\"printBackground\":true,\"marginTop\":\"1.5cm\",\"marginRight\":\"1.5cm\",\"marginLeft\":\"1.cm\",\"timeout\":59656,\"margin\":{\"top\":\"1.5cm\",\"right\":\"1.5cm\",\"left\":\"1.cm\"}}","meta":{"rootId":"ak4yjpc8c5klkr9","id":"b7qlh4xpaujqfr2"},"id":"lf5tn80jgkoigte","previousOperationId":"f0by4cr8ku0w37x"}
{"type":"operationEnd","operationId":"f0by4cr8ku0w37x","timestamp":1705343442284,"id":"8t94f3yfigmizkw","previousEventId":"wi00ixar5wasov3","previousOperationId":"f0by4cr8ku0w37x"}
{"type":"log","timestamp":1705343442284,"level":"debug","message":"Skipping storing report.","meta":{"rootId":"ak4yjpc8c5klkr9","id":"b7qlh4xpaujqfr2"},"id":"qoemvpmomclg3p4","previousOperationId":"f0by4cr8ku0w37x"}
{"type":"log","timestamp":1705343442284,"level":"info","message":"Rendering (child) request finished in 612 ms","meta":{"rootId":"ak4yjpc8c5klkr9","id":"b7qlh4xpaujqfr2"},"id":"adf4b36psjxpcol","previousOperationId":"f0by4cr8ku0w37x"}
{"type":"operationEnd","subtype":"render","operationId":"nz50a5ev0a9iszc","timestamp":1705343442284,"id":"62xne5rgyfk0vx4","previousEventId":"8t94f3yfigmizkw","previousOperationId":"f0by4cr8ku0w37x"}
{"type":"operationEnd","operationId":"0dcid3td5ohp33y","timestamp":1705343442295,"id":"o677lyu7sbxs78v","previousEventId":"kcm3kzgkzue85r3","previousOperationId":"0dcid3td5ohp33y"}
{"type":"log","timestamp":1705343442296,"level":"debug","message":"pdf-utils postproces start","meta":{"rootId":"ak4yjpc8c5klkr9","id":"ak4yjpc8c5klkr9"},"id":"rpxp8r5rr1217ve","previousOperationId":"0dcid3td5ohp33y"}
{"type":"log","timestamp":1705343442305,"level":"debug","message":"pdf-utils postproces end","meta":{"rootId":"ak4yjpc8c5klkr9","id":"ak4yjpc8c5klkr9"},"id":"w427q55fiaf369k","previousOperationId":"0dcid3td5ohp33y"}
{"type":"operationEnd","operationId":"fsxd0gpovq9eqmo","timestamp":1705343442305,"id":"3mmxntm97ukv6ii","previousEventId":"o677lyu7sbxs78v","previousOperationId":"0dcid3td5ohp33y"}
{"type":"log","timestamp":1705343442305,"level":"info","message":"pdf-utils pdf processing was finished","meta":{"rootId":"ak4yjpc8c5klkr9","id":"ak4yjpc8c5klkr9"},"id":"ryq5x80atxvxrks","previousOperationId":"fsxd0gpovq9eqmo"}
{"type":"log","timestamp":1705343442305,"level":"debug","message":"Skipping storing report.","meta":{"rootId":"ak4yjpc8c5klkr9","id":"ak4yjpc8c5klkr9"},"id":"gl28c24laym16we","previousOperationId":"fsxd0gpovq9eqmo"}
{"type":"log","timestamp":1705343442305,"level":"info","message":"Rendering request 45 finished in 633 ms","meta":{"rootId":"ak4yjpc8c5klkr9","id":"ak4yjpc8c5klkr9"},"id":"xwp1mp1eean4bf4","previousOperationId":"fsxd0gpovq9eqmo"}
{"type":"operationEnd","subtype":"render","operationId":"csczpl3251axo0b","timestamp":1705343442305,"id":"qrol6c0s38rvtlk","previousEventId":"3mmxntm97ukv6ii","previousOperationId":"fsxd0gpovq9eqmo"}
{"type":"operationEnd","doDiffs":false,"previousEventId":"ozlr0b5ewcajh1b","previousOperationId":"g7mkiav9ubuu0g4","operationId":"g7mkiav9ubuu0g4","timestamp":1705343442319,"id":"tps5nm6ysgw4fzk"}
