{"type":"operationStart","subtype":"profile","data":{"_id":"NPMyGzuw9bBuvOjh","timestamp":"2024-01-15T10:01:55.122Z","state":"queued","mode":"standard","creationDate":"2024-01-15T10:01:55.128Z","modificationDate":"2024-01-15T10:01:55.128Z","shortid":"zAW78I_","$entitySet":"profiles"},"doDiffs":false,"timestamp":1705312915125,"id":"srl3rzbk6jjqjlx","previousOperationId":null,"operationId":"8due42yhxfhvcp8"}
{"type":"log","level":"info","message":"Render request 9 queued for execution and waiting for available worker","previousOperationId":"8due42yhxfhvcp8","timestamp":1705312915126,"id":"cbc4m5evimhvg5k"}
{"type":"operationStart","subtype":"render","name":"locations-main","previousOperationId":"8due42yhxfhvcp8","timestamp":1705312915163,"id":"41trjxjl3v799ua","previousEventId":"srl3rzbk6jjqjlx","operationId":"wz6agagmk0xmdvb"}
{"type":"log","timestamp":1705312915163,"level":"info","message":"Starting rendering request 9","meta":{"rootId":"bmpn41djtackfbc","id":"bmpn41djtackfbc"},"id":"3umewju5ihkmqjr","previousOperationId":"wz6agagmk0xmdvb"}
{"type":"log","timestamp":1705312915163,"level":"info","message":"Rendering template { name: locations-main, recipe: chrome-pdf, engine: handlebars, preview: true }","meta":{"rootId":"bmpn41djtackfbc","id":"bmpn41djtackfbc"},"id":"w8goi3aipb4yyss","previousOperationId":"wz6agagmk0xmdvb"}
{"type":"log","timestamp":1705312915168,"level":"debug","message":"Data item not defined for this template.","meta":{"rootId":"bmpn41djtackfbc","id":"bmpn41djtackfbc"},"id":"esm3708vrkxbefr","previousOperationId":"wz6agagmk0xmdvb"}
{"type":"log","timestamp":1705312915179,"level":"debug","message":"Executing script locations-script (beforeRender)","meta":{"rootId":"bmpn41djtackfbc","id":"bmpn41djtackfbc"},"id":"t0bgyrs73daqi4w","previousOperationId":"wz6agagmk0xmdvb"}
{"type":"operationStart","subtype":"scriptsBeforeRender","name":"scripts beforeRender","timestamp":1705312915204,"id":"xr7ysdonh0ebjny","previousEventId":"41trjxjl3v799ua","operationId":"l9tdtqxydl1rcpo","previousOperationId":"wz6agagmk0xmdvb"}
{"type":"operationStart","subtype":"script","name":"scripts locations-script","previousOperationId":"l9tdtqxydl1rcpo","timestamp":1705312915204,"id":"8691er2s0g6fq7d","previousEventId":"xr7ysdonh0ebjny","operationId":"gemr1hspyzxt8yd"}
{"type":"operationEnd","operationId":"gemr1hspyzxt8yd","timestamp":1705312915236,"id":"4ybuwlvd489wvoq","previousEventId":"41trjxjl3v799ua","previousOperationId":"wz6agagmk0xmdvb"}
{"type":"operationEnd","operationId":"l9tdtqxydl1rcpo","timestamp":1705312915236,"id":"rtrzrq09rkmu61k","previousEventId":"4ybuwlvd489wvoq","previousOperationId":"wz6agagmk0xmdvb"}
{"type":"log","timestamp":1705312915236,"level":"debug","message":"Base url not specified, skipping its injection.","meta":{"rootId":"bmpn41djtackfbc","id":"bmpn41djtackfbc"},"id":"dvn1xmxpi5xopad","previousOperationId":"l9tdtqxydl1rcpo"}
{"type":"operationStart","subtype":"engine","name":"handlebars","timestamp":1705312915236,"id":"jho9zdhvc1a07dq","previousEventId":"rtrzrq09rkmu61k","operationId":"2rcupvp2dmr8zh7","previousOperationId":"l9tdtqxydl1rcpo"}
{"type":"log","timestamp":1705312915236,"level":"debug","message":"Rendering engine handlebars","meta":{"rootId":"bmpn41djtackfbc","id":"bmpn41djtackfbc"},"id":"0t1x6edf00lyhst","previousOperationId":"2rcupvp2dmr8zh7"}
{"type":"operationEnd","operationId":"2rcupvp2dmr8zh7","timestamp":1705312915279,"id":"3u4cusa96v9mb3f","previousEventId":"jho9zdhvc1a07dq","previousOperationId":"2rcupvp2dmr8zh7"}
{"type":"operationStart","subtype":"recipe","name":"chrome-pdf","timestamp":1705312915279,"id":"26v6zm9cu7anjls","previousEventId":"3u4cusa96v9mb3f","operationId":"0l2hnjv3hcown7g","previousOperationId":"2rcupvp2dmr8zh7"}
{"type":"log","timestamp":1705312915279,"level":"debug","message":"Executing recipe chrome-pdf","meta":{"rootId":"bmpn41djtackfbc","id":"bmpn41djtackfbc"},"id":"fzql56hwrlg95ud","previousOperationId":"0l2hnjv3hcown7g"}
{"type":"log","timestamp":1705312915286,"level":"debug","message":"Converting with chrome HeadlessChrome/117.0.5938.149 using chrome-pool strategy","meta":{"rootId":"bmpn41djtackfbc","id":"bmpn41djtackfbc"},"id":"fyk1za9iw9e8znk","previousOperationId":"0l2hnjv3hcown7g"}
{"type":"log","timestamp":1705312915516,"level":"debug","message":"Page request: GET (document) file:///C:/Users/arida/AppData/Local/Temp/jsreport/autocleanup/a5974d0c-55c8-48e5-8c52-1203447f8a57-chrome-pdf.html","meta":{"rootId":"bmpn41djtackfbc","id":"bmpn41djtackfbc"},"id":"lzrk64l6cvcbofw","previousOperationId":"0l2hnjv3hcown7g"}
{"type":"log","timestamp":1705312915537,"level":"debug","message":"Page request: GET (stylesheet) https://cdnjs.cloudflare.com/ajax/libs/metro/4.1.5/css/metro.min.css","meta":{"rootId":"bmpn41djtackfbc","id":"bmpn41djtackfbc"},"id":"hm6nn20npigbmoj","previousOperationId":"0l2hnjv3hcown7g"}
{"type":"log","timestamp":1705312915537,"level":"debug","message":"Page request: GET (script) https://cdnjs.cloudflare.com/ajax/libs/Chart.js/2.7.2/Chart.min.js","meta":{"rootId":"bmpn41djtackfbc","id":"bmpn41djtackfbc"},"id":"tuo0iia69lnyxws","previousOperationId":"0l2hnjv3hcown7g"}
{"type":"log","timestamp":1705312915538,"level":"debug","message":"Page request finished: GET (document) 200 file:///C:/Users/arida/AppData/Local/Temp/jsreport/autocleanup/a5974d0c-55c8-48e5-8c52-1203447f8a57-chrome-pdf.html","meta":{"rootId":"bmpn41djtackfbc","id":"bmpn41djtackfbc"},"id":"nntifpig6dnlk1i","previousOperationId":"0l2hnjv3hcown7g"}
{"type":"log","timestamp":1705312915545,"level":"debug","message":"Page request finished: GET (script) 200 https://cdnjs.cloudflare.com/ajax/libs/Chart.js/2.7.2/Chart.min.js","meta":{"rootId":"bmpn41djtackfbc","id":"bmpn41djtackfbc"},"id":"3gcs3zwormw6sl3","previousOperationId":"0l2hnjv3hcown7g"}
{"type":"log","timestamp":1705312915556,"level":"debug","message":"Page request finished: GET (stylesheet) 200 https://cdnjs.cloudflare.com/ajax/libs/metro/4.1.5/css/metro.min.css","meta":{"rootId":"bmpn41djtackfbc","id":"bmpn41djtackfbc"},"id":"a4gkr7esrzofjt9","previousOperationId":"0l2hnjv3hcown7g"}
{"type":"log","timestamp":1705312915561,"level":"warn","message":"Page error: Unexpected token ':' , stack: SyntaxError: Unexpected token ':'","meta":{"rootId":"bmpn41djtackfbc","id":"bmpn41djtackfbc"},"id":"1txywsr1ut3cdox","previousOperationId":"0l2hnjv3hcown7g"}
{"type":"log","timestamp":1705312915568,"level":"debug","message":"Running chrome with params {\"printBackground\":true,\"marginTop\":\"4cm\",\"marginRight\":\"1.5cm\",\"marginBottom\":\"1.5cm\",\"marginLeft\":\"1.5cm\",\"waitForJS\":false,\"timeout\":59837,\"margin\":{\"top\":\"4cm\",\"right\":\"1.5cm\",\"bottom\":\"1.5cm\",\"left\":\"1.5cm\"}}","meta":{"rootId":"bmpn41djtackfbc","id":"bmpn41djtackfbc"},"id":"tmp74yca9qtv8ef","previousOperationId":"0l2hnjv3hcown7g"}
{"type":"operationEnd","operationId":"0l2hnjv3hcown7g","timestamp":1705312915599,"id":"wny4pp5vczrdkmi","previousEventId":"26v6zm9cu7anjls","previousOperationId":"0l2hnjv3hcown7g"}
{"type":"log","timestamp":1705312915599,"level":"info","message":"pdf-utils is starting pdf processing","meta":{"rootId":"bmpn41djtackfbc","id":"bmpn41djtackfbc"},"id":"l1bgaq44uaav63n","previousOperationId":"0l2hnjv3hcown7g"}
{"type":"operationStart","subtype":"pdfUtils","name":"pdf utils","timestamp":1705312915599,"id":"hjn2yphzoivbey6","previousEventId":"wny4pp5vczrdkmi","operationId":"tkztwmf4abyyfs3","previousOperationId":"0l2hnjv3hcown7g"}
{"type":"log","timestamp":1705312915599,"level":"debug","message":"pdf-utils detected 1 pdf operation(s) to process","meta":{"rootId":"bmpn41djtackfbc","id":"bmpn41djtackfbc"},"id":"deomq070l4v7wa7","previousOperationId":"tkztwmf4abyyfs3"}
{"type":"log","timestamp":1705312915604,"level":"debug","message":"pdf-utils running pdf operation merge","meta":{"rootId":"bmpn41djtackfbc","id":"bmpn41djtackfbc"},"id":"zeiui8cp4kgmjs1","previousOperationId":"tkztwmf4abyyfs3"}
{"type":"operationStart","subtype":"pdfUtilsMerge","name":"pdf utils merge","previousOperationId":"tkztwmf4abyyfs3","timestamp":1705312915604,"id":"rvqn60vo6gc78no","previousEventId":"hjn2yphzoivbey6","operationId":"ho9zbfnelrswlkr"}
{"type":"operationStart","subtype":"render","name":"locations-header","previousOperationId":"ho9zbfnelrswlkr","timestamp":1705312915605,"id":"uynj9zxi74bkk48","previousEventId":"rvqn60vo6gc78no","operationId":"c3is0t81pasrtmv"}
{"type":"log","timestamp":1705312915605,"level":"info","message":"Starting rendering (child) request","meta":{"rootId":"bmpn41djtackfbc","id":"l413xafer9fjmym"},"id":"dfgboyajc57p402","previousOperationId":"c3is0t81pasrtmv"}
{"type":"log","timestamp":1705312915605,"level":"info","message":"Rendering template { name: locations-header, recipe: chrome-pdf, engine: handlebars, preview: true }","meta":{"rootId":"bmpn41djtackfbc","id":"l413xafer9fjmym"},"id":"vnj16jt21iiaac7","previousOperationId":"c3is0t81pasrtmv"}
{"type":"log","timestamp":1705312915607,"level":"debug","message":"Inline data specified.","meta":{"rootId":"bmpn41djtackfbc","id":"l413xafer9fjmym"},"id":"qyco19hnc2kzlub","previousOperationId":"c3is0t81pasrtmv"}
{"type":"log","timestamp":1705312915610,"level":"debug","message":"Base url not specified, skipping its injection.","meta":{"rootId":"bmpn41djtackfbc","id":"l413xafer9fjmym"},"id":"36kywedrrfdljdx","previousOperationId":"c3is0t81pasrtmv"}
{"type":"operationStart","subtype":"engine","name":"handlebars","timestamp":1705312915610,"id":"p2qzb0n2qpbesw5","previousEventId":"uynj9zxi74bkk48","operationId":"k6wpagbl0wvazwu","previousOperationId":"c3is0t81pasrtmv"}
{"type":"log","timestamp":1705312915610,"level":"debug","message":"Rendering engine handlebars","meta":{"rootId":"bmpn41djtackfbc","id":"l413xafer9fjmym"},"id":"7aldgmwrf6g6yzh","previousOperationId":"k6wpagbl0wvazwu"}
{"type":"operationEnd","operationId":"k6wpagbl0wvazwu","timestamp":1705312915638,"id":"dz5q87ygi5cn1yy","previousEventId":"p2qzb0n2qpbesw5","previousOperationId":"k6wpagbl0wvazwu"}
{"type":"operationStart","subtype":"recipe","name":"chrome-pdf","timestamp":1705312915638,"id":"bjfs6pv70mc7nbo","previousEventId":"dz5q87ygi5cn1yy","operationId":"eqtidnphe4eokrj","previousOperationId":"k6wpagbl0wvazwu"}
{"type":"log","timestamp":1705312915638,"level":"debug","message":"Executing recipe chrome-pdf","meta":{"rootId":"bmpn41djtackfbc","id":"l413xafer9fjmym"},"id":"b6r7yrirqsnkg3g","previousOperationId":"eqtidnphe4eokrj"}
{"type":"log","timestamp":1705312915642,"level":"debug","message":"Converting with chrome HeadlessChrome/117.0.5938.149 using chrome-pool strategy","meta":{"rootId":"bmpn41djtackfbc","id":"l413xafer9fjmym"},"id":"h3fbk22f8mxazrf","previousOperationId":"eqtidnphe4eokrj"}
{"type":"log","timestamp":1705312915904,"level":"debug","message":"Page request: GET (document) file:///C:/Users/arida/AppData/Local/Temp/jsreport/autocleanup/246325e6-4e47-46da-99ec-3510228a62b4-chrome-pdf.html","meta":{"rootId":"bmpn41djtackfbc","id":"l413xafer9fjmym"},"id":"c5mdlb9hd5l01tv","previousOperationId":"eqtidnphe4eokrj"}
{"type":"log","timestamp":1705312915923,"level":"debug","message":"Page request: GET (stylesheet) https://cdnjs.cloudflare.com/ajax/libs/metro/4.1.5/css/metro.min.css","meta":{"rootId":"bmpn41djtackfbc","id":"l413xafer9fjmym"},"id":"hmduknpksd2qke8","previousOperationId":"eqtidnphe4eokrj"}
{"type":"log","timestamp":1705312915923,"level":"debug","message":"Page request finished: GET (document) 200 file:///C:/Users/arida/AppData/Local/Temp/jsreport/autocleanup/246325e6-4e47-46da-99ec-3510228a62b4-chrome-pdf.html","meta":{"rootId":"bmpn41djtackfbc","id":"l413xafer9fjmym"},"id":"agd0twa2rti2jyk","previousOperationId":"eqtidnphe4eokrj"}
{"type":"log","timestamp":1705312915943,"level":"debug","message":"Page request finished: GET (stylesheet) 200 https://cdnjs.cloudflare.com/ajax/libs/metro/4.1.5/css/metro.min.css","meta":{"rootId":"bmpn41djtackfbc","id":"l413xafer9fjmym"},"id":"dkn8nl7yopudhs0","previousOperationId":"eqtidnphe4eokrj"}
{"type":"log","timestamp":1705312915965,"level":"debug","message":"Running chrome with params {\"printBackground\":true,\"marginTop\":\"1.5cm\",\"marginRight\":\"1.5cm\",\"marginLeft\":\"1.cm\",\"timeout\":59481,\"margin\":{\"top\":\"1.5cm\",\"right\":\"1.5cm\",\"left\":\"1.cm\"}}","meta":{"rootId":"bmpn41djtackfbc","id":"l413xafer9fjmym"},"id":"t1k02ylzwzala02","previousOperationId":"eqtidnphe4eokrj"}
{"type":"operationEnd","operationId":"eqtidnphe4eokrj","timestamp":1705312916035,"id":"a4tz9ikjvcxe8wt","previousEventId":"bjfs6pv70mc7nbo","previousOperationId":"eqtidnphe4eokrj"}
{"type":"log","timestamp":1705312916035,"level":"debug","message":"Skipping storing report.","meta":{"rootId":"bmpn41djtackfbc","id":"l413xafer9fjmym"},"id":"ziseuh40y8imx99","previousOperationId":"eqtidnphe4eokrj"}
{"type":"log","timestamp":1705312916035,"level":"info","message":"Rendering (child) request finished in 914 ms","meta":{"rootId":"bmpn41djtackfbc","id":"l413xafer9fjmym"},"id":"oc0x8wklt2ntic9","previousOperationId":"eqtidnphe4eokrj"}
{"type":"operationEnd","subtype":"render","operationId":"c3is0t81pasrtmv","timestamp":1705312916035,"id":"y8ioyo8fmvam516","previousEventId":"a4tz9ikjvcxe8wt","previousOperationId":"eqtidnphe4eokrj"}
{"type":"operationEnd","operationId":"ho9zbfnelrswlkr","timestamp":1705312916042,"id":"1xrxlh44s7cmdbw","previousEventId":"rvqn60vo6gc78no","previousOperationId":"ho9zbfnelrswlkr"}
{"type":"log","timestamp":1705312916042,"level":"debug","message":"pdf-utils postproces start","meta":{"rootId":"bmpn41djtackfbc","id":"bmpn41djtackfbc"},"id":"j6bqv97n2hi01ti","previousOperationId":"ho9zbfnelrswlkr"}
{"type":"log","timestamp":1705312916053,"level":"debug","message":"pdf-utils postproces end","meta":{"rootId":"bmpn41djtackfbc","id":"bmpn41djtackfbc"},"id":"tfpqa38scxn9uj0","previousOperationId":"ho9zbfnelrswlkr"}
{"type":"operationEnd","operationId":"tkztwmf4abyyfs3","timestamp":1705312916054,"id":"1aza5wbn4iqzdws","previousEventId":"1xrxlh44s7cmdbw","previousOperationId":"ho9zbfnelrswlkr"}
{"type":"log","timestamp":1705312916054,"level":"info","message":"pdf-utils pdf processing was finished","meta":{"rootId":"bmpn41djtackfbc","id":"bmpn41djtackfbc"},"id":"nodnznh8t9dabay","previousOperationId":"tkztwmf4abyyfs3"}
{"type":"log","timestamp":1705312916054,"level":"debug","message":"Skipping storing report.","meta":{"rootId":"bmpn41djtackfbc","id":"bmpn41djtackfbc"},"id":"cg7day51fxbg0vv","previousOperationId":"tkztwmf4abyyfs3"}
{"type":"log","timestamp":1705312916054,"level":"info","message":"Rendering request 9 finished in 933 ms","meta":{"rootId":"bmpn41djtackfbc","id":"bmpn41djtackfbc"},"id":"3dnl0m5e1rmt73d","previousOperationId":"tkztwmf4abyyfs3"}
{"type":"operationEnd","subtype":"render","operationId":"wz6agagmk0xmdvb","timestamp":1705312916054,"id":"c8jmbvi6eqpb6ff","previousEventId":"1aza5wbn4iqzdws","previousOperationId":"tkztwmf4abyyfs3"}
{"type":"operationEnd","doDiffs":false,"previousEventId":"srl3rzbk6jjqjlx","previousOperationId":"8due42yhxfhvcp8","operationId":"8due42yhxfhvcp8","timestamp":1705312916076,"id":"13bxmejin4zsi6z"}
