{"type":"operationStart","subtype":"profile","data":{"_id":"xTaDIpMDHhYuEp4V","timestamp":"2024-01-15T15:54:08.853Z","state":"queued","mode":"standard","creationDate":"2024-01-15T15:54:08.856Z","modificationDate":"2024-01-15T15:54:08.856Z","shortid":"7Idymxk","$entitySet":"profiles"},"doDiffs":false,"timestamp":1705334048855,"id":"et3kpbrjihrkziu","previousOperationId":null,"operationId":"hx4geyk7ym94gh8"}
{"type":"log","level":"info","message":"Render request 17 queued for execution and waiting for available worker","previousOperationId":"hx4geyk7ym94gh8","timestamp":1705334048855,"id":"9kn7fuzpa6wmfj4"}
{"type":"operationStart","subtype":"render","name":"locations-main","previousOperationId":"hx4geyk7ym94gh8","timestamp":1705334048869,"id":"ir9zz0tbmojsw5r","previousEventId":"et3kpbrjihrkziu","operationId":"xtqsv2dfh1jyuvp"}
{"type":"log","timestamp":1705334048869,"level":"info","message":"Starting rendering request 17","meta":{"rootId":"bzrrrdzxodjx4ri","id":"bzrrrdzxodjx4ri"},"id":"qhom24r9bysk33j","previousOperationId":"xtqsv2dfh1jyuvp"}
{"type":"log","timestamp":1705334048869,"level":"info","message":"Rendering template { name: locations-main, recipe: chrome-pdf, engine: handlebars, preview: true }","meta":{"rootId":"bzrrrdzxodjx4ri","id":"bzrrrdzxodjx4ri"},"id":"rgephattz37z9xw","previousOperationId":"xtqsv2dfh1jyuvp"}
{"type":"log","timestamp":1705334048871,"level":"debug","message":"Data item not defined for this template.","meta":{"rootId":"bzrrrdzxodjx4ri","id":"bzrrrdzxodjx4ri"},"id":"rjpuvsiscki7ol5","previousOperationId":"xtqsv2dfh1jyuvp"}
{"type":"log","timestamp":1705334048873,"level":"debug","message":"Executing script locations-script (beforeRender)","meta":{"rootId":"bzrrrdzxodjx4ri","id":"bzrrrdzxodjx4ri"},"id":"xgt4zcpzix4c7pk","previousOperationId":"xtqsv2dfh1jyuvp"}
{"type":"operationStart","subtype":"scriptsBeforeRender","name":"scripts beforeRender","timestamp":1705334048881,"id":"q3f5jf3gqx6faha","previousEventId":"ir9zz0tbmojsw5r","operationId":"sqvr34rxs2qxna7","previousOperationId":"xtqsv2dfh1jyuvp"}
{"type":"operationStart","subtype":"script","name":"scripts locations-script","previousOperationId":"sqvr34rxs2qxna7","timestamp":1705334048881,"id":"fln958vo2j7ndi9","previousEventId":"q3f5jf3gqx6faha","operationId":"d4g6n8o332zxxxo"}
{"type":"operationEnd","operationId":"d4g6n8o332zxxxo","timestamp":1705334048894,"id":"7d0j3rk8q1xfjvm","previousEventId":"ir9zz0tbmojsw5r","previousOperationId":"xtqsv2dfh1jyuvp"}
{"type":"operationEnd","operationId":"sqvr34rxs2qxna7","timestamp":1705334048894,"id":"xgbagfc4q1bvboc","previousEventId":"7d0j3rk8q1xfjvm","previousOperationId":"xtqsv2dfh1jyuvp"}
{"type":"log","timestamp":1705334048894,"level":"debug","message":"Base url not specified, skipping its injection.","meta":{"rootId":"bzrrrdzxodjx4ri","id":"bzrrrdzxodjx4ri"},"id":"gyocup0rb4gf2w1","previousOperationId":"sqvr34rxs2qxna7"}
{"type":"operationStart","subtype":"engine","name":"handlebars","timestamp":1705334048894,"id":"2xrakckfeqekizd","previousEventId":"xgbagfc4q1bvboc","operationId":"eew9t5m56thiqpk","previousOperationId":"sqvr34rxs2qxna7"}
{"type":"log","timestamp":1705334048894,"level":"debug","message":"Rendering engine handlebars","meta":{"rootId":"bzrrrdzxodjx4ri","id":"bzrrrdzxodjx4ri"},"id":"vm9ay0ui7abyjyt","previousOperationId":"eew9t5m56thiqpk"}
{"type":"operationEnd","operationId":"eew9t5m56thiqpk","timestamp":1705334048905,"id":"ftpj5q0q9vjbqaa","previousEventId":"2xrakckfeqekizd","previousOperationId":"eew9t5m56thiqpk"}
{"type":"operationStart","subtype":"recipe","name":"chrome-pdf","timestamp":1705334048905,"id":"iibov746oakxbjw","previousEventId":"ftpj5q0q9vjbqaa","operationId":"wvus70i0ditdq1v","previousOperationId":"eew9t5m56thiqpk"}
{"type":"log","timestamp":1705334048905,"level":"debug","message":"Executing recipe chrome-pdf","meta":{"rootId":"bzrrrdzxodjx4ri","id":"bzrrrdzxodjx4ri"},"id":"ah47qh63efhxjv0","previousOperationId":"wvus70i0ditdq1v"}
{"type":"log","timestamp":1705334048908,"level":"debug","message":"Converting with chrome HeadlessChrome/117.0.5938.149 using chrome-pool strategy","meta":{"rootId":"bzrrrdzxodjx4ri","id":"bzrrrdzxodjx4ri"},"id":"nievgt8fsnh5k2b","previousOperationId":"wvus70i0ditdq1v"}
{"type":"log","timestamp":1705334049032,"level":"debug","message":"Page request: GET (document) file:///C:/Users/arida/AppData/Local/Temp/jsreport/autocleanup/81b4e4b6-0876-498c-84fe-6f884f797e50-chrome-pdf.html","meta":{"rootId":"bzrrrdzxodjx4ri","id":"bzrrrdzxodjx4ri"},"id":"nqt3ubmmvo3q9rc","previousOperationId":"wvus70i0ditdq1v"}
{"type":"log","timestamp":1705334049043,"level":"debug","message":"Page request: GET (script) https://cdnjs.cloudflare.com/ajax/libs/Chart.js/2.7.2/Chart.min.js","meta":{"rootId":"bzrrrdzxodjx4ri","id":"bzrrrdzxodjx4ri"},"id":"4rd3gpb0oqdrskb","previousOperationId":"wvus70i0ditdq1v"}
{"type":"log","timestamp":1705334049044,"level":"debug","message":"Page request finished: GET (document) 200 file:///C:/Users/arida/AppData/Local/Temp/jsreport/autocleanup/81b4e4b6-0876-498c-84fe-6f884f797e50-chrome-pdf.html","meta":{"rootId":"bzrrrdzxodjx4ri","id":"bzrrrdzxodjx4ri"},"id":"6fg5sh024zilenf","previousOperationId":"wvus70i0ditdq1v"}
{"type":"log","timestamp":1705334049048,"level":"debug","message":"Page request finished: GET (script) 200 https://cdnjs.cloudflare.com/ajax/libs/Chart.js/2.7.2/Chart.min.js","meta":{"rootId":"bzrrrdzxodjx4ri","id":"bzrrrdzxodjx4ri"},"id":"1q02ck3y820wi4i","previousOperationId":"wvus70i0ditdq1v"}
{"type":"log","timestamp":1705334049056,"level":"warn","message":"Page error: Unexpected token ';' , stack: SyntaxError: Unexpected token ';'","meta":{"rootId":"bzrrrdzxodjx4ri","id":"bzrrrdzxodjx4ri"},"id":"vdno4ae0jqusgwl","previousOperationId":"wvus70i0ditdq1v"}
{"type":"log","timestamp":1705334049069,"level":"debug","message":"Running chrome with params {\"printBackground\":true,\"marginTop\":\"4cm\",\"marginRight\":\"1.5cm\",\"marginBottom\":\"1.5cm\",\"marginLeft\":\"1.5cm\",\"waitForJS\":false,\"timeout\":59946,\"margin\":{\"top\":\"4cm\",\"right\":\"1.5cm\",\"bottom\":\"1.5cm\",\"left\":\"1.5cm\"}}","meta":{"rootId":"bzrrrdzxodjx4ri","id":"bzrrrdzxodjx4ri"},"id":"nh31bwtx2774h40","previousOperationId":"wvus70i0ditdq1v"}
{"type":"operationEnd","operationId":"wvus70i0ditdq1v","timestamp":1705334049106,"id":"gwdohmmhydzazu1","previousEventId":"iibov746oakxbjw","previousOperationId":"wvus70i0ditdq1v"}
{"type":"log","timestamp":1705334049106,"level":"info","message":"pdf-utils is starting pdf processing","meta":{"rootId":"bzrrrdzxodjx4ri","id":"bzrrrdzxodjx4ri"},"id":"1esdyozdyvjbhvv","previousOperationId":"wvus70i0ditdq1v"}
{"type":"operationStart","subtype":"pdfUtils","name":"pdf utils","timestamp":1705334049106,"id":"w2hbg80o14pn8m7","previousEventId":"gwdohmmhydzazu1","operationId":"7vja8cnwhfb3y7s","previousOperationId":"wvus70i0ditdq1v"}
{"type":"log","timestamp":1705334049106,"level":"debug","message":"pdf-utils detected 1 pdf operation(s) to process","meta":{"rootId":"bzrrrdzxodjx4ri","id":"bzrrrdzxodjx4ri"},"id":"o3j9xkxkttuap9o","previousOperationId":"7vja8cnwhfb3y7s"}
{"type":"log","timestamp":1705334049116,"level":"debug","message":"pdf-utils running pdf operation merge","meta":{"rootId":"bzrrrdzxodjx4ri","id":"bzrrrdzxodjx4ri"},"id":"zyeznkqczwtj1ry","previousOperationId":"7vja8cnwhfb3y7s"}
{"type":"operationStart","subtype":"pdfUtilsMerge","name":"pdf utils merge","previousOperationId":"7vja8cnwhfb3y7s","timestamp":1705334049116,"id":"qmu9u4afvyxm6mq","previousEventId":"w2hbg80o14pn8m7","operationId":"h3z18m1dhaxyqzr"}
{"type":"operationStart","subtype":"render","name":"locations-header","previousOperationId":"h3z18m1dhaxyqzr","timestamp":1705334049117,"id":"dgyoyu5i91fwsnv","previousEventId":"qmu9u4afvyxm6mq","operationId":"6vq59nc5h0xmjt4"}
{"type":"log","timestamp":1705334049117,"level":"info","message":"Starting rendering (child) request","meta":{"rootId":"bzrrrdzxodjx4ri","id":"09c3jfpk0y9d29y"},"id":"2z8f9jfajvs0y4w","previousOperationId":"6vq59nc5h0xmjt4"}
{"type":"log","timestamp":1705334049117,"level":"info","message":"Rendering template { name: locations-header, recipe: chrome-pdf, engine: handlebars, preview: true }","meta":{"rootId":"bzrrrdzxodjx4ri","id":"09c3jfpk0y9d29y"},"id":"lbmcd0b871qu42k","previousOperationId":"6vq59nc5h0xmjt4"}
{"type":"log","timestamp":1705334049119,"level":"debug","message":"Inline data specified.","meta":{"rootId":"bzrrrdzxodjx4ri","id":"09c3jfpk0y9d29y"},"id":"q6w06sn4w3kucua","previousOperationId":"6vq59nc5h0xmjt4"}
{"type":"log","timestamp":1705334049122,"level":"debug","message":"Base url not specified, skipping its injection.","meta":{"rootId":"bzrrrdzxodjx4ri","id":"09c3jfpk0y9d29y"},"id":"y2qh3ngrezv4i1w","previousOperationId":"6vq59nc5h0xmjt4"}
{"type":"operationStart","subtype":"engine","name":"handlebars","timestamp":1705334049122,"id":"1oaalr6aejr73ij","previousEventId":"dgyoyu5i91fwsnv","operationId":"tv8r3t7gno993zj","previousOperationId":"6vq59nc5h0xmjt4"}
{"type":"log","timestamp":1705334049122,"level":"debug","message":"Rendering engine handlebars","meta":{"rootId":"bzrrrdzxodjx4ri","id":"09c3jfpk0y9d29y"},"id":"e1o3e1g5d4coo0j","previousOperationId":"tv8r3t7gno993zj"}
{"type":"operationEnd","operationId":"tv8r3t7gno993zj","timestamp":1705334049153,"id":"l158zp1yn1c6axt","previousEventId":"1oaalr6aejr73ij","previousOperationId":"tv8r3t7gno993zj"}
{"type":"operationStart","subtype":"recipe","name":"chrome-pdf","timestamp":1705334049154,"id":"fyu9htydcbfslk5","previousEventId":"l158zp1yn1c6axt","operationId":"e9ro1m354c6o9n7","previousOperationId":"tv8r3t7gno993zj"}
{"type":"log","timestamp":1705334049154,"level":"debug","message":"Executing recipe chrome-pdf","meta":{"rootId":"bzrrrdzxodjx4ri","id":"09c3jfpk0y9d29y"},"id":"ehx2x0xyd0hb0ap","previousOperationId":"e9ro1m354c6o9n7"}
{"type":"log","timestamp":1705334049158,"level":"debug","message":"Converting with chrome HeadlessChrome/117.0.5938.149 using chrome-pool strategy","meta":{"rootId":"bzrrrdzxodjx4ri","id":"09c3jfpk0y9d29y"},"id":"8ustau49rcz04kr","previousOperationId":"e9ro1m354c6o9n7"}
{"type":"log","timestamp":1705334049270,"level":"debug","message":"Page request: GET (document) file:///C:/Users/arida/AppData/Local/Temp/jsreport/autocleanup/2d6f5643-2a10-417f-8d31-2404d7379796-chrome-pdf.html","meta":{"rootId":"bzrrrdzxodjx4ri","id":"09c3jfpk0y9d29y"},"id":"him13y30urtyjdh","previousOperationId":"e9ro1m354c6o9n7"}
{"type":"log","timestamp":1705334049280,"level":"debug","message":"Page request: GET (stylesheet) https://cdnjs.cloudflare.com/ajax/libs/metro/4.1.5/css/metro.min.css","meta":{"rootId":"bzrrrdzxodjx4ri","id":"09c3jfpk0y9d29y"},"id":"u65abspegdizpeb","previousOperationId":"e9ro1m354c6o9n7"}
{"type":"log","timestamp":1705334049281,"level":"debug","message":"Page request finished: GET (document) 200 file:///C:/Users/arida/AppData/Local/Temp/jsreport/autocleanup/2d6f5643-2a10-417f-8d31-2404d7379796-chrome-pdf.html","meta":{"rootId":"bzrrrdzxodjx4ri","id":"09c3jfpk0y9d29y"},"id":"iaxeqmgfbkvek9h","previousOperationId":"e9ro1m354c6o9n7"}
{"type":"log","timestamp":1705334049298,"level":"debug","message":"Page request finished: GET (stylesheet) 200 https://cdnjs.cloudflare.com/ajax/libs/metro/4.1.5/css/metro.min.css","meta":{"rootId":"bzrrrdzxodjx4ri","id":"09c3jfpk0y9d29y"},"id":"e2uwhp5ituf0l61","previousOperationId":"e9ro1m354c6o9n7"}
{"type":"log","timestamp":1705334049315,"level":"debug","message":"Running chrome with params {\"printBackground\":true,\"marginTop\":\"1.5cm\",\"marginRight\":\"1.5cm\",\"marginLeft\":\"1.cm\",\"timeout\":59697,\"margin\":{\"top\":\"1.5cm\",\"right\":\"1.5cm\",\"left\":\"1.cm\"}}","meta":{"rootId":"bzrrrdzxodjx4ri","id":"09c3jfpk0y9d29y"},"id":"3drbg75acw7jgmr","previousOperationId":"e9ro1m354c6o9n7"}
{"type":"operationEnd","operationId":"e9ro1m354c6o9n7","timestamp":1705334049351,"id":"y46jgaqemnudasz","previousEventId":"fyu9htydcbfslk5","previousOperationId":"e9ro1m354c6o9n7"}
{"type":"log","timestamp":1705334049351,"level":"debug","message":"Skipping storing report.","meta":{"rootId":"bzrrrdzxodjx4ri","id":"09c3jfpk0y9d29y"},"id":"xistkrmms75tjge","previousOperationId":"e9ro1m354c6o9n7"}
{"type":"log","timestamp":1705334049352,"level":"info","message":"Rendering (child) request finished in 499 ms","meta":{"rootId":"bzrrrdzxodjx4ri","id":"09c3jfpk0y9d29y"},"id":"ogmlvodjdex7mxw","previousOperationId":"e9ro1m354c6o9n7"}
{"type":"operationEnd","subtype":"render","operationId":"6vq59nc5h0xmjt4","timestamp":1705334049352,"id":"64gqsdth4x9naeq","previousEventId":"y46jgaqemnudasz","previousOperationId":"e9ro1m354c6o9n7"}
{"type":"operationEnd","operationId":"h3z18m1dhaxyqzr","timestamp":1705334049363,"id":"qp5gawrcel8mmxx","previousEventId":"qmu9u4afvyxm6mq","previousOperationId":"h3z18m1dhaxyqzr"}
{"type":"log","timestamp":1705334049363,"level":"debug","message":"pdf-utils postproces start","meta":{"rootId":"bzrrrdzxodjx4ri","id":"bzrrrdzxodjx4ri"},"id":"othm0lhbk8kltqs","previousOperationId":"h3z18m1dhaxyqzr"}
{"type":"log","timestamp":1705334049373,"level":"debug","message":"pdf-utils postproces end","meta":{"rootId":"bzrrrdzxodjx4ri","id":"bzrrrdzxodjx4ri"},"id":"kxe8327dxo671xq","previousOperationId":"h3z18m1dhaxyqzr"}
{"type":"operationEnd","operationId":"7vja8cnwhfb3y7s","timestamp":1705334049373,"id":"34rol53458m9v00","previousEventId":"qp5gawrcel8mmxx","previousOperationId":"h3z18m1dhaxyqzr"}
{"type":"log","timestamp":1705334049373,"level":"info","message":"pdf-utils pdf processing was finished","meta":{"rootId":"bzrrrdzxodjx4ri","id":"bzrrrdzxodjx4ri"},"id":"0yzmpke6fyf7ci6","previousOperationId":"7vja8cnwhfb3y7s"}
{"type":"log","timestamp":1705334049373,"level":"debug","message":"Skipping storing report.","meta":{"rootId":"bzrrrdzxodjx4ri","id":"bzrrrdzxodjx4ri"},"id":"uxgg3g4whujx54w","previousOperationId":"7vja8cnwhfb3y7s"}
{"type":"log","timestamp":1705334049373,"level":"info","message":"Rendering request 17 finished in 520 ms","meta":{"rootId":"bzrrrdzxodjx4ri","id":"bzrrrdzxodjx4ri"},"id":"t1esmwalcmooo98","previousOperationId":"7vja8cnwhfb3y7s"}
{"type":"operationEnd","subtype":"render","operationId":"xtqsv2dfh1jyuvp","timestamp":1705334049373,"id":"mkk6mpdqcuorz61","previousEventId":"34rol53458m9v00","previousOperationId":"7vja8cnwhfb3y7s"}
{"type":"operationEnd","doDiffs":false,"previousEventId":"et3kpbrjihrkziu","previousOperationId":"hx4geyk7ym94gh8","operationId":"hx4geyk7ym94gh8","timestamp":1705334049384,"id":"rdrl8fpm3gvjz3b"}
