{"type":"operationStart","subtype":"profile","data":{"_id":"ILGF86OMfvhn0E83","timestamp":"2024-01-15T18:28:48.792Z","state":"queued","mode":"standard","creationDate":"2024-01-15T18:28:48.795Z","modificationDate":"2024-01-15T18:28:48.795Z","shortid":"V_Y99cc","$entitySet":"profiles"},"doDiffs":false,"timestamp":1705343328794,"id":"9s5zfx4610pz4dj","previousOperationId":null,"operationId":"tz6gyaptpzsymzt"}
{"type":"log","level":"info","message":"Render request 36 queued for execution and waiting for available worker","previousOperationId":"tz6gyaptpzsymzt","timestamp":1705343328794,"id":"npnlrdu2yh7mkjb"}
{"type":"operationStart","subtype":"render","name":"locations-main","previousOperationId":"tz6gyaptpzsymzt","timestamp":1705343328808,"id":"wnjr27lnzibepvv","previousEventId":"9s5zfx4610pz4dj","operationId":"117cl3zozwpdery"}
{"type":"log","timestamp":1705343328808,"level":"info","message":"Starting rendering request 36","meta":{"rootId":"c1nymv25ux3h6z1","id":"c1nymv25ux3h6z1"},"id":"rywmszaixzjuflx","previousOperationId":"117cl3zozwpdery"}
{"type":"log","timestamp":1705343328808,"level":"info","message":"Rendering template { name: locations-main, recipe: chrome-pdf, engine: handlebars, preview: true }","meta":{"rootId":"c1nymv25ux3h6z1","id":"c1nymv25ux3h6z1"},"id":"bxaqdiceknk0ed8","previousOperationId":"117cl3zozwpdery"}
{"type":"log","timestamp":1705343328809,"level":"debug","message":"Data item not defined for this template.","meta":{"rootId":"c1nymv25ux3h6z1","id":"c1nymv25ux3h6z1"},"id":"rcwn97qz4jjru6i","previousOperationId":"117cl3zozwpdery"}
{"type":"log","timestamp":1705343328812,"level":"debug","message":"Executing script locations-script (beforeRender)","meta":{"rootId":"c1nymv25ux3h6z1","id":"c1nymv25ux3h6z1"},"id":"r202u5wmgrtwibb","previousOperationId":"117cl3zozwpdery"}
{"type":"operationStart","subtype":"scriptsBeforeRender","name":"scripts beforeRender","timestamp":1705343328821,"id":"7837z1djmjj53h4","previousEventId":"wnjr27lnzibepvv","operationId":"rlov1mkek56edl8","previousOperationId":"117cl3zozwpdery"}
{"type":"operationStart","subtype":"script","name":"scripts locations-script","previousOperationId":"rlov1mkek56edl8","timestamp":1705343328822,"id":"9y2k6pxn5mj52iv","previousEventId":"7837z1djmjj53h4","operationId":"58t241j31jzc1wu"}
{"type":"operationEnd","operationId":"58t241j31jzc1wu","timestamp":1705343328839,"id":"pg4vt4wja1iskhr","previousEventId":"wnjr27lnzibepvv","previousOperationId":"117cl3zozwpdery"}
{"type":"operationEnd","operationId":"rlov1mkek56edl8","timestamp":1705343328839,"id":"46oor5mllz6n49d","previousEventId":"pg4vt4wja1iskhr","previousOperationId":"117cl3zozwpdery"}
{"type":"log","timestamp":1705343328839,"level":"debug","message":"Base url not specified, skipping its injection.","meta":{"rootId":"c1nymv25ux3h6z1","id":"c1nymv25ux3h6z1"},"id":"a5txvotz3spsxt1","previousOperationId":"rlov1mkek56edl8"}
{"type":"operationStart","subtype":"engine","name":"handlebars","timestamp":1705343328839,"id":"thu7sqn2mf3cjzp","previousEventId":"46oor5mllz6n49d","operationId":"3kjvwso23rh0nhu","previousOperationId":"rlov1mkek56edl8"}
{"type":"log","timestamp":1705343328839,"level":"debug","message":"Rendering engine handlebars","meta":{"rootId":"c1nymv25ux3h6z1","id":"c1nymv25ux3h6z1"},"id":"lzcjt5fkj2cn07i","previousOperationId":"3kjvwso23rh0nhu"}
{"type":"operationEnd","operationId":"3kjvwso23rh0nhu","timestamp":1705343328855,"id":"33nqusiik1zvyqy","previousEventId":"thu7sqn2mf3cjzp","previousOperationId":"3kjvwso23rh0nhu"}
{"type":"operationStart","subtype":"recipe","name":"chrome-pdf","timestamp":1705343328856,"id":"d18tzp54zoq4zvx","previousEventId":"33nqusiik1zvyqy","operationId":"ki0v8n60r0nqzco","previousOperationId":"3kjvwso23rh0nhu"}
{"type":"log","timestamp":1705343328856,"level":"debug","message":"Executing recipe chrome-pdf","meta":{"rootId":"c1nymv25ux3h6z1","id":"c1nymv25ux3h6z1"},"id":"0uwfdpd7aba8klh","previousOperationId":"ki0v8n60r0nqzco"}
{"type":"log","timestamp":1705343328859,"level":"debug","message":"Converting with chrome HeadlessChrome/117.0.5938.149 using chrome-pool strategy","meta":{"rootId":"c1nymv25ux3h6z1","id":"c1nymv25ux3h6z1"},"id":"d4k20jwcs5ib2yz","previousOperationId":"ki0v8n60r0nqzco"}
{"type":"log","timestamp":1705343329001,"level":"debug","message":"Page request: GET (document) file:///C:/Users/arida/AppData/Local/Temp/jsreport/autocleanup/ac0eb95f-933e-4d61-8e7d-8de948365bd8-chrome-pdf.html","meta":{"rootId":"c1nymv25ux3h6z1","id":"c1nymv25ux3h6z1"},"id":"fmd6jvcn94lbya4","previousOperationId":"ki0v8n60r0nqzco"}
{"type":"log","timestamp":1705343329034,"level":"debug","message":"Page request: GET (script) https://cdnjs.cloudflare.com/ajax/libs/Chart.js/2.7.2/Chart.min.js","meta":{"rootId":"c1nymv25ux3h6z1","id":"c1nymv25ux3h6z1"},"id":"ymb7g8w4lhh7wwb","previousOperationId":"ki0v8n60r0nqzco"}
{"type":"log","timestamp":1705343329035,"level":"debug","message":"Page request finished: GET (document) 200 file:///C:/Users/arida/AppData/Local/Temp/jsreport/autocleanup/ac0eb95f-933e-4d61-8e7d-8de948365bd8-chrome-pdf.html","meta":{"rootId":"c1nymv25ux3h6z1","id":"c1nymv25ux3h6z1"},"id":"5q8ttuxtnpxxvfw","previousOperationId":"ki0v8n60r0nqzco"}
{"type":"log","timestamp":1705343329042,"level":"debug","message":"Page request finished: GET (script) 200 https://cdnjs.cloudflare.com/ajax/libs/Chart.js/2.7.2/Chart.min.js","meta":{"rootId":"c1nymv25ux3h6z1","id":"c1nymv25ux3h6z1"},"id":"deb3weg4ed3g8en","previousOperationId":"ki0v8n60r0nqzco"}
{"type":"log","timestamp":1705343329050,"level":"warn","message":"Page error: Unexpected token ';' , stack: SyntaxError: Unexpected token ';'","meta":{"rootId":"c1nymv25ux3h6z1","id":"c1nymv25ux3h6z1"},"id":"25pvuavrjq5xelb","previousOperationId":"ki0v8n60r0nqzco"}
{"type":"log","timestamp":1705343329067,"level":"debug","message":"Running chrome with params {\"printBackground\":true,\"marginTop\":\"4cm\",\"marginRight\":\"1.5cm\",\"marginBottom\":\"1.5cm\",\"marginLeft\":\"1.5cm\",\"waitForJS\":false,\"timeout\":59935,\"margin\":{\"top\":\"4cm\",\"right\":\"1.5cm\",\"bottom\":\"1.5cm\",\"left\":\"1.5cm\"}}","meta":{"rootId":"c1nymv25ux3h6z1","id":"c1nymv25ux3h6z1"},"id":"xjhukqol2rd9qas","previousOperationId":"ki0v8n60r0nqzco"}
{"type":"operationEnd","operationId":"ki0v8n60r0nqzco","timestamp":1705343329117,"id":"s5uj6wragabig8k","previousEventId":"d18tzp54zoq4zvx","previousOperationId":"ki0v8n60r0nqzco"}
{"type":"log","timestamp":1705343329117,"level":"info","message":"pdf-utils is starting pdf processing","meta":{"rootId":"c1nymv25ux3h6z1","id":"c1nymv25ux3h6z1"},"id":"j732joet02379gj","previousOperationId":"ki0v8n60r0nqzco"}
{"type":"operationStart","subtype":"pdfUtils","name":"pdf utils","timestamp":1705343329117,"id":"tngchllyf6k8l24","previousEventId":"s5uj6wragabig8k","operationId":"xqp5euq3sh7secv","previousOperationId":"ki0v8n60r0nqzco"}
{"type":"log","timestamp":1705343329117,"level":"debug","message":"pdf-utils detected 1 pdf operation(s) to process","meta":{"rootId":"c1nymv25ux3h6z1","id":"c1nymv25ux3h6z1"},"id":"hjjqx5x7cfnt9rp","previousOperationId":"xqp5euq3sh7secv"}
{"type":"log","timestamp":1705343329135,"level":"debug","message":"pdf-utils running pdf operation merge","meta":{"rootId":"c1nymv25ux3h6z1","id":"c1nymv25ux3h6z1"},"id":"u9x6tm4xesa017x","previousOperationId":"xqp5euq3sh7secv"}
{"type":"operationStart","subtype":"pdfUtilsMerge","name":"pdf utils merge","previousOperationId":"xqp5euq3sh7secv","timestamp":1705343329135,"id":"p4a0y76yay9bq8o","previousEventId":"tngchllyf6k8l24","operationId":"qvx1atpfl7lfl1p"}
{"type":"operationStart","subtype":"render","name":"locations-header","previousOperationId":"qvx1atpfl7lfl1p","timestamp":1705343329136,"id":"gcktohavj1d67qj","previousEventId":"p4a0y76yay9bq8o","operationId":"k50oh5g1qzr422n"}
{"type":"log","timestamp":1705343329136,"level":"info","message":"Starting rendering (child) request","meta":{"rootId":"c1nymv25ux3h6z1","id":"ldy8uoc37qs9g0j"},"id":"zlsnxngm34n2o9c","previousOperationId":"k50oh5g1qzr422n"}
{"type":"log","timestamp":1705343329136,"level":"info","message":"Rendering template { name: locations-header, recipe: chrome-pdf, engine: handlebars, preview: true }","meta":{"rootId":"c1nymv25ux3h6z1","id":"ldy8uoc37qs9g0j"},"id":"i5rdvqbeipq2pbh","previousOperationId":"k50oh5g1qzr422n"}
{"type":"log","timestamp":1705343329151,"level":"debug","message":"Inline data specified.","meta":{"rootId":"c1nymv25ux3h6z1","id":"ldy8uoc37qs9g0j"},"id":"uq44dl9vqdmiwfx","previousOperationId":"k50oh5g1qzr422n"}
{"type":"log","timestamp":1705343329154,"level":"debug","message":"Base url not specified, skipping its injection.","meta":{"rootId":"c1nymv25ux3h6z1","id":"ldy8uoc37qs9g0j"},"id":"bu4gzy98qtzvnel","previousOperationId":"k50oh5g1qzr422n"}
{"type":"operationStart","subtype":"engine","name":"handlebars","timestamp":1705343329154,"id":"mchxwbag13cwjpc","previousEventId":"gcktohavj1d67qj","operationId":"nq3u2bk9ph7qov4","previousOperationId":"k50oh5g1qzr422n"}
{"type":"log","timestamp":1705343329154,"level":"debug","message":"Rendering engine handlebars","meta":{"rootId":"c1nymv25ux3h6z1","id":"ldy8uoc37qs9g0j"},"id":"v097g7yw29m2g1l","previousOperationId":"nq3u2bk9ph7qov4"}
{"type":"operationEnd","operationId":"nq3u2bk9ph7qov4","timestamp":1705343329172,"id":"ehekm284hwkx69z","previousEventId":"mchxwbag13cwjpc","previousOperationId":"nq3u2bk9ph7qov4"}
{"type":"operationStart","subtype":"recipe","name":"chrome-pdf","timestamp":1705343329172,"id":"enam96nnpig94s6","previousEventId":"ehekm284hwkx69z","operationId":"0ar6z09l1ddsywj","previousOperationId":"nq3u2bk9ph7qov4"}
{"type":"log","timestamp":1705343329172,"level":"debug","message":"Executing recipe chrome-pdf","meta":{"rootId":"c1nymv25ux3h6z1","id":"ldy8uoc37qs9g0j"},"id":"47jozhygc3jxnxr","previousOperationId":"0ar6z09l1ddsywj"}
{"type":"log","timestamp":1705343329175,"level":"debug","message":"Converting with chrome HeadlessChrome/117.0.5938.149 using chrome-pool strategy","meta":{"rootId":"c1nymv25ux3h6z1","id":"ldy8uoc37qs9g0j"},"id":"gp4yac6rb9teb9y","previousOperationId":"0ar6z09l1ddsywj"}
{"type":"log","timestamp":1705343329307,"level":"debug","message":"Page request: GET (document) file:///C:/Users/arida/AppData/Local/Temp/jsreport/autocleanup/3663f446-2755-46bf-8d2c-d3df951b9366-chrome-pdf.html","meta":{"rootId":"c1nymv25ux3h6z1","id":"ldy8uoc37qs9g0j"},"id":"yfbaptz0r1q5ezf","previousOperationId":"0ar6z09l1ddsywj"}
{"type":"log","timestamp":1705343329320,"level":"debug","message":"Page request: GET (stylesheet) https://cdnjs.cloudflare.com/ajax/libs/metro/4.1.5/css/metro.min.css","meta":{"rootId":"c1nymv25ux3h6z1","id":"ldy8uoc37qs9g0j"},"id":"wc4ndnchxrxtewa","previousOperationId":"0ar6z09l1ddsywj"}
{"type":"log","timestamp":1705343329320,"level":"debug","message":"Page request finished: GET (document) 200 file:///C:/Users/arida/AppData/Local/Temp/jsreport/autocleanup/3663f446-2755-46bf-8d2c-d3df951b9366-chrome-pdf.html","meta":{"rootId":"c1nymv25ux3h6z1","id":"ldy8uoc37qs9g0j"},"id":"9kyb7xjvv4fhsma","previousOperationId":"0ar6z09l1ddsywj"}
{"type":"log","timestamp":1705343329345,"level":"debug","message":"Page request finished: GET (stylesheet) 200 https://cdnjs.cloudflare.com/ajax/libs/metro/4.1.5/css/metro.min.css","meta":{"rootId":"c1nymv25ux3h6z1","id":"ldy8uoc37qs9g0j"},"id":"kajyjkcqpiiihco","previousOperationId":"0ar6z09l1ddsywj"}
{"type":"log","timestamp":1705343329374,"level":"debug","message":"Running chrome with params {\"printBackground\":true,\"marginTop\":\"1.5cm\",\"marginRight\":\"1.5cm\",\"marginLeft\":\"1.cm\",\"timeout\":59618,\"margin\":{\"top\":\"1.5cm\",\"right\":\"1.5cm\",\"left\":\"1.cm\"}}","meta":{"rootId":"c1nymv25ux3h6z1","id":"ldy8uoc37qs9g0j"},"id":"6mukz2wv6or431w","previousOperationId":"0ar6z09l1ddsywj"}
{"type":"operationEnd","operationId":"0ar6z09l1ddsywj","timestamp":1705343329418,"id":"vj1chdcj79rnab5","previousEventId":"enam96nnpig94s6","previousOperationId":"0ar6z09l1ddsywj"}
{"type":"log","timestamp":1705343329419,"level":"debug","message":"Skipping storing report.","meta":{"rootId":"c1nymv25ux3h6z1","id":"ldy8uoc37qs9g0j"},"id":"6qqmqgkdonk1rlu","previousOperationId":"0ar6z09l1ddsywj"}
{"type":"log","timestamp":1705343329419,"level":"info","message":"Rendering (child) request finished in 627 ms","meta":{"rootId":"c1nymv25ux3h6z1","id":"ldy8uoc37qs9g0j"},"id":"4dijo3my03o04l7","previousOperationId":"0ar6z09l1ddsywj"}
{"type":"operationEnd","subtype":"render","operationId":"k50oh5g1qzr422n","timestamp":1705343329419,"id":"hcsdi3u6nsk35oo","previousEventId":"vj1chdcj79rnab5","previousOperationId":"0ar6z09l1ddsywj"}
{"type":"operationEnd","operationId":"qvx1atpfl7lfl1p","timestamp":1705343329426,"id":"z4mjfmsgxjt1p34","previousEventId":"p4a0y76yay9bq8o","previousOperationId":"qvx1atpfl7lfl1p"}
{"type":"log","timestamp":1705343329426,"level":"debug","message":"pdf-utils postproces start","meta":{"rootId":"c1nymv25ux3h6z1","id":"c1nymv25ux3h6z1"},"id":"a8890xevuozrzmj","previousOperationId":"qvx1atpfl7lfl1p"}
{"type":"log","timestamp":1705343329438,"level":"debug","message":"pdf-utils postproces end","meta":{"rootId":"c1nymv25ux3h6z1","id":"c1nymv25ux3h6z1"},"id":"cwp337p4c9pct58","previousOperationId":"qvx1atpfl7lfl1p"}
{"type":"operationEnd","operationId":"xqp5euq3sh7secv","timestamp":1705343329438,"id":"hhac0c4ttm2spgi","previousEventId":"z4mjfmsgxjt1p34","previousOperationId":"qvx1atpfl7lfl1p"}
{"type":"log","timestamp":1705343329438,"level":"info","message":"pdf-utils pdf processing was finished","meta":{"rootId":"c1nymv25ux3h6z1","id":"c1nymv25ux3h6z1"},"id":"aqbzzp4x333rfvv","previousOperationId":"xqp5euq3sh7secv"}
{"type":"log","timestamp":1705343329438,"level":"debug","message":"Skipping storing report.","meta":{"rootId":"c1nymv25ux3h6z1","id":"c1nymv25ux3h6z1"},"id":"axdt7pwwjyih0f7","previousOperationId":"xqp5euq3sh7secv"}
{"type":"log","timestamp":1705343329438,"level":"info","message":"Rendering request 36 finished in 646 ms","meta":{"rootId":"c1nymv25ux3h6z1","id":"c1nymv25ux3h6z1"},"id":"c89yl4gyonkry37","previousOperationId":"xqp5euq3sh7secv"}
{"type":"operationEnd","subtype":"render","operationId":"117cl3zozwpdery","timestamp":1705343329438,"id":"faytuzqaxzflbv3","previousEventId":"hhac0c4ttm2spgi","previousOperationId":"xqp5euq3sh7secv"}
{"type":"operationEnd","doDiffs":false,"previousEventId":"9s5zfx4610pz4dj","previousOperationId":"tz6gyaptpzsymzt","operationId":"tz6gyaptpzsymzt","timestamp":1705343329448,"id":"il1ad1c4htc53zy"}
