{"type":"operationStart","subtype":"profile","data":{"_id":"6KR7MpytePeoDIjh","timestamp":"2024-01-15T15:54:41.255Z","state":"queued","mode":"standard","creationDate":"2024-01-15T15:54:41.258Z","modificationDate":"2024-01-15T15:54:41.258Z","shortid":"KMlD5uy","$entitySet":"profiles"},"doDiffs":false,"timestamp":1705334081256,"id":"lxja8vkd5y86p79","previousOperationId":null,"operationId":"1d43af96tn5mr1a"}
{"type":"log","level":"info","message":"Render request 18 queued for execution and waiting for available worker","previousOperationId":"1d43af96tn5mr1a","timestamp":1705334081256,"id":"k6e0ji2onx3y3xl"}
{"type":"operationStart","subtype":"render","name":"locations-main","previousOperationId":"1d43af96tn5mr1a","timestamp":1705334081271,"id":"985zjuwhritur9u","previousEventId":"lxja8vkd5y86p79","operationId":"0yyxtfgh4v59ieo"}
{"type":"log","timestamp":1705334081271,"level":"info","message":"Starting rendering request 18","meta":{"rootId":"cf1j6ij059h7v2z","id":"cf1j6ij059h7v2z"},"id":"p5p2e3l6cschem2","previousOperationId":"0yyxtfgh4v59ieo"}
{"type":"log","timestamp":1705334081271,"level":"info","message":"Rendering template { name: locations-main, recipe: chrome-pdf, engine: handlebars, preview: true }","meta":{"rootId":"cf1j6ij059h7v2z","id":"cf1j6ij059h7v2z"},"id":"9kk4n2a9s7ljzea","previousOperationId":"0yyxtfgh4v59ieo"}
{"type":"log","timestamp":1705334081273,"level":"debug","message":"Data item not defined for this template.","meta":{"rootId":"cf1j6ij059h7v2z","id":"cf1j6ij059h7v2z"},"id":"ghxsu2cyvw1hwmc","previousOperationId":"0yyxtfgh4v59ieo"}
{"type":"log","timestamp":1705334081282,"level":"debug","message":"Executing script locations-script (beforeRender)","meta":{"rootId":"cf1j6ij059h7v2z","id":"cf1j6ij059h7v2z"},"id":"izutsplfq13hqd9","previousOperationId":"0yyxtfgh4v59ieo"}
{"type":"operationStart","subtype":"scriptsBeforeRender","name":"scripts beforeRender","timestamp":1705334081289,"id":"yth4wl8utuzeuhp","previousEventId":"985zjuwhritur9u","operationId":"fv2nuhbdkwp8f5h","previousOperationId":"0yyxtfgh4v59ieo"}
{"type":"operationStart","subtype":"script","name":"scripts locations-script","previousOperationId":"fv2nuhbdkwp8f5h","timestamp":1705334081289,"id":"59g8r224e12uvta","previousEventId":"yth4wl8utuzeuhp","operationId":"dgd6i0qca2q61s6"}
{"type":"operationEnd","operationId":"dgd6i0qca2q61s6","timestamp":1705334081303,"id":"tpkloh95comome6","previousEventId":"985zjuwhritur9u","previousOperationId":"0yyxtfgh4v59ieo"}
{"type":"operationEnd","operationId":"fv2nuhbdkwp8f5h","timestamp":1705334081303,"id":"xioohmrjy5jac2j","previousEventId":"tpkloh95comome6","previousOperationId":"0yyxtfgh4v59ieo"}
{"type":"log","timestamp":1705334081303,"level":"debug","message":"Base url not specified, skipping its injection.","meta":{"rootId":"cf1j6ij059h7v2z","id":"cf1j6ij059h7v2z"},"id":"tunnha1pkz7znrg","previousOperationId":"fv2nuhbdkwp8f5h"}
{"type":"operationStart","subtype":"engine","name":"handlebars","timestamp":1705334081303,"id":"xdouvhtlpywujq6","previousEventId":"xioohmrjy5jac2j","operationId":"k3loit1jz8cb5ux","previousOperationId":"fv2nuhbdkwp8f5h"}
{"type":"log","timestamp":1705334081303,"level":"debug","message":"Rendering engine handlebars","meta":{"rootId":"cf1j6ij059h7v2z","id":"cf1j6ij059h7v2z"},"id":"9kaffrapequ8vp5","previousOperationId":"k3loit1jz8cb5ux"}
{"type":"operationEnd","operationId":"k3loit1jz8cb5ux","timestamp":1705334081323,"id":"itjpuh7yboqpbpd","previousEventId":"xdouvhtlpywujq6","previousOperationId":"k3loit1jz8cb5ux"}
{"type":"operationStart","subtype":"recipe","name":"chrome-pdf","timestamp":1705334081323,"id":"gcdr6c35wd35ijg","previousEventId":"itjpuh7yboqpbpd","operationId":"s6n8nssbn2zzi7k","previousOperationId":"k3loit1jz8cb5ux"}
{"type":"log","timestamp":1705334081323,"level":"debug","message":"Executing recipe chrome-pdf","meta":{"rootId":"cf1j6ij059h7v2z","id":"cf1j6ij059h7v2z"},"id":"gr0h76x5sem0fz1","previousOperationId":"s6n8nssbn2zzi7k"}
{"type":"log","timestamp":1705334081327,"level":"debug","message":"Converting with chrome HeadlessChrome/117.0.5938.149 using chrome-pool strategy","meta":{"rootId":"cf1j6ij059h7v2z","id":"cf1j6ij059h7v2z"},"id":"udrufvfm383fml1","previousOperationId":"s6n8nssbn2zzi7k"}
{"type":"log","timestamp":1705334081455,"level":"debug","message":"Page request: GET (document) file:///C:/Users/arida/AppData/Local/Temp/jsreport/autocleanup/b1a6970b-723d-4f39-8290-499782a9e872-chrome-pdf.html","meta":{"rootId":"cf1j6ij059h7v2z","id":"cf1j6ij059h7v2z"},"id":"127qjlvj5wdqwex","previousOperationId":"s6n8nssbn2zzi7k"}
{"type":"log","timestamp":1705334081485,"level":"debug","message":"Page request: GET (script) https://cdnjs.cloudflare.com/ajax/libs/Chart.js/2.7.2/Chart.min.js","meta":{"rootId":"cf1j6ij059h7v2z","id":"cf1j6ij059h7v2z"},"id":"40eet395d8mj10g","previousOperationId":"s6n8nssbn2zzi7k"}
{"type":"log","timestamp":1705334081486,"level":"debug","message":"Page request finished: GET (document) 200 file:///C:/Users/arida/AppData/Local/Temp/jsreport/autocleanup/b1a6970b-723d-4f39-8290-499782a9e872-chrome-pdf.html","meta":{"rootId":"cf1j6ij059h7v2z","id":"cf1j6ij059h7v2z"},"id":"w29cxe0eekekd8p","previousOperationId":"s6n8nssbn2zzi7k"}
{"type":"log","timestamp":1705334081491,"level":"debug","message":"Page request finished: GET (script) 200 https://cdnjs.cloudflare.com/ajax/libs/Chart.js/2.7.2/Chart.min.js","meta":{"rootId":"cf1j6ij059h7v2z","id":"cf1j6ij059h7v2z"},"id":"xdfrxffj1t67hh9","previousOperationId":"s6n8nssbn2zzi7k"}
{"type":"log","timestamp":1705334081499,"level":"warn","message":"Page error: Unexpected token ';' , stack: SyntaxError: Unexpected token ';'","meta":{"rootId":"cf1j6ij059h7v2z","id":"cf1j6ij059h7v2z"},"id":"k98wmnk4l22vvyi","previousOperationId":"s6n8nssbn2zzi7k"}
{"type":"log","timestamp":1705334081513,"level":"debug","message":"Running chrome with params {\"printBackground\":true,\"marginTop\":\"4cm\",\"marginRight\":\"1.5cm\",\"marginBottom\":\"1.5cm\",\"marginLeft\":\"1.5cm\",\"waitForJS\":false,\"timeout\":59929,\"margin\":{\"top\":\"4cm\",\"right\":\"1.5cm\",\"bottom\":\"1.5cm\",\"left\":\"1.5cm\"}}","meta":{"rootId":"cf1j6ij059h7v2z","id":"cf1j6ij059h7v2z"},"id":"7gkxine409u8889","previousOperationId":"s6n8nssbn2zzi7k"}
{"type":"operationEnd","operationId":"s6n8nssbn2zzi7k","timestamp":1705334081556,"id":"yhmitos47i2hu2t","previousEventId":"gcdr6c35wd35ijg","previousOperationId":"s6n8nssbn2zzi7k"}
{"type":"log","timestamp":1705334081556,"level":"info","message":"pdf-utils is starting pdf processing","meta":{"rootId":"cf1j6ij059h7v2z","id":"cf1j6ij059h7v2z"},"id":"3g3hv00yh1p3sk4","previousOperationId":"s6n8nssbn2zzi7k"}
{"type":"operationStart","subtype":"pdfUtils","name":"pdf utils","timestamp":1705334081556,"id":"2e2xp6ntdhbcbtt","previousEventId":"yhmitos47i2hu2t","operationId":"n2n6al2wsk90900","previousOperationId":"s6n8nssbn2zzi7k"}
{"type":"log","timestamp":1705334081556,"level":"debug","message":"pdf-utils detected 1 pdf operation(s) to process","meta":{"rootId":"cf1j6ij059h7v2z","id":"cf1j6ij059h7v2z"},"id":"ef2qqjxmxil9mlc","previousOperationId":"n2n6al2wsk90900"}
{"type":"log","timestamp":1705334081568,"level":"debug","message":"pdf-utils running pdf operation merge","meta":{"rootId":"cf1j6ij059h7v2z","id":"cf1j6ij059h7v2z"},"id":"f8xp6hs7kowd64y","previousOperationId":"n2n6al2wsk90900"}
{"type":"operationStart","subtype":"pdfUtilsMerge","name":"pdf utils merge","previousOperationId":"n2n6al2wsk90900","timestamp":1705334081568,"id":"nh4mg6u0gcq9bzo","previousEventId":"2e2xp6ntdhbcbtt","operationId":"ne89mjgscfbceai"}
{"type":"operationStart","subtype":"render","name":"locations-header","previousOperationId":"ne89mjgscfbceai","timestamp":1705334081569,"id":"a5qbyfpykxooi0a","previousEventId":"nh4mg6u0gcq9bzo","operationId":"ydpmre6k3b8844z"}
{"type":"log","timestamp":1705334081569,"level":"info","message":"Starting rendering (child) request","meta":{"rootId":"cf1j6ij059h7v2z","id":"sr2oixdkjnkir6m"},"id":"l4g5lu7rpvynzj4","previousOperationId":"ydpmre6k3b8844z"}
{"type":"log","timestamp":1705334081569,"level":"info","message":"Rendering template { name: locations-header, recipe: chrome-pdf, engine: handlebars, preview: true }","meta":{"rootId":"cf1j6ij059h7v2z","id":"sr2oixdkjnkir6m"},"id":"dlipb8rcecnlh39","previousOperationId":"ydpmre6k3b8844z"}
{"type":"log","timestamp":1705334081571,"level":"debug","message":"Inline data specified.","meta":{"rootId":"cf1j6ij059h7v2z","id":"sr2oixdkjnkir6m"},"id":"hc3kblix0i9wcoq","previousOperationId":"ydpmre6k3b8844z"}
{"type":"log","timestamp":1705334081574,"level":"debug","message":"Base url not specified, skipping its injection.","meta":{"rootId":"cf1j6ij059h7v2z","id":"sr2oixdkjnkir6m"},"id":"hg3wlqoy28y0uh1","previousOperationId":"ydpmre6k3b8844z"}
{"type":"operationStart","subtype":"engine","name":"handlebars","timestamp":1705334081574,"id":"tzyywxx96x1uk6k","previousEventId":"a5qbyfpykxooi0a","operationId":"tyvwuqhrd8d1ds9","previousOperationId":"ydpmre6k3b8844z"}
{"type":"log","timestamp":1705334081574,"level":"debug","message":"Rendering engine handlebars","meta":{"rootId":"cf1j6ij059h7v2z","id":"sr2oixdkjnkir6m"},"id":"8asp4g5dqk2q1bi","previousOperationId":"tyvwuqhrd8d1ds9"}
{"type":"operationEnd","operationId":"tyvwuqhrd8d1ds9","timestamp":1705334081608,"id":"sucfupzzorz9nbn","previousEventId":"tzyywxx96x1uk6k","previousOperationId":"tyvwuqhrd8d1ds9"}
{"type":"operationStart","subtype":"recipe","name":"chrome-pdf","timestamp":1705334081608,"id":"49czjrqd3hyq7eb","previousEventId":"sucfupzzorz9nbn","operationId":"ed1ari546fqnfgl","previousOperationId":"tyvwuqhrd8d1ds9"}
{"type":"log","timestamp":1705334081608,"level":"debug","message":"Executing recipe chrome-pdf","meta":{"rootId":"cf1j6ij059h7v2z","id":"sr2oixdkjnkir6m"},"id":"h6gb6pke02p6nvc","previousOperationId":"ed1ari546fqnfgl"}
{"type":"log","timestamp":1705334081611,"level":"debug","message":"Converting with chrome HeadlessChrome/117.0.5938.149 using chrome-pool strategy","meta":{"rootId":"cf1j6ij059h7v2z","id":"sr2oixdkjnkir6m"},"id":"sv5laan5h0r062o","previousOperationId":"ed1ari546fqnfgl"}
{"type":"log","timestamp":1705334081736,"level":"debug","message":"Page request: GET (document) file:///C:/Users/arida/AppData/Local/Temp/jsreport/autocleanup/235c556a-c061-4bfd-8746-f3ab9dc07d0d-chrome-pdf.html","meta":{"rootId":"cf1j6ij059h7v2z","id":"sr2oixdkjnkir6m"},"id":"rzhclb0v0effrcg","previousOperationId":"ed1ari546fqnfgl"}
{"type":"log","timestamp":1705334081748,"level":"debug","message":"Page request: GET (stylesheet) https://cdnjs.cloudflare.com/ajax/libs/metro/4.1.5/css/metro.min.css","meta":{"rootId":"cf1j6ij059h7v2z","id":"sr2oixdkjnkir6m"},"id":"569vy3ql8geg4px","previousOperationId":"ed1ari546fqnfgl"}
{"type":"log","timestamp":1705334081748,"level":"debug","message":"Page request finished: GET (document) 200 file:///C:/Users/arida/AppData/Local/Temp/jsreport/autocleanup/235c556a-c061-4bfd-8746-f3ab9dc07d0d-chrome-pdf.html","meta":{"rootId":"cf1j6ij059h7v2z","id":"sr2oixdkjnkir6m"},"id":"8ap1ccc0z7iuofa","previousOperationId":"ed1ari546fqnfgl"}
{"type":"log","timestamp":1705334081770,"level":"debug","message":"Page request finished: GET (stylesheet) 200 https://cdnjs.cloudflare.com/ajax/libs/metro/4.1.5/css/metro.min.css","meta":{"rootId":"cf1j6ij059h7v2z","id":"sr2oixdkjnkir6m"},"id":"3age7zr2hpvybnk","previousOperationId":"ed1ari546fqnfgl"}
{"type":"log","timestamp":1705334081792,"level":"debug","message":"Running chrome with params {\"printBackground\":true,\"marginTop\":\"1.5cm\",\"marginRight\":\"1.5cm\",\"marginLeft\":\"1.cm\",\"timeout\":59645,\"margin\":{\"top\":\"1.5cm\",\"right\":\"1.5cm\",\"left\":\"1.cm\"}}","meta":{"rootId":"cf1j6ij059h7v2z","id":"sr2oixdkjnkir6m"},"id":"xwzsix06q6l8xvg","previousOperationId":"ed1ari546fqnfgl"}
{"type":"operationEnd","operationId":"ed1ari546fqnfgl","timestamp":1705334081838,"id":"fkl6vewlax63dwf","previousEventId":"49czjrqd3hyq7eb","previousOperationId":"ed1ari546fqnfgl"}
{"type":"log","timestamp":1705334081838,"level":"debug","message":"Skipping storing report.","meta":{"rootId":"cf1j6ij059h7v2z","id":"sr2oixdkjnkir6m"},"id":"qnxn0x4u2v3v0xx","previousOperationId":"ed1ari546fqnfgl"}
{"type":"log","timestamp":1705334081838,"level":"info","message":"Rendering (child) request finished in 583 ms","meta":{"rootId":"cf1j6ij059h7v2z","id":"sr2oixdkjnkir6m"},"id":"cj2jwbtmy6wjh23","previousOperationId":"ed1ari546fqnfgl"}
{"type":"operationEnd","subtype":"render","operationId":"ydpmre6k3b8844z","timestamp":1705334081838,"id":"elfd5q6u5h0wadg","previousEventId":"fkl6vewlax63dwf","previousOperationId":"ed1ari546fqnfgl"}
{"type":"operationEnd","operationId":"ne89mjgscfbceai","timestamp":1705334081847,"id":"ss4ndssco4s9w2k","previousEventId":"nh4mg6u0gcq9bzo","previousOperationId":"ne89mjgscfbceai"}
{"type":"log","timestamp":1705334081847,"level":"debug","message":"pdf-utils postproces start","meta":{"rootId":"cf1j6ij059h7v2z","id":"cf1j6ij059h7v2z"},"id":"e6r3v9iysuldq2l","previousOperationId":"ne89mjgscfbceai"}
{"type":"log","timestamp":1705334081857,"level":"debug","message":"pdf-utils postproces end","meta":{"rootId":"cf1j6ij059h7v2z","id":"cf1j6ij059h7v2z"},"id":"6lr5hnj41d24snp","previousOperationId":"ne89mjgscfbceai"}
{"type":"operationEnd","operationId":"n2n6al2wsk90900","timestamp":1705334081857,"id":"al0yciwej1pyifs","previousEventId":"ss4ndssco4s9w2k","previousOperationId":"ne89mjgscfbceai"}
{"type":"log","timestamp":1705334081857,"level":"info","message":"pdf-utils pdf processing was finished","meta":{"rootId":"cf1j6ij059h7v2z","id":"cf1j6ij059h7v2z"},"id":"d66zcwbpv3xsi5c","previousOperationId":"n2n6al2wsk90900"}
{"type":"log","timestamp":1705334081857,"level":"debug","message":"Skipping storing report.","meta":{"rootId":"cf1j6ij059h7v2z","id":"cf1j6ij059h7v2z"},"id":"g7e2vu5okznpmfx","previousOperationId":"n2n6al2wsk90900"}
{"type":"log","timestamp":1705334081857,"level":"info","message":"Rendering request 18 finished in 602 ms","meta":{"rootId":"cf1j6ij059h7v2z","id":"cf1j6ij059h7v2z"},"id":"sg8tna46cm8cn2m","previousOperationId":"n2n6al2wsk90900"}
{"type":"operationEnd","subtype":"render","operationId":"0yyxtfgh4v59ieo","timestamp":1705334081857,"id":"rnh2qn1dwnjsi43","previousEventId":"al0yciwej1pyifs","previousOperationId":"n2n6al2wsk90900"}
{"type":"operationEnd","doDiffs":false,"previousEventId":"lxja8vkd5y86p79","previousOperationId":"1d43af96tn5mr1a","operationId":"1d43af96tn5mr1a","timestamp":1705334081867,"id":"e158wmfxru0dzro"}
