{"type":"operationStart","subtype":"profile","data":{"_id":"NKWxd3wCg9CqbdMd","timestamp":"2024-01-15T10:18:40.845Z","state":"queued","mode":"standard","creationDate":"2024-01-15T10:18:40.851Z","modificationDate":"2024-01-15T10:18:40.851Z","shortid":"wkILFTW","$entitySet":"profiles"},"doDiffs":false,"timestamp":1705313920848,"id":"l4czq4y92hl7ety","previousOperationId":null,"operationId":"8089kn77hc33ifu"}
{"type":"log","level":"info","message":"Render request 28 queued for execution and waiting for available worker","previousOperationId":"8089kn77hc33ifu","timestamp":1705313920849,"id":"ueirfotyd8dtpag"}
{"type":"operationStart","subtype":"render","name":"locations-main","previousOperationId":"8089kn77hc33ifu","timestamp":1705313920879,"id":"y6rfh3k1kgy26ri","previousEventId":"l4czq4y92hl7ety","operationId":"nocw13bhhs6qg0l"}
{"type":"log","timestamp":1705313920879,"level":"info","message":"Starting rendering request 28","meta":{"rootId":"d0aaw0vhuly3921","id":"d0aaw0vhuly3921"},"id":"sx9678d79s1ku1o","previousOperationId":"nocw13bhhs6qg0l"}
{"type":"log","timestamp":1705313920880,"level":"info","message":"Rendering template { name: locations-main, recipe: chrome-pdf, engine: handlebars, preview: true }","meta":{"rootId":"d0aaw0vhuly3921","id":"d0aaw0vhuly3921"},"id":"zyjto8fil1126m4","previousOperationId":"nocw13bhhs6qg0l"}
{"type":"log","timestamp":1705313920883,"level":"debug","message":"Data item not defined for this template.","meta":{"rootId":"d0aaw0vhuly3921","id":"d0aaw0vhuly3921"},"id":"0v71emzh7icizu1","previousOperationId":"nocw13bhhs6qg0l"}
{"type":"log","timestamp":1705313920892,"level":"debug","message":"Executing script locations-script (beforeRender)","meta":{"rootId":"d0aaw0vhuly3921","id":"d0aaw0vhuly3921"},"id":"t88llpdnwi9eyye","previousOperationId":"nocw13bhhs6qg0l"}
{"type":"operationStart","subtype":"scriptsBeforeRender","name":"scripts beforeRender","timestamp":1705313920917,"id":"j6onpded4a46j4s","previousEventId":"y6rfh3k1kgy26ri","operationId":"jwfg85fu54501rm","previousOperationId":"nocw13bhhs6qg0l"}
{"type":"operationStart","subtype":"script","name":"scripts locations-script","previousOperationId":"jwfg85fu54501rm","timestamp":1705313920917,"id":"v0t0tykrwi5ul20","previousEventId":"j6onpded4a46j4s","operationId":"1z9yshllwocfi6l"}
{"type":"operationEnd","operationId":"1z9yshllwocfi6l","timestamp":1705313920952,"id":"0bh8wv22dusnx7g","previousEventId":"y6rfh3k1kgy26ri","previousOperationId":"nocw13bhhs6qg0l"}
{"type":"operationEnd","operationId":"jwfg85fu54501rm","timestamp":1705313920952,"id":"yq8ndnvfrokvzh3","previousEventId":"0bh8wv22dusnx7g","previousOperationId":"nocw13bhhs6qg0l"}
{"type":"log","timestamp":1705313920952,"level":"debug","message":"Base url not specified, skipping its injection.","meta":{"rootId":"d0aaw0vhuly3921","id":"d0aaw0vhuly3921"},"id":"m2tdey3llnxdj20","previousOperationId":"jwfg85fu54501rm"}
{"type":"operationStart","subtype":"engine","name":"handlebars","timestamp":1705313920952,"id":"jrc5as2vnrgipwc","previousEventId":"yq8ndnvfrokvzh3","operationId":"j0v7gdqtaw429m5","previousOperationId":"jwfg85fu54501rm"}
{"type":"log","timestamp":1705313920952,"level":"debug","message":"Rendering engine handlebars","meta":{"rootId":"d0aaw0vhuly3921","id":"d0aaw0vhuly3921"},"id":"bm1l4lxunck3id6","previousOperationId":"j0v7gdqtaw429m5"}
{"type":"operationEnd","operationId":"j0v7gdqtaw429m5","timestamp":1705313921004,"id":"qsad06yjjlj8l1o","previousEventId":"jrc5as2vnrgipwc","previousOperationId":"j0v7gdqtaw429m5"}
{"type":"operationStart","subtype":"recipe","name":"chrome-pdf","timestamp":1705313921005,"id":"eyx0uwa5yc2zoaz","previousEventId":"qsad06yjjlj8l1o","operationId":"isvglnpffz36ww0","previousOperationId":"j0v7gdqtaw429m5"}
{"type":"log","timestamp":1705313921005,"level":"debug","message":"Executing recipe chrome-pdf","meta":{"rootId":"d0aaw0vhuly3921","id":"d0aaw0vhuly3921"},"id":"617rl2zcqb62ow4","previousOperationId":"isvglnpffz36ww0"}
{"type":"log","timestamp":1705313921013,"level":"debug","message":"Converting with chrome HeadlessChrome/117.0.5938.149 using chrome-pool strategy","meta":{"rootId":"d0aaw0vhuly3921","id":"d0aaw0vhuly3921"},"id":"93p8ptky1f0r86t","previousOperationId":"isvglnpffz36ww0"}
{"type":"log","timestamp":1705313921270,"level":"debug","message":"Page request: GET (document) file:///C:/Users/arida/AppData/Local/Temp/jsreport/autocleanup/25f4b7a3-de63-4a9c-ab7f-81a037ef3fb4-chrome-pdf.html","meta":{"rootId":"d0aaw0vhuly3921","id":"d0aaw0vhuly3921"},"id":"4r0upocyiedm8w5","previousOperationId":"isvglnpffz36ww0"}
{"type":"log","timestamp":1705313921335,"level":"debug","message":"Page request: GET (script) https://cdn.jsdelivr.net/npm/chart.js","meta":{"rootId":"d0aaw0vhuly3921","id":"d0aaw0vhuly3921"},"id":"kgd9c0t283ichwo","previousOperationId":"isvglnpffz36ww0"}
{"type":"log","timestamp":1705313921336,"level":"debug","message":"Page request finished: GET (document) 200 file:///C:/Users/arida/AppData/Local/Temp/jsreport/autocleanup/25f4b7a3-de63-4a9c-ab7f-81a037ef3fb4-chrome-pdf.html","meta":{"rootId":"d0aaw0vhuly3921","id":"d0aaw0vhuly3921"},"id":"9q4vuwfiw3ietnc","previousOperationId":"isvglnpffz36ww0"}
{"type":"log","timestamp":1705313921346,"level":"debug","message":"Page request finished: GET (script) 200 https://cdn.jsdelivr.net/npm/chart.js","meta":{"rootId":"d0aaw0vhuly3921","id":"d0aaw0vhuly3921"},"id":"s2iznady3mpnjj3","previousOperationId":"isvglnpffz36ww0"}
{"type":"log","timestamp":1705313921357,"level":"warn","message":"Page error: numEventos is not defined , stack: ReferenceError: numEventos is not defined\n    at <anonymous> (file:///C:/Users/arida/AppData/Local/Temp/jsreport/autocleanup/25f4b7a3-de63-4a9c-ab7f-81a037ef3fb4-chrome-pdf.html:38:22)","meta":{"rootId":"d0aaw0vhuly3921","id":"d0aaw0vhuly3921"},"id":"fr4ty43tyk5h8xm","previousOperationId":"isvglnpffz36ww0"}
{"type":"log","timestamp":1705313921358,"level":"warn","message":"Page error: numEventos is not defined , stack: ReferenceError: numEventos is not defined\n    at <anonymous> (file:///C:/Users/arida/AppData/Local/Temp/jsreport/autocleanup/25f4b7a3-de63-4a9c-ab7f-81a037ef3fb4-chrome-pdf.html:83:22)","meta":{"rootId":"d0aaw0vhuly3921","id":"d0aaw0vhuly3921"},"id":"p7gdhl76vecw6c8","previousOperationId":"isvglnpffz36ww0"}
{"type":"log","timestamp":1705313921391,"level":"debug","message":"Running chrome with params {\"printBackground\":true,\"marginTop\":\"4cm\",\"marginRight\":\"1.5cm\",\"marginBottom\":\"1.5cm\",\"marginLeft\":\"1.5cm\",\"waitForJS\":false,\"timeout\":59835,\"margin\":{\"top\":\"4cm\",\"right\":\"1.5cm\",\"bottom\":\"1.5cm\",\"left\":\"1.5cm\"}}","meta":{"rootId":"d0aaw0vhuly3921","id":"d0aaw0vhuly3921"},"id":"henaear1j7fdnw5","previousOperationId":"isvglnpffz36ww0"}
{"type":"operationEnd","operationId":"isvglnpffz36ww0","timestamp":1705313921486,"id":"mao8ximvhxxqac8","previousEventId":"eyx0uwa5yc2zoaz","previousOperationId":"isvglnpffz36ww0"}
{"type":"log","timestamp":1705313921486,"level":"info","message":"pdf-utils is starting pdf processing","meta":{"rootId":"d0aaw0vhuly3921","id":"d0aaw0vhuly3921"},"id":"94tylbdozxbbzav","previousOperationId":"isvglnpffz36ww0"}
{"type":"operationStart","subtype":"pdfUtils","name":"pdf utils","timestamp":1705313921486,"id":"gn39khp6gwbxcco","previousEventId":"mao8ximvhxxqac8","operationId":"mh6f7vsd0o9eh71","previousOperationId":"isvglnpffz36ww0"}
{"type":"log","timestamp":1705313921486,"level":"debug","message":"pdf-utils detected 1 pdf operation(s) to process","meta":{"rootId":"d0aaw0vhuly3921","id":"d0aaw0vhuly3921"},"id":"2kw1til6gg84zah","previousOperationId":"mh6f7vsd0o9eh71"}
{"type":"log","timestamp":1705313921522,"level":"debug","message":"pdf-utils running pdf operation merge","meta":{"rootId":"d0aaw0vhuly3921","id":"d0aaw0vhuly3921"},"id":"hfhxnz4bp2svdha","previousOperationId":"mh6f7vsd0o9eh71"}
{"type":"operationStart","subtype":"pdfUtilsMerge","name":"pdf utils merge","previousOperationId":"mh6f7vsd0o9eh71","timestamp":1705313921522,"id":"wqwo40hsj2rewcn","previousEventId":"gn39khp6gwbxcco","operationId":"lypw7vdsw8zgc34"}
{"type":"operationStart","subtype":"render","name":"locations-header","previousOperationId":"lypw7vdsw8zgc34","timestamp":1705313921523,"id":"rkbegs0pdd49x4n","previousEventId":"wqwo40hsj2rewcn","operationId":"izrva1tuywpqwtr"}
{"type":"log","timestamp":1705313921523,"level":"info","message":"Starting rendering (child) request","meta":{"rootId":"d0aaw0vhuly3921","id":"0ulzvliogivxpso"},"id":"gkjdvlyspgj6a7p","previousOperationId":"izrva1tuywpqwtr"}
{"type":"log","timestamp":1705313921524,"level":"info","message":"Rendering template { name: locations-header, recipe: chrome-pdf, engine: handlebars, preview: true }","meta":{"rootId":"d0aaw0vhuly3921","id":"0ulzvliogivxpso"},"id":"uee1lqswj1x198s","previousOperationId":"izrva1tuywpqwtr"}
{"type":"log","timestamp":1705313921525,"level":"debug","message":"Inline data specified.","meta":{"rootId":"d0aaw0vhuly3921","id":"0ulzvliogivxpso"},"id":"pt0cjs2oyux7hix","previousOperationId":"izrva1tuywpqwtr"}
{"type":"log","timestamp":1705313921530,"level":"debug","message":"Base url not specified, skipping its injection.","meta":{"rootId":"d0aaw0vhuly3921","id":"0ulzvliogivxpso"},"id":"loys97p5ktxujff","previousOperationId":"izrva1tuywpqwtr"}
{"type":"operationStart","subtype":"engine","name":"handlebars","timestamp":1705313921531,"id":"lpx2c38ssc83mrk","previousEventId":"rkbegs0pdd49x4n","operationId":"hy0dq8x3sijd3uh","previousOperationId":"izrva1tuywpqwtr"}
{"type":"log","timestamp":1705313921531,"level":"debug","message":"Rendering engine handlebars","meta":{"rootId":"d0aaw0vhuly3921","id":"0ulzvliogivxpso"},"id":"ol2u5qpradtzr8q","previousOperationId":"hy0dq8x3sijd3uh"}
{"type":"operationEnd","operationId":"hy0dq8x3sijd3uh","timestamp":1705313921569,"id":"0mz66phi2bq038p","previousEventId":"lpx2c38ssc83mrk","previousOperationId":"hy0dq8x3sijd3uh"}
{"type":"operationStart","subtype":"recipe","name":"chrome-pdf","timestamp":1705313921569,"id":"ayom03h1q8vygxt","previousEventId":"0mz66phi2bq038p","operationId":"5b48kb685gcfjj4","previousOperationId":"hy0dq8x3sijd3uh"}
{"type":"log","timestamp":1705313921569,"level":"debug","message":"Executing recipe chrome-pdf","meta":{"rootId":"d0aaw0vhuly3921","id":"0ulzvliogivxpso"},"id":"zv3xrj8u3oxgqwq","previousOperationId":"5b48kb685gcfjj4"}
{"type":"log","timestamp":1705313921574,"level":"debug","message":"Converting with chrome HeadlessChrome/117.0.5938.149 using chrome-pool strategy","meta":{"rootId":"d0aaw0vhuly3921","id":"0ulzvliogivxpso"},"id":"cet2jwb3o9yyb9x","previousOperationId":"5b48kb685gcfjj4"}
{"type":"log","timestamp":1705313921780,"level":"debug","message":"Page request: GET (document) file:///C:/Users/arida/AppData/Local/Temp/jsreport/autocleanup/cab96dc0-a56d-438c-9b3a-a5fc9ee42aa1-chrome-pdf.html","meta":{"rootId":"d0aaw0vhuly3921","id":"0ulzvliogivxpso"},"id":"gdb88mq0z6ei1uc","previousOperationId":"5b48kb685gcfjj4"}
{"type":"log","timestamp":1705313921792,"level":"debug","message":"Page request: GET (stylesheet) https://cdnjs.cloudflare.com/ajax/libs/metro/4.1.5/css/metro.min.css","meta":{"rootId":"d0aaw0vhuly3921","id":"0ulzvliogivxpso"},"id":"t46jcw07lez9r2v","previousOperationId":"5b48kb685gcfjj4"}
{"type":"log","timestamp":1705313921793,"level":"debug","message":"Page request finished: GET (document) 200 file:///C:/Users/arida/AppData/Local/Temp/jsreport/autocleanup/cab96dc0-a56d-438c-9b3a-a5fc9ee42aa1-chrome-pdf.html","meta":{"rootId":"d0aaw0vhuly3921","id":"0ulzvliogivxpso"},"id":"sapokkd1x8v1cgx","previousOperationId":"5b48kb685gcfjj4"}
{"type":"log","timestamp":1705313921814,"level":"debug","message":"Page request finished: GET (stylesheet) 200 https://cdnjs.cloudflare.com/ajax/libs/metro/4.1.5/css/metro.min.css","meta":{"rootId":"d0aaw0vhuly3921","id":"0ulzvliogivxpso"},"id":"jgp5kiktxfywo59","previousOperationId":"5b48kb685gcfjj4"}
{"type":"log","timestamp":1705313921838,"level":"debug","message":"Running chrome with params {\"printBackground\":true,\"marginTop\":\"1.5cm\",\"marginRight\":\"1.5cm\",\"marginLeft\":\"1.cm\",\"timeout\":59273,\"margin\":{\"top\":\"1.5cm\",\"right\":\"1.5cm\",\"left\":\"1.cm\"}}","meta":{"rootId":"d0aaw0vhuly3921","id":"0ulzvliogivxpso"},"id":"h2mse0guwnnr3q1","previousOperationId":"5b48kb685gcfjj4"}
{"type":"operationEnd","operationId":"5b48kb685gcfjj4","timestamp":1705313921877,"id":"4lfzemb2y2rxa58","previousEventId":"ayom03h1q8vygxt","previousOperationId":"5b48kb685gcfjj4"}
{"type":"log","timestamp":1705313921877,"level":"debug","message":"Skipping storing report.","meta":{"rootId":"d0aaw0vhuly3921","id":"0ulzvliogivxpso"},"id":"ffk7rf6gas6r56r","previousOperationId":"5b48kb685gcfjj4"}
{"type":"log","timestamp":1705313921877,"level":"info","message":"Rendering (child) request finished in 1032 ms","meta":{"rootId":"d0aaw0vhuly3921","id":"0ulzvliogivxpso"},"id":"m30a9m4hqogilie","previousOperationId":"5b48kb685gcfjj4"}
{"type":"operationEnd","subtype":"render","operationId":"izrva1tuywpqwtr","timestamp":1705313921877,"id":"w35ntxu2d275qcu","previousEventId":"4lfzemb2y2rxa58","previousOperationId":"5b48kb685gcfjj4"}
{"type":"operationEnd","operationId":"lypw7vdsw8zgc34","timestamp":1705313921887,"id":"qhipnlw23leizxw","previousEventId":"wqwo40hsj2rewcn","previousOperationId":"lypw7vdsw8zgc34"}
{"type":"log","timestamp":1705313921887,"level":"debug","message":"pdf-utils postproces start","meta":{"rootId":"d0aaw0vhuly3921","id":"d0aaw0vhuly3921"},"id":"x84kxggymjalalz","previousOperationId":"lypw7vdsw8zgc34"}
{"type":"log","timestamp":1705313921895,"level":"debug","message":"pdf-utils postproces end","meta":{"rootId":"d0aaw0vhuly3921","id":"d0aaw0vhuly3921"},"id":"zgwieqnxksjcb7x","previousOperationId":"lypw7vdsw8zgc34"}
{"type":"operationEnd","operationId":"mh6f7vsd0o9eh71","timestamp":1705313921895,"id":"rcjabu4gv8khgw1","previousEventId":"qhipnlw23leizxw","previousOperationId":"lypw7vdsw8zgc34"}
{"type":"log","timestamp":1705313921895,"level":"info","message":"pdf-utils pdf processing was finished","meta":{"rootId":"d0aaw0vhuly3921","id":"d0aaw0vhuly3921"},"id":"v80l4om7y5e2is9","previousOperationId":"mh6f7vsd0o9eh71"}
{"type":"log","timestamp":1705313921895,"level":"debug","message":"Skipping storing report.","meta":{"rootId":"d0aaw0vhuly3921","id":"d0aaw0vhuly3921"},"id":"45e307k9rzeghza","previousOperationId":"mh6f7vsd0o9eh71"}
{"type":"log","timestamp":1705313921895,"level":"info","message":"Rendering request 28 finished in 1050 ms","meta":{"rootId":"d0aaw0vhuly3921","id":"d0aaw0vhuly3921"},"id":"ky31lznbbsbtu85","previousOperationId":"mh6f7vsd0o9eh71"}
{"type":"operationEnd","subtype":"render","operationId":"nocw13bhhs6qg0l","timestamp":1705313921895,"id":"g8cxs33wmztfyg7","previousEventId":"rcjabu4gv8khgw1","previousOperationId":"mh6f7vsd0o9eh71"}
{"type":"operationEnd","doDiffs":false,"previousEventId":"l4czq4y92hl7ety","previousOperationId":"8089kn77hc33ifu","operationId":"8089kn77hc33ifu","timestamp":1705313921904,"id":"nzap9hvxezcjwr4"}
