{"type":"operationStart","subtype":"profile","data":{"_id":"LGskolFd7vZENiu8","timestamp":"2024-01-15T09:59:00.489Z","state":"queued","mode":"standard","creationDate":"2024-01-15T09:59:00.495Z","modificationDate":"2024-01-15T09:59:00.495Z","shortid":"6l852UD","$entitySet":"profiles"},"doDiffs":false,"timestamp":1705312740492,"id":"1nhrbt2eqmipzb3","previousOperationId":null,"operationId":"xhdgu6nh0dx01m3"}
{"type":"log","level":"info","message":"Render request 7 queued for execution and waiting for available worker","previousOperationId":"xhdgu6nh0dx01m3","timestamp":1705312740492,"id":"ub4ypvodha6ie4c"}
{"type":"operationStart","subtype":"render","name":"locations-main","previousOperationId":"xhdgu6nh0dx01m3","timestamp":1705312740525,"id":"r381koyexwd9464","previousEventId":"1nhrbt2eqmipzb3","operationId":"0tffqios6301l14"}
{"type":"log","timestamp":1705312740526,"level":"info","message":"Starting rendering request 7","meta":{"rootId":"do6sfg82619ho9z","id":"do6sfg82619ho9z"},"id":"iopghidtfzpbkvx","previousOperationId":"0tffqios6301l14"}
{"type":"log","timestamp":1705312740526,"level":"info","message":"Rendering template { name: locations-main, recipe: chrome-pdf, engine: handlebars, preview: true }","meta":{"rootId":"do6sfg82619ho9z","id":"do6sfg82619ho9z"},"id":"6zttoin2irjs3qp","previousOperationId":"0tffqios6301l14"}
{"type":"log","timestamp":1705312740530,"level":"debug","message":"Data item not defined for this template.","meta":{"rootId":"do6sfg82619ho9z","id":"do6sfg82619ho9z"},"id":"35i56jbe7opatkr","previousOperationId":"0tffqios6301l14"}
{"type":"log","timestamp":1705312740543,"level":"debug","message":"Executing script locations-script (beforeRender)","meta":{"rootId":"do6sfg82619ho9z","id":"do6sfg82619ho9z"},"id":"7ti30iumaso6qho","previousOperationId":"0tffqios6301l14"}
{"type":"operationStart","subtype":"scriptsBeforeRender","name":"scripts beforeRender","timestamp":1705312740557,"id":"zbfw4d2srwwroxf","previousEventId":"r381koyexwd9464","operationId":"a1o6j3hw2w7udm8","previousOperationId":"0tffqios6301l14"}
{"type":"operationStart","subtype":"script","name":"scripts locations-script","previousOperationId":"a1o6j3hw2w7udm8","timestamp":1705312740557,"id":"1qcucnbkvedc42p","previousEventId":"zbfw4d2srwwroxf","operationId":"oebst4wwgen33xh"}
{"type":"operationEnd","operationId":"oebst4wwgen33xh","timestamp":1705312740590,"id":"fkm38af2jnafr2m","previousEventId":"r381koyexwd9464","previousOperationId":"0tffqios6301l14"}
{"type":"operationEnd","operationId":"a1o6j3hw2w7udm8","timestamp":1705312740590,"id":"xpq6i6urlj5nh4y","previousEventId":"fkm38af2jnafr2m","previousOperationId":"0tffqios6301l14"}
{"type":"log","timestamp":1705312740590,"level":"debug","message":"Base url not specified, skipping its injection.","meta":{"rootId":"do6sfg82619ho9z","id":"do6sfg82619ho9z"},"id":"d3fj70ku5c87988","previousOperationId":"a1o6j3hw2w7udm8"}
{"type":"operationStart","subtype":"engine","name":"handlebars","timestamp":1705312740591,"id":"sqmp3a7zfrzsg5s","previousEventId":"xpq6i6urlj5nh4y","operationId":"5gzfg7k3e0b573l","previousOperationId":"a1o6j3hw2w7udm8"}
{"type":"log","timestamp":1705312740591,"level":"debug","message":"Rendering engine handlebars","meta":{"rootId":"do6sfg82619ho9z","id":"do6sfg82619ho9z"},"id":"wzbmi4oqgwl4ehl","previousOperationId":"5gzfg7k3e0b573l"}
{"type":"operationEnd","operationId":"5gzfg7k3e0b573l","timestamp":1705312740634,"id":"e73jiq8wnjtipm6","previousEventId":"sqmp3a7zfrzsg5s","previousOperationId":"5gzfg7k3e0b573l"}
{"type":"operationStart","subtype":"recipe","name":"chrome-pdf","timestamp":1705312740635,"id":"5jos2n604pfb9sr","previousEventId":"e73jiq8wnjtipm6","operationId":"e4ihzkxsd0why2w","previousOperationId":"5gzfg7k3e0b573l"}
{"type":"log","timestamp":1705312740635,"level":"debug","message":"Executing recipe chrome-pdf","meta":{"rootId":"do6sfg82619ho9z","id":"do6sfg82619ho9z"},"id":"kvyx814q207hsa5","previousOperationId":"e4ihzkxsd0why2w"}
{"type":"log","timestamp":1705312740641,"level":"debug","message":"Converting with chrome HeadlessChrome/117.0.5938.149 using chrome-pool strategy","meta":{"rootId":"do6sfg82619ho9z","id":"do6sfg82619ho9z"},"id":"uviu5bcc546fb8e","previousOperationId":"e4ihzkxsd0why2w"}
{"type":"log","timestamp":1705312740833,"level":"debug","message":"Page request: GET (document) file:///C:/Users/arida/AppData/Local/Temp/jsreport/autocleanup/4e64101d-195a-49d4-97a2-d3e649e49a04-chrome-pdf.html","meta":{"rootId":"do6sfg82619ho9z","id":"do6sfg82619ho9z"},"id":"aqt3d78gm38o31i","previousOperationId":"e4ihzkxsd0why2w"}
{"type":"log","timestamp":1705312740860,"level":"debug","message":"Page request: GET (stylesheet) https://cdnjs.cloudflare.com/ajax/libs/metro/4.1.5/css/metro.min.css","meta":{"rootId":"do6sfg82619ho9z","id":"do6sfg82619ho9z"},"id":"gkxuevfay8fz2g0","previousOperationId":"e4ihzkxsd0why2w"}
{"type":"log","timestamp":1705312740860,"level":"debug","message":"Page request: GET (script) https://cdnjs.cloudflare.com/ajax/libs/Chart.js/2.7.2/Chart.min.js","meta":{"rootId":"do6sfg82619ho9z","id":"do6sfg82619ho9z"},"id":"gi4rx5cai6r9q48","previousOperationId":"e4ihzkxsd0why2w"}
{"type":"log","timestamp":1705312740861,"level":"debug","message":"Page request finished: GET (document) 200 file:///C:/Users/arida/AppData/Local/Temp/jsreport/autocleanup/4e64101d-195a-49d4-97a2-d3e649e49a04-chrome-pdf.html","meta":{"rootId":"do6sfg82619ho9z","id":"do6sfg82619ho9z"},"id":"3bt138ghvyhim6e","previousOperationId":"e4ihzkxsd0why2w"}
{"type":"log","timestamp":1705312740870,"level":"debug","message":"Page request finished: GET (script) 200 https://cdnjs.cloudflare.com/ajax/libs/Chart.js/2.7.2/Chart.min.js","meta":{"rootId":"do6sfg82619ho9z","id":"do6sfg82619ho9z"},"id":"dogvhauc6gl8jy0","previousOperationId":"e4ihzkxsd0why2w"}
{"type":"log","timestamp":1705312740901,"level":"debug","message":"Page request finished: GET (stylesheet) 200 https://cdnjs.cloudflare.com/ajax/libs/metro/4.1.5/css/metro.min.css","meta":{"rootId":"do6sfg82619ho9z","id":"do6sfg82619ho9z"},"id":"5lbom5ohtqk25gv","previousOperationId":"e4ihzkxsd0why2w"}
{"type":"log","timestamp":1705312740919,"level":"warn","message":"Page error: \"undefined\" is not valid JSON\nJSON.parse (<anonymous>) , stack: SyntaxError: \"undefined\" is not valid JSON\nJSON.parse (<anonymous>)\n    at <anonymous> (file:///C:/Users/arida/AppData/Local/Temp/jsreport/autocleanup/4e64101d-195a-49d4-97a2-d3e649e49a04-chrome-pdf.html:34:23)","meta":{"rootId":"do6sfg82619ho9z","id":"do6sfg82619ho9z"},"id":"ueybk0ex0j0jck6","previousOperationId":"e4ihzkxsd0why2w"}
{"type":"log","timestamp":1705312740975,"level":"debug","message":"Running chrome with params {\"printBackground\":true,\"marginTop\":\"4cm\",\"marginRight\":\"1.5cm\",\"marginBottom\":\"1.5cm\",\"marginLeft\":\"1.5cm\",\"waitForJS\":false,\"timeout\":59849,\"margin\":{\"top\":\"4cm\",\"right\":\"1.5cm\",\"bottom\":\"1.5cm\",\"left\":\"1.5cm\"}}","meta":{"rootId":"do6sfg82619ho9z","id":"do6sfg82619ho9z"},"id":"0370ixy231faedc","previousOperationId":"e4ihzkxsd0why2w"}
{"type":"operationEnd","operationId":"e4ihzkxsd0why2w","timestamp":1705312741024,"id":"85oxyns98n1641w","previousEventId":"5jos2n604pfb9sr","previousOperationId":"e4ihzkxsd0why2w"}
{"type":"log","timestamp":1705312741024,"level":"info","message":"pdf-utils is starting pdf processing","meta":{"rootId":"do6sfg82619ho9z","id":"do6sfg82619ho9z"},"id":"b1mnw2gwu49zmax","previousOperationId":"e4ihzkxsd0why2w"}
{"type":"operationStart","subtype":"pdfUtils","name":"pdf utils","timestamp":1705312741024,"id":"fud5um036zkpxq6","previousEventId":"85oxyns98n1641w","operationId":"5m8gpo0j1o2xzcz","previousOperationId":"e4ihzkxsd0why2w"}
{"type":"log","timestamp":1705312741024,"level":"debug","message":"pdf-utils detected 1 pdf operation(s) to process","meta":{"rootId":"do6sfg82619ho9z","id":"do6sfg82619ho9z"},"id":"dhatzwpnp2gipco","previousOperationId":"5m8gpo0j1o2xzcz"}
{"type":"log","timestamp":1705312741041,"level":"debug","message":"pdf-utils running pdf operation merge","meta":{"rootId":"do6sfg82619ho9z","id":"do6sfg82619ho9z"},"id":"psfs4k8i558wjpi","previousOperationId":"5m8gpo0j1o2xzcz"}
{"type":"operationStart","subtype":"pdfUtilsMerge","name":"pdf utils merge","previousOperationId":"5m8gpo0j1o2xzcz","timestamp":1705312741041,"id":"c5judt1asp4mz5v","previousEventId":"fud5um036zkpxq6","operationId":"5s4v8uqw65zw83b"}
{"type":"operationStart","subtype":"render","name":"locations-header","previousOperationId":"5s4v8uqw65zw83b","timestamp":1705312741042,"id":"5e164559m04oy7h","previousEventId":"c5judt1asp4mz5v","operationId":"neoam2j3y3ctsdc"}
{"type":"log","timestamp":1705312741042,"level":"info","message":"Starting rendering (child) request","meta":{"rootId":"do6sfg82619ho9z","id":"03lcwemq5e9uwbo"},"id":"kn2u059nhc6ll6b","previousOperationId":"neoam2j3y3ctsdc"}
{"type":"log","timestamp":1705312741042,"level":"info","message":"Rendering template { name: locations-header, recipe: chrome-pdf, engine: handlebars, preview: true }","meta":{"rootId":"do6sfg82619ho9z","id":"03lcwemq5e9uwbo"},"id":"6rtlehleydhspzr","previousOperationId":"neoam2j3y3ctsdc"}
{"type":"log","timestamp":1705312741043,"level":"debug","message":"Inline data specified.","meta":{"rootId":"do6sfg82619ho9z","id":"03lcwemq5e9uwbo"},"id":"gnxv4wz0m3jmhcq","previousOperationId":"neoam2j3y3ctsdc"}
{"type":"log","timestamp":1705312741047,"level":"debug","message":"Base url not specified, skipping its injection.","meta":{"rootId":"do6sfg82619ho9z","id":"03lcwemq5e9uwbo"},"id":"pz5qouoh7kysjcz","previousOperationId":"neoam2j3y3ctsdc"}
{"type":"operationStart","subtype":"engine","name":"handlebars","timestamp":1705312741047,"id":"itb0x0njiafvgpz","previousEventId":"5e164559m04oy7h","operationId":"edimu3f883p5ygb","previousOperationId":"neoam2j3y3ctsdc"}
{"type":"log","timestamp":1705312741047,"level":"debug","message":"Rendering engine handlebars","meta":{"rootId":"do6sfg82619ho9z","id":"03lcwemq5e9uwbo"},"id":"6u1vf1mp6hlkjz3","previousOperationId":"edimu3f883p5ygb"}
{"type":"operationEnd","operationId":"edimu3f883p5ygb","timestamp":1705312741069,"id":"atxx3v8pg2crr06","previousEventId":"itb0x0njiafvgpz","previousOperationId":"edimu3f883p5ygb"}
{"type":"operationStart","subtype":"recipe","name":"chrome-pdf","timestamp":1705312741069,"id":"fkp5ii1duturztp","previousEventId":"atxx3v8pg2crr06","operationId":"zkjers3dv8wrmgo","previousOperationId":"edimu3f883p5ygb"}
{"type":"log","timestamp":1705312741069,"level":"debug","message":"Executing recipe chrome-pdf","meta":{"rootId":"do6sfg82619ho9z","id":"03lcwemq5e9uwbo"},"id":"v2eu3ermm062f8o","previousOperationId":"zkjers3dv8wrmgo"}
{"type":"log","timestamp":1705312741072,"level":"debug","message":"Converting with chrome HeadlessChrome/117.0.5938.149 using chrome-pool strategy","meta":{"rootId":"do6sfg82619ho9z","id":"03lcwemq5e9uwbo"},"id":"t6nlt0se2ndjatz","previousOperationId":"zkjers3dv8wrmgo"}
{"type":"log","timestamp":1705312741175,"level":"debug","message":"Page request: GET (document) file:///C:/Users/arida/AppData/Local/Temp/jsreport/autocleanup/cfcc9e81-a306-4da0-b355-e1d33023d76b-chrome-pdf.html","meta":{"rootId":"do6sfg82619ho9z","id":"03lcwemq5e9uwbo"},"id":"o7e803nv4s2rp3m","previousOperationId":"zkjers3dv8wrmgo"}
{"type":"log","timestamp":1705312741185,"level":"debug","message":"Page request: GET (stylesheet) https://cdnjs.cloudflare.com/ajax/libs/metro/4.1.5/css/metro.min.css","meta":{"rootId":"do6sfg82619ho9z","id":"03lcwemq5e9uwbo"},"id":"g23qgtbw23wbkbp","previousOperationId":"zkjers3dv8wrmgo"}
{"type":"log","timestamp":1705312741185,"level":"debug","message":"Page request finished: GET (document) 200 file:///C:/Users/arida/AppData/Local/Temp/jsreport/autocleanup/cfcc9e81-a306-4da0-b355-e1d33023d76b-chrome-pdf.html","meta":{"rootId":"do6sfg82619ho9z","id":"03lcwemq5e9uwbo"},"id":"muud72ip672s1jn","previousOperationId":"zkjers3dv8wrmgo"}
{"type":"log","timestamp":1705312741206,"level":"debug","message":"Page request finished: GET (stylesheet) 200 https://cdnjs.cloudflare.com/ajax/libs/metro/4.1.5/css/metro.min.css","meta":{"rootId":"do6sfg82619ho9z","id":"03lcwemq5e9uwbo"},"id":"zufnrc07sgzmulx","previousOperationId":"zkjers3dv8wrmgo"}
{"type":"log","timestamp":1705312741226,"level":"debug","message":"Running chrome with params {\"printBackground\":true,\"marginTop\":\"1.5cm\",\"marginRight\":\"1.5cm\",\"marginLeft\":\"1.cm\",\"timeout\":59417,\"margin\":{\"top\":\"1.5cm\",\"right\":\"1.5cm\",\"left\":\"1.cm\"}}","meta":{"rootId":"do6sfg82619ho9z","id":"03lcwemq5e9uwbo"},"id":"mapwmvhvegiq65z","previousOperationId":"zkjers3dv8wrmgo"}
{"type":"operationEnd","operationId":"zkjers3dv8wrmgo","timestamp":1705312741264,"id":"gigj1tvkk4xssk3","previousEventId":"fkp5ii1duturztp","previousOperationId":"zkjers3dv8wrmgo"}
{"type":"log","timestamp":1705312741264,"level":"debug","message":"Skipping storing report.","meta":{"rootId":"do6sfg82619ho9z","id":"03lcwemq5e9uwbo"},"id":"30286q44vd8fg2f","previousOperationId":"zkjers3dv8wrmgo"}
{"type":"log","timestamp":1705312741264,"level":"info","message":"Rendering (child) request finished in 776 ms","meta":{"rootId":"do6sfg82619ho9z","id":"03lcwemq5e9uwbo"},"id":"4jpaq228qsdd1x1","previousOperationId":"zkjers3dv8wrmgo"}
{"type":"operationEnd","subtype":"render","operationId":"neoam2j3y3ctsdc","timestamp":1705312741264,"id":"4qpgljzxml1bmdo","previousEventId":"gigj1tvkk4xssk3","previousOperationId":"zkjers3dv8wrmgo"}
{"type":"operationEnd","operationId":"5s4v8uqw65zw83b","timestamp":1705312741272,"id":"fn5ab2kkcfsufrj","previousEventId":"c5judt1asp4mz5v","previousOperationId":"5s4v8uqw65zw83b"}
{"type":"log","timestamp":1705312741272,"level":"debug","message":"pdf-utils postproces start","meta":{"rootId":"do6sfg82619ho9z","id":"do6sfg82619ho9z"},"id":"f2hqamjifd4ljvx","previousOperationId":"5s4v8uqw65zw83b"}
{"type":"log","timestamp":1705312741281,"level":"debug","message":"pdf-utils postproces end","meta":{"rootId":"do6sfg82619ho9z","id":"do6sfg82619ho9z"},"id":"pptn1tzrgm4yy7v","previousOperationId":"5s4v8uqw65zw83b"}
{"type":"operationEnd","operationId":"5m8gpo0j1o2xzcz","timestamp":1705312741281,"id":"586g575xz0rythm","previousEventId":"fn5ab2kkcfsufrj","previousOperationId":"5s4v8uqw65zw83b"}
{"type":"log","timestamp":1705312741281,"level":"info","message":"pdf-utils pdf processing was finished","meta":{"rootId":"do6sfg82619ho9z","id":"do6sfg82619ho9z"},"id":"hu73gx1qg61md5l","previousOperationId":"5m8gpo0j1o2xzcz"}
{"type":"log","timestamp":1705312741281,"level":"debug","message":"Skipping storing report.","meta":{"rootId":"do6sfg82619ho9z","id":"do6sfg82619ho9z"},"id":"r85hbhqpp3co8v8","previousOperationId":"5m8gpo0j1o2xzcz"}
{"type":"log","timestamp":1705312741281,"level":"info","message":"Rendering request 7 finished in 793 ms","meta":{"rootId":"do6sfg82619ho9z","id":"do6sfg82619ho9z"},"id":"ynnxibhb3wjr578","previousOperationId":"5m8gpo0j1o2xzcz"}
{"type":"operationEnd","subtype":"render","operationId":"0tffqios6301l14","timestamp":1705312741281,"id":"sbc3ncpqqzsis06","previousEventId":"586g575xz0rythm","previousOperationId":"5m8gpo0j1o2xzcz"}
{"type":"operationEnd","doDiffs":false,"previousEventId":"1nhrbt2eqmipzb3","previousOperationId":"xhdgu6nh0dx01m3","operationId":"xhdgu6nh0dx01m3","timestamp":1705312741295,"id":"u6wmlljt09f7v3z"}
