{"type":"operationStart","subtype":"profile","data":{"_id":"RhuufHnouWISqwhU","timestamp":"2024-01-15T18:50:30.004Z","state":"queued","mode":"standard","creationDate":"2024-01-15T18:50:30.007Z","modificationDate":"2024-01-15T18:50:30.007Z","shortid":"WAOfO3r","$entitySet":"profiles"},"doDiffs":false,"timestamp":1705344630006,"id":"b2idb0npiu36ccf","previousOperationId":null,"operationId":"8bidy8pt0s0vqkn"}
{"type":"log","level":"info","message":"Render request 51 queued for execution and waiting for available worker","previousOperationId":"8bidy8pt0s0vqkn","timestamp":1705344630006,"id":"9wtwrf7bb01tm2j"}
{"type":"operationStart","subtype":"render","name":"locations-main","previousOperationId":"8bidy8pt0s0vqkn","timestamp":1705344630013,"id":"yuyxqjvnif49okz","previousEventId":"b2idb0npiu36ccf","operationId":"mfok8rkdia2zggd"}
{"type":"log","timestamp":1705344630013,"level":"info","message":"Starting rendering request 51","meta":{"rootId":"fozn67qrfq585dp","id":"fozn67qrfq585dp"},"id":"3ifjdayx606u36m","previousOperationId":"mfok8rkdia2zggd"}
{"type":"log","timestamp":1705344630013,"level":"info","message":"Rendering template { name: locations-main, recipe: chrome-pdf, engine: handlebars, preview: false }","meta":{"rootId":"fozn67qrfq585dp","id":"fozn67qrfq585dp"},"id":"9y78la0gn4trz63","previousOperationId":"mfok8rkdia2zggd"}
{"type":"log","timestamp":1705344630015,"level":"debug","message":"Data item not defined for this template.","meta":{"rootId":"fozn67qrfq585dp","id":"fozn67qrfq585dp"},"id":"7n4txbeigaj6mdi","previousOperationId":"mfok8rkdia2zggd"}
{"type":"log","timestamp":1705344630019,"level":"debug","message":"Executing script locations-script (beforeRender)","meta":{"rootId":"fozn67qrfq585dp","id":"fozn67qrfq585dp"},"id":"skf0slc9gkxl3bn","previousOperationId":"mfok8rkdia2zggd"}
{"type":"operationStart","subtype":"scriptsBeforeRender","name":"scripts beforeRender","timestamp":1705344630030,"id":"0zf15bq06t9tbci","previousEventId":"yuyxqjvnif49okz","operationId":"r8ygxarmqbxjx7q","previousOperationId":"mfok8rkdia2zggd"}
{"type":"operationStart","subtype":"script","name":"scripts locations-script","previousOperationId":"r8ygxarmqbxjx7q","timestamp":1705344630030,"id":"jq51v2sydd6ju5b","previousEventId":"0zf15bq06t9tbci","operationId":"k3udrgfrx1uvav4"}
{"type":"operationEnd","operationId":"k3udrgfrx1uvav4","timestamp":1705344630045,"id":"x44yg88v68rlqva","previousEventId":"yuyxqjvnif49okz","previousOperationId":"mfok8rkdia2zggd"}
{"type":"operationEnd","operationId":"r8ygxarmqbxjx7q","timestamp":1705344630045,"id":"mctigihhou36b2n","previousEventId":"x44yg88v68rlqva","previousOperationId":"mfok8rkdia2zggd"}
{"type":"log","timestamp":1705344630045,"level":"debug","message":"Base url not specified, skipping its injection.","meta":{"rootId":"fozn67qrfq585dp","id":"fozn67qrfq585dp"},"id":"zt9mr1fh9bt7vzv","previousOperationId":"r8ygxarmqbxjx7q"}
{"type":"operationStart","subtype":"engine","name":"handlebars","timestamp":1705344630045,"id":"obfzslp1xv9cpab","previousEventId":"mctigihhou36b2n","operationId":"g6401wxjz3fpd5t","previousOperationId":"r8ygxarmqbxjx7q"}
{"type":"log","timestamp":1705344630045,"level":"debug","message":"Rendering engine handlebars","meta":{"rootId":"fozn67qrfq585dp","id":"fozn67qrfq585dp"},"id":"h3o1ll6xr4o4mht","previousOperationId":"g6401wxjz3fpd5t"}
{"type":"operationEnd","operationId":"g6401wxjz3fpd5t","timestamp":1705344630055,"id":"oz0w1stk49bgs15","previousEventId":"obfzslp1xv9cpab","previousOperationId":"g6401wxjz3fpd5t"}
{"type":"operationStart","subtype":"recipe","name":"chrome-pdf","timestamp":1705344630055,"id":"35gm45h9ger5nvj","previousEventId":"oz0w1stk49bgs15","operationId":"56qr4j9xoujf5r8","previousOperationId":"g6401wxjz3fpd5t"}
{"type":"log","timestamp":1705344630055,"level":"debug","message":"Executing recipe chrome-pdf","meta":{"rootId":"fozn67qrfq585dp","id":"fozn67qrfq585dp"},"id":"r2ehwe640kicsmk","previousOperationId":"56qr4j9xoujf5r8"}
{"type":"log","timestamp":1705344630059,"level":"debug","message":"Converting with chrome HeadlessChrome/117.0.5938.149 using chrome-pool strategy","meta":{"rootId":"fozn67qrfq585dp","id":"fozn67qrfq585dp"},"id":"rvur1c1ma93xbxy","previousOperationId":"56qr4j9xoujf5r8"}
{"type":"log","timestamp":1705344630197,"level":"debug","message":"Page request: GET (document) file:///C:/Users/arida/AppData/Local/Temp/jsreport/autocleanup/82018f9d-06d2-45ac-8388-3f6293f72aca-chrome-pdf.html","meta":{"rootId":"fozn67qrfq585dp","id":"fozn67qrfq585dp"},"id":"u3cyhvj978vln3j","previousOperationId":"56qr4j9xoujf5r8"}
{"type":"log","timestamp":1705344630227,"level":"debug","message":"Page request finished: GET (document) 200 file:///C:/Users/arida/AppData/Local/Temp/jsreport/autocleanup/82018f9d-06d2-45ac-8388-3f6293f72aca-chrome-pdf.html","meta":{"rootId":"fozn67qrfq585dp","id":"fozn67qrfq585dp"},"id":"hvcetpzs6pija0q","previousOperationId":"56qr4j9xoujf5r8"}
{"type":"log","timestamp":1705344630227,"level":"debug","message":"Page request: GET (script) https://cdnjs.cloudflare.com/ajax/libs/Chart.js/2.7.2/Chart.min.js","meta":{"rootId":"fozn67qrfq585dp","id":"fozn67qrfq585dp"},"id":"awsbbx7lgdqpofd","previousOperationId":"56qr4j9xoujf5r8"}
{"type":"log","timestamp":1705344630233,"level":"debug","message":"Page request finished: GET (script) 200 https://cdnjs.cloudflare.com/ajax/libs/Chart.js/2.7.2/Chart.min.js","meta":{"rootId":"fozn67qrfq585dp","id":"fozn67qrfq585dp"},"id":"c42364eedx53li3","previousOperationId":"56qr4j9xoujf5r8"}
{"type":"log","timestamp":1705344630283,"level":"debug","message":"Running chrome with params {\"printBackground\":true,\"marginTop\":\"4cm\",\"marginRight\":\"1.5cm\",\"marginBottom\":\"1.5cm\",\"marginLeft\":\"1.5cm\",\"waitForJS\":false,\"timeout\":59947,\"margin\":{\"top\":\"4cm\",\"right\":\"1.5cm\",\"bottom\":\"1.5cm\",\"left\":\"1.5cm\"}}","meta":{"rootId":"fozn67qrfq585dp","id":"fozn67qrfq585dp"},"id":"uhgqr5t75wd853h","previousOperationId":"56qr4j9xoujf5r8"}
{"type":"operationEnd","operationId":"56qr4j9xoujf5r8","timestamp":1705344630331,"id":"bixm0zmemhl6tw0","previousEventId":"35gm45h9ger5nvj","previousOperationId":"56qr4j9xoujf5r8"}
{"type":"log","timestamp":1705344630331,"level":"info","message":"pdf-utils is starting pdf processing","meta":{"rootId":"fozn67qrfq585dp","id":"fozn67qrfq585dp"},"id":"yjrcvlkjpxywidv","previousOperationId":"56qr4j9xoujf5r8"}
{"type":"operationStart","subtype":"pdfUtils","name":"pdf utils","timestamp":1705344630331,"id":"xl897dw1s4vtl7l","previousEventId":"bixm0zmemhl6tw0","operationId":"tqyga1tppf111h5","previousOperationId":"56qr4j9xoujf5r8"}
{"type":"log","timestamp":1705344630331,"level":"debug","message":"pdf-utils detected 1 pdf operation(s) to process","meta":{"rootId":"fozn67qrfq585dp","id":"fozn67qrfq585dp"},"id":"ekzg47wpdit3xxa","previousOperationId":"tqyga1tppf111h5"}
{"type":"log","timestamp":1705344630340,"level":"debug","message":"pdf-utils running pdf operation merge","meta":{"rootId":"fozn67qrfq585dp","id":"fozn67qrfq585dp"},"id":"90xxmz9v4zh9osb","previousOperationId":"tqyga1tppf111h5"}
{"type":"operationStart","subtype":"pdfUtilsMerge","name":"pdf utils merge","previousOperationId":"tqyga1tppf111h5","timestamp":1705344630340,"id":"dx3tpcxc9x5vzsk","previousEventId":"xl897dw1s4vtl7l","operationId":"ln612u0sep4dvsm"}
{"type":"operationStart","subtype":"render","name":"locations-header","previousOperationId":"ln612u0sep4dvsm","timestamp":1705344630341,"id":"tedin6607faeqm7","previousEventId":"dx3tpcxc9x5vzsk","operationId":"mli3a6q1gsmizwt"}
{"type":"log","timestamp":1705344630341,"level":"info","message":"Starting rendering (child) request","meta":{"rootId":"fozn67qrfq585dp","id":"rr1fckd9bpq3ute"},"id":"i693yhc5y160uym","previousOperationId":"mli3a6q1gsmizwt"}
{"type":"log","timestamp":1705344630341,"level":"info","message":"Rendering template { name: locations-header, recipe: chrome-pdf, engine: handlebars, preview: false }","meta":{"rootId":"fozn67qrfq585dp","id":"rr1fckd9bpq3ute"},"id":"fem1k7qn1foqtau","previousOperationId":"mli3a6q1gsmizwt"}
{"type":"log","timestamp":1705344630342,"level":"debug","message":"Inline data specified.","meta":{"rootId":"fozn67qrfq585dp","id":"rr1fckd9bpq3ute"},"id":"xrbry8y8ftqwaya","previousOperationId":"mli3a6q1gsmizwt"}
{"type":"log","timestamp":1705344630345,"level":"debug","message":"Base url not specified, skipping its injection.","meta":{"rootId":"fozn67qrfq585dp","id":"rr1fckd9bpq3ute"},"id":"v3akv2ogytr2dm9","previousOperationId":"mli3a6q1gsmizwt"}
{"type":"operationStart","subtype":"engine","name":"handlebars","timestamp":1705344630345,"id":"97actok04k7mwvh","previousEventId":"tedin6607faeqm7","operationId":"d2umpybtcx7eynn","previousOperationId":"mli3a6q1gsmizwt"}
{"type":"log","timestamp":1705344630345,"level":"debug","message":"Rendering engine handlebars","meta":{"rootId":"fozn67qrfq585dp","id":"rr1fckd9bpq3ute"},"id":"y7cdxep2ez7jse3","previousOperationId":"d2umpybtcx7eynn"}
{"type":"operationEnd","operationId":"d2umpybtcx7eynn","timestamp":1705344630357,"id":"k6syd3v33maj72x","previousEventId":"97actok04k7mwvh","previousOperationId":"d2umpybtcx7eynn"}
{"type":"operationStart","subtype":"recipe","name":"chrome-pdf","timestamp":1705344630357,"id":"xh1altg9yvg6kb1","previousEventId":"k6syd3v33maj72x","operationId":"xzqjtyezhx9ehdk","previousOperationId":"d2umpybtcx7eynn"}
{"type":"log","timestamp":1705344630357,"level":"debug","message":"Executing recipe chrome-pdf","meta":{"rootId":"fozn67qrfq585dp","id":"rr1fckd9bpq3ute"},"id":"v6njxkjxz5idy4o","previousOperationId":"xzqjtyezhx9ehdk"}
{"type":"log","timestamp":1705344630359,"level":"debug","message":"Converting with chrome HeadlessChrome/117.0.5938.149 using chrome-pool strategy","meta":{"rootId":"fozn67qrfq585dp","id":"rr1fckd9bpq3ute"},"id":"27vzbtycmkdj7mh","previousOperationId":"xzqjtyezhx9ehdk"}
{"type":"log","timestamp":1705344630471,"level":"debug","message":"Page request: GET (document) file:///C:/Users/arida/AppData/Local/Temp/jsreport/autocleanup/72b1450b-583b-4ed9-99ac-d133a3363344-chrome-pdf.html","meta":{"rootId":"fozn67qrfq585dp","id":"rr1fckd9bpq3ute"},"id":"g9z23y09m16e983","previousOperationId":"xzqjtyezhx9ehdk"}
{"type":"log","timestamp":1705344630481,"level":"debug","message":"Page request: GET (stylesheet) https://cdnjs.cloudflare.com/ajax/libs/metro/4.1.5/css/metro.min.css","meta":{"rootId":"fozn67qrfq585dp","id":"rr1fckd9bpq3ute"},"id":"topb4781fxbw7g6","previousOperationId":"xzqjtyezhx9ehdk"}
{"type":"log","timestamp":1705344630482,"level":"debug","message":"Page request finished: GET (document) 200 file:///C:/Users/arida/AppData/Local/Temp/jsreport/autocleanup/72b1450b-583b-4ed9-99ac-d133a3363344-chrome-pdf.html","meta":{"rootId":"fozn67qrfq585dp","id":"rr1fckd9bpq3ute"},"id":"ihu2ivoanj1hsxi","previousOperationId":"xzqjtyezhx9ehdk"}
{"type":"log","timestamp":1705344630502,"level":"debug","message":"Page request finished: GET (stylesheet) 200 https://cdnjs.cloudflare.com/ajax/libs/metro/4.1.5/css/metro.min.css","meta":{"rootId":"fozn67qrfq585dp","id":"rr1fckd9bpq3ute"},"id":"ijw87csyky9s3ix","previousOperationId":"xzqjtyezhx9ehdk"}
{"type":"log","timestamp":1705344630520,"level":"debug","message":"Running chrome with params {\"printBackground\":true,\"marginTop\":\"1.5cm\",\"marginRight\":\"1.5cm\",\"marginLeft\":\"1.cm\",\"timeout\":59645,\"margin\":{\"top\":\"1.5cm\",\"right\":\"1.5cm\",\"left\":\"1.cm\"}}","meta":{"rootId":"fozn67qrfq585dp","id":"rr1fckd9bpq3ute"},"id":"z3a40shug440z2h","previousOperationId":"xzqjtyezhx9ehdk"}
{"type":"operationEnd","operationId":"xzqjtyezhx9ehdk","timestamp":1705344630552,"id":"w0poukyvyo9to41","previousEventId":"xh1altg9yvg6kb1","previousOperationId":"xzqjtyezhx9ehdk"}
{"type":"log","timestamp":1705344630552,"level":"debug","message":"Skipping storing report.","meta":{"rootId":"fozn67qrfq585dp","id":"rr1fckd9bpq3ute"},"id":"xme3aa9k3rkax80","previousOperationId":"xzqjtyezhx9ehdk"}
{"type":"log","timestamp":1705344630552,"level":"info","message":"Rendering (child) request finished in 548 ms","meta":{"rootId":"fozn67qrfq585dp","id":"rr1fckd9bpq3ute"},"id":"l9gr9s5r2xvmxuw","previousOperationId":"xzqjtyezhx9ehdk"}
{"type":"operationEnd","subtype":"render","operationId":"mli3a6q1gsmizwt","timestamp":1705344630552,"id":"3ip5zm6bfzntoq7","previousEventId":"w0poukyvyo9to41","previousOperationId":"xzqjtyezhx9ehdk"}
{"type":"operationEnd","operationId":"ln612u0sep4dvsm","timestamp":1705344630560,"id":"1x29n094mxf0h1w","previousEventId":"dx3tpcxc9x5vzsk","previousOperationId":"ln612u0sep4dvsm"}
{"type":"log","timestamp":1705344630560,"level":"debug","message":"pdf-utils postproces start","meta":{"rootId":"fozn67qrfq585dp","id":"fozn67qrfq585dp"},"id":"40u9dpi7haqq4ul","previousOperationId":"ln612u0sep4dvsm"}
{"type":"log","timestamp":1705344630568,"level":"debug","message":"pdf-utils postproces end","meta":{"rootId":"fozn67qrfq585dp","id":"fozn67qrfq585dp"},"id":"7dyri3hbcct9dm6","previousOperationId":"ln612u0sep4dvsm"}
{"type":"operationEnd","operationId":"tqyga1tppf111h5","timestamp":1705344630568,"id":"xw3nxolt1hi8vzd","previousEventId":"1x29n094mxf0h1w","previousOperationId":"ln612u0sep4dvsm"}
{"type":"log","timestamp":1705344630568,"level":"info","message":"pdf-utils pdf processing was finished","meta":{"rootId":"fozn67qrfq585dp","id":"fozn67qrfq585dp"},"id":"4man7ryj5k5kbi0","previousOperationId":"tqyga1tppf111h5"}
{"type":"log","timestamp":1705344630568,"level":"debug","message":"Skipping storing report.","meta":{"rootId":"fozn67qrfq585dp","id":"fozn67qrfq585dp"},"id":"q0edf82fuf66ual","previousOperationId":"tqyga1tppf111h5"}
{"type":"log","timestamp":1705344630568,"level":"info","message":"Rendering request 51 finished in 564 ms","meta":{"rootId":"fozn67qrfq585dp","id":"fozn67qrfq585dp"},"id":"cphngaygrlx73sc","previousOperationId":"tqyga1tppf111h5"}
{"type":"operationEnd","subtype":"render","operationId":"mfok8rkdia2zggd","timestamp":1705344630568,"id":"i5nphb5255xhk4u","previousEventId":"xw3nxolt1hi8vzd","previousOperationId":"tqyga1tppf111h5"}
{"type":"operationEnd","doDiffs":false,"previousEventId":"b2idb0npiu36ccf","previousOperationId":"8bidy8pt0s0vqkn","operationId":"8bidy8pt0s0vqkn","timestamp":1705344630574,"id":"8my9i1xj1sne1ey"}
