{"type":"operationStart","subtype":"profile","data":{"_id":"8XrIREi6glzhJZk6","timestamp":"2024-01-15T15:59:01.613Z","state":"queued","mode":"standard","creationDate":"2024-01-15T15:59:01.616Z","modificationDate":"2024-01-15T15:59:01.616Z","shortid":"VJimrUc","$entitySet":"profiles"},"doDiffs":false,"timestamp":1705334341614,"id":"tf0gaygxuseggs1","previousOperationId":null,"operationId":"iqfjs81myrtxb47"}
{"type":"log","level":"info","message":"Render request 22 queued for execution and waiting for available worker","previousOperationId":"iqfjs81myrtxb47","timestamp":1705334341614,"id":"tipqzr5kdqh3vda"}
{"type":"operationStart","subtype":"render","name":"locations-main","previousOperationId":"iqfjs81myrtxb47","timestamp":1705334341628,"id":"0mg00abo5iw486j","previousEventId":"tf0gaygxuseggs1","operationId":"1hhc5reaohyizcd"}
{"type":"log","timestamp":1705334341628,"level":"info","message":"Starting rendering request 22","meta":{"rootId":"g057ftqj86ah483","id":"g057ftqj86ah483"},"id":"nqedwdx1l58eoph","previousOperationId":"1hhc5reaohyizcd"}
{"type":"log","timestamp":1705334341629,"level":"info","message":"Rendering template { name: locations-main, recipe: chrome-pdf, engine: handlebars, preview: true }","meta":{"rootId":"g057ftqj86ah483","id":"g057ftqj86ah483"},"id":"tl2yyki9b1n4cb0","previousOperationId":"1hhc5reaohyizcd"}
{"type":"log","timestamp":1705334341634,"level":"debug","message":"Data item not defined for this template.","meta":{"rootId":"g057ftqj86ah483","id":"g057ftqj86ah483"},"id":"ms5d8h3ywsnh15j","previousOperationId":"1hhc5reaohyizcd"}
{"type":"log","timestamp":1705334341636,"level":"debug","message":"Executing script locations-script (beforeRender)","meta":{"rootId":"g057ftqj86ah483","id":"g057ftqj86ah483"},"id":"p1kj4iwq047tl8v","previousOperationId":"1hhc5reaohyizcd"}
{"type":"operationStart","subtype":"scriptsBeforeRender","name":"scripts beforeRender","timestamp":1705334341642,"id":"ivzb0dt5yecuiui","previousEventId":"0mg00abo5iw486j","operationId":"iso5ktahiddfk3v","previousOperationId":"1hhc5reaohyizcd"}
{"type":"operationStart","subtype":"script","name":"scripts locations-script","previousOperationId":"iso5ktahiddfk3v","timestamp":1705334341642,"id":"7huw4vp07t4m163","previousEventId":"ivzb0dt5yecuiui","operationId":"4hxr6v8omdtya9d"}
{"type":"operationEnd","operationId":"4hxr6v8omdtya9d","timestamp":1705334341657,"id":"hrd9r6i605hisya","previousEventId":"0mg00abo5iw486j","previousOperationId":"1hhc5reaohyizcd"}
{"type":"operationEnd","operationId":"iso5ktahiddfk3v","timestamp":1705334341657,"id":"g08r8ct44bbcnwy","previousEventId":"hrd9r6i605hisya","previousOperationId":"1hhc5reaohyizcd"}
{"type":"log","timestamp":1705334341657,"level":"debug","message":"Base url not specified, skipping its injection.","meta":{"rootId":"g057ftqj86ah483","id":"g057ftqj86ah483"},"id":"js3flvtp4dmznay","previousOperationId":"iso5ktahiddfk3v"}
{"type":"operationStart","subtype":"engine","name":"handlebars","timestamp":1705334341657,"id":"45jizfrjx1ghgmi","previousEventId":"g08r8ct44bbcnwy","operationId":"qp0q4n3bwa5b8wf","previousOperationId":"iso5ktahiddfk3v"}
{"type":"log","timestamp":1705334341657,"level":"debug","message":"Rendering engine handlebars","meta":{"rootId":"g057ftqj86ah483","id":"g057ftqj86ah483"},"id":"17d3t55nu7zwcph","previousOperationId":"qp0q4n3bwa5b8wf"}
{"type":"operationEnd","operationId":"qp0q4n3bwa5b8wf","timestamp":1705334341677,"id":"cd3x6ilvmt9zf1t","previousEventId":"45jizfrjx1ghgmi","previousOperationId":"qp0q4n3bwa5b8wf"}
{"type":"operationStart","subtype":"recipe","name":"chrome-pdf","timestamp":1705334341677,"id":"b87pc3udxpvlu9b","previousEventId":"cd3x6ilvmt9zf1t","operationId":"2bgm0o6lgmvzl86","previousOperationId":"qp0q4n3bwa5b8wf"}
{"type":"log","timestamp":1705334341677,"level":"debug","message":"Executing recipe chrome-pdf","meta":{"rootId":"g057ftqj86ah483","id":"g057ftqj86ah483"},"id":"vu6gnm8tiw70t3m","previousOperationId":"2bgm0o6lgmvzl86"}
{"type":"log","timestamp":1705334341680,"level":"debug","message":"Converting with chrome HeadlessChrome/117.0.5938.149 using chrome-pool strategy","meta":{"rootId":"g057ftqj86ah483","id":"g057ftqj86ah483"},"id":"af5wlrbf8u550z8","previousOperationId":"2bgm0o6lgmvzl86"}
{"type":"log","timestamp":1705334341807,"level":"debug","message":"Page request: GET (document) file:///C:/Users/arida/AppData/Local/Temp/jsreport/autocleanup/118ff3cf-0d9b-4ed3-9f9f-7e7dc70b2dfe-chrome-pdf.html","meta":{"rootId":"g057ftqj86ah483","id":"g057ftqj86ah483"},"id":"gjz7qodkz2dl7sr","previousOperationId":"2bgm0o6lgmvzl86"}
{"type":"log","timestamp":1705334341845,"level":"debug","message":"Page request: GET (script) https://cdnjs.cloudflare.com/ajax/libs/Chart.js/2.7.2/Chart.min.js","meta":{"rootId":"g057ftqj86ah483","id":"g057ftqj86ah483"},"id":"8bztc2e6yxnvlhd","previousOperationId":"2bgm0o6lgmvzl86"}
{"type":"log","timestamp":1705334341845,"level":"debug","message":"Page request finished: GET (document) 200 file:///C:/Users/arida/AppData/Local/Temp/jsreport/autocleanup/118ff3cf-0d9b-4ed3-9f9f-7e7dc70b2dfe-chrome-pdf.html","meta":{"rootId":"g057ftqj86ah483","id":"g057ftqj86ah483"},"id":"j2t8bbo3kgsd0bh","previousOperationId":"2bgm0o6lgmvzl86"}
{"type":"log","timestamp":1705334341852,"level":"debug","message":"Page request finished: GET (script) 200 https://cdnjs.cloudflare.com/ajax/libs/Chart.js/2.7.2/Chart.min.js","meta":{"rootId":"g057ftqj86ah483","id":"g057ftqj86ah483"},"id":"t4fdyg340irlmkz","previousOperationId":"2bgm0o6lgmvzl86"}
{"type":"log","timestamp":1705334341858,"level":"warn","message":"Page error: Unexpected token ';' , stack: SyntaxError: Unexpected token ';'","meta":{"rootId":"g057ftqj86ah483","id":"g057ftqj86ah483"},"id":"x0cnnmvm3wfrjn2","previousOperationId":"2bgm0o6lgmvzl86"}
{"type":"log","timestamp":1705334341874,"level":"debug","message":"Running chrome with params {\"printBackground\":true,\"marginTop\":\"4cm\",\"marginRight\":\"1.5cm\",\"marginBottom\":\"1.5cm\",\"marginLeft\":\"1.5cm\",\"waitForJS\":false,\"timeout\":59934,\"margin\":{\"top\":\"4cm\",\"right\":\"1.5cm\",\"bottom\":\"1.5cm\",\"left\":\"1.5cm\"}}","meta":{"rootId":"g057ftqj86ah483","id":"g057ftqj86ah483"},"id":"saokt4kdxo9k9yo","previousOperationId":"2bgm0o6lgmvzl86"}
{"type":"operationEnd","operationId":"2bgm0o6lgmvzl86","timestamp":1705334341909,"id":"wdcszjegpvpelli","previousEventId":"b87pc3udxpvlu9b","previousOperationId":"2bgm0o6lgmvzl86"}
{"type":"log","timestamp":1705334341909,"level":"info","message":"pdf-utils is starting pdf processing","meta":{"rootId":"g057ftqj86ah483","id":"g057ftqj86ah483"},"id":"ah0kajhvxjwekil","previousOperationId":"2bgm0o6lgmvzl86"}
{"type":"operationStart","subtype":"pdfUtils","name":"pdf utils","timestamp":1705334341909,"id":"sr45vcpt37p407i","previousEventId":"wdcszjegpvpelli","operationId":"139oe9bliubytm8","previousOperationId":"2bgm0o6lgmvzl86"}
{"type":"log","timestamp":1705334341909,"level":"debug","message":"pdf-utils detected 1 pdf operation(s) to process","meta":{"rootId":"g057ftqj86ah483","id":"g057ftqj86ah483"},"id":"xee71e93z7fkeyt","previousOperationId":"139oe9bliubytm8"}
{"type":"log","timestamp":1705334341919,"level":"debug","message":"pdf-utils running pdf operation merge","meta":{"rootId":"g057ftqj86ah483","id":"g057ftqj86ah483"},"id":"jmzzx87wum988us","previousOperationId":"139oe9bliubytm8"}
{"type":"operationStart","subtype":"pdfUtilsMerge","name":"pdf utils merge","previousOperationId":"139oe9bliubytm8","timestamp":1705334341919,"id":"gmv979imk9l7azm","previousEventId":"sr45vcpt37p407i","operationId":"4c1mjow12vf4yce"}
{"type":"operationStart","subtype":"render","name":"locations-header","previousOperationId":"4c1mjow12vf4yce","timestamp":1705334341920,"id":"t6c7r54fiva8dyy","previousEventId":"gmv979imk9l7azm","operationId":"fi35zlsdyjer50x"}
{"type":"log","timestamp":1705334341920,"level":"info","message":"Starting rendering (child) request","meta":{"rootId":"g057ftqj86ah483","id":"l36fiwttuj2syop"},"id":"uvqbfqswgs3psb6","previousOperationId":"fi35zlsdyjer50x"}
{"type":"log","timestamp":1705334341920,"level":"info","message":"Rendering template { name: locations-header, recipe: chrome-pdf, engine: handlebars, preview: true }","meta":{"rootId":"g057ftqj86ah483","id":"l36fiwttuj2syop"},"id":"9qtwxwvmhd6ledh","previousOperationId":"fi35zlsdyjer50x"}
{"type":"log","timestamp":1705334341921,"level":"debug","message":"Inline data specified.","meta":{"rootId":"g057ftqj86ah483","id":"l36fiwttuj2syop"},"id":"hvdxdwqv98scm9r","previousOperationId":"fi35zlsdyjer50x"}
{"type":"log","timestamp":1705334341923,"level":"debug","message":"Base url not specified, skipping its injection.","meta":{"rootId":"g057ftqj86ah483","id":"l36fiwttuj2syop"},"id":"0w2erqsetrvqvxz","previousOperationId":"fi35zlsdyjer50x"}
{"type":"operationStart","subtype":"engine","name":"handlebars","timestamp":1705334341923,"id":"m1qe6d3taabkfta","previousEventId":"t6c7r54fiva8dyy","operationId":"cieg7ytmypvdcwb","previousOperationId":"fi35zlsdyjer50x"}
{"type":"log","timestamp":1705334341923,"level":"debug","message":"Rendering engine handlebars","meta":{"rootId":"g057ftqj86ah483","id":"l36fiwttuj2syop"},"id":"i48uq6hu47jt49i","previousOperationId":"cieg7ytmypvdcwb"}
{"type":"operationEnd","operationId":"cieg7ytmypvdcwb","timestamp":1705334341949,"id":"as6930yv6t0ccvh","previousEventId":"m1qe6d3taabkfta","previousOperationId":"cieg7ytmypvdcwb"}
{"type":"operationStart","subtype":"recipe","name":"chrome-pdf","timestamp":1705334341949,"id":"1tc51uxgqsfi2wg","previousEventId":"as6930yv6t0ccvh","operationId":"mih9ptjah31wiwy","previousOperationId":"cieg7ytmypvdcwb"}
{"type":"log","timestamp":1705334341949,"level":"debug","message":"Executing recipe chrome-pdf","meta":{"rootId":"g057ftqj86ah483","id":"l36fiwttuj2syop"},"id":"a6furxgkic4tytg","previousOperationId":"mih9ptjah31wiwy"}
{"type":"log","timestamp":1705334341953,"level":"debug","message":"Converting with chrome HeadlessChrome/117.0.5938.149 using chrome-pool strategy","meta":{"rootId":"g057ftqj86ah483","id":"l36fiwttuj2syop"},"id":"7byspxreqilfh93","previousOperationId":"mih9ptjah31wiwy"}
{"type":"log","timestamp":1705334342069,"level":"debug","message":"Page request: GET (document) file:///C:/Users/arida/AppData/Local/Temp/jsreport/autocleanup/9bd6b024-68ec-42ce-89ac-2182f3e0424d-chrome-pdf.html","meta":{"rootId":"g057ftqj86ah483","id":"l36fiwttuj2syop"},"id":"kljeeiv7e15uun2","previousOperationId":"mih9ptjah31wiwy"}
{"type":"log","timestamp":1705334342082,"level":"debug","message":"Page request: GET (stylesheet) https://cdnjs.cloudflare.com/ajax/libs/metro/4.1.5/css/metro.min.css","meta":{"rootId":"g057ftqj86ah483","id":"l36fiwttuj2syop"},"id":"6vc7941nv9mmq1k","previousOperationId":"mih9ptjah31wiwy"}
{"type":"log","timestamp":1705334342082,"level":"debug","message":"Page request finished: GET (document) 200 file:///C:/Users/arida/AppData/Local/Temp/jsreport/autocleanup/9bd6b024-68ec-42ce-89ac-2182f3e0424d-chrome-pdf.html","meta":{"rootId":"g057ftqj86ah483","id":"l36fiwttuj2syop"},"id":"9nlnio8esi4up8x","previousOperationId":"mih9ptjah31wiwy"}
{"type":"log","timestamp":1705334342107,"level":"debug","message":"Page request finished: GET (stylesheet) 200 https://cdnjs.cloudflare.com/ajax/libs/metro/4.1.5/css/metro.min.css","meta":{"rootId":"g057ftqj86ah483","id":"l36fiwttuj2syop"},"id":"ufcyig10lprvwjs","previousOperationId":"mih9ptjah31wiwy"}
{"type":"log","timestamp":1705334342128,"level":"debug","message":"Running chrome with params {\"printBackground\":true,\"marginTop\":\"1.5cm\",\"marginRight\":\"1.5cm\",\"marginLeft\":\"1.cm\",\"timeout\":59661,\"margin\":{\"top\":\"1.5cm\",\"right\":\"1.5cm\",\"left\":\"1.cm\"}}","meta":{"rootId":"g057ftqj86ah483","id":"l36fiwttuj2syop"},"id":"9cnpbvscsnokflu","previousOperationId":"mih9ptjah31wiwy"}
{"type":"operationEnd","operationId":"mih9ptjah31wiwy","timestamp":1705334342161,"id":"cuqemc0e6wi7576","previousEventId":"1tc51uxgqsfi2wg","previousOperationId":"mih9ptjah31wiwy"}
{"type":"log","timestamp":1705334342161,"level":"debug","message":"Skipping storing report.","meta":{"rootId":"g057ftqj86ah483","id":"l36fiwttuj2syop"},"id":"chj6pax2zx1qkfk","previousOperationId":"mih9ptjah31wiwy"}
{"type":"log","timestamp":1705334342161,"level":"info","message":"Rendering (child) request finished in 548 ms","meta":{"rootId":"g057ftqj86ah483","id":"l36fiwttuj2syop"},"id":"p3ao8o5hb122ep5","previousOperationId":"mih9ptjah31wiwy"}
{"type":"operationEnd","subtype":"render","operationId":"fi35zlsdyjer50x","timestamp":1705334342161,"id":"gw1ulcaia52mon7","previousEventId":"cuqemc0e6wi7576","previousOperationId":"mih9ptjah31wiwy"}
{"type":"operationEnd","operationId":"4c1mjow12vf4yce","timestamp":1705334342172,"id":"yhy938q1jw715ui","previousEventId":"gmv979imk9l7azm","previousOperationId":"4c1mjow12vf4yce"}
{"type":"log","timestamp":1705334342172,"level":"debug","message":"pdf-utils postproces start","meta":{"rootId":"g057ftqj86ah483","id":"g057ftqj86ah483"},"id":"4a1s17qzmy8rhk3","previousOperationId":"4c1mjow12vf4yce"}
{"type":"log","timestamp":1705334342179,"level":"debug","message":"pdf-utils postproces end","meta":{"rootId":"g057ftqj86ah483","id":"g057ftqj86ah483"},"id":"d3kcdo5d21o5jma","previousOperationId":"4c1mjow12vf4yce"}
{"type":"operationEnd","operationId":"139oe9bliubytm8","timestamp":1705334342179,"id":"fjf11aj6h4gqkkh","previousEventId":"yhy938q1jw715ui","previousOperationId":"4c1mjow12vf4yce"}
{"type":"log","timestamp":1705334342179,"level":"info","message":"pdf-utils pdf processing was finished","meta":{"rootId":"g057ftqj86ah483","id":"g057ftqj86ah483"},"id":"msvg9562t0v6o0o","previousOperationId":"139oe9bliubytm8"}
{"type":"log","timestamp":1705334342179,"level":"debug","message":"Skipping storing report.","meta":{"rootId":"g057ftqj86ah483","id":"g057ftqj86ah483"},"id":"gn027swz7zkk1ac","previousOperationId":"139oe9bliubytm8"}
{"type":"log","timestamp":1705334342179,"level":"info","message":"Rendering request 22 finished in 566 ms","meta":{"rootId":"g057ftqj86ah483","id":"g057ftqj86ah483"},"id":"zmtbs1hy3cs4zi5","previousOperationId":"139oe9bliubytm8"}
{"type":"operationEnd","subtype":"render","operationId":"1hhc5reaohyizcd","timestamp":1705334342179,"id":"i10wh6u652fzfj1","previousEventId":"fjf11aj6h4gqkkh","previousOperationId":"139oe9bliubytm8"}
{"type":"operationEnd","doDiffs":false,"previousEventId":"tf0gaygxuseggs1","previousOperationId":"iqfjs81myrtxb47","operationId":"iqfjs81myrtxb47","timestamp":1705334342190,"id":"cw3cwc5558r05oq"}
