{"type":"operationStart","subtype":"profile","data":{"_id":"kvjjvV8KxPRxbZZD","timestamp":"2024-01-15T15:45:21.266Z","state":"queued","mode":"standard","creationDate":"2024-01-15T15:45:21.271Z","modificationDate":"2024-01-15T15:45:21.271Z","shortid":"fPXZPSx","$entitySet":"profiles"},"doDiffs":false,"timestamp":1705333521268,"id":"o95j7kb98ek4wrr","previousOperationId":null,"operationId":"psk5901j8s5c3e5"}
{"type":"log","level":"info","message":"Render request 3 queued for execution and waiting for available worker","previousOperationId":"psk5901j8s5c3e5","timestamp":1705333521269,"id":"yooagrsatzhnvg8"}
{"type":"operationStart","subtype":"render","name":"locations-main","previousOperationId":"psk5901j8s5c3e5","timestamp":1705333521288,"id":"x23rphiuuufb34v","previousEventId":"o95j7kb98ek4wrr","operationId":"0dep00kpevagzed"}
{"type":"log","timestamp":1705333521289,"level":"info","message":"Starting rendering request 3","meta":{"rootId":"g1cgxwi32y9pccg","id":"g1cgxwi32y9pccg"},"id":"sln3txybthhnqpm","previousOperationId":"0dep00kpevagzed"}
{"type":"log","timestamp":1705333521290,"level":"info","message":"Rendering template { name: locations-main, recipe: chrome-pdf, engine: handlebars, preview: true }","meta":{"rootId":"g1cgxwi32y9pccg","id":"g1cgxwi32y9pccg"},"id":"pc8zsx87y0nw1zj","previousOperationId":"0dep00kpevagzed"}
{"type":"log","timestamp":1705333521293,"level":"debug","message":"Data item not defined for this template.","meta":{"rootId":"g1cgxwi32y9pccg","id":"g1cgxwi32y9pccg"},"id":"48f9cywy88ejzrp","previousOperationId":"0dep00kpevagzed"}
{"type":"log","timestamp":1705333521298,"level":"debug","message":"Executing script locations-script (beforeRender)","meta":{"rootId":"g1cgxwi32y9pccg","id":"g1cgxwi32y9pccg"},"id":"pwtb9ssa76gaqn3","previousOperationId":"0dep00kpevagzed"}
{"type":"operationStart","subtype":"scriptsBeforeRender","name":"scripts beforeRender","timestamp":1705333521313,"id":"s2np5rhis3s9ksu","previousEventId":"x23rphiuuufb34v","operationId":"ztcx09ol9cfp676","previousOperationId":"0dep00kpevagzed"}
{"type":"operationStart","subtype":"script","name":"scripts locations-script","previousOperationId":"ztcx09ol9cfp676","timestamp":1705333521314,"id":"khkdwpw3uddpbnk","previousEventId":"s2np5rhis3s9ksu","operationId":"obt4ry1u2c2vhaz"}
{"type":"operationEnd","operationId":"obt4ry1u2c2vhaz","timestamp":1705333521339,"id":"v7fmxy7q5cq2bif","previousEventId":"x23rphiuuufb34v","previousOperationId":"0dep00kpevagzed"}
{"type":"operationEnd","operationId":"ztcx09ol9cfp676","timestamp":1705333521339,"id":"j3aahqla6ckmogv","previousEventId":"v7fmxy7q5cq2bif","previousOperationId":"0dep00kpevagzed"}
{"type":"log","timestamp":1705333521339,"level":"debug","message":"Base url not specified, skipping its injection.","meta":{"rootId":"g1cgxwi32y9pccg","id":"g1cgxwi32y9pccg"},"id":"lgxw8h56g623cz6","previousOperationId":"ztcx09ol9cfp676"}
{"type":"operationStart","subtype":"engine","name":"handlebars","timestamp":1705333521340,"id":"ifoloyeumo1oz3f","previousEventId":"j3aahqla6ckmogv","operationId":"gi2mrj5bn9edan1","previousOperationId":"ztcx09ol9cfp676"}
{"type":"log","timestamp":1705333521340,"level":"debug","message":"Rendering engine handlebars","meta":{"rootId":"g1cgxwi32y9pccg","id":"g1cgxwi32y9pccg"},"id":"7iv26uzgy05vpp3","previousOperationId":"gi2mrj5bn9edan1"}
{"type":"operationEnd","operationId":"gi2mrj5bn9edan1","timestamp":1705333521361,"id":"leum7zulrk26hdw","previousEventId":"ifoloyeumo1oz3f","previousOperationId":"gi2mrj5bn9edan1"}
{"type":"operationStart","subtype":"recipe","name":"chrome-pdf","timestamp":1705333521361,"id":"2h0c6sv5o4d52pm","previousEventId":"leum7zulrk26hdw","operationId":"arb8pgy9a7w7i5w","previousOperationId":"gi2mrj5bn9edan1"}
{"type":"log","timestamp":1705333521361,"level":"debug","message":"Executing recipe chrome-pdf","meta":{"rootId":"g1cgxwi32y9pccg","id":"g1cgxwi32y9pccg"},"id":"bwblohu5ue6lng5","previousOperationId":"arb8pgy9a7w7i5w"}
{"type":"log","timestamp":1705333521365,"level":"debug","message":"Converting with chrome HeadlessChrome/117.0.5938.149 using chrome-pool strategy","meta":{"rootId":"g1cgxwi32y9pccg","id":"g1cgxwi32y9pccg"},"id":"x6wekmq2hmjwzdd","previousOperationId":"arb8pgy9a7w7i5w"}
{"type":"log","timestamp":1705333521496,"level":"debug","message":"Page request: GET (document) file:///C:/Users/arida/AppData/Local/Temp/jsreport/autocleanup/173c80a5-bbf2-4e01-a7a4-696a9c668fb4-chrome-pdf.html","meta":{"rootId":"g1cgxwi32y9pccg","id":"g1cgxwi32y9pccg"},"id":"nq6je0jumdg8uar","previousOperationId":"arb8pgy9a7w7i5w"}
{"type":"log","timestamp":1705333521531,"level":"debug","message":"Page request finished: GET (document) 200 file:///C:/Users/arida/AppData/Local/Temp/jsreport/autocleanup/173c80a5-bbf2-4e01-a7a4-696a9c668fb4-chrome-pdf.html","meta":{"rootId":"g1cgxwi32y9pccg","id":"g1cgxwi32y9pccg"},"id":"s8tc3ihh3jdboc8","previousOperationId":"arb8pgy9a7w7i5w"}
{"type":"log","timestamp":1705333521531,"level":"debug","message":"Page request: GET (script) https://cdn.jsdelivr.net/npm/chart.js","meta":{"rootId":"g1cgxwi32y9pccg","id":"g1cgxwi32y9pccg"},"id":"98pdlj6c0mf1htg","previousOperationId":"arb8pgy9a7w7i5w"}
{"type":"log","timestamp":1705333521550,"level":"debug","message":"Page request finished: GET (script) 200 https://cdn.jsdelivr.net/npm/chart.js","meta":{"rootId":"g1cgxwi32y9pccg","id":"g1cgxwi32y9pccg"},"id":"jqrmofmjfvpcql8","previousOperationId":"arb8pgy9a7w7i5w"}
{"type":"log","timestamp":1705333521560,"level":"warn","message":"Page error: Unexpected token ';' , stack: SyntaxError: Unexpected token ';'","meta":{"rootId":"g1cgxwi32y9pccg","id":"g1cgxwi32y9pccg"},"id":"oxg01tzx48g290w","previousOperationId":"arb8pgy9a7w7i5w"}
{"type":"log","timestamp":1705333521578,"level":"debug","message":"Running chrome with params {\"printBackground\":true,\"marginTop\":\"4cm\",\"marginRight\":\"1.5cm\",\"marginBottom\":\"1.5cm\",\"marginLeft\":\"1.5cm\",\"waitForJS\":false,\"timeout\":59903,\"margin\":{\"top\":\"4cm\",\"right\":\"1.5cm\",\"bottom\":\"1.5cm\",\"left\":\"1.5cm\"}}","meta":{"rootId":"g1cgxwi32y9pccg","id":"g1cgxwi32y9pccg"},"id":"u4kzh9esnk0ekxc","previousOperationId":"arb8pgy9a7w7i5w"}
{"type":"operationEnd","operationId":"arb8pgy9a7w7i5w","timestamp":1705333521619,"id":"okiq6kb0r9m0y9z","previousEventId":"2h0c6sv5o4d52pm","previousOperationId":"arb8pgy9a7w7i5w"}
{"type":"log","timestamp":1705333521619,"level":"info","message":"pdf-utils is starting pdf processing","meta":{"rootId":"g1cgxwi32y9pccg","id":"g1cgxwi32y9pccg"},"id":"s3dq64dqn9vgi7u","previousOperationId":"arb8pgy9a7w7i5w"}
{"type":"operationStart","subtype":"pdfUtils","name":"pdf utils","timestamp":1705333521619,"id":"65b5t4f7hh2vl3l","previousEventId":"okiq6kb0r9m0y9z","operationId":"al82ogkcvuaebrw","previousOperationId":"arb8pgy9a7w7i5w"}
{"type":"log","timestamp":1705333521619,"level":"debug","message":"pdf-utils detected 1 pdf operation(s) to process","meta":{"rootId":"g1cgxwi32y9pccg","id":"g1cgxwi32y9pccg"},"id":"kx0j9ayv0kyeify","previousOperationId":"al82ogkcvuaebrw"}
{"type":"log","timestamp":1705333521650,"level":"debug","message":"pdf-utils running pdf operation merge","meta":{"rootId":"g1cgxwi32y9pccg","id":"g1cgxwi32y9pccg"},"id":"0a6t6uwpz2vstfq","previousOperationId":"al82ogkcvuaebrw"}
{"type":"operationStart","subtype":"pdfUtilsMerge","name":"pdf utils merge","previousOperationId":"al82ogkcvuaebrw","timestamp":1705333521650,"id":"d3t67a9ku6loxze","previousEventId":"65b5t4f7hh2vl3l","operationId":"7o47y2wyyq2b617"}
{"type":"operationStart","subtype":"render","name":"locations-header","previousOperationId":"7o47y2wyyq2b617","timestamp":1705333521651,"id":"qrehzuu09pa7sl2","previousEventId":"d3t67a9ku6loxze","operationId":"4vj2v1hj7gjmh6z"}
{"type":"log","timestamp":1705333521651,"level":"info","message":"Starting rendering (child) request","meta":{"rootId":"g1cgxwi32y9pccg","id":"wzfx7tjxrs20trl"},"id":"bcyu6h9zwjniwo5","previousOperationId":"4vj2v1hj7gjmh6z"}
{"type":"log","timestamp":1705333521651,"level":"info","message":"Rendering template { name: locations-header, recipe: chrome-pdf, engine: handlebars, preview: true }","meta":{"rootId":"g1cgxwi32y9pccg","id":"wzfx7tjxrs20trl"},"id":"nnc16eaigpb0gyy","previousOperationId":"4vj2v1hj7gjmh6z"}
{"type":"log","timestamp":1705333521663,"level":"debug","message":"Inline data specified.","meta":{"rootId":"g1cgxwi32y9pccg","id":"wzfx7tjxrs20trl"},"id":"92n9mz3t2eq7uhw","previousOperationId":"4vj2v1hj7gjmh6z"}
{"type":"log","timestamp":1705333521668,"level":"debug","message":"Base url not specified, skipping its injection.","meta":{"rootId":"g1cgxwi32y9pccg","id":"wzfx7tjxrs20trl"},"id":"kp6uyt8ljq6cnc6","previousOperationId":"4vj2v1hj7gjmh6z"}
{"type":"operationStart","subtype":"engine","name":"handlebars","timestamp":1705333521668,"id":"klhva9inasntrfa","previousEventId":"qrehzuu09pa7sl2","operationId":"yo8286kkd8t77ok","previousOperationId":"4vj2v1hj7gjmh6z"}
{"type":"log","timestamp":1705333521668,"level":"debug","message":"Rendering engine handlebars","meta":{"rootId":"g1cgxwi32y9pccg","id":"wzfx7tjxrs20trl"},"id":"6dc4e0ika1c6di5","previousOperationId":"yo8286kkd8t77ok"}
{"type":"operationEnd","operationId":"yo8286kkd8t77ok","timestamp":1705333521687,"id":"znvuan1mkkcaizu","previousEventId":"klhva9inasntrfa","previousOperationId":"yo8286kkd8t77ok"}
{"type":"operationStart","subtype":"recipe","name":"chrome-pdf","timestamp":1705333521687,"id":"mwq8t3vyaj9cjx2","previousEventId":"znvuan1mkkcaizu","operationId":"rk37xia86a0y7xk","previousOperationId":"yo8286kkd8t77ok"}
{"type":"log","timestamp":1705333521687,"level":"debug","message":"Executing recipe chrome-pdf","meta":{"rootId":"g1cgxwi32y9pccg","id":"wzfx7tjxrs20trl"},"id":"w31uertxmi4sqkk","previousOperationId":"rk37xia86a0y7xk"}
{"type":"log","timestamp":1705333521691,"level":"debug","message":"Converting with chrome HeadlessChrome/117.0.5938.149 using chrome-pool strategy","meta":{"rootId":"g1cgxwi32y9pccg","id":"wzfx7tjxrs20trl"},"id":"a0gj1pfakt6dt9e","previousOperationId":"rk37xia86a0y7xk"}
{"type":"log","timestamp":1705333521828,"level":"debug","message":"Page request: GET (document) file:///C:/Users/arida/AppData/Local/Temp/jsreport/autocleanup/6aa7d910-6005-401b-bbc7-b633385f9765-chrome-pdf.html","meta":{"rootId":"g1cgxwi32y9pccg","id":"wzfx7tjxrs20trl"},"id":"mifxovsiafwzxk0","previousOperationId":"rk37xia86a0y7xk"}
{"type":"log","timestamp":1705333521840,"level":"debug","message":"Page request: GET (stylesheet) https://cdnjs.cloudflare.com/ajax/libs/metro/4.1.5/css/metro.min.css","meta":{"rootId":"g1cgxwi32y9pccg","id":"wzfx7tjxrs20trl"},"id":"m3aauzl2zr5ouju","previousOperationId":"rk37xia86a0y7xk"}
{"type":"log","timestamp":1705333521840,"level":"debug","message":"Page request finished: GET (document) 200 file:///C:/Users/arida/AppData/Local/Temp/jsreport/autocleanup/6aa7d910-6005-401b-bbc7-b633385f9765-chrome-pdf.html","meta":{"rootId":"g1cgxwi32y9pccg","id":"wzfx7tjxrs20trl"},"id":"zhg3o048d3jn9vm","previousOperationId":"rk37xia86a0y7xk"}
{"type":"log","timestamp":1705333521862,"level":"debug","message":"Page request finished: GET (stylesheet) 200 https://cdnjs.cloudflare.com/ajax/libs/metro/4.1.5/css/metro.min.css","meta":{"rootId":"g1cgxwi32y9pccg","id":"wzfx7tjxrs20trl"},"id":"kp6xhs8nbp7usia","previousOperationId":"rk37xia86a0y7xk"}
{"type":"log","timestamp":1705333521885,"level":"debug","message":"Running chrome with params {\"printBackground\":true,\"marginTop\":\"1.5cm\",\"marginRight\":\"1.5cm\",\"marginLeft\":\"1.cm\",\"timeout\":59577,\"margin\":{\"top\":\"1.5cm\",\"right\":\"1.5cm\",\"left\":\"1.cm\"}}","meta":{"rootId":"g1cgxwi32y9pccg","id":"wzfx7tjxrs20trl"},"id":"0fr3q4g9e8iv3fp","previousOperationId":"rk37xia86a0y7xk"}
{"type":"operationEnd","operationId":"rk37xia86a0y7xk","timestamp":1705333521931,"id":"ka2rvpxze57gxyb","previousEventId":"mwq8t3vyaj9cjx2","previousOperationId":"rk37xia86a0y7xk"}
{"type":"log","timestamp":1705333521931,"level":"debug","message":"Skipping storing report.","meta":{"rootId":"g1cgxwi32y9pccg","id":"wzfx7tjxrs20trl"},"id":"g1rxottdlcnycsb","previousOperationId":"rk37xia86a0y7xk"}
{"type":"log","timestamp":1705333521931,"level":"info","message":"Rendering (child) request finished in 665 ms","meta":{"rootId":"g1cgxwi32y9pccg","id":"wzfx7tjxrs20trl"},"id":"er42e3w73ufsj2c","previousOperationId":"rk37xia86a0y7xk"}
{"type":"operationEnd","subtype":"render","operationId":"4vj2v1hj7gjmh6z","timestamp":1705333521931,"id":"dxy04xjgxv8dkts","previousEventId":"ka2rvpxze57gxyb","previousOperationId":"rk37xia86a0y7xk"}
{"type":"operationEnd","operationId":"7o47y2wyyq2b617","timestamp":1705333521944,"id":"o8jdxoul2l24y22","previousEventId":"d3t67a9ku6loxze","previousOperationId":"7o47y2wyyq2b617"}
{"type":"log","timestamp":1705333521944,"level":"debug","message":"pdf-utils postproces start","meta":{"rootId":"g1cgxwi32y9pccg","id":"g1cgxwi32y9pccg"},"id":"7j8a4jn4pvnoe2p","previousOperationId":"7o47y2wyyq2b617"}
{"type":"log","timestamp":1705333521956,"level":"debug","message":"pdf-utils postproces end","meta":{"rootId":"g1cgxwi32y9pccg","id":"g1cgxwi32y9pccg"},"id":"zmlih3b2tqvrk87","previousOperationId":"7o47y2wyyq2b617"}
{"type":"operationEnd","operationId":"al82ogkcvuaebrw","timestamp":1705333521956,"id":"q2ukfszoli8s7ix","previousEventId":"o8jdxoul2l24y22","previousOperationId":"7o47y2wyyq2b617"}
{"type":"log","timestamp":1705333521956,"level":"info","message":"pdf-utils pdf processing was finished","meta":{"rootId":"g1cgxwi32y9pccg","id":"g1cgxwi32y9pccg"},"id":"0q4ekuog60o7id7","previousOperationId":"al82ogkcvuaebrw"}
{"type":"log","timestamp":1705333521957,"level":"debug","message":"Skipping storing report.","meta":{"rootId":"g1cgxwi32y9pccg","id":"g1cgxwi32y9pccg"},"id":"yzn33nyv5yhxtj8","previousOperationId":"al82ogkcvuaebrw"}
{"type":"log","timestamp":1705333521957,"level":"info","message":"Rendering request 3 finished in 691 ms","meta":{"rootId":"g1cgxwi32y9pccg","id":"g1cgxwi32y9pccg"},"id":"jlsr3ry1meet75e","previousOperationId":"al82ogkcvuaebrw"}
{"type":"operationEnd","subtype":"render","operationId":"0dep00kpevagzed","timestamp":1705333521957,"id":"dmbjz4gob6sjkbs","previousEventId":"q2ukfszoli8s7ix","previousOperationId":"al82ogkcvuaebrw"}
{"type":"operationEnd","doDiffs":false,"previousEventId":"o95j7kb98ek4wrr","previousOperationId":"psk5901j8s5c3e5","operationId":"psk5901j8s5c3e5","timestamp":1705333521967,"id":"hslkwwoswlbvotx"}
