{"type":"operationStart","subtype":"profile","data":{"_id":"qOSqP4KbzGUtnmGQ","timestamp":"2024-01-15T15:47:25.952Z","state":"queued","mode":"standard","creationDate":"2024-01-15T15:47:25.955Z","modificationDate":"2024-01-15T15:47:25.955Z","shortid":"5bHL8Xk","$entitySet":"profiles"},"doDiffs":false,"timestamp":1705333645953,"id":"xe8mujgt52d5a29","previousOperationId":null,"operationId":"jdffgzgx6lnt2oc"}
{"type":"log","level":"info","message":"Render request 7 queued for execution and waiting for available worker","previousOperationId":"jdffgzgx6lnt2oc","timestamp":1705333645954,"id":"fus44ickv13pow2"}
{"type":"operationStart","subtype":"render","name":"locations-main","previousOperationId":"jdffgzgx6lnt2oc","timestamp":1705333645968,"id":"xk39ayssnnedfw1","previousEventId":"xe8mujgt52d5a29","operationId":"ezajw49cgvvrldo"}
{"type":"log","timestamp":1705333645968,"level":"info","message":"Starting rendering request 7","meta":{"rootId":"gfq3htsv4m5ycon","id":"gfq3htsv4m5ycon"},"id":"rdw7vxp2brdxy06","previousOperationId":"ezajw49cgvvrldo"}
{"type":"log","timestamp":1705333645969,"level":"info","message":"Rendering template { name: locations-main, recipe: chrome-pdf, engine: handlebars, preview: true }","meta":{"rootId":"gfq3htsv4m5ycon","id":"gfq3htsv4m5ycon"},"id":"0jopsow1892fvb6","previousOperationId":"ezajw49cgvvrldo"}
{"type":"log","timestamp":1705333645970,"level":"debug","message":"Data item not defined for this template.","meta":{"rootId":"gfq3htsv4m5ycon","id":"gfq3htsv4m5ycon"},"id":"5errwwryrc9gy0g","previousOperationId":"ezajw49cgvvrldo"}
{"type":"log","timestamp":1705333645975,"level":"debug","message":"Executing script locations-script (beforeRender)","meta":{"rootId":"gfq3htsv4m5ycon","id":"gfq3htsv4m5ycon"},"id":"lwzxkoh6qj96xls","previousOperationId":"ezajw49cgvvrldo"}
{"type":"operationStart","subtype":"scriptsBeforeRender","name":"scripts beforeRender","timestamp":1705333645987,"id":"2ub2cer15deod30","previousEventId":"xk39ayssnnedfw1","operationId":"tt9qcw1r22ooh1o","previousOperationId":"ezajw49cgvvrldo"}
{"type":"operationStart","subtype":"script","name":"scripts locations-script","previousOperationId":"tt9qcw1r22ooh1o","timestamp":1705333645987,"id":"97y1j8orn7zjzcd","previousEventId":"2ub2cer15deod30","operationId":"ss6vakbb0di7gqm"}
{"type":"operationEnd","operationId":"ss6vakbb0di7gqm","timestamp":1705333646002,"id":"5jk08zo3gtbanmt","previousEventId":"xk39ayssnnedfw1","previousOperationId":"ezajw49cgvvrldo"}
{"type":"operationEnd","operationId":"tt9qcw1r22ooh1o","timestamp":1705333646002,"id":"r6phsm6c9ble0sb","previousEventId":"5jk08zo3gtbanmt","previousOperationId":"ezajw49cgvvrldo"}
{"type":"log","timestamp":1705333646002,"level":"debug","message":"Base url not specified, skipping its injection.","meta":{"rootId":"gfq3htsv4m5ycon","id":"gfq3htsv4m5ycon"},"id":"5tv0guh4d6q0kui","previousOperationId":"tt9qcw1r22ooh1o"}
{"type":"operationStart","subtype":"engine","name":"handlebars","timestamp":1705333646002,"id":"4w8nzwratsx5xku","previousEventId":"r6phsm6c9ble0sb","operationId":"cx0znxb903o7nxe","previousOperationId":"tt9qcw1r22ooh1o"}
{"type":"log","timestamp":1705333646002,"level":"debug","message":"Rendering engine handlebars","meta":{"rootId":"gfq3htsv4m5ycon","id":"gfq3htsv4m5ycon"},"id":"1e9kbzhq9j3fmin","previousOperationId":"cx0znxb903o7nxe"}
{"type":"operationEnd","operationId":"cx0znxb903o7nxe","timestamp":1705333646021,"id":"o953t8ko6t5v1rm","previousEventId":"4w8nzwratsx5xku","previousOperationId":"cx0znxb903o7nxe"}
{"type":"operationStart","subtype":"recipe","name":"chrome-pdf","timestamp":1705333646021,"id":"u8bl0p292f3avgg","previousEventId":"o953t8ko6t5v1rm","operationId":"etn47fc157wcgn0","previousOperationId":"cx0znxb903o7nxe"}
{"type":"log","timestamp":1705333646021,"level":"debug","message":"Executing recipe chrome-pdf","meta":{"rootId":"gfq3htsv4m5ycon","id":"gfq3htsv4m5ycon"},"id":"stizzdhjhm4piui","previousOperationId":"etn47fc157wcgn0"}
{"type":"log","timestamp":1705333646027,"level":"debug","message":"Converting with chrome HeadlessChrome/117.0.5938.149 using chrome-pool strategy","meta":{"rootId":"gfq3htsv4m5ycon","id":"gfq3htsv4m5ycon"},"id":"jrhuaeoomccx2iv","previousOperationId":"etn47fc157wcgn0"}
{"type":"log","timestamp":1705333646161,"level":"debug","message":"Page request: GET (document) file:///C:/Users/arida/AppData/Local/Temp/jsreport/autocleanup/e09e99b1-99cc-415a-8d08-8ccfb49f3722-chrome-pdf.html","meta":{"rootId":"gfq3htsv4m5ycon","id":"gfq3htsv4m5ycon"},"id":"orolpyg22i6l4bk","previousOperationId":"etn47fc157wcgn0"}
{"type":"log","timestamp":1705333646185,"level":"debug","message":"Page request: GET (script) https://cdn.jsdelivr.net/npm/chart.js","meta":{"rootId":"gfq3htsv4m5ycon","id":"gfq3htsv4m5ycon"},"id":"55uzvg1b12oz8k0","previousOperationId":"etn47fc157wcgn0"}
{"type":"log","timestamp":1705333646186,"level":"debug","message":"Page request finished: GET (document) 200 file:///C:/Users/arida/AppData/Local/Temp/jsreport/autocleanup/e09e99b1-99cc-415a-8d08-8ccfb49f3722-chrome-pdf.html","meta":{"rootId":"gfq3htsv4m5ycon","id":"gfq3htsv4m5ycon"},"id":"9i57ghscwxweh3v","previousOperationId":"etn47fc157wcgn0"}
{"type":"log","timestamp":1705333646193,"level":"debug","message":"Page request finished: GET (script) 200 https://cdn.jsdelivr.net/npm/chart.js","meta":{"rootId":"gfq3htsv4m5ycon","id":"gfq3htsv4m5ycon"},"id":"k4m34r719f9s3jp","previousOperationId":"etn47fc157wcgn0"}
{"type":"log","timestamp":1705333646197,"level":"warn","message":"Page error: Unexpected token ';' , stack: SyntaxError: Unexpected token ';'","meta":{"rootId":"gfq3htsv4m5ycon","id":"gfq3htsv4m5ycon"},"id":"g98tcsdmmhfu0ws","previousOperationId":"etn47fc157wcgn0"}
{"type":"log","timestamp":1705333646210,"level":"debug","message":"Running chrome with params {\"printBackground\":true,\"marginTop\":\"4cm\",\"marginRight\":\"1.5cm\",\"marginBottom\":\"1.5cm\",\"marginLeft\":\"1.5cm\",\"waitForJS\":false,\"timeout\":59928,\"margin\":{\"top\":\"4cm\",\"right\":\"1.5cm\",\"bottom\":\"1.5cm\",\"left\":\"1.5cm\"}}","meta":{"rootId":"gfq3htsv4m5ycon","id":"gfq3htsv4m5ycon"},"id":"v7v4ibhp9131rxm","previousOperationId":"etn47fc157wcgn0"}
{"type":"operationEnd","operationId":"etn47fc157wcgn0","timestamp":1705333646242,"id":"svsv43mc2889p8c","previousEventId":"u8bl0p292f3avgg","previousOperationId":"etn47fc157wcgn0"}
{"type":"log","timestamp":1705333646242,"level":"info","message":"pdf-utils is starting pdf processing","meta":{"rootId":"gfq3htsv4m5ycon","id":"gfq3htsv4m5ycon"},"id":"bxaxlemkauxms0l","previousOperationId":"etn47fc157wcgn0"}
{"type":"operationStart","subtype":"pdfUtils","name":"pdf utils","timestamp":1705333646242,"id":"9f55pm1ca4afb7q","previousEventId":"svsv43mc2889p8c","operationId":"1lbeopv0s87t9w6","previousOperationId":"etn47fc157wcgn0"}
{"type":"log","timestamp":1705333646242,"level":"debug","message":"pdf-utils detected 1 pdf operation(s) to process","meta":{"rootId":"gfq3htsv4m5ycon","id":"gfq3htsv4m5ycon"},"id":"6ih46ktzihjxgsg","previousOperationId":"1lbeopv0s87t9w6"}
{"type":"log","timestamp":1705333646256,"level":"debug","message":"pdf-utils running pdf operation merge","meta":{"rootId":"gfq3htsv4m5ycon","id":"gfq3htsv4m5ycon"},"id":"7s974nvh08hb471","previousOperationId":"1lbeopv0s87t9w6"}
{"type":"operationStart","subtype":"pdfUtilsMerge","name":"pdf utils merge","previousOperationId":"1lbeopv0s87t9w6","timestamp":1705333646256,"id":"ptbv0uiigeooay4","previousEventId":"9f55pm1ca4afb7q","operationId":"ixczcm79fzj6qqt"}
{"type":"operationStart","subtype":"render","name":"locations-header","previousOperationId":"ixczcm79fzj6qqt","timestamp":1705333646258,"id":"j1u5d39xfjrvxi9","previousEventId":"ptbv0uiigeooay4","operationId":"szwbgpgr88tf2v8"}
{"type":"log","timestamp":1705333646258,"level":"info","message":"Starting rendering (child) request","meta":{"rootId":"gfq3htsv4m5ycon","id":"xths0qko1aod859"},"id":"7jtj32lev6iebvv","previousOperationId":"szwbgpgr88tf2v8"}
{"type":"log","timestamp":1705333646258,"level":"info","message":"Rendering template { name: locations-header, recipe: chrome-pdf, engine: handlebars, preview: true }","meta":{"rootId":"gfq3htsv4m5ycon","id":"xths0qko1aod859"},"id":"4ash9m4v220huya","previousOperationId":"szwbgpgr88tf2v8"}
{"type":"log","timestamp":1705333646281,"level":"debug","message":"Inline data specified.","meta":{"rootId":"gfq3htsv4m5ycon","id":"xths0qko1aod859"},"id":"xra7lulek15a11u","previousOperationId":"szwbgpgr88tf2v8"}
{"type":"log","timestamp":1705333646286,"level":"debug","message":"Base url not specified, skipping its injection.","meta":{"rootId":"gfq3htsv4m5ycon","id":"xths0qko1aod859"},"id":"pvvgbu0dxfuhicf","previousOperationId":"szwbgpgr88tf2v8"}
{"type":"operationStart","subtype":"engine","name":"handlebars","timestamp":1705333646287,"id":"scq2aht13tnvmcb","previousEventId":"j1u5d39xfjrvxi9","operationId":"d56oes2ui5ve2v8","previousOperationId":"szwbgpgr88tf2v8"}
{"type":"log","timestamp":1705333646287,"level":"debug","message":"Rendering engine handlebars","meta":{"rootId":"gfq3htsv4m5ycon","id":"xths0qko1aod859"},"id":"5019exijvuhd198","previousOperationId":"d56oes2ui5ve2v8"}
{"type":"operationEnd","operationId":"d56oes2ui5ve2v8","timestamp":1705333646304,"id":"qtxmvss2udgpytl","previousEventId":"scq2aht13tnvmcb","previousOperationId":"d56oes2ui5ve2v8"}
{"type":"operationStart","subtype":"recipe","name":"chrome-pdf","timestamp":1705333646304,"id":"e6eq0bal0r9j0q4","previousEventId":"qtxmvss2udgpytl","operationId":"0brbobxmkt6ipfg","previousOperationId":"d56oes2ui5ve2v8"}
{"type":"log","timestamp":1705333646304,"level":"debug","message":"Executing recipe chrome-pdf","meta":{"rootId":"gfq3htsv4m5ycon","id":"xths0qko1aod859"},"id":"zmeqteq8v7zcs7h","previousOperationId":"0brbobxmkt6ipfg"}
{"type":"log","timestamp":1705333646308,"level":"debug","message":"Converting with chrome HeadlessChrome/117.0.5938.149 using chrome-pool strategy","meta":{"rootId":"gfq3htsv4m5ycon","id":"xths0qko1aod859"},"id":"x4ge2qlflczuuuc","previousOperationId":"0brbobxmkt6ipfg"}
{"type":"log","timestamp":1705333646449,"level":"debug","message":"Page request: GET (document) file:///C:/Users/arida/AppData/Local/Temp/jsreport/autocleanup/3a50e823-d231-458e-9111-c27019b12f1f-chrome-pdf.html","meta":{"rootId":"gfq3htsv4m5ycon","id":"xths0qko1aod859"},"id":"5k361d2akfuvzqt","previousOperationId":"0brbobxmkt6ipfg"}
{"type":"log","timestamp":1705333646461,"level":"debug","message":"Page request: GET (stylesheet) https://cdnjs.cloudflare.com/ajax/libs/metro/4.1.5/css/metro.min.css","meta":{"rootId":"gfq3htsv4m5ycon","id":"xths0qko1aod859"},"id":"orweuho2frv170y","previousOperationId":"0brbobxmkt6ipfg"}
{"type":"log","timestamp":1705333646462,"level":"debug","message":"Page request finished: GET (document) 200 file:///C:/Users/arida/AppData/Local/Temp/jsreport/autocleanup/3a50e823-d231-458e-9111-c27019b12f1f-chrome-pdf.html","meta":{"rootId":"gfq3htsv4m5ycon","id":"xths0qko1aod859"},"id":"rplxlyova4fn5o1","previousOperationId":"0brbobxmkt6ipfg"}
{"type":"log","timestamp":1705333646484,"level":"debug","message":"Page request finished: GET (stylesheet) 200 https://cdnjs.cloudflare.com/ajax/libs/metro/4.1.5/css/metro.min.css","meta":{"rootId":"gfq3htsv4m5ycon","id":"xths0qko1aod859"},"id":"vb6h42pupxai0ve","previousOperationId":"0brbobxmkt6ipfg"}
{"type":"log","timestamp":1705333646511,"level":"debug","message":"Running chrome with params {\"printBackground\":true,\"marginTop\":\"1.5cm\",\"marginRight\":\"1.5cm\",\"marginLeft\":\"1.cm\",\"timeout\":59646,\"margin\":{\"top\":\"1.5cm\",\"right\":\"1.5cm\",\"left\":\"1.cm\"}}","meta":{"rootId":"gfq3htsv4m5ycon","id":"xths0qko1aod859"},"id":"uomk2xjk7ahjfwo","previousOperationId":"0brbobxmkt6ipfg"}
{"type":"operationEnd","operationId":"0brbobxmkt6ipfg","timestamp":1705333646557,"id":"7hb6zdbaaz51vga","previousEventId":"e6eq0bal0r9j0q4","previousOperationId":"0brbobxmkt6ipfg"}
{"type":"log","timestamp":1705333646557,"level":"debug","message":"Skipping storing report.","meta":{"rootId":"gfq3htsv4m5ycon","id":"xths0qko1aod859"},"id":"xdokilot3wpguka","previousOperationId":"0brbobxmkt6ipfg"}
{"type":"log","timestamp":1705333646558,"level":"info","message":"Rendering (child) request finished in 606 ms","meta":{"rootId":"gfq3htsv4m5ycon","id":"xths0qko1aod859"},"id":"30928crtdhlzfxt","previousOperationId":"0brbobxmkt6ipfg"}
{"type":"operationEnd","subtype":"render","operationId":"szwbgpgr88tf2v8","timestamp":1705333646558,"id":"1bgpmwyddhmxul4","previousEventId":"7hb6zdbaaz51vga","previousOperationId":"0brbobxmkt6ipfg"}
{"type":"operationEnd","operationId":"ixczcm79fzj6qqt","timestamp":1705333646569,"id":"7q4b8ggykaohosr","previousEventId":"ptbv0uiigeooay4","previousOperationId":"ixczcm79fzj6qqt"}
{"type":"log","timestamp":1705333646569,"level":"debug","message":"pdf-utils postproces start","meta":{"rootId":"gfq3htsv4m5ycon","id":"gfq3htsv4m5ycon"},"id":"n84mjvu0w6gtlod","previousOperationId":"ixczcm79fzj6qqt"}
{"type":"log","timestamp":1705333646580,"level":"debug","message":"pdf-utils postproces end","meta":{"rootId":"gfq3htsv4m5ycon","id":"gfq3htsv4m5ycon"},"id":"hkp3dddwfcr7yt0","previousOperationId":"ixczcm79fzj6qqt"}
{"type":"operationEnd","operationId":"1lbeopv0s87t9w6","timestamp":1705333646580,"id":"w9kd4rh4pc61aui","previousEventId":"7q4b8ggykaohosr","previousOperationId":"ixczcm79fzj6qqt"}
{"type":"log","timestamp":1705333646580,"level":"info","message":"pdf-utils pdf processing was finished","meta":{"rootId":"gfq3htsv4m5ycon","id":"gfq3htsv4m5ycon"},"id":"x8nti1quva3p3bc","previousOperationId":"1lbeopv0s87t9w6"}
{"type":"log","timestamp":1705333646580,"level":"debug","message":"Skipping storing report.","meta":{"rootId":"gfq3htsv4m5ycon","id":"gfq3htsv4m5ycon"},"id":"ikol5ch2amspafl","previousOperationId":"1lbeopv0s87t9w6"}
{"type":"log","timestamp":1705333646580,"level":"info","message":"Rendering request 7 finished in 628 ms","meta":{"rootId":"gfq3htsv4m5ycon","id":"gfq3htsv4m5ycon"},"id":"ohfdfsqbz4dt5em","previousOperationId":"1lbeopv0s87t9w6"}
{"type":"operationEnd","subtype":"render","operationId":"ezajw49cgvvrldo","timestamp":1705333646580,"id":"iemgahxvr3jvqls","previousEventId":"w9kd4rh4pc61aui","previousOperationId":"1lbeopv0s87t9w6"}
{"type":"operationEnd","doDiffs":false,"previousEventId":"xe8mujgt52d5a29","previousOperationId":"jdffgzgx6lnt2oc","operationId":"jdffgzgx6lnt2oc","timestamp":1705333646594,"id":"tnm4euyjv9cysnw"}
