{"type":"operationStart","subtype":"profile","data":{"_id":"z1ageAUgwwVJuQZr","timestamp":"2024-01-15T10:12:18.020Z","state":"queued","mode":"standard","creationDate":"2024-01-15T10:12:18.026Z","modificationDate":"2024-01-15T10:12:18.026Z","shortid":"u61a69D","$entitySet":"profiles"},"doDiffs":false,"timestamp":1705313538023,"id":"umwdqctkuogoug3","previousOperationId":null,"operationId":"wjet7a6ufjoojnn"}
{"type":"log","level":"info","message":"Render request 18 queued for execution and waiting for available worker","previousOperationId":"wjet7a6ufjoojnn","timestamp":1705313538023,"id":"xx7ttqnla6xiipz"}
{"type":"operationStart","subtype":"render","name":"locations-main","previousOperationId":"wjet7a6ufjoojnn","timestamp":1705313538055,"id":"gefcvnx0vf4ohrf","previousEventId":"umwdqctkuogoug3","operationId":"yon71s6stk1udpj"}
{"type":"log","timestamp":1705313538055,"level":"info","message":"Starting rendering request 18","meta":{"rootId":"h3xvybrnv5rt5dq","id":"h3xvybrnv5rt5dq"},"id":"c0hm5b53d3oj05u","previousOperationId":"yon71s6stk1udpj"}
{"type":"log","timestamp":1705313538055,"level":"info","message":"Rendering template { name: locations-main, recipe: chrome-pdf, engine: handlebars, preview: true }","meta":{"rootId":"h3xvybrnv5rt5dq","id":"h3xvybrnv5rt5dq"},"id":"lwxfypvi8hdkxep","previousOperationId":"yon71s6stk1udpj"}
{"type":"log","timestamp":1705313538058,"level":"debug","message":"Data item not defined for this template.","meta":{"rootId":"h3xvybrnv5rt5dq","id":"h3xvybrnv5rt5dq"},"id":"epis4ysz9lzq8ri","previousOperationId":"yon71s6stk1udpj"}
{"type":"log","timestamp":1705313538068,"level":"debug","message":"Executing script locations-script (beforeRender)","meta":{"rootId":"h3xvybrnv5rt5dq","id":"h3xvybrnv5rt5dq"},"id":"ktpdtas2nkia56i","previousOperationId":"yon71s6stk1udpj"}
{"type":"operationStart","subtype":"scriptsBeforeRender","name":"scripts beforeRender","timestamp":1705313538090,"id":"k1ik5q274lpgpuf","previousEventId":"gefcvnx0vf4ohrf","operationId":"uxdjwqq0xrozn23","previousOperationId":"yon71s6stk1udpj"}
{"type":"operationStart","subtype":"script","name":"scripts locations-script","previousOperationId":"uxdjwqq0xrozn23","timestamp":1705313538090,"id":"zzx6nonbqo68bqq","previousEventId":"k1ik5q274lpgpuf","operationId":"06xwvz52yn2lg86"}
{"type":"operationEnd","operationId":"06xwvz52yn2lg86","timestamp":1705313538122,"id":"d451eb47nb0xvrs","previousEventId":"gefcvnx0vf4ohrf","previousOperationId":"yon71s6stk1udpj"}
{"type":"operationEnd","operationId":"uxdjwqq0xrozn23","timestamp":1705313538122,"id":"1wq44sz0ab61hog","previousEventId":"d451eb47nb0xvrs","previousOperationId":"yon71s6stk1udpj"}
{"type":"log","timestamp":1705313538122,"level":"debug","message":"Base url not specified, skipping its injection.","meta":{"rootId":"h3xvybrnv5rt5dq","id":"h3xvybrnv5rt5dq"},"id":"epl7zwpsrzjvx84","previousOperationId":"uxdjwqq0xrozn23"}
{"type":"operationStart","subtype":"engine","name":"handlebars","timestamp":1705313538122,"id":"9f45yv9fdaz9q0t","previousEventId":"1wq44sz0ab61hog","operationId":"ryobmlljapy3a20","previousOperationId":"uxdjwqq0xrozn23"}
{"type":"log","timestamp":1705313538122,"level":"debug","message":"Rendering engine handlebars","meta":{"rootId":"h3xvybrnv5rt5dq","id":"h3xvybrnv5rt5dq"},"id":"25o7c32trfb790x","previousOperationId":"ryobmlljapy3a20"}
{"type":"operationEnd","operationId":"ryobmlljapy3a20","timestamp":1705313538154,"id":"ayaps8ll6q2wphd","previousEventId":"9f45yv9fdaz9q0t","previousOperationId":"ryobmlljapy3a20"}
{"type":"operationStart","subtype":"recipe","name":"chrome-pdf","timestamp":1705313538154,"id":"rgdtlqqzd0grz83","previousEventId":"ayaps8ll6q2wphd","operationId":"qf1mkydpbslag2w","previousOperationId":"ryobmlljapy3a20"}
{"type":"log","timestamp":1705313538154,"level":"debug","message":"Executing recipe chrome-pdf","meta":{"rootId":"h3xvybrnv5rt5dq","id":"h3xvybrnv5rt5dq"},"id":"xkqu1rdfxlkxrvj","previousOperationId":"qf1mkydpbslag2w"}
{"type":"log","timestamp":1705313538160,"level":"debug","message":"Converting with chrome HeadlessChrome/117.0.5938.149 using chrome-pool strategy","meta":{"rootId":"h3xvybrnv5rt5dq","id":"h3xvybrnv5rt5dq"},"id":"hk9lik6ml1a26t9","previousOperationId":"qf1mkydpbslag2w"}
{"type":"log","timestamp":1705313538338,"level":"debug","message":"Page request: GET (document) file:///C:/Users/arida/AppData/Local/Temp/jsreport/autocleanup/0d836fa2-a79f-47af-8115-a5a84382e8ee-chrome-pdf.html","meta":{"rootId":"h3xvybrnv5rt5dq","id":"h3xvybrnv5rt5dq"},"id":"zumwtrmxxevmu8c","previousOperationId":"qf1mkydpbslag2w"}
{"type":"log","timestamp":1705313538363,"level":"debug","message":"Page request: GET (script) https://cdn.jsdelivr.net/npm/chart.js","meta":{"rootId":"h3xvybrnv5rt5dq","id":"h3xvybrnv5rt5dq"},"id":"hi6c5o3h1ogi742","previousOperationId":"qf1mkydpbslag2w"}
{"type":"log","timestamp":1705313538364,"level":"debug","message":"Page request finished: GET (document) 200 file:///C:/Users/arida/AppData/Local/Temp/jsreport/autocleanup/0d836fa2-a79f-47af-8115-a5a84382e8ee-chrome-pdf.html","meta":{"rootId":"h3xvybrnv5rt5dq","id":"h3xvybrnv5rt5dq"},"id":"33ohd0jv93m0wyh","previousOperationId":"qf1mkydpbslag2w"}
{"type":"log","timestamp":1705313538369,"level":"debug","message":"Page request finished: GET (script) 200 https://cdn.jsdelivr.net/npm/chart.js","meta":{"rootId":"h3xvybrnv5rt5dq","id":"h3xvybrnv5rt5dq"},"id":"kjkpj8jzysg0o75","previousOperationId":"qf1mkydpbslag2w"}
{"type":"log","timestamp":1705313538374,"level":"warn","message":"Page error: locations is not defined , stack: ReferenceError: locations is not defined\n    at <anonymous> (file:///C:/Users/arida/AppData/Local/Temp/jsreport/autocleanup/0d836fa2-a79f-47af-8115-a5a84382e8ee-chrome-pdf.html:18:20)","meta":{"rootId":"h3xvybrnv5rt5dq","id":"h3xvybrnv5rt5dq"},"id":"1hiy4705oki54bo","previousOperationId":"qf1mkydpbslag2w"}
{"type":"log","timestamp":1705313538379,"level":"debug","message":"Running chrome with params {\"printBackground\":true,\"marginTop\":\"4cm\",\"marginRight\":\"1.5cm\",\"marginBottom\":\"1.5cm\",\"marginLeft\":\"1.5cm\",\"waitForJS\":false,\"timeout\":59862,\"margin\":{\"top\":\"4cm\",\"right\":\"1.5cm\",\"bottom\":\"1.5cm\",\"left\":\"1.5cm\"}}","meta":{"rootId":"h3xvybrnv5rt5dq","id":"h3xvybrnv5rt5dq"},"id":"ntskvi5fo3prqj7","previousOperationId":"qf1mkydpbslag2w"}
{"type":"operationEnd","operationId":"qf1mkydpbslag2w","timestamp":1705313538388,"id":"k0x8ysgmdm2wzf8","previousEventId":"rgdtlqqzd0grz83","previousOperationId":"qf1mkydpbslag2w"}
{"type":"log","timestamp":1705313538388,"level":"info","message":"pdf-utils is starting pdf processing","meta":{"rootId":"h3xvybrnv5rt5dq","id":"h3xvybrnv5rt5dq"},"id":"lny47cej21j836x","previousOperationId":"qf1mkydpbslag2w"}
{"type":"operationStart","subtype":"pdfUtils","name":"pdf utils","timestamp":1705313538388,"id":"gwuxo95c36r969f","previousEventId":"k0x8ysgmdm2wzf8","operationId":"0rpkuh5obuvbdh7","previousOperationId":"qf1mkydpbslag2w"}
{"type":"log","timestamp":1705313538388,"level":"debug","message":"pdf-utils detected 1 pdf operation(s) to process","meta":{"rootId":"h3xvybrnv5rt5dq","id":"h3xvybrnv5rt5dq"},"id":"3uy0cjmg3u4es10","previousOperationId":"0rpkuh5obuvbdh7"}
{"type":"log","timestamp":1705313538391,"level":"debug","message":"pdf-utils running pdf operation merge","meta":{"rootId":"h3xvybrnv5rt5dq","id":"h3xvybrnv5rt5dq"},"id":"6i0holwqwv4vsd2","previousOperationId":"0rpkuh5obuvbdh7"}
{"type":"operationStart","subtype":"pdfUtilsMerge","name":"pdf utils merge","previousOperationId":"0rpkuh5obuvbdh7","timestamp":1705313538391,"id":"833ltgg7vhjehfc","previousEventId":"gwuxo95c36r969f","operationId":"c7bwfleojtnfwgv"}
{"type":"operationStart","subtype":"render","name":"locations-header","previousOperationId":"c7bwfleojtnfwgv","timestamp":1705313538392,"id":"dzp0m2p2v8tx73v","previousEventId":"833ltgg7vhjehfc","operationId":"8051qxmrtrttcrm"}
{"type":"log","timestamp":1705313538392,"level":"info","message":"Starting rendering (child) request","meta":{"rootId":"h3xvybrnv5rt5dq","id":"wbxizrm4ggppz80"},"id":"25gik40geu8kyz0","previousOperationId":"8051qxmrtrttcrm"}
{"type":"log","timestamp":1705313538392,"level":"info","message":"Rendering template { name: locations-header, recipe: chrome-pdf, engine: handlebars, preview: true }","meta":{"rootId":"h3xvybrnv5rt5dq","id":"wbxizrm4ggppz80"},"id":"djeblkh7v9kl5sj","previousOperationId":"8051qxmrtrttcrm"}
{"type":"log","timestamp":1705313538393,"level":"debug","message":"Inline data specified.","meta":{"rootId":"h3xvybrnv5rt5dq","id":"wbxizrm4ggppz80"},"id":"186cjko1u6pearz","previousOperationId":"8051qxmrtrttcrm"}
{"type":"log","timestamp":1705313538396,"level":"debug","message":"Base url not specified, skipping its injection.","meta":{"rootId":"h3xvybrnv5rt5dq","id":"wbxizrm4ggppz80"},"id":"jmjw3p7xqun2k49","previousOperationId":"8051qxmrtrttcrm"}
{"type":"operationStart","subtype":"engine","name":"handlebars","timestamp":1705313538397,"id":"blgtsra9fufp5iy","previousEventId":"dzp0m2p2v8tx73v","operationId":"z7kdi4x8uxesv7v","previousOperationId":"8051qxmrtrttcrm"}
{"type":"log","timestamp":1705313538397,"level":"debug","message":"Rendering engine handlebars","meta":{"rootId":"h3xvybrnv5rt5dq","id":"wbxizrm4ggppz80"},"id":"avj31kau7iows4y","previousOperationId":"z7kdi4x8uxesv7v"}
{"type":"operationEnd","operationId":"z7kdi4x8uxesv7v","timestamp":1705313538421,"id":"59kt0p20a5bmdja","previousEventId":"blgtsra9fufp5iy","previousOperationId":"z7kdi4x8uxesv7v"}
{"type":"operationStart","subtype":"recipe","name":"chrome-pdf","timestamp":1705313538421,"id":"ug7w9bwiw6i03q6","previousEventId":"59kt0p20a5bmdja","operationId":"yl35vbj0fhyt2fk","previousOperationId":"z7kdi4x8uxesv7v"}
{"type":"log","timestamp":1705313538421,"level":"debug","message":"Executing recipe chrome-pdf","meta":{"rootId":"h3xvybrnv5rt5dq","id":"wbxizrm4ggppz80"},"id":"c069cjxp34ar9f2","previousOperationId":"yl35vbj0fhyt2fk"}
{"type":"log","timestamp":1705313538424,"level":"debug","message":"Converting with chrome HeadlessChrome/117.0.5938.149 using chrome-pool strategy","meta":{"rootId":"h3xvybrnv5rt5dq","id":"wbxizrm4ggppz80"},"id":"rpcv2g83e7frei2","previousOperationId":"yl35vbj0fhyt2fk"}
{"type":"log","timestamp":1705313538536,"level":"debug","message":"Page request: GET (document) file:///C:/Users/arida/AppData/Local/Temp/jsreport/autocleanup/30024952-e751-436d-a1ff-de607bad5f67-chrome-pdf.html","meta":{"rootId":"h3xvybrnv5rt5dq","id":"wbxizrm4ggppz80"},"id":"v2gs9h2et48frqy","previousOperationId":"yl35vbj0fhyt2fk"}
{"type":"log","timestamp":1705313538545,"level":"debug","message":"Page request: GET (stylesheet) https://cdnjs.cloudflare.com/ajax/libs/metro/4.1.5/css/metro.min.css","meta":{"rootId":"h3xvybrnv5rt5dq","id":"wbxizrm4ggppz80"},"id":"ubyofd37mvt3b8g","previousOperationId":"yl35vbj0fhyt2fk"}
{"type":"log","timestamp":1705313538546,"level":"debug","message":"Page request finished: GET (document) 200 file:///C:/Users/arida/AppData/Local/Temp/jsreport/autocleanup/30024952-e751-436d-a1ff-de607bad5f67-chrome-pdf.html","meta":{"rootId":"h3xvybrnv5rt5dq","id":"wbxizrm4ggppz80"},"id":"eq8y4qyc0dil9s7","previousOperationId":"yl35vbj0fhyt2fk"}
{"type":"log","timestamp":1705313538564,"level":"debug","message":"Page request finished: GET (stylesheet) 200 https://cdnjs.cloudflare.com/ajax/libs/metro/4.1.5/css/metro.min.css","meta":{"rootId":"h3xvybrnv5rt5dq","id":"wbxizrm4ggppz80"},"id":"qpxyye91h18esc6","previousOperationId":"yl35vbj0fhyt2fk"}
{"type":"log","timestamp":1705313538584,"level":"debug","message":"Running chrome with params {\"printBackground\":true,\"marginTop\":\"1.5cm\",\"marginRight\":\"1.5cm\",\"marginLeft\":\"1.cm\",\"timeout\":59597,\"margin\":{\"top\":\"1.5cm\",\"right\":\"1.5cm\",\"left\":\"1.cm\"}}","meta":{"rootId":"h3xvybrnv5rt5dq","id":"wbxizrm4ggppz80"},"id":"lzsn70psg8srtcz","previousOperationId":"yl35vbj0fhyt2fk"}
{"type":"operationEnd","operationId":"yl35vbj0fhyt2fk","timestamp":1705313538621,"id":"h98lmseheyhoqd4","previousEventId":"ug7w9bwiw6i03q6","previousOperationId":"yl35vbj0fhyt2fk"}
{"type":"log","timestamp":1705313538621,"level":"debug","message":"Skipping storing report.","meta":{"rootId":"h3xvybrnv5rt5dq","id":"wbxizrm4ggppz80"},"id":"q9cenqa8d4d0y2z","previousOperationId":"yl35vbj0fhyt2fk"}
{"type":"log","timestamp":1705313538622,"level":"info","message":"Rendering (child) request finished in 601 ms","meta":{"rootId":"h3xvybrnv5rt5dq","id":"wbxizrm4ggppz80"},"id":"qwjx1e329zmjhgr","previousOperationId":"yl35vbj0fhyt2fk"}
{"type":"operationEnd","subtype":"render","operationId":"8051qxmrtrttcrm","timestamp":1705313538622,"id":"efakbscspvp3q2u","previousEventId":"h98lmseheyhoqd4","previousOperationId":"yl35vbj0fhyt2fk"}
{"type":"operationEnd","operationId":"c7bwfleojtnfwgv","timestamp":1705313538626,"id":"d7qglde0eajru2t","previousEventId":"833ltgg7vhjehfc","previousOperationId":"c7bwfleojtnfwgv"}
{"type":"log","timestamp":1705313538626,"level":"debug","message":"pdf-utils postproces start","meta":{"rootId":"h3xvybrnv5rt5dq","id":"h3xvybrnv5rt5dq"},"id":"5xayou0v6thghfm","previousOperationId":"c7bwfleojtnfwgv"}
{"type":"log","timestamp":1705313538631,"level":"debug","message":"pdf-utils postproces end","meta":{"rootId":"h3xvybrnv5rt5dq","id":"h3xvybrnv5rt5dq"},"id":"xjx7f1amfbtnzjd","previousOperationId":"c7bwfleojtnfwgv"}
{"type":"operationEnd","operationId":"0rpkuh5obuvbdh7","timestamp":1705313538631,"id":"c9pjqlmv0koqg2y","previousEventId":"d7qglde0eajru2t","previousOperationId":"c7bwfleojtnfwgv"}
{"type":"log","timestamp":1705313538631,"level":"info","message":"pdf-utils pdf processing was finished","meta":{"rootId":"h3xvybrnv5rt5dq","id":"h3xvybrnv5rt5dq"},"id":"rnn4t1vchgzsucs","previousOperationId":"0rpkuh5obuvbdh7"}
{"type":"log","timestamp":1705313538631,"level":"debug","message":"Skipping storing report.","meta":{"rootId":"h3xvybrnv5rt5dq","id":"h3xvybrnv5rt5dq"},"id":"3n3pipmr0vh79sp","previousOperationId":"0rpkuh5obuvbdh7"}
{"type":"log","timestamp":1705313538631,"level":"info","message":"Rendering request 18 finished in 611 ms","meta":{"rootId":"h3xvybrnv5rt5dq","id":"h3xvybrnv5rt5dq"},"id":"2zvn3dl27fohzh9","previousOperationId":"0rpkuh5obuvbdh7"}
{"type":"operationEnd","subtype":"render","operationId":"yon71s6stk1udpj","timestamp":1705313538631,"id":"2vi4mc5zx1l2r1j","previousEventId":"c9pjqlmv0koqg2y","previousOperationId":"0rpkuh5obuvbdh7"}
{"type":"operationEnd","doDiffs":false,"previousEventId":"umwdqctkuogoug3","previousOperationId":"wjet7a6ufjoojnn","operationId":"wjet7a6ufjoojnn","timestamp":1705313538640,"id":"k3ygg3d3sw2uqtw"}
