{"type":"operationStart","subtype":"profile","data":{"_id":"UBoOvdxtNJUThvti","timestamp":"2024-01-15T09:58:38.539Z","state":"queued","mode":"standard","creationDate":"2024-01-15T09:58:38.545Z","modificationDate":"2024-01-15T09:58:38.545Z","shortid":"fJLxKCU","$entitySet":"profiles"},"doDiffs":false,"timestamp":1705312718542,"id":"hnye9sc9ilq4xgp","previousOperationId":null,"operationId":"82zukpw7j0ouxo0"}
{"type":"log","level":"info","message":"Render request 6 queued for execution and waiting for available worker","previousOperationId":"82zukpw7j0ouxo0","timestamp":1705312718542,"id":"zavbsz4oc6ogm69"}
{"type":"operationStart","subtype":"render","name":"locations-main","previousOperationId":"82zukpw7j0ouxo0","timestamp":1705312718577,"id":"8mpx2zoe8qtzlzm","previousEventId":"hnye9sc9ilq4xgp","operationId":"pw9qogqwu4qtseb"}
{"type":"log","timestamp":1705312718578,"level":"info","message":"Starting rendering request 6","meta":{"rootId":"hh7s3lhlyv11ard","id":"hh7s3lhlyv11ard"},"id":"9h8sr5tvqrq1pd0","previousOperationId":"pw9qogqwu4qtseb"}
{"type":"log","timestamp":1705312718578,"level":"info","message":"Rendering template { name: locations-main, recipe: chrome-pdf, engine: handlebars, preview: true }","meta":{"rootId":"hh7s3lhlyv11ard","id":"hh7s3lhlyv11ard"},"id":"jkgkvng60vfjrp4","previousOperationId":"pw9qogqwu4qtseb"}
{"type":"log","timestamp":1705312718582,"level":"debug","message":"Data item not defined for this template.","meta":{"rootId":"hh7s3lhlyv11ard","id":"hh7s3lhlyv11ard"},"id":"6lutzigy57huqs3","previousOperationId":"pw9qogqwu4qtseb"}
{"type":"log","timestamp":1705312718595,"level":"debug","message":"Executing script locations-script (beforeRender)","meta":{"rootId":"hh7s3lhlyv11ard","id":"hh7s3lhlyv11ard"},"id":"1ruy2itu5t6yl83","previousOperationId":"pw9qogqwu4qtseb"}
{"type":"operationStart","subtype":"scriptsBeforeRender","name":"scripts beforeRender","timestamp":1705312718621,"id":"6wu5domlz4mfrdj","previousEventId":"8mpx2zoe8qtzlzm","operationId":"f2fhtngvs39d7ij","previousOperationId":"pw9qogqwu4qtseb"}
{"type":"operationStart","subtype":"script","name":"scripts locations-script","previousOperationId":"f2fhtngvs39d7ij","timestamp":1705312718622,"id":"k5qc7jqzqzzb1pl","previousEventId":"6wu5domlz4mfrdj","operationId":"cnwbxt3y593yckr"}
{"type":"operationEnd","operationId":"cnwbxt3y593yckr","timestamp":1705312718658,"id":"bwyhjt0c2g2ttg2","previousEventId":"8mpx2zoe8qtzlzm","previousOperationId":"pw9qogqwu4qtseb"}
{"type":"operationEnd","operationId":"f2fhtngvs39d7ij","timestamp":1705312718659,"id":"twcsr4dqkh35cvc","previousEventId":"bwyhjt0c2g2ttg2","previousOperationId":"pw9qogqwu4qtseb"}
{"type":"log","timestamp":1705312718659,"level":"debug","message":"Base url not specified, skipping its injection.","meta":{"rootId":"hh7s3lhlyv11ard","id":"hh7s3lhlyv11ard"},"id":"gntmyy6b3m5kuwi","previousOperationId":"f2fhtngvs39d7ij"}
{"type":"operationStart","subtype":"engine","name":"handlebars","timestamp":1705312718659,"id":"fuaae6vhuo611kr","previousEventId":"twcsr4dqkh35cvc","operationId":"0jc4qbq1hdxesj3","previousOperationId":"f2fhtngvs39d7ij"}
{"type":"log","timestamp":1705312718659,"level":"debug","message":"Rendering engine handlebars","meta":{"rootId":"hh7s3lhlyv11ard","id":"hh7s3lhlyv11ard"},"id":"tdulcuquglb8w3o","previousOperationId":"0jc4qbq1hdxesj3"}
{"type":"operationEnd","operationId":"0jc4qbq1hdxesj3","timestamp":1705312718709,"id":"sc70bdke5ekrpi0","previousEventId":"fuaae6vhuo611kr","previousOperationId":"0jc4qbq1hdxesj3"}
{"type":"operationStart","subtype":"recipe","name":"chrome-pdf","timestamp":1705312718710,"id":"ivffh6u44kgjn9g","previousEventId":"sc70bdke5ekrpi0","operationId":"1o3ltju7qsvv3iz","previousOperationId":"0jc4qbq1hdxesj3"}
{"type":"log","timestamp":1705312718710,"level":"debug","message":"Executing recipe chrome-pdf","meta":{"rootId":"hh7s3lhlyv11ard","id":"hh7s3lhlyv11ard"},"id":"30llwg4rzwviaks","previousOperationId":"1o3ltju7qsvv3iz"}
{"type":"log","timestamp":1705312718718,"level":"debug","message":"Converting with chrome HeadlessChrome/117.0.5938.149 using chrome-pool strategy","meta":{"rootId":"hh7s3lhlyv11ard","id":"hh7s3lhlyv11ard"},"id":"oh6njb51lhuestr","previousOperationId":"1o3ltju7qsvv3iz"}
{"type":"log","timestamp":1705312718886,"level":"debug","message":"Page request: GET (document) file:///C:/Users/arida/AppData/Local/Temp/jsreport/autocleanup/00f7f864-1ea8-4e3c-b4df-76ce347485e3-chrome-pdf.html","meta":{"rootId":"hh7s3lhlyv11ard","id":"hh7s3lhlyv11ard"},"id":"gk41swrd57j3el1","previousOperationId":"1o3ltju7qsvv3iz"}
{"type":"log","timestamp":1705312718917,"level":"debug","message":"Page request: GET (stylesheet) https://cdnjs.cloudflare.com/ajax/libs/metro/4.1.5/css/metro.min.css","meta":{"rootId":"hh7s3lhlyv11ard","id":"hh7s3lhlyv11ard"},"id":"ia4qmq1uuz5vncn","previousOperationId":"1o3ltju7qsvv3iz"}
{"type":"log","timestamp":1705312718917,"level":"debug","message":"Page request: GET (script) https://cdnjs.cloudflare.com/ajax/libs/Chart.js/2.7.2/Chart.min.js","meta":{"rootId":"hh7s3lhlyv11ard","id":"hh7s3lhlyv11ard"},"id":"zc0kpwwu5wevib2","previousOperationId":"1o3ltju7qsvv3iz"}
{"type":"log","timestamp":1705312718918,"level":"debug","message":"Page request finished: GET (document) 200 file:///C:/Users/arida/AppData/Local/Temp/jsreport/autocleanup/00f7f864-1ea8-4e3c-b4df-76ce347485e3-chrome-pdf.html","meta":{"rootId":"hh7s3lhlyv11ard","id":"hh7s3lhlyv11ard"},"id":"mqvlf5p32pio2rz","previousOperationId":"1o3ltju7qsvv3iz"}
{"type":"log","timestamp":1705312718940,"level":"debug","message":"Page request finished: GET (stylesheet) 200 https://cdnjs.cloudflare.com/ajax/libs/metro/4.1.5/css/metro.min.css","meta":{"rootId":"hh7s3lhlyv11ard","id":"hh7s3lhlyv11ard"},"id":"1iadqzi6lybforc","previousOperationId":"1o3ltju7qsvv3iz"}
{"type":"log","timestamp":1705312718941,"level":"debug","message":"Page request finished: GET (script) 200 https://cdnjs.cloudflare.com/ajax/libs/Chart.js/2.7.2/Chart.min.js","meta":{"rootId":"hh7s3lhlyv11ard","id":"hh7s3lhlyv11ard"},"id":"ge070qhrj2sftiz","previousOperationId":"1o3ltju7qsvv3iz"}
{"type":"log","timestamp":1705312718956,"level":"warn","message":"Page error: \"undefined\" is not valid JSON\nJSON.parse (<anonymous>) , stack: SyntaxError: \"undefined\" is not valid JSON\nJSON.parse (<anonymous>)\n    at <anonymous> (file:///C:/Users/arida/AppData/Local/Temp/jsreport/autocleanup/00f7f864-1ea8-4e3c-b4df-76ce347485e3-chrome-pdf.html:27:14)","meta":{"rootId":"hh7s3lhlyv11ard","id":"hh7s3lhlyv11ard"},"id":"2azjsiri7lzssx4","previousOperationId":"1o3ltju7qsvv3iz"}
{"type":"log","timestamp":1705312718956,"level":"warn","message":"Page error: \"undefined\" is not valid JSON\nJSON.parse (<anonymous>) , stack: SyntaxError: \"undefined\" is not valid JSON\nJSON.parse (<anonymous>)\n    at <anonymous> (file:///C:/Users/arida/AppData/Local/Temp/jsreport/autocleanup/00f7f864-1ea8-4e3c-b4df-76ce347485e3-chrome-pdf.html:51:14)","meta":{"rootId":"hh7s3lhlyv11ard","id":"hh7s3lhlyv11ard"},"id":"vno2ii5sjkzd3yq","previousOperationId":"1o3ltju7qsvv3iz"}
{"type":"log","timestamp":1705312718978,"level":"debug","message":"Running chrome with params {\"printBackground\":true,\"marginTop\":\"4cm\",\"marginRight\":\"1.5cm\",\"marginBottom\":\"1.5cm\",\"marginLeft\":\"1.5cm\",\"waitForJS\":false,\"timeout\":59825,\"margin\":{\"top\":\"4cm\",\"right\":\"1.5cm\",\"bottom\":\"1.5cm\",\"left\":\"1.5cm\"}}","meta":{"rootId":"hh7s3lhlyv11ard","id":"hh7s3lhlyv11ard"},"id":"z9sicym8p03gz69","previousOperationId":"1o3ltju7qsvv3iz"}
{"type":"operationEnd","operationId":"1o3ltju7qsvv3iz","timestamp":1705312719017,"id":"4i5sxt1t2nrhs0b","previousEventId":"ivffh6u44kgjn9g","previousOperationId":"1o3ltju7qsvv3iz"}
{"type":"log","timestamp":1705312719017,"level":"info","message":"pdf-utils is starting pdf processing","meta":{"rootId":"hh7s3lhlyv11ard","id":"hh7s3lhlyv11ard"},"id":"r9ba1jb4gomwqc3","previousOperationId":"1o3ltju7qsvv3iz"}
{"type":"operationStart","subtype":"pdfUtils","name":"pdf utils","timestamp":1705312719017,"id":"wvtqcpsjaxyw0y1","previousEventId":"4i5sxt1t2nrhs0b","operationId":"2s12gktnz4ttdql","previousOperationId":"1o3ltju7qsvv3iz"}
{"type":"log","timestamp":1705312719017,"level":"debug","message":"pdf-utils detected 1 pdf operation(s) to process","meta":{"rootId":"hh7s3lhlyv11ard","id":"hh7s3lhlyv11ard"},"id":"ocda16pf5uxwjgv","previousOperationId":"2s12gktnz4ttdql"}
{"type":"log","timestamp":1705312719033,"level":"debug","message":"pdf-utils running pdf operation merge","meta":{"rootId":"hh7s3lhlyv11ard","id":"hh7s3lhlyv11ard"},"id":"5e6gphbx1o2qpp7","previousOperationId":"2s12gktnz4ttdql"}
{"type":"operationStart","subtype":"pdfUtilsMerge","name":"pdf utils merge","previousOperationId":"2s12gktnz4ttdql","timestamp":1705312719033,"id":"drn0c0k1jogrph2","previousEventId":"wvtqcpsjaxyw0y1","operationId":"6hyxlu7t5x4yi3k"}
{"type":"operationStart","subtype":"render","name":"locations-header","previousOperationId":"6hyxlu7t5x4yi3k","timestamp":1705312719034,"id":"z2ypyzadh4quss3","previousEventId":"drn0c0k1jogrph2","operationId":"pxnqp61wuhw1y4z"}
{"type":"log","timestamp":1705312719034,"level":"info","message":"Starting rendering (child) request","meta":{"rootId":"hh7s3lhlyv11ard","id":"sip4c331tstss01"},"id":"w9htcchlozamnrf","previousOperationId":"pxnqp61wuhw1y4z"}
{"type":"log","timestamp":1705312719034,"level":"info","message":"Rendering template { name: locations-header, recipe: chrome-pdf, engine: handlebars, preview: true }","meta":{"rootId":"hh7s3lhlyv11ard","id":"sip4c331tstss01"},"id":"srp0b01m6u3tq5u","previousOperationId":"pxnqp61wuhw1y4z"}
{"type":"log","timestamp":1705312719035,"level":"debug","message":"Inline data specified.","meta":{"rootId":"hh7s3lhlyv11ard","id":"sip4c331tstss01"},"id":"3k4wr32s6rebs1e","previousOperationId":"pxnqp61wuhw1y4z"}
{"type":"log","timestamp":1705312719038,"level":"debug","message":"Base url not specified, skipping its injection.","meta":{"rootId":"hh7s3lhlyv11ard","id":"sip4c331tstss01"},"id":"yji4euvki6noayb","previousOperationId":"pxnqp61wuhw1y4z"}
{"type":"operationStart","subtype":"engine","name":"handlebars","timestamp":1705312719038,"id":"f6lhexnd627zqw7","previousEventId":"z2ypyzadh4quss3","operationId":"jjdu8gd2c7883lh","previousOperationId":"pxnqp61wuhw1y4z"}
{"type":"log","timestamp":1705312719038,"level":"debug","message":"Rendering engine handlebars","meta":{"rootId":"hh7s3lhlyv11ard","id":"sip4c331tstss01"},"id":"a8zlogth8rixkk5","previousOperationId":"jjdu8gd2c7883lh"}
{"type":"operationEnd","operationId":"jjdu8gd2c7883lh","timestamp":1705312719059,"id":"0aczrr4082k572v","previousEventId":"f6lhexnd627zqw7","previousOperationId":"jjdu8gd2c7883lh"}
{"type":"operationStart","subtype":"recipe","name":"chrome-pdf","timestamp":1705312719059,"id":"1joaibazkdmagkh","previousEventId":"0aczrr4082k572v","operationId":"107zqp709zyc1vl","previousOperationId":"jjdu8gd2c7883lh"}
{"type":"log","timestamp":1705312719059,"level":"debug","message":"Executing recipe chrome-pdf","meta":{"rootId":"hh7s3lhlyv11ard","id":"sip4c331tstss01"},"id":"to29o3ofgwg4xjh","previousOperationId":"107zqp709zyc1vl"}
{"type":"log","timestamp":1705312719062,"level":"debug","message":"Converting with chrome HeadlessChrome/117.0.5938.149 using chrome-pool strategy","meta":{"rootId":"hh7s3lhlyv11ard","id":"sip4c331tstss01"},"id":"6pik3z33km5u6hm","previousOperationId":"107zqp709zyc1vl"}
{"type":"log","timestamp":1705312719299,"level":"debug","message":"Page request: GET (document) file:///C:/Users/arida/AppData/Local/Temp/jsreport/autocleanup/370ef643-477b-421a-b82e-592308286307-chrome-pdf.html","meta":{"rootId":"hh7s3lhlyv11ard","id":"sip4c331tstss01"},"id":"clkbrb986nagoih","previousOperationId":"107zqp709zyc1vl"}
{"type":"log","timestamp":1705312719323,"level":"debug","message":"Page request: GET (stylesheet) https://cdnjs.cloudflare.com/ajax/libs/metro/4.1.5/css/metro.min.css","meta":{"rootId":"hh7s3lhlyv11ard","id":"sip4c331tstss01"},"id":"abp9d6513ndb1ae","previousOperationId":"107zqp709zyc1vl"}
{"type":"log","timestamp":1705312719324,"level":"debug","message":"Page request finished: GET (document) 200 file:///C:/Users/arida/AppData/Local/Temp/jsreport/autocleanup/370ef643-477b-421a-b82e-592308286307-chrome-pdf.html","meta":{"rootId":"hh7s3lhlyv11ard","id":"sip4c331tstss01"},"id":"24gpb1cf33uhprk","previousOperationId":"107zqp709zyc1vl"}
{"type":"log","timestamp":1705312719374,"level":"debug","message":"Page request finished: GET (stylesheet) 200 https://cdnjs.cloudflare.com/ajax/libs/metro/4.1.5/css/metro.min.css","meta":{"rootId":"hh7s3lhlyv11ard","id":"sip4c331tstss01"},"id":"ssfa37onew8zh62","previousOperationId":"107zqp709zyc1vl"}
{"type":"log","timestamp":1705312719433,"level":"debug","message":"Running chrome with params {\"printBackground\":true,\"marginTop\":\"1.5cm\",\"marginRight\":\"1.5cm\",\"marginLeft\":\"1.cm\",\"timeout\":59478,\"margin\":{\"top\":\"1.5cm\",\"right\":\"1.5cm\",\"left\":\"1.cm\"}}","meta":{"rootId":"hh7s3lhlyv11ard","id":"sip4c331tstss01"},"id":"lsiah1dsqrvzcen","previousOperationId":"107zqp709zyc1vl"}
{"type":"operationEnd","operationId":"107zqp709zyc1vl","timestamp":1705312719521,"id":"43b9b5fh4tsho24","previousEventId":"1joaibazkdmagkh","previousOperationId":"107zqp709zyc1vl"}
{"type":"log","timestamp":1705312719521,"level":"debug","message":"Skipping storing report.","meta":{"rootId":"hh7s3lhlyv11ard","id":"sip4c331tstss01"},"id":"sbcmh54lgr4mtlx","previousOperationId":"107zqp709zyc1vl"}
{"type":"log","timestamp":1705312719521,"level":"info","message":"Rendering (child) request finished in 982 ms","meta":{"rootId":"hh7s3lhlyv11ard","id":"sip4c331tstss01"},"id":"nbuykk8027e4l6t","previousOperationId":"107zqp709zyc1vl"}
{"type":"operationEnd","subtype":"render","operationId":"pxnqp61wuhw1y4z","timestamp":1705312719521,"id":"f6i9s7jq25i6y08","previousEventId":"43b9b5fh4tsho24","previousOperationId":"107zqp709zyc1vl"}
{"type":"operationEnd","operationId":"6hyxlu7t5x4yi3k","timestamp":1705312719528,"id":"ivfd48opw4l3u8z","previousEventId":"drn0c0k1jogrph2","previousOperationId":"6hyxlu7t5x4yi3k"}
{"type":"log","timestamp":1705312719528,"level":"debug","message":"pdf-utils postproces start","meta":{"rootId":"hh7s3lhlyv11ard","id":"hh7s3lhlyv11ard"},"id":"pts7d728ft0iv3f","previousOperationId":"6hyxlu7t5x4yi3k"}
{"type":"log","timestamp":1705312719537,"level":"debug","message":"pdf-utils postproces end","meta":{"rootId":"hh7s3lhlyv11ard","id":"hh7s3lhlyv11ard"},"id":"sajypg9iujy0v4f","previousOperationId":"6hyxlu7t5x4yi3k"}
{"type":"operationEnd","operationId":"2s12gktnz4ttdql","timestamp":1705312719537,"id":"fs3n97eezqwoz0b","previousEventId":"ivfd48opw4l3u8z","previousOperationId":"6hyxlu7t5x4yi3k"}
{"type":"log","timestamp":1705312719537,"level":"info","message":"pdf-utils pdf processing was finished","meta":{"rootId":"hh7s3lhlyv11ard","id":"hh7s3lhlyv11ard"},"id":"z82saqmjjwfl8oo","previousOperationId":"2s12gktnz4ttdql"}
{"type":"log","timestamp":1705312719537,"level":"debug","message":"Skipping storing report.","meta":{"rootId":"hh7s3lhlyv11ard","id":"hh7s3lhlyv11ard"},"id":"15s536m1ibe1mn7","previousOperationId":"2s12gktnz4ttdql"}
{"type":"log","timestamp":1705312719537,"level":"info","message":"Rendering request 6 finished in 998 ms","meta":{"rootId":"hh7s3lhlyv11ard","id":"hh7s3lhlyv11ard"},"id":"zptdb659amws342","previousOperationId":"2s12gktnz4ttdql"}
{"type":"operationEnd","subtype":"render","operationId":"pw9qogqwu4qtseb","timestamp":1705312719537,"id":"cu2a6nyf5n0fmlg","previousEventId":"fs3n97eezqwoz0b","previousOperationId":"2s12gktnz4ttdql"}
{"type":"operationEnd","doDiffs":false,"previousEventId":"hnye9sc9ilq4xgp","previousOperationId":"82zukpw7j0ouxo0","operationId":"82zukpw7j0ouxo0","timestamp":1705312719547,"id":"j08y9xv58hy4v9x"}
