{"type":"operationStart","subtype":"profile","data":{"_id":"DP5IFUU2fY1Rj2oz","timestamp":"2024-01-15T18:49:40.457Z","state":"queued","mode":"standard","creationDate":"2024-01-15T18:49:40.460Z","modificationDate":"2024-01-15T18:49:40.460Z","shortid":"LbDLqkz","$entitySet":"profiles"},"doDiffs":false,"timestamp":1705344580459,"id":"y667148mmbixlc1","previousOperationId":null,"operationId":"q2okdctis37bucx"}
{"type":"log","level":"info","message":"Render request 50 queued for execution and waiting for available worker","previousOperationId":"q2okdctis37bucx","timestamp":1705344580459,"id":"oxt44tl8591y89t"}
{"type":"operationStart","subtype":"render","name":"locations-main","previousOperationId":"q2okdctis37bucx","timestamp":1705344580466,"id":"phpm9k6h6p7xdoz","previousEventId":"y667148mmbixlc1","operationId":"ow4ydi6b3szvb0r"}
{"type":"log","timestamp":1705344580466,"level":"info","message":"Starting rendering request 50","meta":{"rootId":"i2plh5djdpa1lx5","id":"i2plh5djdpa1lx5"},"id":"ov76ia3wfdjwl70","previousOperationId":"ow4ydi6b3szvb0r"}
{"type":"log","timestamp":1705344580466,"level":"info","message":"Rendering template { name: locations-main, recipe: chrome-pdf, engine: handlebars, preview: false }","meta":{"rootId":"i2plh5djdpa1lx5","id":"i2plh5djdpa1lx5"},"id":"uf2joknjj5p9kd7","previousOperationId":"ow4ydi6b3szvb0r"}
{"type":"log","timestamp":1705344580468,"level":"debug","message":"Data item not defined for this template.","meta":{"rootId":"i2plh5djdpa1lx5","id":"i2plh5djdpa1lx5"},"id":"k08r4ikwm8mwcz7","previousOperationId":"ow4ydi6b3szvb0r"}
{"type":"log","timestamp":1705344580472,"level":"debug","message":"Executing script locations-script (beforeRender)","meta":{"rootId":"i2plh5djdpa1lx5","id":"i2plh5djdpa1lx5"},"id":"miemk1q0eadzw2g","previousOperationId":"ow4ydi6b3szvb0r"}
{"type":"operationStart","subtype":"scriptsBeforeRender","name":"scripts beforeRender","timestamp":1705344580489,"id":"1uyvnlf97txcztz","previousEventId":"phpm9k6h6p7xdoz","operationId":"l820v4cs55mw62m","previousOperationId":"ow4ydi6b3szvb0r"}
{"type":"operationStart","subtype":"script","name":"scripts locations-script","previousOperationId":"l820v4cs55mw62m","timestamp":1705344580489,"id":"lm1qzz57fvukbuu","previousEventId":"1uyvnlf97txcztz","operationId":"hvm7xnyqwdms7nn"}
{"type":"operationEnd","operationId":"hvm7xnyqwdms7nn","timestamp":1705344580502,"id":"q14sorj71wi38v8","previousEventId":"phpm9k6h6p7xdoz","previousOperationId":"ow4ydi6b3szvb0r"}
{"type":"operationEnd","operationId":"l820v4cs55mw62m","timestamp":1705344580502,"id":"2sfemfmavbwqbf3","previousEventId":"q14sorj71wi38v8","previousOperationId":"ow4ydi6b3szvb0r"}
{"type":"log","timestamp":1705344580502,"level":"debug","message":"Base url not specified, skipping its injection.","meta":{"rootId":"i2plh5djdpa1lx5","id":"i2plh5djdpa1lx5"},"id":"79k90zktgh3d4mi","previousOperationId":"l820v4cs55mw62m"}
{"type":"operationStart","subtype":"engine","name":"handlebars","timestamp":1705344580502,"id":"vao7i9bafncqytj","previousEventId":"2sfemfmavbwqbf3","operationId":"ktvmr54m75s60pe","previousOperationId":"l820v4cs55mw62m"}
{"type":"log","timestamp":1705344580502,"level":"debug","message":"Rendering engine handlebars","meta":{"rootId":"i2plh5djdpa1lx5","id":"i2plh5djdpa1lx5"},"id":"e78wd2qis777ldk","previousOperationId":"ktvmr54m75s60pe"}
{"type":"operationEnd","operationId":"ktvmr54m75s60pe","timestamp":1705344580509,"id":"mml545bwlse09q1","previousEventId":"vao7i9bafncqytj","previousOperationId":"ktvmr54m75s60pe"}
{"type":"operationStart","subtype":"recipe","name":"chrome-pdf","timestamp":1705344580509,"id":"uqlxzq1tplgrk78","previousEventId":"mml545bwlse09q1","operationId":"2bttn5duyrgghwn","previousOperationId":"ktvmr54m75s60pe"}
{"type":"log","timestamp":1705344580509,"level":"debug","message":"Executing recipe chrome-pdf","meta":{"rootId":"i2plh5djdpa1lx5","id":"i2plh5djdpa1lx5"},"id":"ddhwy8jk7qlpfzl","previousOperationId":"2bttn5duyrgghwn"}
{"type":"log","timestamp":1705344580512,"level":"debug","message":"Converting with chrome HeadlessChrome/117.0.5938.149 using chrome-pool strategy","meta":{"rootId":"i2plh5djdpa1lx5","id":"i2plh5djdpa1lx5"},"id":"zwk8i11gwg1qyo3","previousOperationId":"2bttn5duyrgghwn"}
{"type":"log","timestamp":1705344580646,"level":"debug","message":"Page request: GET (document) file:///C:/Users/arida/AppData/Local/Temp/jsreport/autocleanup/103cd2ad-41a3-4671-9562-a422bab53412-chrome-pdf.html","meta":{"rootId":"i2plh5djdpa1lx5","id":"i2plh5djdpa1lx5"},"id":"vtv4pj2dikwukxf","previousOperationId":"2bttn5duyrgghwn"}
{"type":"log","timestamp":1705344580657,"level":"debug","message":"Page request: GET (script) https://cdnjs.cloudflare.com/ajax/libs/Chart.js/2.7.2/Chart.min.js","meta":{"rootId":"i2plh5djdpa1lx5","id":"i2plh5djdpa1lx5"},"id":"t2f8p0k9dc8qkwz","previousOperationId":"2bttn5duyrgghwn"}
{"type":"log","timestamp":1705344580658,"level":"debug","message":"Page request finished: GET (document) 200 file:///C:/Users/arida/AppData/Local/Temp/jsreport/autocleanup/103cd2ad-41a3-4671-9562-a422bab53412-chrome-pdf.html","meta":{"rootId":"i2plh5djdpa1lx5","id":"i2plh5djdpa1lx5"},"id":"lux1nye6lc8jbn4","previousOperationId":"2bttn5duyrgghwn"}
{"type":"log","timestamp":1705344580675,"level":"debug","message":"Page request finished: GET (script) 200 https://cdnjs.cloudflare.com/ajax/libs/Chart.js/2.7.2/Chart.min.js","meta":{"rootId":"i2plh5djdpa1lx5","id":"i2plh5djdpa1lx5"},"id":"oaddmvxmaraqxwm","previousOperationId":"2bttn5duyrgghwn"}
{"type":"log","timestamp":1705344580717,"level":"debug","message":"Running chrome with params {\"printBackground\":true,\"marginTop\":\"4cm\",\"marginRight\":\"1.5cm\",\"marginBottom\":\"1.5cm\",\"marginLeft\":\"1.5cm\",\"waitForJS\":false,\"timeout\":59946,\"margin\":{\"top\":\"4cm\",\"right\":\"1.5cm\",\"bottom\":\"1.5cm\",\"left\":\"1.5cm\"}}","meta":{"rootId":"i2plh5djdpa1lx5","id":"i2plh5djdpa1lx5"},"id":"pu5jiekb1ssey3c","previousOperationId":"2bttn5duyrgghwn"}
{"type":"operationEnd","operationId":"2bttn5duyrgghwn","timestamp":1705344580775,"id":"bwm9vrwu5qfys8l","previousEventId":"uqlxzq1tplgrk78","previousOperationId":"2bttn5duyrgghwn"}
{"type":"log","timestamp":1705344580775,"level":"info","message":"pdf-utils is starting pdf processing","meta":{"rootId":"i2plh5djdpa1lx5","id":"i2plh5djdpa1lx5"},"id":"jrkms6vn2q0uia2","previousOperationId":"2bttn5duyrgghwn"}
{"type":"operationStart","subtype":"pdfUtils","name":"pdf utils","timestamp":1705344580775,"id":"ro8wtnx12ry1xqg","previousEventId":"bwm9vrwu5qfys8l","operationId":"dw7xf7piehtt741","previousOperationId":"2bttn5duyrgghwn"}
{"type":"log","timestamp":1705344580775,"level":"debug","message":"pdf-utils detected 1 pdf operation(s) to process","meta":{"rootId":"i2plh5djdpa1lx5","id":"i2plh5djdpa1lx5"},"id":"su4qmnci6gt3joz","previousOperationId":"dw7xf7piehtt741"}
{"type":"log","timestamp":1705344580785,"level":"debug","message":"pdf-utils running pdf operation merge","meta":{"rootId":"i2plh5djdpa1lx5","id":"i2plh5djdpa1lx5"},"id":"flue9vsavg4gusx","previousOperationId":"dw7xf7piehtt741"}
{"type":"operationStart","subtype":"pdfUtilsMerge","name":"pdf utils merge","previousOperationId":"dw7xf7piehtt741","timestamp":1705344580785,"id":"jgnwud7nwqses47","previousEventId":"ro8wtnx12ry1xqg","operationId":"m2k2u0hxe6huo68"}
{"type":"operationStart","subtype":"render","name":"locations-header","previousOperationId":"m2k2u0hxe6huo68","timestamp":1705344580786,"id":"62861dukuol5ev9","previousEventId":"jgnwud7nwqses47","operationId":"9lqy6m1z9e8rr6a"}
{"type":"log","timestamp":1705344580786,"level":"info","message":"Starting rendering (child) request","meta":{"rootId":"i2plh5djdpa1lx5","id":"vyc3ruo8rehtu7z"},"id":"lkwppujg19qom59","previousOperationId":"9lqy6m1z9e8rr6a"}
{"type":"log","timestamp":1705344580786,"level":"info","message":"Rendering template { name: locations-header, recipe: chrome-pdf, engine: handlebars, preview: false }","meta":{"rootId":"i2plh5djdpa1lx5","id":"vyc3ruo8rehtu7z"},"id":"trmftgwe4h2jpdl","previousOperationId":"9lqy6m1z9e8rr6a"}
{"type":"log","timestamp":1705344580787,"level":"debug","message":"Inline data specified.","meta":{"rootId":"i2plh5djdpa1lx5","id":"vyc3ruo8rehtu7z"},"id":"pihtgsh8eb9zkcd","previousOperationId":"9lqy6m1z9e8rr6a"}
{"type":"log","timestamp":1705344580789,"level":"debug","message":"Base url not specified, skipping its injection.","meta":{"rootId":"i2plh5djdpa1lx5","id":"vyc3ruo8rehtu7z"},"id":"4d8kg7yua1m6ndg","previousOperationId":"9lqy6m1z9e8rr6a"}
{"type":"operationStart","subtype":"engine","name":"handlebars","timestamp":1705344580790,"id":"p5w08b8bfois4sp","previousEventId":"62861dukuol5ev9","operationId":"ktfl36mh77cpiah","previousOperationId":"9lqy6m1z9e8rr6a"}
{"type":"log","timestamp":1705344580790,"level":"debug","message":"Rendering engine handlebars","meta":{"rootId":"i2plh5djdpa1lx5","id":"vyc3ruo8rehtu7z"},"id":"tnvwtbejslkgj9a","previousOperationId":"ktfl36mh77cpiah"}
{"type":"operationEnd","operationId":"ktfl36mh77cpiah","timestamp":1705344580804,"id":"b1kyvlr33z29mjd","previousEventId":"p5w08b8bfois4sp","previousOperationId":"ktfl36mh77cpiah"}
{"type":"operationStart","subtype":"recipe","name":"chrome-pdf","timestamp":1705344580804,"id":"gh7yubb6o6ouvpu","previousEventId":"b1kyvlr33z29mjd","operationId":"3v26gaxewuwplba","previousOperationId":"ktfl36mh77cpiah"}
{"type":"log","timestamp":1705344580804,"level":"debug","message":"Executing recipe chrome-pdf","meta":{"rootId":"i2plh5djdpa1lx5","id":"vyc3ruo8rehtu7z"},"id":"k9i781vmji2qmig","previousOperationId":"3v26gaxewuwplba"}
{"type":"log","timestamp":1705344580806,"level":"debug","message":"Converting with chrome HeadlessChrome/117.0.5938.149 using chrome-pool strategy","meta":{"rootId":"i2plh5djdpa1lx5","id":"vyc3ruo8rehtu7z"},"id":"tejjphhzvmegqs6","previousOperationId":"3v26gaxewuwplba"}
{"type":"log","timestamp":1705344580923,"level":"debug","message":"Page request: GET (document) file:///C:/Users/arida/AppData/Local/Temp/jsreport/autocleanup/8ad65719-b55b-48de-86e1-017bb61440cb-chrome-pdf.html","meta":{"rootId":"i2plh5djdpa1lx5","id":"vyc3ruo8rehtu7z"},"id":"pvcxhmfl6e53p97","previousOperationId":"3v26gaxewuwplba"}
{"type":"log","timestamp":1705344580934,"level":"debug","message":"Page request: GET (stylesheet) https://cdnjs.cloudflare.com/ajax/libs/metro/4.1.5/css/metro.min.css","meta":{"rootId":"i2plh5djdpa1lx5","id":"vyc3ruo8rehtu7z"},"id":"kshhjleysgv7rzj","previousOperationId":"3v26gaxewuwplba"}
{"type":"log","timestamp":1705344580935,"level":"debug","message":"Page request finished: GET (document) 200 file:///C:/Users/arida/AppData/Local/Temp/jsreport/autocleanup/8ad65719-b55b-48de-86e1-017bb61440cb-chrome-pdf.html","meta":{"rootId":"i2plh5djdpa1lx5","id":"vyc3ruo8rehtu7z"},"id":"7v3w79uoez0a6qr","previousOperationId":"3v26gaxewuwplba"}
{"type":"log","timestamp":1705344580962,"level":"debug","message":"Page request finished: GET (stylesheet) 200 https://cdnjs.cloudflare.com/ajax/libs/metro/4.1.5/css/metro.min.css","meta":{"rootId":"i2plh5djdpa1lx5","id":"vyc3ruo8rehtu7z"},"id":"9g6y72858nj5u7d","previousOperationId":"3v26gaxewuwplba"}
{"type":"log","timestamp":1705344580980,"level":"debug","message":"Running chrome with params {\"printBackground\":true,\"marginTop\":\"1.5cm\",\"marginRight\":\"1.5cm\",\"marginLeft\":\"1.cm\",\"timeout\":59652,\"margin\":{\"top\":\"1.5cm\",\"right\":\"1.5cm\",\"left\":\"1.cm\"}}","meta":{"rootId":"i2plh5djdpa1lx5","id":"vyc3ruo8rehtu7z"},"id":"l8e8gwcn53bpgc1","previousOperationId":"3v26gaxewuwplba"}
{"type":"operationEnd","operationId":"3v26gaxewuwplba","timestamp":1705344581013,"id":"xzf042iya2amvk9","previousEventId":"gh7yubb6o6ouvpu","previousOperationId":"3v26gaxewuwplba"}
{"type":"log","timestamp":1705344581013,"level":"debug","message":"Skipping storing report.","meta":{"rootId":"i2plh5djdpa1lx5","id":"vyc3ruo8rehtu7z"},"id":"otfv3cbu5pt4a9i","previousOperationId":"3v26gaxewuwplba"}
{"type":"log","timestamp":1705344581013,"level":"info","message":"Rendering (child) request finished in 556 ms","meta":{"rootId":"i2plh5djdpa1lx5","id":"vyc3ruo8rehtu7z"},"id":"2kedccv8n04xps5","previousOperationId":"3v26gaxewuwplba"}
{"type":"operationEnd","subtype":"render","operationId":"9lqy6m1z9e8rr6a","timestamp":1705344581013,"id":"5s5j9627av37es0","previousEventId":"xzf042iya2amvk9","previousOperationId":"3v26gaxewuwplba"}
{"type":"operationEnd","operationId":"m2k2u0hxe6huo68","timestamp":1705344581022,"id":"zbxb2u431roo3rq","previousEventId":"jgnwud7nwqses47","previousOperationId":"m2k2u0hxe6huo68"}
{"type":"log","timestamp":1705344581022,"level":"debug","message":"pdf-utils postproces start","meta":{"rootId":"i2plh5djdpa1lx5","id":"i2plh5djdpa1lx5"},"id":"j3whfkygoubqjbb","previousOperationId":"m2k2u0hxe6huo68"}
{"type":"log","timestamp":1705344581029,"level":"debug","message":"pdf-utils postproces end","meta":{"rootId":"i2plh5djdpa1lx5","id":"i2plh5djdpa1lx5"},"id":"ey59thw0cdfvunb","previousOperationId":"m2k2u0hxe6huo68"}
{"type":"operationEnd","operationId":"dw7xf7piehtt741","timestamp":1705344581029,"id":"ku0je5r9k2nl4ge","previousEventId":"zbxb2u431roo3rq","previousOperationId":"m2k2u0hxe6huo68"}
{"type":"log","timestamp":1705344581029,"level":"info","message":"pdf-utils pdf processing was finished","meta":{"rootId":"i2plh5djdpa1lx5","id":"i2plh5djdpa1lx5"},"id":"1xjtzoib8i0mza0","previousOperationId":"dw7xf7piehtt741"}
{"type":"log","timestamp":1705344581029,"level":"debug","message":"Skipping storing report.","meta":{"rootId":"i2plh5djdpa1lx5","id":"i2plh5djdpa1lx5"},"id":"5j47zmqp4x4831t","previousOperationId":"dw7xf7piehtt741"}
{"type":"log","timestamp":1705344581029,"level":"info","message":"Rendering request 50 finished in 572 ms","meta":{"rootId":"i2plh5djdpa1lx5","id":"i2plh5djdpa1lx5"},"id":"5hbl29rbzhvroks","previousOperationId":"dw7xf7piehtt741"}
{"type":"operationEnd","subtype":"render","operationId":"ow4ydi6b3szvb0r","timestamp":1705344581029,"id":"yphdaqjo0g1af2c","previousEventId":"ku0je5r9k2nl4ge","previousOperationId":"dw7xf7piehtt741"}
{"type":"operationEnd","doDiffs":false,"previousEventId":"y667148mmbixlc1","previousOperationId":"q2okdctis37bucx","operationId":"q2okdctis37bucx","timestamp":1705344581036,"id":"4rz1rwso8w5luyr"}
