{"type":"operationStart","subtype":"profile","data":{"_id":"N9C9JrjjS2dlFc6w","timestamp":"2024-01-15T15:37:26.288Z","state":"queued","mode":"standard","creationDate":"2024-01-15T15:37:26.292Z","modificationDate":"2024-01-15T15:37:26.292Z","shortid":"m9VQH1u","$entitySet":"profiles"},"doDiffs":false,"timestamp":1705333046290,"id":"4dj7pxk5f49lvd5","previousOperationId":null,"operationId":"0b341gljthc974t"}
{"type":"log","level":"info","message":"Render request 2 queued for execution and waiting for available worker","previousOperationId":"0b341gljthc974t","timestamp":1705333046290,"id":"ub9yxxe851ln4xk"}
{"type":"operationStart","subtype":"render","name":"locations-main","previousOperationId":"0b341gljthc974t","timestamp":1705333046299,"id":"v0vrtr8sk1a622o","previousEventId":"4dj7pxk5f49lvd5","operationId":"xvv5453ft0rq535"}
{"type":"log","timestamp":1705333046301,"level":"info","message":"Starting rendering request 2","meta":{"rootId":"ij9l222ngx3n1b0","id":"ij9l222ngx3n1b0"},"id":"jfsvt4po96bmw40","previousOperationId":"xvv5453ft0rq535"}
{"type":"log","timestamp":1705333046304,"level":"info","message":"Rendering template { name: locations-main, recipe: chrome-pdf, engine: handlebars, preview: false }","meta":{"rootId":"ij9l222ngx3n1b0","id":"ij9l222ngx3n1b0"},"id":"egrw4xrevzrzpcy","previousOperationId":"xvv5453ft0rq535"}
{"type":"log","timestamp":1705333046311,"level":"debug","message":"Data item not defined for this template.","meta":{"rootId":"ij9l222ngx3n1b0","id":"ij9l222ngx3n1b0"},"id":"pd89ap7sna1349b","previousOperationId":"xvv5453ft0rq535"}
{"type":"log","timestamp":1705333046318,"level":"debug","message":"Executing script locations-script (beforeRender)","meta":{"rootId":"ij9l222ngx3n1b0","id":"ij9l222ngx3n1b0"},"id":"lzxc9vugmvgxo7b","previousOperationId":"xvv5453ft0rq535"}
{"type":"operationStart","subtype":"scriptsBeforeRender","name":"scripts beforeRender","timestamp":1705333046656,"id":"900nl6ljd740jl6","previousEventId":"v0vrtr8sk1a622o","operationId":"7t68njj9q6by3d3","previousOperationId":"xvv5453ft0rq535"}
{"type":"operationStart","subtype":"script","name":"scripts locations-script","previousOperationId":"7t68njj9q6by3d3","timestamp":1705333046656,"id":"c05nlya6ysfc5ut","previousEventId":"900nl6ljd740jl6","operationId":"49okhod3znkx66s"}
{"type":"operationEnd","operationId":"49okhod3znkx66s","timestamp":1705333046692,"id":"xlsbehvmg8ykom3","previousEventId":"v0vrtr8sk1a622o","previousOperationId":"xvv5453ft0rq535"}
{"type":"operationEnd","operationId":"7t68njj9q6by3d3","timestamp":1705333046692,"id":"ho2u5yj5q8pc95k","previousEventId":"xlsbehvmg8ykom3","previousOperationId":"xvv5453ft0rq535"}
{"type":"log","timestamp":1705333046693,"level":"debug","message":"Base url not specified, skipping its injection.","meta":{"rootId":"ij9l222ngx3n1b0","id":"ij9l222ngx3n1b0"},"id":"wluvynx2czvh7ji","previousOperationId":"7t68njj9q6by3d3"}
{"type":"operationStart","subtype":"engine","name":"handlebars","timestamp":1705333046693,"id":"vsba0cmfaqamiac","previousEventId":"ho2u5yj5q8pc95k","operationId":"t1igsgi5i58wy78","previousOperationId":"7t68njj9q6by3d3"}
{"type":"log","timestamp":1705333046694,"level":"debug","message":"Rendering engine handlebars","meta":{"rootId":"ij9l222ngx3n1b0","id":"ij9l222ngx3n1b0"},"id":"vekkxt38ujyopx3","previousOperationId":"t1igsgi5i58wy78"}
{"type":"operationEnd","operationId":"t1igsgi5i58wy78","timestamp":1705333047071,"id":"yonx1ylx5abrc5v","previousEventId":"vsba0cmfaqamiac","previousOperationId":"t1igsgi5i58wy78"}
{"type":"operationStart","subtype":"recipe","name":"chrome-pdf","timestamp":1705333047072,"id":"gtm8wsy8192005q","previousEventId":"yonx1ylx5abrc5v","operationId":"vii1p6n82qw56q7","previousOperationId":"t1igsgi5i58wy78"}
{"type":"log","timestamp":1705333047072,"level":"debug","message":"Executing recipe chrome-pdf","meta":{"rootId":"ij9l222ngx3n1b0","id":"ij9l222ngx3n1b0"},"id":"dy79wpcxk0busrl","previousOperationId":"vii1p6n82qw56q7"}
{"type":"log","timestamp":1705333047828,"level":"debug","message":"Converting with chrome HeadlessChrome/117.0.5938.149 using chrome-pool strategy","meta":{"rootId":"ij9l222ngx3n1b0","id":"ij9l222ngx3n1b0"},"id":"f65hapminqx71gp","previousOperationId":"vii1p6n82qw56q7"}
{"type":"log","timestamp":1705333048074,"level":"debug","message":"Page request: GET (document) file:///C:/Users/arida/AppData/Local/Temp/jsreport/autocleanup/7469c685-6244-4c14-bd60-9c2151a78602-chrome-pdf.html","meta":{"rootId":"ij9l222ngx3n1b0","id":"ij9l222ngx3n1b0"},"id":"rtdo61jgo6g4ik0","previousOperationId":"vii1p6n82qw56q7"}
{"type":"log","timestamp":1705333048088,"level":"debug","message":"Page request: GET (script) https://cdn.jsdelivr.net/npm/chart.js","meta":{"rootId":"ij9l222ngx3n1b0","id":"ij9l222ngx3n1b0"},"id":"me2i3ama3np8x8t","previousOperationId":"vii1p6n82qw56q7"}
{"type":"log","timestamp":1705333048088,"level":"debug","message":"Page request finished: GET (document) 200 file:///C:/Users/arida/AppData/Local/Temp/jsreport/autocleanup/7469c685-6244-4c14-bd60-9c2151a78602-chrome-pdf.html","meta":{"rootId":"ij9l222ngx3n1b0","id":"ij9l222ngx3n1b0"},"id":"n4y45gthpz2jb8m","previousOperationId":"vii1p6n82qw56q7"}
{"type":"log","timestamp":1705333048406,"level":"debug","message":"Page request finished: GET (script) 200 https://cdn.jsdelivr.net/npm/chart.js","meta":{"rootId":"ij9l222ngx3n1b0","id":"ij9l222ngx3n1b0"},"id":"mvi28nqkg9387rb","previousOperationId":"vii1p6n82qw56q7"}
{"type":"log","timestamp":1705333048416,"level":"warn","message":"Page error: numEventos is not defined , stack: ReferenceError: numEventos is not defined\n    at <anonymous> (file:///C:/Users/arida/AppData/Local/Temp/jsreport/autocleanup/7469c685-6244-4c14-bd60-9c2151a78602-chrome-pdf.html:38:22)","meta":{"rootId":"ij9l222ngx3n1b0","id":"ij9l222ngx3n1b0"},"id":"oy246e5ypfxyi9j","previousOperationId":"vii1p6n82qw56q7"}
{"type":"log","timestamp":1705333048417,"level":"warn","message":"Page error: numEventos is not defined , stack: ReferenceError: numEventos is not defined\n    at <anonymous> (file:///C:/Users/arida/AppData/Local/Temp/jsreport/autocleanup/7469c685-6244-4c14-bd60-9c2151a78602-chrome-pdf.html:83:22)","meta":{"rootId":"ij9l222ngx3n1b0","id":"ij9l222ngx3n1b0"},"id":"xw964vek06yv57v","previousOperationId":"vii1p6n82qw56q7"}
{"type":"log","timestamp":1705333048432,"level":"debug","message":"Running chrome with params {\"printBackground\":true,\"marginTop\":\"4cm\",\"marginRight\":\"1.5cm\",\"marginBottom\":\"1.5cm\",\"marginLeft\":\"1.5cm\",\"waitForJS\":false,\"timeout\":58690,\"margin\":{\"top\":\"4cm\",\"right\":\"1.5cm\",\"bottom\":\"1.5cm\",\"left\":\"1.5cm\"}}","meta":{"rootId":"ij9l222ngx3n1b0","id":"ij9l222ngx3n1b0"},"id":"j6ygakkbatr5w9c","previousOperationId":"vii1p6n82qw56q7"}
{"type":"operationEnd","operationId":"vii1p6n82qw56q7","timestamp":1705333048474,"id":"ab4muudane38v6h","previousEventId":"gtm8wsy8192005q","previousOperationId":"vii1p6n82qw56q7"}
{"type":"log","timestamp":1705333048475,"level":"info","message":"pdf-utils is starting pdf processing","meta":{"rootId":"ij9l222ngx3n1b0","id":"ij9l222ngx3n1b0"},"id":"rzocu5saxsqh1ei","previousOperationId":"vii1p6n82qw56q7"}
{"type":"operationStart","subtype":"pdfUtils","name":"pdf utils","timestamp":1705333048732,"id":"2ftetie0n649zhb","previousEventId":"ab4muudane38v6h","operationId":"1b3gp1sa2ksr6a6","previousOperationId":"vii1p6n82qw56q7"}
{"type":"log","timestamp":1705333048732,"level":"debug","message":"pdf-utils detected 1 pdf operation(s) to process","meta":{"rootId":"ij9l222ngx3n1b0","id":"ij9l222ngx3n1b0"},"id":"zhi27nfslmrnuv4","previousOperationId":"1b3gp1sa2ksr6a6"}
{"type":"log","timestamp":1705333048972,"level":"debug","message":"pdf-utils running pdf operation merge","meta":{"rootId":"ij9l222ngx3n1b0","id":"ij9l222ngx3n1b0"},"id":"evhgw322l67wnu1","previousOperationId":"1b3gp1sa2ksr6a6"}
{"type":"operationStart","subtype":"pdfUtilsMerge","name":"pdf utils merge","previousOperationId":"1b3gp1sa2ksr6a6","timestamp":1705333048973,"id":"fiig38d8l4n1oe2","previousEventId":"2ftetie0n649zhb","operationId":"3ez7w1h8lwg8qx2"}
{"type":"operationStart","subtype":"render","name":"locations-header","previousOperationId":"3ez7w1h8lwg8qx2","timestamp":1705333048974,"id":"9ev0n39g275hfc7","previousEventId":"fiig38d8l4n1oe2","operationId":"f2mmr5a06xtoq04"}
{"type":"log","timestamp":1705333048974,"level":"info","message":"Starting rendering (child) request","meta":{"rootId":"ij9l222ngx3n1b0","id":"qz1hng8il7febvz"},"id":"2ae43ysaom9sdsz","previousOperationId":"f2mmr5a06xtoq04"}
{"type":"log","timestamp":1705333048974,"level":"info","message":"Rendering template { name: locations-header, recipe: chrome-pdf, engine: handlebars, preview: false }","meta":{"rootId":"ij9l222ngx3n1b0","id":"qz1hng8il7febvz"},"id":"png3m6szd1c3qo2","previousOperationId":"f2mmr5a06xtoq04"}
{"type":"log","timestamp":1705333048978,"level":"debug","message":"Inline data specified.","meta":{"rootId":"ij9l222ngx3n1b0","id":"qz1hng8il7febvz"},"id":"k2dnme98jhwlxbl","previousOperationId":"f2mmr5a06xtoq04"}
{"type":"log","timestamp":1705333048980,"level":"debug","message":"Base url not specified, skipping its injection.","meta":{"rootId":"ij9l222ngx3n1b0","id":"qz1hng8il7febvz"},"id":"34g1116cq2ckwoy","previousOperationId":"f2mmr5a06xtoq04"}
{"type":"operationStart","subtype":"engine","name":"handlebars","timestamp":1705333048980,"id":"uddqz9sv0d4px0u","previousEventId":"9ev0n39g275hfc7","operationId":"dxrt6f9jm5vfesj","previousOperationId":"f2mmr5a06xtoq04"}
{"type":"log","timestamp":1705333048980,"level":"debug","message":"Rendering engine handlebars","meta":{"rootId":"ij9l222ngx3n1b0","id":"qz1hng8il7febvz"},"id":"exyzq4fwuhnl5ot","previousOperationId":"dxrt6f9jm5vfesj"}
{"type":"operationEnd","operationId":"dxrt6f9jm5vfesj","timestamp":1705333049004,"id":"iahiijrxvm95i8u","previousEventId":"uddqz9sv0d4px0u","previousOperationId":"dxrt6f9jm5vfesj"}
{"type":"operationStart","subtype":"recipe","name":"chrome-pdf","timestamp":1705333049004,"id":"7vbz67pye2naqkm","previousEventId":"iahiijrxvm95i8u","operationId":"753ajm2r775tc37","previousOperationId":"dxrt6f9jm5vfesj"}
{"type":"log","timestamp":1705333049004,"level":"debug","message":"Executing recipe chrome-pdf","meta":{"rootId":"ij9l222ngx3n1b0","id":"qz1hng8il7febvz"},"id":"ig3879c7azw8hhy","previousOperationId":"753ajm2r775tc37"}
{"type":"log","timestamp":1705333049007,"level":"debug","message":"Converting with chrome HeadlessChrome/117.0.5938.149 using chrome-pool strategy","meta":{"rootId":"ij9l222ngx3n1b0","id":"qz1hng8il7febvz"},"id":"shitgmbt85i86mq","previousOperationId":"753ajm2r775tc37"}
{"type":"log","timestamp":1705333049121,"level":"debug","message":"Page request: GET (document) file:///C:/Users/arida/AppData/Local/Temp/jsreport/autocleanup/d7633c1e-d8e7-43fd-beb2-5386adc72f88-chrome-pdf.html","meta":{"rootId":"ij9l222ngx3n1b0","id":"qz1hng8il7febvz"},"id":"9jmggt0wygobj4x","previousOperationId":"753ajm2r775tc37"}
{"type":"log","timestamp":1705333049132,"level":"debug","message":"Page request: GET (stylesheet) https://cdnjs.cloudflare.com/ajax/libs/metro/4.1.5/css/metro.min.css","meta":{"rootId":"ij9l222ngx3n1b0","id":"qz1hng8il7febvz"},"id":"1dm7whczjg11bz4","previousOperationId":"753ajm2r775tc37"}
{"type":"log","timestamp":1705333049132,"level":"debug","message":"Page request finished: GET (document) 200 file:///C:/Users/arida/AppData/Local/Temp/jsreport/autocleanup/d7633c1e-d8e7-43fd-beb2-5386adc72f88-chrome-pdf.html","meta":{"rootId":"ij9l222ngx3n1b0","id":"qz1hng8il7febvz"},"id":"kfp8lu3nkz6y7s2","previousOperationId":"753ajm2r775tc37"}
{"type":"log","timestamp":1705333049340,"level":"debug","message":"Page request finished: GET (stylesheet) 200 https://cdnjs.cloudflare.com/ajax/libs/metro/4.1.5/css/metro.min.css","meta":{"rootId":"ij9l222ngx3n1b0","id":"qz1hng8il7febvz"},"id":"5v65dkfqh2hpyoy","previousOperationId":"753ajm2r775tc37"}
{"type":"log","timestamp":1705333049362,"level":"debug","message":"Running chrome with params {\"printBackground\":true,\"marginTop\":\"1.5cm\",\"marginRight\":\"1.5cm\",\"marginLeft\":\"1.cm\",\"timeout\":57281,\"margin\":{\"top\":\"1.5cm\",\"right\":\"1.5cm\",\"left\":\"1.cm\"}}","meta":{"rootId":"ij9l222ngx3n1b0","id":"qz1hng8il7febvz"},"id":"6llsxr2oj8ayk5e","previousOperationId":"753ajm2r775tc37"}
{"type":"operationEnd","operationId":"753ajm2r775tc37","timestamp":1705333049400,"id":"myd5rsg7tb5icci","previousEventId":"7vbz67pye2naqkm","previousOperationId":"753ajm2r775tc37"}
{"type":"log","timestamp":1705333049401,"level":"debug","message":"Skipping storing report.","meta":{"rootId":"ij9l222ngx3n1b0","id":"qz1hng8il7febvz"},"id":"2rye1j9z01x7tkk","previousOperationId":"753ajm2r775tc37"}
{"type":"log","timestamp":1705333049401,"level":"info","message":"Rendering (child) request finished in 3114 ms","meta":{"rootId":"ij9l222ngx3n1b0","id":"qz1hng8il7febvz"},"id":"isi90svzf5bx4sg","previousOperationId":"753ajm2r775tc37"}
{"type":"operationEnd","subtype":"render","operationId":"f2mmr5a06xtoq04","timestamp":1705333049401,"id":"w2ddpls4cth4qwx","previousEventId":"myd5rsg7tb5icci","previousOperationId":"753ajm2r775tc37"}
{"type":"operationEnd","operationId":"3ez7w1h8lwg8qx2","timestamp":1705333049424,"id":"xsl8yr5gyup84lv","previousEventId":"fiig38d8l4n1oe2","previousOperationId":"3ez7w1h8lwg8qx2"}
{"type":"log","timestamp":1705333049424,"level":"debug","message":"pdf-utils postproces start","meta":{"rootId":"ij9l222ngx3n1b0","id":"ij9l222ngx3n1b0"},"id":"1ijekpn8elu1xwp","previousOperationId":"3ez7w1h8lwg8qx2"}
{"type":"log","timestamp":1705333049436,"level":"debug","message":"pdf-utils postproces end","meta":{"rootId":"ij9l222ngx3n1b0","id":"ij9l222ngx3n1b0"},"id":"tlm98k345c0536r","previousOperationId":"3ez7w1h8lwg8qx2"}
{"type":"operationEnd","operationId":"1b3gp1sa2ksr6a6","timestamp":1705333049436,"id":"cgfhnr27oejrjnf","previousEventId":"xsl8yr5gyup84lv","previousOperationId":"3ez7w1h8lwg8qx2"}
{"type":"log","timestamp":1705333049436,"level":"info","message":"pdf-utils pdf processing was finished","meta":{"rootId":"ij9l222ngx3n1b0","id":"ij9l222ngx3n1b0"},"id":"mjkyde0uc6i5rhh","previousOperationId":"1b3gp1sa2ksr6a6"}
{"type":"log","timestamp":1705333049436,"level":"debug","message":"Skipping storing report.","meta":{"rootId":"ij9l222ngx3n1b0","id":"ij9l222ngx3n1b0"},"id":"19vgukalppj8dw7","previousOperationId":"1b3gp1sa2ksr6a6"}
{"type":"log","timestamp":1705333049436,"level":"info","message":"Rendering request 2 finished in 3149 ms","meta":{"rootId":"ij9l222ngx3n1b0","id":"ij9l222ngx3n1b0"},"id":"9bgwmnrnsavkv6r","previousOperationId":"1b3gp1sa2ksr6a6"}
{"type":"operationEnd","subtype":"render","operationId":"xvv5453ft0rq535","timestamp":1705333049436,"id":"vedfwv52405t5j7","previousEventId":"cgfhnr27oejrjnf","previousOperationId":"1b3gp1sa2ksr6a6"}
{"type":"operationEnd","doDiffs":false,"previousEventId":"4dj7pxk5f49lvd5","previousOperationId":"0b341gljthc974t","operationId":"0b341gljthc974t","timestamp":1705333049442,"id":"907pxqh5jsyujsn"}
