{"type":"operationStart","subtype":"profile","data":{"_id":"qZmaJ2vPovhDORdp","timestamp":"2024-01-15T18:30:20.369Z","state":"queued","mode":"standard","creationDate":"2024-01-15T18:30:20.371Z","modificationDate":"2024-01-15T18:30:20.371Z","shortid":"64NLKog","$entitySet":"profiles"},"doDiffs":false,"timestamp":1705343420370,"id":"7hb80x7hln2tlwn","previousOperationId":null,"operationId":"8ymjmdrte27gc9o"}
{"type":"log","level":"info","message":"Render request 43 queued for execution and waiting for available worker","previousOperationId":"8ymjmdrte27gc9o","timestamp":1705343420370,"id":"nl0y1c6rya6iqne"}
{"type":"operationStart","subtype":"render","name":"locations-main","previousOperationId":"8ymjmdrte27gc9o","timestamp":1705343420383,"id":"z4ti6lc7gjebzu8","previousEventId":"7hb80x7hln2tlwn","operationId":"dkrlplcyofwcrfe"}
{"type":"log","timestamp":1705343420383,"level":"info","message":"Starting rendering request 43","meta":{"rootId":"j0elyjtk3vwces7","id":"j0elyjtk3vwces7"},"id":"zz84bg267evme2l","previousOperationId":"dkrlplcyofwcrfe"}
{"type":"log","timestamp":1705343420384,"level":"info","message":"Rendering template { name: locations-main, recipe: chrome-pdf, engine: handlebars, preview: true }","meta":{"rootId":"j0elyjtk3vwces7","id":"j0elyjtk3vwces7"},"id":"6u555zenw1l0vbl","previousOperationId":"dkrlplcyofwcrfe"}
{"type":"log","timestamp":1705343420385,"level":"debug","message":"Data item not defined for this template.","meta":{"rootId":"j0elyjtk3vwces7","id":"j0elyjtk3vwces7"},"id":"9584fldj5o66hb7","previousOperationId":"dkrlplcyofwcrfe"}
{"type":"log","timestamp":1705343420389,"level":"debug","message":"Executing script locations-script (beforeRender)","meta":{"rootId":"j0elyjtk3vwces7","id":"j0elyjtk3vwces7"},"id":"p58ujzrpflhp5i6","previousOperationId":"dkrlplcyofwcrfe"}
{"type":"operationStart","subtype":"scriptsBeforeRender","name":"scripts beforeRender","timestamp":1705343420398,"id":"uj7vygm8khf5k2p","previousEventId":"z4ti6lc7gjebzu8","operationId":"msf0wkv5zqkj8bp","previousOperationId":"dkrlplcyofwcrfe"}
{"type":"operationStart","subtype":"script","name":"scripts locations-script","previousOperationId":"msf0wkv5zqkj8bp","timestamp":1705343420398,"id":"qu8966cjuoakz2v","previousEventId":"uj7vygm8khf5k2p","operationId":"f5ue134dy2ztt8d"}
{"type":"operationEnd","operationId":"f5ue134dy2ztt8d","timestamp":1705343420413,"id":"qdzqy8psv8b3yn8","previousEventId":"z4ti6lc7gjebzu8","previousOperationId":"dkrlplcyofwcrfe"}
{"type":"operationEnd","operationId":"msf0wkv5zqkj8bp","timestamp":1705343420413,"id":"cfol0iev2wvl3bv","previousEventId":"qdzqy8psv8b3yn8","previousOperationId":"dkrlplcyofwcrfe"}
{"type":"log","timestamp":1705343420413,"level":"debug","message":"Base url not specified, skipping its injection.","meta":{"rootId":"j0elyjtk3vwces7","id":"j0elyjtk3vwces7"},"id":"8yst0wp1lkkg8hn","previousOperationId":"msf0wkv5zqkj8bp"}
{"type":"operationStart","subtype":"engine","name":"handlebars","timestamp":1705343420413,"id":"rbvup7z9mplg0tw","previousEventId":"cfol0iev2wvl3bv","operationId":"wgqqz128r738pbo","previousOperationId":"msf0wkv5zqkj8bp"}
{"type":"log","timestamp":1705343420413,"level":"debug","message":"Rendering engine handlebars","meta":{"rootId":"j0elyjtk3vwces7","id":"j0elyjtk3vwces7"},"id":"fwqu3wptavok918","previousOperationId":"wgqqz128r738pbo"}
{"type":"operationEnd","operationId":"wgqqz128r738pbo","timestamp":1705343420427,"id":"kadzcmtuclygfcp","previousEventId":"rbvup7z9mplg0tw","previousOperationId":"wgqqz128r738pbo"}
{"type":"operationStart","subtype":"recipe","name":"chrome-pdf","timestamp":1705343420427,"id":"ylpm8twnh16zpn3","previousEventId":"kadzcmtuclygfcp","operationId":"vdti64wgjwifryg","previousOperationId":"wgqqz128r738pbo"}
{"type":"log","timestamp":1705343420428,"level":"debug","message":"Executing recipe chrome-pdf","meta":{"rootId":"j0elyjtk3vwces7","id":"j0elyjtk3vwces7"},"id":"ubt5dy8sp7gd3ua","previousOperationId":"vdti64wgjwifryg"}
{"type":"log","timestamp":1705343420431,"level":"debug","message":"Converting with chrome HeadlessChrome/117.0.5938.149 using chrome-pool strategy","meta":{"rootId":"j0elyjtk3vwces7","id":"j0elyjtk3vwces7"},"id":"7fge2ccxbt6u1sa","previousOperationId":"vdti64wgjwifryg"}
{"type":"log","timestamp":1705343420579,"level":"debug","message":"Page request: GET (document) file:///C:/Users/arida/AppData/Local/Temp/jsreport/autocleanup/49463ec9-4f82-4402-aaa4-b35551406d98-chrome-pdf.html","meta":{"rootId":"j0elyjtk3vwces7","id":"j0elyjtk3vwces7"},"id":"5umim9yoha1odzv","previousOperationId":"vdti64wgjwifryg"}
{"type":"log","timestamp":1705343420611,"level":"debug","message":"Page request: GET (script) https://cdnjs.cloudflare.com/ajax/libs/Chart.js/2.7.2/Chart.min.js","meta":{"rootId":"j0elyjtk3vwces7","id":"j0elyjtk3vwces7"},"id":"ifbn8ofs9nf9chf","previousOperationId":"vdti64wgjwifryg"}
{"type":"log","timestamp":1705343420612,"level":"debug","message":"Page request finished: GET (document) 200 file:///C:/Users/arida/AppData/Local/Temp/jsreport/autocleanup/49463ec9-4f82-4402-aaa4-b35551406d98-chrome-pdf.html","meta":{"rootId":"j0elyjtk3vwces7","id":"j0elyjtk3vwces7"},"id":"pa7uyk1x33io5u8","previousOperationId":"vdti64wgjwifryg"}
{"type":"log","timestamp":1705343420617,"level":"debug","message":"Page request finished: GET (script) 200 https://cdnjs.cloudflare.com/ajax/libs/Chart.js/2.7.2/Chart.min.js","meta":{"rootId":"j0elyjtk3vwces7","id":"j0elyjtk3vwces7"},"id":"zriuw62yotd06m4","previousOperationId":"vdti64wgjwifryg"}
{"type":"log","timestamp":1705343420625,"level":"warn","message":"Page error: Unexpected token ';' , stack: SyntaxError: Unexpected token ';'","meta":{"rootId":"j0elyjtk3vwces7","id":"j0elyjtk3vwces7"},"id":"qt3oubo2vnxjy1j","previousOperationId":"vdti64wgjwifryg"}
{"type":"log","timestamp":1705343420640,"level":"debug","message":"Running chrome with params {\"printBackground\":true,\"marginTop\":\"4cm\",\"marginRight\":\"1.5cm\",\"marginBottom\":\"1.5cm\",\"marginLeft\":\"1.5cm\",\"waitForJS\":false,\"timeout\":59939,\"margin\":{\"top\":\"4cm\",\"right\":\"1.5cm\",\"bottom\":\"1.5cm\",\"left\":\"1.5cm\"}}","meta":{"rootId":"j0elyjtk3vwces7","id":"j0elyjtk3vwces7"},"id":"i1bkeprwxbgl2a3","previousOperationId":"vdti64wgjwifryg"}
{"type":"operationEnd","operationId":"vdti64wgjwifryg","timestamp":1705343420682,"id":"wjisra8n94pklfd","previousEventId":"ylpm8twnh16zpn3","previousOperationId":"vdti64wgjwifryg"}
{"type":"log","timestamp":1705343420682,"level":"info","message":"pdf-utils is starting pdf processing","meta":{"rootId":"j0elyjtk3vwces7","id":"j0elyjtk3vwces7"},"id":"ueergx9s6coml78","previousOperationId":"vdti64wgjwifryg"}
{"type":"operationStart","subtype":"pdfUtils","name":"pdf utils","timestamp":1705343420682,"id":"rgzq2lw2hyilqey","previousEventId":"wjisra8n94pklfd","operationId":"y5lj2uvitlznym2","previousOperationId":"vdti64wgjwifryg"}
{"type":"log","timestamp":1705343420682,"level":"debug","message":"pdf-utils detected 1 pdf operation(s) to process","meta":{"rootId":"j0elyjtk3vwces7","id":"j0elyjtk3vwces7"},"id":"dlxjjutm50sxufp","previousOperationId":"y5lj2uvitlznym2"}
{"type":"log","timestamp":1705343420694,"level":"debug","message":"pdf-utils running pdf operation merge","meta":{"rootId":"j0elyjtk3vwces7","id":"j0elyjtk3vwces7"},"id":"85nfvhz7z08x4r6","previousOperationId":"y5lj2uvitlznym2"}
{"type":"operationStart","subtype":"pdfUtilsMerge","name":"pdf utils merge","previousOperationId":"y5lj2uvitlznym2","timestamp":1705343420695,"id":"qnsnuifukur8l8j","previousEventId":"rgzq2lw2hyilqey","operationId":"mxxg2875scb06xr"}
{"type":"operationStart","subtype":"render","name":"locations-header","previousOperationId":"mxxg2875scb06xr","timestamp":1705343420696,"id":"ibfbl2jckwgk3we","previousEventId":"qnsnuifukur8l8j","operationId":"21njwce3lu88p5f"}
{"type":"log","timestamp":1705343420696,"level":"info","message":"Starting rendering (child) request","meta":{"rootId":"j0elyjtk3vwces7","id":"014an4xqstqhmow"},"id":"p4ow1jafwo61nvj","previousOperationId":"21njwce3lu88p5f"}
{"type":"log","timestamp":1705343420696,"level":"info","message":"Rendering template { name: locations-header, recipe: chrome-pdf, engine: handlebars, preview: true }","meta":{"rootId":"j0elyjtk3vwces7","id":"014an4xqstqhmow"},"id":"i2w0dbwbyy5s4hl","previousOperationId":"21njwce3lu88p5f"}
{"type":"log","timestamp":1705343420696,"level":"debug","message":"Inline data specified.","meta":{"rootId":"j0elyjtk3vwces7","id":"014an4xqstqhmow"},"id":"yuhg7ud5hnakfgh","previousOperationId":"21njwce3lu88p5f"}
{"type":"log","timestamp":1705343420701,"level":"debug","message":"Base url not specified, skipping its injection.","meta":{"rootId":"j0elyjtk3vwces7","id":"014an4xqstqhmow"},"id":"t9tobhlqbd4uivi","previousOperationId":"21njwce3lu88p5f"}
{"type":"operationStart","subtype":"engine","name":"handlebars","timestamp":1705343420701,"id":"qlevg91s4jnji88","previousEventId":"ibfbl2jckwgk3we","operationId":"10aewsobl2rf5cc","previousOperationId":"21njwce3lu88p5f"}
{"type":"log","timestamp":1705343420701,"level":"debug","message":"Rendering engine handlebars","meta":{"rootId":"j0elyjtk3vwces7","id":"014an4xqstqhmow"},"id":"3h6ipnxl6ro4p8p","previousOperationId":"10aewsobl2rf5cc"}
{"type":"operationEnd","operationId":"10aewsobl2rf5cc","timestamp":1705343420722,"id":"c0z5js3r1umjllp","previousEventId":"qlevg91s4jnji88","previousOperationId":"10aewsobl2rf5cc"}
{"type":"operationStart","subtype":"recipe","name":"chrome-pdf","timestamp":1705343420722,"id":"kxib0312zg9h5xx","previousEventId":"c0z5js3r1umjllp","operationId":"gpqqaz4e9irsgoy","previousOperationId":"10aewsobl2rf5cc"}
{"type":"log","timestamp":1705343420722,"level":"debug","message":"Executing recipe chrome-pdf","meta":{"rootId":"j0elyjtk3vwces7","id":"014an4xqstqhmow"},"id":"bisnau2z0332gwv","previousOperationId":"gpqqaz4e9irsgoy"}
{"type":"log","timestamp":1705343420724,"level":"debug","message":"Converting with chrome HeadlessChrome/117.0.5938.149 using chrome-pool strategy","meta":{"rootId":"j0elyjtk3vwces7","id":"014an4xqstqhmow"},"id":"65xhl1f6ed84bw3","previousOperationId":"gpqqaz4e9irsgoy"}
{"type":"log","timestamp":1705343420874,"level":"debug","message":"Page request: GET (document) file:///C:/Users/arida/AppData/Local/Temp/jsreport/autocleanup/17c90ede-55ae-402d-b935-1e3b904ca9bf-chrome-pdf.html","meta":{"rootId":"j0elyjtk3vwces7","id":"014an4xqstqhmow"},"id":"jvpedcz45lissai","previousOperationId":"gpqqaz4e9irsgoy"}
{"type":"log","timestamp":1705343420887,"level":"debug","message":"Page request finished: GET (document) 200 file:///C:/Users/arida/AppData/Local/Temp/jsreport/autocleanup/17c90ede-55ae-402d-b935-1e3b904ca9bf-chrome-pdf.html","meta":{"rootId":"j0elyjtk3vwces7","id":"014an4xqstqhmow"},"id":"a55xjx6y4xccu6v","previousOperationId":"gpqqaz4e9irsgoy"}
{"type":"log","timestamp":1705343420887,"level":"debug","message":"Page request: GET (stylesheet) https://cdnjs.cloudflare.com/ajax/libs/metro/4.1.5/css/metro.min.css","meta":{"rootId":"j0elyjtk3vwces7","id":"014an4xqstqhmow"},"id":"iyvf5ygxyz67hq9","previousOperationId":"gpqqaz4e9irsgoy"}
{"type":"log","timestamp":1705343420911,"level":"debug","message":"Page request finished: GET (stylesheet) 200 https://cdnjs.cloudflare.com/ajax/libs/metro/4.1.5/css/metro.min.css","meta":{"rootId":"j0elyjtk3vwces7","id":"014an4xqstqhmow"},"id":"vu812bzw4vh1kua","previousOperationId":"gpqqaz4e9irsgoy"}
{"type":"log","timestamp":1705343420936,"level":"debug","message":"Running chrome with params {\"printBackground\":true,\"marginTop\":\"1.5cm\",\"marginRight\":\"1.5cm\",\"marginLeft\":\"1.cm\",\"timeout\":59646,\"margin\":{\"top\":\"1.5cm\",\"right\":\"1.5cm\",\"left\":\"1.cm\"}}","meta":{"rootId":"j0elyjtk3vwces7","id":"014an4xqstqhmow"},"id":"scshbautozfoiv7","previousOperationId":"gpqqaz4e9irsgoy"}
{"type":"operationEnd","operationId":"gpqqaz4e9irsgoy","timestamp":1705343420981,"id":"xlhqy51thsn8kkn","previousEventId":"kxib0312zg9h5xx","previousOperationId":"gpqqaz4e9irsgoy"}
{"type":"log","timestamp":1705343420981,"level":"debug","message":"Skipping storing report.","meta":{"rootId":"j0elyjtk3vwces7","id":"014an4xqstqhmow"},"id":"iadd05vuk4vpiyr","previousOperationId":"gpqqaz4e9irsgoy"}
{"type":"log","timestamp":1705343420981,"level":"info","message":"Rendering (child) request finished in 612 ms","meta":{"rootId":"j0elyjtk3vwces7","id":"014an4xqstqhmow"},"id":"tblv8o5x0a9j8cv","previousOperationId":"gpqqaz4e9irsgoy"}
{"type":"operationEnd","subtype":"render","operationId":"21njwce3lu88p5f","timestamp":1705343420981,"id":"8bf9p1umiv2afea","previousEventId":"xlhqy51thsn8kkn","previousOperationId":"gpqqaz4e9irsgoy"}
{"type":"operationEnd","operationId":"mxxg2875scb06xr","timestamp":1705343420990,"id":"haeazl91rz14wbt","previousEventId":"qnsnuifukur8l8j","previousOperationId":"mxxg2875scb06xr"}
{"type":"log","timestamp":1705343420990,"level":"debug","message":"pdf-utils postproces start","meta":{"rootId":"j0elyjtk3vwces7","id":"j0elyjtk3vwces7"},"id":"kbhwqpjjpabkjoj","previousOperationId":"mxxg2875scb06xr"}
{"type":"log","timestamp":1705343420997,"level":"debug","message":"pdf-utils postproces end","meta":{"rootId":"j0elyjtk3vwces7","id":"j0elyjtk3vwces7"},"id":"xqle1vketbti5wb","previousOperationId":"mxxg2875scb06xr"}
{"type":"operationEnd","operationId":"y5lj2uvitlznym2","timestamp":1705343420997,"id":"4fqzkq2hawk1kwg","previousEventId":"haeazl91rz14wbt","previousOperationId":"mxxg2875scb06xr"}
{"type":"log","timestamp":1705343420997,"level":"info","message":"pdf-utils pdf processing was finished","meta":{"rootId":"j0elyjtk3vwces7","id":"j0elyjtk3vwces7"},"id":"5ndkx6x4dpgg9xf","previousOperationId":"y5lj2uvitlznym2"}
{"type":"log","timestamp":1705343420997,"level":"debug","message":"Skipping storing report.","meta":{"rootId":"j0elyjtk3vwces7","id":"j0elyjtk3vwces7"},"id":"648xjdbglgn4xz5","previousOperationId":"y5lj2uvitlznym2"}
{"type":"log","timestamp":1705343420997,"level":"info","message":"Rendering request 43 finished in 628 ms","meta":{"rootId":"j0elyjtk3vwces7","id":"j0elyjtk3vwces7"},"id":"fyl3wq5ori8zy89","previousOperationId":"y5lj2uvitlznym2"}
{"type":"operationEnd","subtype":"render","operationId":"dkrlplcyofwcrfe","timestamp":1705343420997,"id":"55u4q7tdrtsdbw9","previousEventId":"4fqzkq2hawk1kwg","previousOperationId":"y5lj2uvitlznym2"}
{"type":"operationEnd","doDiffs":false,"previousEventId":"7hb80x7hln2tlwn","previousOperationId":"8ymjmdrte27gc9o","operationId":"8ymjmdrte27gc9o","timestamp":1705343421010,"id":"56jmmnbu7jd3ux8"}
