{"type":"operationStart","subtype":"profile","data":{"_id":"mbJFA3bBB6eSnJ5y","timestamp":"2024-01-15T15:53:32.082Z","state":"queued","mode":"standard","creationDate":"2024-01-15T15:53:32.084Z","modificationDate":"2024-01-15T15:53:32.084Z","shortid":"QYeUONs","$entitySet":"profiles"},"doDiffs":false,"timestamp":1705334012083,"id":"ozxfbxg5ds3g6wi","previousOperationId":null,"operationId":"d34pa2qej0a0a8h"}
{"type":"log","level":"info","message":"Render request 15 queued for execution and waiting for available worker","previousOperationId":"d34pa2qej0a0a8h","timestamp":1705334012083,"id":"nlk7ukv7qlihkgf"}
{"type":"operationStart","subtype":"render","name":"locations-main","previousOperationId":"d34pa2qej0a0a8h","timestamp":1705334012096,"id":"f06gjx1no3ilhcz","previousEventId":"ozxfbxg5ds3g6wi","operationId":"gmi7b9ea0hi3tpd"}
{"type":"log","timestamp":1705334012096,"level":"info","message":"Starting rendering request 15","meta":{"rootId":"jskpif7npi5hjvv","id":"jskpif7npi5hjvv"},"id":"8kwkk36zwn41qox","previousOperationId":"gmi7b9ea0hi3tpd"}
{"type":"log","timestamp":1705334012096,"level":"info","message":"Rendering template { name: locations-main, recipe: chrome-pdf, engine: handlebars, preview: true }","meta":{"rootId":"jskpif7npi5hjvv","id":"jskpif7npi5hjvv"},"id":"zpdcozeonujc3e6","previousOperationId":"gmi7b9ea0hi3tpd"}
{"type":"log","timestamp":1705334012098,"level":"debug","message":"Data item not defined for this template.","meta":{"rootId":"jskpif7npi5hjvv","id":"jskpif7npi5hjvv"},"id":"bcvjf725yclu53l","previousOperationId":"gmi7b9ea0hi3tpd"}
{"type":"log","timestamp":1705334012100,"level":"debug","message":"Executing script locations-script (beforeRender)","meta":{"rootId":"jskpif7npi5hjvv","id":"jskpif7npi5hjvv"},"id":"20aohi1adgv14at","previousOperationId":"gmi7b9ea0hi3tpd"}
{"type":"operationStart","subtype":"scriptsBeforeRender","name":"scripts beforeRender","timestamp":1705334012108,"id":"n3fni7wqqpgtgvd","previousEventId":"f06gjx1no3ilhcz","operationId":"jy1mdgubec0vptp","previousOperationId":"gmi7b9ea0hi3tpd"}
{"type":"operationStart","subtype":"script","name":"scripts locations-script","previousOperationId":"jy1mdgubec0vptp","timestamp":1705334012108,"id":"gnjsxtjf3ayzqt4","previousEventId":"n3fni7wqqpgtgvd","operationId":"hh8xn78ja9ejuih"}
{"type":"operationEnd","operationId":"hh8xn78ja9ejuih","timestamp":1705334012122,"id":"620b2fzoya6spjb","previousEventId":"f06gjx1no3ilhcz","previousOperationId":"gmi7b9ea0hi3tpd"}
{"type":"operationEnd","operationId":"jy1mdgubec0vptp","timestamp":1705334012122,"id":"jh1rud95oof694o","previousEventId":"620b2fzoya6spjb","previousOperationId":"gmi7b9ea0hi3tpd"}
{"type":"log","timestamp":1705334012122,"level":"debug","message":"Base url not specified, skipping its injection.","meta":{"rootId":"jskpif7npi5hjvv","id":"jskpif7npi5hjvv"},"id":"9obyq9j56nbdwkh","previousOperationId":"jy1mdgubec0vptp"}
{"type":"operationStart","subtype":"engine","name":"handlebars","timestamp":1705334012123,"id":"fktm1danpuvdygn","previousEventId":"jh1rud95oof694o","operationId":"y5r6gbelfwlypno","previousOperationId":"jy1mdgubec0vptp"}
{"type":"log","timestamp":1705334012123,"level":"debug","message":"Rendering engine handlebars","meta":{"rootId":"jskpif7npi5hjvv","id":"jskpif7npi5hjvv"},"id":"5ghxy2veb44jl2g","previousOperationId":"y5r6gbelfwlypno"}
{"type":"operationEnd","operationId":"y5r6gbelfwlypno","timestamp":1705334012140,"id":"ys2t51k4ktxlxav","previousEventId":"fktm1danpuvdygn","previousOperationId":"y5r6gbelfwlypno"}
{"type":"operationStart","subtype":"recipe","name":"chrome-pdf","timestamp":1705334012140,"id":"6v7sd4piukgwk23","previousEventId":"ys2t51k4ktxlxav","operationId":"1jo5ibxzictn44i","previousOperationId":"y5r6gbelfwlypno"}
{"type":"log","timestamp":1705334012140,"level":"debug","message":"Executing recipe chrome-pdf","meta":{"rootId":"jskpif7npi5hjvv","id":"jskpif7npi5hjvv"},"id":"x2eg7c3r1eaogr5","previousOperationId":"1jo5ibxzictn44i"}
{"type":"log","timestamp":1705334012144,"level":"debug","message":"Converting with chrome HeadlessChrome/117.0.5938.149 using chrome-pool strategy","meta":{"rootId":"jskpif7npi5hjvv","id":"jskpif7npi5hjvv"},"id":"658m26217tek83z","previousOperationId":"1jo5ibxzictn44i"}
{"type":"log","timestamp":1705334012274,"level":"debug","message":"Page request: GET (document) file:///C:/Users/arida/AppData/Local/Temp/jsreport/autocleanup/d0273594-bd0b-4d12-8917-dea3ea344c05-chrome-pdf.html","meta":{"rootId":"jskpif7npi5hjvv","id":"jskpif7npi5hjvv"},"id":"007fn4rgma7xhf0","previousOperationId":"1jo5ibxzictn44i"}
{"type":"log","timestamp":1705334012303,"level":"debug","message":"Page request: GET (script) https://cdnjs.cloudflare.com/ajax/libs/Chart.js/2.7.2/Chart.min.js","meta":{"rootId":"jskpif7npi5hjvv","id":"jskpif7npi5hjvv"},"id":"gwfwd38pvbbkzpw","previousOperationId":"1jo5ibxzictn44i"}
{"type":"log","timestamp":1705334012303,"level":"debug","message":"Page request finished: GET (document) 200 file:///C:/Users/arida/AppData/Local/Temp/jsreport/autocleanup/d0273594-bd0b-4d12-8917-dea3ea344c05-chrome-pdf.html","meta":{"rootId":"jskpif7npi5hjvv","id":"jskpif7npi5hjvv"},"id":"siy8q87j5mz74ay","previousOperationId":"1jo5ibxzictn44i"}
{"type":"log","timestamp":1705334012309,"level":"debug","message":"Page request finished: GET (script) 200 https://cdnjs.cloudflare.com/ajax/libs/Chart.js/2.7.2/Chart.min.js","meta":{"rootId":"jskpif7npi5hjvv","id":"jskpif7npi5hjvv"},"id":"yejyijmal5c03mv","previousOperationId":"1jo5ibxzictn44i"}
{"type":"log","timestamp":1705334012316,"level":"warn","message":"Page error: Unexpected token ';' , stack: SyntaxError: Unexpected token ';'","meta":{"rootId":"jskpif7npi5hjvv","id":"jskpif7npi5hjvv"},"id":"1d03yui1z87ok7u","previousOperationId":"1jo5ibxzictn44i"}
{"type":"log","timestamp":1705334012331,"level":"debug","message":"Running chrome with params {\"printBackground\":true,\"marginTop\":\"4cm\",\"marginRight\":\"1.5cm\",\"marginBottom\":\"1.5cm\",\"marginLeft\":\"1.5cm\",\"waitForJS\":false,\"timeout\":59939,\"margin\":{\"top\":\"4cm\",\"right\":\"1.5cm\",\"bottom\":\"1.5cm\",\"left\":\"1.5cm\"}}","meta":{"rootId":"jskpif7npi5hjvv","id":"jskpif7npi5hjvv"},"id":"2abvmxl27dwf0ga","previousOperationId":"1jo5ibxzictn44i"}
{"type":"operationEnd","operationId":"1jo5ibxzictn44i","timestamp":1705334012364,"id":"wf70y5snfj3vd3l","previousEventId":"6v7sd4piukgwk23","previousOperationId":"1jo5ibxzictn44i"}
{"type":"log","timestamp":1705334012364,"level":"info","message":"pdf-utils is starting pdf processing","meta":{"rootId":"jskpif7npi5hjvv","id":"jskpif7npi5hjvv"},"id":"1u97o06c1rmevg4","previousOperationId":"1jo5ibxzictn44i"}
{"type":"operationStart","subtype":"pdfUtils","name":"pdf utils","timestamp":1705334012364,"id":"xyrezx9umoabi2m","previousEventId":"wf70y5snfj3vd3l","operationId":"5ydv8axqjr0krup","previousOperationId":"1jo5ibxzictn44i"}
{"type":"log","timestamp":1705334012364,"level":"debug","message":"pdf-utils detected 1 pdf operation(s) to process","meta":{"rootId":"jskpif7npi5hjvv","id":"jskpif7npi5hjvv"},"id":"soy5plh34xhpx7c","previousOperationId":"5ydv8axqjr0krup"}
{"type":"log","timestamp":1705334012376,"level":"debug","message":"pdf-utils running pdf operation merge","meta":{"rootId":"jskpif7npi5hjvv","id":"jskpif7npi5hjvv"},"id":"0himvwfd6270zbi","previousOperationId":"5ydv8axqjr0krup"}
{"type":"operationStart","subtype":"pdfUtilsMerge","name":"pdf utils merge","previousOperationId":"5ydv8axqjr0krup","timestamp":1705334012376,"id":"rlafytx3o0t95zx","previousEventId":"xyrezx9umoabi2m","operationId":"luquyiogyc8pn8g"}
{"type":"operationStart","subtype":"render","name":"locations-header","previousOperationId":"luquyiogyc8pn8g","timestamp":1705334012377,"id":"47szl9izmucms4u","previousEventId":"rlafytx3o0t95zx","operationId":"xjtflgucjxf42nx"}
{"type":"log","timestamp":1705334012377,"level":"info","message":"Starting rendering (child) request","meta":{"rootId":"jskpif7npi5hjvv","id":"rle25dbddff86gy"},"id":"7s5thkwpm4yfvpc","previousOperationId":"xjtflgucjxf42nx"}
{"type":"log","timestamp":1705334012377,"level":"info","message":"Rendering template { name: locations-header, recipe: chrome-pdf, engine: handlebars, preview: true }","meta":{"rootId":"jskpif7npi5hjvv","id":"rle25dbddff86gy"},"id":"4tnh5bpr4ftcgxz","previousOperationId":"xjtflgucjxf42nx"}
{"type":"log","timestamp":1705334012378,"level":"debug","message":"Inline data specified.","meta":{"rootId":"jskpif7npi5hjvv","id":"rle25dbddff86gy"},"id":"ukzjj2gxf9rb25z","previousOperationId":"xjtflgucjxf42nx"}
{"type":"log","timestamp":1705334012382,"level":"debug","message":"Base url not specified, skipping its injection.","meta":{"rootId":"jskpif7npi5hjvv","id":"rle25dbddff86gy"},"id":"uvss94r8ks4j968","previousOperationId":"xjtflgucjxf42nx"}
{"type":"operationStart","subtype":"engine","name":"handlebars","timestamp":1705334012382,"id":"e3dcybcjhxyv68c","previousEventId":"47szl9izmucms4u","operationId":"7990nl5u1e2cjoq","previousOperationId":"xjtflgucjxf42nx"}
{"type":"log","timestamp":1705334012382,"level":"debug","message":"Rendering engine handlebars","meta":{"rootId":"jskpif7npi5hjvv","id":"rle25dbddff86gy"},"id":"1ykc2mpckp5ncr3","previousOperationId":"7990nl5u1e2cjoq"}
{"type":"operationEnd","operationId":"7990nl5u1e2cjoq","timestamp":1705334012406,"id":"k96wrxgzrcok4yh","previousEventId":"e3dcybcjhxyv68c","previousOperationId":"7990nl5u1e2cjoq"}
{"type":"operationStart","subtype":"recipe","name":"chrome-pdf","timestamp":1705334012406,"id":"vyoqb49hclo44lp","previousEventId":"k96wrxgzrcok4yh","operationId":"m576nb1plb58wxp","previousOperationId":"7990nl5u1e2cjoq"}
{"type":"log","timestamp":1705334012406,"level":"debug","message":"Executing recipe chrome-pdf","meta":{"rootId":"jskpif7npi5hjvv","id":"rle25dbddff86gy"},"id":"gpz1jwdd61d2zfj","previousOperationId":"m576nb1plb58wxp"}
{"type":"log","timestamp":1705334012409,"level":"debug","message":"Converting with chrome HeadlessChrome/117.0.5938.149 using chrome-pool strategy","meta":{"rootId":"jskpif7npi5hjvv","id":"rle25dbddff86gy"},"id":"aenvt4i3rkt87mt","previousOperationId":"m576nb1plb58wxp"}
{"type":"log","timestamp":1705334012529,"level":"debug","message":"Page request: GET (document) file:///C:/Users/arida/AppData/Local/Temp/jsreport/autocleanup/305aaee5-1d45-4655-8287-b6c87beedaa2-chrome-pdf.html","meta":{"rootId":"jskpif7npi5hjvv","id":"rle25dbddff86gy"},"id":"amuvpo8jajmil2d","previousOperationId":"m576nb1plb58wxp"}
{"type":"log","timestamp":1705334012542,"level":"debug","message":"Page request: GET (stylesheet) https://cdnjs.cloudflare.com/ajax/libs/metro/4.1.5/css/metro.min.css","meta":{"rootId":"jskpif7npi5hjvv","id":"rle25dbddff86gy"},"id":"6i79evypbjk0lmo","previousOperationId":"m576nb1plb58wxp"}
{"type":"log","timestamp":1705334012542,"level":"debug","message":"Page request finished: GET (document) 200 file:///C:/Users/arida/AppData/Local/Temp/jsreport/autocleanup/305aaee5-1d45-4655-8287-b6c87beedaa2-chrome-pdf.html","meta":{"rootId":"jskpif7npi5hjvv","id":"rle25dbddff86gy"},"id":"y0utqboihvvznol","previousOperationId":"m576nb1plb58wxp"}
{"type":"log","timestamp":1705334012567,"level":"debug","message":"Page request finished: GET (stylesheet) 200 https://cdnjs.cloudflare.com/ajax/libs/metro/4.1.5/css/metro.min.css","meta":{"rootId":"jskpif7npi5hjvv","id":"rle25dbddff86gy"},"id":"so0zj3iwuekb32d","previousOperationId":"m576nb1plb58wxp"}
{"type":"log","timestamp":1705334012587,"level":"debug","message":"Running chrome with params {\"printBackground\":true,\"marginTop\":\"1.5cm\",\"marginRight\":\"1.5cm\",\"marginLeft\":\"1.cm\",\"timeout\":59674,\"margin\":{\"top\":\"1.5cm\",\"right\":\"1.5cm\",\"left\":\"1.cm\"}}","meta":{"rootId":"jskpif7npi5hjvv","id":"rle25dbddff86gy"},"id":"l0nbxyc1g9z3d11","previousOperationId":"m576nb1plb58wxp"}
{"type":"operationEnd","operationId":"m576nb1plb58wxp","timestamp":1705334012621,"id":"8a2k8w4vrfbtjht","previousEventId":"vyoqb49hclo44lp","previousOperationId":"m576nb1plb58wxp"}
{"type":"log","timestamp":1705334012621,"level":"debug","message":"Skipping storing report.","meta":{"rootId":"jskpif7npi5hjvv","id":"rle25dbddff86gy"},"id":"snz0c9wwuwuzbwv","previousOperationId":"m576nb1plb58wxp"}
{"type":"log","timestamp":1705334012622,"level":"info","message":"Rendering (child) request finished in 539 ms","meta":{"rootId":"jskpif7npi5hjvv","id":"rle25dbddff86gy"},"id":"yb580whcy59sgof","previousOperationId":"m576nb1plb58wxp"}
{"type":"operationEnd","subtype":"render","operationId":"xjtflgucjxf42nx","timestamp":1705334012622,"id":"p0ju1eylfwxtgng","previousEventId":"8a2k8w4vrfbtjht","previousOperationId":"m576nb1plb58wxp"}
{"type":"operationEnd","operationId":"luquyiogyc8pn8g","timestamp":1705334012632,"id":"ip4tqdgq7whuj1w","previousEventId":"rlafytx3o0t95zx","previousOperationId":"luquyiogyc8pn8g"}
{"type":"log","timestamp":1705334012632,"level":"debug","message":"pdf-utils postproces start","meta":{"rootId":"jskpif7npi5hjvv","id":"jskpif7npi5hjvv"},"id":"ltugaazrc0be5t2","previousOperationId":"luquyiogyc8pn8g"}
{"type":"log","timestamp":1705334012638,"level":"debug","message":"pdf-utils postproces end","meta":{"rootId":"jskpif7npi5hjvv","id":"jskpif7npi5hjvv"},"id":"956ulq4coflech5","previousOperationId":"luquyiogyc8pn8g"}
{"type":"operationEnd","operationId":"5ydv8axqjr0krup","timestamp":1705334012638,"id":"81kygkhuxt5b9ea","previousEventId":"ip4tqdgq7whuj1w","previousOperationId":"luquyiogyc8pn8g"}
{"type":"log","timestamp":1705334012638,"level":"info","message":"pdf-utils pdf processing was finished","meta":{"rootId":"jskpif7npi5hjvv","id":"jskpif7npi5hjvv"},"id":"2oletjxonhd3ik3","previousOperationId":"5ydv8axqjr0krup"}
{"type":"log","timestamp":1705334012638,"level":"debug","message":"Skipping storing report.","meta":{"rootId":"jskpif7npi5hjvv","id":"jskpif7npi5hjvv"},"id":"8oa6viwf9eoy1nn","previousOperationId":"5ydv8axqjr0krup"}
{"type":"log","timestamp":1705334012638,"level":"info","message":"Rendering request 15 finished in 556 ms","meta":{"rootId":"jskpif7npi5hjvv","id":"jskpif7npi5hjvv"},"id":"dn5u222a1mwbxx1","previousOperationId":"5ydv8axqjr0krup"}
{"type":"operationEnd","subtype":"render","operationId":"gmi7b9ea0hi3tpd","timestamp":1705334012638,"id":"ewrjmsj5rqx33x5","previousEventId":"81kygkhuxt5b9ea","previousOperationId":"5ydv8axqjr0krup"}
{"type":"operationEnd","doDiffs":false,"previousEventId":"ozxfbxg5ds3g6wi","previousOperationId":"d34pa2qej0a0a8h","operationId":"d34pa2qej0a0a8h","timestamp":1705334012652,"id":"1irnknutptu0wsk"}
