{"type":"operationStart","subtype":"profile","data":{"_id":"yzgJjOOXsUTQW5SZ","timestamp":"2024-01-15T15:53:51.236Z","state":"queued","mode":"standard","creationDate":"2024-01-15T15:53:51.238Z","modificationDate":"2024-01-15T15:53:51.238Z","shortid":"oA-ED8H","$entitySet":"profiles"},"doDiffs":false,"timestamp":1705334031237,"id":"kbmpc69hzbow6i0","previousOperationId":null,"operationId":"bymrzl92ycq47iu"}
{"type":"log","level":"info","message":"Render request 16 queued for execution and waiting for available worker","previousOperationId":"bymrzl92ycq47iu","timestamp":1705334031237,"id":"wk7c7e6ia1kxpy2"}
{"type":"operationStart","subtype":"render","name":"locations-main","previousOperationId":"bymrzl92ycq47iu","timestamp":1705334031253,"id":"u1jtctxmmtfe4dh","previousEventId":"kbmpc69hzbow6i0","operationId":"a955bn55110gk13"}
{"type":"log","timestamp":1705334031253,"level":"info","message":"Starting rendering request 16","meta":{"rootId":"k1596vcumhbs58x","id":"k1596vcumhbs58x"},"id":"yf5hnml3yll9q33","previousOperationId":"a955bn55110gk13"}
{"type":"log","timestamp":1705334031253,"level":"info","message":"Rendering template { name: locations-main, recipe: chrome-pdf, engine: handlebars, preview: true }","meta":{"rootId":"k1596vcumhbs58x","id":"k1596vcumhbs58x"},"id":"7y438p5ybwoz9jn","previousOperationId":"a955bn55110gk13"}
{"type":"log","timestamp":1705334031254,"level":"debug","message":"Data item not defined for this template.","meta":{"rootId":"k1596vcumhbs58x","id":"k1596vcumhbs58x"},"id":"l7pwwmzjkmhed6b","previousOperationId":"a955bn55110gk13"}
{"type":"log","timestamp":1705334031258,"level":"debug","message":"Executing script locations-script (beforeRender)","meta":{"rootId":"k1596vcumhbs58x","id":"k1596vcumhbs58x"},"id":"qkjilcamjfd6anh","previousOperationId":"a955bn55110gk13"}
{"type":"operationStart","subtype":"scriptsBeforeRender","name":"scripts beforeRender","timestamp":1705334031270,"id":"i54sf3wlm4tdafg","previousEventId":"u1jtctxmmtfe4dh","operationId":"lngoa25p3868tp8","previousOperationId":"a955bn55110gk13"}
{"type":"operationStart","subtype":"script","name":"scripts locations-script","previousOperationId":"lngoa25p3868tp8","timestamp":1705334031270,"id":"lnnm1a2j7ctbcix","previousEventId":"i54sf3wlm4tdafg","operationId":"8cm8ic8tespsekl"}
{"type":"operationEnd","operationId":"8cm8ic8tespsekl","timestamp":1705334031285,"id":"7vqyv05a6l5sxca","previousEventId":"u1jtctxmmtfe4dh","previousOperationId":"a955bn55110gk13"}
{"type":"operationEnd","operationId":"lngoa25p3868tp8","timestamp":1705334031285,"id":"y03duhi1yflo1c6","previousEventId":"7vqyv05a6l5sxca","previousOperationId":"a955bn55110gk13"}
{"type":"log","timestamp":1705334031285,"level":"debug","message":"Base url not specified, skipping its injection.","meta":{"rootId":"k1596vcumhbs58x","id":"k1596vcumhbs58x"},"id":"p6iaz8chvt6oedz","previousOperationId":"lngoa25p3868tp8"}
{"type":"operationStart","subtype":"engine","name":"handlebars","timestamp":1705334031285,"id":"u7xury4h3imvp64","previousEventId":"y03duhi1yflo1c6","operationId":"aoyp0003lnh4eba","previousOperationId":"lngoa25p3868tp8"}
{"type":"log","timestamp":1705334031285,"level":"debug","message":"Rendering engine handlebars","meta":{"rootId":"k1596vcumhbs58x","id":"k1596vcumhbs58x"},"id":"x7z3dfhno6pllnc","previousOperationId":"aoyp0003lnh4eba"}
{"type":"operationEnd","operationId":"aoyp0003lnh4eba","timestamp":1705334031301,"id":"sc6vq9l2arzpv4y","previousEventId":"u7xury4h3imvp64","previousOperationId":"aoyp0003lnh4eba"}
{"type":"operationStart","subtype":"recipe","name":"chrome-pdf","timestamp":1705334031301,"id":"bzht3wwdesz45n5","previousEventId":"sc6vq9l2arzpv4y","operationId":"kqkl25f8u9znw66","previousOperationId":"aoyp0003lnh4eba"}
{"type":"log","timestamp":1705334031301,"level":"debug","message":"Executing recipe chrome-pdf","meta":{"rootId":"k1596vcumhbs58x","id":"k1596vcumhbs58x"},"id":"iu0fnr0iu3eqas5","previousOperationId":"kqkl25f8u9znw66"}
{"type":"log","timestamp":1705334031304,"level":"debug","message":"Converting with chrome HeadlessChrome/117.0.5938.149 using chrome-pool strategy","meta":{"rootId":"k1596vcumhbs58x","id":"k1596vcumhbs58x"},"id":"teiqnx5qz12wo9v","previousOperationId":"kqkl25f8u9znw66"}
{"type":"log","timestamp":1705334031441,"level":"debug","message":"Page request: GET (document) file:///C:/Users/arida/AppData/Local/Temp/jsreport/autocleanup/e4fd6cae-787c-43f6-9244-e63a046f0c7a-chrome-pdf.html","meta":{"rootId":"k1596vcumhbs58x","id":"k1596vcumhbs58x"},"id":"qvgsvbgiv8gc5k4","previousOperationId":"kqkl25f8u9znw66"}
{"type":"log","timestamp":1705334031451,"level":"debug","message":"Page request: GET (script) https://cdnjs.cloudflare.com/ajax/libs/Chart.js/2.7.2/Chart.min.js","meta":{"rootId":"k1596vcumhbs58x","id":"k1596vcumhbs58x"},"id":"wgmq2nwq7wjai25","previousOperationId":"kqkl25f8u9znw66"}
{"type":"log","timestamp":1705334031451,"level":"debug","message":"Page request finished: GET (document) 200 file:///C:/Users/arida/AppData/Local/Temp/jsreport/autocleanup/e4fd6cae-787c-43f6-9244-e63a046f0c7a-chrome-pdf.html","meta":{"rootId":"k1596vcumhbs58x","id":"k1596vcumhbs58x"},"id":"9kfcnpzfhstzzav","previousOperationId":"kqkl25f8u9znw66"}
{"type":"log","timestamp":1705334031458,"level":"debug","message":"Page request finished: GET (script) 200 https://cdnjs.cloudflare.com/ajax/libs/Chart.js/2.7.2/Chart.min.js","meta":{"rootId":"k1596vcumhbs58x","id":"k1596vcumhbs58x"},"id":"f3oqe8pl6lwy1ll","previousOperationId":"kqkl25f8u9znw66"}
{"type":"log","timestamp":1705334031465,"level":"warn","message":"Page error: Unexpected token ';' , stack: SyntaxError: Unexpected token ';'","meta":{"rootId":"k1596vcumhbs58x","id":"k1596vcumhbs58x"},"id":"bwsvkhkuo8t7pr8","previousOperationId":"kqkl25f8u9znw66"}
{"type":"log","timestamp":1705334031478,"level":"debug","message":"Running chrome with params {\"printBackground\":true,\"marginTop\":\"4cm\",\"marginRight\":\"1.5cm\",\"marginBottom\":\"1.5cm\",\"marginLeft\":\"1.5cm\",\"waitForJS\":false,\"timeout\":59933,\"margin\":{\"top\":\"4cm\",\"right\":\"1.5cm\",\"bottom\":\"1.5cm\",\"left\":\"1.5cm\"}}","meta":{"rootId":"k1596vcumhbs58x","id":"k1596vcumhbs58x"},"id":"10r0q845e7ywfug","previousOperationId":"kqkl25f8u9znw66"}
{"type":"operationEnd","operationId":"kqkl25f8u9znw66","timestamp":1705334031520,"id":"gfyynbrswf56ouu","previousEventId":"bzht3wwdesz45n5","previousOperationId":"kqkl25f8u9znw66"}
{"type":"log","timestamp":1705334031520,"level":"info","message":"pdf-utils is starting pdf processing","meta":{"rootId":"k1596vcumhbs58x","id":"k1596vcumhbs58x"},"id":"cw2hc8ow77e96wr","previousOperationId":"kqkl25f8u9znw66"}
{"type":"operationStart","subtype":"pdfUtils","name":"pdf utils","timestamp":1705334031520,"id":"kf17en779givxm9","previousEventId":"gfyynbrswf56ouu","operationId":"s130ctg0tiiybmb","previousOperationId":"kqkl25f8u9znw66"}
{"type":"log","timestamp":1705334031520,"level":"debug","message":"pdf-utils detected 1 pdf operation(s) to process","meta":{"rootId":"k1596vcumhbs58x","id":"k1596vcumhbs58x"},"id":"q95us2x785cdand","previousOperationId":"s130ctg0tiiybmb"}
{"type":"log","timestamp":1705334031533,"level":"debug","message":"pdf-utils running pdf operation merge","meta":{"rootId":"k1596vcumhbs58x","id":"k1596vcumhbs58x"},"id":"xg9vw0i7ssmko55","previousOperationId":"s130ctg0tiiybmb"}
{"type":"operationStart","subtype":"pdfUtilsMerge","name":"pdf utils merge","previousOperationId":"s130ctg0tiiybmb","timestamp":1705334031533,"id":"escl72ukhq5wuqk","previousEventId":"kf17en779givxm9","operationId":"03bsvee0udj21p3"}
{"type":"operationStart","subtype":"render","name":"locations-header","previousOperationId":"03bsvee0udj21p3","timestamp":1705334031533,"id":"xym7madmasoycxd","previousEventId":"escl72ukhq5wuqk","operationId":"yvy4m8loq01yo7p"}
{"type":"log","timestamp":1705334031534,"level":"info","message":"Starting rendering (child) request","meta":{"rootId":"k1596vcumhbs58x","id":"k5i3b5uz1g16x8f"},"id":"nb8e4njn41vo2zg","previousOperationId":"yvy4m8loq01yo7p"}
{"type":"log","timestamp":1705334031534,"level":"info","message":"Rendering template { name: locations-header, recipe: chrome-pdf, engine: handlebars, preview: true }","meta":{"rootId":"k1596vcumhbs58x","id":"k5i3b5uz1g16x8f"},"id":"h4fvvxz89tudkmi","previousOperationId":"yvy4m8loq01yo7p"}
{"type":"log","timestamp":1705334031535,"level":"debug","message":"Inline data specified.","meta":{"rootId":"k1596vcumhbs58x","id":"k5i3b5uz1g16x8f"},"id":"tvrqmv1912uajhd","previousOperationId":"yvy4m8loq01yo7p"}
{"type":"log","timestamp":1705334031537,"level":"debug","message":"Base url not specified, skipping its injection.","meta":{"rootId":"k1596vcumhbs58x","id":"k5i3b5uz1g16x8f"},"id":"6d940v8p90niae5","previousOperationId":"yvy4m8loq01yo7p"}
{"type":"operationStart","subtype":"engine","name":"handlebars","timestamp":1705334031538,"id":"40ulqpaelbi53lg","previousEventId":"xym7madmasoycxd","operationId":"newc2rrzevv2f5j","previousOperationId":"yvy4m8loq01yo7p"}
{"type":"log","timestamp":1705334031538,"level":"debug","message":"Rendering engine handlebars","meta":{"rootId":"k1596vcumhbs58x","id":"k5i3b5uz1g16x8f"},"id":"zl1tpskwkaaw825","previousOperationId":"newc2rrzevv2f5j"}
{"type":"operationEnd","operationId":"newc2rrzevv2f5j","timestamp":1705334031561,"id":"4zxwctudpaljbsi","previousEventId":"40ulqpaelbi53lg","previousOperationId":"newc2rrzevv2f5j"}
{"type":"operationStart","subtype":"recipe","name":"chrome-pdf","timestamp":1705334031562,"id":"4jis9jm501p83dg","previousEventId":"4zxwctudpaljbsi","operationId":"orzpble38fer2zq","previousOperationId":"newc2rrzevv2f5j"}
{"type":"log","timestamp":1705334031562,"level":"debug","message":"Executing recipe chrome-pdf","meta":{"rootId":"k1596vcumhbs58x","id":"k5i3b5uz1g16x8f"},"id":"xp3fmfp2o3uamo0","previousOperationId":"orzpble38fer2zq"}
{"type":"log","timestamp":1705334031564,"level":"debug","message":"Converting with chrome HeadlessChrome/117.0.5938.149 using chrome-pool strategy","meta":{"rootId":"k1596vcumhbs58x","id":"k5i3b5uz1g16x8f"},"id":"j855wxxmuktewlp","previousOperationId":"orzpble38fer2zq"}
{"type":"log","timestamp":1705334031687,"level":"debug","message":"Page request: GET (document) file:///C:/Users/arida/AppData/Local/Temp/jsreport/autocleanup/93afdb07-d777-4f61-bbd8-87a6eaae8480-chrome-pdf.html","meta":{"rootId":"k1596vcumhbs58x","id":"k5i3b5uz1g16x8f"},"id":"blu83aivgjv2gev","previousOperationId":"orzpble38fer2zq"}
{"type":"log","timestamp":1705334031700,"level":"debug","message":"Page request: GET (stylesheet) https://cdnjs.cloudflare.com/ajax/libs/metro/4.1.5/css/metro.min.css","meta":{"rootId":"k1596vcumhbs58x","id":"k5i3b5uz1g16x8f"},"id":"z8kxgr0s1twglxv","previousOperationId":"orzpble38fer2zq"}
{"type":"log","timestamp":1705334031701,"level":"debug","message":"Page request finished: GET (document) 200 file:///C:/Users/arida/AppData/Local/Temp/jsreport/autocleanup/93afdb07-d777-4f61-bbd8-87a6eaae8480-chrome-pdf.html","meta":{"rootId":"k1596vcumhbs58x","id":"k5i3b5uz1g16x8f"},"id":"zh6tqiufzypep72","previousOperationId":"orzpble38fer2zq"}
{"type":"log","timestamp":1705334031725,"level":"debug","message":"Page request finished: GET (stylesheet) 200 https://cdnjs.cloudflare.com/ajax/libs/metro/4.1.5/css/metro.min.css","meta":{"rootId":"k1596vcumhbs58x","id":"k5i3b5uz1g16x8f"},"id":"8291ed46c74yksd","previousOperationId":"orzpble38fer2zq"}
{"type":"log","timestamp":1705334031749,"level":"debug","message":"Running chrome with params {\"printBackground\":true,\"marginTop\":\"1.5cm\",\"marginRight\":\"1.5cm\",\"marginLeft\":\"1.cm\",\"timeout\":59673,\"margin\":{\"top\":\"1.5cm\",\"right\":\"1.5cm\",\"left\":\"1.cm\"}}","meta":{"rootId":"k1596vcumhbs58x","id":"k5i3b5uz1g16x8f"},"id":"x1zn20lspk0u08i","previousOperationId":"orzpble38fer2zq"}
{"type":"operationEnd","operationId":"orzpble38fer2zq","timestamp":1705334031794,"id":"15lo3uy45t38hv3","previousEventId":"4jis9jm501p83dg","previousOperationId":"orzpble38fer2zq"}
{"type":"log","timestamp":1705334031794,"level":"debug","message":"Skipping storing report.","meta":{"rootId":"k1596vcumhbs58x","id":"k5i3b5uz1g16x8f"},"id":"59vp94p8edmama7","previousOperationId":"orzpble38fer2zq"}
{"type":"log","timestamp":1705334031794,"level":"info","message":"Rendering (child) request finished in 558 ms","meta":{"rootId":"k1596vcumhbs58x","id":"k5i3b5uz1g16x8f"},"id":"mlr3vvjiirvno2h","previousOperationId":"orzpble38fer2zq"}
{"type":"operationEnd","subtype":"render","operationId":"yvy4m8loq01yo7p","timestamp":1705334031794,"id":"9kaj8aznd8csyp5","previousEventId":"15lo3uy45t38hv3","previousOperationId":"orzpble38fer2zq"}
{"type":"operationEnd","operationId":"03bsvee0udj21p3","timestamp":1705334031803,"id":"b8eqapsxcnjliad","previousEventId":"escl72ukhq5wuqk","previousOperationId":"03bsvee0udj21p3"}
{"type":"log","timestamp":1705334031803,"level":"debug","message":"pdf-utils postproces start","meta":{"rootId":"k1596vcumhbs58x","id":"k1596vcumhbs58x"},"id":"vch521piz3na76a","previousOperationId":"03bsvee0udj21p3"}
{"type":"log","timestamp":1705334031813,"level":"debug","message":"pdf-utils postproces end","meta":{"rootId":"k1596vcumhbs58x","id":"k1596vcumhbs58x"},"id":"7ag34t4oof70hfw","previousOperationId":"03bsvee0udj21p3"}
{"type":"operationEnd","operationId":"s130ctg0tiiybmb","timestamp":1705334031813,"id":"bbx992nfpxi7f39","previousEventId":"b8eqapsxcnjliad","previousOperationId":"03bsvee0udj21p3"}
{"type":"log","timestamp":1705334031813,"level":"info","message":"pdf-utils pdf processing was finished","meta":{"rootId":"k1596vcumhbs58x","id":"k1596vcumhbs58x"},"id":"m3d9ilkpdzr2ym7","previousOperationId":"s130ctg0tiiybmb"}
{"type":"log","timestamp":1705334031813,"level":"debug","message":"Skipping storing report.","meta":{"rootId":"k1596vcumhbs58x","id":"k1596vcumhbs58x"},"id":"grvk6q8kpqmoaba","previousOperationId":"s130ctg0tiiybmb"}
{"type":"log","timestamp":1705334031813,"level":"info","message":"Rendering request 16 finished in 577 ms","meta":{"rootId":"k1596vcumhbs58x","id":"k1596vcumhbs58x"},"id":"ugd63lc296f1igo","previousOperationId":"s130ctg0tiiybmb"}
{"type":"operationEnd","subtype":"render","operationId":"a955bn55110gk13","timestamp":1705334031813,"id":"g5395x994yafcsj","previousEventId":"bbx992nfpxi7f39","previousOperationId":"s130ctg0tiiybmb"}
{"type":"operationEnd","doDiffs":false,"previousEventId":"kbmpc69hzbow6i0","previousOperationId":"bymrzl92ycq47iu","operationId":"bymrzl92ycq47iu","timestamp":1705334031825,"id":"rxxhcpd52oyud4b"}
