{"type":"operationStart","subtype":"profile","data":{"_id":"TXyETsEBWWWXEe2r","timestamp":"2024-01-15T15:46:19.682Z","state":"queued","mode":"standard","creationDate":"2024-01-15T15:46:19.685Z","modificationDate":"2024-01-15T15:46:19.685Z","shortid":"Whj4S2W","$entitySet":"profiles"},"doDiffs":false,"timestamp":1705333579683,"id":"pov8uklvwc6surr","previousOperationId":null,"operationId":"f385gge1rgzjcl1"}
{"type":"log","level":"info","message":"Render request 5 queued for execution and waiting for available worker","previousOperationId":"f385gge1rgzjcl1","timestamp":1705333579684,"id":"lpsv5svngp51ln2"}
{"type":"operationStart","subtype":"render","name":"locations-main","previousOperationId":"f385gge1rgzjcl1","timestamp":1705333579698,"id":"6wfynbvgxj79jd3","previousEventId":"pov8uklvwc6surr","operationId":"d69ofhrng2jgqvc"}
{"type":"log","timestamp":1705333579698,"level":"info","message":"Starting rendering request 5","meta":{"rootId":"ko2cl09suxmsbt2","id":"ko2cl09suxmsbt2"},"id":"omu10w6n67qsxr6","previousOperationId":"d69ofhrng2jgqvc"}
{"type":"log","timestamp":1705333579698,"level":"info","message":"Rendering template { name: locations-main, recipe: chrome-pdf, engine: handlebars, preview: true }","meta":{"rootId":"ko2cl09suxmsbt2","id":"ko2cl09suxmsbt2"},"id":"6upfq7r78arf6du","previousOperationId":"d69ofhrng2jgqvc"}
{"type":"log","timestamp":1705333579700,"level":"debug","message":"Data item not defined for this template.","meta":{"rootId":"ko2cl09suxmsbt2","id":"ko2cl09suxmsbt2"},"id":"av52cxvbkxvyqji","previousOperationId":"d69ofhrng2jgqvc"}
{"type":"log","timestamp":1705333579704,"level":"debug","message":"Executing script locations-script (beforeRender)","meta":{"rootId":"ko2cl09suxmsbt2","id":"ko2cl09suxmsbt2"},"id":"c4zvbrnba9voxr0","previousOperationId":"d69ofhrng2jgqvc"}
{"type":"operationStart","subtype":"scriptsBeforeRender","name":"scripts beforeRender","timestamp":1705333579712,"id":"kjal5tsf6h3px1n","previousEventId":"6wfynbvgxj79jd3","operationId":"e47xo2znys4bygy","previousOperationId":"d69ofhrng2jgqvc"}
{"type":"operationStart","subtype":"script","name":"scripts locations-script","previousOperationId":"e47xo2znys4bygy","timestamp":1705333579712,"id":"g23p4niczzt5k88","previousEventId":"kjal5tsf6h3px1n","operationId":"c17tupym512449s"}
{"type":"operationEnd","operationId":"c17tupym512449s","timestamp":1705333579728,"id":"aoeuuu9h95aeu32","previousEventId":"6wfynbvgxj79jd3","previousOperationId":"d69ofhrng2jgqvc"}
{"type":"operationEnd","operationId":"e47xo2znys4bygy","timestamp":1705333579728,"id":"8pm7armyrg8w0jz","previousEventId":"aoeuuu9h95aeu32","previousOperationId":"d69ofhrng2jgqvc"}
{"type":"log","timestamp":1705333579728,"level":"debug","message":"Base url not specified, skipping its injection.","meta":{"rootId":"ko2cl09suxmsbt2","id":"ko2cl09suxmsbt2"},"id":"guyo5qh1kfsnhfc","previousOperationId":"e47xo2znys4bygy"}
{"type":"operationStart","subtype":"engine","name":"handlebars","timestamp":1705333579728,"id":"ms6bdayccvnpkmx","previousEventId":"8pm7armyrg8w0jz","operationId":"puu7dsigvbueg7u","previousOperationId":"e47xo2znys4bygy"}
{"type":"log","timestamp":1705333579728,"level":"debug","message":"Rendering engine handlebars","meta":{"rootId":"ko2cl09suxmsbt2","id":"ko2cl09suxmsbt2"},"id":"6o0743tsuv6vpzv","previousOperationId":"puu7dsigvbueg7u"}
{"type":"operationEnd","operationId":"puu7dsigvbueg7u","timestamp":1705333579750,"id":"wns85rty5kypc82","previousEventId":"ms6bdayccvnpkmx","previousOperationId":"puu7dsigvbueg7u"}
{"type":"operationStart","subtype":"recipe","name":"chrome-pdf","timestamp":1705333579750,"id":"y69gpbdheyn2qgy","previousEventId":"wns85rty5kypc82","operationId":"cbqv0eplx8kustm","previousOperationId":"puu7dsigvbueg7u"}
{"type":"log","timestamp":1705333579750,"level":"debug","message":"Executing recipe chrome-pdf","meta":{"rootId":"ko2cl09suxmsbt2","id":"ko2cl09suxmsbt2"},"id":"uq8ka5mbmdgd05t","previousOperationId":"cbqv0eplx8kustm"}
{"type":"log","timestamp":1705333579754,"level":"debug","message":"Converting with chrome HeadlessChrome/117.0.5938.149 using chrome-pool strategy","meta":{"rootId":"ko2cl09suxmsbt2","id":"ko2cl09suxmsbt2"},"id":"4g92e6i5yaotwgu","previousOperationId":"cbqv0eplx8kustm"}
{"type":"log","timestamp":1705333579873,"level":"debug","message":"Page request: GET (document) file:///C:/Users/arida/AppData/Local/Temp/jsreport/autocleanup/01c0c7cf-0d6d-4a1c-b963-db06726808b0-chrome-pdf.html","meta":{"rootId":"ko2cl09suxmsbt2","id":"ko2cl09suxmsbt2"},"id":"ifctz6jbv9uf63u","previousOperationId":"cbqv0eplx8kustm"}
{"type":"log","timestamp":1705333579906,"level":"debug","message":"Page request finished: GET (document) 200 file:///C:/Users/arida/AppData/Local/Temp/jsreport/autocleanup/01c0c7cf-0d6d-4a1c-b963-db06726808b0-chrome-pdf.html","meta":{"rootId":"ko2cl09suxmsbt2","id":"ko2cl09suxmsbt2"},"id":"chv94xhmrxucpwy","previousOperationId":"cbqv0eplx8kustm"}
{"type":"log","timestamp":1705333579906,"level":"debug","message":"Page request: GET (script) https://cdn.jsdelivr.net/npm/chart.js","meta":{"rootId":"ko2cl09suxmsbt2","id":"ko2cl09suxmsbt2"},"id":"dezxvdy4qefp8xq","previousOperationId":"cbqv0eplx8kustm"}
{"type":"log","timestamp":1705333579913,"level":"debug","message":"Page request finished: GET (script) 200 https://cdn.jsdelivr.net/npm/chart.js","meta":{"rootId":"ko2cl09suxmsbt2","id":"ko2cl09suxmsbt2"},"id":"9cmmzyiuxlf0t5r","previousOperationId":"cbqv0eplx8kustm"}
{"type":"log","timestamp":1705333579918,"level":"warn","message":"Page error: Unexpected token ';' , stack: SyntaxError: Unexpected token ';'","meta":{"rootId":"ko2cl09suxmsbt2","id":"ko2cl09suxmsbt2"},"id":"34ulg0hrlgjrfjs","previousOperationId":"cbqv0eplx8kustm"}
{"type":"log","timestamp":1705333579934,"level":"debug","message":"Running chrome with params {\"printBackground\":true,\"marginTop\":\"4cm\",\"marginRight\":\"1.5cm\",\"marginBottom\":\"1.5cm\",\"marginLeft\":\"1.5cm\",\"waitForJS\":false,\"timeout\":59930,\"margin\":{\"top\":\"4cm\",\"right\":\"1.5cm\",\"bottom\":\"1.5cm\",\"left\":\"1.5cm\"}}","meta":{"rootId":"ko2cl09suxmsbt2","id":"ko2cl09suxmsbt2"},"id":"ktazn7zm8jm6t3g","previousOperationId":"cbqv0eplx8kustm"}
{"type":"operationEnd","operationId":"cbqv0eplx8kustm","timestamp":1705333579979,"id":"qcwkojgklune6c5","previousEventId":"y69gpbdheyn2qgy","previousOperationId":"cbqv0eplx8kustm"}
{"type":"log","timestamp":1705333579979,"level":"info","message":"pdf-utils is starting pdf processing","meta":{"rootId":"ko2cl09suxmsbt2","id":"ko2cl09suxmsbt2"},"id":"aakm2qpcszeqzg4","previousOperationId":"cbqv0eplx8kustm"}
{"type":"operationStart","subtype":"pdfUtils","name":"pdf utils","timestamp":1705333579980,"id":"5esup6ccq73knm4","previousEventId":"qcwkojgklune6c5","operationId":"51qa0870cscl9sx","previousOperationId":"cbqv0eplx8kustm"}
{"type":"log","timestamp":1705333579980,"level":"debug","message":"pdf-utils detected 1 pdf operation(s) to process","meta":{"rootId":"ko2cl09suxmsbt2","id":"ko2cl09suxmsbt2"},"id":"p5ytht2gm0dtuiq","previousOperationId":"51qa0870cscl9sx"}
{"type":"log","timestamp":1705333579999,"level":"debug","message":"pdf-utils running pdf operation merge","meta":{"rootId":"ko2cl09suxmsbt2","id":"ko2cl09suxmsbt2"},"id":"gwj6g8073wtgtdp","previousOperationId":"51qa0870cscl9sx"}
{"type":"operationStart","subtype":"pdfUtilsMerge","name":"pdf utils merge","previousOperationId":"51qa0870cscl9sx","timestamp":1705333579999,"id":"c2oh32e4tmxhmc2","previousEventId":"5esup6ccq73knm4","operationId":"avntljmw9dy7ign"}
{"type":"operationStart","subtype":"render","name":"locations-header","previousOperationId":"avntljmw9dy7ign","timestamp":1705333580001,"id":"x99mae8rj4ubpr6","previousEventId":"c2oh32e4tmxhmc2","operationId":"kgccne6kkc41x8n"}
{"type":"log","timestamp":1705333580001,"level":"info","message":"Starting rendering (child) request","meta":{"rootId":"ko2cl09suxmsbt2","id":"jf278n3wsyq3fn5"},"id":"hvoqn4x0ja1hdl1","previousOperationId":"kgccne6kkc41x8n"}
{"type":"log","timestamp":1705333580002,"level":"info","message":"Rendering template { name: locations-header, recipe: chrome-pdf, engine: handlebars, preview: true }","meta":{"rootId":"ko2cl09suxmsbt2","id":"jf278n3wsyq3fn5"},"id":"la2yfm5bar6j2c9","previousOperationId":"kgccne6kkc41x8n"}
{"type":"log","timestamp":1705333580004,"level":"debug","message":"Inline data specified.","meta":{"rootId":"ko2cl09suxmsbt2","id":"jf278n3wsyq3fn5"},"id":"16qbol8y0s1k6e5","previousOperationId":"kgccne6kkc41x8n"}
{"type":"log","timestamp":1705333580008,"level":"debug","message":"Base url not specified, skipping its injection.","meta":{"rootId":"ko2cl09suxmsbt2","id":"jf278n3wsyq3fn5"},"id":"7h0wx0izhpy0em9","previousOperationId":"kgccne6kkc41x8n"}
{"type":"operationStart","subtype":"engine","name":"handlebars","timestamp":1705333580009,"id":"m9zvj6lz74mqj5p","previousEventId":"x99mae8rj4ubpr6","operationId":"s57rdhuuz3glfai","previousOperationId":"kgccne6kkc41x8n"}
{"type":"log","timestamp":1705333580009,"level":"debug","message":"Rendering engine handlebars","meta":{"rootId":"ko2cl09suxmsbt2","id":"jf278n3wsyq3fn5"},"id":"zkq8n59l238swy7","previousOperationId":"s57rdhuuz3glfai"}
{"type":"operationEnd","operationId":"s57rdhuuz3glfai","timestamp":1705333580032,"id":"orfbd1b4emq6oop","previousEventId":"m9zvj6lz74mqj5p","previousOperationId":"s57rdhuuz3glfai"}
{"type":"operationStart","subtype":"recipe","name":"chrome-pdf","timestamp":1705333580033,"id":"9857ks973zs6zmi","previousEventId":"orfbd1b4emq6oop","operationId":"bk71ndfics3yr6w","previousOperationId":"s57rdhuuz3glfai"}
{"type":"log","timestamp":1705333580033,"level":"debug","message":"Executing recipe chrome-pdf","meta":{"rootId":"ko2cl09suxmsbt2","id":"jf278n3wsyq3fn5"},"id":"xe5456n3pu6n5rc","previousOperationId":"bk71ndfics3yr6w"}
{"type":"log","timestamp":1705333580035,"level":"debug","message":"Converting with chrome HeadlessChrome/117.0.5938.149 using chrome-pool strategy","meta":{"rootId":"ko2cl09suxmsbt2","id":"jf278n3wsyq3fn5"},"id":"kp166396rsuhhzj","previousOperationId":"bk71ndfics3yr6w"}
{"type":"log","timestamp":1705333580165,"level":"debug","message":"Page request: GET (document) file:///C:/Users/arida/AppData/Local/Temp/jsreport/autocleanup/ca9169d7-bae8-461d-bbcf-6008c486b9c7-chrome-pdf.html","meta":{"rootId":"ko2cl09suxmsbt2","id":"jf278n3wsyq3fn5"},"id":"6basm2xkzgzrc2d","previousOperationId":"bk71ndfics3yr6w"}
{"type":"log","timestamp":1705333580177,"level":"debug","message":"Page request: GET (stylesheet) https://cdnjs.cloudflare.com/ajax/libs/metro/4.1.5/css/metro.min.css","meta":{"rootId":"ko2cl09suxmsbt2","id":"jf278n3wsyq3fn5"},"id":"nimkoza2ikanyul","previousOperationId":"bk71ndfics3yr6w"}
{"type":"log","timestamp":1705333580177,"level":"debug","message":"Page request finished: GET (document) 200 file:///C:/Users/arida/AppData/Local/Temp/jsreport/autocleanup/ca9169d7-bae8-461d-bbcf-6008c486b9c7-chrome-pdf.html","meta":{"rootId":"ko2cl09suxmsbt2","id":"jf278n3wsyq3fn5"},"id":"1z8gygkxgt89tid","previousOperationId":"bk71ndfics3yr6w"}
{"type":"log","timestamp":1705333580200,"level":"debug","message":"Page request finished: GET (stylesheet) 200 https://cdnjs.cloudflare.com/ajax/libs/metro/4.1.5/css/metro.min.css","meta":{"rootId":"ko2cl09suxmsbt2","id":"jf278n3wsyq3fn5"},"id":"t347xmht14g42yk","previousOperationId":"bk71ndfics3yr6w"}
{"type":"log","timestamp":1705333580222,"level":"debug","message":"Running chrome with params {\"printBackground\":true,\"marginTop\":\"1.5cm\",\"marginRight\":\"1.5cm\",\"marginLeft\":\"1.cm\",\"timeout\":59648,\"margin\":{\"top\":\"1.5cm\",\"right\":\"1.5cm\",\"left\":\"1.cm\"}}","meta":{"rootId":"ko2cl09suxmsbt2","id":"jf278n3wsyq3fn5"},"id":"hs9sfc4l7flzj94","previousOperationId":"bk71ndfics3yr6w"}
{"type":"operationEnd","operationId":"bk71ndfics3yr6w","timestamp":1705333580261,"id":"d0qqwnfofqv41tn","previousEventId":"9857ks973zs6zmi","previousOperationId":"bk71ndfics3yr6w"}
{"type":"log","timestamp":1705333580261,"level":"debug","message":"Skipping storing report.","meta":{"rootId":"ko2cl09suxmsbt2","id":"jf278n3wsyq3fn5"},"id":"eye2kuholowvwrk","previousOperationId":"bk71ndfics3yr6w"}
{"type":"log","timestamp":1705333580262,"level":"info","message":"Rendering (child) request finished in 580 ms","meta":{"rootId":"ko2cl09suxmsbt2","id":"jf278n3wsyq3fn5"},"id":"w51y7s0jfxber5c","previousOperationId":"bk71ndfics3yr6w"}
{"type":"operationEnd","subtype":"render","operationId":"kgccne6kkc41x8n","timestamp":1705333580262,"id":"zibcd4f3yt3te6k","previousEventId":"d0qqwnfofqv41tn","previousOperationId":"bk71ndfics3yr6w"}
{"type":"operationEnd","operationId":"avntljmw9dy7ign","timestamp":1705333580274,"id":"dhah78ofj6kuqmj","previousEventId":"c2oh32e4tmxhmc2","previousOperationId":"avntljmw9dy7ign"}
{"type":"log","timestamp":1705333580274,"level":"debug","message":"pdf-utils postproces start","meta":{"rootId":"ko2cl09suxmsbt2","id":"ko2cl09suxmsbt2"},"id":"xy5l00ohhfszapo","previousOperationId":"avntljmw9dy7ign"}
{"type":"log","timestamp":1705333580283,"level":"debug","message":"pdf-utils postproces end","meta":{"rootId":"ko2cl09suxmsbt2","id":"ko2cl09suxmsbt2"},"id":"nu1chw0w5cg04ig","previousOperationId":"avntljmw9dy7ign"}
{"type":"operationEnd","operationId":"51qa0870cscl9sx","timestamp":1705333580283,"id":"t3qe1ojq8q5x2wm","previousEventId":"dhah78ofj6kuqmj","previousOperationId":"avntljmw9dy7ign"}
{"type":"log","timestamp":1705333580283,"level":"info","message":"pdf-utils pdf processing was finished","meta":{"rootId":"ko2cl09suxmsbt2","id":"ko2cl09suxmsbt2"},"id":"yao3kpj8mnf0gwg","previousOperationId":"51qa0870cscl9sx"}
{"type":"log","timestamp":1705333580283,"level":"debug","message":"Skipping storing report.","meta":{"rootId":"ko2cl09suxmsbt2","id":"ko2cl09suxmsbt2"},"id":"bwatgwq58bcxj8u","previousOperationId":"51qa0870cscl9sx"}
{"type":"log","timestamp":1705333580283,"level":"info","message":"Rendering request 5 finished in 601 ms","meta":{"rootId":"ko2cl09suxmsbt2","id":"ko2cl09suxmsbt2"},"id":"4ug75cp5sh7o161","previousOperationId":"51qa0870cscl9sx"}
{"type":"operationEnd","subtype":"render","operationId":"d69ofhrng2jgqvc","timestamp":1705333580283,"id":"hte4zs7wmgh0hu5","previousEventId":"t3qe1ojq8q5x2wm","previousOperationId":"51qa0870cscl9sx"}
{"type":"operationEnd","doDiffs":false,"previousEventId":"pov8uklvwc6surr","previousOperationId":"f385gge1rgzjcl1","operationId":"f385gge1rgzjcl1","timestamp":1705333580296,"id":"woxeakpafxk80tf"}
