{"type":"operationStart","subtype":"profile","data":{"_id":"evcfgrpkxy2c0EKU","timestamp":"2024-01-15T16:05:05.630Z","state":"queued","mode":"standard","creationDate":"2024-01-15T16:05:05.632Z","modificationDate":"2024-01-15T16:05:05.632Z","shortid":"TsPVX_1","$entitySet":"profiles"},"doDiffs":false,"timestamp":1705334705631,"id":"1i5m4rr1pcyqjhj","previousOperationId":null,"operationId":"c8j1t3m0p1biekm"}
{"type":"log","level":"info","message":"Render request 24 queued for execution and waiting for available worker","previousOperationId":"c8j1t3m0p1biekm","timestamp":1705334705631,"id":"sa2xqags11muq7d"}
{"type":"operationStart","subtype":"render","name":"locations-main","previousOperationId":"c8j1t3m0p1biekm","timestamp":1705334705645,"id":"u9ugm0dyy2fqhjd","previousEventId":"1i5m4rr1pcyqjhj","operationId":"4wlav1g5sesrr69"}
{"type":"log","timestamp":1705334705646,"level":"info","message":"Starting rendering request 24","meta":{"rootId":"l1s8a99xp4g92tp","id":"l1s8a99xp4g92tp"},"id":"bvr3qctbemthak3","previousOperationId":"4wlav1g5sesrr69"}
{"type":"log","timestamp":1705334705646,"level":"info","message":"Rendering template { name: locations-main, recipe: chrome-pdf, engine: handlebars, preview: true }","meta":{"rootId":"l1s8a99xp4g92tp","id":"l1s8a99xp4g92tp"},"id":"fdnjc1cjgqn5nid","previousOperationId":"4wlav1g5sesrr69"}
{"type":"log","timestamp":1705334705647,"level":"debug","message":"Data item not defined for this template.","meta":{"rootId":"l1s8a99xp4g92tp","id":"l1s8a99xp4g92tp"},"id":"o96dojes7otrxke","previousOperationId":"4wlav1g5sesrr69"}
{"type":"log","timestamp":1705334705650,"level":"debug","message":"Executing script locations-script (beforeRender)","meta":{"rootId":"l1s8a99xp4g92tp","id":"l1s8a99xp4g92tp"},"id":"6y3jxbdunfpnvkc","previousOperationId":"4wlav1g5sesrr69"}
{"type":"operationStart","subtype":"scriptsBeforeRender","name":"scripts beforeRender","timestamp":1705334705662,"id":"ojk4jr98ddt6404","previousEventId":"u9ugm0dyy2fqhjd","operationId":"81gzgl1sphpwqft","previousOperationId":"4wlav1g5sesrr69"}
{"type":"operationStart","subtype":"script","name":"scripts locations-script","previousOperationId":"81gzgl1sphpwqft","timestamp":1705334705662,"id":"6wn0h44v0pqr779","previousEventId":"ojk4jr98ddt6404","operationId":"corg9j7neu7lw55"}
{"type":"operationEnd","operationId":"corg9j7neu7lw55","timestamp":1705334705677,"id":"hgp2v5m4kd5oas4","previousEventId":"u9ugm0dyy2fqhjd","previousOperationId":"4wlav1g5sesrr69"}
{"type":"operationEnd","operationId":"81gzgl1sphpwqft","timestamp":1705334705677,"id":"ojove1a7hl8wdqe","previousEventId":"hgp2v5m4kd5oas4","previousOperationId":"4wlav1g5sesrr69"}
{"type":"log","timestamp":1705334705677,"level":"debug","message":"Base url not specified, skipping its injection.","meta":{"rootId":"l1s8a99xp4g92tp","id":"l1s8a99xp4g92tp"},"id":"m79zq5fo4wigjs1","previousOperationId":"81gzgl1sphpwqft"}
{"type":"operationStart","subtype":"engine","name":"handlebars","timestamp":1705334705677,"id":"o9wi7xcthmbxnq4","previousEventId":"ojove1a7hl8wdqe","operationId":"oowoq1nkfbtl45g","previousOperationId":"81gzgl1sphpwqft"}
{"type":"log","timestamp":1705334705677,"level":"debug","message":"Rendering engine handlebars","meta":{"rootId":"l1s8a99xp4g92tp","id":"l1s8a99xp4g92tp"},"id":"ct9qoy9ce7gx1sg","previousOperationId":"oowoq1nkfbtl45g"}
{"type":"operationEnd","operationId":"oowoq1nkfbtl45g","timestamp":1705334705694,"id":"6citf2crzzbm7jj","previousEventId":"o9wi7xcthmbxnq4","previousOperationId":"oowoq1nkfbtl45g"}
{"type":"operationStart","subtype":"recipe","name":"chrome-pdf","timestamp":1705334705695,"id":"y0pewvpndp3wnvp","previousEventId":"6citf2crzzbm7jj","operationId":"j9y9x49j7l8up8t","previousOperationId":"oowoq1nkfbtl45g"}
{"type":"log","timestamp":1705334705695,"level":"debug","message":"Executing recipe chrome-pdf","meta":{"rootId":"l1s8a99xp4g92tp","id":"l1s8a99xp4g92tp"},"id":"rosisf3gw4foaad","previousOperationId":"j9y9x49j7l8up8t"}
{"type":"log","timestamp":1705334705698,"level":"debug","message":"Converting with chrome HeadlessChrome/117.0.5938.149 using chrome-pool strategy","meta":{"rootId":"l1s8a99xp4g92tp","id":"l1s8a99xp4g92tp"},"id":"io9zlso9xllwdu7","previousOperationId":"j9y9x49j7l8up8t"}
{"type":"log","timestamp":1705334705841,"level":"debug","message":"Page request: GET (document) file:///C:/Users/arida/AppData/Local/Temp/jsreport/autocleanup/cf3a43ea-b459-4180-9596-ace7e672f8f9-chrome-pdf.html","meta":{"rootId":"l1s8a99xp4g92tp","id":"l1s8a99xp4g92tp"},"id":"kix71wk8c4w1oqe","previousOperationId":"j9y9x49j7l8up8t"}
{"type":"log","timestamp":1705334705873,"level":"debug","message":"Page request: GET (script) https://cdnjs.cloudflare.com/ajax/libs/Chart.js/2.7.2/Chart.min.js","meta":{"rootId":"l1s8a99xp4g92tp","id":"l1s8a99xp4g92tp"},"id":"f4i2h4lzwes5s9l","previousOperationId":"j9y9x49j7l8up8t"}
{"type":"log","timestamp":1705334705874,"level":"debug","message":"Page request finished: GET (document) 200 file:///C:/Users/arida/AppData/Local/Temp/jsreport/autocleanup/cf3a43ea-b459-4180-9596-ace7e672f8f9-chrome-pdf.html","meta":{"rootId":"l1s8a99xp4g92tp","id":"l1s8a99xp4g92tp"},"id":"46k1uz1ud7svdef","previousOperationId":"j9y9x49j7l8up8t"}
{"type":"log","timestamp":1705334705879,"level":"debug","message":"Page request finished: GET (script) 200 https://cdnjs.cloudflare.com/ajax/libs/Chart.js/2.7.2/Chart.min.js","meta":{"rootId":"l1s8a99xp4g92tp","id":"l1s8a99xp4g92tp"},"id":"8pou9x52vppdwr6","previousOperationId":"j9y9x49j7l8up8t"}
{"type":"log","timestamp":1705334705886,"level":"warn","message":"Page error: Unexpected token ';' , stack: SyntaxError: Unexpected token ';'","meta":{"rootId":"l1s8a99xp4g92tp","id":"l1s8a99xp4g92tp"},"id":"4ij2vvnaaicr0n3","previousOperationId":"j9y9x49j7l8up8t"}
{"type":"log","timestamp":1705334705901,"level":"debug","message":"Running chrome with params {\"printBackground\":true,\"marginTop\":\"4cm\",\"marginRight\":\"1.5cm\",\"marginBottom\":\"1.5cm\",\"marginLeft\":\"1.5cm\",\"waitForJS\":false,\"timeout\":59934,\"margin\":{\"top\":\"4cm\",\"right\":\"1.5cm\",\"bottom\":\"1.5cm\",\"left\":\"1.5cm\"}}","meta":{"rootId":"l1s8a99xp4g92tp","id":"l1s8a99xp4g92tp"},"id":"3df3d3i6nkl98fi","previousOperationId":"j9y9x49j7l8up8t"}
{"type":"operationEnd","operationId":"j9y9x49j7l8up8t","timestamp":1705334705945,"id":"sfrc22bdxmf4hh5","previousEventId":"y0pewvpndp3wnvp","previousOperationId":"j9y9x49j7l8up8t"}
{"type":"log","timestamp":1705334705945,"level":"info","message":"pdf-utils is starting pdf processing","meta":{"rootId":"l1s8a99xp4g92tp","id":"l1s8a99xp4g92tp"},"id":"pye8zdrovcx1w1y","previousOperationId":"j9y9x49j7l8up8t"}
{"type":"operationStart","subtype":"pdfUtils","name":"pdf utils","timestamp":1705334705945,"id":"uz4mx1eydb23mls","previousEventId":"sfrc22bdxmf4hh5","operationId":"ra0ghwq016fvvy6","previousOperationId":"j9y9x49j7l8up8t"}
{"type":"log","timestamp":1705334705945,"level":"debug","message":"pdf-utils detected 1 pdf operation(s) to process","meta":{"rootId":"l1s8a99xp4g92tp","id":"l1s8a99xp4g92tp"},"id":"1pq387f7zps3xg9","previousOperationId":"ra0ghwq016fvvy6"}
{"type":"log","timestamp":1705334705957,"level":"debug","message":"pdf-utils running pdf operation merge","meta":{"rootId":"l1s8a99xp4g92tp","id":"l1s8a99xp4g92tp"},"id":"mtyy7k0c19q5r9d","previousOperationId":"ra0ghwq016fvvy6"}
{"type":"operationStart","subtype":"pdfUtilsMerge","name":"pdf utils merge","previousOperationId":"ra0ghwq016fvvy6","timestamp":1705334705957,"id":"ori1jq2dmdraqov","previousEventId":"uz4mx1eydb23mls","operationId":"x70nlojozt3ktj4"}
{"type":"operationStart","subtype":"render","name":"locations-header","previousOperationId":"x70nlojozt3ktj4","timestamp":1705334705958,"id":"k46pp40hc0ih6a0","previousEventId":"ori1jq2dmdraqov","operationId":"z0ku01li7h1vf6p"}
{"type":"log","timestamp":1705334705958,"level":"info","message":"Starting rendering (child) request","meta":{"rootId":"l1s8a99xp4g92tp","id":"4mg3l9dj71qzq3l"},"id":"ebycftzrpr4tvvz","previousOperationId":"z0ku01li7h1vf6p"}
{"type":"log","timestamp":1705334705959,"level":"info","message":"Rendering template { name: locations-header, recipe: chrome-pdf, engine: handlebars, preview: true }","meta":{"rootId":"l1s8a99xp4g92tp","id":"4mg3l9dj71qzq3l"},"id":"zs5zmj9evwdxvyq","previousOperationId":"z0ku01li7h1vf6p"}
{"type":"log","timestamp":1705334705960,"level":"debug","message":"Inline data specified.","meta":{"rootId":"l1s8a99xp4g92tp","id":"4mg3l9dj71qzq3l"},"id":"jea1c0ag5765dga","previousOperationId":"z0ku01li7h1vf6p"}
{"type":"log","timestamp":1705334705963,"level":"debug","message":"Base url not specified, skipping its injection.","meta":{"rootId":"l1s8a99xp4g92tp","id":"4mg3l9dj71qzq3l"},"id":"h9d95ync3smdxa2","previousOperationId":"z0ku01li7h1vf6p"}
{"type":"operationStart","subtype":"engine","name":"handlebars","timestamp":1705334705963,"id":"6ppqb8ues1g72az","previousEventId":"k46pp40hc0ih6a0","operationId":"1vw2vsk4hps7hd2","previousOperationId":"z0ku01li7h1vf6p"}
{"type":"log","timestamp":1705334705963,"level":"debug","message":"Rendering engine handlebars","meta":{"rootId":"l1s8a99xp4g92tp","id":"4mg3l9dj71qzq3l"},"id":"axfldbwio3b5kqy","previousOperationId":"1vw2vsk4hps7hd2"}
{"type":"operationEnd","operationId":"1vw2vsk4hps7hd2","timestamp":1705334705982,"id":"53kq5oszwy7n0ox","previousEventId":"6ppqb8ues1g72az","previousOperationId":"1vw2vsk4hps7hd2"}
{"type":"operationStart","subtype":"recipe","name":"chrome-pdf","timestamp":1705334705982,"id":"tc56pjf9mfjbgh7","previousEventId":"53kq5oszwy7n0ox","operationId":"01q0iy58l9sevq4","previousOperationId":"1vw2vsk4hps7hd2"}
{"type":"log","timestamp":1705334705982,"level":"debug","message":"Executing recipe chrome-pdf","meta":{"rootId":"l1s8a99xp4g92tp","id":"4mg3l9dj71qzq3l"},"id":"z08hr4nopl91t4i","previousOperationId":"01q0iy58l9sevq4"}
{"type":"log","timestamp":1705334705984,"level":"debug","message":"Converting with chrome HeadlessChrome/117.0.5938.149 using chrome-pool strategy","meta":{"rootId":"l1s8a99xp4g92tp","id":"4mg3l9dj71qzq3l"},"id":"ws54lb8ytbtt5iw","previousOperationId":"01q0iy58l9sevq4"}
{"type":"log","timestamp":1705334706122,"level":"debug","message":"Page request: GET (document) file:///C:/Users/arida/AppData/Local/Temp/jsreport/autocleanup/65ea1e49-50f2-462b-906a-8378c596425c-chrome-pdf.html","meta":{"rootId":"l1s8a99xp4g92tp","id":"4mg3l9dj71qzq3l"},"id":"6wj80bvdj9n03c1","previousOperationId":"01q0iy58l9sevq4"}
{"type":"log","timestamp":1705334706133,"level":"debug","message":"Page request: GET (stylesheet) https://cdnjs.cloudflare.com/ajax/libs/metro/4.1.5/css/metro.min.css","meta":{"rootId":"l1s8a99xp4g92tp","id":"4mg3l9dj71qzq3l"},"id":"5q9u9afc0vpr53z","previousOperationId":"01q0iy58l9sevq4"}
{"type":"log","timestamp":1705334706133,"level":"debug","message":"Page request finished: GET (document) 200 file:///C:/Users/arida/AppData/Local/Temp/jsreport/autocleanup/65ea1e49-50f2-462b-906a-8378c596425c-chrome-pdf.html","meta":{"rootId":"l1s8a99xp4g92tp","id":"4mg3l9dj71qzq3l"},"id":"nsz8zao0z9mb2yj","previousOperationId":"01q0iy58l9sevq4"}
{"type":"log","timestamp":1705334706157,"level":"debug","message":"Page request finished: GET (stylesheet) 200 https://cdnjs.cloudflare.com/ajax/libs/metro/4.1.5/css/metro.min.css","meta":{"rootId":"l1s8a99xp4g92tp","id":"4mg3l9dj71qzq3l"},"id":"52w076acrn505f9","previousOperationId":"01q0iy58l9sevq4"}
{"type":"log","timestamp":1705334706179,"level":"debug","message":"Running chrome with params {\"printBackground\":true,\"marginTop\":\"1.5cm\",\"marginRight\":\"1.5cm\",\"marginLeft\":\"1.cm\",\"timeout\":59646,\"margin\":{\"top\":\"1.5cm\",\"right\":\"1.5cm\",\"left\":\"1.cm\"}}","meta":{"rootId":"l1s8a99xp4g92tp","id":"4mg3l9dj71qzq3l"},"id":"cfyz05kfdy40gu3","previousOperationId":"01q0iy58l9sevq4"}
{"type":"operationEnd","operationId":"01q0iy58l9sevq4","timestamp":1705334706223,"id":"sut5p8glpo117v3","previousEventId":"tc56pjf9mfjbgh7","previousOperationId":"01q0iy58l9sevq4"}
{"type":"log","timestamp":1705334706223,"level":"debug","message":"Skipping storing report.","meta":{"rootId":"l1s8a99xp4g92tp","id":"4mg3l9dj71qzq3l"},"id":"ba7faqfauv4wti8","previousOperationId":"01q0iy58l9sevq4"}
{"type":"log","timestamp":1705334706223,"level":"info","message":"Rendering (child) request finished in 593 ms","meta":{"rootId":"l1s8a99xp4g92tp","id":"4mg3l9dj71qzq3l"},"id":"54y6mmceg2bg8hd","previousOperationId":"01q0iy58l9sevq4"}
{"type":"operationEnd","subtype":"render","operationId":"z0ku01li7h1vf6p","timestamp":1705334706223,"id":"d4w8d7maayy412w","previousEventId":"sut5p8glpo117v3","previousOperationId":"01q0iy58l9sevq4"}
{"type":"operationEnd","operationId":"x70nlojozt3ktj4","timestamp":1705334706231,"id":"rxlpvtni0pig8x6","previousEventId":"ori1jq2dmdraqov","previousOperationId":"x70nlojozt3ktj4"}
{"type":"log","timestamp":1705334706231,"level":"debug","message":"pdf-utils postproces start","meta":{"rootId":"l1s8a99xp4g92tp","id":"l1s8a99xp4g92tp"},"id":"2qqvr5cqygymkm8","previousOperationId":"x70nlojozt3ktj4"}
{"type":"log","timestamp":1705334706243,"level":"debug","message":"pdf-utils postproces end","meta":{"rootId":"l1s8a99xp4g92tp","id":"l1s8a99xp4g92tp"},"id":"us5ux8vyqma7v9n","previousOperationId":"x70nlojozt3ktj4"}
{"type":"operationEnd","operationId":"ra0ghwq016fvvy6","timestamp":1705334706243,"id":"2uqip841heac0q5","previousEventId":"rxlpvtni0pig8x6","previousOperationId":"x70nlojozt3ktj4"}
{"type":"log","timestamp":1705334706243,"level":"info","message":"pdf-utils pdf processing was finished","meta":{"rootId":"l1s8a99xp4g92tp","id":"l1s8a99xp4g92tp"},"id":"d6cstzhgaopwvt2","previousOperationId":"ra0ghwq016fvvy6"}
{"type":"log","timestamp":1705334706243,"level":"debug","message":"Skipping storing report.","meta":{"rootId":"l1s8a99xp4g92tp","id":"l1s8a99xp4g92tp"},"id":"hzhblhlm8p1vgmn","previousOperationId":"ra0ghwq016fvvy6"}
{"type":"log","timestamp":1705334706243,"level":"info","message":"Rendering request 24 finished in 613 ms","meta":{"rootId":"l1s8a99xp4g92tp","id":"l1s8a99xp4g92tp"},"id":"oak7hmy4n4ev48f","previousOperationId":"ra0ghwq016fvvy6"}
{"type":"operationEnd","subtype":"render","operationId":"4wlav1g5sesrr69","timestamp":1705334706243,"id":"awk19ijbeo8tjoc","previousEventId":"2uqip841heac0q5","previousOperationId":"ra0ghwq016fvvy6"}
{"type":"operationEnd","doDiffs":false,"previousEventId":"1i5m4rr1pcyqjhj","previousOperationId":"c8j1t3m0p1biekm","operationId":"c8j1t3m0p1biekm","timestamp":1705334706259,"id":"awz41p8zkqyneb2"}
