{"type":"operationStart","subtype":"profile","data":{"_id":"BJNMzBXXnzmxSmdV","timestamp":"2024-01-15T15:54:50.713Z","state":"queued","mode":"standard","creationDate":"2024-01-15T15:54:50.716Z","modificationDate":"2024-01-15T15:54:50.716Z","shortid":"8S9XuNP","$entitySet":"profiles"},"doDiffs":false,"timestamp":1705334090715,"id":"dg6n8vh8vscf5qc","previousOperationId":null,"operationId":"uch3alsgwymxr87"}
{"type":"log","level":"info","message":"Render request 19 queued for execution and waiting for available worker","previousOperationId":"uch3alsgwymxr87","timestamp":1705334090715,"id":"5sf54u564mjfti6"}
{"type":"operationStart","subtype":"render","name":"locations-main","previousOperationId":"uch3alsgwymxr87","timestamp":1705334090727,"id":"gafum1uhqobsnwn","previousEventId":"dg6n8vh8vscf5qc","operationId":"hp5iey8gq0g093q"}
{"type":"log","timestamp":1705334090727,"level":"info","message":"Starting rendering request 19","meta":{"rootId":"layscpd770kfcmq","id":"layscpd770kfcmq"},"id":"bu6k5xildhnb87o","previousOperationId":"hp5iey8gq0g093q"}
{"type":"log","timestamp":1705334090727,"level":"info","message":"Rendering template { name: locations-main, recipe: chrome-pdf, engine: handlebars, preview: true }","meta":{"rootId":"layscpd770kfcmq","id":"layscpd770kfcmq"},"id":"b66zvw7kusedz1f","previousOperationId":"hp5iey8gq0g093q"}
{"type":"log","timestamp":1705334090728,"level":"debug","message":"Data item not defined for this template.","meta":{"rootId":"layscpd770kfcmq","id":"layscpd770kfcmq"},"id":"y5xdj954wr32lov","previousOperationId":"hp5iey8gq0g093q"}
{"type":"log","timestamp":1705334090730,"level":"debug","message":"Executing script locations-script (beforeRender)","meta":{"rootId":"layscpd770kfcmq","id":"layscpd770kfcmq"},"id":"hep77j808fb0nwm","previousOperationId":"hp5iey8gq0g093q"}
{"type":"operationStart","subtype":"scriptsBeforeRender","name":"scripts beforeRender","timestamp":1705334090740,"id":"spu3igh5c03dhzc","previousEventId":"gafum1uhqobsnwn","operationId":"vavrlx859wfztje","previousOperationId":"hp5iey8gq0g093q"}
{"type":"operationStart","subtype":"script","name":"scripts locations-script","previousOperationId":"vavrlx859wfztje","timestamp":1705334090740,"id":"qpfn7aznjfpxqlj","previousEventId":"spu3igh5c03dhzc","operationId":"264c3vkqslctx36"}
{"type":"operationEnd","operationId":"264c3vkqslctx36","timestamp":1705334090749,"id":"18vzqt04jhb3re9","previousEventId":"gafum1uhqobsnwn","previousOperationId":"hp5iey8gq0g093q"}
{"type":"operationEnd","operationId":"vavrlx859wfztje","timestamp":1705334090749,"id":"idv17xrh71guenw","previousEventId":"18vzqt04jhb3re9","previousOperationId":"hp5iey8gq0g093q"}
{"type":"log","timestamp":1705334090749,"level":"debug","message":"Base url not specified, skipping its injection.","meta":{"rootId":"layscpd770kfcmq","id":"layscpd770kfcmq"},"id":"o0esi6b2kow8x85","previousOperationId":"vavrlx859wfztje"}
{"type":"operationStart","subtype":"engine","name":"handlebars","timestamp":1705334090749,"id":"sp3sa0ef4d8lz4n","previousEventId":"idv17xrh71guenw","operationId":"ljwuvtnm67ltu7q","previousOperationId":"vavrlx859wfztje"}
{"type":"log","timestamp":1705334090749,"level":"debug","message":"Rendering engine handlebars","meta":{"rootId":"layscpd770kfcmq","id":"layscpd770kfcmq"},"id":"z20v4hw91e057ws","previousOperationId":"ljwuvtnm67ltu7q"}
{"type":"operationEnd","operationId":"ljwuvtnm67ltu7q","timestamp":1705334090767,"id":"5uz5uly3gc0mnr2","previousEventId":"sp3sa0ef4d8lz4n","previousOperationId":"ljwuvtnm67ltu7q"}
{"type":"operationStart","subtype":"recipe","name":"chrome-pdf","timestamp":1705334090769,"id":"w5dixw9dhf744d8","previousEventId":"5uz5uly3gc0mnr2","operationId":"ga3ntfftnmlf6zs","previousOperationId":"ljwuvtnm67ltu7q"}
{"type":"log","timestamp":1705334090769,"level":"debug","message":"Executing recipe chrome-pdf","meta":{"rootId":"layscpd770kfcmq","id":"layscpd770kfcmq"},"id":"idx5rmn8p72nwqf","previousOperationId":"ga3ntfftnmlf6zs"}
{"type":"log","timestamp":1705334090771,"level":"debug","message":"Converting with chrome HeadlessChrome/117.0.5938.149 using chrome-pool strategy","meta":{"rootId":"layscpd770kfcmq","id":"layscpd770kfcmq"},"id":"3as7yldfzsaor72","previousOperationId":"ga3ntfftnmlf6zs"}
{"type":"log","timestamp":1705334090894,"level":"debug","message":"Page request: GET (document) file:///C:/Users/arida/AppData/Local/Temp/jsreport/autocleanup/77c450e3-454d-433d-b0b5-f3a385014abf-chrome-pdf.html","meta":{"rootId":"layscpd770kfcmq","id":"layscpd770kfcmq"},"id":"izt83325f78ah2w","previousOperationId":"ga3ntfftnmlf6zs"}
{"type":"log","timestamp":1705334090906,"level":"debug","message":"Page request: GET (script) https://cdnjs.cloudflare.com/ajax/libs/Chart.js/2.7.2/Chart.min.js","meta":{"rootId":"layscpd770kfcmq","id":"layscpd770kfcmq"},"id":"7rww0hf18kr89e8","previousOperationId":"ga3ntfftnmlf6zs"}
{"type":"log","timestamp":1705334090906,"level":"debug","message":"Page request finished: GET (document) 200 file:///C:/Users/arida/AppData/Local/Temp/jsreport/autocleanup/77c450e3-454d-433d-b0b5-f3a385014abf-chrome-pdf.html","meta":{"rootId":"layscpd770kfcmq","id":"layscpd770kfcmq"},"id":"pofhteq9y5ixtg2","previousOperationId":"ga3ntfftnmlf6zs"}
{"type":"log","timestamp":1705334090911,"level":"debug","message":"Page request finished: GET (script) 200 https://cdnjs.cloudflare.com/ajax/libs/Chart.js/2.7.2/Chart.min.js","meta":{"rootId":"layscpd770kfcmq","id":"layscpd770kfcmq"},"id":"tes5gjoen4y4cl1","previousOperationId":"ga3ntfftnmlf6zs"}
{"type":"log","timestamp":1705334090918,"level":"warn","message":"Page error: Unexpected token ';' , stack: SyntaxError: Unexpected token ';'","meta":{"rootId":"layscpd770kfcmq","id":"layscpd770kfcmq"},"id":"bwhin56c10wg522","previousOperationId":"ga3ntfftnmlf6zs"}
{"type":"log","timestamp":1705334090930,"level":"debug","message":"Running chrome with params {\"printBackground\":true,\"marginTop\":\"4cm\",\"marginRight\":\"1.5cm\",\"marginBottom\":\"1.5cm\",\"marginLeft\":\"1.5cm\",\"waitForJS\":false,\"timeout\":59943,\"margin\":{\"top\":\"4cm\",\"right\":\"1.5cm\",\"bottom\":\"1.5cm\",\"left\":\"1.5cm\"}}","meta":{"rootId":"layscpd770kfcmq","id":"layscpd770kfcmq"},"id":"kzxc4crr8sh7mub","previousOperationId":"ga3ntfftnmlf6zs"}
{"type":"operationEnd","operationId":"ga3ntfftnmlf6zs","timestamp":1705334090963,"id":"wn1ns2r0c1r3gcg","previousEventId":"w5dixw9dhf744d8","previousOperationId":"ga3ntfftnmlf6zs"}
{"type":"log","timestamp":1705334090963,"level":"info","message":"pdf-utils is starting pdf processing","meta":{"rootId":"layscpd770kfcmq","id":"layscpd770kfcmq"},"id":"18ihjcshc03t6xh","previousOperationId":"ga3ntfftnmlf6zs"}
{"type":"operationStart","subtype":"pdfUtils","name":"pdf utils","timestamp":1705334090963,"id":"yc0uy7o48jw80vl","previousEventId":"wn1ns2r0c1r3gcg","operationId":"iqbv0lxoxff3qiz","previousOperationId":"ga3ntfftnmlf6zs"}
{"type":"log","timestamp":1705334090963,"level":"debug","message":"pdf-utils detected 1 pdf operation(s) to process","meta":{"rootId":"layscpd770kfcmq","id":"layscpd770kfcmq"},"id":"8j2yue6sse53riv","previousOperationId":"iqbv0lxoxff3qiz"}
{"type":"log","timestamp":1705334090976,"level":"debug","message":"pdf-utils running pdf operation merge","meta":{"rootId":"layscpd770kfcmq","id":"layscpd770kfcmq"},"id":"zf5h8mul9elaf84","previousOperationId":"iqbv0lxoxff3qiz"}
{"type":"operationStart","subtype":"pdfUtilsMerge","name":"pdf utils merge","previousOperationId":"iqbv0lxoxff3qiz","timestamp":1705334090976,"id":"rqoqx3d2dvz1m82","previousEventId":"yc0uy7o48jw80vl","operationId":"hx2arulnhk7jee5"}
{"type":"operationStart","subtype":"render","name":"locations-header","previousOperationId":"hx2arulnhk7jee5","timestamp":1705334090977,"id":"qguaacsrkehyvmp","previousEventId":"rqoqx3d2dvz1m82","operationId":"nqqv0g4epb34c58"}
{"type":"log","timestamp":1705334090977,"level":"info","message":"Starting rendering (child) request","meta":{"rootId":"layscpd770kfcmq","id":"k0q8qp347szivu7"},"id":"4g1wck2sfabfpmj","previousOperationId":"nqqv0g4epb34c58"}
{"type":"log","timestamp":1705334090977,"level":"info","message":"Rendering template { name: locations-header, recipe: chrome-pdf, engine: handlebars, preview: true }","meta":{"rootId":"layscpd770kfcmq","id":"k0q8qp347szivu7"},"id":"invnk6h3o57cbm1","previousOperationId":"nqqv0g4epb34c58"}
{"type":"log","timestamp":1705334090978,"level":"debug","message":"Inline data specified.","meta":{"rootId":"layscpd770kfcmq","id":"k0q8qp347szivu7"},"id":"6btzxpjgkk8z075","previousOperationId":"nqqv0g4epb34c58"}
{"type":"log","timestamp":1705334090997,"level":"debug","message":"Base url not specified, skipping its injection.","meta":{"rootId":"layscpd770kfcmq","id":"k0q8qp347szivu7"},"id":"cd7xrxqxut6209l","previousOperationId":"nqqv0g4epb34c58"}
{"type":"operationStart","subtype":"engine","name":"handlebars","timestamp":1705334090997,"id":"7iu9eui8eqqgnkq","previousEventId":"qguaacsrkehyvmp","operationId":"geaiyks37crhres","previousOperationId":"nqqv0g4epb34c58"}
{"type":"log","timestamp":1705334090997,"level":"debug","message":"Rendering engine handlebars","meta":{"rootId":"layscpd770kfcmq","id":"k0q8qp347szivu7"},"id":"r6d7tz53qdt2vfl","previousOperationId":"geaiyks37crhres"}
{"type":"operationEnd","operationId":"geaiyks37crhres","timestamp":1705334091012,"id":"j6l3etujvcffav2","previousEventId":"7iu9eui8eqqgnkq","previousOperationId":"geaiyks37crhres"}
{"type":"operationStart","subtype":"recipe","name":"chrome-pdf","timestamp":1705334091012,"id":"rd9qc9mdqv9luki","previousEventId":"j6l3etujvcffav2","operationId":"rpd60kd4qyligk8","previousOperationId":"geaiyks37crhres"}
{"type":"log","timestamp":1705334091012,"level":"debug","message":"Executing recipe chrome-pdf","meta":{"rootId":"layscpd770kfcmq","id":"k0q8qp347szivu7"},"id":"lp3g9jf2i25j8sq","previousOperationId":"rpd60kd4qyligk8"}
{"type":"log","timestamp":1705334091014,"level":"debug","message":"Converting with chrome HeadlessChrome/117.0.5938.149 using chrome-pool strategy","meta":{"rootId":"layscpd770kfcmq","id":"k0q8qp347szivu7"},"id":"hn83earfqerxj9q","previousOperationId":"rpd60kd4qyligk8"}
{"type":"log","timestamp":1705334091152,"level":"debug","message":"Page request: GET (document) file:///C:/Users/arida/AppData/Local/Temp/jsreport/autocleanup/c169b2d1-f6de-421b-94f0-cbfcbcf4ede4-chrome-pdf.html","meta":{"rootId":"layscpd770kfcmq","id":"k0q8qp347szivu7"},"id":"sccb77fwce70qfv","previousOperationId":"rpd60kd4qyligk8"}
{"type":"log","timestamp":1705334091163,"level":"debug","message":"Page request: GET (stylesheet) https://cdnjs.cloudflare.com/ajax/libs/metro/4.1.5/css/metro.min.css","meta":{"rootId":"layscpd770kfcmq","id":"k0q8qp347szivu7"},"id":"h07chd2yq27inw2","previousOperationId":"rpd60kd4qyligk8"}
{"type":"log","timestamp":1705334091163,"level":"debug","message":"Page request finished: GET (document) 200 file:///C:/Users/arida/AppData/Local/Temp/jsreport/autocleanup/c169b2d1-f6de-421b-94f0-cbfcbcf4ede4-chrome-pdf.html","meta":{"rootId":"layscpd770kfcmq","id":"k0q8qp347szivu7"},"id":"705iddw6ecnsp64","previousOperationId":"rpd60kd4qyligk8"}
{"type":"log","timestamp":1705334091186,"level":"debug","message":"Page request finished: GET (stylesheet) 200 https://cdnjs.cloudflare.com/ajax/libs/metro/4.1.5/css/metro.min.css","meta":{"rootId":"layscpd770kfcmq","id":"k0q8qp347szivu7"},"id":"gqo2ntbbsqekdjb","previousOperationId":"rpd60kd4qyligk8"}
{"type":"log","timestamp":1705334091211,"level":"debug","message":"Running chrome with params {\"printBackground\":true,\"marginTop\":\"1.5cm\",\"marginRight\":\"1.5cm\",\"marginLeft\":\"1.cm\",\"timeout\":59700,\"margin\":{\"top\":\"1.5cm\",\"right\":\"1.5cm\",\"left\":\"1.cm\"}}","meta":{"rootId":"layscpd770kfcmq","id":"k0q8qp347szivu7"},"id":"03rbg32x3qgqzsf","previousOperationId":"rpd60kd4qyligk8"}
{"type":"operationEnd","operationId":"rpd60kd4qyligk8","timestamp":1705334091256,"id":"h0via8nzl8e8gnh","previousEventId":"rd9qc9mdqv9luki","previousOperationId":"rpd60kd4qyligk8"}
{"type":"log","timestamp":1705334091256,"level":"debug","message":"Skipping storing report.","meta":{"rootId":"layscpd770kfcmq","id":"k0q8qp347szivu7"},"id":"82lts7dloei1dbs","previousOperationId":"rpd60kd4qyligk8"}
{"type":"log","timestamp":1705334091256,"level":"info","message":"Rendering (child) request finished in 543 ms","meta":{"rootId":"layscpd770kfcmq","id":"k0q8qp347szivu7"},"id":"xe8xypgm89ly4do","previousOperationId":"rpd60kd4qyligk8"}
{"type":"operationEnd","subtype":"render","operationId":"nqqv0g4epb34c58","timestamp":1705334091256,"id":"p0bzvg3zy9jp5rq","previousEventId":"h0via8nzl8e8gnh","previousOperationId":"rpd60kd4qyligk8"}
{"type":"operationEnd","operationId":"hx2arulnhk7jee5","timestamp":1705334091265,"id":"41zikrlbk1qrqjr","previousEventId":"rqoqx3d2dvz1m82","previousOperationId":"hx2arulnhk7jee5"}
{"type":"log","timestamp":1705334091265,"level":"debug","message":"pdf-utils postproces start","meta":{"rootId":"layscpd770kfcmq","id":"layscpd770kfcmq"},"id":"1dvwf1qe9a7qnwh","previousOperationId":"hx2arulnhk7jee5"}
{"type":"log","timestamp":1705334091275,"level":"debug","message":"pdf-utils postproces end","meta":{"rootId":"layscpd770kfcmq","id":"layscpd770kfcmq"},"id":"4drkhfnxab1necf","previousOperationId":"hx2arulnhk7jee5"}
{"type":"operationEnd","operationId":"iqbv0lxoxff3qiz","timestamp":1705334091275,"id":"7v754kjiimuwu6m","previousEventId":"41zikrlbk1qrqjr","previousOperationId":"hx2arulnhk7jee5"}
{"type":"log","timestamp":1705334091275,"level":"info","message":"pdf-utils pdf processing was finished","meta":{"rootId":"layscpd770kfcmq","id":"layscpd770kfcmq"},"id":"rvrky3igt4eryrs","previousOperationId":"iqbv0lxoxff3qiz"}
{"type":"log","timestamp":1705334091275,"level":"debug","message":"Skipping storing report.","meta":{"rootId":"layscpd770kfcmq","id":"layscpd770kfcmq"},"id":"lb6x8oo16cho04a","previousOperationId":"iqbv0lxoxff3qiz"}
{"type":"log","timestamp":1705334091275,"level":"info","message":"Rendering request 19 finished in 562 ms","meta":{"rootId":"layscpd770kfcmq","id":"layscpd770kfcmq"},"id":"w3tp1kcb2cank1v","previousOperationId":"iqbv0lxoxff3qiz"}
{"type":"operationEnd","subtype":"render","operationId":"hp5iey8gq0g093q","timestamp":1705334091275,"id":"yt5ha0eqo4n37ds","previousEventId":"7v754kjiimuwu6m","previousOperationId":"iqbv0lxoxff3qiz"}
{"type":"operationEnd","doDiffs":false,"previousEventId":"dg6n8vh8vscf5qc","previousOperationId":"uch3alsgwymxr87","operationId":"uch3alsgwymxr87","timestamp":1705334091287,"id":"fcobh59b5uhmgo6"}
