{"type":"operationStart","subtype":"profile","data":{"_id":"AYxzWTaKBRNjsAm7","timestamp":"2024-01-15T10:18:00.976Z","state":"queued","mode":"standard","creationDate":"2024-01-15T10:18:00.982Z","modificationDate":"2024-01-15T10:18:00.982Z","shortid":"dG3qswp","$entitySet":"profiles"},"doDiffs":false,"timestamp":1705313880979,"id":"vkgwk1r11z3p22w","previousOperationId":null,"operationId":"3x5e1g9o5ldjn5n"}
{"type":"log","level":"info","message":"Render request 27 queued for execution and waiting for available worker","previousOperationId":"3x5e1g9o5ldjn5n","timestamp":1705313880979,"id":"csm4er4bnc8ae38"}
{"type":"operationStart","subtype":"render","name":"locations-main","previousOperationId":"3x5e1g9o5ldjn5n","timestamp":1705313881011,"id":"77zmlr9qskiywkr","previousEventId":"vkgwk1r11z3p22w","operationId":"6cn9djee4jqhgbk"}
{"type":"log","timestamp":1705313881011,"level":"info","message":"Starting rendering request 27","meta":{"rootId":"lhtdq1qf7zgxo1j","id":"lhtdq1qf7zgxo1j"},"id":"6apzve86nrn4s3y","previousOperationId":"6cn9djee4jqhgbk"}
{"type":"log","timestamp":1705313881012,"level":"info","message":"Rendering template { name: locations-main, recipe: chrome-pdf, engine: handlebars, preview: true }","meta":{"rootId":"lhtdq1qf7zgxo1j","id":"lhtdq1qf7zgxo1j"},"id":"6g1ff9a7h3b5nio","previousOperationId":"6cn9djee4jqhgbk"}
{"type":"log","timestamp":1705313881022,"level":"debug","message":"Data item not defined for this template.","meta":{"rootId":"lhtdq1qf7zgxo1j","id":"lhtdq1qf7zgxo1j"},"id":"flomf3hdn10p87g","previousOperationId":"6cn9djee4jqhgbk"}
{"type":"log","timestamp":1705313881030,"level":"debug","message":"Executing script locations-script (beforeRender)","meta":{"rootId":"lhtdq1qf7zgxo1j","id":"lhtdq1qf7zgxo1j"},"id":"435sljdwzy4nmud","previousOperationId":"6cn9djee4jqhgbk"}
{"type":"operationStart","subtype":"scriptsBeforeRender","name":"scripts beforeRender","timestamp":1705313881046,"id":"ppgeaaot55jqu5w","previousEventId":"77zmlr9qskiywkr","operationId":"t43hn7szrxbt4dc","previousOperationId":"6cn9djee4jqhgbk"}
{"type":"operationStart","subtype":"script","name":"scripts locations-script","previousOperationId":"t43hn7szrxbt4dc","timestamp":1705313881046,"id":"voj60sfyvb5xl5h","previousEventId":"ppgeaaot55jqu5w","operationId":"5d3wejj23l4h9cc"}
{"type":"operationEnd","operationId":"5d3wejj23l4h9cc","timestamp":1705313881068,"id":"fhkb0mt0715as41","previousEventId":"77zmlr9qskiywkr","previousOperationId":"6cn9djee4jqhgbk"}
{"type":"operationEnd","operationId":"t43hn7szrxbt4dc","timestamp":1705313881068,"id":"4z1g6cyl2dkqsq9","previousEventId":"fhkb0mt0715as41","previousOperationId":"6cn9djee4jqhgbk"}
{"type":"log","timestamp":1705313881068,"level":"debug","message":"Base url not specified, skipping its injection.","meta":{"rootId":"lhtdq1qf7zgxo1j","id":"lhtdq1qf7zgxo1j"},"id":"wopvaxuame6k577","previousOperationId":"t43hn7szrxbt4dc"}
{"type":"operationStart","subtype":"engine","name":"handlebars","timestamp":1705313881069,"id":"wfwiri3sdj0xx11","previousEventId":"4z1g6cyl2dkqsq9","operationId":"4eyq924fh112zku","previousOperationId":"t43hn7szrxbt4dc"}
{"type":"log","timestamp":1705313881069,"level":"debug","message":"Rendering engine handlebars","meta":{"rootId":"lhtdq1qf7zgxo1j","id":"lhtdq1qf7zgxo1j"},"id":"3ltxlzejpqxojm2","previousOperationId":"4eyq924fh112zku"}
{"type":"operationEnd","operationId":"4eyq924fh112zku","timestamp":1705313881135,"id":"110avuxt23g5mnf","previousEventId":"wfwiri3sdj0xx11","previousOperationId":"4eyq924fh112zku"}
{"type":"operationStart","subtype":"recipe","name":"chrome-pdf","timestamp":1705313881135,"id":"6e3g7mxot76gumw","previousEventId":"110avuxt23g5mnf","operationId":"22n17da281rtjy5","previousOperationId":"4eyq924fh112zku"}
{"type":"log","timestamp":1705313881135,"level":"debug","message":"Executing recipe chrome-pdf","meta":{"rootId":"lhtdq1qf7zgxo1j","id":"lhtdq1qf7zgxo1j"},"id":"mlxgad1sqcumy28","previousOperationId":"22n17da281rtjy5"}
{"type":"log","timestamp":1705313881142,"level":"debug","message":"Converting with chrome HeadlessChrome/117.0.5938.149 using chrome-pool strategy","meta":{"rootId":"lhtdq1qf7zgxo1j","id":"lhtdq1qf7zgxo1j"},"id":"17vtcrkilp6n1x0","previousOperationId":"22n17da281rtjy5"}
{"type":"log","timestamp":1705313881327,"level":"debug","message":"Page request: GET (document) file:///C:/Users/arida/AppData/Local/Temp/jsreport/autocleanup/5cebeb73-25a2-412c-a2c8-24d239d232f2-chrome-pdf.html","meta":{"rootId":"lhtdq1qf7zgxo1j","id":"lhtdq1qf7zgxo1j"},"id":"ywbz4dgs2puleyz","previousOperationId":"22n17da281rtjy5"}
{"type":"log","timestamp":1705313881360,"level":"debug","message":"Page request: GET (script) https://cdn.jsdelivr.net/npm/chart.js","meta":{"rootId":"lhtdq1qf7zgxo1j","id":"lhtdq1qf7zgxo1j"},"id":"m0dyj9pnxa5dl7a","previousOperationId":"22n17da281rtjy5"}
{"type":"log","timestamp":1705313881360,"level":"debug","message":"Page request finished: GET (document) 200 file:///C:/Users/arida/AppData/Local/Temp/jsreport/autocleanup/5cebeb73-25a2-412c-a2c8-24d239d232f2-chrome-pdf.html","meta":{"rootId":"lhtdq1qf7zgxo1j","id":"lhtdq1qf7zgxo1j"},"id":"y7nx8t1ah6l8n9x","previousOperationId":"22n17da281rtjy5"}
{"type":"log","timestamp":1705313881365,"level":"debug","message":"Page request finished: GET (script) 200 https://cdn.jsdelivr.net/npm/chart.js","meta":{"rootId":"lhtdq1qf7zgxo1j","id":"lhtdq1qf7zgxo1j"},"id":"wx4qhtxl4c881pp","previousOperationId":"22n17da281rtjy5"}
{"type":"log","timestamp":1705313881371,"level":"warn","message":"Page error: numEventos is not defined , stack: ReferenceError: numEventos is not defined\n    at <anonymous> (file:///C:/Users/arida/AppData/Local/Temp/jsreport/autocleanup/5cebeb73-25a2-412c-a2c8-24d239d232f2-chrome-pdf.html:47:22)","meta":{"rootId":"lhtdq1qf7zgxo1j","id":"lhtdq1qf7zgxo1j"},"id":"l3qj0oc53kczqyt","previousOperationId":"22n17da281rtjy5"}
{"type":"log","timestamp":1705313881371,"level":"warn","message":"Page error: numEventos is not defined , stack: ReferenceError: numEventos is not defined\n    at <anonymous> (file:///C:/Users/arida/AppData/Local/Temp/jsreport/autocleanup/5cebeb73-25a2-412c-a2c8-24d239d232f2-chrome-pdf.html:92:22)","meta":{"rootId":"lhtdq1qf7zgxo1j","id":"lhtdq1qf7zgxo1j"},"id":"mw00b70xewxe1fm","previousOperationId":"22n17da281rtjy5"}
{"type":"log","timestamp":1705313881384,"level":"debug","message":"Running chrome with params {\"printBackground\":true,\"marginTop\":\"4cm\",\"marginRight\":\"1.5cm\",\"marginBottom\":\"1.5cm\",\"marginLeft\":\"1.5cm\",\"waitForJS\":false,\"timeout\":59836,\"margin\":{\"top\":\"4cm\",\"right\":\"1.5cm\",\"bottom\":\"1.5cm\",\"left\":\"1.5cm\"}}","meta":{"rootId":"lhtdq1qf7zgxo1j","id":"lhtdq1qf7zgxo1j"},"id":"4f1x78344ypvi2k","previousOperationId":"22n17da281rtjy5"}
{"type":"operationEnd","operationId":"22n17da281rtjy5","timestamp":1705313881421,"id":"tinczsg29t9pgyb","previousEventId":"6e3g7mxot76gumw","previousOperationId":"22n17da281rtjy5"}
{"type":"log","timestamp":1705313881421,"level":"info","message":"pdf-utils is starting pdf processing","meta":{"rootId":"lhtdq1qf7zgxo1j","id":"lhtdq1qf7zgxo1j"},"id":"0q5limj9ubi9jrm","previousOperationId":"22n17da281rtjy5"}
{"type":"operationStart","subtype":"pdfUtils","name":"pdf utils","timestamp":1705313881421,"id":"yikawom8s0pymts","previousEventId":"tinczsg29t9pgyb","operationId":"tz3k1exou5ut4ie","previousOperationId":"22n17da281rtjy5"}
{"type":"log","timestamp":1705313881421,"level":"debug","message":"pdf-utils detected 1 pdf operation(s) to process","meta":{"rootId":"lhtdq1qf7zgxo1j","id":"lhtdq1qf7zgxo1j"},"id":"j2x85n1znaze5ez","previousOperationId":"tz3k1exou5ut4ie"}
{"type":"log","timestamp":1705313881435,"level":"debug","message":"pdf-utils running pdf operation merge","meta":{"rootId":"lhtdq1qf7zgxo1j","id":"lhtdq1qf7zgxo1j"},"id":"n166apqj0ghr7nk","previousOperationId":"tz3k1exou5ut4ie"}
{"type":"operationStart","subtype":"pdfUtilsMerge","name":"pdf utils merge","previousOperationId":"tz3k1exou5ut4ie","timestamp":1705313881435,"id":"zes3qdm2a92epnv","previousEventId":"yikawom8s0pymts","operationId":"w09ozzob4o6ifbl"}
{"type":"operationStart","subtype":"render","name":"locations-header","previousOperationId":"w09ozzob4o6ifbl","timestamp":1705313881436,"id":"zb427cjky3wtxlc","previousEventId":"zes3qdm2a92epnv","operationId":"hz4vu8nk8zue419"}
{"type":"log","timestamp":1705313881436,"level":"info","message":"Starting rendering (child) request","meta":{"rootId":"lhtdq1qf7zgxo1j","id":"z5vmmp435vnetb9"},"id":"ua12fv9pwvdct6x","previousOperationId":"hz4vu8nk8zue419"}
{"type":"log","timestamp":1705313881436,"level":"info","message":"Rendering template { name: locations-header, recipe: chrome-pdf, engine: handlebars, preview: true }","meta":{"rootId":"lhtdq1qf7zgxo1j","id":"z5vmmp435vnetb9"},"id":"y03154qoak35vc5","previousOperationId":"hz4vu8nk8zue419"}
{"type":"log","timestamp":1705313881437,"level":"debug","message":"Inline data specified.","meta":{"rootId":"lhtdq1qf7zgxo1j","id":"z5vmmp435vnetb9"},"id":"yj28af23x1nxt6y","previousOperationId":"hz4vu8nk8zue419"}
{"type":"log","timestamp":1705313881440,"level":"debug","message":"Base url not specified, skipping its injection.","meta":{"rootId":"lhtdq1qf7zgxo1j","id":"z5vmmp435vnetb9"},"id":"0b9vgogoxb341bw","previousOperationId":"hz4vu8nk8zue419"}
{"type":"operationStart","subtype":"engine","name":"handlebars","timestamp":1705313881440,"id":"gaaxkhgne3sf04p","previousEventId":"zb427cjky3wtxlc","operationId":"6zgj0gczojppiar","previousOperationId":"hz4vu8nk8zue419"}
{"type":"log","timestamp":1705313881440,"level":"debug","message":"Rendering engine handlebars","meta":{"rootId":"lhtdq1qf7zgxo1j","id":"z5vmmp435vnetb9"},"id":"wc6cqjjo96lif2p","previousOperationId":"6zgj0gczojppiar"}
{"type":"operationEnd","operationId":"6zgj0gczojppiar","timestamp":1705313881463,"id":"dlxt9z9h8bn1pci","previousEventId":"gaaxkhgne3sf04p","previousOperationId":"6zgj0gczojppiar"}
{"type":"operationStart","subtype":"recipe","name":"chrome-pdf","timestamp":1705313881463,"id":"m9h60sxuylurlmz","previousEventId":"dlxt9z9h8bn1pci","operationId":"wbjajln97bksbr5","previousOperationId":"6zgj0gczojppiar"}
{"type":"log","timestamp":1705313881463,"level":"debug","message":"Executing recipe chrome-pdf","meta":{"rootId":"lhtdq1qf7zgxo1j","id":"z5vmmp435vnetb9"},"id":"ai6q1h5qvylr4q5","previousOperationId":"wbjajln97bksbr5"}
{"type":"log","timestamp":1705313881466,"level":"debug","message":"Converting with chrome HeadlessChrome/117.0.5938.149 using chrome-pool strategy","meta":{"rootId":"lhtdq1qf7zgxo1j","id":"z5vmmp435vnetb9"},"id":"ge827jr71ob15od","previousOperationId":"wbjajln97bksbr5"}
{"type":"log","timestamp":1705313881571,"level":"debug","message":"Page request: GET (document) file:///C:/Users/arida/AppData/Local/Temp/jsreport/autocleanup/d8d640dd-7207-4ab0-ab38-982d8e3c7c5e-chrome-pdf.html","meta":{"rootId":"lhtdq1qf7zgxo1j","id":"z5vmmp435vnetb9"},"id":"csoh0qhrughdozw","previousOperationId":"wbjajln97bksbr5"}
{"type":"log","timestamp":1705313881582,"level":"debug","message":"Page request: GET (stylesheet) https://cdnjs.cloudflare.com/ajax/libs/metro/4.1.5/css/metro.min.css","meta":{"rootId":"lhtdq1qf7zgxo1j","id":"z5vmmp435vnetb9"},"id":"gl0e1b1572mo08l","previousOperationId":"wbjajln97bksbr5"}
{"type":"log","timestamp":1705313881582,"level":"debug","message":"Page request finished: GET (document) 200 file:///C:/Users/arida/AppData/Local/Temp/jsreport/autocleanup/d8d640dd-7207-4ab0-ab38-982d8e3c7c5e-chrome-pdf.html","meta":{"rootId":"lhtdq1qf7zgxo1j","id":"z5vmmp435vnetb9"},"id":"q8aem6p7d96jscg","previousOperationId":"wbjajln97bksbr5"}
{"type":"log","timestamp":1705313881602,"level":"debug","message":"Page request finished: GET (stylesheet) 200 https://cdnjs.cloudflare.com/ajax/libs/metro/4.1.5/css/metro.min.css","meta":{"rootId":"lhtdq1qf7zgxo1j","id":"z5vmmp435vnetb9"},"id":"1ncqpclub43wfjs","previousOperationId":"wbjajln97bksbr5"}
{"type":"log","timestamp":1705313881622,"level":"debug","message":"Running chrome with params {\"printBackground\":true,\"marginTop\":\"1.5cm\",\"marginRight\":\"1.5cm\",\"marginLeft\":\"1.cm\",\"timeout\":59511,\"margin\":{\"top\":\"1.5cm\",\"right\":\"1.5cm\",\"left\":\"1.cm\"}}","meta":{"rootId":"lhtdq1qf7zgxo1j","id":"z5vmmp435vnetb9"},"id":"m6ph6gar4e2xm9w","previousOperationId":"wbjajln97bksbr5"}
{"type":"operationEnd","operationId":"wbjajln97bksbr5","timestamp":1705313881662,"id":"glwtg41e5o12kif","previousEventId":"m9h60sxuylurlmz","previousOperationId":"wbjajln97bksbr5"}
{"type":"log","timestamp":1705313881662,"level":"debug","message":"Skipping storing report.","meta":{"rootId":"lhtdq1qf7zgxo1j","id":"z5vmmp435vnetb9"},"id":"bvajr6sg4uzwa2d","previousOperationId":"wbjajln97bksbr5"}
{"type":"log","timestamp":1705313881662,"level":"info","message":"Rendering (child) request finished in 686 ms","meta":{"rootId":"lhtdq1qf7zgxo1j","id":"z5vmmp435vnetb9"},"id":"x13hs8zfqcaqbd2","previousOperationId":"wbjajln97bksbr5"}
{"type":"operationEnd","subtype":"render","operationId":"hz4vu8nk8zue419","timestamp":1705313881662,"id":"w2qxgs9wzz6w8gz","previousEventId":"glwtg41e5o12kif","previousOperationId":"wbjajln97bksbr5"}
{"type":"operationEnd","operationId":"w09ozzob4o6ifbl","timestamp":1705313881669,"id":"zi08jx6reqifatr","previousEventId":"zes3qdm2a92epnv","previousOperationId":"w09ozzob4o6ifbl"}
{"type":"log","timestamp":1705313881669,"level":"debug","message":"pdf-utils postproces start","meta":{"rootId":"lhtdq1qf7zgxo1j","id":"lhtdq1qf7zgxo1j"},"id":"e8ixwsynemvu1s7","previousOperationId":"w09ozzob4o6ifbl"}
{"type":"log","timestamp":1705313881676,"level":"debug","message":"pdf-utils postproces end","meta":{"rootId":"lhtdq1qf7zgxo1j","id":"lhtdq1qf7zgxo1j"},"id":"bg7t4x8tce6fggv","previousOperationId":"w09ozzob4o6ifbl"}
{"type":"operationEnd","operationId":"tz3k1exou5ut4ie","timestamp":1705313881676,"id":"y113frnsgx9d3u0","previousEventId":"zi08jx6reqifatr","previousOperationId":"w09ozzob4o6ifbl"}
{"type":"log","timestamp":1705313881676,"level":"info","message":"pdf-utils pdf processing was finished","meta":{"rootId":"lhtdq1qf7zgxo1j","id":"lhtdq1qf7zgxo1j"},"id":"9jdooph7runk518","previousOperationId":"tz3k1exou5ut4ie"}
{"type":"log","timestamp":1705313881676,"level":"debug","message":"Skipping storing report.","meta":{"rootId":"lhtdq1qf7zgxo1j","id":"lhtdq1qf7zgxo1j"},"id":"w70hpu1ttx3qen0","previousOperationId":"tz3k1exou5ut4ie"}
{"type":"log","timestamp":1705313881676,"level":"info","message":"Rendering request 27 finished in 700 ms","meta":{"rootId":"lhtdq1qf7zgxo1j","id":"lhtdq1qf7zgxo1j"},"id":"wd2w358w7ch9uix","previousOperationId":"tz3k1exou5ut4ie"}
{"type":"operationEnd","subtype":"render","operationId":"6cn9djee4jqhgbk","timestamp":1705313881676,"id":"6fodpf59nq643gx","previousEventId":"y113frnsgx9d3u0","previousOperationId":"tz3k1exou5ut4ie"}
{"type":"operationEnd","doDiffs":false,"previousEventId":"vkgwk1r11z3p22w","previousOperationId":"3x5e1g9o5ldjn5n","operationId":"3x5e1g9o5ldjn5n","timestamp":1705313881685,"id":"ww578kjfp3fpg7i"}
