{"type":"operationStart","subtype":"profile","data":{"_id":"lSWLb8DzNyD9wynZ","timestamp":"2024-01-15T09:57:06.918Z","state":"queued","mode":"standard","creationDate":"2024-01-15T09:57:06.925Z","modificationDate":"2024-01-15T09:57:06.925Z","shortid":"Dojez-l","$entitySet":"profiles"},"doDiffs":false,"timestamp":1705312626922,"id":"xbrife78sofkq5z","previousOperationId":null,"operationId":"2ge9lomor53d498"}
{"type":"log","level":"info","message":"Render request 5 queued for execution and waiting for available worker","previousOperationId":"2ge9lomor53d498","timestamp":1705312626922,"id":"f3snxoawy0cgtkb"}
{"type":"operationStart","subtype":"render","name":"locations-main","previousOperationId":"2ge9lomor53d498","timestamp":1705312626939,"id":"nfiwqf9jn5bpezg","previousEventId":"xbrife78sofkq5z","operationId":"j86s6uvs4j58pe2"}
{"type":"log","timestamp":1705312626940,"level":"info","message":"Starting rendering request 5","meta":{"rootId":"mldumuo8ykwm5nf","id":"mldumuo8ykwm5nf"},"id":"eh84g3e3kq03d03","previousOperationId":"j86s6uvs4j58pe2"}
{"type":"log","timestamp":1705312626940,"level":"info","message":"Rendering template { name: locations-main, recipe: chrome-pdf, engine: handlebars, preview: false }","meta":{"rootId":"mldumuo8ykwm5nf","id":"mldumuo8ykwm5nf"},"id":"rtq5vl3cw8qs6en","previousOperationId":"j86s6uvs4j58pe2"}
{"type":"log","timestamp":1705312626944,"level":"debug","message":"Data item not defined for this template.","meta":{"rootId":"mldumuo8ykwm5nf","id":"mldumuo8ykwm5nf"},"id":"q6pzxjxgud83lbf","previousOperationId":"j86s6uvs4j58pe2"}
{"type":"log","timestamp":1705312626957,"level":"debug","message":"Executing script locations-script (beforeRender)","meta":{"rootId":"mldumuo8ykwm5nf","id":"mldumuo8ykwm5nf"},"id":"w2r6dhmx9igcnmv","previousOperationId":"j86s6uvs4j58pe2"}
{"type":"operationStart","subtype":"scriptsBeforeRender","name":"scripts beforeRender","timestamp":1705312626978,"id":"pzefg06rxtmh9fx","previousEventId":"nfiwqf9jn5bpezg","operationId":"yuvj1vbwveep1zq","previousOperationId":"j86s6uvs4j58pe2"}
{"type":"operationStart","subtype":"script","name":"scripts locations-script","previousOperationId":"yuvj1vbwveep1zq","timestamp":1705312626978,"id":"q34jyx5j5td3051","previousEventId":"pzefg06rxtmh9fx","operationId":"ilzaquz24fwbkuu"}
{"type":"operationEnd","operationId":"ilzaquz24fwbkuu","timestamp":1705312626997,"id":"ai4ue2287efkhv1","previousEventId":"nfiwqf9jn5bpezg","previousOperationId":"j86s6uvs4j58pe2"}
{"type":"operationEnd","operationId":"yuvj1vbwveep1zq","timestamp":1705312626997,"id":"826n1e6xrk810uc","previousEventId":"ai4ue2287efkhv1","previousOperationId":"j86s6uvs4j58pe2"}
{"type":"log","timestamp":1705312626997,"level":"debug","message":"Base url not specified, skipping its injection.","meta":{"rootId":"mldumuo8ykwm5nf","id":"mldumuo8ykwm5nf"},"id":"5gtu6qu1dai2joe","previousOperationId":"yuvj1vbwveep1zq"}
{"type":"operationStart","subtype":"engine","name":"handlebars","timestamp":1705312626998,"id":"6rgif168cndgos7","previousEventId":"826n1e6xrk810uc","operationId":"030spw31ld1myo8","previousOperationId":"yuvj1vbwveep1zq"}
{"type":"log","timestamp":1705312626998,"level":"debug","message":"Rendering engine handlebars","meta":{"rootId":"mldumuo8ykwm5nf","id":"mldumuo8ykwm5nf"},"id":"gmi8aflzbnd66rb","previousOperationId":"030spw31ld1myo8"}
{"type":"operationEnd","operationId":"030spw31ld1myo8","timestamp":1705312627034,"id":"0mx09uzmdqubfjh","previousEventId":"6rgif168cndgos7","previousOperationId":"030spw31ld1myo8"}
{"type":"operationStart","subtype":"recipe","name":"chrome-pdf","timestamp":1705312627034,"id":"xwe42mh8mpmract","previousEventId":"0mx09uzmdqubfjh","operationId":"tfilz4ragohfetu","previousOperationId":"030spw31ld1myo8"}
{"type":"log","timestamp":1705312627035,"level":"debug","message":"Executing recipe chrome-pdf","meta":{"rootId":"mldumuo8ykwm5nf","id":"mldumuo8ykwm5nf"},"id":"a1mtdfvzy4g28vq","previousOperationId":"tfilz4ragohfetu"}
{"type":"log","timestamp":1705312627041,"level":"debug","message":"Converting with chrome HeadlessChrome/117.0.5938.149 using chrome-pool strategy","meta":{"rootId":"mldumuo8ykwm5nf","id":"mldumuo8ykwm5nf"},"id":"jg6yent6pdy10l7","previousOperationId":"tfilz4ragohfetu"}
{"type":"log","timestamp":1705312627355,"level":"debug","message":"Page request: GET (document) file:///C:/Users/arida/AppData/Local/Temp/jsreport/autocleanup/b800f5b5-c12d-449a-882d-995f48b742c2-chrome-pdf.html","meta":{"rootId":"mldumuo8ykwm5nf","id":"mldumuo8ykwm5nf"},"id":"3jel0wuvqc8vuaq","previousOperationId":"tfilz4ragohfetu"}
{"type":"log","timestamp":1705312627369,"level":"debug","message":"Page request finished: GET (document) 200 file:///C:/Users/arida/AppData/Local/Temp/jsreport/autocleanup/b800f5b5-c12d-449a-882d-995f48b742c2-chrome-pdf.html","meta":{"rootId":"mldumuo8ykwm5nf","id":"mldumuo8ykwm5nf"},"id":"xxyzyfrlus9qiyo","previousOperationId":"tfilz4ragohfetu"}
{"type":"log","timestamp":1705312627369,"level":"debug","message":"Page request: GET (stylesheet) https://cdnjs.cloudflare.com/ajax/libs/metro/4.1.5/css/metro.min.css","meta":{"rootId":"mldumuo8ykwm5nf","id":"mldumuo8ykwm5nf"},"id":"x5wjlw68zqlu4bu","previousOperationId":"tfilz4ragohfetu"}
{"type":"log","timestamp":1705312627370,"level":"debug","message":"Page request: GET (script) https://cdnjs.cloudflare.com/ajax/libs/Chart.js/2.7.2/Chart.min.js","meta":{"rootId":"mldumuo8ykwm5nf","id":"mldumuo8ykwm5nf"},"id":"j8gzfzm3l7132dw","previousOperationId":"tfilz4ragohfetu"}
{"type":"log","timestamp":1705312627392,"level":"debug","message":"Page request finished: GET (stylesheet) 200 https://cdnjs.cloudflare.com/ajax/libs/metro/4.1.5/css/metro.min.css","meta":{"rootId":"mldumuo8ykwm5nf","id":"mldumuo8ykwm5nf"},"id":"w3u9tl1cwqgqums","previousOperationId":"tfilz4ragohfetu"}
{"type":"log","timestamp":1705312627392,"level":"debug","message":"Page request finished: GET (script) 200 https://cdnjs.cloudflare.com/ajax/libs/Chart.js/2.7.2/Chart.min.js","meta":{"rootId":"mldumuo8ykwm5nf","id":"mldumuo8ykwm5nf"},"id":"akx5on9lep6nrjz","previousOperationId":"tfilz4ragohfetu"}
{"type":"log","timestamp":1705312627398,"level":"warn","message":"Page error: Unexpected identifier 'en' , stack: SyntaxError: Unexpected identifier 'en'","meta":{"rootId":"mldumuo8ykwm5nf","id":"mldumuo8ykwm5nf"},"id":"mn1cp67uilxw4s0","previousOperationId":"tfilz4ragohfetu"}
{"type":"log","timestamp":1705312627400,"level":"warn","message":"Page error: Unexpected identifier 'en' , stack: SyntaxError: Unexpected identifier 'en'","meta":{"rootId":"mldumuo8ykwm5nf","id":"mldumuo8ykwm5nf"},"id":"mty1170pafxtqxk","previousOperationId":"tfilz4ragohfetu"}
{"type":"log","timestamp":1705312627427,"level":"debug","message":"Running chrome with params {\"printBackground\":true,\"marginTop\":\"4cm\",\"marginRight\":\"1.5cm\",\"marginBottom\":\"1.5cm\",\"marginLeft\":\"1.5cm\",\"waitForJS\":false,\"timeout\":59878,\"margin\":{\"top\":\"4cm\",\"right\":\"1.5cm\",\"bottom\":\"1.5cm\",\"left\":\"1.5cm\"}}","meta":{"rootId":"mldumuo8ykwm5nf","id":"mldumuo8ykwm5nf"},"id":"183411vsomwvz7u","previousOperationId":"tfilz4ragohfetu"}
{"type":"operationEnd","operationId":"tfilz4ragohfetu","timestamp":1705312627477,"id":"zjiobz91xd4q9so","previousEventId":"xwe42mh8mpmract","previousOperationId":"tfilz4ragohfetu"}
{"type":"log","timestamp":1705312627477,"level":"info","message":"pdf-utils is starting pdf processing","meta":{"rootId":"mldumuo8ykwm5nf","id":"mldumuo8ykwm5nf"},"id":"bre6aadoxxrhiho","previousOperationId":"tfilz4ragohfetu"}
{"type":"operationStart","subtype":"pdfUtils","name":"pdf utils","timestamp":1705312627477,"id":"lsawnjsnch55feq","previousEventId":"zjiobz91xd4q9so","operationId":"axih9lgizcogplt","previousOperationId":"tfilz4ragohfetu"}
{"type":"log","timestamp":1705312627477,"level":"debug","message":"pdf-utils detected 1 pdf operation(s) to process","meta":{"rootId":"mldumuo8ykwm5nf","id":"mldumuo8ykwm5nf"},"id":"wjdmtegh2yhukf7","previousOperationId":"axih9lgizcogplt"}
{"type":"log","timestamp":1705312627495,"level":"debug","message":"pdf-utils running pdf operation merge","meta":{"rootId":"mldumuo8ykwm5nf","id":"mldumuo8ykwm5nf"},"id":"9jmd14qz5k2vr5x","previousOperationId":"axih9lgizcogplt"}
{"type":"operationStart","subtype":"pdfUtilsMerge","name":"pdf utils merge","previousOperationId":"axih9lgizcogplt","timestamp":1705312627495,"id":"xlq93vblcu8u6yz","previousEventId":"lsawnjsnch55feq","operationId":"f279434wbl061bj"}
{"type":"operationStart","subtype":"render","name":"locations-header","previousOperationId":"f279434wbl061bj","timestamp":1705312627496,"id":"lyjmkj2i274j6k5","previousEventId":"xlq93vblcu8u6yz","operationId":"9mtoouura91vgs6"}
{"type":"log","timestamp":1705312627496,"level":"info","message":"Starting rendering (child) request","meta":{"rootId":"mldumuo8ykwm5nf","id":"xax37bmu3288jgj"},"id":"s2mlo0a6xx0lee1","previousOperationId":"9mtoouura91vgs6"}
{"type":"log","timestamp":1705312627496,"level":"info","message":"Rendering template { name: locations-header, recipe: chrome-pdf, engine: handlebars, preview: false }","meta":{"rootId":"mldumuo8ykwm5nf","id":"xax37bmu3288jgj"},"id":"ip856khbdcn4a13","previousOperationId":"9mtoouura91vgs6"}
{"type":"log","timestamp":1705312627497,"level":"debug","message":"Inline data specified.","meta":{"rootId":"mldumuo8ykwm5nf","id":"xax37bmu3288jgj"},"id":"39t4aizpykw0o3h","previousOperationId":"9mtoouura91vgs6"}
{"type":"log","timestamp":1705312627500,"level":"debug","message":"Base url not specified, skipping its injection.","meta":{"rootId":"mldumuo8ykwm5nf","id":"xax37bmu3288jgj"},"id":"ktxwy11d4sv8dxe","previousOperationId":"9mtoouura91vgs6"}
{"type":"operationStart","subtype":"engine","name":"handlebars","timestamp":1705312627500,"id":"2n9goed4uzgvod2","previousEventId":"lyjmkj2i274j6k5","operationId":"bpx3cc6kclndl0e","previousOperationId":"9mtoouura91vgs6"}
{"type":"log","timestamp":1705312627500,"level":"debug","message":"Rendering engine handlebars","meta":{"rootId":"mldumuo8ykwm5nf","id":"xax37bmu3288jgj"},"id":"s12h4roz25hirpx","previousOperationId":"bpx3cc6kclndl0e"}
{"type":"operationEnd","operationId":"bpx3cc6kclndl0e","timestamp":1705312627515,"id":"e4vmug2caauwwci","previousEventId":"2n9goed4uzgvod2","previousOperationId":"bpx3cc6kclndl0e"}
{"type":"operationStart","subtype":"recipe","name":"chrome-pdf","timestamp":1705312627516,"id":"56n861jm0bt23q9","previousEventId":"e4vmug2caauwwci","operationId":"i25edqbte7ukdlw","previousOperationId":"bpx3cc6kclndl0e"}
{"type":"log","timestamp":1705312627516,"level":"debug","message":"Executing recipe chrome-pdf","meta":{"rootId":"mldumuo8ykwm5nf","id":"xax37bmu3288jgj"},"id":"pis57xc5qjc3kds","previousOperationId":"i25edqbte7ukdlw"}
{"type":"log","timestamp":1705312627519,"level":"debug","message":"Converting with chrome HeadlessChrome/117.0.5938.149 using chrome-pool strategy","meta":{"rootId":"mldumuo8ykwm5nf","id":"xax37bmu3288jgj"},"id":"iabfpptc8iio5sb","previousOperationId":"i25edqbte7ukdlw"}
{"type":"log","timestamp":1705312627655,"level":"debug","message":"Page request: GET (document) file:///C:/Users/arida/AppData/Local/Temp/jsreport/autocleanup/700b2688-e251-41bb-9066-e529bea67024-chrome-pdf.html","meta":{"rootId":"mldumuo8ykwm5nf","id":"xax37bmu3288jgj"},"id":"mytfoo5ejtzke6n","previousOperationId":"i25edqbte7ukdlw"}
{"type":"log","timestamp":1705312627668,"level":"debug","message":"Page request: GET (stylesheet) https://cdnjs.cloudflare.com/ajax/libs/metro/4.1.5/css/metro.min.css","meta":{"rootId":"mldumuo8ykwm5nf","id":"xax37bmu3288jgj"},"id":"lqdnmg62zfl3hyp","previousOperationId":"i25edqbte7ukdlw"}
{"type":"log","timestamp":1705312627669,"level":"debug","message":"Page request finished: GET (document) 200 file:///C:/Users/arida/AppData/Local/Temp/jsreport/autocleanup/700b2688-e251-41bb-9066-e529bea67024-chrome-pdf.html","meta":{"rootId":"mldumuo8ykwm5nf","id":"xax37bmu3288jgj"},"id":"ae7ur6r0x15ahh1","previousOperationId":"i25edqbte7ukdlw"}
{"type":"log","timestamp":1705312627686,"level":"debug","message":"Page request finished: GET (stylesheet) 200 https://cdnjs.cloudflare.com/ajax/libs/metro/4.1.5/css/metro.min.css","meta":{"rootId":"mldumuo8ykwm5nf","id":"xax37bmu3288jgj"},"id":"kna04cvs0ips08p","previousOperationId":"i25edqbte7ukdlw"}
{"type":"log","timestamp":1705312627702,"level":"debug","message":"Running chrome with params {\"printBackground\":true,\"marginTop\":\"1.5cm\",\"marginRight\":\"1.5cm\",\"marginLeft\":\"1.cm\",\"timeout\":59399,\"margin\":{\"top\":\"1.5cm\",\"right\":\"1.5cm\",\"left\":\"1.cm\"}}","meta":{"rootId":"mldumuo8ykwm5nf","id":"xax37bmu3288jgj"},"id":"schgf0lfy412vme","previousOperationId":"i25edqbte7ukdlw"}
{"type":"operationEnd","operationId":"i25edqbte7ukdlw","timestamp":1705312627735,"id":"be2hu99fy14entf","previousEventId":"56n861jm0bt23q9","previousOperationId":"i25edqbte7ukdlw"}
{"type":"log","timestamp":1705312627735,"level":"debug","message":"Skipping storing report.","meta":{"rootId":"mldumuo8ykwm5nf","id":"xax37bmu3288jgj"},"id":"7vcyh9l4vm8y0n5","previousOperationId":"i25edqbte7ukdlw"}
{"type":"log","timestamp":1705312627735,"level":"info","message":"Rendering (child) request finished in 818 ms","meta":{"rootId":"mldumuo8ykwm5nf","id":"xax37bmu3288jgj"},"id":"gmkclma5smlrdrf","previousOperationId":"i25edqbte7ukdlw"}
{"type":"operationEnd","subtype":"render","operationId":"9mtoouura91vgs6","timestamp":1705312627735,"id":"5xs1lfs1t5wlzjw","previousEventId":"be2hu99fy14entf","previousOperationId":"i25edqbte7ukdlw"}
{"type":"operationEnd","operationId":"f279434wbl061bj","timestamp":1705312627742,"id":"m1xr23sol9kx5r5","previousEventId":"xlq93vblcu8u6yz","previousOperationId":"f279434wbl061bj"}
{"type":"log","timestamp":1705312627742,"level":"debug","message":"pdf-utils postproces start","meta":{"rootId":"mldumuo8ykwm5nf","id":"mldumuo8ykwm5nf"},"id":"a4unpuzwr9i5tsn","previousOperationId":"f279434wbl061bj"}
{"type":"log","timestamp":1705312627749,"level":"debug","message":"pdf-utils postproces end","meta":{"rootId":"mldumuo8ykwm5nf","id":"mldumuo8ykwm5nf"},"id":"o452yfhz63db11k","previousOperationId":"f279434wbl061bj"}
{"type":"operationEnd","operationId":"axih9lgizcogplt","timestamp":1705312627749,"id":"t3ug5bybfmdkcuc","previousEventId":"m1xr23sol9kx5r5","previousOperationId":"f279434wbl061bj"}
{"type":"log","timestamp":1705312627749,"level":"info","message":"pdf-utils pdf processing was finished","meta":{"rootId":"mldumuo8ykwm5nf","id":"mldumuo8ykwm5nf"},"id":"brl02kmouscystk","previousOperationId":"axih9lgizcogplt"}
{"type":"log","timestamp":1705312627749,"level":"debug","message":"Skipping storing report.","meta":{"rootId":"mldumuo8ykwm5nf","id":"mldumuo8ykwm5nf"},"id":"pqztymxe4hlmluz","previousOperationId":"axih9lgizcogplt"}
{"type":"log","timestamp":1705312627749,"level":"info","message":"Rendering request 5 finished in 832 ms","meta":{"rootId":"mldumuo8ykwm5nf","id":"mldumuo8ykwm5nf"},"id":"9vnhfmi5ym8p35b","previousOperationId":"axih9lgizcogplt"}
{"type":"operationEnd","subtype":"render","operationId":"j86s6uvs4j58pe2","timestamp":1705312627750,"id":"dbgyt1pt8rn8707","previousEventId":"t3ug5bybfmdkcuc","previousOperationId":"axih9lgizcogplt"}
{"type":"operationEnd","doDiffs":false,"previousEventId":"xbrife78sofkq5z","previousOperationId":"2ge9lomor53d498","operationId":"2ge9lomor53d498","timestamp":1705312627756,"id":"zp2zflnov9gb4ou"}
