{"type":"operationStart","subtype":"profile","data":{"_id":"rAXqtLwWr1f8VMdM","timestamp":"2024-01-15T10:04:38.157Z","state":"queued","mode":"standard","creationDate":"2024-01-15T10:04:38.160Z","modificationDate":"2024-01-15T10:04:38.160Z","shortid":"59mavZ6","$entitySet":"profiles"},"doDiffs":false,"timestamp":1705313078159,"id":"kv7ylaz9qod7g2k","previousOperationId":null,"operationId":"ae08f69tt6yjwbk"}
{"type":"log","level":"info","message":"Render request 13 queued for execution and waiting for available worker","previousOperationId":"ae08f69tt6yjwbk","timestamp":1705313078159,"id":"l680llmjngn7xtf"}
{"type":"operationStart","subtype":"render","name":"locations-main","previousOperationId":"ae08f69tt6yjwbk","timestamp":1705313078177,"id":"825a47w6splakyb","previousEventId":"kv7ylaz9qod7g2k","operationId":"m7d2em7v41uxxfs"}
{"type":"log","timestamp":1705313078177,"level":"info","message":"Starting rendering request 13","meta":{"rootId":"mq3n18vmjihh2mz","id":"mq3n18vmjihh2mz"},"id":"5xigvxfch6sxohy","previousOperationId":"m7d2em7v41uxxfs"}
{"type":"log","timestamp":1705313078177,"level":"info","message":"Rendering template { name: locations-main, recipe: chrome-pdf, engine: handlebars, preview: true }","meta":{"rootId":"mq3n18vmjihh2mz","id":"mq3n18vmjihh2mz"},"id":"94h3j6yrvovai2g","previousOperationId":"m7d2em7v41uxxfs"}
{"type":"log","timestamp":1705313078179,"level":"debug","message":"Data item not defined for this template.","meta":{"rootId":"mq3n18vmjihh2mz","id":"mq3n18vmjihh2mz"},"id":"295rn274tygm4t8","previousOperationId":"m7d2em7v41uxxfs"}
{"type":"log","timestamp":1705313078185,"level":"debug","message":"Executing script locations-script (beforeRender)","meta":{"rootId":"mq3n18vmjihh2mz","id":"mq3n18vmjihh2mz"},"id":"wcaqgkfmbs392w7","previousOperationId":"m7d2em7v41uxxfs"}
{"type":"operationStart","subtype":"scriptsBeforeRender","name":"scripts beforeRender","timestamp":1705313078197,"id":"kvfatlqzmf3s08r","previousEventId":"825a47w6splakyb","operationId":"i69qavtc7y5wkvk","previousOperationId":"m7d2em7v41uxxfs"}
{"type":"operationStart","subtype":"script","name":"scripts locations-script","previousOperationId":"i69qavtc7y5wkvk","timestamp":1705313078197,"id":"qrd2y8viy3bavak","previousEventId":"kvfatlqzmf3s08r","operationId":"mhvzn73qod520c4"}
{"type":"operationEnd","operationId":"mhvzn73qod520c4","timestamp":1705313078214,"id":"tajqwph1f0a6zsl","previousEventId":"825a47w6splakyb","previousOperationId":"m7d2em7v41uxxfs"}
{"type":"operationEnd","operationId":"i69qavtc7y5wkvk","timestamp":1705313078214,"id":"pn6lgobzq1gau9b","previousEventId":"tajqwph1f0a6zsl","previousOperationId":"m7d2em7v41uxxfs"}
{"type":"log","timestamp":1705313078214,"level":"debug","message":"Base url not specified, skipping its injection.","meta":{"rootId":"mq3n18vmjihh2mz","id":"mq3n18vmjihh2mz"},"id":"ox8phtk56ac71kp","previousOperationId":"i69qavtc7y5wkvk"}
{"type":"operationStart","subtype":"engine","name":"handlebars","timestamp":1705313078214,"id":"280j6lm182c1lx8","previousEventId":"pn6lgobzq1gau9b","operationId":"a42n5dmm9b4aqt9","previousOperationId":"i69qavtc7y5wkvk"}
{"type":"log","timestamp":1705313078214,"level":"debug","message":"Rendering engine handlebars","meta":{"rootId":"mq3n18vmjihh2mz","id":"mq3n18vmjihh2mz"},"id":"zsn1fxo5cf8ir9q","previousOperationId":"a42n5dmm9b4aqt9"}
{"type":"operationEnd","operationId":"a42n5dmm9b4aqt9","timestamp":1705313078232,"id":"mt99inq0f6c7je7","previousEventId":"280j6lm182c1lx8","previousOperationId":"a42n5dmm9b4aqt9"}
{"type":"operationStart","subtype":"recipe","name":"chrome-pdf","timestamp":1705313078232,"id":"ed4y1trzxd30it2","previousEventId":"mt99inq0f6c7je7","operationId":"ipdfiqr2uply1a0","previousOperationId":"a42n5dmm9b4aqt9"}
{"type":"log","timestamp":1705313078232,"level":"debug","message":"Executing recipe chrome-pdf","meta":{"rootId":"mq3n18vmjihh2mz","id":"mq3n18vmjihh2mz"},"id":"74d3wb1pudb8fwp","previousOperationId":"ipdfiqr2uply1a0"}
{"type":"log","timestamp":1705313078237,"level":"debug","message":"Converting with chrome HeadlessChrome/117.0.5938.149 using chrome-pool strategy","meta":{"rootId":"mq3n18vmjihh2mz","id":"mq3n18vmjihh2mz"},"id":"1uya4ws3qsx63o5","previousOperationId":"ipdfiqr2uply1a0"}
{"type":"log","timestamp":1705313078397,"level":"debug","message":"Page request: GET (document) file:///C:/Users/arida/AppData/Local/Temp/jsreport/autocleanup/57e9a617-3c9b-48d0-a3d6-869767909958-chrome-pdf.html","meta":{"rootId":"mq3n18vmjihh2mz","id":"mq3n18vmjihh2mz"},"id":"hxs8uf1gw9ux322","previousOperationId":"ipdfiqr2uply1a0"}
{"type":"log","timestamp":1705313078421,"level":"debug","message":"Page request: GET (script) https://cdn.jsdelivr.net/npm/handlebars/dist/handlebars.min.js","meta":{"rootId":"mq3n18vmjihh2mz","id":"mq3n18vmjihh2mz"},"id":"2xrx913j9stviip","previousOperationId":"ipdfiqr2uply1a0"}
{"type":"log","timestamp":1705313078421,"level":"debug","message":"Page request: GET (script) https://cdn.jsdelivr.net/npm/chart.js","meta":{"rootId":"mq3n18vmjihh2mz","id":"mq3n18vmjihh2mz"},"id":"3esm6fcfqx1a6bl","previousOperationId":"ipdfiqr2uply1a0"}
{"type":"log","timestamp":1705313078422,"level":"debug","message":"Page request finished: GET (document) 200 file:///C:/Users/arida/AppData/Local/Temp/jsreport/autocleanup/57e9a617-3c9b-48d0-a3d6-869767909958-chrome-pdf.html","meta":{"rootId":"mq3n18vmjihh2mz","id":"mq3n18vmjihh2mz"},"id":"zjjnooc39srvm5i","previousOperationId":"ipdfiqr2uply1a0"}
{"type":"log","timestamp":1705313078431,"level":"debug","message":"Page request finished: GET (script) 200 https://cdn.jsdelivr.net/npm/handlebars/dist/handlebars.min.js","meta":{"rootId":"mq3n18vmjihh2mz","id":"mq3n18vmjihh2mz"},"id":"wubzeg0trcsdjqe","previousOperationId":"ipdfiqr2uply1a0"}
{"type":"log","timestamp":1705313078439,"level":"debug","message":"Page request finished: GET (script) 200 https://cdn.jsdelivr.net/npm/chart.js","meta":{"rootId":"mq3n18vmjihh2mz","id":"mq3n18vmjihh2mz"},"id":"auxtjtqlalws6br","previousOperationId":"ipdfiqr2uply1a0"}
{"type":"log","timestamp":1705313078523,"level":"debug","message":"Running chrome with params {\"printBackground\":true,\"marginTop\":\"4cm\",\"marginRight\":\"1.5cm\",\"marginBottom\":\"1.5cm\",\"marginLeft\":\"1.5cm\",\"waitForJS\":false,\"timeout\":59922,\"margin\":{\"top\":\"4cm\",\"right\":\"1.5cm\",\"bottom\":\"1.5cm\",\"left\":\"1.5cm\"}}","meta":{"rootId":"mq3n18vmjihh2mz","id":"mq3n18vmjihh2mz"},"id":"pvf1pq7m4jd3yih","previousOperationId":"ipdfiqr2uply1a0"}
{"type":"operationEnd","operationId":"ipdfiqr2uply1a0","timestamp":1705313078539,"id":"ru84ag2u75oqrj5","previousEventId":"ed4y1trzxd30it2","previousOperationId":"ipdfiqr2uply1a0"}
{"type":"log","timestamp":1705313078539,"level":"info","message":"pdf-utils is starting pdf processing","meta":{"rootId":"mq3n18vmjihh2mz","id":"mq3n18vmjihh2mz"},"id":"boylnhaqnatt0dt","previousOperationId":"ipdfiqr2uply1a0"}
{"type":"operationStart","subtype":"pdfUtils","name":"pdf utils","timestamp":1705313078539,"id":"9zqju6zaggofdgc","previousEventId":"ru84ag2u75oqrj5","operationId":"rtl6v4uxcw1c7yv","previousOperationId":"ipdfiqr2uply1a0"}
{"type":"log","timestamp":1705313078539,"level":"debug","message":"pdf-utils detected 1 pdf operation(s) to process","meta":{"rootId":"mq3n18vmjihh2mz","id":"mq3n18vmjihh2mz"},"id":"ftlvjdq7pzt6rs0","previousOperationId":"rtl6v4uxcw1c7yv"}
{"type":"log","timestamp":1705313078544,"level":"debug","message":"pdf-utils running pdf operation merge","meta":{"rootId":"mq3n18vmjihh2mz","id":"mq3n18vmjihh2mz"},"id":"vnzrd8dybh59fme","previousOperationId":"rtl6v4uxcw1c7yv"}
{"type":"operationStart","subtype":"pdfUtilsMerge","name":"pdf utils merge","previousOperationId":"rtl6v4uxcw1c7yv","timestamp":1705313078544,"id":"csmty937l1qfu8q","previousEventId":"9zqju6zaggofdgc","operationId":"6ks26zlqgsmi90u"}
{"type":"operationStart","subtype":"render","name":"locations-header","previousOperationId":"6ks26zlqgsmi90u","timestamp":1705313078545,"id":"p3q379u6gk1k37y","previousEventId":"csmty937l1qfu8q","operationId":"jp35pqwffowj0uf"}
{"type":"log","timestamp":1705313078545,"level":"info","message":"Starting rendering (child) request","meta":{"rootId":"mq3n18vmjihh2mz","id":"4vuntm4h78k5uk1"},"id":"w6nzx0gs02a19vz","previousOperationId":"jp35pqwffowj0uf"}
{"type":"log","timestamp":1705313078546,"level":"info","message":"Rendering template { name: locations-header, recipe: chrome-pdf, engine: handlebars, preview: true }","meta":{"rootId":"mq3n18vmjihh2mz","id":"4vuntm4h78k5uk1"},"id":"9tbg85jyshrzshe","previousOperationId":"jp35pqwffowj0uf"}
{"type":"log","timestamp":1705313078553,"level":"debug","message":"Inline data specified.","meta":{"rootId":"mq3n18vmjihh2mz","id":"4vuntm4h78k5uk1"},"id":"zkyiwaz5okjq09k","previousOperationId":"jp35pqwffowj0uf"}
{"type":"log","timestamp":1705313078556,"level":"debug","message":"Base url not specified, skipping its injection.","meta":{"rootId":"mq3n18vmjihh2mz","id":"4vuntm4h78k5uk1"},"id":"u2p2fslqruu4koh","previousOperationId":"jp35pqwffowj0uf"}
{"type":"operationStart","subtype":"engine","name":"handlebars","timestamp":1705313078556,"id":"jg8e8qjkotgoh9o","previousEventId":"p3q379u6gk1k37y","operationId":"qt3y4vzopdzk8l6","previousOperationId":"jp35pqwffowj0uf"}
{"type":"log","timestamp":1705313078556,"level":"debug","message":"Rendering engine handlebars","meta":{"rootId":"mq3n18vmjihh2mz","id":"4vuntm4h78k5uk1"},"id":"7a14o3utzeilgmk","previousOperationId":"qt3y4vzopdzk8l6"}
{"type":"operationEnd","operationId":"qt3y4vzopdzk8l6","timestamp":1705313078578,"id":"ntucgbjju4wejqp","previousEventId":"jg8e8qjkotgoh9o","previousOperationId":"qt3y4vzopdzk8l6"}
{"type":"operationStart","subtype":"recipe","name":"chrome-pdf","timestamp":1705313078579,"id":"jt006owhfamy530","previousEventId":"ntucgbjju4wejqp","operationId":"rvi16e52l18gikd","previousOperationId":"qt3y4vzopdzk8l6"}
{"type":"log","timestamp":1705313078579,"level":"debug","message":"Executing recipe chrome-pdf","meta":{"rootId":"mq3n18vmjihh2mz","id":"4vuntm4h78k5uk1"},"id":"y9xfw7hexk3hanj","previousOperationId":"rvi16e52l18gikd"}
{"type":"log","timestamp":1705313078581,"level":"debug","message":"Converting with chrome HeadlessChrome/117.0.5938.149 using chrome-pool strategy","meta":{"rootId":"mq3n18vmjihh2mz","id":"4vuntm4h78k5uk1"},"id":"w1ym52hjb0gh6qu","previousOperationId":"rvi16e52l18gikd"}
{"type":"log","timestamp":1705313078699,"level":"debug","message":"Page request: GET (document) file:///C:/Users/arida/AppData/Local/Temp/jsreport/autocleanup/488adb6c-3b80-482b-bf8a-35595d7684de-chrome-pdf.html","meta":{"rootId":"mq3n18vmjihh2mz","id":"4vuntm4h78k5uk1"},"id":"qtj7vhu742f4jks","previousOperationId":"rvi16e52l18gikd"}
{"type":"log","timestamp":1705313078711,"level":"debug","message":"Page request: GET (stylesheet) https://cdnjs.cloudflare.com/ajax/libs/metro/4.1.5/css/metro.min.css","meta":{"rootId":"mq3n18vmjihh2mz","id":"4vuntm4h78k5uk1"},"id":"cruax04yatp6fka","previousOperationId":"rvi16e52l18gikd"}
{"type":"log","timestamp":1705313078712,"level":"debug","message":"Page request finished: GET (document) 200 file:///C:/Users/arida/AppData/Local/Temp/jsreport/autocleanup/488adb6c-3b80-482b-bf8a-35595d7684de-chrome-pdf.html","meta":{"rootId":"mq3n18vmjihh2mz","id":"4vuntm4h78k5uk1"},"id":"446gdbysonmddr0","previousOperationId":"rvi16e52l18gikd"}
{"type":"log","timestamp":1705313078733,"level":"debug","message":"Page request finished: GET (stylesheet) 200 https://cdnjs.cloudflare.com/ajax/libs/metro/4.1.5/css/metro.min.css","meta":{"rootId":"mq3n18vmjihh2mz","id":"4vuntm4h78k5uk1"},"id":"75nl3m8nefjafby","previousOperationId":"rvi16e52l18gikd"}
{"type":"log","timestamp":1705313078755,"level":"debug","message":"Running chrome with params {\"printBackground\":true,\"marginTop\":\"1.5cm\",\"marginRight\":\"1.5cm\",\"marginLeft\":\"1.cm\",\"timeout\":59577,\"margin\":{\"top\":\"1.5cm\",\"right\":\"1.5cm\",\"left\":\"1.cm\"}}","meta":{"rootId":"mq3n18vmjihh2mz","id":"4vuntm4h78k5uk1"},"id":"frwhew9kl78wrhr","previousOperationId":"rvi16e52l18gikd"}
{"type":"operationEnd","operationId":"rvi16e52l18gikd","timestamp":1705313078797,"id":"l2t792n2yd5aljt","previousEventId":"jt006owhfamy530","previousOperationId":"rvi16e52l18gikd"}
{"type":"log","timestamp":1705313078797,"level":"debug","message":"Skipping storing report.","meta":{"rootId":"mq3n18vmjihh2mz","id":"4vuntm4h78k5uk1"},"id":"sd68lr02fw6a0z1","previousOperationId":"rvi16e52l18gikd"}
{"type":"log","timestamp":1705313078797,"level":"info","message":"Rendering (child) request finished in 640 ms","meta":{"rootId":"mq3n18vmjihh2mz","id":"4vuntm4h78k5uk1"},"id":"gilpb5hn8tasu5b","previousOperationId":"rvi16e52l18gikd"}
{"type":"operationEnd","subtype":"render","operationId":"jp35pqwffowj0uf","timestamp":1705313078797,"id":"a8r1xgdoym9lk0m","previousEventId":"l2t792n2yd5aljt","previousOperationId":"rvi16e52l18gikd"}
{"type":"operationEnd","operationId":"6ks26zlqgsmi90u","timestamp":1705313078802,"id":"996da94jta3m7ue","previousEventId":"csmty937l1qfu8q","previousOperationId":"6ks26zlqgsmi90u"}
{"type":"log","timestamp":1705313078802,"level":"debug","message":"pdf-utils postproces start","meta":{"rootId":"mq3n18vmjihh2mz","id":"mq3n18vmjihh2mz"},"id":"6ep0e1vbh6h5c38","previousOperationId":"6ks26zlqgsmi90u"}
{"type":"log","timestamp":1705313078808,"level":"debug","message":"pdf-utils postproces end","meta":{"rootId":"mq3n18vmjihh2mz","id":"mq3n18vmjihh2mz"},"id":"ha0xgmsvvnsd5a6","previousOperationId":"6ks26zlqgsmi90u"}
{"type":"operationEnd","operationId":"rtl6v4uxcw1c7yv","timestamp":1705313078808,"id":"04xl36rp8mb71a7","previousEventId":"996da94jta3m7ue","previousOperationId":"6ks26zlqgsmi90u"}
{"type":"log","timestamp":1705313078808,"level":"info","message":"pdf-utils pdf processing was finished","meta":{"rootId":"mq3n18vmjihh2mz","id":"mq3n18vmjihh2mz"},"id":"62i4wpzrxjf2tci","previousOperationId":"rtl6v4uxcw1c7yv"}
{"type":"log","timestamp":1705313078808,"level":"debug","message":"Skipping storing report.","meta":{"rootId":"mq3n18vmjihh2mz","id":"mq3n18vmjihh2mz"},"id":"f09zutrrgn86p71","previousOperationId":"rtl6v4uxcw1c7yv"}
{"type":"log","timestamp":1705313078808,"level":"info","message":"Rendering request 13 finished in 651 ms","meta":{"rootId":"mq3n18vmjihh2mz","id":"mq3n18vmjihh2mz"},"id":"f6okr3jpqet7xmc","previousOperationId":"rtl6v4uxcw1c7yv"}
{"type":"operationEnd","subtype":"render","operationId":"m7d2em7v41uxxfs","timestamp":1705313078808,"id":"n8zuq8e2tp2axpk","previousEventId":"04xl36rp8mb71a7","previousOperationId":"rtl6v4uxcw1c7yv"}
{"type":"operationEnd","doDiffs":false,"previousEventId":"kv7ylaz9qod7g2k","previousOperationId":"ae08f69tt6yjwbk","operationId":"ae08f69tt6yjwbk","timestamp":1705313078820,"id":"1wr69sqcozhte14"}
