{"type":"operationStart","subtype":"profile","data":{"_id":"eQtlpqliBpPaHelZ","timestamp":"2024-01-15T10:03:43.007Z","state":"queued","mode":"standard","creationDate":"2024-01-15T10:03:43.013Z","modificationDate":"2024-01-15T10:03:43.013Z","shortid":"W__9_fE","$entitySet":"profiles"},"doDiffs":false,"timestamp":1705313023010,"id":"185pxi2m8q4mrp8","previousOperationId":null,"operationId":"bfcb1dcix3fgya3"}
{"type":"log","level":"info","message":"Render request 12 queued for execution and waiting for available worker","previousOperationId":"bfcb1dcix3fgya3","timestamp":1705313023010,"id":"vq7nofssndkgss7"}
{"type":"operationStart","subtype":"render","name":"locations-main","previousOperationId":"bfcb1dcix3fgya3","timestamp":1705313023045,"id":"9b8jn9m6oiv1joe","previousEventId":"185pxi2m8q4mrp8","operationId":"5e6tbsv150t01ni"}
{"type":"log","timestamp":1705313023045,"level":"info","message":"Starting rendering request 12","meta":{"rootId":"mrmqfsd9m67anoj","id":"mrmqfsd9m67anoj"},"id":"1c87rthtgarwb8m","previousOperationId":"5e6tbsv150t01ni"}
{"type":"log","timestamp":1705313023045,"level":"info","message":"Rendering template { name: locations-main, recipe: chrome-pdf, engine: handlebars, preview: true }","meta":{"rootId":"mrmqfsd9m67anoj","id":"mrmqfsd9m67anoj"},"id":"cxgp7m7l4fuowwp","previousOperationId":"5e6tbsv150t01ni"}
{"type":"log","timestamp":1705313023048,"level":"debug","message":"Data item not defined for this template.","meta":{"rootId":"mrmqfsd9m67anoj","id":"mrmqfsd9m67anoj"},"id":"8webipww0ui8g2s","previousOperationId":"5e6tbsv150t01ni"}
{"type":"log","timestamp":1705313023059,"level":"debug","message":"Executing script locations-script (beforeRender)","meta":{"rootId":"mrmqfsd9m67anoj","id":"mrmqfsd9m67anoj"},"id":"oveh1nudykl4edm","previousOperationId":"5e6tbsv150t01ni"}
{"type":"operationStart","subtype":"scriptsBeforeRender","name":"scripts beforeRender","timestamp":1705313023081,"id":"vjumpk36nyk6tn3","previousEventId":"9b8jn9m6oiv1joe","operationId":"mdz71gp4768cz3v","previousOperationId":"5e6tbsv150t01ni"}
{"type":"operationStart","subtype":"script","name":"scripts locations-script","previousOperationId":"mdz71gp4768cz3v","timestamp":1705313023081,"id":"rmivif2gfto5gwn","previousEventId":"vjumpk36nyk6tn3","operationId":"lgwx3p6p2h034tr"}
{"type":"operationEnd","operationId":"lgwx3p6p2h034tr","timestamp":1705313023113,"id":"w7bgbnnjywlmjr9","previousEventId":"9b8jn9m6oiv1joe","previousOperationId":"5e6tbsv150t01ni"}
{"type":"operationEnd","operationId":"mdz71gp4768cz3v","timestamp":1705313023113,"id":"n1kp2x26go5yhhl","previousEventId":"w7bgbnnjywlmjr9","previousOperationId":"5e6tbsv150t01ni"}
{"type":"log","timestamp":1705313023113,"level":"debug","message":"Base url not specified, skipping its injection.","meta":{"rootId":"mrmqfsd9m67anoj","id":"mrmqfsd9m67anoj"},"id":"fm7gk0nnrf2wsx8","previousOperationId":"mdz71gp4768cz3v"}
{"type":"operationStart","subtype":"engine","name":"handlebars","timestamp":1705313023114,"id":"2p7fd9zu4lpg84j","previousEventId":"n1kp2x26go5yhhl","operationId":"uzahc0fdafnq39v","previousOperationId":"mdz71gp4768cz3v"}
{"type":"log","timestamp":1705313023114,"level":"debug","message":"Rendering engine handlebars","meta":{"rootId":"mrmqfsd9m67anoj","id":"mrmqfsd9m67anoj"},"id":"rlrs3ppdle43ura","previousOperationId":"uzahc0fdafnq39v"}
{"type":"operationEnd","operationId":"uzahc0fdafnq39v","timestamp":1705313023152,"id":"l38iv39a3nvcjge","previousEventId":"2p7fd9zu4lpg84j","previousOperationId":"uzahc0fdafnq39v"}
{"type":"operationStart","subtype":"recipe","name":"chrome-pdf","timestamp":1705313023153,"id":"odaz81jxinhnydo","previousEventId":"l38iv39a3nvcjge","operationId":"5cwd3ofhwqfxh9i","previousOperationId":"uzahc0fdafnq39v"}
{"type":"log","timestamp":1705313023153,"level":"debug","message":"Executing recipe chrome-pdf","meta":{"rootId":"mrmqfsd9m67anoj","id":"mrmqfsd9m67anoj"},"id":"ytywlt9q53dykcs","previousOperationId":"5cwd3ofhwqfxh9i"}
{"type":"log","timestamp":1705313023160,"level":"debug","message":"Converting with chrome HeadlessChrome/117.0.5938.149 using chrome-pool strategy","meta":{"rootId":"mrmqfsd9m67anoj","id":"mrmqfsd9m67anoj"},"id":"vgggjknxja9jvrl","previousOperationId":"5cwd3ofhwqfxh9i"}
{"type":"log","timestamp":1705313023372,"level":"debug","message":"Page request: GET (document) file:///C:/Users/arida/AppData/Local/Temp/jsreport/autocleanup/48b4fbde-8ed8-483a-97dd-d0b6a44f7607-chrome-pdf.html","meta":{"rootId":"mrmqfsd9m67anoj","id":"mrmqfsd9m67anoj"},"id":"xrj4xytzjdnn7q1","previousOperationId":"5cwd3ofhwqfxh9i"}
{"type":"log","timestamp":1705313023410,"level":"debug","message":"Page request: GET (script) https://cdn.jsdelivr.net/npm/handlebars/dist/handlebars.min.js","meta":{"rootId":"mrmqfsd9m67anoj","id":"mrmqfsd9m67anoj"},"id":"6a219d3grftbyvl","previousOperationId":"5cwd3ofhwqfxh9i"}
{"type":"log","timestamp":1705313023411,"level":"debug","message":"Page request: GET (script) https://cdn.jsdelivr.net/npm/chart.js","meta":{"rootId":"mrmqfsd9m67anoj","id":"mrmqfsd9m67anoj"},"id":"kmn3ex9ea0vite2","previousOperationId":"5cwd3ofhwqfxh9i"}
{"type":"log","timestamp":1705313023411,"level":"debug","message":"Page request finished: GET (document) 200 file:///C:/Users/arida/AppData/Local/Temp/jsreport/autocleanup/48b4fbde-8ed8-483a-97dd-d0b6a44f7607-chrome-pdf.html","meta":{"rootId":"mrmqfsd9m67anoj","id":"mrmqfsd9m67anoj"},"id":"qmqqvzs2t5iiwyl","previousOperationId":"5cwd3ofhwqfxh9i"}
{"type":"log","timestamp":1705313023641,"level":"debug","message":"Page request finished: GET (script) 200 https://cdn.jsdelivr.net/npm/chart.js","meta":{"rootId":"mrmqfsd9m67anoj","id":"mrmqfsd9m67anoj"},"id":"f01yscuyp0oxcy7","previousOperationId":"5cwd3ofhwqfxh9i"}
{"type":"log","timestamp":1705313023644,"level":"debug","message":"Page request finished: GET (script) 200 https://cdn.jsdelivr.net/npm/handlebars/dist/handlebars.min.js","meta":{"rootId":"mrmqfsd9m67anoj","id":"mrmqfsd9m67anoj"},"id":"4u08tamyr547an3","previousOperationId":"5cwd3ofhwqfxh9i"}
{"type":"log","timestamp":1705313023690,"level":"warn","message":"Page error: Cannot read properties of null (reading 'getContext') , stack: TypeError: Cannot read properties of null (reading 'getContext')\n    at <anonymous> (file:///C:/Users/arida/AppData/Local/Temp/jsreport/autocleanup/48b4fbde-8ed8-483a-97dd-d0b6a44f7607-chrome-pdf.html:41:52)","meta":{"rootId":"mrmqfsd9m67anoj","id":"mrmqfsd9m67anoj"},"id":"x3tgls5d0p8ho0u","previousOperationId":"5cwd3ofhwqfxh9i"}
{"type":"log","timestamp":1705313023705,"level":"debug","message":"Running chrome with params {\"printBackground\":true,\"marginTop\":\"4cm\",\"marginRight\":\"1.5cm\",\"marginBottom\":\"1.5cm\",\"marginLeft\":\"1.5cm\",\"waitForJS\":false,\"timeout\":59850,\"margin\":{\"top\":\"4cm\",\"right\":\"1.5cm\",\"bottom\":\"1.5cm\",\"left\":\"1.5cm\"}}","meta":{"rootId":"mrmqfsd9m67anoj","id":"mrmqfsd9m67anoj"},"id":"mx3hobn7rnqm992","previousOperationId":"5cwd3ofhwqfxh9i"}
{"type":"operationEnd","operationId":"5cwd3ofhwqfxh9i","timestamp":1705313023728,"id":"4ik9db5dygnikvx","previousEventId":"odaz81jxinhnydo","previousOperationId":"5cwd3ofhwqfxh9i"}
{"type":"log","timestamp":1705313023728,"level":"info","message":"pdf-utils is starting pdf processing","meta":{"rootId":"mrmqfsd9m67anoj","id":"mrmqfsd9m67anoj"},"id":"qgusbs77064snif","previousOperationId":"5cwd3ofhwqfxh9i"}
{"type":"operationStart","subtype":"pdfUtils","name":"pdf utils","timestamp":1705313023728,"id":"npo0tohcozcseqm","previousEventId":"4ik9db5dygnikvx","operationId":"byjxsyc1b93mb2h","previousOperationId":"5cwd3ofhwqfxh9i"}
{"type":"log","timestamp":1705313023728,"level":"debug","message":"pdf-utils detected 1 pdf operation(s) to process","meta":{"rootId":"mrmqfsd9m67anoj","id":"mrmqfsd9m67anoj"},"id":"uxanjvsro9bex0e","previousOperationId":"byjxsyc1b93mb2h"}
{"type":"log","timestamp":1705313023736,"level":"debug","message":"pdf-utils running pdf operation merge","meta":{"rootId":"mrmqfsd9m67anoj","id":"mrmqfsd9m67anoj"},"id":"ksn1mzbntfo5d9z","previousOperationId":"byjxsyc1b93mb2h"}
{"type":"operationStart","subtype":"pdfUtilsMerge","name":"pdf utils merge","previousOperationId":"byjxsyc1b93mb2h","timestamp":1705313023736,"id":"pyqb2lvsmsxxzd5","previousEventId":"npo0tohcozcseqm","operationId":"v0nn2wtpfh0sp1t"}
{"type":"operationStart","subtype":"render","name":"locations-header","previousOperationId":"v0nn2wtpfh0sp1t","timestamp":1705313023742,"id":"l9dmgexfxuftpyt","previousEventId":"pyqb2lvsmsxxzd5","operationId":"0jd0lyuptn5yonp"}
{"type":"log","timestamp":1705313023742,"level":"info","message":"Starting rendering (child) request","meta":{"rootId":"mrmqfsd9m67anoj","id":"a49peobqww4b446"},"id":"p1ifkbrmbku8t76","previousOperationId":"0jd0lyuptn5yonp"}
{"type":"log","timestamp":1705313023742,"level":"info","message":"Rendering template { name: locations-header, recipe: chrome-pdf, engine: handlebars, preview: true }","meta":{"rootId":"mrmqfsd9m67anoj","id":"a49peobqww4b446"},"id":"3o1ml5ypyjkcr99","previousOperationId":"0jd0lyuptn5yonp"}
{"type":"log","timestamp":1705313023745,"level":"debug","message":"Inline data specified.","meta":{"rootId":"mrmqfsd9m67anoj","id":"a49peobqww4b446"},"id":"l3ceagaypy502n4","previousOperationId":"0jd0lyuptn5yonp"}
{"type":"log","timestamp":1705313023754,"level":"debug","message":"Base url not specified, skipping its injection.","meta":{"rootId":"mrmqfsd9m67anoj","id":"a49peobqww4b446"},"id":"gcyjv9n9irzcvto","previousOperationId":"0jd0lyuptn5yonp"}
{"type":"operationStart","subtype":"engine","name":"handlebars","timestamp":1705313023755,"id":"i9w8t66a5y2x5of","previousEventId":"l9dmgexfxuftpyt","operationId":"a7wpmnidr3bm8sk","previousOperationId":"0jd0lyuptn5yonp"}
{"type":"log","timestamp":1705313023755,"level":"debug","message":"Rendering engine handlebars","meta":{"rootId":"mrmqfsd9m67anoj","id":"a49peobqww4b446"},"id":"08mhqnyh723hzbl","previousOperationId":"a7wpmnidr3bm8sk"}
{"type":"operationEnd","operationId":"a7wpmnidr3bm8sk","timestamp":1705313023810,"id":"3y6nfntt8qruxik","previousEventId":"i9w8t66a5y2x5of","previousOperationId":"a7wpmnidr3bm8sk"}
{"type":"operationStart","subtype":"recipe","name":"chrome-pdf","timestamp":1705313023811,"id":"ordfr57d32eqzys","previousEventId":"3y6nfntt8qruxik","operationId":"db1hghhqaqkwjwu","previousOperationId":"a7wpmnidr3bm8sk"}
{"type":"log","timestamp":1705313023811,"level":"debug","message":"Executing recipe chrome-pdf","meta":{"rootId":"mrmqfsd9m67anoj","id":"a49peobqww4b446"},"id":"n9zmen86sj5lfh4","previousOperationId":"db1hghhqaqkwjwu"}
{"type":"log","timestamp":1705313023817,"level":"debug","message":"Converting with chrome HeadlessChrome/117.0.5938.149 using chrome-pool strategy","meta":{"rootId":"mrmqfsd9m67anoj","id":"a49peobqww4b446"},"id":"vb44fxinj10d05l","previousOperationId":"db1hghhqaqkwjwu"}
{"type":"log","timestamp":1705313024016,"level":"debug","message":"Page request: GET (document) file:///C:/Users/arida/AppData/Local/Temp/jsreport/autocleanup/bf8f01bd-85f1-4a57-8317-181e5a9b787a-chrome-pdf.html","meta":{"rootId":"mrmqfsd9m67anoj","id":"a49peobqww4b446"},"id":"zl2mqimhn6u27is","previousOperationId":"db1hghhqaqkwjwu"}
{"type":"log","timestamp":1705313024026,"level":"debug","message":"Page request: GET (stylesheet) https://cdnjs.cloudflare.com/ajax/libs/metro/4.1.5/css/metro.min.css","meta":{"rootId":"mrmqfsd9m67anoj","id":"a49peobqww4b446"},"id":"70v22zzdrmbofea","previousOperationId":"db1hghhqaqkwjwu"}
{"type":"log","timestamp":1705313024026,"level":"debug","message":"Page request finished: GET (document) 200 file:///C:/Users/arida/AppData/Local/Temp/jsreport/autocleanup/bf8f01bd-85f1-4a57-8317-181e5a9b787a-chrome-pdf.html","meta":{"rootId":"mrmqfsd9m67anoj","id":"a49peobqww4b446"},"id":"ijzx8fidho2k3l9","previousOperationId":"db1hghhqaqkwjwu"}
{"type":"log","timestamp":1705313024048,"level":"debug","message":"Page request finished: GET (stylesheet) 200 https://cdnjs.cloudflare.com/ajax/libs/metro/4.1.5/css/metro.min.css","meta":{"rootId":"mrmqfsd9m67anoj","id":"a49peobqww4b446"},"id":"i91e6ivsgbmivwr","previousOperationId":"db1hghhqaqkwjwu"}
{"type":"log","timestamp":1705313024075,"level":"debug","message":"Running chrome with params {\"printBackground\":true,\"marginTop\":\"1.5cm\",\"marginRight\":\"1.5cm\",\"marginLeft\":\"1.cm\",\"timeout\":59192,\"margin\":{\"top\":\"1.5cm\",\"right\":\"1.5cm\",\"left\":\"1.cm\"}}","meta":{"rootId":"mrmqfsd9m67anoj","id":"a49peobqww4b446"},"id":"tm2ykfrm0v3rund","previousOperationId":"db1hghhqaqkwjwu"}
{"type":"operationEnd","operationId":"db1hghhqaqkwjwu","timestamp":1705313024123,"id":"tdfzbkuhkuqtpkg","previousEventId":"ordfr57d32eqzys","previousOperationId":"db1hghhqaqkwjwu"}
{"type":"log","timestamp":1705313024124,"level":"debug","message":"Skipping storing report.","meta":{"rootId":"mrmqfsd9m67anoj","id":"a49peobqww4b446"},"id":"ja2seq9zwq7qosd","previousOperationId":"db1hghhqaqkwjwu"}
{"type":"log","timestamp":1705313024124,"level":"info","message":"Rendering (child) request finished in 1117 ms","meta":{"rootId":"mrmqfsd9m67anoj","id":"a49peobqww4b446"},"id":"6l98qw3rklve6wz","previousOperationId":"db1hghhqaqkwjwu"}
{"type":"operationEnd","subtype":"render","operationId":"0jd0lyuptn5yonp","timestamp":1705313024124,"id":"gosr4nm6m9cueb4","previousEventId":"tdfzbkuhkuqtpkg","previousOperationId":"db1hghhqaqkwjwu"}
{"type":"operationEnd","operationId":"v0nn2wtpfh0sp1t","timestamp":1705313024129,"id":"rdkc04on2qnkb0u","previousEventId":"pyqb2lvsmsxxzd5","previousOperationId":"v0nn2wtpfh0sp1t"}
{"type":"log","timestamp":1705313024129,"level":"debug","message":"pdf-utils postproces start","meta":{"rootId":"mrmqfsd9m67anoj","id":"mrmqfsd9m67anoj"},"id":"4660sitmpbeypiw","previousOperationId":"v0nn2wtpfh0sp1t"}
{"type":"log","timestamp":1705313024134,"level":"debug","message":"pdf-utils postproces end","meta":{"rootId":"mrmqfsd9m67anoj","id":"mrmqfsd9m67anoj"},"id":"nldqxxxa4hh245f","previousOperationId":"v0nn2wtpfh0sp1t"}
{"type":"operationEnd","operationId":"byjxsyc1b93mb2h","timestamp":1705313024134,"id":"23lye978axz05mn","previousEventId":"rdkc04on2qnkb0u","previousOperationId":"v0nn2wtpfh0sp1t"}
{"type":"log","timestamp":1705313024134,"level":"info","message":"pdf-utils pdf processing was finished","meta":{"rootId":"mrmqfsd9m67anoj","id":"mrmqfsd9m67anoj"},"id":"ujs82xebv05s6eg","previousOperationId":"byjxsyc1b93mb2h"}
{"type":"log","timestamp":1705313024134,"level":"debug","message":"Skipping storing report.","meta":{"rootId":"mrmqfsd9m67anoj","id":"mrmqfsd9m67anoj"},"id":"ajso8mealeaz1i5","previousOperationId":"byjxsyc1b93mb2h"}
{"type":"log","timestamp":1705313024134,"level":"info","message":"Rendering request 12 finished in 1127 ms","meta":{"rootId":"mrmqfsd9m67anoj","id":"mrmqfsd9m67anoj"},"id":"7vszuzu7jgb11pi","previousOperationId":"byjxsyc1b93mb2h"}
{"type":"operationEnd","subtype":"render","operationId":"5e6tbsv150t01ni","timestamp":1705313024134,"id":"c336sl57rsltrow","previousEventId":"23lye978axz05mn","previousOperationId":"byjxsyc1b93mb2h"}
{"type":"operationEnd","doDiffs":false,"previousEventId":"185pxi2m8q4mrp8","previousOperationId":"bfcb1dcix3fgya3","operationId":"bfcb1dcix3fgya3","timestamp":1705313024145,"id":"pg0ogu6hp1ciblj"}
