{"type":"operationStart","subtype":"profile","data":{"_id":"MNNFq6zaxOU9Yms1","timestamp":"2024-01-15T15:57:12.727Z","state":"queued","mode":"standard","creationDate":"2024-01-15T15:57:12.730Z","modificationDate":"2024-01-15T15:57:12.730Z","shortid":"KeWhfR1","$entitySet":"profiles"},"doDiffs":false,"timestamp":1705334232729,"id":"kaapn2pwfrth2mv","previousOperationId":null,"operationId":"rhoeefk6omgrt8r"}
{"type":"log","level":"info","message":"Render request 21 queued for execution and waiting for available worker","previousOperationId":"rhoeefk6omgrt8r","timestamp":1705334232729,"id":"xqsfvjhfabzj2hi"}
{"type":"operationStart","subtype":"render","name":"locations-main","previousOperationId":"rhoeefk6omgrt8r","timestamp":1705334232742,"id":"fmr16cnh73p2ois","previousEventId":"kaapn2pwfrth2mv","operationId":"ybryxz86wihkhnj"}
{"type":"log","timestamp":1705334232742,"level":"info","message":"Starting rendering request 21","meta":{"rootId":"n0vxsgq3brpue1n","id":"n0vxsgq3brpue1n"},"id":"b1m87yij9rdr6p7","previousOperationId":"ybryxz86wihkhnj"}
{"type":"log","timestamp":1705334232742,"level":"info","message":"Rendering template { name: locations-main, recipe: chrome-pdf, engine: handlebars, preview: true }","meta":{"rootId":"n0vxsgq3brpue1n","id":"n0vxsgq3brpue1n"},"id":"2fckxvtx2pzo8l8","previousOperationId":"ybryxz86wihkhnj"}
{"type":"log","timestamp":1705334232744,"level":"debug","message":"Data item not defined for this template.","meta":{"rootId":"n0vxsgq3brpue1n","id":"n0vxsgq3brpue1n"},"id":"ci0nhk3osduuii2","previousOperationId":"ybryxz86wihkhnj"}
{"type":"log","timestamp":1705334232747,"level":"debug","message":"Executing script locations-script (beforeRender)","meta":{"rootId":"n0vxsgq3brpue1n","id":"n0vxsgq3brpue1n"},"id":"w5yuc4ea7q2autj","previousOperationId":"ybryxz86wihkhnj"}
{"type":"operationStart","subtype":"scriptsBeforeRender","name":"scripts beforeRender","timestamp":1705334232757,"id":"6njgm4dd03mpk9v","previousEventId":"fmr16cnh73p2ois","operationId":"m9yzmuet40kew27","previousOperationId":"ybryxz86wihkhnj"}
{"type":"operationStart","subtype":"script","name":"scripts locations-script","previousOperationId":"m9yzmuet40kew27","timestamp":1705334232757,"id":"sqdhq7g37a2zzvd","previousEventId":"6njgm4dd03mpk9v","operationId":"4fgerr6vyu77f5x"}
{"type":"operationEnd","operationId":"4fgerr6vyu77f5x","timestamp":1705334232771,"id":"mwlabih66gyp1k4","previousEventId":"fmr16cnh73p2ois","previousOperationId":"ybryxz86wihkhnj"}
{"type":"operationEnd","operationId":"m9yzmuet40kew27","timestamp":1705334232771,"id":"9z8kqqirw2kf0rq","previousEventId":"mwlabih66gyp1k4","previousOperationId":"ybryxz86wihkhnj"}
{"type":"log","timestamp":1705334232771,"level":"debug","message":"Base url not specified, skipping its injection.","meta":{"rootId":"n0vxsgq3brpue1n","id":"n0vxsgq3brpue1n"},"id":"1s01ivmkmio3ljn","previousOperationId":"m9yzmuet40kew27"}
{"type":"operationStart","subtype":"engine","name":"handlebars","timestamp":1705334232771,"id":"bdisksxf1zkvmh0","previousEventId":"9z8kqqirw2kf0rq","operationId":"5c8b1v16kdtbzzb","previousOperationId":"m9yzmuet40kew27"}
{"type":"log","timestamp":1705334232771,"level":"debug","message":"Rendering engine handlebars","meta":{"rootId":"n0vxsgq3brpue1n","id":"n0vxsgq3brpue1n"},"id":"4oa3yrj0mf6mttr","previousOperationId":"5c8b1v16kdtbzzb"}
{"type":"operationEnd","operationId":"5c8b1v16kdtbzzb","timestamp":1705334232791,"id":"bg3tmxwaqhr5l37","previousEventId":"bdisksxf1zkvmh0","previousOperationId":"5c8b1v16kdtbzzb"}
{"type":"operationStart","subtype":"recipe","name":"chrome-pdf","timestamp":1705334232791,"id":"t0nkccjvmtgxzcn","previousEventId":"bg3tmxwaqhr5l37","operationId":"6au9y4o4d4ws1ex","previousOperationId":"5c8b1v16kdtbzzb"}
{"type":"log","timestamp":1705334232791,"level":"debug","message":"Executing recipe chrome-pdf","meta":{"rootId":"n0vxsgq3brpue1n","id":"n0vxsgq3brpue1n"},"id":"mhrnxyqtyet6npf","previousOperationId":"6au9y4o4d4ws1ex"}
{"type":"log","timestamp":1705334232795,"level":"debug","message":"Converting with chrome HeadlessChrome/117.0.5938.149 using chrome-pool strategy","meta":{"rootId":"n0vxsgq3brpue1n","id":"n0vxsgq3brpue1n"},"id":"lilx7m65w9hn0b6","previousOperationId":"6au9y4o4d4ws1ex"}
{"type":"log","timestamp":1705334232936,"level":"debug","message":"Page request: GET (document) file:///C:/Users/arida/AppData/Local/Temp/jsreport/autocleanup/ae17b1db-76ab-4a8d-ab04-06251674226c-chrome-pdf.html","meta":{"rootId":"n0vxsgq3brpue1n","id":"n0vxsgq3brpue1n"},"id":"1dksyr3049tqaj7","previousOperationId":"6au9y4o4d4ws1ex"}
{"type":"log","timestamp":1705334232966,"level":"debug","message":"Page request finished: GET (document) 200 file:///C:/Users/arida/AppData/Local/Temp/jsreport/autocleanup/ae17b1db-76ab-4a8d-ab04-06251674226c-chrome-pdf.html","meta":{"rootId":"n0vxsgq3brpue1n","id":"n0vxsgq3brpue1n"},"id":"vbhmf0urwz66uxt","previousOperationId":"6au9y4o4d4ws1ex"}
{"type":"log","timestamp":1705334232967,"level":"debug","message":"Page request: GET (script) https://cdnjs.cloudflare.com/ajax/libs/Chart.js/2.7.2/Chart.min.js","meta":{"rootId":"n0vxsgq3brpue1n","id":"n0vxsgq3brpue1n"},"id":"cnujbmpe6fd00i0","previousOperationId":"6au9y4o4d4ws1ex"}
{"type":"log","timestamp":1705334232972,"level":"debug","message":"Page request finished: GET (script) 200 https://cdnjs.cloudflare.com/ajax/libs/Chart.js/2.7.2/Chart.min.js","meta":{"rootId":"n0vxsgq3brpue1n","id":"n0vxsgq3brpue1n"},"id":"16h9v6k2960fifx","previousOperationId":"6au9y4o4d4ws1ex"}
{"type":"log","timestamp":1705334232979,"level":"warn","message":"Page error: Unexpected token ';' , stack: SyntaxError: Unexpected token ';'","meta":{"rootId":"n0vxsgq3brpue1n","id":"n0vxsgq3brpue1n"},"id":"8ln2l1kj11d8i1v","previousOperationId":"6au9y4o4d4ws1ex"}
{"type":"log","timestamp":1705334232997,"level":"debug","message":"Running chrome with params {\"printBackground\":true,\"marginTop\":\"4cm\",\"marginRight\":\"1.5cm\",\"marginBottom\":\"1.5cm\",\"marginLeft\":\"1.5cm\",\"waitForJS\":false,\"timeout\":59934,\"margin\":{\"top\":\"4cm\",\"right\":\"1.5cm\",\"bottom\":\"1.5cm\",\"left\":\"1.5cm\"}}","meta":{"rootId":"n0vxsgq3brpue1n","id":"n0vxsgq3brpue1n"},"id":"bfzcy404uywswuo","previousOperationId":"6au9y4o4d4ws1ex"}
{"type":"operationEnd","operationId":"6au9y4o4d4ws1ex","timestamp":1705334233040,"id":"d2xlocz0k7cz53a","previousEventId":"t0nkccjvmtgxzcn","previousOperationId":"6au9y4o4d4ws1ex"}
{"type":"log","timestamp":1705334233040,"level":"info","message":"pdf-utils is starting pdf processing","meta":{"rootId":"n0vxsgq3brpue1n","id":"n0vxsgq3brpue1n"},"id":"kj0pb6weimgypdz","previousOperationId":"6au9y4o4d4ws1ex"}
{"type":"operationStart","subtype":"pdfUtils","name":"pdf utils","timestamp":1705334233040,"id":"ea62vu51raq52je","previousEventId":"d2xlocz0k7cz53a","operationId":"mvbwrcmacoyt9dj","previousOperationId":"6au9y4o4d4ws1ex"}
{"type":"log","timestamp":1705334233040,"level":"debug","message":"pdf-utils detected 1 pdf operation(s) to process","meta":{"rootId":"n0vxsgq3brpue1n","id":"n0vxsgq3brpue1n"},"id":"7rt93ct0nxf4to0","previousOperationId":"mvbwrcmacoyt9dj"}
{"type":"log","timestamp":1705334233051,"level":"debug","message":"pdf-utils running pdf operation merge","meta":{"rootId":"n0vxsgq3brpue1n","id":"n0vxsgq3brpue1n"},"id":"rwkih64txw5qrfd","previousOperationId":"mvbwrcmacoyt9dj"}
{"type":"operationStart","subtype":"pdfUtilsMerge","name":"pdf utils merge","previousOperationId":"mvbwrcmacoyt9dj","timestamp":1705334233051,"id":"viz7535blm8b5dk","previousEventId":"ea62vu51raq52je","operationId":"2xmzdsf6hw5s72j"}
{"type":"operationStart","subtype":"render","name":"locations-header","previousOperationId":"2xmzdsf6hw5s72j","timestamp":1705334233052,"id":"tqai76r09clt9rd","previousEventId":"viz7535blm8b5dk","operationId":"ooepstmaah4d2hj"}
{"type":"log","timestamp":1705334233052,"level":"info","message":"Starting rendering (child) request","meta":{"rootId":"n0vxsgq3brpue1n","id":"5ct3lwfde896aci"},"id":"iwhli6797vcebjn","previousOperationId":"ooepstmaah4d2hj"}
{"type":"log","timestamp":1705334233053,"level":"info","message":"Rendering template { name: locations-header, recipe: chrome-pdf, engine: handlebars, preview: true }","meta":{"rootId":"n0vxsgq3brpue1n","id":"5ct3lwfde896aci"},"id":"y349zlfdxmep4mn","previousOperationId":"ooepstmaah4d2hj"}
{"type":"log","timestamp":1705334233054,"level":"debug","message":"Inline data specified.","meta":{"rootId":"n0vxsgq3brpue1n","id":"5ct3lwfde896aci"},"id":"13ez3dghyf5vgp7","previousOperationId":"ooepstmaah4d2hj"}
{"type":"log","timestamp":1705334233057,"level":"debug","message":"Base url not specified, skipping its injection.","meta":{"rootId":"n0vxsgq3brpue1n","id":"5ct3lwfde896aci"},"id":"gbgbo1tjidga5je","previousOperationId":"ooepstmaah4d2hj"}
{"type":"operationStart","subtype":"engine","name":"handlebars","timestamp":1705334233057,"id":"1azcnd0zl9ipm07","previousEventId":"tqai76r09clt9rd","operationId":"1a0jeg2caq8zgo7","previousOperationId":"ooepstmaah4d2hj"}
{"type":"log","timestamp":1705334233057,"level":"debug","message":"Rendering engine handlebars","meta":{"rootId":"n0vxsgq3brpue1n","id":"5ct3lwfde896aci"},"id":"8lahltjwp5wmtb6","previousOperationId":"1a0jeg2caq8zgo7"}
{"type":"operationEnd","operationId":"1a0jeg2caq8zgo7","timestamp":1705334233077,"id":"34msskhp22pt4j6","previousEventId":"1azcnd0zl9ipm07","previousOperationId":"1a0jeg2caq8zgo7"}
{"type":"operationStart","subtype":"recipe","name":"chrome-pdf","timestamp":1705334233077,"id":"r7kdppkwttrnt2s","previousEventId":"34msskhp22pt4j6","operationId":"ne1q4i10uz8s5xu","previousOperationId":"1a0jeg2caq8zgo7"}
{"type":"log","timestamp":1705334233077,"level":"debug","message":"Executing recipe chrome-pdf","meta":{"rootId":"n0vxsgq3brpue1n","id":"5ct3lwfde896aci"},"id":"w4xh4mvovi98sxi","previousOperationId":"ne1q4i10uz8s5xu"}
{"type":"log","timestamp":1705334233080,"level":"debug","message":"Converting with chrome HeadlessChrome/117.0.5938.149 using chrome-pool strategy","meta":{"rootId":"n0vxsgq3brpue1n","id":"5ct3lwfde896aci"},"id":"horu830ki83y94v","previousOperationId":"ne1q4i10uz8s5xu"}
{"type":"log","timestamp":1705334233213,"level":"debug","message":"Page request: GET (document) file:///C:/Users/arida/AppData/Local/Temp/jsreport/autocleanup/7a5373b4-d5e7-485a-8842-dbb24fd2d18c-chrome-pdf.html","meta":{"rootId":"n0vxsgq3brpue1n","id":"5ct3lwfde896aci"},"id":"si7pmjhortwnln1","previousOperationId":"ne1q4i10uz8s5xu"}
{"type":"log","timestamp":1705334233223,"level":"debug","message":"Page request: GET (stylesheet) https://cdnjs.cloudflare.com/ajax/libs/metro/4.1.5/css/metro.min.css","meta":{"rootId":"n0vxsgq3brpue1n","id":"5ct3lwfde896aci"},"id":"qx49iq9zvnibw2q","previousOperationId":"ne1q4i10uz8s5xu"}
{"type":"log","timestamp":1705334233224,"level":"debug","message":"Page request finished: GET (document) 200 file:///C:/Users/arida/AppData/Local/Temp/jsreport/autocleanup/7a5373b4-d5e7-485a-8842-dbb24fd2d18c-chrome-pdf.html","meta":{"rootId":"n0vxsgq3brpue1n","id":"5ct3lwfde896aci"},"id":"ztju3wjnyhchwk0","previousOperationId":"ne1q4i10uz8s5xu"}
{"type":"log","timestamp":1705334233247,"level":"debug","message":"Page request finished: GET (stylesheet) 200 https://cdnjs.cloudflare.com/ajax/libs/metro/4.1.5/css/metro.min.css","meta":{"rootId":"n0vxsgq3brpue1n","id":"5ct3lwfde896aci"},"id":"gm2aha2iv6493sm","previousOperationId":"ne1q4i10uz8s5xu"}
{"type":"log","timestamp":1705334233271,"level":"debug","message":"Running chrome with params {\"printBackground\":true,\"marginTop\":\"1.5cm\",\"marginRight\":\"1.5cm\",\"marginLeft\":\"1.cm\",\"timeout\":59648,\"margin\":{\"top\":\"1.5cm\",\"right\":\"1.5cm\",\"left\":\"1.cm\"}}","meta":{"rootId":"n0vxsgq3brpue1n","id":"5ct3lwfde896aci"},"id":"jaw95vw324pfp1t","previousOperationId":"ne1q4i10uz8s5xu"}
{"type":"operationEnd","operationId":"ne1q4i10uz8s5xu","timestamp":1705334233319,"id":"3bdceciyhkuxd1n","previousEventId":"r7kdppkwttrnt2s","previousOperationId":"ne1q4i10uz8s5xu"}
{"type":"log","timestamp":1705334233319,"level":"debug","message":"Skipping storing report.","meta":{"rootId":"n0vxsgq3brpue1n","id":"5ct3lwfde896aci"},"id":"ld9jtno8p0xdp2m","previousOperationId":"ne1q4i10uz8s5xu"}
{"type":"log","timestamp":1705334233319,"level":"info","message":"Rendering (child) request finished in 592 ms","meta":{"rootId":"n0vxsgq3brpue1n","id":"5ct3lwfde896aci"},"id":"l2nm1uzv4qnred5","previousOperationId":"ne1q4i10uz8s5xu"}
{"type":"operationEnd","subtype":"render","operationId":"ooepstmaah4d2hj","timestamp":1705334233320,"id":"ijwyienzfzvh34p","previousEventId":"3bdceciyhkuxd1n","previousOperationId":"ne1q4i10uz8s5xu"}
{"type":"operationEnd","operationId":"2xmzdsf6hw5s72j","timestamp":1705334233326,"id":"umk6fp909837p14","previousEventId":"viz7535blm8b5dk","previousOperationId":"2xmzdsf6hw5s72j"}
{"type":"log","timestamp":1705334233327,"level":"debug","message":"pdf-utils postproces start","meta":{"rootId":"n0vxsgq3brpue1n","id":"n0vxsgq3brpue1n"},"id":"3ukhqt9ryrmhq05","previousOperationId":"2xmzdsf6hw5s72j"}
{"type":"log","timestamp":1705334233336,"level":"debug","message":"pdf-utils postproces end","meta":{"rootId":"n0vxsgq3brpue1n","id":"n0vxsgq3brpue1n"},"id":"qbfuwj51h0dhlxr","previousOperationId":"2xmzdsf6hw5s72j"}
{"type":"operationEnd","operationId":"mvbwrcmacoyt9dj","timestamp":1705334233337,"id":"7xdp5tl4xkq6h8g","previousEventId":"umk6fp909837p14","previousOperationId":"2xmzdsf6hw5s72j"}
{"type":"log","timestamp":1705334233337,"level":"info","message":"pdf-utils pdf processing was finished","meta":{"rootId":"n0vxsgq3brpue1n","id":"n0vxsgq3brpue1n"},"id":"q1d6v7rq5z9hu9s","previousOperationId":"mvbwrcmacoyt9dj"}
{"type":"log","timestamp":1705334233337,"level":"debug","message":"Skipping storing report.","meta":{"rootId":"n0vxsgq3brpue1n","id":"n0vxsgq3brpue1n"},"id":"wcasr6xw8rb2vvp","previousOperationId":"mvbwrcmacoyt9dj"}
{"type":"log","timestamp":1705334233337,"level":"info","message":"Rendering request 21 finished in 610 ms","meta":{"rootId":"n0vxsgq3brpue1n","id":"n0vxsgq3brpue1n"},"id":"qgx12kb0lq2s3zw","previousOperationId":"mvbwrcmacoyt9dj"}
{"type":"operationEnd","subtype":"render","operationId":"ybryxz86wihkhnj","timestamp":1705334233337,"id":"7duhz5hdk7iv848","previousEventId":"7xdp5tl4xkq6h8g","previousOperationId":"mvbwrcmacoyt9dj"}
{"type":"operationEnd","doDiffs":false,"previousEventId":"kaapn2pwfrth2mv","previousOperationId":"rhoeefk6omgrt8r","operationId":"rhoeefk6omgrt8r","timestamp":1705334233345,"id":"5rn8hn5a8mbpnyw"}
