{"type":"operationStart","subtype":"profile","data":{"_id":"9xcdhfWfnnX2Zjve","timestamp":"2024-01-15T10:10:42.481Z","state":"queued","mode":"standard","creationDate":"2024-01-15T10:10:42.487Z","modificationDate":"2024-01-15T10:10:42.487Z","shortid":"eqL50Kj","$entitySet":"profiles"},"doDiffs":false,"timestamp":1705313442484,"id":"wvaug3ta7a252wh","previousOperationId":null,"operationId":"bylgrqenlb3ymdr"}
{"type":"log","level":"info","message":"Render request 17 queued for execution and waiting for available worker","previousOperationId":"bylgrqenlb3ymdr","timestamp":1705313442484,"id":"sofvvd1ld5kn29p"}
{"type":"operationStart","subtype":"render","name":"locations-main","previousOperationId":"bylgrqenlb3ymdr","timestamp":1705313442517,"id":"sbyx9586yheotay","previousEventId":"wvaug3ta7a252wh","operationId":"wl93c2225fgw40f"}
{"type":"log","timestamp":1705313442517,"level":"info","message":"Starting rendering request 17","meta":{"rootId":"nrj5kn352vb7ntv","id":"nrj5kn352vb7ntv"},"id":"jc50pbvvjptyvvk","previousOperationId":"wl93c2225fgw40f"}
{"type":"log","timestamp":1705313442518,"level":"info","message":"Rendering template { name: locations-main, recipe: chrome-pdf, engine: handlebars, preview: true }","meta":{"rootId":"nrj5kn352vb7ntv","id":"nrj5kn352vb7ntv"},"id":"wmhd0wi9jss15u0","previousOperationId":"wl93c2225fgw40f"}
{"type":"log","timestamp":1705313442521,"level":"debug","message":"Data item not defined for this template.","meta":{"rootId":"nrj5kn352vb7ntv","id":"nrj5kn352vb7ntv"},"id":"edjo5nbffuusx44","previousOperationId":"wl93c2225fgw40f"}
{"type":"log","timestamp":1705313442532,"level":"debug","message":"Executing script locations-script (beforeRender)","meta":{"rootId":"nrj5kn352vb7ntv","id":"nrj5kn352vb7ntv"},"id":"0dnfulrx2e8uqn4","previousOperationId":"wl93c2225fgw40f"}
{"type":"operationStart","subtype":"scriptsBeforeRender","name":"scripts beforeRender","timestamp":1705313442554,"id":"drqzmgmtr5nd942","previousEventId":"sbyx9586yheotay","operationId":"zhb0e5zly2m6ci5","previousOperationId":"wl93c2225fgw40f"}
{"type":"operationStart","subtype":"script","name":"scripts locations-script","previousOperationId":"zhb0e5zly2m6ci5","timestamp":1705313442554,"id":"8b9kin7s7o1c67z","previousEventId":"drqzmgmtr5nd942","operationId":"o8tm4mvo65yhs4g"}
{"type":"operationEnd","operationId":"o8tm4mvo65yhs4g","timestamp":1705313442585,"id":"qyd8fwidaz36dx7","previousEventId":"sbyx9586yheotay","previousOperationId":"wl93c2225fgw40f"}
{"type":"operationEnd","operationId":"zhb0e5zly2m6ci5","timestamp":1705313442585,"id":"khnls8tjnouw9c4","previousEventId":"qyd8fwidaz36dx7","previousOperationId":"wl93c2225fgw40f"}
{"type":"log","timestamp":1705313442585,"level":"debug","message":"Base url not specified, skipping its injection.","meta":{"rootId":"nrj5kn352vb7ntv","id":"nrj5kn352vb7ntv"},"id":"kfuc3fk9xa1qvlg","previousOperationId":"zhb0e5zly2m6ci5"}
{"type":"operationStart","subtype":"engine","name":"handlebars","timestamp":1705313442585,"id":"ksgqvyr4f93i99n","previousEventId":"khnls8tjnouw9c4","operationId":"63idzz6rlk0627q","previousOperationId":"zhb0e5zly2m6ci5"}
{"type":"log","timestamp":1705313442585,"level":"debug","message":"Rendering engine handlebars","meta":{"rootId":"nrj5kn352vb7ntv","id":"nrj5kn352vb7ntv"},"id":"bs0vi7odtxi3tz8","previousOperationId":"63idzz6rlk0627q"}
{"type":"operationEnd","operationId":"63idzz6rlk0627q","timestamp":1705313442616,"id":"mxx95kwznxyrblz","previousEventId":"ksgqvyr4f93i99n","previousOperationId":"63idzz6rlk0627q"}
{"type":"operationStart","subtype":"recipe","name":"chrome-pdf","timestamp":1705313442617,"id":"zwbuiv3veifldup","previousEventId":"mxx95kwznxyrblz","operationId":"x8n1fgeb4s8fj00","previousOperationId":"63idzz6rlk0627q"}
{"type":"log","timestamp":1705313442617,"level":"debug","message":"Executing recipe chrome-pdf","meta":{"rootId":"nrj5kn352vb7ntv","id":"nrj5kn352vb7ntv"},"id":"asjd3gri7txi3d9","previousOperationId":"x8n1fgeb4s8fj00"}
{"type":"log","timestamp":1705313442623,"level":"debug","message":"Converting with chrome HeadlessChrome/117.0.5938.149 using chrome-pool strategy","meta":{"rootId":"nrj5kn352vb7ntv","id":"nrj5kn352vb7ntv"},"id":"16ltwneuj510rv1","previousOperationId":"x8n1fgeb4s8fj00"}
{"type":"log","timestamp":1705313442899,"level":"debug","message":"Page request: GET (document) file:///C:/Users/arida/AppData/Local/Temp/jsreport/autocleanup/46b4ae8f-cf9a-46ff-b541-2beaa581e43b-chrome-pdf.html","meta":{"rootId":"nrj5kn352vb7ntv","id":"nrj5kn352vb7ntv"},"id":"qthunjxs8poglxs","previousOperationId":"x8n1fgeb4s8fj00"}
{"type":"log","timestamp":1705313442967,"level":"debug","message":"Page request: GET (script) https://cdn.jsdelivr.net/npm/chart.js","meta":{"rootId":"nrj5kn352vb7ntv","id":"nrj5kn352vb7ntv"},"id":"ll7tj0nig84q50p","previousOperationId":"x8n1fgeb4s8fj00"}
{"type":"log","timestamp":1705313442968,"level":"debug","message":"Page request finished: GET (document) 200 file:///C:/Users/arida/AppData/Local/Temp/jsreport/autocleanup/46b4ae8f-cf9a-46ff-b541-2beaa581e43b-chrome-pdf.html","meta":{"rootId":"nrj5kn352vb7ntv","id":"nrj5kn352vb7ntv"},"id":"9it504xudlzsh0b","previousOperationId":"x8n1fgeb4s8fj00"}
{"type":"log","timestamp":1705313442982,"level":"debug","message":"Page request finished: GET (script) 200 https://cdn.jsdelivr.net/npm/chart.js","meta":{"rootId":"nrj5kn352vb7ntv","id":"nrj5kn352vb7ntv"},"id":"7fl09yeeqdpa3ln","previousOperationId":"x8n1fgeb4s8fj00"}
{"type":"log","timestamp":1705313443172,"level":"debug","message":"Running chrome with params {\"printBackground\":true,\"marginTop\":\"4cm\",\"marginRight\":\"1.5cm\",\"marginBottom\":\"1.5cm\",\"marginLeft\":\"1.5cm\",\"waitForJS\":false,\"timeout\":59860,\"margin\":{\"top\":\"4cm\",\"right\":\"1.5cm\",\"bottom\":\"1.5cm\",\"left\":\"1.5cm\"}}","meta":{"rootId":"nrj5kn352vb7ntv","id":"nrj5kn352vb7ntv"},"id":"h1ize8ddkbc1u43","previousOperationId":"x8n1fgeb4s8fj00"}
{"type":"operationEnd","operationId":"x8n1fgeb4s8fj00","timestamp":1705313443218,"id":"bw0ids5g8zoh8vn","previousEventId":"zwbuiv3veifldup","previousOperationId":"x8n1fgeb4s8fj00"}
{"type":"log","timestamp":1705313443218,"level":"info","message":"pdf-utils is starting pdf processing","meta":{"rootId":"nrj5kn352vb7ntv","id":"nrj5kn352vb7ntv"},"id":"ptfmefij3d04cnl","previousOperationId":"x8n1fgeb4s8fj00"}
{"type":"operationStart","subtype":"pdfUtils","name":"pdf utils","timestamp":1705313443218,"id":"qnych61uy594588","previousEventId":"bw0ids5g8zoh8vn","operationId":"jf3n53ek3l1mn6h","previousOperationId":"x8n1fgeb4s8fj00"}
{"type":"log","timestamp":1705313443218,"level":"debug","message":"pdf-utils detected 1 pdf operation(s) to process","meta":{"rootId":"nrj5kn352vb7ntv","id":"nrj5kn352vb7ntv"},"id":"s127zu8sxbcqodp","previousOperationId":"jf3n53ek3l1mn6h"}
{"type":"log","timestamp":1705313443232,"level":"debug","message":"pdf-utils running pdf operation merge","meta":{"rootId":"nrj5kn352vb7ntv","id":"nrj5kn352vb7ntv"},"id":"dlqbscdvz79q05s","previousOperationId":"jf3n53ek3l1mn6h"}
{"type":"operationStart","subtype":"pdfUtilsMerge","name":"pdf utils merge","previousOperationId":"jf3n53ek3l1mn6h","timestamp":1705313443232,"id":"w5lssh95r4h2334","previousEventId":"qnych61uy594588","operationId":"o0wt3muu9vsushd"}
{"type":"operationStart","subtype":"render","name":"locations-header","previousOperationId":"o0wt3muu9vsushd","timestamp":1705313443234,"id":"jr519tykvszpnoz","previousEventId":"w5lssh95r4h2334","operationId":"c1aimhkf7ynsde4"}
{"type":"log","timestamp":1705313443234,"level":"info","message":"Starting rendering (child) request","meta":{"rootId":"nrj5kn352vb7ntv","id":"2q86zw41d1ogvpi"},"id":"i43v438dos9yb9f","previousOperationId":"c1aimhkf7ynsde4"}
{"type":"log","timestamp":1705313443234,"level":"info","message":"Rendering template { name: locations-header, recipe: chrome-pdf, engine: handlebars, preview: true }","meta":{"rootId":"nrj5kn352vb7ntv","id":"2q86zw41d1ogvpi"},"id":"0dpvdknwzusw246","previousOperationId":"c1aimhkf7ynsde4"}
{"type":"log","timestamp":1705313443237,"level":"debug","message":"Inline data specified.","meta":{"rootId":"nrj5kn352vb7ntv","id":"2q86zw41d1ogvpi"},"id":"i0ncqg06wqppd7r","previousOperationId":"c1aimhkf7ynsde4"}
{"type":"log","timestamp":1705313443245,"level":"debug","message":"Base url not specified, skipping its injection.","meta":{"rootId":"nrj5kn352vb7ntv","id":"2q86zw41d1ogvpi"},"id":"hekj7ro7mwe1dfc","previousOperationId":"c1aimhkf7ynsde4"}
{"type":"operationStart","subtype":"engine","name":"handlebars","timestamp":1705313443246,"id":"b13sm23mrpyzfyi","previousEventId":"jr519tykvszpnoz","operationId":"4s3qaxmjotl1ep8","previousOperationId":"c1aimhkf7ynsde4"}
{"type":"log","timestamp":1705313443246,"level":"debug","message":"Rendering engine handlebars","meta":{"rootId":"nrj5kn352vb7ntv","id":"2q86zw41d1ogvpi"},"id":"ujhbdt0bw2beq05","previousOperationId":"4s3qaxmjotl1ep8"}
{"type":"operationEnd","operationId":"4s3qaxmjotl1ep8","timestamp":1705313443306,"id":"k1fq16zsdjrn1lq","previousEventId":"b13sm23mrpyzfyi","previousOperationId":"4s3qaxmjotl1ep8"}
{"type":"operationStart","subtype":"recipe","name":"chrome-pdf","timestamp":1705313443306,"id":"5h36puua4uz1x1u","previousEventId":"k1fq16zsdjrn1lq","operationId":"w900de70uamja4k","previousOperationId":"4s3qaxmjotl1ep8"}
{"type":"log","timestamp":1705313443306,"level":"debug","message":"Executing recipe chrome-pdf","meta":{"rootId":"nrj5kn352vb7ntv","id":"2q86zw41d1ogvpi"},"id":"5kvm86epwsuq2v0","previousOperationId":"w900de70uamja4k"}
{"type":"log","timestamp":1705313443313,"level":"debug","message":"Converting with chrome HeadlessChrome/117.0.5938.149 using chrome-pool strategy","meta":{"rootId":"nrj5kn352vb7ntv","id":"2q86zw41d1ogvpi"},"id":"ab9cdxog12rc6ax","previousOperationId":"w900de70uamja4k"}
{"type":"log","timestamp":1705313443536,"level":"debug","message":"Page request: GET (document) file:///C:/Users/arida/AppData/Local/Temp/jsreport/autocleanup/e081b4b4-ba66-4953-945a-64f241a112ea-chrome-pdf.html","meta":{"rootId":"nrj5kn352vb7ntv","id":"2q86zw41d1ogvpi"},"id":"ari80hxg8j38231","previousOperationId":"w900de70uamja4k"}
{"type":"log","timestamp":1705313443548,"level":"debug","message":"Page request: GET (stylesheet) https://cdnjs.cloudflare.com/ajax/libs/metro/4.1.5/css/metro.min.css","meta":{"rootId":"nrj5kn352vb7ntv","id":"2q86zw41d1ogvpi"},"id":"x9ftykreequemjq","previousOperationId":"w900de70uamja4k"}
{"type":"log","timestamp":1705313443549,"level":"debug","message":"Page request finished: GET (document) 200 file:///C:/Users/arida/AppData/Local/Temp/jsreport/autocleanup/e081b4b4-ba66-4953-945a-64f241a112ea-chrome-pdf.html","meta":{"rootId":"nrj5kn352vb7ntv","id":"2q86zw41d1ogvpi"},"id":"xivsdodynwt812t","previousOperationId":"w900de70uamja4k"}
{"type":"log","timestamp":1705313443565,"level":"debug","message":"Page request finished: GET (stylesheet) 200 https://cdnjs.cloudflare.com/ajax/libs/metro/4.1.5/css/metro.min.css","meta":{"rootId":"nrj5kn352vb7ntv","id":"2q86zw41d1ogvpi"},"id":"ziqh5xfhf13q9tq","previousOperationId":"w900de70uamja4k"}
{"type":"log","timestamp":1705313443584,"level":"debug","message":"Running chrome with params {\"printBackground\":true,\"marginTop\":\"1.5cm\",\"marginRight\":\"1.5cm\",\"marginLeft\":\"1.cm\",\"timeout\":59170,\"margin\":{\"top\":\"1.5cm\",\"right\":\"1.5cm\",\"left\":\"1.cm\"}}","meta":{"rootId":"nrj5kn352vb7ntv","id":"2q86zw41d1ogvpi"},"id":"8lwdjp0qnd7u7o4","previousOperationId":"w900de70uamja4k"}
{"type":"operationEnd","operationId":"w900de70uamja4k","timestamp":1705313443622,"id":"sktghci5z9yor80","previousEventId":"5h36puua4uz1x1u","previousOperationId":"w900de70uamja4k"}
{"type":"log","timestamp":1705313443622,"level":"debug","message":"Skipping storing report.","meta":{"rootId":"nrj5kn352vb7ntv","id":"2q86zw41d1ogvpi"},"id":"cisoo5qit2va252","previousOperationId":"w900de70uamja4k"}
{"type":"log","timestamp":1705313443622,"level":"info","message":"Rendering (child) request finished in 1141 ms","meta":{"rootId":"nrj5kn352vb7ntv","id":"2q86zw41d1ogvpi"},"id":"963jytm5bxs99wy","previousOperationId":"w900de70uamja4k"}
{"type":"operationEnd","subtype":"render","operationId":"c1aimhkf7ynsde4","timestamp":1705313443622,"id":"168s7k3ga45vfz9","previousEventId":"sktghci5z9yor80","previousOperationId":"w900de70uamja4k"}
{"type":"operationEnd","operationId":"o0wt3muu9vsushd","timestamp":1705313443629,"id":"1rseixpebflwckx","previousEventId":"w5lssh95r4h2334","previousOperationId":"o0wt3muu9vsushd"}
{"type":"log","timestamp":1705313443629,"level":"debug","message":"pdf-utils postproces start","meta":{"rootId":"nrj5kn352vb7ntv","id":"nrj5kn352vb7ntv"},"id":"c93bi3vsz93gfeq","previousOperationId":"o0wt3muu9vsushd"}
{"type":"log","timestamp":1705313443636,"level":"debug","message":"pdf-utils postproces end","meta":{"rootId":"nrj5kn352vb7ntv","id":"nrj5kn352vb7ntv"},"id":"jc0cuq5ut1auvwo","previousOperationId":"o0wt3muu9vsushd"}
{"type":"operationEnd","operationId":"jf3n53ek3l1mn6h","timestamp":1705313443636,"id":"mslb5r4byj16her","previousEventId":"1rseixpebflwckx","previousOperationId":"o0wt3muu9vsushd"}
{"type":"log","timestamp":1705313443636,"level":"info","message":"pdf-utils pdf processing was finished","meta":{"rootId":"nrj5kn352vb7ntv","id":"nrj5kn352vb7ntv"},"id":"uyprhw4ecsu6f1y","previousOperationId":"jf3n53ek3l1mn6h"}
{"type":"log","timestamp":1705313443636,"level":"debug","message":"Skipping storing report.","meta":{"rootId":"nrj5kn352vb7ntv","id":"nrj5kn352vb7ntv"},"id":"mtofz1xjhihblch","previousOperationId":"jf3n53ek3l1mn6h"}
{"type":"log","timestamp":1705313443636,"level":"info","message":"Rendering request 17 finished in 1155 ms","meta":{"rootId":"nrj5kn352vb7ntv","id":"nrj5kn352vb7ntv"},"id":"6e7sxnjyfnyncx8","previousOperationId":"jf3n53ek3l1mn6h"}
{"type":"operationEnd","subtype":"render","operationId":"wl93c2225fgw40f","timestamp":1705313443636,"id":"sd22afoaca15qj8","previousEventId":"mslb5r4byj16her","previousOperationId":"jf3n53ek3l1mn6h"}
{"type":"operationEnd","doDiffs":false,"previousEventId":"wvaug3ta7a252wh","previousOperationId":"bylgrqenlb3ymdr","operationId":"bylgrqenlb3ymdr","timestamp":1705313443645,"id":"5rvdptg4vmpgtiy"}
