{"type":"operationStart","subtype":"profile","data":{"_id":"HnAqkimseJqA5Q14","timestamp":"2024-01-15T18:28:28.772Z","state":"queued","mode":"standard","creationDate":"2024-01-15T18:28:28.775Z","modificationDate":"2024-01-15T18:28:28.775Z","shortid":"EuI1nYp","$entitySet":"profiles"},"doDiffs":false,"timestamp":1705343308774,"id":"clyezv1qe5878u7","previousOperationId":null,"operationId":"f04xolg1uw9ol4d"}
{"type":"log","level":"info","message":"Render request 35 queued for execution and waiting for available worker","previousOperationId":"f04xolg1uw9ol4d","timestamp":1705343308774,"id":"bw73a1c1a9djyqf"}
{"type":"operationStart","subtype":"render","name":"locations-main","previousOperationId":"f04xolg1uw9ol4d","timestamp":1705343308789,"id":"tg47v0glsxb8azk","previousEventId":"clyezv1qe5878u7","operationId":"4sp5al1gt8vpdnt"}
{"type":"log","timestamp":1705343308789,"level":"info","message":"Starting rendering request 35","meta":{"rootId":"o9505he2jg8v57z","id":"o9505he2jg8v57z"},"id":"sjt3ohr1qyxzxrd","previousOperationId":"4sp5al1gt8vpdnt"}
{"type":"log","timestamp":1705343308789,"level":"info","message":"Rendering template { name: locations-main, recipe: chrome-pdf, engine: handlebars, preview: true }","meta":{"rootId":"o9505he2jg8v57z","id":"o9505he2jg8v57z"},"id":"zdqhevdkakf3aqy","previousOperationId":"4sp5al1gt8vpdnt"}
{"type":"log","timestamp":1705343308790,"level":"debug","message":"Data item not defined for this template.","meta":{"rootId":"o9505he2jg8v57z","id":"o9505he2jg8v57z"},"id":"wlvrrhfihans8cy","previousOperationId":"4sp5al1gt8vpdnt"}
{"type":"log","timestamp":1705343308798,"level":"debug","message":"Executing script locations-script (beforeRender)","meta":{"rootId":"o9505he2jg8v57z","id":"o9505he2jg8v57z"},"id":"tws4ss9sczkd2bk","previousOperationId":"4sp5al1gt8vpdnt"}
{"type":"operationStart","subtype":"scriptsBeforeRender","name":"scripts beforeRender","timestamp":1705343308806,"id":"snmgm9nh0a9jnxy","previousEventId":"tg47v0glsxb8azk","operationId":"l2mmszc40zypbkn","previousOperationId":"4sp5al1gt8vpdnt"}
{"type":"operationStart","subtype":"script","name":"scripts locations-script","previousOperationId":"l2mmszc40zypbkn","timestamp":1705343308806,"id":"a59ihsb82d7dhkm","previousEventId":"snmgm9nh0a9jnxy","operationId":"26c2911glw25ts0"}
{"type":"operationEnd","operationId":"26c2911glw25ts0","timestamp":1705343308823,"id":"amv2n6r2ccvt9fw","previousEventId":"tg47v0glsxb8azk","previousOperationId":"4sp5al1gt8vpdnt"}
{"type":"operationEnd","operationId":"l2mmszc40zypbkn","timestamp":1705343308823,"id":"jihtp2xu05ejfvl","previousEventId":"amv2n6r2ccvt9fw","previousOperationId":"4sp5al1gt8vpdnt"}
{"type":"log","timestamp":1705343308823,"level":"debug","message":"Base url not specified, skipping its injection.","meta":{"rootId":"o9505he2jg8v57z","id":"o9505he2jg8v57z"},"id":"mzw8ofwtbgai9nw","previousOperationId":"l2mmszc40zypbkn"}
{"type":"operationStart","subtype":"engine","name":"handlebars","timestamp":1705343308823,"id":"jnd14ktmpzdaog4","previousEventId":"jihtp2xu05ejfvl","operationId":"3e0tidh39px5xuy","previousOperationId":"l2mmszc40zypbkn"}
{"type":"log","timestamp":1705343308823,"level":"debug","message":"Rendering engine handlebars","meta":{"rootId":"o9505he2jg8v57z","id":"o9505he2jg8v57z"},"id":"g1aet91fmyjmb8c","previousOperationId":"3e0tidh39px5xuy"}
{"type":"operationEnd","operationId":"3e0tidh39px5xuy","timestamp":1705343308840,"id":"nohz3m5elag3b1e","previousEventId":"jnd14ktmpzdaog4","previousOperationId":"3e0tidh39px5xuy"}
{"type":"operationStart","subtype":"recipe","name":"chrome-pdf","timestamp":1705343308840,"id":"flglefdahr0bura","previousEventId":"nohz3m5elag3b1e","operationId":"zss5ok6aibu1wkr","previousOperationId":"3e0tidh39px5xuy"}
{"type":"log","timestamp":1705343308840,"level":"debug","message":"Executing recipe chrome-pdf","meta":{"rootId":"o9505he2jg8v57z","id":"o9505he2jg8v57z"},"id":"y2ryecwpqlv44py","previousOperationId":"zss5ok6aibu1wkr"}
{"type":"log","timestamp":1705343308843,"level":"debug","message":"Converting with chrome HeadlessChrome/117.0.5938.149 using chrome-pool strategy","meta":{"rootId":"o9505he2jg8v57z","id":"o9505he2jg8v57z"},"id":"lzsyszhjdy2cjkb","previousOperationId":"zss5ok6aibu1wkr"}
{"type":"log","timestamp":1705343308975,"level":"debug","message":"Page request: GET (document) file:///C:/Users/arida/AppData/Local/Temp/jsreport/autocleanup/ce0909d5-69ae-45ce-8e95-1122b411b02a-chrome-pdf.html","meta":{"rootId":"o9505he2jg8v57z","id":"o9505he2jg8v57z"},"id":"l0d6rbsiydimzq2","previousOperationId":"zss5ok6aibu1wkr"}
{"type":"log","timestamp":1705343309009,"level":"debug","message":"Page request finished: GET (document) 200 file:///C:/Users/arida/AppData/Local/Temp/jsreport/autocleanup/ce0909d5-69ae-45ce-8e95-1122b411b02a-chrome-pdf.html","meta":{"rootId":"o9505he2jg8v57z","id":"o9505he2jg8v57z"},"id":"5b0e6pero7ygg2z","previousOperationId":"zss5ok6aibu1wkr"}
{"type":"log","timestamp":1705343309010,"level":"debug","message":"Page request: GET (script) https://cdnjs.cloudflare.com/ajax/libs/Chart.js/2.7.2/Chart.min.js","meta":{"rootId":"o9505he2jg8v57z","id":"o9505he2jg8v57z"},"id":"fk2iot6kkmmmubi","previousOperationId":"zss5ok6aibu1wkr"}
{"type":"log","timestamp":1705343309016,"level":"debug","message":"Page request finished: GET (script) 200 https://cdnjs.cloudflare.com/ajax/libs/Chart.js/2.7.2/Chart.min.js","meta":{"rootId":"o9505he2jg8v57z","id":"o9505he2jg8v57z"},"id":"fc7qclu48aqfp1s","previousOperationId":"zss5ok6aibu1wkr"}
{"type":"log","timestamp":1705343309026,"level":"debug","message":"(console:log) hola","meta":{"userLevel":true,"rootId":"o9505he2jg8v57z","id":"o9505he2jg8v57z"},"id":"c0pjrxsnwnj54aa","previousOperationId":"zss5ok6aibu1wkr"}
{"type":"log","timestamp":1705343309042,"level":"debug","message":"Running chrome with params {\"printBackground\":true,\"marginTop\":\"4cm\",\"marginRight\":\"1.5cm\",\"marginBottom\":\"1.5cm\",\"marginLeft\":\"1.5cm\",\"waitForJS\":false,\"timeout\":59930,\"margin\":{\"top\":\"4cm\",\"right\":\"1.5cm\",\"bottom\":\"1.5cm\",\"left\":\"1.5cm\"}}","meta":{"rootId":"o9505he2jg8v57z","id":"o9505he2jg8v57z"},"id":"s97019w8iaeh3wc","previousOperationId":"zss5ok6aibu1wkr"}
{"type":"operationEnd","operationId":"zss5ok6aibu1wkr","timestamp":1705343309086,"id":"1l8ffcw9hv7qeds","previousEventId":"flglefdahr0bura","previousOperationId":"zss5ok6aibu1wkr"}
{"type":"log","timestamp":1705343309086,"level":"info","message":"pdf-utils is starting pdf processing","meta":{"rootId":"o9505he2jg8v57z","id":"o9505he2jg8v57z"},"id":"5hm3klor7nxq1qn","previousOperationId":"zss5ok6aibu1wkr"}
{"type":"operationStart","subtype":"pdfUtils","name":"pdf utils","timestamp":1705343309086,"id":"7bly57sue7hjhh4","previousEventId":"1l8ffcw9hv7qeds","operationId":"ckmyx9zvbj56elj","previousOperationId":"zss5ok6aibu1wkr"}
{"type":"log","timestamp":1705343309086,"level":"debug","message":"pdf-utils detected 1 pdf operation(s) to process","meta":{"rootId":"o9505he2jg8v57z","id":"o9505he2jg8v57z"},"id":"60zrluhk4cxzx9j","previousOperationId":"ckmyx9zvbj56elj"}
{"type":"log","timestamp":1705343309100,"level":"debug","message":"pdf-utils running pdf operation merge","meta":{"rootId":"o9505he2jg8v57z","id":"o9505he2jg8v57z"},"id":"bv4j8v2zalomjot","previousOperationId":"ckmyx9zvbj56elj"}
{"type":"operationStart","subtype":"pdfUtilsMerge","name":"pdf utils merge","previousOperationId":"ckmyx9zvbj56elj","timestamp":1705343309100,"id":"or54akr92t35pww","previousEventId":"7bly57sue7hjhh4","operationId":"i5zxwexsxky6z2s"}
{"type":"operationStart","subtype":"render","name":"locations-header","previousOperationId":"i5zxwexsxky6z2s","timestamp":1705343309102,"id":"z7b2t1789ui9tjw","previousEventId":"or54akr92t35pww","operationId":"c9kdze5ncyuejmx"}
{"type":"log","timestamp":1705343309103,"level":"info","message":"Starting rendering (child) request","meta":{"rootId":"o9505he2jg8v57z","id":"yi5hawsyl55lhcp"},"id":"dyx7jtj18jk70sf","previousOperationId":"c9kdze5ncyuejmx"}
{"type":"log","timestamp":1705343309103,"level":"info","message":"Rendering template { name: locations-header, recipe: chrome-pdf, engine: handlebars, preview: true }","meta":{"rootId":"o9505he2jg8v57z","id":"yi5hawsyl55lhcp"},"id":"ptcjcbq9s3f1gls","previousOperationId":"c9kdze5ncyuejmx"}
{"type":"log","timestamp":1705343309119,"level":"debug","message":"Inline data specified.","meta":{"rootId":"o9505he2jg8v57z","id":"yi5hawsyl55lhcp"},"id":"fd2xcv129pzyfgr","previousOperationId":"c9kdze5ncyuejmx"}
{"type":"log","timestamp":1705343309122,"level":"debug","message":"Base url not specified, skipping its injection.","meta":{"rootId":"o9505he2jg8v57z","id":"yi5hawsyl55lhcp"},"id":"ittwmowovmwnili","previousOperationId":"c9kdze5ncyuejmx"}
{"type":"operationStart","subtype":"engine","name":"handlebars","timestamp":1705343309123,"id":"5b4h6pypecm9soj","previousEventId":"z7b2t1789ui9tjw","operationId":"2tt67bdqmz3ofag","previousOperationId":"c9kdze5ncyuejmx"}
{"type":"log","timestamp":1705343309123,"level":"debug","message":"Rendering engine handlebars","meta":{"rootId":"o9505he2jg8v57z","id":"yi5hawsyl55lhcp"},"id":"ypdre7oxt6q90dy","previousOperationId":"2tt67bdqmz3ofag"}
{"type":"operationEnd","operationId":"2tt67bdqmz3ofag","timestamp":1705343309146,"id":"f0dziqj9giaj2nb","previousEventId":"5b4h6pypecm9soj","previousOperationId":"2tt67bdqmz3ofag"}
{"type":"operationStart","subtype":"recipe","name":"chrome-pdf","timestamp":1705343309147,"id":"2bsgczb2nysfr1g","previousEventId":"f0dziqj9giaj2nb","operationId":"owngcp70ngqjkrr","previousOperationId":"2tt67bdqmz3ofag"}
{"type":"log","timestamp":1705343309147,"level":"debug","message":"Executing recipe chrome-pdf","meta":{"rootId":"o9505he2jg8v57z","id":"yi5hawsyl55lhcp"},"id":"ikfzq951i698vxj","previousOperationId":"owngcp70ngqjkrr"}
{"type":"log","timestamp":1705343309150,"level":"debug","message":"Converting with chrome HeadlessChrome/117.0.5938.149 using chrome-pool strategy","meta":{"rootId":"o9505he2jg8v57z","id":"yi5hawsyl55lhcp"},"id":"3do00df3z7cdxe6","previousOperationId":"owngcp70ngqjkrr"}
{"type":"log","timestamp":1705343309278,"level":"debug","message":"Page request: GET (document) file:///C:/Users/arida/AppData/Local/Temp/jsreport/autocleanup/8e3e04c8-173c-4cda-9f93-45875543b77d-chrome-pdf.html","meta":{"rootId":"o9505he2jg8v57z","id":"yi5hawsyl55lhcp"},"id":"s3m40gcrcsniupv","previousOperationId":"owngcp70ngqjkrr"}
{"type":"log","timestamp":1705343309289,"level":"debug","message":"Page request: GET (stylesheet) https://cdnjs.cloudflare.com/ajax/libs/metro/4.1.5/css/metro.min.css","meta":{"rootId":"o9505he2jg8v57z","id":"yi5hawsyl55lhcp"},"id":"zj0v6mkw1jkjqfr","previousOperationId":"owngcp70ngqjkrr"}
{"type":"log","timestamp":1705343309290,"level":"debug","message":"Page request finished: GET (document) 200 file:///C:/Users/arida/AppData/Local/Temp/jsreport/autocleanup/8e3e04c8-173c-4cda-9f93-45875543b77d-chrome-pdf.html","meta":{"rootId":"o9505he2jg8v57z","id":"yi5hawsyl55lhcp"},"id":"bei61pf3zjb9nhs","previousOperationId":"owngcp70ngqjkrr"}
{"type":"log","timestamp":1705343309311,"level":"debug","message":"Page request finished: GET (stylesheet) 200 https://cdnjs.cloudflare.com/ajax/libs/metro/4.1.5/css/metro.min.css","meta":{"rootId":"o9505he2jg8v57z","id":"yi5hawsyl55lhcp"},"id":"aoln9oqb33dx6lt","previousOperationId":"owngcp70ngqjkrr"}
{"type":"log","timestamp":1705343309332,"level":"debug","message":"Running chrome with params {\"printBackground\":true,\"marginTop\":\"1.5cm\",\"marginRight\":\"1.5cm\",\"marginLeft\":\"1.cm\",\"timeout\":59623,\"margin\":{\"top\":\"1.5cm\",\"right\":\"1.5cm\",\"left\":\"1.cm\"}}","meta":{"rootId":"o9505he2jg8v57z","id":"yi5hawsyl55lhcp"},"id":"nn6eqettxv85e4u","previousOperationId":"owngcp70ngqjkrr"}
{"type":"operationEnd","operationId":"owngcp70ngqjkrr","timestamp":1705343309372,"id":"6i8rn44idqypkfw","previousEventId":"2bsgczb2nysfr1g","previousOperationId":"owngcp70ngqjkrr"}
{"type":"log","timestamp":1705343309372,"level":"debug","message":"Skipping storing report.","meta":{"rootId":"o9505he2jg8v57z","id":"yi5hawsyl55lhcp"},"id":"9fus3f4nnyalbwr","previousOperationId":"owngcp70ngqjkrr"}
{"type":"log","timestamp":1705343309372,"level":"info","message":"Rendering (child) request finished in 600 ms","meta":{"rootId":"o9505he2jg8v57z","id":"yi5hawsyl55lhcp"},"id":"d0x4n1ucr2ivcst","previousOperationId":"owngcp70ngqjkrr"}
{"type":"operationEnd","subtype":"render","operationId":"c9kdze5ncyuejmx","timestamp":1705343309372,"id":"rdb6xeiyoh08xyp","previousEventId":"6i8rn44idqypkfw","previousOperationId":"owngcp70ngqjkrr"}
{"type":"operationEnd","operationId":"i5zxwexsxky6z2s","timestamp":1705343309381,"id":"l9hqg3z0krwfe3s","previousEventId":"or54akr92t35pww","previousOperationId":"i5zxwexsxky6z2s"}
{"type":"log","timestamp":1705343309381,"level":"debug","message":"pdf-utils postproces start","meta":{"rootId":"o9505he2jg8v57z","id":"o9505he2jg8v57z"},"id":"ipdvpy9g8qe0bon","previousOperationId":"i5zxwexsxky6z2s"}
{"type":"log","timestamp":1705343309389,"level":"debug","message":"pdf-utils postproces end","meta":{"rootId":"o9505he2jg8v57z","id":"o9505he2jg8v57z"},"id":"5y3580pa62czfhq","previousOperationId":"i5zxwexsxky6z2s"}
{"type":"operationEnd","operationId":"ckmyx9zvbj56elj","timestamp":1705343309389,"id":"p02mgf4i8s7gc3s","previousEventId":"l9hqg3z0krwfe3s","previousOperationId":"i5zxwexsxky6z2s"}
{"type":"log","timestamp":1705343309389,"level":"info","message":"pdf-utils pdf processing was finished","meta":{"rootId":"o9505he2jg8v57z","id":"o9505he2jg8v57z"},"id":"b8gpqnk57srfxo8","previousOperationId":"ckmyx9zvbj56elj"}
{"type":"log","timestamp":1705343309389,"level":"debug","message":"Skipping storing report.","meta":{"rootId":"o9505he2jg8v57z","id":"o9505he2jg8v57z"},"id":"iehyofwi7znd3aw","previousOperationId":"ckmyx9zvbj56elj"}
{"type":"log","timestamp":1705343309389,"level":"info","message":"Rendering request 35 finished in 617 ms","meta":{"rootId":"o9505he2jg8v57z","id":"o9505he2jg8v57z"},"id":"s8nzj1utrwml00y","previousOperationId":"ckmyx9zvbj56elj"}
{"type":"operationEnd","subtype":"render","operationId":"4sp5al1gt8vpdnt","timestamp":1705343309389,"id":"yjsle4vvmon8otb","previousEventId":"p02mgf4i8s7gc3s","previousOperationId":"ckmyx9zvbj56elj"}
{"type":"operationEnd","doDiffs":false,"previousEventId":"clyezv1qe5878u7","previousOperationId":"f04xolg1uw9ol4d","operationId":"f04xolg1uw9ol4d","timestamp":1705343309402,"id":"pxc69r59pzcn5og"}
