{"type":"operationStart","subtype":"profile","data":{"_id":"KXi7xzqFvBEN8OHn","timestamp":"2024-01-15T18:29:15.362Z","state":"queued","mode":"standard","creationDate":"2024-01-15T18:29:15.365Z","modificationDate":"2024-01-15T18:29:15.365Z","shortid":"1H4aINb","$entitySet":"profiles"},"doDiffs":false,"timestamp":1705343355363,"id":"yxvu1xvqnmz3uoi","previousOperationId":null,"operationId":"za2lq2jzktqtruk"}
{"type":"log","level":"info","message":"Render request 38 queued for execution and waiting for available worker","previousOperationId":"za2lq2jzktqtruk","timestamp":1705343355364,"id":"q59tcdngaahbi55"}
{"type":"operationStart","subtype":"render","name":"locations-main","previousOperationId":"za2lq2jzktqtruk","timestamp":1705343355382,"id":"x9d25lzjrp5so0t","previousEventId":"yxvu1xvqnmz3uoi","operationId":"2pl3eeb4gmwbyjr"}
{"type":"log","timestamp":1705343355382,"level":"info","message":"Starting rendering request 38","meta":{"rootId":"q9xuzb5qmmyutr3","id":"q9xuzb5qmmyutr3"},"id":"zsk8cy3coa406zm","previousOperationId":"2pl3eeb4gmwbyjr"}
{"type":"log","timestamp":1705343355383,"level":"info","message":"Rendering template { name: locations-main, recipe: chrome-pdf, engine: handlebars, preview: true }","meta":{"rootId":"q9xuzb5qmmyutr3","id":"q9xuzb5qmmyutr3"},"id":"l8jsjrl5a8utppr","previousOperationId":"2pl3eeb4gmwbyjr"}
{"type":"log","timestamp":1705343355384,"level":"debug","message":"Data item not defined for this template.","meta":{"rootId":"q9xuzb5qmmyutr3","id":"q9xuzb5qmmyutr3"},"id":"4ekmvw9bkemb1w6","previousOperationId":"2pl3eeb4gmwbyjr"}
{"type":"log","timestamp":1705343355389,"level":"debug","message":"Executing script locations-script (beforeRender)","meta":{"rootId":"q9xuzb5qmmyutr3","id":"q9xuzb5qmmyutr3"},"id":"adv3dittphc1dw2","previousOperationId":"2pl3eeb4gmwbyjr"}
{"type":"operationStart","subtype":"scriptsBeforeRender","name":"scripts beforeRender","timestamp":1705343355399,"id":"eedbb75bc37ounb","previousEventId":"x9d25lzjrp5so0t","operationId":"uegl4zbkiruaawy","previousOperationId":"2pl3eeb4gmwbyjr"}
{"type":"operationStart","subtype":"script","name":"scripts locations-script","previousOperationId":"uegl4zbkiruaawy","timestamp":1705343355399,"id":"3rdl2896eke6k58","previousEventId":"eedbb75bc37ounb","operationId":"voyx8i3fzh4srsn"}
{"type":"operationEnd","operationId":"voyx8i3fzh4srsn","timestamp":1705343355416,"id":"cp3zc8xjufxyfxb","previousEventId":"x9d25lzjrp5so0t","previousOperationId":"2pl3eeb4gmwbyjr"}
{"type":"operationEnd","operationId":"uegl4zbkiruaawy","timestamp":1705343355416,"id":"jyiz8nfhwitbzap","previousEventId":"cp3zc8xjufxyfxb","previousOperationId":"2pl3eeb4gmwbyjr"}
{"type":"log","timestamp":1705343355416,"level":"debug","message":"Base url not specified, skipping its injection.","meta":{"rootId":"q9xuzb5qmmyutr3","id":"q9xuzb5qmmyutr3"},"id":"tpk58ozvf8wd1wj","previousOperationId":"uegl4zbkiruaawy"}
{"type":"operationStart","subtype":"engine","name":"handlebars","timestamp":1705343355416,"id":"3uikpi05ysxmxrt","previousEventId":"jyiz8nfhwitbzap","operationId":"u27k3gd5ly0gz5k","previousOperationId":"uegl4zbkiruaawy"}
{"type":"log","timestamp":1705343355416,"level":"debug","message":"Rendering engine handlebars","meta":{"rootId":"q9xuzb5qmmyutr3","id":"q9xuzb5qmmyutr3"},"id":"9wm4s1c52dftoql","previousOperationId":"u27k3gd5ly0gz5k"}
{"type":"operationEnd","operationId":"u27k3gd5ly0gz5k","timestamp":1705343355435,"id":"qvcmb2b0n006m59","previousEventId":"3uikpi05ysxmxrt","previousOperationId":"u27k3gd5ly0gz5k"}
{"type":"operationStart","subtype":"recipe","name":"chrome-pdf","timestamp":1705343355435,"id":"nxk8oijpxf6qmxt","previousEventId":"qvcmb2b0n006m59","operationId":"5ml6s3mk224zpea","previousOperationId":"u27k3gd5ly0gz5k"}
{"type":"log","timestamp":1705343355435,"level":"debug","message":"Executing recipe chrome-pdf","meta":{"rootId":"q9xuzb5qmmyutr3","id":"q9xuzb5qmmyutr3"},"id":"atani9ka7lo2h7r","previousOperationId":"5ml6s3mk224zpea"}
{"type":"log","timestamp":1705343355438,"level":"debug","message":"Converting with chrome HeadlessChrome/117.0.5938.149 using chrome-pool strategy","meta":{"rootId":"q9xuzb5qmmyutr3","id":"q9xuzb5qmmyutr3"},"id":"fmttyem7ppbo31z","previousOperationId":"5ml6s3mk224zpea"}
{"type":"log","timestamp":1705343355571,"level":"debug","message":"Page request: GET (document) file:///C:/Users/arida/AppData/Local/Temp/jsreport/autocleanup/8a9917d5-5418-4aef-94ea-36a97052e4fb-chrome-pdf.html","meta":{"rootId":"q9xuzb5qmmyutr3","id":"q9xuzb5qmmyutr3"},"id":"x0py7t2hdljn7lg","previousOperationId":"5ml6s3mk224zpea"}
{"type":"log","timestamp":1705343355604,"level":"debug","message":"Page request: GET (script) https://cdnjs.cloudflare.com/ajax/libs/Chart.js/2.7.2/Chart.min.js","meta":{"rootId":"q9xuzb5qmmyutr3","id":"q9xuzb5qmmyutr3"},"id":"b0uf8elguj7i5k5","previousOperationId":"5ml6s3mk224zpea"}
{"type":"log","timestamp":1705343355605,"level":"debug","message":"Page request finished: GET (document) 200 file:///C:/Users/arida/AppData/Local/Temp/jsreport/autocleanup/8a9917d5-5418-4aef-94ea-36a97052e4fb-chrome-pdf.html","meta":{"rootId":"q9xuzb5qmmyutr3","id":"q9xuzb5qmmyutr3"},"id":"kjx3za5jzl9l1qa","previousOperationId":"5ml6s3mk224zpea"}
{"type":"log","timestamp":1705343355611,"level":"debug","message":"Page request finished: GET (script) 200 https://cdnjs.cloudflare.com/ajax/libs/Chart.js/2.7.2/Chart.min.js","meta":{"rootId":"q9xuzb5qmmyutr3","id":"q9xuzb5qmmyutr3"},"id":"6u3h8puawd9iafa","previousOperationId":"5ml6s3mk224zpea"}
{"type":"log","timestamp":1705343355620,"level":"debug","message":"(console:log) hola","meta":{"userLevel":true,"rootId":"q9xuzb5qmmyutr3","id":"q9xuzb5qmmyutr3"},"id":"o9r0ujmly1wb99j","previousOperationId":"5ml6s3mk224zpea"}
{"type":"log","timestamp":1705343355637,"level":"debug","message":"Running chrome with params {\"printBackground\":true,\"marginTop\":\"4cm\",\"marginRight\":\"1.5cm\",\"marginBottom\":\"1.5cm\",\"marginLeft\":\"1.5cm\",\"waitForJS\":false,\"timeout\":59925,\"margin\":{\"top\":\"4cm\",\"right\":\"1.5cm\",\"bottom\":\"1.5cm\",\"left\":\"1.5cm\"}}","meta":{"rootId":"q9xuzb5qmmyutr3","id":"q9xuzb5qmmyutr3"},"id":"b34ibfcix6tj4w6","previousOperationId":"5ml6s3mk224zpea"}
{"type":"operationEnd","operationId":"5ml6s3mk224zpea","timestamp":1705343355685,"id":"ijhe5h3pju5svax","previousEventId":"nxk8oijpxf6qmxt","previousOperationId":"5ml6s3mk224zpea"}
{"type":"log","timestamp":1705343355685,"level":"info","message":"pdf-utils is starting pdf processing","meta":{"rootId":"q9xuzb5qmmyutr3","id":"q9xuzb5qmmyutr3"},"id":"mjdlqotg9fcvrl2","previousOperationId":"5ml6s3mk224zpea"}
{"type":"operationStart","subtype":"pdfUtils","name":"pdf utils","timestamp":1705343355685,"id":"nh6d21nlpoutxzv","previousEventId":"ijhe5h3pju5svax","operationId":"79en5maqnmjb6jr","previousOperationId":"5ml6s3mk224zpea"}
{"type":"log","timestamp":1705343355685,"level":"debug","message":"pdf-utils detected 1 pdf operation(s) to process","meta":{"rootId":"q9xuzb5qmmyutr3","id":"q9xuzb5qmmyutr3"},"id":"43heqpnr2lw44q1","previousOperationId":"79en5maqnmjb6jr"}
{"type":"log","timestamp":1705343355697,"level":"debug","message":"pdf-utils running pdf operation merge","meta":{"rootId":"q9xuzb5qmmyutr3","id":"q9xuzb5qmmyutr3"},"id":"ivcl9aa68abxj42","previousOperationId":"79en5maqnmjb6jr"}
{"type":"operationStart","subtype":"pdfUtilsMerge","name":"pdf utils merge","previousOperationId":"79en5maqnmjb6jr","timestamp":1705343355697,"id":"rgmibgt66wr1u0a","previousEventId":"nh6d21nlpoutxzv","operationId":"xa6q3fd4l5xhyp0"}
{"type":"operationStart","subtype":"render","name":"locations-header","previousOperationId":"xa6q3fd4l5xhyp0","timestamp":1705343355698,"id":"ro9rke5jvbcajlw","previousEventId":"rgmibgt66wr1u0a","operationId":"yvvgx1tbihbharn"}
{"type":"log","timestamp":1705343355698,"level":"info","message":"Starting rendering (child) request","meta":{"rootId":"q9xuzb5qmmyutr3","id":"8j3fce29ffbohas"},"id":"c10zp7zzwhwte26","previousOperationId":"yvvgx1tbihbharn"}
{"type":"log","timestamp":1705343355698,"level":"info","message":"Rendering template { name: locations-header, recipe: chrome-pdf, engine: handlebars, preview: true }","meta":{"rootId":"q9xuzb5qmmyutr3","id":"8j3fce29ffbohas"},"id":"60t9v19ikn8p643","previousOperationId":"yvvgx1tbihbharn"}
{"type":"log","timestamp":1705343355708,"level":"debug","message":"Inline data specified.","meta":{"rootId":"q9xuzb5qmmyutr3","id":"8j3fce29ffbohas"},"id":"c8sc03qide2thuy","previousOperationId":"yvvgx1tbihbharn"}
{"type":"log","timestamp":1705343355712,"level":"debug","message":"Base url not specified, skipping its injection.","meta":{"rootId":"q9xuzb5qmmyutr3","id":"8j3fce29ffbohas"},"id":"oc5t7m9fgd6y07l","previousOperationId":"yvvgx1tbihbharn"}
{"type":"operationStart","subtype":"engine","name":"handlebars","timestamp":1705343355712,"id":"ol2zm1zj08d4hr4","previousEventId":"ro9rke5jvbcajlw","operationId":"giz8qxt9zzj9f7d","previousOperationId":"yvvgx1tbihbharn"}
{"type":"log","timestamp":1705343355713,"level":"debug","message":"Rendering engine handlebars","meta":{"rootId":"q9xuzb5qmmyutr3","id":"8j3fce29ffbohas"},"id":"0qmajboc0w59dt2","previousOperationId":"giz8qxt9zzj9f7d"}
{"type":"operationEnd","operationId":"giz8qxt9zzj9f7d","timestamp":1705343355737,"id":"y3bwigqom5i4ieg","previousEventId":"ol2zm1zj08d4hr4","previousOperationId":"giz8qxt9zzj9f7d"}
{"type":"operationStart","subtype":"recipe","name":"chrome-pdf","timestamp":1705343355737,"id":"i5u0krl4wtzivl2","previousEventId":"y3bwigqom5i4ieg","operationId":"lxqpvctg3ua0dao","previousOperationId":"giz8qxt9zzj9f7d"}
{"type":"log","timestamp":1705343355737,"level":"debug","message":"Executing recipe chrome-pdf","meta":{"rootId":"q9xuzb5qmmyutr3","id":"8j3fce29ffbohas"},"id":"0aevad2586rikw9","previousOperationId":"lxqpvctg3ua0dao"}
{"type":"log","timestamp":1705343355750,"level":"debug","message":"Converting with chrome HeadlessChrome/117.0.5938.149 using chrome-pool strategy","meta":{"rootId":"q9xuzb5qmmyutr3","id":"8j3fce29ffbohas"},"id":"qiiivr014hltrx4","previousOperationId":"lxqpvctg3ua0dao"}
{"type":"log","timestamp":1705343355886,"level":"debug","message":"Page request: GET (document) file:///C:/Users/arida/AppData/Local/Temp/jsreport/autocleanup/0bc8335c-07ce-48ce-8e5d-0af45330ebd9-chrome-pdf.html","meta":{"rootId":"q9xuzb5qmmyutr3","id":"8j3fce29ffbohas"},"id":"pmpxh9bgcatvdh3","previousOperationId":"lxqpvctg3ua0dao"}
{"type":"log","timestamp":1705343355897,"level":"debug","message":"Page request: GET (stylesheet) https://cdnjs.cloudflare.com/ajax/libs/metro/4.1.5/css/metro.min.css","meta":{"rootId":"q9xuzb5qmmyutr3","id":"8j3fce29ffbohas"},"id":"k0ib8q9gmu1y6je","previousOperationId":"lxqpvctg3ua0dao"}
{"type":"log","timestamp":1705343355898,"level":"debug","message":"Page request finished: GET (document) 200 file:///C:/Users/arida/AppData/Local/Temp/jsreport/autocleanup/0bc8335c-07ce-48ce-8e5d-0af45330ebd9-chrome-pdf.html","meta":{"rootId":"q9xuzb5qmmyutr3","id":"8j3fce29ffbohas"},"id":"1cw9urvrfuqtwkl","previousOperationId":"lxqpvctg3ua0dao"}
{"type":"log","timestamp":1705343355921,"level":"debug","message":"Page request finished: GET (stylesheet) 200 https://cdnjs.cloudflare.com/ajax/libs/metro/4.1.5/css/metro.min.css","meta":{"rootId":"q9xuzb5qmmyutr3","id":"8j3fce29ffbohas"},"id":"8cx9h3i627zca9g","previousOperationId":"lxqpvctg3ua0dao"}
{"type":"log","timestamp":1705343355943,"level":"debug","message":"Running chrome with params {\"printBackground\":true,\"marginTop\":\"1.5cm\",\"marginRight\":\"1.5cm\",\"marginLeft\":\"1.cm\",\"timeout\":59614,\"margin\":{\"top\":\"1.5cm\",\"right\":\"1.5cm\",\"left\":\"1.cm\"}}","meta":{"rootId":"q9xuzb5qmmyutr3","id":"8j3fce29ffbohas"},"id":"m4ol3az9ei3kvni","previousOperationId":"lxqpvctg3ua0dao"}
{"type":"operationEnd","operationId":"lxqpvctg3ua0dao","timestamp":1705343355989,"id":"j050d7o06ougz0q","previousEventId":"i5u0krl4wtzivl2","previousOperationId":"lxqpvctg3ua0dao"}
{"type":"log","timestamp":1705343355989,"level":"debug","message":"Skipping storing report.","meta":{"rootId":"q9xuzb5qmmyutr3","id":"8j3fce29ffbohas"},"id":"ovndg4zvncte1rq","previousOperationId":"lxqpvctg3ua0dao"}
{"type":"log","timestamp":1705343355989,"level":"info","message":"Rendering (child) request finished in 627 ms","meta":{"rootId":"q9xuzb5qmmyutr3","id":"8j3fce29ffbohas"},"id":"pwrdlnpjm7gf2ni","previousOperationId":"lxqpvctg3ua0dao"}
{"type":"operationEnd","subtype":"render","operationId":"yvvgx1tbihbharn","timestamp":1705343355989,"id":"defukryi94ox225","previousEventId":"j050d7o06ougz0q","previousOperationId":"lxqpvctg3ua0dao"}
{"type":"operationEnd","operationId":"xa6q3fd4l5xhyp0","timestamp":1705343356001,"id":"4dgm7a43wolem10","previousEventId":"rgmibgt66wr1u0a","previousOperationId":"xa6q3fd4l5xhyp0"}
{"type":"log","timestamp":1705343356001,"level":"debug","message":"pdf-utils postproces start","meta":{"rootId":"q9xuzb5qmmyutr3","id":"q9xuzb5qmmyutr3"},"id":"q7y8ngk55z2a1a6","previousOperationId":"xa6q3fd4l5xhyp0"}
{"type":"log","timestamp":1705343356012,"level":"debug","message":"pdf-utils postproces end","meta":{"rootId":"q9xuzb5qmmyutr3","id":"q9xuzb5qmmyutr3"},"id":"i1dnfve7i6ze9am","previousOperationId":"xa6q3fd4l5xhyp0"}
{"type":"operationEnd","operationId":"79en5maqnmjb6jr","timestamp":1705343356012,"id":"5t6amqc9795v5ou","previousEventId":"4dgm7a43wolem10","previousOperationId":"xa6q3fd4l5xhyp0"}
{"type":"log","timestamp":1705343356012,"level":"info","message":"pdf-utils pdf processing was finished","meta":{"rootId":"q9xuzb5qmmyutr3","id":"q9xuzb5qmmyutr3"},"id":"0y2eg5wtv6vz6ez","previousOperationId":"79en5maqnmjb6jr"}
{"type":"log","timestamp":1705343356012,"level":"debug","message":"Skipping storing report.","meta":{"rootId":"q9xuzb5qmmyutr3","id":"q9xuzb5qmmyutr3"},"id":"q74z4kkhbwg7drx","previousOperationId":"79en5maqnmjb6jr"}
{"type":"log","timestamp":1705343356012,"level":"info","message":"Rendering request 38 finished in 650 ms","meta":{"rootId":"q9xuzb5qmmyutr3","id":"q9xuzb5qmmyutr3"},"id":"3t2omwum0a6rc0k","previousOperationId":"79en5maqnmjb6jr"}
{"type":"operationEnd","subtype":"render","operationId":"2pl3eeb4gmwbyjr","timestamp":1705343356012,"id":"7htx4p3rkue25em","previousEventId":"5t6amqc9795v5ou","previousOperationId":"79en5maqnmjb6jr"}
{"type":"operationEnd","doDiffs":false,"previousEventId":"yxvu1xvqnmz3uoi","previousOperationId":"za2lq2jzktqtruk","operationId":"za2lq2jzktqtruk","timestamp":1705343356023,"id":"tlucwpz1g57sze1"}
