{"type":"operationStart","subtype":"profile","data":{"_id":"jIVTA8RK77JMSK1m","timestamp":"2024-01-15T10:03:06.665Z","state":"queued","mode":"standard","creationDate":"2024-01-15T10:03:06.674Z","modificationDate":"2024-01-15T10:03:06.674Z","shortid":"wmOl04O","$entitySet":"profiles"},"doDiffs":false,"timestamp":1705312986670,"id":"yw7naq7k93iz8pq","previousOperationId":null,"operationId":"fyvjq0jbrc51esx"}
{"type":"log","level":"info","message":"Render request 11 queued for execution and waiting for available worker","previousOperationId":"fyvjq0jbrc51esx","timestamp":1705312986670,"id":"5futjetcv2jwc5w"}
{"type":"operationStart","subtype":"render","name":"locations-main","previousOperationId":"fyvjq0jbrc51esx","timestamp":1705312986706,"id":"0xy1jbs4mykayk3","previousEventId":"yw7naq7k93iz8pq","operationId":"yd2rd2cvjezlapr"}
{"type":"log","timestamp":1705312986707,"level":"info","message":"Starting rendering request 11","meta":{"rootId":"qqor614c8qpviu2","id":"qqor614c8qpviu2"},"id":"fnru9ffs5rpkp84","previousOperationId":"yd2rd2cvjezlapr"}
{"type":"log","timestamp":1705312986707,"level":"info","message":"Rendering template { name: locations-main, recipe: chrome-pdf, engine: handlebars, preview: true }","meta":{"rootId":"qqor614c8qpviu2","id":"qqor614c8qpviu2"},"id":"ac0aocjv8d4fluc","previousOperationId":"yd2rd2cvjezlapr"}
{"type":"log","timestamp":1705312986711,"level":"debug","message":"Data item not defined for this template.","meta":{"rootId":"qqor614c8qpviu2","id":"qqor614c8qpviu2"},"id":"3q2q4n8buoefqo1","previousOperationId":"yd2rd2cvjezlapr"}
{"type":"log","timestamp":1705312986721,"level":"debug","message":"Executing script locations-script (beforeRender)","meta":{"rootId":"qqor614c8qpviu2","id":"qqor614c8qpviu2"},"id":"1n9cmbkg4rlhhwv","previousOperationId":"yd2rd2cvjezlapr"}
{"type":"operationStart","subtype":"scriptsBeforeRender","name":"scripts beforeRender","timestamp":1705312986742,"id":"2rg7ynnt1fzgt6e","previousEventId":"0xy1jbs4mykayk3","operationId":"jfajihg260967tk","previousOperationId":"yd2rd2cvjezlapr"}
{"type":"operationStart","subtype":"script","name":"scripts locations-script","previousOperationId":"jfajihg260967tk","timestamp":1705312986743,"id":"y2510c1y6skcvyo","previousEventId":"2rg7ynnt1fzgt6e","operationId":"xm7c0gf98a7n8qq"}
{"type":"operationEnd","operationId":"xm7c0gf98a7n8qq","timestamp":1705312986778,"id":"cl686u507uqa0pp","previousEventId":"0xy1jbs4mykayk3","previousOperationId":"yd2rd2cvjezlapr"}
{"type":"operationEnd","operationId":"jfajihg260967tk","timestamp":1705312986778,"id":"g9j3d14l0ejsegx","previousEventId":"cl686u507uqa0pp","previousOperationId":"yd2rd2cvjezlapr"}
{"type":"log","timestamp":1705312986778,"level":"debug","message":"Base url not specified, skipping its injection.","meta":{"rootId":"qqor614c8qpviu2","id":"qqor614c8qpviu2"},"id":"iy6fsb9dijstyz7","previousOperationId":"jfajihg260967tk"}
{"type":"operationStart","subtype":"engine","name":"handlebars","timestamp":1705312986779,"id":"yz9js8b564wojhn","previousEventId":"g9j3d14l0ejsegx","operationId":"0lj6jtdab4sf2wv","previousOperationId":"jfajihg260967tk"}
{"type":"log","timestamp":1705312986779,"level":"debug","message":"Rendering engine handlebars","meta":{"rootId":"qqor614c8qpviu2","id":"qqor614c8qpviu2"},"id":"a9s86j2mnj0vszv","previousOperationId":"0lj6jtdab4sf2wv"}
{"type":"operationEnd","operationId":"0lj6jtdab4sf2wv","timestamp":1705312986820,"id":"icyn6cnxvd8qja8","previousEventId":"yz9js8b564wojhn","previousOperationId":"0lj6jtdab4sf2wv"}
{"type":"operationStart","subtype":"recipe","name":"chrome-pdf","timestamp":1705312986823,"id":"56kzxrq2dg55i9r","previousEventId":"icyn6cnxvd8qja8","operationId":"amjk00zgo6ttgze","previousOperationId":"0lj6jtdab4sf2wv"}
{"type":"log","timestamp":1705312986823,"level":"debug","message":"Executing recipe chrome-pdf","meta":{"rootId":"qqor614c8qpviu2","id":"qqor614c8qpviu2"},"id":"i0ggtgdk2pro1va","previousOperationId":"amjk00zgo6ttgze"}
{"type":"log","timestamp":1705312986831,"level":"debug","message":"Converting with chrome HeadlessChrome/117.0.5938.149 using chrome-pool strategy","meta":{"rootId":"qqor614c8qpviu2","id":"qqor614c8qpviu2"},"id":"7oe4sshnq7eikry","previousOperationId":"amjk00zgo6ttgze"}
{"type":"log","timestamp":1705312986984,"level":"debug","message":"Page request: GET (document) file:///C:/Users/arida/AppData/Local/Temp/jsreport/autocleanup/e7748920-89a5-4fd0-bdc8-92dd32170b08-chrome-pdf.html","meta":{"rootId":"qqor614c8qpviu2","id":"qqor614c8qpviu2"},"id":"xy8q3kbap5dpks1","previousOperationId":"amjk00zgo6ttgze"}
{"type":"log","timestamp":1705312987020,"level":"debug","message":"Page request: GET (script) https://cdn.jsdelivr.net/npm/handlebars/dist/handlebars.min.js","meta":{"rootId":"qqor614c8qpviu2","id":"qqor614c8qpviu2"},"id":"rd8azmcvsk9r2fy","previousOperationId":"amjk00zgo6ttgze"}
{"type":"log","timestamp":1705312987020,"level":"debug","message":"Page request: GET (script) https://cdn.jsdelivr.net/npm/chart.js","meta":{"rootId":"qqor614c8qpviu2","id":"qqor614c8qpviu2"},"id":"9oeeiv36b2ge8ng","previousOperationId":"amjk00zgo6ttgze"}
{"type":"log","timestamp":1705312987021,"level":"debug","message":"Page request finished: GET (document) 200 file:///C:/Users/arida/AppData/Local/Temp/jsreport/autocleanup/e7748920-89a5-4fd0-bdc8-92dd32170b08-chrome-pdf.html","meta":{"rootId":"qqor614c8qpviu2","id":"qqor614c8qpviu2"},"id":"jeuqywnyzrnls9n","previousOperationId":"amjk00zgo6ttgze"}
{"type":"log","timestamp":1705312987239,"level":"debug","message":"Page request finished: GET (script) 200 https://cdn.jsdelivr.net/npm/chart.js","meta":{"rootId":"qqor614c8qpviu2","id":"qqor614c8qpviu2"},"id":"n0a7ygqz5qu6tm7","previousOperationId":"amjk00zgo6ttgze"}
{"type":"log","timestamp":1705312987241,"level":"debug","message":"Page request finished: GET (script) 200 https://cdn.jsdelivr.net/npm/handlebars/dist/handlebars.min.js","meta":{"rootId":"qqor614c8qpviu2","id":"qqor614c8qpviu2"},"id":"wxqwq2frflx528r","previousOperationId":"amjk00zgo6ttgze"}
{"type":"log","timestamp":1705312987261,"level":"warn","message":"Page error: Cannot read properties of null (reading 'getContext') , stack: TypeError: Cannot read properties of null (reading 'getContext')\n    at <anonymous> (file:///C:/Users/arida/AppData/Local/Temp/jsreport/autocleanup/e7748920-89a5-4fd0-bdc8-92dd32170b08-chrome-pdf.html:39:52)","meta":{"rootId":"qqor614c8qpviu2","id":"qqor614c8qpviu2"},"id":"sbuos01hne3jpwf","previousOperationId":"amjk00zgo6ttgze"}
{"type":"log","timestamp":1705312987270,"level":"debug","message":"Running chrome with params {\"printBackground\":true,\"marginTop\":\"4cm\",\"marginRight\":\"1.5cm\",\"marginBottom\":\"1.5cm\",\"marginLeft\":\"1.5cm\",\"waitForJS\":false,\"timeout\":59837,\"margin\":{\"top\":\"4cm\",\"right\":\"1.5cm\",\"bottom\":\"1.5cm\",\"left\":\"1.5cm\"}}","meta":{"rootId":"qqor614c8qpviu2","id":"qqor614c8qpviu2"},"id":"fmnuosy0qukhd4w","previousOperationId":"amjk00zgo6ttgze"}
{"type":"operationEnd","operationId":"amjk00zgo6ttgze","timestamp":1705312987282,"id":"ro6ov76jl7o0gud","previousEventId":"56kzxrq2dg55i9r","previousOperationId":"amjk00zgo6ttgze"}
{"type":"log","timestamp":1705312987282,"level":"info","message":"pdf-utils is starting pdf processing","meta":{"rootId":"qqor614c8qpviu2","id":"qqor614c8qpviu2"},"id":"adw9hp6j3aprd1z","previousOperationId":"amjk00zgo6ttgze"}
{"type":"operationStart","subtype":"pdfUtils","name":"pdf utils","timestamp":1705312987282,"id":"fchtnr3tneaput2","previousEventId":"ro6ov76jl7o0gud","operationId":"9rfgif8js8r1ffx","previousOperationId":"amjk00zgo6ttgze"}
{"type":"log","timestamp":1705312987282,"level":"debug","message":"pdf-utils detected 1 pdf operation(s) to process","meta":{"rootId":"qqor614c8qpviu2","id":"qqor614c8qpviu2"},"id":"dhroeh0jyy5nnwu","previousOperationId":"9rfgif8js8r1ffx"}
{"type":"log","timestamp":1705312987287,"level":"debug","message":"pdf-utils running pdf operation merge","meta":{"rootId":"qqor614c8qpviu2","id":"qqor614c8qpviu2"},"id":"qfi4xht3dajbk5e","previousOperationId":"9rfgif8js8r1ffx"}
{"type":"operationStart","subtype":"pdfUtilsMerge","name":"pdf utils merge","previousOperationId":"9rfgif8js8r1ffx","timestamp":1705312987287,"id":"19x5jr694vvge4d","previousEventId":"fchtnr3tneaput2","operationId":"d5fjicecxhqjekv"}
{"type":"operationStart","subtype":"render","name":"locations-header","previousOperationId":"d5fjicecxhqjekv","timestamp":1705312987288,"id":"hx0ndht5d04wuv2","previousEventId":"19x5jr694vvge4d","operationId":"kj7i8b4xxgxstkk"}
{"type":"log","timestamp":1705312987288,"level":"info","message":"Starting rendering (child) request","meta":{"rootId":"qqor614c8qpviu2","id":"mr1g81ugy176qj2"},"id":"9tq6jjlk14c8mxq","previousOperationId":"kj7i8b4xxgxstkk"}
{"type":"log","timestamp":1705312987289,"level":"info","message":"Rendering template { name: locations-header, recipe: chrome-pdf, engine: handlebars, preview: true }","meta":{"rootId":"qqor614c8qpviu2","id":"mr1g81ugy176qj2"},"id":"jkddspojl2g91ol","previousOperationId":"kj7i8b4xxgxstkk"}
{"type":"log","timestamp":1705312987290,"level":"debug","message":"Inline data specified.","meta":{"rootId":"qqor614c8qpviu2","id":"mr1g81ugy176qj2"},"id":"xkdfbio6k2aeflc","previousOperationId":"kj7i8b4xxgxstkk"}
{"type":"log","timestamp":1705312987293,"level":"debug","message":"Base url not specified, skipping its injection.","meta":{"rootId":"qqor614c8qpviu2","id":"mr1g81ugy176qj2"},"id":"nvox93jwgj0bmo1","previousOperationId":"kj7i8b4xxgxstkk"}
{"type":"operationStart","subtype":"engine","name":"handlebars","timestamp":1705312987293,"id":"wnd9x4m8t4lvd9m","previousEventId":"hx0ndht5d04wuv2","operationId":"2ib0dgsbdvw58y1","previousOperationId":"kj7i8b4xxgxstkk"}
{"type":"log","timestamp":1705312987293,"level":"debug","message":"Rendering engine handlebars","meta":{"rootId":"qqor614c8qpviu2","id":"mr1g81ugy176qj2"},"id":"wavn3tlnolybe1b","previousOperationId":"2ib0dgsbdvw58y1"}
{"type":"operationEnd","operationId":"2ib0dgsbdvw58y1","timestamp":1705312987318,"id":"eo3kwl1jkmntuij","previousEventId":"wnd9x4m8t4lvd9m","previousOperationId":"2ib0dgsbdvw58y1"}
{"type":"operationStart","subtype":"recipe","name":"chrome-pdf","timestamp":1705312987318,"id":"v5y6lhd7vctiwxg","previousEventId":"eo3kwl1jkmntuij","operationId":"ukem3tzahoaihgd","previousOperationId":"2ib0dgsbdvw58y1"}
{"type":"log","timestamp":1705312987318,"level":"debug","message":"Executing recipe chrome-pdf","meta":{"rootId":"qqor614c8qpviu2","id":"mr1g81ugy176qj2"},"id":"2712nkd3xs1mz0j","previousOperationId":"ukem3tzahoaihgd"}
{"type":"log","timestamp":1705312987321,"level":"debug","message":"Converting with chrome HeadlessChrome/117.0.5938.149 using chrome-pool strategy","meta":{"rootId":"qqor614c8qpviu2","id":"mr1g81ugy176qj2"},"id":"ji2r3d1h0t5mtpv","previousOperationId":"ukem3tzahoaihgd"}
{"type":"log","timestamp":1705312987470,"level":"debug","message":"Page request: GET (document) file:///C:/Users/arida/AppData/Local/Temp/jsreport/autocleanup/917b817d-f2a8-41df-82ff-12406f122882-chrome-pdf.html","meta":{"rootId":"qqor614c8qpviu2","id":"mr1g81ugy176qj2"},"id":"k8fbbkqw98lc8s2","previousOperationId":"ukem3tzahoaihgd"}
{"type":"log","timestamp":1705312987493,"level":"debug","message":"Page request: GET (stylesheet) https://cdnjs.cloudflare.com/ajax/libs/metro/4.1.5/css/metro.min.css","meta":{"rootId":"qqor614c8qpviu2","id":"mr1g81ugy176qj2"},"id":"m8v9rhtzo8wcmc7","previousOperationId":"ukem3tzahoaihgd"}
{"type":"log","timestamp":1705312987494,"level":"debug","message":"Page request finished: GET (document) 200 file:///C:/Users/arida/AppData/Local/Temp/jsreport/autocleanup/917b817d-f2a8-41df-82ff-12406f122882-chrome-pdf.html","meta":{"rootId":"qqor614c8qpviu2","id":"mr1g81ugy176qj2"},"id":"ya5kpyvo94bmvo0","previousOperationId":"ukem3tzahoaihgd"}
{"type":"log","timestamp":1705312987539,"level":"debug","message":"Page request finished: GET (stylesheet) 200 https://cdnjs.cloudflare.com/ajax/libs/metro/4.1.5/css/metro.min.css","meta":{"rootId":"qqor614c8qpviu2","id":"mr1g81ugy176qj2"},"id":"87yell1c7du3fts","previousOperationId":"ukem3tzahoaihgd"}
{"type":"log","timestamp":1705312987588,"level":"debug","message":"Running chrome with params {\"printBackground\":true,\"marginTop\":\"1.5cm\",\"marginRight\":\"1.5cm\",\"marginLeft\":\"1.cm\",\"timeout\":59345,\"margin\":{\"top\":\"1.5cm\",\"right\":\"1.5cm\",\"left\":\"1.cm\"}}","meta":{"rootId":"qqor614c8qpviu2","id":"mr1g81ugy176qj2"},"id":"f12ipydctkyi3bc","previousOperationId":"ukem3tzahoaihgd"}
{"type":"operationEnd","operationId":"ukem3tzahoaihgd","timestamp":1705312987676,"id":"rwqd3pub3y4sqaq","previousEventId":"v5y6lhd7vctiwxg","previousOperationId":"ukem3tzahoaihgd"}
{"type":"log","timestamp":1705312987677,"level":"debug","message":"Skipping storing report.","meta":{"rootId":"qqor614c8qpviu2","id":"mr1g81ugy176qj2"},"id":"gb50lksdn9z2jb5","previousOperationId":"ukem3tzahoaihgd"}
{"type":"log","timestamp":1705312987677,"level":"info","message":"Rendering (child) request finished in 1012 ms","meta":{"rootId":"qqor614c8qpviu2","id":"mr1g81ugy176qj2"},"id":"onyspvjtg4an8kn","previousOperationId":"ukem3tzahoaihgd"}
{"type":"operationEnd","subtype":"render","operationId":"kj7i8b4xxgxstkk","timestamp":1705312987677,"id":"ktd4f26cojx969f","previousEventId":"rwqd3pub3y4sqaq","previousOperationId":"ukem3tzahoaihgd"}
{"type":"operationEnd","operationId":"d5fjicecxhqjekv","timestamp":1705312987693,"id":"quej8sp13bpb68r","previousEventId":"19x5jr694vvge4d","previousOperationId":"d5fjicecxhqjekv"}
{"type":"log","timestamp":1705312987693,"level":"debug","message":"pdf-utils postproces start","meta":{"rootId":"qqor614c8qpviu2","id":"qqor614c8qpviu2"},"id":"jsz91dtopd8xyqd","previousOperationId":"d5fjicecxhqjekv"}
{"type":"log","timestamp":1705312987704,"level":"debug","message":"pdf-utils postproces end","meta":{"rootId":"qqor614c8qpviu2","id":"qqor614c8qpviu2"},"id":"bfid57zyi2jtmo9","previousOperationId":"d5fjicecxhqjekv"}
{"type":"operationEnd","operationId":"9rfgif8js8r1ffx","timestamp":1705312987704,"id":"a547fq0pcuoo002","previousEventId":"quej8sp13bpb68r","previousOperationId":"d5fjicecxhqjekv"}
{"type":"log","timestamp":1705312987704,"level":"info","message":"pdf-utils pdf processing was finished","meta":{"rootId":"qqor614c8qpviu2","id":"qqor614c8qpviu2"},"id":"eq9695gcgwqwin0","previousOperationId":"9rfgif8js8r1ffx"}
{"type":"log","timestamp":1705312987704,"level":"debug","message":"Skipping storing report.","meta":{"rootId":"qqor614c8qpviu2","id":"qqor614c8qpviu2"},"id":"cnatueas6u0t4l4","previousOperationId":"9rfgif8js8r1ffx"}
{"type":"log","timestamp":1705312987704,"level":"info","message":"Rendering request 11 finished in 1039 ms","meta":{"rootId":"qqor614c8qpviu2","id":"qqor614c8qpviu2"},"id":"idaikrosa38as38","previousOperationId":"9rfgif8js8r1ffx"}
{"type":"operationEnd","subtype":"render","operationId":"yd2rd2cvjezlapr","timestamp":1705312987704,"id":"h8bhvnmchm5kur1","previousEventId":"a547fq0pcuoo002","previousOperationId":"9rfgif8js8r1ffx"}
{"type":"operationEnd","doDiffs":false,"previousEventId":"yw7naq7k93iz8pq","previousOperationId":"fyvjq0jbrc51esx","operationId":"fyvjq0jbrc51esx","timestamp":1705312987732,"id":"2mi19izw8milm35"}
