{"type":"operationStart","subtype":"profile","data":{"_id":"WOgIgXZ1CqvOgS4i","timestamp":"2024-01-15T18:28:59.108Z","state":"queued","mode":"standard","creationDate":"2024-01-15T18:28:59.111Z","modificationDate":"2024-01-15T18:28:59.111Z","shortid":"kN8-P5v","$entitySet":"profiles"},"doDiffs":false,"timestamp":1705343339110,"id":"8lfxo173vt0t6qr","previousOperationId":null,"operationId":"0hz23480typ8070"}
{"type":"log","level":"info","message":"Render request 37 queued for execution and waiting for available worker","previousOperationId":"0hz23480typ8070","timestamp":1705343339110,"id":"h0t2nyh3rb8suxx"}
{"type":"operationStart","subtype":"render","name":"locations-main","previousOperationId":"0hz23480typ8070","timestamp":1705343339124,"id":"blun7qpwayfmanv","previousEventId":"8lfxo173vt0t6qr","operationId":"71cupowamcngve2"}
{"type":"log","timestamp":1705343339124,"level":"info","message":"Starting rendering request 37","meta":{"rootId":"qzw9zoj77tfnr05","id":"qzw9zoj77tfnr05"},"id":"g20p2lacpfhbeir","previousOperationId":"71cupowamcngve2"}
{"type":"log","timestamp":1705343339124,"level":"info","message":"Rendering template { name: locations-main, recipe: chrome-pdf, engine: handlebars, preview: true }","meta":{"rootId":"qzw9zoj77tfnr05","id":"qzw9zoj77tfnr05"},"id":"g7m35cjggw1uqxg","previousOperationId":"71cupowamcngve2"}
{"type":"log","timestamp":1705343339125,"level":"debug","message":"Data item not defined for this template.","meta":{"rootId":"qzw9zoj77tfnr05","id":"qzw9zoj77tfnr05"},"id":"8oh5twtu1b3n5l1","previousOperationId":"71cupowamcngve2"}
{"type":"log","timestamp":1705343339128,"level":"debug","message":"Executing script locations-script (beforeRender)","meta":{"rootId":"qzw9zoj77tfnr05","id":"qzw9zoj77tfnr05"},"id":"3648c7n4mzd1jk9","previousOperationId":"71cupowamcngve2"}
{"type":"operationStart","subtype":"scriptsBeforeRender","name":"scripts beforeRender","timestamp":1705343339139,"id":"nn0teink7wd38e4","previousEventId":"blun7qpwayfmanv","operationId":"xvrxc8xptov1vwl","previousOperationId":"71cupowamcngve2"}
{"type":"operationStart","subtype":"script","name":"scripts locations-script","previousOperationId":"xvrxc8xptov1vwl","timestamp":1705343339139,"id":"3jnsr6alrionlmy","previousEventId":"nn0teink7wd38e4","operationId":"jmlmd9ekfu9aimo"}
{"type":"operationEnd","operationId":"jmlmd9ekfu9aimo","timestamp":1705343339153,"id":"il0zyf8cuklzanz","previousEventId":"blun7qpwayfmanv","previousOperationId":"71cupowamcngve2"}
{"type":"operationEnd","operationId":"xvrxc8xptov1vwl","timestamp":1705343339153,"id":"v58i0otcpyajbls","previousEventId":"il0zyf8cuklzanz","previousOperationId":"71cupowamcngve2"}
{"type":"log","timestamp":1705343339153,"level":"debug","message":"Base url not specified, skipping its injection.","meta":{"rootId":"qzw9zoj77tfnr05","id":"qzw9zoj77tfnr05"},"id":"gpq7tkctu5mqzjh","previousOperationId":"xvrxc8xptov1vwl"}
{"type":"operationStart","subtype":"engine","name":"handlebars","timestamp":1705343339153,"id":"e7es9a8q8q8ixl8","previousEventId":"v58i0otcpyajbls","operationId":"y320m26q7495wyc","previousOperationId":"xvrxc8xptov1vwl"}
{"type":"log","timestamp":1705343339153,"level":"debug","message":"Rendering engine handlebars","meta":{"rootId":"qzw9zoj77tfnr05","id":"qzw9zoj77tfnr05"},"id":"objece2af9znodt","previousOperationId":"y320m26q7495wyc"}
{"type":"operationEnd","operationId":"y320m26q7495wyc","timestamp":1705343339172,"id":"0y6poljdmdfxdds","previousEventId":"e7es9a8q8q8ixl8","previousOperationId":"y320m26q7495wyc"}
{"type":"operationStart","subtype":"recipe","name":"chrome-pdf","timestamp":1705343339172,"id":"9emdbtvr7x2ju9i","previousEventId":"0y6poljdmdfxdds","operationId":"5l2jbe6tot796f9","previousOperationId":"y320m26q7495wyc"}
{"type":"log","timestamp":1705343339172,"level":"debug","message":"Executing recipe chrome-pdf","meta":{"rootId":"qzw9zoj77tfnr05","id":"qzw9zoj77tfnr05"},"id":"05tbh10ya5vt00y","previousOperationId":"5l2jbe6tot796f9"}
{"type":"log","timestamp":1705343339176,"level":"debug","message":"Converting with chrome HeadlessChrome/117.0.5938.149 using chrome-pool strategy","meta":{"rootId":"qzw9zoj77tfnr05","id":"qzw9zoj77tfnr05"},"id":"n8rnpb2p3vcwuvs","previousOperationId":"5l2jbe6tot796f9"}
{"type":"log","timestamp":1705343339317,"level":"debug","message":"Page request: GET (document) file:///C:/Users/arida/AppData/Local/Temp/jsreport/autocleanup/fca51cc6-c9be-4545-aead-b9288b2f88b8-chrome-pdf.html","meta":{"rootId":"qzw9zoj77tfnr05","id":"qzw9zoj77tfnr05"},"id":"e6598lxjo3h1cok","previousOperationId":"5l2jbe6tot796f9"}
{"type":"log","timestamp":1705343339348,"level":"debug","message":"Page request: GET (script) https://cdnjs.cloudflare.com/ajax/libs/Chart.js/2.7.2/Chart.min.js","meta":{"rootId":"qzw9zoj77tfnr05","id":"qzw9zoj77tfnr05"},"id":"1tzorj1iksh13up","previousOperationId":"5l2jbe6tot796f9"}
{"type":"log","timestamp":1705343339349,"level":"debug","message":"Page request finished: GET (document) 200 file:///C:/Users/arida/AppData/Local/Temp/jsreport/autocleanup/fca51cc6-c9be-4545-aead-b9288b2f88b8-chrome-pdf.html","meta":{"rootId":"qzw9zoj77tfnr05","id":"qzw9zoj77tfnr05"},"id":"gpcawbkp0rge8vx","previousOperationId":"5l2jbe6tot796f9"}
{"type":"log","timestamp":1705343339355,"level":"debug","message":"Page request finished: GET (script) 200 https://cdnjs.cloudflare.com/ajax/libs/Chart.js/2.7.2/Chart.min.js","meta":{"rootId":"qzw9zoj77tfnr05","id":"qzw9zoj77tfnr05"},"id":"y7wjtoyp9zy2gqh","previousOperationId":"5l2jbe6tot796f9"}
{"type":"log","timestamp":1705343339363,"level":"warn","message":"Page error: Unexpected token ';' , stack: SyntaxError: Unexpected token ';'","meta":{"rootId":"qzw9zoj77tfnr05","id":"qzw9zoj77tfnr05"},"id":"iuyil0v4z17e7b1","previousOperationId":"5l2jbe6tot796f9"}
{"type":"log","timestamp":1705343339377,"level":"debug","message":"Running chrome with params {\"printBackground\":true,\"marginTop\":\"4cm\",\"marginRight\":\"1.5cm\",\"marginBottom\":\"1.5cm\",\"marginLeft\":\"1.5cm\",\"waitForJS\":false,\"timeout\":59933,\"margin\":{\"top\":\"4cm\",\"right\":\"1.5cm\",\"bottom\":\"1.5cm\",\"left\":\"1.5cm\"}}","meta":{"rootId":"qzw9zoj77tfnr05","id":"qzw9zoj77tfnr05"},"id":"hnn1mwist8ggie3","previousOperationId":"5l2jbe6tot796f9"}
{"type":"operationEnd","operationId":"5l2jbe6tot796f9","timestamp":1705343339426,"id":"3jso2jzilwaj751","previousEventId":"9emdbtvr7x2ju9i","previousOperationId":"5l2jbe6tot796f9"}
{"type":"log","timestamp":1705343339426,"level":"info","message":"pdf-utils is starting pdf processing","meta":{"rootId":"qzw9zoj77tfnr05","id":"qzw9zoj77tfnr05"},"id":"tzft42vfhounfjg","previousOperationId":"5l2jbe6tot796f9"}
{"type":"operationStart","subtype":"pdfUtils","name":"pdf utils","timestamp":1705343339426,"id":"6zn5k4hugr3mqbr","previousEventId":"3jso2jzilwaj751","operationId":"xsxqzoiqlkn1khv","previousOperationId":"5l2jbe6tot796f9"}
{"type":"log","timestamp":1705343339426,"level":"debug","message":"pdf-utils detected 1 pdf operation(s) to process","meta":{"rootId":"qzw9zoj77tfnr05","id":"qzw9zoj77tfnr05"},"id":"5gvansg6e0l90cs","previousOperationId":"xsxqzoiqlkn1khv"}
{"type":"log","timestamp":1705343339441,"level":"debug","message":"pdf-utils running pdf operation merge","meta":{"rootId":"qzw9zoj77tfnr05","id":"qzw9zoj77tfnr05"},"id":"o774i6lakvltqwt","previousOperationId":"xsxqzoiqlkn1khv"}
{"type":"operationStart","subtype":"pdfUtilsMerge","name":"pdf utils merge","previousOperationId":"xsxqzoiqlkn1khv","timestamp":1705343339442,"id":"gd9jl835ljqt7c5","previousEventId":"6zn5k4hugr3mqbr","operationId":"ck20cc4luxitmfd"}
{"type":"operationStart","subtype":"render","name":"locations-header","previousOperationId":"ck20cc4luxitmfd","timestamp":1705343339443,"id":"n2xjpvizm3s6gua","previousEventId":"gd9jl835ljqt7c5","operationId":"cx7gw33z21dmfvd"}
{"type":"log","timestamp":1705343339443,"level":"info","message":"Starting rendering (child) request","meta":{"rootId":"qzw9zoj77tfnr05","id":"pmcn66m9bda4fci"},"id":"i07pnvohdxkq4yq","previousOperationId":"cx7gw33z21dmfvd"}
{"type":"log","timestamp":1705343339443,"level":"info","message":"Rendering template { name: locations-header, recipe: chrome-pdf, engine: handlebars, preview: true }","meta":{"rootId":"qzw9zoj77tfnr05","id":"pmcn66m9bda4fci"},"id":"067z9d17a55t54o","previousOperationId":"cx7gw33z21dmfvd"}
{"type":"log","timestamp":1705343339444,"level":"debug","message":"Inline data specified.","meta":{"rootId":"qzw9zoj77tfnr05","id":"pmcn66m9bda4fci"},"id":"kd34gksvzuu7lp6","previousOperationId":"cx7gw33z21dmfvd"}
{"type":"log","timestamp":1705343339448,"level":"debug","message":"Base url not specified, skipping its injection.","meta":{"rootId":"qzw9zoj77tfnr05","id":"pmcn66m9bda4fci"},"id":"p4jsj5fjatdhnah","previousOperationId":"cx7gw33z21dmfvd"}
{"type":"operationStart","subtype":"engine","name":"handlebars","timestamp":1705343339448,"id":"544h138e8hu8gn0","previousEventId":"n2xjpvizm3s6gua","operationId":"lvv5x7wgexkbkoq","previousOperationId":"cx7gw33z21dmfvd"}
{"type":"log","timestamp":1705343339448,"level":"debug","message":"Rendering engine handlebars","meta":{"rootId":"qzw9zoj77tfnr05","id":"pmcn66m9bda4fci"},"id":"nqqrtmzc3eghvm7","previousOperationId":"lvv5x7wgexkbkoq"}
{"type":"operationEnd","operationId":"lvv5x7wgexkbkoq","timestamp":1705343339470,"id":"fsaattmiaqlp0gg","previousEventId":"544h138e8hu8gn0","previousOperationId":"lvv5x7wgexkbkoq"}
{"type":"operationStart","subtype":"recipe","name":"chrome-pdf","timestamp":1705343339470,"id":"yit1f1iwy682s5a","previousEventId":"fsaattmiaqlp0gg","operationId":"k4irrjnvqivoqps","previousOperationId":"lvv5x7wgexkbkoq"}
{"type":"log","timestamp":1705343339470,"level":"debug","message":"Executing recipe chrome-pdf","meta":{"rootId":"qzw9zoj77tfnr05","id":"pmcn66m9bda4fci"},"id":"qillbeshlc48oc0","previousOperationId":"k4irrjnvqivoqps"}
{"type":"log","timestamp":1705343339473,"level":"debug","message":"Converting with chrome HeadlessChrome/117.0.5938.149 using chrome-pool strategy","meta":{"rootId":"qzw9zoj77tfnr05","id":"pmcn66m9bda4fci"},"id":"ue9ypybz8ahzac1","previousOperationId":"k4irrjnvqivoqps"}
{"type":"log","timestamp":1705343339621,"level":"debug","message":"Page request: GET (document) file:///C:/Users/arida/AppData/Local/Temp/jsreport/autocleanup/65b8d892-4299-406d-a847-5248cd79033b-chrome-pdf.html","meta":{"rootId":"qzw9zoj77tfnr05","id":"pmcn66m9bda4fci"},"id":"mzo97mkpf4eg3j4","previousOperationId":"k4irrjnvqivoqps"}
{"type":"log","timestamp":1705343339634,"level":"debug","message":"Page request: GET (stylesheet) https://cdnjs.cloudflare.com/ajax/libs/metro/4.1.5/css/metro.min.css","meta":{"rootId":"qzw9zoj77tfnr05","id":"pmcn66m9bda4fci"},"id":"lwqbulgae8nmsed","previousOperationId":"k4irrjnvqivoqps"}
{"type":"log","timestamp":1705343339635,"level":"debug","message":"Page request finished: GET (document) 200 file:///C:/Users/arida/AppData/Local/Temp/jsreport/autocleanup/65b8d892-4299-406d-a847-5248cd79033b-chrome-pdf.html","meta":{"rootId":"qzw9zoj77tfnr05","id":"pmcn66m9bda4fci"},"id":"bkich8jegsdprh5","previousOperationId":"k4irrjnvqivoqps"}
{"type":"log","timestamp":1705343339660,"level":"debug","message":"Page request finished: GET (stylesheet) 200 https://cdnjs.cloudflare.com/ajax/libs/metro/4.1.5/css/metro.min.css","meta":{"rootId":"qzw9zoj77tfnr05","id":"pmcn66m9bda4fci"},"id":"25lbnyl1wu7etyb","previousOperationId":"k4irrjnvqivoqps"}
{"type":"log","timestamp":1705343339683,"level":"debug","message":"Running chrome with params {\"printBackground\":true,\"marginTop\":\"1.5cm\",\"marginRight\":\"1.5cm\",\"marginLeft\":\"1.cm\",\"timeout\":59637,\"margin\":{\"top\":\"1.5cm\",\"right\":\"1.5cm\",\"left\":\"1.cm\"}}","meta":{"rootId":"qzw9zoj77tfnr05","id":"pmcn66m9bda4fci"},"id":"zjyxgqq5f7i6juk","previousOperationId":"k4irrjnvqivoqps"}
{"type":"operationEnd","operationId":"k4irrjnvqivoqps","timestamp":1705343339721,"id":"fgcs0r1ntc3yn08","previousEventId":"yit1f1iwy682s5a","previousOperationId":"k4irrjnvqivoqps"}
{"type":"log","timestamp":1705343339721,"level":"debug","message":"Skipping storing report.","meta":{"rootId":"qzw9zoj77tfnr05","id":"pmcn66m9bda4fci"},"id":"75tv2b44osxysce","previousOperationId":"k4irrjnvqivoqps"}
{"type":"log","timestamp":1705343339721,"level":"info","message":"Rendering (child) request finished in 613 ms","meta":{"rootId":"qzw9zoj77tfnr05","id":"pmcn66m9bda4fci"},"id":"l48s4ilt0agcg8n","previousOperationId":"k4irrjnvqivoqps"}
{"type":"operationEnd","subtype":"render","operationId":"cx7gw33z21dmfvd","timestamp":1705343339721,"id":"hlsrjte3ptgkrvu","previousEventId":"fgcs0r1ntc3yn08","previousOperationId":"k4irrjnvqivoqps"}
{"type":"operationEnd","operationId":"ck20cc4luxitmfd","timestamp":1705343339734,"id":"iuk46njtxq6yrnm","previousEventId":"gd9jl835ljqt7c5","previousOperationId":"ck20cc4luxitmfd"}
{"type":"log","timestamp":1705343339734,"level":"debug","message":"pdf-utils postproces start","meta":{"rootId":"qzw9zoj77tfnr05","id":"qzw9zoj77tfnr05"},"id":"8t3voqkuer3uxcj","previousOperationId":"ck20cc4luxitmfd"}
{"type":"log","timestamp":1705343339744,"level":"debug","message":"pdf-utils postproces end","meta":{"rootId":"qzw9zoj77tfnr05","id":"qzw9zoj77tfnr05"},"id":"3nawpq8e8r6seyo","previousOperationId":"ck20cc4luxitmfd"}
{"type":"operationEnd","operationId":"xsxqzoiqlkn1khv","timestamp":1705343339744,"id":"gjutoxv9vxqd4qm","previousEventId":"iuk46njtxq6yrnm","previousOperationId":"ck20cc4luxitmfd"}
{"type":"log","timestamp":1705343339744,"level":"info","message":"pdf-utils pdf processing was finished","meta":{"rootId":"qzw9zoj77tfnr05","id":"qzw9zoj77tfnr05"},"id":"zb6es942jq1ecx4","previousOperationId":"xsxqzoiqlkn1khv"}
{"type":"log","timestamp":1705343339744,"level":"debug","message":"Skipping storing report.","meta":{"rootId":"qzw9zoj77tfnr05","id":"qzw9zoj77tfnr05"},"id":"2ybq5gogf2q7y03","previousOperationId":"xsxqzoiqlkn1khv"}
{"type":"log","timestamp":1705343339744,"level":"info","message":"Rendering request 37 finished in 636 ms","meta":{"rootId":"qzw9zoj77tfnr05","id":"qzw9zoj77tfnr05"},"id":"altn9mbekfcsfvp","previousOperationId":"xsxqzoiqlkn1khv"}
{"type":"operationEnd","subtype":"render","operationId":"71cupowamcngve2","timestamp":1705343339744,"id":"b3ezglbni4lsefy","previousEventId":"gjutoxv9vxqd4qm","previousOperationId":"xsxqzoiqlkn1khv"}
{"type":"operationEnd","doDiffs":false,"previousEventId":"8lfxo173vt0t6qr","previousOperationId":"0hz23480typ8070","operationId":"0hz23480typ8070","timestamp":1705343339755,"id":"hgv3q056r6kue1f"}
