{"type":"operationStart","subtype":"profile","data":{"_id":"1jIn04BaKuB4ftPa","timestamp":"2024-01-15T18:29:29.615Z","state":"queued","mode":"standard","creationDate":"2024-01-15T18:29:29.618Z","modificationDate":"2024-01-15T18:29:29.618Z","shortid":"JbYwCf1","$entitySet":"profiles"},"doDiffs":false,"timestamp":1705343369617,"id":"ghvmlon2o0mowv6","previousOperationId":null,"operationId":"ls4jqkxibqt54zr"}
{"type":"log","level":"info","message":"Render request 39 queued for execution and waiting for available worker","previousOperationId":"ls4jqkxibqt54zr","timestamp":1705343369617,"id":"2wl67a8ql4krqv5"}
{"type":"operationStart","subtype":"render","name":"locations-main","previousOperationId":"ls4jqkxibqt54zr","timestamp":1705343369632,"id":"4d87cas4b1bwr6w","previousEventId":"ghvmlon2o0mowv6","operationId":"j0dt4f4c3svta30"}
{"type":"log","timestamp":1705343369632,"level":"info","message":"Starting rendering request 39","meta":{"rootId":"rb82nelp4r9m6qj","id":"rb82nelp4r9m6qj"},"id":"b64hr77yi4nxq68","previousOperationId":"j0dt4f4c3svta30"}
{"type":"log","timestamp":1705343369633,"level":"info","message":"Rendering template { name: locations-main, recipe: chrome-pdf, engine: handlebars, preview: true }","meta":{"rootId":"rb82nelp4r9m6qj","id":"rb82nelp4r9m6qj"},"id":"jt4x933s6r8k03r","previousOperationId":"j0dt4f4c3svta30"}
{"type":"log","timestamp":1705343369634,"level":"debug","message":"Data item not defined for this template.","meta":{"rootId":"rb82nelp4r9m6qj","id":"rb82nelp4r9m6qj"},"id":"280hwzst2cofdou","previousOperationId":"j0dt4f4c3svta30"}
{"type":"log","timestamp":1705343369639,"level":"debug","message":"Executing script locations-script (beforeRender)","meta":{"rootId":"rb82nelp4r9m6qj","id":"rb82nelp4r9m6qj"},"id":"s93zcs33yqskf17","previousOperationId":"j0dt4f4c3svta30"}
{"type":"operationStart","subtype":"scriptsBeforeRender","name":"scripts beforeRender","timestamp":1705343369653,"id":"42uier8x6pervcs","previousEventId":"4d87cas4b1bwr6w","operationId":"voosjeh5ez4hinn","previousOperationId":"j0dt4f4c3svta30"}
{"type":"operationStart","subtype":"script","name":"scripts locations-script","previousOperationId":"voosjeh5ez4hinn","timestamp":1705343369653,"id":"nztw2aje0orztci","previousEventId":"42uier8x6pervcs","operationId":"iec8ca28mod1csv"}
{"type":"operationEnd","operationId":"iec8ca28mod1csv","timestamp":1705343369667,"id":"furzvy8q4n9p0y7","previousEventId":"4d87cas4b1bwr6w","previousOperationId":"j0dt4f4c3svta30"}
{"type":"operationEnd","operationId":"voosjeh5ez4hinn","timestamp":1705343369667,"id":"hx5ldkb3n2w9qys","previousEventId":"furzvy8q4n9p0y7","previousOperationId":"j0dt4f4c3svta30"}
{"type":"log","timestamp":1705343369667,"level":"debug","message":"Base url not specified, skipping its injection.","meta":{"rootId":"rb82nelp4r9m6qj","id":"rb82nelp4r9m6qj"},"id":"getk9gy697w3el8","previousOperationId":"voosjeh5ez4hinn"}
{"type":"operationStart","subtype":"engine","name":"handlebars","timestamp":1705343369667,"id":"hiek62gdhjncggo","previousEventId":"hx5ldkb3n2w9qys","operationId":"iwdva3qjieoiblr","previousOperationId":"voosjeh5ez4hinn"}
{"type":"log","timestamp":1705343369667,"level":"debug","message":"Rendering engine handlebars","meta":{"rootId":"rb82nelp4r9m6qj","id":"rb82nelp4r9m6qj"},"id":"gtcijtlirmutrgu","previousOperationId":"iwdva3qjieoiblr"}
{"type":"operationEnd","operationId":"iwdva3qjieoiblr","timestamp":1705343369686,"id":"45pkmo65fzr2i9e","previousEventId":"hiek62gdhjncggo","previousOperationId":"iwdva3qjieoiblr"}
{"type":"operationStart","subtype":"recipe","name":"chrome-pdf","timestamp":1705343369686,"id":"qhnwpbsth6o49er","previousEventId":"45pkmo65fzr2i9e","operationId":"793ro9z69o3pmqf","previousOperationId":"iwdva3qjieoiblr"}
{"type":"log","timestamp":1705343369686,"level":"debug","message":"Executing recipe chrome-pdf","meta":{"rootId":"rb82nelp4r9m6qj","id":"rb82nelp4r9m6qj"},"id":"qjrvvrszu7sbjza","previousOperationId":"793ro9z69o3pmqf"}
{"type":"log","timestamp":1705343369688,"level":"debug","message":"Converting with chrome HeadlessChrome/117.0.5938.149 using chrome-pool strategy","meta":{"rootId":"rb82nelp4r9m6qj","id":"rb82nelp4r9m6qj"},"id":"4er355pic8sofmi","previousOperationId":"793ro9z69o3pmqf"}
{"type":"log","timestamp":1705343369831,"level":"debug","message":"Page request: GET (document) file:///C:/Users/arida/AppData/Local/Temp/jsreport/autocleanup/44dd9781-df77-4f34-bd31-9a8d616c8efb-chrome-pdf.html","meta":{"rootId":"rb82nelp4r9m6qj","id":"rb82nelp4r9m6qj"},"id":"79surwqelv0tx5e","previousOperationId":"793ro9z69o3pmqf"}
{"type":"log","timestamp":1705343369868,"level":"debug","message":"Page request: GET (script) https://cdnjs.cloudflare.com/ajax/libs/Chart.js/2.7.2/Chart.min.js","meta":{"rootId":"rb82nelp4r9m6qj","id":"rb82nelp4r9m6qj"},"id":"js8y55y1r1cuohy","previousOperationId":"793ro9z69o3pmqf"}
{"type":"log","timestamp":1705343369869,"level":"debug","message":"Page request finished: GET (document) 200 file:///C:/Users/arida/AppData/Local/Temp/jsreport/autocleanup/44dd9781-df77-4f34-bd31-9a8d616c8efb-chrome-pdf.html","meta":{"rootId":"rb82nelp4r9m6qj","id":"rb82nelp4r9m6qj"},"id":"5ak5cy5zipgaq7u","previousOperationId":"793ro9z69o3pmqf"}
{"type":"log","timestamp":1705343369876,"level":"debug","message":"Page request finished: GET (script) 200 https://cdnjs.cloudflare.com/ajax/libs/Chart.js/2.7.2/Chart.min.js","meta":{"rootId":"rb82nelp4r9m6qj","id":"rb82nelp4r9m6qj"},"id":"5xjrin6ahd66kbg","previousOperationId":"793ro9z69o3pmqf"}
{"type":"log","timestamp":1705343369883,"level":"debug","message":"(console:log) hola","meta":{"userLevel":true,"rootId":"rb82nelp4r9m6qj","id":"rb82nelp4r9m6qj"},"id":"wo92r2bxu2ek4o9","previousOperationId":"793ro9z69o3pmqf"}
{"type":"log","timestamp":1705343369898,"level":"debug","message":"Running chrome with params {\"printBackground\":true,\"marginTop\":\"4cm\",\"marginRight\":\"1.5cm\",\"marginBottom\":\"1.5cm\",\"marginLeft\":\"1.5cm\",\"waitForJS\":false,\"timeout\":59928,\"margin\":{\"top\":\"4cm\",\"right\":\"1.5cm\",\"bottom\":\"1.5cm\",\"left\":\"1.5cm\"}}","meta":{"rootId":"rb82nelp4r9m6qj","id":"rb82nelp4r9m6qj"},"id":"pt8x8n62sk62gds","previousOperationId":"793ro9z69o3pmqf"}
{"type":"operationEnd","operationId":"793ro9z69o3pmqf","timestamp":1705343369943,"id":"oqrl1r1ju0k3cdt","previousEventId":"qhnwpbsth6o49er","previousOperationId":"793ro9z69o3pmqf"}
{"type":"log","timestamp":1705343369943,"level":"info","message":"pdf-utils is starting pdf processing","meta":{"rootId":"rb82nelp4r9m6qj","id":"rb82nelp4r9m6qj"},"id":"2ifb5r2v7fz3k9a","previousOperationId":"793ro9z69o3pmqf"}
{"type":"operationStart","subtype":"pdfUtils","name":"pdf utils","timestamp":1705343369944,"id":"xgbn3xfy39ac38q","previousEventId":"oqrl1r1ju0k3cdt","operationId":"br4vv3ze8y96ur6","previousOperationId":"793ro9z69o3pmqf"}
{"type":"log","timestamp":1705343369944,"level":"debug","message":"pdf-utils detected 1 pdf operation(s) to process","meta":{"rootId":"rb82nelp4r9m6qj","id":"rb82nelp4r9m6qj"},"id":"v491mvifhp9vbcr","previousOperationId":"br4vv3ze8y96ur6"}
{"type":"log","timestamp":1705343369954,"level":"debug","message":"pdf-utils running pdf operation merge","meta":{"rootId":"rb82nelp4r9m6qj","id":"rb82nelp4r9m6qj"},"id":"77sc6x29o1i9utk","previousOperationId":"br4vv3ze8y96ur6"}
{"type":"operationStart","subtype":"pdfUtilsMerge","name":"pdf utils merge","previousOperationId":"br4vv3ze8y96ur6","timestamp":1705343369954,"id":"gwzdh9h3oh7d95n","previousEventId":"xgbn3xfy39ac38q","operationId":"gnwy4fied8lg6jx"}
{"type":"operationStart","subtype":"render","name":"locations-header","previousOperationId":"gnwy4fied8lg6jx","timestamp":1705343369955,"id":"flvst6vwyt93ozm","previousEventId":"gwzdh9h3oh7d95n","operationId":"v40wmqs11eha16e"}
{"type":"log","timestamp":1705343369955,"level":"info","message":"Starting rendering (child) request","meta":{"rootId":"rb82nelp4r9m6qj","id":"9pcahcvs1sb2ys9"},"id":"cnwy9e4sldtmq7a","previousOperationId":"v40wmqs11eha16e"}
{"type":"log","timestamp":1705343369955,"level":"info","message":"Rendering template { name: locations-header, recipe: chrome-pdf, engine: handlebars, preview: true }","meta":{"rootId":"rb82nelp4r9m6qj","id":"9pcahcvs1sb2ys9"},"id":"36u1xmf3ent2zh9","previousOperationId":"v40wmqs11eha16e"}
{"type":"log","timestamp":1705343369973,"level":"debug","message":"Inline data specified.","meta":{"rootId":"rb82nelp4r9m6qj","id":"9pcahcvs1sb2ys9"},"id":"qfgmkjyy6g2zj2f","previousOperationId":"v40wmqs11eha16e"}
{"type":"log","timestamp":1705343369977,"level":"debug","message":"Base url not specified, skipping its injection.","meta":{"rootId":"rb82nelp4r9m6qj","id":"9pcahcvs1sb2ys9"},"id":"krq42axgxni8gcr","previousOperationId":"v40wmqs11eha16e"}
{"type":"operationStart","subtype":"engine","name":"handlebars","timestamp":1705343369977,"id":"vevenmp8dhxl6xm","previousEventId":"flvst6vwyt93ozm","operationId":"7ol17qij024k6rj","previousOperationId":"v40wmqs11eha16e"}
{"type":"log","timestamp":1705343369977,"level":"debug","message":"Rendering engine handlebars","meta":{"rootId":"rb82nelp4r9m6qj","id":"9pcahcvs1sb2ys9"},"id":"0h3i2seucl7fsy8","previousOperationId":"7ol17qij024k6rj"}
{"type":"operationEnd","operationId":"7ol17qij024k6rj","timestamp":1705343369993,"id":"3fa7s6tffzbz9o5","previousEventId":"vevenmp8dhxl6xm","previousOperationId":"7ol17qij024k6rj"}
{"type":"operationStart","subtype":"recipe","name":"chrome-pdf","timestamp":1705343369993,"id":"nufkxcjvv9u1iw5","previousEventId":"3fa7s6tffzbz9o5","operationId":"5xwobdzf8m1qmh5","previousOperationId":"7ol17qij024k6rj"}
{"type":"log","timestamp":1705343369993,"level":"debug","message":"Executing recipe chrome-pdf","meta":{"rootId":"rb82nelp4r9m6qj","id":"9pcahcvs1sb2ys9"},"id":"wkqh7forulww3qn","previousOperationId":"5xwobdzf8m1qmh5"}
{"type":"log","timestamp":1705343369996,"level":"debug","message":"Converting with chrome HeadlessChrome/117.0.5938.149 using chrome-pool strategy","meta":{"rootId":"rb82nelp4r9m6qj","id":"9pcahcvs1sb2ys9"},"id":"mevwpio6vdm7qq1","previousOperationId":"5xwobdzf8m1qmh5"}
{"type":"log","timestamp":1705343370128,"level":"debug","message":"Page request: GET (document) file:///C:/Users/arida/AppData/Local/Temp/jsreport/autocleanup/10c63b62-752c-4ed6-b28d-37dfff5567a6-chrome-pdf.html","meta":{"rootId":"rb82nelp4r9m6qj","id":"9pcahcvs1sb2ys9"},"id":"dmnrkeroewawdk3","previousOperationId":"5xwobdzf8m1qmh5"}
{"type":"log","timestamp":1705343370138,"level":"debug","message":"Page request: GET (stylesheet) https://cdnjs.cloudflare.com/ajax/libs/metro/4.1.5/css/metro.min.css","meta":{"rootId":"rb82nelp4r9m6qj","id":"9pcahcvs1sb2ys9"},"id":"jm4ypgdvw0opfuo","previousOperationId":"5xwobdzf8m1qmh5"}
{"type":"log","timestamp":1705343370138,"level":"debug","message":"Page request finished: GET (document) 200 file:///C:/Users/arida/AppData/Local/Temp/jsreport/autocleanup/10c63b62-752c-4ed6-b28d-37dfff5567a6-chrome-pdf.html","meta":{"rootId":"rb82nelp4r9m6qj","id":"9pcahcvs1sb2ys9"},"id":"stnhtycnswtgdz4","previousOperationId":"5xwobdzf8m1qmh5"}
{"type":"log","timestamp":1705343370164,"level":"debug","message":"Page request finished: GET (stylesheet) 200 https://cdnjs.cloudflare.com/ajax/libs/metro/4.1.5/css/metro.min.css","meta":{"rootId":"rb82nelp4r9m6qj","id":"9pcahcvs1sb2ys9"},"id":"tc2fsilx2uussn1","previousOperationId":"5xwobdzf8m1qmh5"}
{"type":"log","timestamp":1705343370185,"level":"debug","message":"Running chrome with params {\"printBackground\":true,\"marginTop\":\"1.5cm\",\"marginRight\":\"1.5cm\",\"marginLeft\":\"1.cm\",\"timeout\":59620,\"margin\":{\"top\":\"1.5cm\",\"right\":\"1.5cm\",\"left\":\"1.cm\"}}","meta":{"rootId":"rb82nelp4r9m6qj","id":"9pcahcvs1sb2ys9"},"id":"8k9497dz73xvpex","previousOperationId":"5xwobdzf8m1qmh5"}
{"type":"operationEnd","operationId":"5xwobdzf8m1qmh5","timestamp":1705343370231,"id":"rby41fgic4466h2","previousEventId":"nufkxcjvv9u1iw5","previousOperationId":"5xwobdzf8m1qmh5"}
{"type":"log","timestamp":1705343370231,"level":"debug","message":"Skipping storing report.","meta":{"rootId":"rb82nelp4r9m6qj","id":"9pcahcvs1sb2ys9"},"id":"vnrna8b5uwigx3m","previousOperationId":"5xwobdzf8m1qmh5"}
{"type":"log","timestamp":1705343370231,"level":"info","message":"Rendering (child) request finished in 616 ms","meta":{"rootId":"rb82nelp4r9m6qj","id":"9pcahcvs1sb2ys9"},"id":"yono070uq7ukyzo","previousOperationId":"5xwobdzf8m1qmh5"}
{"type":"operationEnd","subtype":"render","operationId":"v40wmqs11eha16e","timestamp":1705343370231,"id":"f3rtcva10derid0","previousEventId":"rby41fgic4466h2","previousOperationId":"5xwobdzf8m1qmh5"}
{"type":"operationEnd","operationId":"gnwy4fied8lg6jx","timestamp":1705343370240,"id":"fekq96egi5htceq","previousEventId":"gwzdh9h3oh7d95n","previousOperationId":"gnwy4fied8lg6jx"}
{"type":"log","timestamp":1705343370240,"level":"debug","message":"pdf-utils postproces start","meta":{"rootId":"rb82nelp4r9m6qj","id":"rb82nelp4r9m6qj"},"id":"fqwmxwl77824qiz","previousOperationId":"gnwy4fied8lg6jx"}
{"type":"log","timestamp":1705343370248,"level":"debug","message":"pdf-utils postproces end","meta":{"rootId":"rb82nelp4r9m6qj","id":"rb82nelp4r9m6qj"},"id":"z6guscgcfkw8wzz","previousOperationId":"gnwy4fied8lg6jx"}
{"type":"operationEnd","operationId":"br4vv3ze8y96ur6","timestamp":1705343370248,"id":"8mtamctzm8dm35n","previousEventId":"fekq96egi5htceq","previousOperationId":"gnwy4fied8lg6jx"}
{"type":"log","timestamp":1705343370248,"level":"info","message":"pdf-utils pdf processing was finished","meta":{"rootId":"rb82nelp4r9m6qj","id":"rb82nelp4r9m6qj"},"id":"t5u48pgbw93nlm2","previousOperationId":"br4vv3ze8y96ur6"}
{"type":"log","timestamp":1705343370248,"level":"debug","message":"Skipping storing report.","meta":{"rootId":"rb82nelp4r9m6qj","id":"rb82nelp4r9m6qj"},"id":"8n12weg9g872hvn","previousOperationId":"br4vv3ze8y96ur6"}
{"type":"log","timestamp":1705343370248,"level":"info","message":"Rendering request 39 finished in 633 ms","meta":{"rootId":"rb82nelp4r9m6qj","id":"rb82nelp4r9m6qj"},"id":"ot7gwmdswxi0gdk","previousOperationId":"br4vv3ze8y96ur6"}
{"type":"operationEnd","subtype":"render","operationId":"j0dt4f4c3svta30","timestamp":1705343370248,"id":"rdn34v0v45ztdia","previousEventId":"8mtamctzm8dm35n","previousOperationId":"br4vv3ze8y96ur6"}
{"type":"operationEnd","doDiffs":false,"previousEventId":"ghvmlon2o0mowv6","previousOperationId":"ls4jqkxibqt54zr","operationId":"ls4jqkxibqt54zr","timestamp":1705343370259,"id":"imad9b377ttej4t"}
