{"type":"operationStart","subtype":"profile","data":{"_id":"hKZCMpZK2l4Jeb0X","timestamp":"2024-01-15T15:45:44.551Z","state":"queued","mode":"standard","creationDate":"2024-01-15T15:45:44.554Z","modificationDate":"2024-01-15T15:45:44.554Z","shortid":"PcdKmoQ","$entitySet":"profiles"},"doDiffs":false,"timestamp":1705333544553,"id":"afrazpo2a9p7b72","previousOperationId":null,"operationId":"yun1ubh8ul426tj"}
{"type":"log","level":"info","message":"Render request 4 queued for execution and waiting for available worker","previousOperationId":"yun1ubh8ul426tj","timestamp":1705333544553,"id":"xni2a6wco9rldxq"}
{"type":"operationStart","subtype":"render","name":"locations-main","previousOperationId":"yun1ubh8ul426tj","timestamp":1705333544565,"id":"5vwi37r2xeksrkl","previousEventId":"afrazpo2a9p7b72","operationId":"3ruivdjwcaa4s5t"}
{"type":"log","timestamp":1705333544565,"level":"info","message":"Starting rendering request 4","meta":{"rootId":"rkchp6eklo1apnd","id":"rkchp6eklo1apnd"},"id":"r3n9luxfn60ykij","previousOperationId":"3ruivdjwcaa4s5t"}
{"type":"log","timestamp":1705333544566,"level":"info","message":"Rendering template { name: locations-main, recipe: chrome-pdf, engine: handlebars, preview: true }","meta":{"rootId":"rkchp6eklo1apnd","id":"rkchp6eklo1apnd"},"id":"1ikarkci1lr27rb","previousOperationId":"3ruivdjwcaa4s5t"}
{"type":"log","timestamp":1705333544567,"level":"debug","message":"Data item not defined for this template.","meta":{"rootId":"rkchp6eklo1apnd","id":"rkchp6eklo1apnd"},"id":"ffg3563jt2cx97l","previousOperationId":"3ruivdjwcaa4s5t"}
{"type":"log","timestamp":1705333544572,"level":"debug","message":"Executing script locations-script (beforeRender)","meta":{"rootId":"rkchp6eklo1apnd","id":"rkchp6eklo1apnd"},"id":"thxmxj3jnm2e5dc","previousOperationId":"3ruivdjwcaa4s5t"}
{"type":"operationStart","subtype":"scriptsBeforeRender","name":"scripts beforeRender","timestamp":1705333544583,"id":"8n4p0nffjju7dqc","previousEventId":"5vwi37r2xeksrkl","operationId":"gzvetp8804760qv","previousOperationId":"3ruivdjwcaa4s5t"}
{"type":"operationStart","subtype":"script","name":"scripts locations-script","previousOperationId":"gzvetp8804760qv","timestamp":1705333544584,"id":"80xy83q56bb3tec","previousEventId":"8n4p0nffjju7dqc","operationId":"j9wux29j3jlj8hm"}
{"type":"operationEnd","operationId":"j9wux29j3jlj8hm","timestamp":1705333544604,"id":"5sicopsfq2y89pz","previousEventId":"5vwi37r2xeksrkl","previousOperationId":"3ruivdjwcaa4s5t"}
{"type":"operationEnd","operationId":"gzvetp8804760qv","timestamp":1705333544604,"id":"lui2r3wqwec8s5s","previousEventId":"5sicopsfq2y89pz","previousOperationId":"3ruivdjwcaa4s5t"}
{"type":"log","timestamp":1705333544604,"level":"debug","message":"Base url not specified, skipping its injection.","meta":{"rootId":"rkchp6eklo1apnd","id":"rkchp6eklo1apnd"},"id":"rpocjcgmkcdmf3o","previousOperationId":"gzvetp8804760qv"}
{"type":"operationStart","subtype":"engine","name":"handlebars","timestamp":1705333544604,"id":"2g095i8p2oh418x","previousEventId":"lui2r3wqwec8s5s","operationId":"8gwk2w8bdmrai8y","previousOperationId":"gzvetp8804760qv"}
{"type":"log","timestamp":1705333544605,"level":"debug","message":"Rendering engine handlebars","meta":{"rootId":"rkchp6eklo1apnd","id":"rkchp6eklo1apnd"},"id":"f8x50m61rwiu1wr","previousOperationId":"8gwk2w8bdmrai8y"}
{"type":"operationEnd","operationId":"8gwk2w8bdmrai8y","timestamp":1705333544623,"id":"8pn49uteza90nnt","previousEventId":"2g095i8p2oh418x","previousOperationId":"8gwk2w8bdmrai8y"}
{"type":"operationStart","subtype":"recipe","name":"chrome-pdf","timestamp":1705333544624,"id":"ealtcax5ngudrth","previousEventId":"8pn49uteza90nnt","operationId":"1y1wcm1gq1z7sfy","previousOperationId":"8gwk2w8bdmrai8y"}
{"type":"log","timestamp":1705333544624,"level":"debug","message":"Executing recipe chrome-pdf","meta":{"rootId":"rkchp6eklo1apnd","id":"rkchp6eklo1apnd"},"id":"q3ipi8c5laudcvp","previousOperationId":"1y1wcm1gq1z7sfy"}
{"type":"log","timestamp":1705333544628,"level":"debug","message":"Converting with chrome HeadlessChrome/117.0.5938.149 using chrome-pool strategy","meta":{"rootId":"rkchp6eklo1apnd","id":"rkchp6eklo1apnd"},"id":"5xckncwh3h8r09l","previousOperationId":"1y1wcm1gq1z7sfy"}
{"type":"log","timestamp":1705333544765,"level":"debug","message":"Page request: GET (document) file:///C:/Users/arida/AppData/Local/Temp/jsreport/autocleanup/08fe2ecd-a8ad-49c3-b101-1347a5adfd31-chrome-pdf.html","meta":{"rootId":"rkchp6eklo1apnd","id":"rkchp6eklo1apnd"},"id":"bx7yjd8yl1s7jm0","previousOperationId":"1y1wcm1gq1z7sfy"}
{"type":"log","timestamp":1705333544796,"level":"debug","message":"Page request finished: GET (document) 200 file:///C:/Users/arida/AppData/Local/Temp/jsreport/autocleanup/08fe2ecd-a8ad-49c3-b101-1347a5adfd31-chrome-pdf.html","meta":{"rootId":"rkchp6eklo1apnd","id":"rkchp6eklo1apnd"},"id":"hbfwphjo9zyy403","previousOperationId":"1y1wcm1gq1z7sfy"}
{"type":"log","timestamp":1705333544796,"level":"debug","message":"Page request: GET (script) https://cdn.jsdelivr.net/npm/chart.js","meta":{"rootId":"rkchp6eklo1apnd","id":"rkchp6eklo1apnd"},"id":"xambmq3nur4d71e","previousOperationId":"1y1wcm1gq1z7sfy"}
{"type":"log","timestamp":1705333544815,"level":"debug","message":"Page request finished: GET (script) 200 https://cdn.jsdelivr.net/npm/chart.js","meta":{"rootId":"rkchp6eklo1apnd","id":"rkchp6eklo1apnd"},"id":"gzyma78gxmqzgmg","previousOperationId":"1y1wcm1gq1z7sfy"}
{"type":"log","timestamp":1705333544826,"level":"warn","message":"Page error: Unexpected token ';' , stack: SyntaxError: Unexpected token ';'","meta":{"rootId":"rkchp6eklo1apnd","id":"rkchp6eklo1apnd"},"id":"tnwcgenqpej7yx7","previousOperationId":"1y1wcm1gq1z7sfy"}
{"type":"log","timestamp":1705333544843,"level":"debug","message":"Running chrome with params {\"printBackground\":true,\"marginTop\":\"4cm\",\"marginRight\":\"1.5cm\",\"marginBottom\":\"1.5cm\",\"marginLeft\":\"1.5cm\",\"waitForJS\":false,\"timeout\":59925,\"margin\":{\"top\":\"4cm\",\"right\":\"1.5cm\",\"bottom\":\"1.5cm\",\"left\":\"1.5cm\"}}","meta":{"rootId":"rkchp6eklo1apnd","id":"rkchp6eklo1apnd"},"id":"sp0o4bl5j1cuabf","previousOperationId":"1y1wcm1gq1z7sfy"}
{"type":"operationEnd","operationId":"1y1wcm1gq1z7sfy","timestamp":1705333544885,"id":"njeymgctf4jx7a1","previousEventId":"ealtcax5ngudrth","previousOperationId":"1y1wcm1gq1z7sfy"}
{"type":"log","timestamp":1705333544885,"level":"info","message":"pdf-utils is starting pdf processing","meta":{"rootId":"rkchp6eklo1apnd","id":"rkchp6eklo1apnd"},"id":"uczibe3hc0s1j8l","previousOperationId":"1y1wcm1gq1z7sfy"}
{"type":"operationStart","subtype":"pdfUtils","name":"pdf utils","timestamp":1705333544885,"id":"0i9fqrdk90t6nva","previousEventId":"njeymgctf4jx7a1","operationId":"f70aw04czl8u5jg","previousOperationId":"1y1wcm1gq1z7sfy"}
{"type":"log","timestamp":1705333544885,"level":"debug","message":"pdf-utils detected 1 pdf operation(s) to process","meta":{"rootId":"rkchp6eklo1apnd","id":"rkchp6eklo1apnd"},"id":"yjngswbs9wklnj2","previousOperationId":"f70aw04czl8u5jg"}
{"type":"log","timestamp":1705333544914,"level":"debug","message":"pdf-utils running pdf operation merge","meta":{"rootId":"rkchp6eklo1apnd","id":"rkchp6eklo1apnd"},"id":"txvf62f23yj6p5k","previousOperationId":"f70aw04czl8u5jg"}
{"type":"operationStart","subtype":"pdfUtilsMerge","name":"pdf utils merge","previousOperationId":"f70aw04czl8u5jg","timestamp":1705333544914,"id":"xqcx8vow0ugflxe","previousEventId":"0i9fqrdk90t6nva","operationId":"ec2559cvrjizj35"}
{"type":"operationStart","subtype":"render","name":"locations-header","previousOperationId":"ec2559cvrjizj35","timestamp":1705333544916,"id":"arvcm6yijeeo30a","previousEventId":"xqcx8vow0ugflxe","operationId":"pcgzafduaeljoy9"}
{"type":"log","timestamp":1705333544916,"level":"info","message":"Starting rendering (child) request","meta":{"rootId":"rkchp6eklo1apnd","id":"th28ko1lg4noqdz"},"id":"296aa31mhhsdqts","previousOperationId":"pcgzafduaeljoy9"}
{"type":"log","timestamp":1705333544917,"level":"info","message":"Rendering template { name: locations-header, recipe: chrome-pdf, engine: handlebars, preview: true }","meta":{"rootId":"rkchp6eklo1apnd","id":"th28ko1lg4noqdz"},"id":"dtszq5h6zktci1t","previousOperationId":"pcgzafduaeljoy9"}
{"type":"log","timestamp":1705333544931,"level":"debug","message":"Inline data specified.","meta":{"rootId":"rkchp6eklo1apnd","id":"th28ko1lg4noqdz"},"id":"y13sz8pp5ahhrmo","previousOperationId":"pcgzafduaeljoy9"}
{"type":"log","timestamp":1705333544934,"level":"debug","message":"Base url not specified, skipping its injection.","meta":{"rootId":"rkchp6eklo1apnd","id":"th28ko1lg4noqdz"},"id":"d9uahniswbl8u4h","previousOperationId":"pcgzafduaeljoy9"}
{"type":"operationStart","subtype":"engine","name":"handlebars","timestamp":1705333544935,"id":"n4l7n6624pkoxu3","previousEventId":"arvcm6yijeeo30a","operationId":"qnkw79pesmk08aq","previousOperationId":"pcgzafduaeljoy9"}
{"type":"log","timestamp":1705333544935,"level":"debug","message":"Rendering engine handlebars","meta":{"rootId":"rkchp6eklo1apnd","id":"th28ko1lg4noqdz"},"id":"6htktdo600pwtxj","previousOperationId":"qnkw79pesmk08aq"}
{"type":"operationEnd","operationId":"qnkw79pesmk08aq","timestamp":1705333544955,"id":"bnsgteck8ziroib","previousEventId":"n4l7n6624pkoxu3","previousOperationId":"qnkw79pesmk08aq"}
{"type":"operationStart","subtype":"recipe","name":"chrome-pdf","timestamp":1705333544955,"id":"2rjn16z47p9ikxr","previousEventId":"bnsgteck8ziroib","operationId":"eawi7nn634eb8jm","previousOperationId":"qnkw79pesmk08aq"}
{"type":"log","timestamp":1705333544955,"level":"debug","message":"Executing recipe chrome-pdf","meta":{"rootId":"rkchp6eklo1apnd","id":"th28ko1lg4noqdz"},"id":"u328l6wnydpcctk","previousOperationId":"eawi7nn634eb8jm"}
{"type":"log","timestamp":1705333544958,"level":"debug","message":"Converting with chrome HeadlessChrome/117.0.5938.149 using chrome-pool strategy","meta":{"rootId":"rkchp6eklo1apnd","id":"th28ko1lg4noqdz"},"id":"3ntlq6qginw4get","previousOperationId":"eawi7nn634eb8jm"}
{"type":"log","timestamp":1705333545100,"level":"debug","message":"Page request: GET (document) file:///C:/Users/arida/AppData/Local/Temp/jsreport/autocleanup/f44e5a7e-de7e-4b9b-a3de-9ebb868c9797-chrome-pdf.html","meta":{"rootId":"rkchp6eklo1apnd","id":"th28ko1lg4noqdz"},"id":"fxu9yau56nn8lhx","previousOperationId":"eawi7nn634eb8jm"}
{"type":"log","timestamp":1705333545113,"level":"debug","message":"Page request: GET (stylesheet) https://cdnjs.cloudflare.com/ajax/libs/metro/4.1.5/css/metro.min.css","meta":{"rootId":"rkchp6eklo1apnd","id":"th28ko1lg4noqdz"},"id":"99ux77vpbkwwobu","previousOperationId":"eawi7nn634eb8jm"}
{"type":"log","timestamp":1705333545113,"level":"debug","message":"Page request finished: GET (document) 200 file:///C:/Users/arida/AppData/Local/Temp/jsreport/autocleanup/f44e5a7e-de7e-4b9b-a3de-9ebb868c9797-chrome-pdf.html","meta":{"rootId":"rkchp6eklo1apnd","id":"th28ko1lg4noqdz"},"id":"yasdy90d5fr0w1d","previousOperationId":"eawi7nn634eb8jm"}
{"type":"log","timestamp":1705333545136,"level":"debug","message":"Page request finished: GET (stylesheet) 200 https://cdnjs.cloudflare.com/ajax/libs/metro/4.1.5/css/metro.min.css","meta":{"rootId":"rkchp6eklo1apnd","id":"th28ko1lg4noqdz"},"id":"rdp44bp5264q2af","previousOperationId":"eawi7nn634eb8jm"}
{"type":"log","timestamp":1705333545161,"level":"debug","message":"Running chrome with params {\"printBackground\":true,\"marginTop\":\"1.5cm\",\"marginRight\":\"1.5cm\",\"marginLeft\":\"1.cm\",\"timeout\":59594,\"margin\":{\"top\":\"1.5cm\",\"right\":\"1.5cm\",\"left\":\"1.cm\"}}","meta":{"rootId":"rkchp6eklo1apnd","id":"th28ko1lg4noqdz"},"id":"642v0k5nee9nacu","previousOperationId":"eawi7nn634eb8jm"}
{"type":"operationEnd","operationId":"eawi7nn634eb8jm","timestamp":1705333545205,"id":"fnjwc3eu42lc09g","previousEventId":"2rjn16z47p9ikxr","previousOperationId":"eawi7nn634eb8jm"}
{"type":"log","timestamp":1705333545205,"level":"debug","message":"Skipping storing report.","meta":{"rootId":"rkchp6eklo1apnd","id":"th28ko1lg4noqdz"},"id":"eyylbrmsxs2v5v7","previousOperationId":"eawi7nn634eb8jm"}
{"type":"log","timestamp":1705333545205,"level":"info","message":"Rendering (child) request finished in 654 ms","meta":{"rootId":"rkchp6eklo1apnd","id":"th28ko1lg4noqdz"},"id":"fav6jymocmunsou","previousOperationId":"eawi7nn634eb8jm"}
{"type":"operationEnd","subtype":"render","operationId":"pcgzafduaeljoy9","timestamp":1705333545205,"id":"9t2dy2te80hyaz6","previousEventId":"fnjwc3eu42lc09g","previousOperationId":"eawi7nn634eb8jm"}
{"type":"operationEnd","operationId":"ec2559cvrjizj35","timestamp":1705333545224,"id":"kodwwp4sndu1zbx","previousEventId":"xqcx8vow0ugflxe","previousOperationId":"ec2559cvrjizj35"}
{"type":"log","timestamp":1705333545224,"level":"debug","message":"pdf-utils postproces start","meta":{"rootId":"rkchp6eklo1apnd","id":"rkchp6eklo1apnd"},"id":"55scikicj7lydmx","previousOperationId":"ec2559cvrjizj35"}
{"type":"log","timestamp":1705333545237,"level":"debug","message":"pdf-utils postproces end","meta":{"rootId":"rkchp6eklo1apnd","id":"rkchp6eklo1apnd"},"id":"eqiqzl3t7tn6zs6","previousOperationId":"ec2559cvrjizj35"}
{"type":"operationEnd","operationId":"f70aw04czl8u5jg","timestamp":1705333545237,"id":"468jn70m1lkjalg","previousEventId":"kodwwp4sndu1zbx","previousOperationId":"ec2559cvrjizj35"}
{"type":"log","timestamp":1705333545237,"level":"info","message":"pdf-utils pdf processing was finished","meta":{"rootId":"rkchp6eklo1apnd","id":"rkchp6eklo1apnd"},"id":"53yt9wsq3lzgqmz","previousOperationId":"f70aw04czl8u5jg"}
{"type":"log","timestamp":1705333545237,"level":"debug","message":"Skipping storing report.","meta":{"rootId":"rkchp6eklo1apnd","id":"rkchp6eklo1apnd"},"id":"jfkdk6n0zxqmyvf","previousOperationId":"f70aw04czl8u5jg"}
{"type":"log","timestamp":1705333545237,"level":"info","message":"Rendering request 4 finished in 686 ms","meta":{"rootId":"rkchp6eklo1apnd","id":"rkchp6eklo1apnd"},"id":"kwdyab9wgok3yp1","previousOperationId":"f70aw04czl8u5jg"}
{"type":"operationEnd","subtype":"render","operationId":"3ruivdjwcaa4s5t","timestamp":1705333545237,"id":"olndbxc9kwua920","previousEventId":"468jn70m1lkjalg","previousOperationId":"f70aw04czl8u5jg"}
{"type":"operationEnd","doDiffs":false,"previousEventId":"afrazpo2a9p7b72","previousOperationId":"yun1ubh8ul426tj","operationId":"yun1ubh8ul426tj","timestamp":1705333545249,"id":"timwm75xrzcpkp9"}
