{"type":"operationStart","subtype":"profile","data":{"_id":"QvzR5pyNeNRdpJFy","timestamp":"2024-01-15T10:08:45.323Z","state":"queued","mode":"standard","creationDate":"2024-01-15T10:08:45.330Z","modificationDate":"2024-01-15T10:08:45.330Z","shortid":"b5fkDj6","$entitySet":"profiles"},"doDiffs":false,"timestamp":1705313325327,"id":"5sg562ltwatfrrw","previousOperationId":null,"operationId":"ebdkuzs7ohx7ont"}
{"type":"log","level":"info","message":"Render request 15 queued for execution and waiting for available worker","previousOperationId":"ebdkuzs7ohx7ont","timestamp":1705313325327,"id":"3xf8wwhexsumnz0"}
{"type":"operationStart","subtype":"render","name":"locations-main","previousOperationId":"ebdkuzs7ohx7ont","timestamp":1705313325367,"id":"wioq0nqffab08g8","previousEventId":"5sg562ltwatfrrw","operationId":"s8w10pz0pnzr2nq"}
{"type":"log","timestamp":1705313325368,"level":"info","message":"Starting rendering request 15","meta":{"rootId":"rp14ral37dqfzgw","id":"rp14ral37dqfzgw"},"id":"m9mptt2z6chnwzc","previousOperationId":"s8w10pz0pnzr2nq"}
{"type":"log","timestamp":1705313325369,"level":"info","message":"Rendering template { name: locations-main, recipe: chrome-pdf, engine: handlebars, preview: true }","meta":{"rootId":"rp14ral37dqfzgw","id":"rp14ral37dqfzgw"},"id":"5v8s155u8ji5aq7","previousOperationId":"s8w10pz0pnzr2nq"}
{"type":"log","timestamp":1705313325372,"level":"debug","message":"Data item not defined for this template.","meta":{"rootId":"rp14ral37dqfzgw","id":"rp14ral37dqfzgw"},"id":"6lyzi2w2ag40dig","previousOperationId":"s8w10pz0pnzr2nq"}
{"type":"log","timestamp":1705313325383,"level":"debug","message":"Executing script locations-script (beforeRender)","meta":{"rootId":"rp14ral37dqfzgw","id":"rp14ral37dqfzgw"},"id":"pxs272int6vqojk","previousOperationId":"s8w10pz0pnzr2nq"}
{"type":"operationStart","subtype":"scriptsBeforeRender","name":"scripts beforeRender","timestamp":1705313325403,"id":"umq98xt6a0qoxwm","previousEventId":"wioq0nqffab08g8","operationId":"fo2wjuza26p9s5j","previousOperationId":"s8w10pz0pnzr2nq"}
{"type":"operationStart","subtype":"script","name":"scripts locations-script","previousOperationId":"fo2wjuza26p9s5j","timestamp":1705313325403,"id":"1uqmfklfces6m0r","previousEventId":"umq98xt6a0qoxwm","operationId":"thnbai71nasi1ty"}
{"type":"operationEnd","operationId":"thnbai71nasi1ty","timestamp":1705313325431,"id":"1c94b41adacp60f","previousEventId":"wioq0nqffab08g8","previousOperationId":"s8w10pz0pnzr2nq"}
{"type":"operationEnd","operationId":"fo2wjuza26p9s5j","timestamp":1705313325431,"id":"ueawvk4udfculgf","previousEventId":"1c94b41adacp60f","previousOperationId":"s8w10pz0pnzr2nq"}
{"type":"log","timestamp":1705313325431,"level":"debug","message":"Base url not specified, skipping its injection.","meta":{"rootId":"rp14ral37dqfzgw","id":"rp14ral37dqfzgw"},"id":"tzpjjoaaadhwmuy","previousOperationId":"fo2wjuza26p9s5j"}
{"type":"operationStart","subtype":"engine","name":"handlebars","timestamp":1705313325432,"id":"scj37cpio3xs93y","previousEventId":"ueawvk4udfculgf","operationId":"v3xg059zn2ogqn6","previousOperationId":"fo2wjuza26p9s5j"}
{"type":"log","timestamp":1705313325432,"level":"debug","message":"Rendering engine handlebars","meta":{"rootId":"rp14ral37dqfzgw","id":"rp14ral37dqfzgw"},"id":"bnaxpy8eko31idp","previousOperationId":"v3xg059zn2ogqn6"}
{"type":"operationEnd","operationId":"v3xg059zn2ogqn6","timestamp":1705313325466,"id":"fdoh65rn1bnlju4","previousEventId":"scj37cpio3xs93y","previousOperationId":"v3xg059zn2ogqn6"}
{"type":"operationStart","subtype":"recipe","name":"chrome-pdf","timestamp":1705313325467,"id":"vk7w9g113qx4pet","previousEventId":"fdoh65rn1bnlju4","operationId":"yjw25pncceejaua","previousOperationId":"v3xg059zn2ogqn6"}
{"type":"log","timestamp":1705313325467,"level":"debug","message":"Executing recipe chrome-pdf","meta":{"rootId":"rp14ral37dqfzgw","id":"rp14ral37dqfzgw"},"id":"9ut6x9nzdhwmr4k","previousOperationId":"yjw25pncceejaua"}
{"type":"log","timestamp":1705313325473,"level":"debug","message":"Converting with chrome HeadlessChrome/117.0.5938.149 using chrome-pool strategy","meta":{"rootId":"rp14ral37dqfzgw","id":"rp14ral37dqfzgw"},"id":"wlqu4uiypdvacy3","previousOperationId":"yjw25pncceejaua"}
{"type":"log","timestamp":1705313325782,"level":"debug","message":"Page request: GET (document) file:///C:/Users/arida/AppData/Local/Temp/jsreport/autocleanup/7e548356-fcc7-48b1-811d-05d8fe074196-chrome-pdf.html","meta":{"rootId":"rp14ral37dqfzgw","id":"rp14ral37dqfzgw"},"id":"5p2wvli3wkb3m8n","previousOperationId":"yjw25pncceejaua"}
{"type":"log","timestamp":1705313325853,"level":"debug","message":"Page request: GET (script) https://cdn.jsdelivr.net/npm/handlebars/dist/handlebars.min.js","meta":{"rootId":"rp14ral37dqfzgw","id":"rp14ral37dqfzgw"},"id":"dxa78bhwddu3nc0","previousOperationId":"yjw25pncceejaua"}
{"type":"log","timestamp":1705313325854,"level":"debug","message":"Page request: GET (script) https://cdn.jsdelivr.net/npm/chart.js","meta":{"rootId":"rp14ral37dqfzgw","id":"rp14ral37dqfzgw"},"id":"blcfepe0y6xn5fy","previousOperationId":"yjw25pncceejaua"}
{"type":"log","timestamp":1705313325855,"level":"debug","message":"Page request finished: GET (document) 200 file:///C:/Users/arida/AppData/Local/Temp/jsreport/autocleanup/7e548356-fcc7-48b1-811d-05d8fe074196-chrome-pdf.html","meta":{"rootId":"rp14ral37dqfzgw","id":"rp14ral37dqfzgw"},"id":"9re5cvbdkx82h4g","previousOperationId":"yjw25pncceejaua"}
{"type":"log","timestamp":1705313325870,"level":"debug","message":"Page request finished: GET (script) 200 https://cdn.jsdelivr.net/npm/handlebars/dist/handlebars.min.js","meta":{"rootId":"rp14ral37dqfzgw","id":"rp14ral37dqfzgw"},"id":"nhpcnx78vr5nzwh","previousOperationId":"yjw25pncceejaua"}
{"type":"log","timestamp":1705313325879,"level":"debug","message":"Page request finished: GET (script) 200 https://cdn.jsdelivr.net/npm/chart.js","meta":{"rootId":"rp14ral37dqfzgw","id":"rp14ral37dqfzgw"},"id":"sarnji9lk8a6so1","previousOperationId":"yjw25pncceejaua"}
{"type":"log","timestamp":1705313325893,"level":"warn","message":"Page error: locations is not defined , stack: ReferenceError: locations is not defined\n    at <anonymous> (file:///C:/Users/arida/AppData/Local/Temp/jsreport/autocleanup/7e548356-fcc7-48b1-811d-05d8fe074196-chrome-pdf.html:18:18)","meta":{"rootId":"rp14ral37dqfzgw","id":"rp14ral37dqfzgw"},"id":"45a4j9odxjvyqg9","previousOperationId":"yjw25pncceejaua"}
{"type":"log","timestamp":1705313325907,"level":"debug","message":"Running chrome with params {\"printBackground\":true,\"marginTop\":\"4cm\",\"marginRight\":\"1.5cm\",\"marginBottom\":\"1.5cm\",\"marginLeft\":\"1.5cm\",\"waitForJS\":false,\"timeout\":59852,\"margin\":{\"top\":\"4cm\",\"right\":\"1.5cm\",\"bottom\":\"1.5cm\",\"left\":\"1.5cm\"}}","meta":{"rootId":"rp14ral37dqfzgw","id":"rp14ral37dqfzgw"},"id":"gzs0kbhcawaq9zh","previousOperationId":"yjw25pncceejaua"}
{"type":"operationEnd","operationId":"yjw25pncceejaua","timestamp":1705313325929,"id":"w1uws1o8xy9auer","previousEventId":"vk7w9g113qx4pet","previousOperationId":"yjw25pncceejaua"}
{"type":"log","timestamp":1705313325929,"level":"info","message":"pdf-utils is starting pdf processing","meta":{"rootId":"rp14ral37dqfzgw","id":"rp14ral37dqfzgw"},"id":"74bv9htwcdqqddx","previousOperationId":"yjw25pncceejaua"}
{"type":"operationStart","subtype":"pdfUtils","name":"pdf utils","timestamp":1705313325929,"id":"qbsmpb7lkipj35a","previousEventId":"w1uws1o8xy9auer","operationId":"vhqknkkut2gu6sr","previousOperationId":"yjw25pncceejaua"}
{"type":"log","timestamp":1705313325929,"level":"debug","message":"pdf-utils detected 1 pdf operation(s) to process","meta":{"rootId":"rp14ral37dqfzgw","id":"rp14ral37dqfzgw"},"id":"hy2hxf6kx3endqd","previousOperationId":"vhqknkkut2gu6sr"}
{"type":"log","timestamp":1705313325938,"level":"debug","message":"pdf-utils running pdf operation merge","meta":{"rootId":"rp14ral37dqfzgw","id":"rp14ral37dqfzgw"},"id":"1mtj7g7lqepczjp","previousOperationId":"vhqknkkut2gu6sr"}
{"type":"operationStart","subtype":"pdfUtilsMerge","name":"pdf utils merge","previousOperationId":"vhqknkkut2gu6sr","timestamp":1705313325938,"id":"gj66k3grljvth83","previousEventId":"qbsmpb7lkipj35a","operationId":"qpdo4um7u45co88"}
{"type":"operationStart","subtype":"render","name":"locations-header","previousOperationId":"qpdo4um7u45co88","timestamp":1705313325940,"id":"18tz8yamvcapk85","previousEventId":"gj66k3grljvth83","operationId":"ol1rn2yxjfwgrag"}
{"type":"log","timestamp":1705313325940,"level":"info","message":"Starting rendering (child) request","meta":{"rootId":"rp14ral37dqfzgw","id":"z5z575fxdwicdts"},"id":"0ticif97lzt0q3a","previousOperationId":"ol1rn2yxjfwgrag"}
{"type":"log","timestamp":1705313325940,"level":"info","message":"Rendering template { name: locations-header, recipe: chrome-pdf, engine: handlebars, preview: true }","meta":{"rootId":"rp14ral37dqfzgw","id":"z5z575fxdwicdts"},"id":"40v3ggfagcklqtl","previousOperationId":"ol1rn2yxjfwgrag"}
{"type":"log","timestamp":1705313325943,"level":"debug","message":"Inline data specified.","meta":{"rootId":"rp14ral37dqfzgw","id":"z5z575fxdwicdts"},"id":"srarg4kd25carvo","previousOperationId":"ol1rn2yxjfwgrag"}
{"type":"log","timestamp":1705313325951,"level":"debug","message":"Base url not specified, skipping its injection.","meta":{"rootId":"rp14ral37dqfzgw","id":"z5z575fxdwicdts"},"id":"ifaxlj7swxt09gk","previousOperationId":"ol1rn2yxjfwgrag"}
{"type":"operationStart","subtype":"engine","name":"handlebars","timestamp":1705313325951,"id":"hwvx38t7gbez3n7","previousEventId":"18tz8yamvcapk85","operationId":"g4x87tbar6juqwf","previousOperationId":"ol1rn2yxjfwgrag"}
{"type":"log","timestamp":1705313325952,"level":"debug","message":"Rendering engine handlebars","meta":{"rootId":"rp14ral37dqfzgw","id":"z5z575fxdwicdts"},"id":"k4918ghbepeslrt","previousOperationId":"g4x87tbar6juqwf"}
{"type":"operationEnd","operationId":"g4x87tbar6juqwf","timestamp":1705313326020,"id":"jeq9en5675kvpz7","previousEventId":"hwvx38t7gbez3n7","previousOperationId":"g4x87tbar6juqwf"}
{"type":"operationStart","subtype":"recipe","name":"chrome-pdf","timestamp":1705313326020,"id":"hyw8gcpyzl36c8o","previousEventId":"jeq9en5675kvpz7","operationId":"4y665d1v2b1jn34","previousOperationId":"g4x87tbar6juqwf"}
{"type":"log","timestamp":1705313326020,"level":"debug","message":"Executing recipe chrome-pdf","meta":{"rootId":"rp14ral37dqfzgw","id":"z5z575fxdwicdts"},"id":"yqsjhvh3thsbc9i","previousOperationId":"4y665d1v2b1jn34"}
{"type":"log","timestamp":1705313326026,"level":"debug","message":"Converting with chrome HeadlessChrome/117.0.5938.149 using chrome-pool strategy","meta":{"rootId":"rp14ral37dqfzgw","id":"z5z575fxdwicdts"},"id":"cm3jgz0yzk2ky4m","previousOperationId":"4y665d1v2b1jn34"}
{"type":"log","timestamp":1705313326235,"level":"debug","message":"Page request: GET (document) file:///C:/Users/arida/AppData/Local/Temp/jsreport/autocleanup/77635d1f-b017-4345-bb0c-2c184f993c4c-chrome-pdf.html","meta":{"rootId":"rp14ral37dqfzgw","id":"z5z575fxdwicdts"},"id":"ye0ihiejvo0vru3","previousOperationId":"4y665d1v2b1jn34"}
{"type":"log","timestamp":1705313326247,"level":"debug","message":"Page request: GET (stylesheet) https://cdnjs.cloudflare.com/ajax/libs/metro/4.1.5/css/metro.min.css","meta":{"rootId":"rp14ral37dqfzgw","id":"z5z575fxdwicdts"},"id":"94pdzhpgrxg9pe9","previousOperationId":"4y665d1v2b1jn34"}
{"type":"log","timestamp":1705313326248,"level":"debug","message":"Page request finished: GET (document) 200 file:///C:/Users/arida/AppData/Local/Temp/jsreport/autocleanup/77635d1f-b017-4345-bb0c-2c184f993c4c-chrome-pdf.html","meta":{"rootId":"rp14ral37dqfzgw","id":"z5z575fxdwicdts"},"id":"if9fv6pgqh4w9zq","previousOperationId":"4y665d1v2b1jn34"}
{"type":"log","timestamp":1705313326268,"level":"debug","message":"Page request finished: GET (stylesheet) 200 https://cdnjs.cloudflare.com/ajax/libs/metro/4.1.5/css/metro.min.css","meta":{"rootId":"rp14ral37dqfzgw","id":"z5z575fxdwicdts"},"id":"zlcnl0m97gfjp4l","previousOperationId":"4y665d1v2b1jn34"}
{"type":"log","timestamp":1705313326286,"level":"debug","message":"Running chrome with params {\"printBackground\":true,\"marginTop\":\"1.5cm\",\"marginRight\":\"1.5cm\",\"marginLeft\":\"1.cm\",\"timeout\":59299,\"margin\":{\"top\":\"1.5cm\",\"right\":\"1.5cm\",\"left\":\"1.cm\"}}","meta":{"rootId":"rp14ral37dqfzgw","id":"z5z575fxdwicdts"},"id":"26x292irbpg7z8w","previousOperationId":"4y665d1v2b1jn34"}
{"type":"operationEnd","operationId":"4y665d1v2b1jn34","timestamp":1705313326325,"id":"qomckoj6ao3cooh","previousEventId":"hyw8gcpyzl36c8o","previousOperationId":"4y665d1v2b1jn34"}
{"type":"log","timestamp":1705313326325,"level":"debug","message":"Skipping storing report.","meta":{"rootId":"rp14ral37dqfzgw","id":"z5z575fxdwicdts"},"id":"b9chklu6qsx17dp","previousOperationId":"4y665d1v2b1jn34"}
{"type":"log","timestamp":1705313326325,"level":"info","message":"Rendering (child) request finished in 1002 ms","meta":{"rootId":"rp14ral37dqfzgw","id":"z5z575fxdwicdts"},"id":"ir8ws4h2i9sccqz","previousOperationId":"4y665d1v2b1jn34"}
{"type":"operationEnd","subtype":"render","operationId":"ol1rn2yxjfwgrag","timestamp":1705313326325,"id":"qjrgornn6m1soo6","previousEventId":"qomckoj6ao3cooh","previousOperationId":"4y665d1v2b1jn34"}
{"type":"operationEnd","operationId":"qpdo4um7u45co88","timestamp":1705313326332,"id":"ctwepg6znv3d7u5","previousEventId":"gj66k3grljvth83","previousOperationId":"qpdo4um7u45co88"}
{"type":"log","timestamp":1705313326332,"level":"debug","message":"pdf-utils postproces start","meta":{"rootId":"rp14ral37dqfzgw","id":"rp14ral37dqfzgw"},"id":"pd4cpv8zg6jyoxs","previousOperationId":"qpdo4um7u45co88"}
{"type":"log","timestamp":1705313326337,"level":"debug","message":"pdf-utils postproces end","meta":{"rootId":"rp14ral37dqfzgw","id":"rp14ral37dqfzgw"},"id":"9as0scoufekmq6o","previousOperationId":"qpdo4um7u45co88"}
{"type":"operationEnd","operationId":"vhqknkkut2gu6sr","timestamp":1705313326337,"id":"wey0xsh51pfwz91","previousEventId":"ctwepg6znv3d7u5","previousOperationId":"qpdo4um7u45co88"}
{"type":"log","timestamp":1705313326337,"level":"info","message":"pdf-utils pdf processing was finished","meta":{"rootId":"rp14ral37dqfzgw","id":"rp14ral37dqfzgw"},"id":"9lxy93lmpj8nucs","previousOperationId":"vhqknkkut2gu6sr"}
{"type":"log","timestamp":1705313326337,"level":"debug","message":"Skipping storing report.","meta":{"rootId":"rp14ral37dqfzgw","id":"rp14ral37dqfzgw"},"id":"59xzu3jh4h58mlt","previousOperationId":"vhqknkkut2gu6sr"}
{"type":"log","timestamp":1705313326337,"level":"info","message":"Rendering request 15 finished in 1014 ms","meta":{"rootId":"rp14ral37dqfzgw","id":"rp14ral37dqfzgw"},"id":"4prfs16ovno3di7","previousOperationId":"vhqknkkut2gu6sr"}
{"type":"operationEnd","subtype":"render","operationId":"s8w10pz0pnzr2nq","timestamp":1705313326337,"id":"7inapddpnfjsbqw","previousEventId":"wey0xsh51pfwz91","previousOperationId":"vhqknkkut2gu6sr"}
{"type":"operationEnd","doDiffs":false,"previousEventId":"5sg562ltwatfrrw","previousOperationId":"ebdkuzs7ohx7ont","operationId":"ebdkuzs7ohx7ont","timestamp":1705313326352,"id":"hea4k3q6fm310x8"}
