{"type":"operationStart","subtype":"profile","data":{"_id":"RUvOENcDBWETDWsq","timestamp":"2024-01-15T10:10:26.233Z","state":"queued","mode":"standard","creationDate":"2024-01-15T10:10:26.239Z","modificationDate":"2024-01-15T10:10:26.239Z","shortid":"9jV4CkN","$entitySet":"profiles"},"doDiffs":false,"timestamp":1705313426236,"id":"00xq8wc4nluyyom","previousOperationId":null,"operationId":"j3f25ks1vx89om6"}
{"type":"log","level":"info","message":"Render request 16 queued for execution and waiting for available worker","previousOperationId":"j3f25ks1vx89om6","timestamp":1705313426237,"id":"1tmyxf46m9hjaom"}
{"type":"operationStart","subtype":"render","name":"locations-main","previousOperationId":"j3f25ks1vx89om6","timestamp":1705313426267,"id":"tx0ykbjvee9fmhl","previousEventId":"00xq8wc4nluyyom","operationId":"ummnc62oiz1tbvn"}
{"type":"log","timestamp":1705313426268,"level":"info","message":"Starting rendering request 16","meta":{"rootId":"rscsqooacxx7h8h","id":"rscsqooacxx7h8h"},"id":"ywbszb7e52cjze3","previousOperationId":"ummnc62oiz1tbvn"}
{"type":"log","timestamp":1705313426268,"level":"info","message":"Rendering template { name: locations-main, recipe: chrome-pdf, engine: handlebars, preview: true }","meta":{"rootId":"rscsqooacxx7h8h","id":"rscsqooacxx7h8h"},"id":"phrz9m8got4hm08","previousOperationId":"ummnc62oiz1tbvn"}
{"type":"log","timestamp":1705313426272,"level":"debug","message":"Data item not defined for this template.","meta":{"rootId":"rscsqooacxx7h8h","id":"rscsqooacxx7h8h"},"id":"j6fzk3qruv0rml7","previousOperationId":"ummnc62oiz1tbvn"}
{"type":"log","timestamp":1705313426284,"level":"debug","message":"Executing script locations-script (beforeRender)","meta":{"rootId":"rscsqooacxx7h8h","id":"rscsqooacxx7h8h"},"id":"h2v6ovqnxkfr6tv","previousOperationId":"ummnc62oiz1tbvn"}
{"type":"operationStart","subtype":"scriptsBeforeRender","name":"scripts beforeRender","timestamp":1705313426306,"id":"zpjhpfbcw96r4fb","previousEventId":"tx0ykbjvee9fmhl","operationId":"jbb1u15qf2jqs9a","previousOperationId":"ummnc62oiz1tbvn"}
{"type":"operationStart","subtype":"script","name":"scripts locations-script","previousOperationId":"jbb1u15qf2jqs9a","timestamp":1705313426306,"id":"81w36kpgcteeai5","previousEventId":"zpjhpfbcw96r4fb","operationId":"rh78k6lbwepjrcn"}
{"type":"operationEnd","operationId":"rh78k6lbwepjrcn","timestamp":1705313426337,"id":"ner5v0imnbzcuas","previousEventId":"tx0ykbjvee9fmhl","previousOperationId":"ummnc62oiz1tbvn"}
{"type":"operationEnd","operationId":"jbb1u15qf2jqs9a","timestamp":1705313426338,"id":"g8fevx8i1r2r0pw","previousEventId":"ner5v0imnbzcuas","previousOperationId":"ummnc62oiz1tbvn"}
{"type":"log","timestamp":1705313426338,"level":"debug","message":"Base url not specified, skipping its injection.","meta":{"rootId":"rscsqooacxx7h8h","id":"rscsqooacxx7h8h"},"id":"jvkqi6niy3r0iu1","previousOperationId":"jbb1u15qf2jqs9a"}
{"type":"operationStart","subtype":"engine","name":"handlebars","timestamp":1705313426338,"id":"8z5jy9j9nlydh2a","previousEventId":"g8fevx8i1r2r0pw","operationId":"73nx0kkvmfgyrjc","previousOperationId":"jbb1u15qf2jqs9a"}
{"type":"log","timestamp":1705313426338,"level":"debug","message":"Rendering engine handlebars","meta":{"rootId":"rscsqooacxx7h8h","id":"rscsqooacxx7h8h"},"id":"g5v744w3qrecxek","previousOperationId":"73nx0kkvmfgyrjc"}
{"type":"operationEnd","operationId":"73nx0kkvmfgyrjc","timestamp":1705313426377,"id":"6r5xeolgrclyhiu","previousEventId":"8z5jy9j9nlydh2a","previousOperationId":"73nx0kkvmfgyrjc"}
{"type":"operationStart","subtype":"recipe","name":"chrome-pdf","timestamp":1705313426378,"id":"4lmopmm7gzu8c9k","previousEventId":"6r5xeolgrclyhiu","operationId":"ysv5e0sh9nx63ok","previousOperationId":"73nx0kkvmfgyrjc"}
{"type":"log","timestamp":1705313426378,"level":"debug","message":"Executing recipe chrome-pdf","meta":{"rootId":"rscsqooacxx7h8h","id":"rscsqooacxx7h8h"},"id":"2f1qklugp4ji783","previousOperationId":"ysv5e0sh9nx63ok"}
{"type":"log","timestamp":1705313426386,"level":"debug","message":"Converting with chrome HeadlessChrome/117.0.5938.149 using chrome-pool strategy","meta":{"rootId":"rscsqooacxx7h8h","id":"rscsqooacxx7h8h"},"id":"j9gks03xekexl58","previousOperationId":"ysv5e0sh9nx63ok"}
{"type":"log","timestamp":1705313426556,"level":"debug","message":"Page request: GET (document) file:///C:/Users/arida/AppData/Local/Temp/jsreport/autocleanup/f8703831-9564-4143-9969-30369d2fa8d8-chrome-pdf.html","meta":{"rootId":"rscsqooacxx7h8h","id":"rscsqooacxx7h8h"},"id":"x2uern94b4spu5w","previousOperationId":"ysv5e0sh9nx63ok"}
{"type":"log","timestamp":1705313426582,"level":"debug","message":"Page request: GET (script) https://cdn.jsdelivr.net/npm/handlebars/dist/handlebars.min.js","meta":{"rootId":"rscsqooacxx7h8h","id":"rscsqooacxx7h8h"},"id":"03tazhyunu8x8g3","previousOperationId":"ysv5e0sh9nx63ok"}
{"type":"log","timestamp":1705313426582,"level":"debug","message":"Page request: GET (script) https://cdn.jsdelivr.net/npm/chart.js","meta":{"rootId":"rscsqooacxx7h8h","id":"rscsqooacxx7h8h"},"id":"k87vy8k8w13fak2","previousOperationId":"ysv5e0sh9nx63ok"}
{"type":"log","timestamp":1705313426583,"level":"debug","message":"Page request finished: GET (document) 200 file:///C:/Users/arida/AppData/Local/Temp/jsreport/autocleanup/f8703831-9564-4143-9969-30369d2fa8d8-chrome-pdf.html","meta":{"rootId":"rscsqooacxx7h8h","id":"rscsqooacxx7h8h"},"id":"7iu3j0t30itvfxa","previousOperationId":"ysv5e0sh9nx63ok"}
{"type":"log","timestamp":1705313426587,"level":"debug","message":"Page request finished: GET (script) 200 https://cdn.jsdelivr.net/npm/handlebars/dist/handlebars.min.js","meta":{"rootId":"rscsqooacxx7h8h","id":"rscsqooacxx7h8h"},"id":"v4wbn9ytm3g3qfm","previousOperationId":"ysv5e0sh9nx63ok"}
{"type":"log","timestamp":1705313426590,"level":"debug","message":"Page request finished: GET (script) 200 https://cdn.jsdelivr.net/npm/chart.js","meta":{"rootId":"rscsqooacxx7h8h","id":"rscsqooacxx7h8h"},"id":"qjd81uv3c2sq02h","previousOperationId":"ysv5e0sh9nx63ok"}
{"type":"log","timestamp":1705313426595,"level":"warn","message":"Page error: locations is not defined , stack: ReferenceError: locations is not defined\n    at <anonymous> (file:///C:/Users/arida/AppData/Local/Temp/jsreport/autocleanup/f8703831-9564-4143-9969-30369d2fa8d8-chrome-pdf.html:18:18)","meta":{"rootId":"rscsqooacxx7h8h","id":"rscsqooacxx7h8h"},"id":"m91wk4p8sepzeml","previousOperationId":"ysv5e0sh9nx63ok"}
{"type":"log","timestamp":1705313426600,"level":"debug","message":"Running chrome with params {\"printBackground\":true,\"marginTop\":\"4cm\",\"marginRight\":\"1.5cm\",\"marginBottom\":\"1.5cm\",\"marginLeft\":\"1.5cm\",\"waitForJS\":false,\"timeout\":59850,\"margin\":{\"top\":\"4cm\",\"right\":\"1.5cm\",\"bottom\":\"1.5cm\",\"left\":\"1.5cm\"}}","meta":{"rootId":"rscsqooacxx7h8h","id":"rscsqooacxx7h8h"},"id":"f88j5tk2qd0okhf","previousOperationId":"ysv5e0sh9nx63ok"}
{"type":"operationEnd","operationId":"ysv5e0sh9nx63ok","timestamp":1705313426609,"id":"z0yj6u76vlvnq8a","previousEventId":"4lmopmm7gzu8c9k","previousOperationId":"ysv5e0sh9nx63ok"}
{"type":"log","timestamp":1705313426609,"level":"info","message":"pdf-utils is starting pdf processing","meta":{"rootId":"rscsqooacxx7h8h","id":"rscsqooacxx7h8h"},"id":"10d4oo3trr1iz96","previousOperationId":"ysv5e0sh9nx63ok"}
{"type":"operationStart","subtype":"pdfUtils","name":"pdf utils","timestamp":1705313426609,"id":"yd7ew1p2zisttw3","previousEventId":"z0yj6u76vlvnq8a","operationId":"hv37s90ohlafxop","previousOperationId":"ysv5e0sh9nx63ok"}
{"type":"log","timestamp":1705313426609,"level":"debug","message":"pdf-utils detected 1 pdf operation(s) to process","meta":{"rootId":"rscsqooacxx7h8h","id":"rscsqooacxx7h8h"},"id":"sixsx11mram7159","previousOperationId":"hv37s90ohlafxop"}
{"type":"log","timestamp":1705313426612,"level":"debug","message":"pdf-utils running pdf operation merge","meta":{"rootId":"rscsqooacxx7h8h","id":"rscsqooacxx7h8h"},"id":"i3ht0gtwgapzbcm","previousOperationId":"hv37s90ohlafxop"}
{"type":"operationStart","subtype":"pdfUtilsMerge","name":"pdf utils merge","previousOperationId":"hv37s90ohlafxop","timestamp":1705313426612,"id":"cqiz39n2r79jaho","previousEventId":"yd7ew1p2zisttw3","operationId":"5y58mi25kfx6dri"}
{"type":"operationStart","subtype":"render","name":"locations-header","previousOperationId":"5y58mi25kfx6dri","timestamp":1705313426613,"id":"x26g7qe86u0st4g","previousEventId":"cqiz39n2r79jaho","operationId":"43o6u78z8dzvu12"}
{"type":"log","timestamp":1705313426614,"level":"info","message":"Starting rendering (child) request","meta":{"rootId":"rscsqooacxx7h8h","id":"6utsp58lqvlfb9u"},"id":"hok8261mvmzdqb0","previousOperationId":"43o6u78z8dzvu12"}
{"type":"log","timestamp":1705313426614,"level":"info","message":"Rendering template { name: locations-header, recipe: chrome-pdf, engine: handlebars, preview: true }","meta":{"rootId":"rscsqooacxx7h8h","id":"6utsp58lqvlfb9u"},"id":"eus908fryvs4ha0","previousOperationId":"43o6u78z8dzvu12"}
{"type":"log","timestamp":1705313426615,"level":"debug","message":"Inline data specified.","meta":{"rootId":"rscsqooacxx7h8h","id":"6utsp58lqvlfb9u"},"id":"opyh9qaqkrfdb7r","previousOperationId":"43o6u78z8dzvu12"}
{"type":"log","timestamp":1705313426617,"level":"debug","message":"Base url not specified, skipping its injection.","meta":{"rootId":"rscsqooacxx7h8h","id":"6utsp58lqvlfb9u"},"id":"wfq5j3dupufjd46","previousOperationId":"43o6u78z8dzvu12"}
{"type":"operationStart","subtype":"engine","name":"handlebars","timestamp":1705313426617,"id":"yfeppuvbw7y3cq0","previousEventId":"x26g7qe86u0st4g","operationId":"5q2g7rlu7q6ehx1","previousOperationId":"43o6u78z8dzvu12"}
{"type":"log","timestamp":1705313426617,"level":"debug","message":"Rendering engine handlebars","meta":{"rootId":"rscsqooacxx7h8h","id":"6utsp58lqvlfb9u"},"id":"7r0gv9gfbbx16qr","previousOperationId":"5q2g7rlu7q6ehx1"}
{"type":"operationEnd","operationId":"5q2g7rlu7q6ehx1","timestamp":1705313426649,"id":"mq0q1b6jcbib49h","previousEventId":"yfeppuvbw7y3cq0","previousOperationId":"5q2g7rlu7q6ehx1"}
{"type":"operationStart","subtype":"recipe","name":"chrome-pdf","timestamp":1705313426649,"id":"onb4q7hjjq4g723","previousEventId":"mq0q1b6jcbib49h","operationId":"m0ipgjspaa1vs02","previousOperationId":"5q2g7rlu7q6ehx1"}
{"type":"log","timestamp":1705313426649,"level":"debug","message":"Executing recipe chrome-pdf","meta":{"rootId":"rscsqooacxx7h8h","id":"6utsp58lqvlfb9u"},"id":"8750dvfhg58p4jo","previousOperationId":"m0ipgjspaa1vs02"}
{"type":"log","timestamp":1705313426652,"level":"debug","message":"Converting with chrome HeadlessChrome/117.0.5938.149 using chrome-pool strategy","meta":{"rootId":"rscsqooacxx7h8h","id":"6utsp58lqvlfb9u"},"id":"v09pzudh4k1gxv4","previousOperationId":"m0ipgjspaa1vs02"}
{"type":"log","timestamp":1705313426760,"level":"debug","message":"Page request: GET (document) file:///C:/Users/arida/AppData/Local/Temp/jsreport/autocleanup/4f2466f7-91a3-4ab7-93da-f1c499e884b7-chrome-pdf.html","meta":{"rootId":"rscsqooacxx7h8h","id":"6utsp58lqvlfb9u"},"id":"sk64odi0crtjuiy","previousOperationId":"m0ipgjspaa1vs02"}
{"type":"log","timestamp":1705313426771,"level":"debug","message":"Page request: GET (stylesheet) https://cdnjs.cloudflare.com/ajax/libs/metro/4.1.5/css/metro.min.css","meta":{"rootId":"rscsqooacxx7h8h","id":"6utsp58lqvlfb9u"},"id":"vrhqu4kcxgkkr0k","previousOperationId":"m0ipgjspaa1vs02"}
{"type":"log","timestamp":1705313426771,"level":"debug","message":"Page request finished: GET (document) 200 file:///C:/Users/arida/AppData/Local/Temp/jsreport/autocleanup/4f2466f7-91a3-4ab7-93da-f1c499e884b7-chrome-pdf.html","meta":{"rootId":"rscsqooacxx7h8h","id":"6utsp58lqvlfb9u"},"id":"pg816paap63cfmv","previousOperationId":"m0ipgjspaa1vs02"}
{"type":"log","timestamp":1705313426792,"level":"debug","message":"Page request finished: GET (stylesheet) 200 https://cdnjs.cloudflare.com/ajax/libs/metro/4.1.5/css/metro.min.css","meta":{"rootId":"rscsqooacxx7h8h","id":"6utsp58lqvlfb9u"},"id":"j41hzi250w6shdp","previousOperationId":"m0ipgjspaa1vs02"}
{"type":"log","timestamp":1705313426813,"level":"debug","message":"Running chrome with params {\"printBackground\":true,\"marginTop\":\"1.5cm\",\"marginRight\":\"1.5cm\",\"marginLeft\":\"1.cm\",\"timeout\":59582,\"margin\":{\"top\":\"1.5cm\",\"right\":\"1.5cm\",\"left\":\"1.cm\"}}","meta":{"rootId":"rscsqooacxx7h8h","id":"6utsp58lqvlfb9u"},"id":"5rjezyeaheg9wjv","previousOperationId":"m0ipgjspaa1vs02"}
{"type":"operationEnd","operationId":"m0ipgjspaa1vs02","timestamp":1705313426851,"id":"89odqyq655om4x7","previousEventId":"onb4q7hjjq4g723","previousOperationId":"m0ipgjspaa1vs02"}
{"type":"log","timestamp":1705313426851,"level":"debug","message":"Skipping storing report.","meta":{"rootId":"rscsqooacxx7h8h","id":"6utsp58lqvlfb9u"},"id":"9m8ggulx9qufqjj","previousOperationId":"m0ipgjspaa1vs02"}
{"type":"log","timestamp":1705313426851,"level":"info","message":"Rendering (child) request finished in 618 ms","meta":{"rootId":"rscsqooacxx7h8h","id":"6utsp58lqvlfb9u"},"id":"1jzwl98rr1ow742","previousOperationId":"m0ipgjspaa1vs02"}
{"type":"operationEnd","subtype":"render","operationId":"43o6u78z8dzvu12","timestamp":1705313426852,"id":"6otfwdfsejgdcsv","previousEventId":"89odqyq655om4x7","previousOperationId":"m0ipgjspaa1vs02"}
{"type":"operationEnd","operationId":"5y58mi25kfx6dri","timestamp":1705313426859,"id":"y13qhoy5rbqrnli","previousEventId":"cqiz39n2r79jaho","previousOperationId":"5y58mi25kfx6dri"}
{"type":"log","timestamp":1705313426859,"level":"debug","message":"pdf-utils postproces start","meta":{"rootId":"rscsqooacxx7h8h","id":"rscsqooacxx7h8h"},"id":"rnk7fqxuloeam98","previousOperationId":"5y58mi25kfx6dri"}
{"type":"log","timestamp":1705313426864,"level":"debug","message":"pdf-utils postproces end","meta":{"rootId":"rscsqooacxx7h8h","id":"rscsqooacxx7h8h"},"id":"y72ehk3ktiaz4sr","previousOperationId":"5y58mi25kfx6dri"}
{"type":"operationEnd","operationId":"hv37s90ohlafxop","timestamp":1705313426864,"id":"xf0enj74mize16y","previousEventId":"y13qhoy5rbqrnli","previousOperationId":"5y58mi25kfx6dri"}
{"type":"log","timestamp":1705313426864,"level":"info","message":"pdf-utils pdf processing was finished","meta":{"rootId":"rscsqooacxx7h8h","id":"rscsqooacxx7h8h"},"id":"iy2mjhet74du76s","previousOperationId":"hv37s90ohlafxop"}
{"type":"log","timestamp":1705313426864,"level":"debug","message":"Skipping storing report.","meta":{"rootId":"rscsqooacxx7h8h","id":"rscsqooacxx7h8h"},"id":"8w7t5v39nvexe0g","previousOperationId":"hv37s90ohlafxop"}
{"type":"log","timestamp":1705313426864,"level":"info","message":"Rendering request 16 finished in 631 ms","meta":{"rootId":"rscsqooacxx7h8h","id":"rscsqooacxx7h8h"},"id":"6rcsqke4w96q4f7","previousOperationId":"hv37s90ohlafxop"}
{"type":"operationEnd","subtype":"render","operationId":"ummnc62oiz1tbvn","timestamp":1705313426864,"id":"nli8xtc338vmsf9","previousEventId":"xf0enj74mize16y","previousOperationId":"hv37s90ohlafxop"}
{"type":"operationEnd","doDiffs":false,"previousEventId":"00xq8wc4nluyyom","previousOperationId":"j3f25ks1vx89om6","operationId":"j3f25ks1vx89om6","timestamp":1705313426873,"id":"zdd4jorqpj45vg5"}
