{"type":"operationStart","subtype":"profile","data":{"_id":"Z5LMK5tJpyLFFB75","timestamp":"2024-01-15T18:30:05.460Z","state":"queued","mode":"standard","creationDate":"2024-01-15T18:30:05.462Z","modificationDate":"2024-01-15T18:30:05.462Z","shortid":"2l4RaXJ","$entitySet":"profiles"},"doDiffs":false,"timestamp":1705343405461,"id":"fckfmd001uholcz","previousOperationId":null,"operationId":"wez5zdlo5d4ggob"}
{"type":"log","level":"info","message":"Render request 42 queued for execution and waiting for available worker","previousOperationId":"wez5zdlo5d4ggob","timestamp":1705343405461,"id":"52bzp5yzpadjbfz"}
{"type":"operationStart","subtype":"render","name":"locations-main","previousOperationId":"wez5zdlo5d4ggob","timestamp":1705343405475,"id":"ckhmon5v4jimdmx","previousEventId":"fckfmd001uholcz","operationId":"y10bca1ubzwi62v"}
{"type":"log","timestamp":1705343405475,"level":"info","message":"Starting rendering request 42","meta":{"rootId":"ryypbn76ioq2bat","id":"ryypbn76ioq2bat"},"id":"jbof691hi7f9pzh","previousOperationId":"y10bca1ubzwi62v"}
{"type":"log","timestamp":1705343405476,"level":"info","message":"Rendering template { name: locations-main, recipe: chrome-pdf, engine: handlebars, preview: true }","meta":{"rootId":"ryypbn76ioq2bat","id":"ryypbn76ioq2bat"},"id":"qjca06p89erhh08","previousOperationId":"y10bca1ubzwi62v"}
{"type":"log","timestamp":1705343405477,"level":"debug","message":"Data item not defined for this template.","meta":{"rootId":"ryypbn76ioq2bat","id":"ryypbn76ioq2bat"},"id":"c3h2vkrya9owveq","previousOperationId":"y10bca1ubzwi62v"}
{"type":"log","timestamp":1705343405479,"level":"debug","message":"Executing script locations-script (beforeRender)","meta":{"rootId":"ryypbn76ioq2bat","id":"ryypbn76ioq2bat"},"id":"4f18hyvwoor8ehm","previousOperationId":"y10bca1ubzwi62v"}
{"type":"operationStart","subtype":"scriptsBeforeRender","name":"scripts beforeRender","timestamp":1705343405486,"id":"afzfykvcnku9wa3","previousEventId":"ckhmon5v4jimdmx","operationId":"hmt9s3brhcg4tgj","previousOperationId":"y10bca1ubzwi62v"}
{"type":"operationStart","subtype":"script","name":"scripts locations-script","previousOperationId":"hmt9s3brhcg4tgj","timestamp":1705343405486,"id":"hh6ypn84a17i4n1","previousEventId":"afzfykvcnku9wa3","operationId":"b1vhbra8tfauam4"}
{"type":"operationEnd","operationId":"b1vhbra8tfauam4","timestamp":1705343405501,"id":"k8n4pf3ft1rjpvj","previousEventId":"ckhmon5v4jimdmx","previousOperationId":"y10bca1ubzwi62v"}
{"type":"operationEnd","operationId":"hmt9s3brhcg4tgj","timestamp":1705343405501,"id":"h0dppcnzk3wm34x","previousEventId":"k8n4pf3ft1rjpvj","previousOperationId":"y10bca1ubzwi62v"}
{"type":"log","timestamp":1705343405501,"level":"debug","message":"Base url not specified, skipping its injection.","meta":{"rootId":"ryypbn76ioq2bat","id":"ryypbn76ioq2bat"},"id":"900tajksskzlo3c","previousOperationId":"hmt9s3brhcg4tgj"}
{"type":"operationStart","subtype":"engine","name":"handlebars","timestamp":1705343405501,"id":"3sjao6owq33c2wl","previousEventId":"h0dppcnzk3wm34x","operationId":"b4jvs9jn7sn7see","previousOperationId":"hmt9s3brhcg4tgj"}
{"type":"log","timestamp":1705343405502,"level":"debug","message":"Rendering engine handlebars","meta":{"rootId":"ryypbn76ioq2bat","id":"ryypbn76ioq2bat"},"id":"uxbq83etkzua2js","previousOperationId":"b4jvs9jn7sn7see"}
{"type":"operationEnd","operationId":"b4jvs9jn7sn7see","timestamp":1705343405526,"id":"mo0czow277ynf75","previousEventId":"3sjao6owq33c2wl","previousOperationId":"b4jvs9jn7sn7see"}
{"type":"operationStart","subtype":"recipe","name":"chrome-pdf","timestamp":1705343405527,"id":"rtlzvrg5ag3e7ev","previousEventId":"mo0czow277ynf75","operationId":"bwdllrtk8zcbx6i","previousOperationId":"b4jvs9jn7sn7see"}
{"type":"log","timestamp":1705343405527,"level":"debug","message":"Executing recipe chrome-pdf","meta":{"rootId":"ryypbn76ioq2bat","id":"ryypbn76ioq2bat"},"id":"zbah4fyy8dh1b5u","previousOperationId":"bwdllrtk8zcbx6i"}
{"type":"log","timestamp":1705343405531,"level":"debug","message":"Converting with chrome HeadlessChrome/117.0.5938.149 using chrome-pool strategy","meta":{"rootId":"ryypbn76ioq2bat","id":"ryypbn76ioq2bat"},"id":"96gm8v19294skrg","previousOperationId":"bwdllrtk8zcbx6i"}
{"type":"log","timestamp":1705343405676,"level":"debug","message":"Page request: GET (document) file:///C:/Users/arida/AppData/Local/Temp/jsreport/autocleanup/e39c106f-bb0b-4daa-ae95-cffe9ffb5b39-chrome-pdf.html","meta":{"rootId":"ryypbn76ioq2bat","id":"ryypbn76ioq2bat"},"id":"ozm28w9y4rflwuu","previousOperationId":"bwdllrtk8zcbx6i"}
{"type":"log","timestamp":1705343405707,"level":"debug","message":"Page request: GET (script) https://cdnjs.cloudflare.com/ajax/libs/Chart.js/2.7.2/Chart.min.js","meta":{"rootId":"ryypbn76ioq2bat","id":"ryypbn76ioq2bat"},"id":"w4nsllw9ih9jem1","previousOperationId":"bwdllrtk8zcbx6i"}
{"type":"log","timestamp":1705343405708,"level":"debug","message":"Page request finished: GET (document) 200 file:///C:/Users/arida/AppData/Local/Temp/jsreport/autocleanup/e39c106f-bb0b-4daa-ae95-cffe9ffb5b39-chrome-pdf.html","meta":{"rootId":"ryypbn76ioq2bat","id":"ryypbn76ioq2bat"},"id":"mioj6to2rw6yzpy","previousOperationId":"bwdllrtk8zcbx6i"}
{"type":"log","timestamp":1705343405715,"level":"debug","message":"Page request finished: GET (script) 200 https://cdnjs.cloudflare.com/ajax/libs/Chart.js/2.7.2/Chart.min.js","meta":{"rootId":"ryypbn76ioq2bat","id":"ryypbn76ioq2bat"},"id":"p8khzdql9fo3t4p","previousOperationId":"bwdllrtk8zcbx6i"}
{"type":"log","timestamp":1705343405723,"level":"debug","message":"(console:log) Ingenio","meta":{"userLevel":true,"rootId":"ryypbn76ioq2bat","id":"ryypbn76ioq2bat"},"id":"4drpqh85mujxhx0","previousOperationId":"bwdllrtk8zcbx6i"}
{"type":"log","timestamp":1705343405723,"level":"debug","message":"(console:log) Las Palmas","meta":{"userLevel":true,"rootId":"ryypbn76ioq2bat","id":"ryypbn76ioq2bat"},"id":"950g1v6r1anmjih","previousOperationId":"bwdllrtk8zcbx6i"}
{"type":"log","timestamp":1705343405739,"level":"debug","message":"Running chrome with params {\"printBackground\":true,\"marginTop\":\"4cm\",\"marginRight\":\"1.5cm\",\"marginBottom\":\"1.5cm\",\"marginLeft\":\"1.5cm\",\"waitForJS\":false,\"timeout\":59931,\"margin\":{\"top\":\"4cm\",\"right\":\"1.5cm\",\"bottom\":\"1.5cm\",\"left\":\"1.5cm\"}}","meta":{"rootId":"ryypbn76ioq2bat","id":"ryypbn76ioq2bat"},"id":"x27oh3nnsvzhxl9","previousOperationId":"bwdllrtk8zcbx6i"}
{"type":"operationEnd","operationId":"bwdllrtk8zcbx6i","timestamp":1705343405784,"id":"ogkzbyo679zo8lz","previousEventId":"rtlzvrg5ag3e7ev","previousOperationId":"bwdllrtk8zcbx6i"}
{"type":"log","timestamp":1705343405785,"level":"info","message":"pdf-utils is starting pdf processing","meta":{"rootId":"ryypbn76ioq2bat","id":"ryypbn76ioq2bat"},"id":"09ug1d7lz8jc2b8","previousOperationId":"bwdllrtk8zcbx6i"}
{"type":"operationStart","subtype":"pdfUtils","name":"pdf utils","timestamp":1705343405785,"id":"1ha84hd9o2uqrun","previousEventId":"ogkzbyo679zo8lz","operationId":"3uytpzolvkmxuss","previousOperationId":"bwdllrtk8zcbx6i"}
{"type":"log","timestamp":1705343405785,"level":"debug","message":"pdf-utils detected 1 pdf operation(s) to process","meta":{"rootId":"ryypbn76ioq2bat","id":"ryypbn76ioq2bat"},"id":"kdcixkluyszf68j","previousOperationId":"3uytpzolvkmxuss"}
{"type":"log","timestamp":1705343405797,"level":"debug","message":"pdf-utils running pdf operation merge","meta":{"rootId":"ryypbn76ioq2bat","id":"ryypbn76ioq2bat"},"id":"9i32mzqnrwxg6ht","previousOperationId":"3uytpzolvkmxuss"}
{"type":"operationStart","subtype":"pdfUtilsMerge","name":"pdf utils merge","previousOperationId":"3uytpzolvkmxuss","timestamp":1705343405797,"id":"rr1cdzr9chh9vic","previousEventId":"1ha84hd9o2uqrun","operationId":"ca7jyhcjy4wm4pd"}
{"type":"operationStart","subtype":"render","name":"locations-header","previousOperationId":"ca7jyhcjy4wm4pd","timestamp":1705343405798,"id":"k2ddtc8vmzyfvsz","previousEventId":"rr1cdzr9chh9vic","operationId":"afplxs2ra0ezg5n"}
{"type":"log","timestamp":1705343405798,"level":"info","message":"Starting rendering (child) request","meta":{"rootId":"ryypbn76ioq2bat","id":"kuinqn4h0ess8xn"},"id":"9liy6gyu5hphv0i","previousOperationId":"afplxs2ra0ezg5n"}
{"type":"log","timestamp":1705343405798,"level":"info","message":"Rendering template { name: locations-header, recipe: chrome-pdf, engine: handlebars, preview: true }","meta":{"rootId":"ryypbn76ioq2bat","id":"kuinqn4h0ess8xn"},"id":"7m693qu693o5y64","previousOperationId":"afplxs2ra0ezg5n"}
{"type":"log","timestamp":1705343405800,"level":"debug","message":"Inline data specified.","meta":{"rootId":"ryypbn76ioq2bat","id":"kuinqn4h0ess8xn"},"id":"1ey4usake1dr7is","previousOperationId":"afplxs2ra0ezg5n"}
{"type":"log","timestamp":1705343405805,"level":"debug","message":"Base url not specified, skipping its injection.","meta":{"rootId":"ryypbn76ioq2bat","id":"kuinqn4h0ess8xn"},"id":"qe4r7tebzdtr1ax","previousOperationId":"afplxs2ra0ezg5n"}
{"type":"operationStart","subtype":"engine","name":"handlebars","timestamp":1705343405805,"id":"ac2a3ta2xzpac2o","previousEventId":"k2ddtc8vmzyfvsz","operationId":"v0agb374l53hx1o","previousOperationId":"afplxs2ra0ezg5n"}
{"type":"log","timestamp":1705343405805,"level":"debug","message":"Rendering engine handlebars","meta":{"rootId":"ryypbn76ioq2bat","id":"kuinqn4h0ess8xn"},"id":"a3ux6fsphzt9t8u","previousOperationId":"v0agb374l53hx1o"}
{"type":"operationEnd","operationId":"v0agb374l53hx1o","timestamp":1705343405823,"id":"2emc0nae5hanjvr","previousEventId":"ac2a3ta2xzpac2o","previousOperationId":"v0agb374l53hx1o"}
{"type":"operationStart","subtype":"recipe","name":"chrome-pdf","timestamp":1705343405823,"id":"p10hmp65uc1s9ab","previousEventId":"2emc0nae5hanjvr","operationId":"gpdf7nz6a19qg8f","previousOperationId":"v0agb374l53hx1o"}
{"type":"log","timestamp":1705343405823,"level":"debug","message":"Executing recipe chrome-pdf","meta":{"rootId":"ryypbn76ioq2bat","id":"kuinqn4h0ess8xn"},"id":"7mdspejqgfs5chg","previousOperationId":"gpdf7nz6a19qg8f"}
{"type":"log","timestamp":1705343405826,"level":"debug","message":"Converting with chrome HeadlessChrome/117.0.5938.149 using chrome-pool strategy","meta":{"rootId":"ryypbn76ioq2bat","id":"kuinqn4h0ess8xn"},"id":"8l5l2p8ucavgah6","previousOperationId":"gpdf7nz6a19qg8f"}
{"type":"log","timestamp":1705343405975,"level":"debug","message":"Page request: GET (document) file:///C:/Users/arida/AppData/Local/Temp/jsreport/autocleanup/1f0a811a-ac66-4767-85bb-702e576e0785-chrome-pdf.html","meta":{"rootId":"ryypbn76ioq2bat","id":"kuinqn4h0ess8xn"},"id":"jioes9dtexv5q14","previousOperationId":"gpdf7nz6a19qg8f"}
{"type":"log","timestamp":1705343405985,"level":"debug","message":"Page request: GET (stylesheet) https://cdnjs.cloudflare.com/ajax/libs/metro/4.1.5/css/metro.min.css","meta":{"rootId":"ryypbn76ioq2bat","id":"kuinqn4h0ess8xn"},"id":"esw6qdfxxns05kl","previousOperationId":"gpdf7nz6a19qg8f"}
{"type":"log","timestamp":1705343405986,"level":"debug","message":"Page request finished: GET (document) 200 file:///C:/Users/arida/AppData/Local/Temp/jsreport/autocleanup/1f0a811a-ac66-4767-85bb-702e576e0785-chrome-pdf.html","meta":{"rootId":"ryypbn76ioq2bat","id":"kuinqn4h0ess8xn"},"id":"fxhi8qupscz0cc6","previousOperationId":"gpdf7nz6a19qg8f"}
{"type":"log","timestamp":1705343406007,"level":"debug","message":"Page request finished: GET (stylesheet) 200 https://cdnjs.cloudflare.com/ajax/libs/metro/4.1.5/css/metro.min.css","meta":{"rootId":"ryypbn76ioq2bat","id":"kuinqn4h0ess8xn"},"id":"u1pu7zz7jrrasgh","previousOperationId":"gpdf7nz6a19qg8f"}
{"type":"log","timestamp":1705343406029,"level":"debug","message":"Running chrome with params {\"printBackground\":true,\"marginTop\":\"1.5cm\",\"marginRight\":\"1.5cm\",\"marginLeft\":\"1.cm\",\"timeout\":59635,\"margin\":{\"top\":\"1.5cm\",\"right\":\"1.5cm\",\"left\":\"1.cm\"}}","meta":{"rootId":"ryypbn76ioq2bat","id":"kuinqn4h0ess8xn"},"id":"czyufiufjr8xp7u","previousOperationId":"gpdf7nz6a19qg8f"}
{"type":"operationEnd","operationId":"gpdf7nz6a19qg8f","timestamp":1705343406072,"id":"buct88jbddc7og1","previousEventId":"p10hmp65uc1s9ab","previousOperationId":"gpdf7nz6a19qg8f"}
{"type":"log","timestamp":1705343406072,"level":"debug","message":"Skipping storing report.","meta":{"rootId":"ryypbn76ioq2bat","id":"kuinqn4h0ess8xn"},"id":"z57onhzn1xhwva3","previousOperationId":"gpdf7nz6a19qg8f"}
{"type":"log","timestamp":1705343406072,"level":"info","message":"Rendering (child) request finished in 612 ms","meta":{"rootId":"ryypbn76ioq2bat","id":"kuinqn4h0ess8xn"},"id":"r05akmpyvj4hatv","previousOperationId":"gpdf7nz6a19qg8f"}
{"type":"operationEnd","subtype":"render","operationId":"afplxs2ra0ezg5n","timestamp":1705343406072,"id":"0zl3u2wozoktygb","previousEventId":"buct88jbddc7og1","previousOperationId":"gpdf7nz6a19qg8f"}
{"type":"operationEnd","operationId":"ca7jyhcjy4wm4pd","timestamp":1705343406085,"id":"88s80civr5txppz","previousEventId":"rr1cdzr9chh9vic","previousOperationId":"ca7jyhcjy4wm4pd"}
{"type":"log","timestamp":1705343406085,"level":"debug","message":"pdf-utils postproces start","meta":{"rootId":"ryypbn76ioq2bat","id":"ryypbn76ioq2bat"},"id":"27wlg9y3rto6gsv","previousOperationId":"ca7jyhcjy4wm4pd"}
{"type":"log","timestamp":1705343406095,"level":"debug","message":"pdf-utils postproces end","meta":{"rootId":"ryypbn76ioq2bat","id":"ryypbn76ioq2bat"},"id":"4kqcgy0yrop7e4b","previousOperationId":"ca7jyhcjy4wm4pd"}
{"type":"operationEnd","operationId":"3uytpzolvkmxuss","timestamp":1705343406095,"id":"m3zzylcz3woij7l","previousEventId":"88s80civr5txppz","previousOperationId":"ca7jyhcjy4wm4pd"}
{"type":"log","timestamp":1705343406095,"level":"info","message":"pdf-utils pdf processing was finished","meta":{"rootId":"ryypbn76ioq2bat","id":"ryypbn76ioq2bat"},"id":"qs6n16ecqp19s35","previousOperationId":"3uytpzolvkmxuss"}
{"type":"log","timestamp":1705343406095,"level":"debug","message":"Skipping storing report.","meta":{"rootId":"ryypbn76ioq2bat","id":"ryypbn76ioq2bat"},"id":"mjxlvw5643smm2t","previousOperationId":"3uytpzolvkmxuss"}
{"type":"log","timestamp":1705343406095,"level":"info","message":"Rendering request 42 finished in 635 ms","meta":{"rootId":"ryypbn76ioq2bat","id":"ryypbn76ioq2bat"},"id":"zhl964fpu3fbdcr","previousOperationId":"3uytpzolvkmxuss"}
{"type":"operationEnd","subtype":"render","operationId":"y10bca1ubzwi62v","timestamp":1705343406095,"id":"rm35fjj466ph8ng","previousEventId":"m3zzylcz3woij7l","previousOperationId":"3uytpzolvkmxuss"}
{"type":"operationEnd","doDiffs":false,"previousEventId":"fckfmd001uholcz","previousOperationId":"wez5zdlo5d4ggob","operationId":"wez5zdlo5d4ggob","timestamp":1705343406106,"id":"lappl3iu7xbjrt2"}
