{"type":"operationStart","subtype":"profile","data":{"_id":"WgiJkXgslJtWIwmR","timestamp":"2024-01-15T15:50:24.390Z","state":"queued","mode":"standard","creationDate":"2024-01-15T15:50:24.393Z","modificationDate":"2024-01-15T15:50:24.393Z","shortid":"iOCb5Qe","$entitySet":"profiles"},"doDiffs":false,"timestamp":1705333824391,"id":"epjqei89ssatrcz","previousOperationId":null,"operationId":"bg40x6f8od5dqpe"}
{"type":"log","level":"info","message":"Render request 11 queued for execution and waiting for available worker","previousOperationId":"bg40x6f8od5dqpe","timestamp":1705333824391,"id":"nbfzngle8a09w18"}
{"type":"operationStart","subtype":"render","name":"locations-main","previousOperationId":"bg40x6f8od5dqpe","timestamp":1705333824406,"id":"i0w9ugaf5mzmfo7","previousEventId":"epjqei89ssatrcz","operationId":"bzsoc4b7s66wqk2"}
{"type":"log","timestamp":1705333824406,"level":"info","message":"Starting rendering request 11","meta":{"rootId":"s7a8vnkj3yrj2ri","id":"s7a8vnkj3yrj2ri"},"id":"tup5ep4vz2jwk0y","previousOperationId":"bzsoc4b7s66wqk2"}
{"type":"log","timestamp":1705333824406,"level":"info","message":"Rendering template { name: locations-main, recipe: chrome-pdf, engine: handlebars, preview: true }","meta":{"rootId":"s7a8vnkj3yrj2ri","id":"s7a8vnkj3yrj2ri"},"id":"mag9w2ns89qvo9l","previousOperationId":"bzsoc4b7s66wqk2"}
{"type":"log","timestamp":1705333824407,"level":"debug","message":"Data item not defined for this template.","meta":{"rootId":"s7a8vnkj3yrj2ri","id":"s7a8vnkj3yrj2ri"},"id":"vy9nk7884sjnzjo","previousOperationId":"bzsoc4b7s66wqk2"}
{"type":"log","timestamp":1705333824411,"level":"debug","message":"Executing script locations-script (beforeRender)","meta":{"rootId":"s7a8vnkj3yrj2ri","id":"s7a8vnkj3yrj2ri"},"id":"dui8u051g7p96rs","previousOperationId":"bzsoc4b7s66wqk2"}
{"type":"operationStart","subtype":"scriptsBeforeRender","name":"scripts beforeRender","timestamp":1705333824420,"id":"wlq7wilwkx1ccz8","previousEventId":"i0w9ugaf5mzmfo7","operationId":"son9ge136phawvj","previousOperationId":"bzsoc4b7s66wqk2"}
{"type":"operationStart","subtype":"script","name":"scripts locations-script","previousOperationId":"son9ge136phawvj","timestamp":1705333824420,"id":"uqm8ttlg3sfcfrn","previousEventId":"wlq7wilwkx1ccz8","operationId":"tfd88vt4qwvxgf4"}
{"type":"operationEnd","operationId":"tfd88vt4qwvxgf4","timestamp":1705333824434,"id":"w18y0f4ucl6wghi","previousEventId":"i0w9ugaf5mzmfo7","previousOperationId":"bzsoc4b7s66wqk2"}
{"type":"operationEnd","operationId":"son9ge136phawvj","timestamp":1705333824434,"id":"aqps1g6njj5ycks","previousEventId":"w18y0f4ucl6wghi","previousOperationId":"bzsoc4b7s66wqk2"}
{"type":"log","timestamp":1705333824434,"level":"debug","message":"Base url not specified, skipping its injection.","meta":{"rootId":"s7a8vnkj3yrj2ri","id":"s7a8vnkj3yrj2ri"},"id":"d2txct1c0pg65wq","previousOperationId":"son9ge136phawvj"}
{"type":"operationStart","subtype":"engine","name":"handlebars","timestamp":1705333824434,"id":"zbnebn48vqhbi2x","previousEventId":"aqps1g6njj5ycks","operationId":"ed9gcd5wlfa0b91","previousOperationId":"son9ge136phawvj"}
{"type":"log","timestamp":1705333824434,"level":"debug","message":"Rendering engine handlebars","meta":{"rootId":"s7a8vnkj3yrj2ri","id":"s7a8vnkj3yrj2ri"},"id":"52rthg0lktz96kr","previousOperationId":"ed9gcd5wlfa0b91"}
{"type":"operationEnd","operationId":"ed9gcd5wlfa0b91","timestamp":1705333824453,"id":"u9z8ostz23absyy","previousEventId":"zbnebn48vqhbi2x","previousOperationId":"ed9gcd5wlfa0b91"}
{"type":"operationStart","subtype":"recipe","name":"chrome-pdf","timestamp":1705333824454,"id":"wogu8292s51wq80","previousEventId":"u9z8ostz23absyy","operationId":"5lla1kiy8w4vqj7","previousOperationId":"ed9gcd5wlfa0b91"}
{"type":"log","timestamp":1705333824454,"level":"debug","message":"Executing recipe chrome-pdf","meta":{"rootId":"s7a8vnkj3yrj2ri","id":"s7a8vnkj3yrj2ri"},"id":"4vk2q41zad007v9","previousOperationId":"5lla1kiy8w4vqj7"}
{"type":"log","timestamp":1705333824457,"level":"debug","message":"Converting with chrome HeadlessChrome/117.0.5938.149 using chrome-pool strategy","meta":{"rootId":"s7a8vnkj3yrj2ri","id":"s7a8vnkj3yrj2ri"},"id":"lj5xpo7rx3kre5e","previousOperationId":"5lla1kiy8w4vqj7"}
{"type":"log","timestamp":1705333824599,"level":"debug","message":"Page request: GET (document) file:///C:/Users/arida/AppData/Local/Temp/jsreport/autocleanup/6c4695f2-40e1-47f9-b432-6f6958fcf273-chrome-pdf.html","meta":{"rootId":"s7a8vnkj3yrj2ri","id":"s7a8vnkj3yrj2ri"},"id":"5541r840nikzby9","previousOperationId":"5lla1kiy8w4vqj7"}
{"type":"log","timestamp":1705333824629,"level":"debug","message":"Page request: GET (script) https://cdnjs.cloudflare.com/ajax/libs/Chart.js/2.7.2/Chart.min.js","meta":{"rootId":"s7a8vnkj3yrj2ri","id":"s7a8vnkj3yrj2ri"},"id":"05nxy1x7v0eoneh","previousOperationId":"5lla1kiy8w4vqj7"}
{"type":"log","timestamp":1705333824630,"level":"debug","message":"Page request finished: GET (document) 200 file:///C:/Users/arida/AppData/Local/Temp/jsreport/autocleanup/6c4695f2-40e1-47f9-b432-6f6958fcf273-chrome-pdf.html","meta":{"rootId":"s7a8vnkj3yrj2ri","id":"s7a8vnkj3yrj2ri"},"id":"h3h2x42w0jt8m1i","previousOperationId":"5lla1kiy8w4vqj7"}
{"type":"log","timestamp":1705333824643,"level":"debug","message":"Page request finished: GET (script) 200 https://cdnjs.cloudflare.com/ajax/libs/Chart.js/2.7.2/Chart.min.js","meta":{"rootId":"s7a8vnkj3yrj2ri","id":"s7a8vnkj3yrj2ri"},"id":"842d1uozn5g959o","previousOperationId":"5lla1kiy8w4vqj7"}
{"type":"log","timestamp":1705333824661,"level":"warn","message":"Page error: Unexpected token ';' , stack: SyntaxError: Unexpected token ';'","meta":{"rootId":"s7a8vnkj3yrj2ri","id":"s7a8vnkj3yrj2ri"},"id":"vd2fnszd0qbg7bz","previousOperationId":"5lla1kiy8w4vqj7"}
{"type":"log","timestamp":1705333824678,"level":"debug","message":"Running chrome with params {\"printBackground\":true,\"marginTop\":\"4cm\",\"marginRight\":\"1.5cm\",\"marginBottom\":\"1.5cm\",\"marginLeft\":\"1.5cm\",\"waitForJS\":false,\"timeout\":59934,\"margin\":{\"top\":\"4cm\",\"right\":\"1.5cm\",\"bottom\":\"1.5cm\",\"left\":\"1.5cm\"}}","meta":{"rootId":"s7a8vnkj3yrj2ri","id":"s7a8vnkj3yrj2ri"},"id":"je0tnh275p11p9a","previousOperationId":"5lla1kiy8w4vqj7"}
{"type":"operationEnd","operationId":"5lla1kiy8w4vqj7","timestamp":1705333824721,"id":"dpqrfais3wpl3nm","previousEventId":"wogu8292s51wq80","previousOperationId":"5lla1kiy8w4vqj7"}
{"type":"log","timestamp":1705333824721,"level":"info","message":"pdf-utils is starting pdf processing","meta":{"rootId":"s7a8vnkj3yrj2ri","id":"s7a8vnkj3yrj2ri"},"id":"43xgjgobdr0s00g","previousOperationId":"5lla1kiy8w4vqj7"}
{"type":"operationStart","subtype":"pdfUtils","name":"pdf utils","timestamp":1705333824721,"id":"j6pggyspdq6us4i","previousEventId":"dpqrfais3wpl3nm","operationId":"wrqo4vg5c6vhdh2","previousOperationId":"5lla1kiy8w4vqj7"}
{"type":"log","timestamp":1705333824721,"level":"debug","message":"pdf-utils detected 1 pdf operation(s) to process","meta":{"rootId":"s7a8vnkj3yrj2ri","id":"s7a8vnkj3yrj2ri"},"id":"kmdqq6uaqtlwsei","previousOperationId":"wrqo4vg5c6vhdh2"}
{"type":"log","timestamp":1705333824737,"level":"debug","message":"pdf-utils running pdf operation merge","meta":{"rootId":"s7a8vnkj3yrj2ri","id":"s7a8vnkj3yrj2ri"},"id":"64lg8b8f4g0j2k2","previousOperationId":"wrqo4vg5c6vhdh2"}
{"type":"operationStart","subtype":"pdfUtilsMerge","name":"pdf utils merge","previousOperationId":"wrqo4vg5c6vhdh2","timestamp":1705333824737,"id":"vmq8jvcje6jq8xq","previousEventId":"j6pggyspdq6us4i","operationId":"cnr4ho73flxvnma"}
{"type":"operationStart","subtype":"render","name":"locations-header","previousOperationId":"cnr4ho73flxvnma","timestamp":1705333824738,"id":"s5vre956w1hohy1","previousEventId":"vmq8jvcje6jq8xq","operationId":"rubt8lihkzal4kg"}
{"type":"log","timestamp":1705333824738,"level":"info","message":"Starting rendering (child) request","meta":{"rootId":"s7a8vnkj3yrj2ri","id":"i2c7wgg1o2odpst"},"id":"wl14c52x2xsh8mz","previousOperationId":"rubt8lihkzal4kg"}
{"type":"log","timestamp":1705333824738,"level":"info","message":"Rendering template { name: locations-header, recipe: chrome-pdf, engine: handlebars, preview: true }","meta":{"rootId":"s7a8vnkj3yrj2ri","id":"i2c7wgg1o2odpst"},"id":"vwaodhdk1rzg4qz","previousOperationId":"rubt8lihkzal4kg"}
{"type":"log","timestamp":1705333824748,"level":"debug","message":"Inline data specified.","meta":{"rootId":"s7a8vnkj3yrj2ri","id":"i2c7wgg1o2odpst"},"id":"kk79zxrk5j6jojt","previousOperationId":"rubt8lihkzal4kg"}
{"type":"log","timestamp":1705333824752,"level":"debug","message":"Base url not specified, skipping its injection.","meta":{"rootId":"s7a8vnkj3yrj2ri","id":"i2c7wgg1o2odpst"},"id":"lm43zoru5stcmqd","previousOperationId":"rubt8lihkzal4kg"}
{"type":"operationStart","subtype":"engine","name":"handlebars","timestamp":1705333824753,"id":"lspdmydjm6ln2jw","previousEventId":"s5vre956w1hohy1","operationId":"k0139btovhpk45t","previousOperationId":"rubt8lihkzal4kg"}
{"type":"log","timestamp":1705333824753,"level":"debug","message":"Rendering engine handlebars","meta":{"rootId":"s7a8vnkj3yrj2ri","id":"i2c7wgg1o2odpst"},"id":"v1uesfucq0j66l4","previousOperationId":"k0139btovhpk45t"}
{"type":"operationEnd","operationId":"k0139btovhpk45t","timestamp":1705333824773,"id":"p0q3drgkzagyq2d","previousEventId":"lspdmydjm6ln2jw","previousOperationId":"k0139btovhpk45t"}
{"type":"operationStart","subtype":"recipe","name":"chrome-pdf","timestamp":1705333824773,"id":"7g1ss8lqmzn3r5r","previousEventId":"p0q3drgkzagyq2d","operationId":"koge6kyhqzqjtl9","previousOperationId":"k0139btovhpk45t"}
{"type":"log","timestamp":1705333824773,"level":"debug","message":"Executing recipe chrome-pdf","meta":{"rootId":"s7a8vnkj3yrj2ri","id":"i2c7wgg1o2odpst"},"id":"eq2fllaq4ipbh0g","previousOperationId":"koge6kyhqzqjtl9"}
{"type":"log","timestamp":1705333824776,"level":"debug","message":"Converting with chrome HeadlessChrome/117.0.5938.149 using chrome-pool strategy","meta":{"rootId":"s7a8vnkj3yrj2ri","id":"i2c7wgg1o2odpst"},"id":"4cl3ueedjftl0hi","previousOperationId":"koge6kyhqzqjtl9"}
{"type":"log","timestamp":1705333824919,"level":"debug","message":"Page request: GET (document) file:///C:/Users/arida/AppData/Local/Temp/jsreport/autocleanup/bf6c5f88-65d0-46b2-bb8b-21ab093087f9-chrome-pdf.html","meta":{"rootId":"s7a8vnkj3yrj2ri","id":"i2c7wgg1o2odpst"},"id":"oym5cnj9exkho5r","previousOperationId":"koge6kyhqzqjtl9"}
{"type":"log","timestamp":1705333824930,"level":"debug","message":"Page request: GET (stylesheet) https://cdnjs.cloudflare.com/ajax/libs/metro/4.1.5/css/metro.min.css","meta":{"rootId":"s7a8vnkj3yrj2ri","id":"i2c7wgg1o2odpst"},"id":"cjqnj7plqewujss","previousOperationId":"koge6kyhqzqjtl9"}
{"type":"log","timestamp":1705333824930,"level":"debug","message":"Page request finished: GET (document) 200 file:///C:/Users/arida/AppData/Local/Temp/jsreport/autocleanup/bf6c5f88-65d0-46b2-bb8b-21ab093087f9-chrome-pdf.html","meta":{"rootId":"s7a8vnkj3yrj2ri","id":"i2c7wgg1o2odpst"},"id":"wy1myep8t6114mi","previousOperationId":"koge6kyhqzqjtl9"}
{"type":"log","timestamp":1705333824952,"level":"debug","message":"Page request finished: GET (stylesheet) 200 https://cdnjs.cloudflare.com/ajax/libs/metro/4.1.5/css/metro.min.css","meta":{"rootId":"s7a8vnkj3yrj2ri","id":"i2c7wgg1o2odpst"},"id":"0nt9oqjwrg6lb0x","previousOperationId":"koge6kyhqzqjtl9"}
{"type":"log","timestamp":1705333824975,"level":"debug","message":"Running chrome with params {\"printBackground\":true,\"marginTop\":\"1.5cm\",\"marginRight\":\"1.5cm\",\"marginLeft\":\"1.cm\",\"timeout\":59615,\"margin\":{\"top\":\"1.5cm\",\"right\":\"1.5cm\",\"left\":\"1.cm\"}}","meta":{"rootId":"s7a8vnkj3yrj2ri","id":"i2c7wgg1o2odpst"},"id":"ly5w0y8yweimn1o","previousOperationId":"koge6kyhqzqjtl9"}
{"type":"operationEnd","operationId":"koge6kyhqzqjtl9","timestamp":1705333825022,"id":"k8px0k4d9uuup1t","previousEventId":"7g1ss8lqmzn3r5r","previousOperationId":"koge6kyhqzqjtl9"}
{"type":"log","timestamp":1705333825022,"level":"debug","message":"Skipping storing report.","meta":{"rootId":"s7a8vnkj3yrj2ri","id":"i2c7wgg1o2odpst"},"id":"of050jh9b1rsx3r","previousOperationId":"koge6kyhqzqjtl9"}
{"type":"log","timestamp":1705333825022,"level":"info","message":"Rendering (child) request finished in 632 ms","meta":{"rootId":"s7a8vnkj3yrj2ri","id":"i2c7wgg1o2odpst"},"id":"dsjbp9omtojm02b","previousOperationId":"koge6kyhqzqjtl9"}
{"type":"operationEnd","subtype":"render","operationId":"rubt8lihkzal4kg","timestamp":1705333825022,"id":"ei10blkmi4xv199","previousEventId":"k8px0k4d9uuup1t","previousOperationId":"koge6kyhqzqjtl9"}
{"type":"operationEnd","operationId":"cnr4ho73flxvnma","timestamp":1705333825030,"id":"5b0jrx8l1q4ncf1","previousEventId":"vmq8jvcje6jq8xq","previousOperationId":"cnr4ho73flxvnma"}
{"type":"log","timestamp":1705333825030,"level":"debug","message":"pdf-utils postproces start","meta":{"rootId":"s7a8vnkj3yrj2ri","id":"s7a8vnkj3yrj2ri"},"id":"fcy6n5g822mloc8","previousOperationId":"cnr4ho73flxvnma"}
{"type":"log","timestamp":1705333825040,"level":"debug","message":"pdf-utils postproces end","meta":{"rootId":"s7a8vnkj3yrj2ri","id":"s7a8vnkj3yrj2ri"},"id":"zsim6f29lk3m9sw","previousOperationId":"cnr4ho73flxvnma"}
{"type":"operationEnd","operationId":"wrqo4vg5c6vhdh2","timestamp":1705333825040,"id":"dd98ikx5snh1ud4","previousEventId":"5b0jrx8l1q4ncf1","previousOperationId":"cnr4ho73flxvnma"}
{"type":"log","timestamp":1705333825040,"level":"info","message":"pdf-utils pdf processing was finished","meta":{"rootId":"s7a8vnkj3yrj2ri","id":"s7a8vnkj3yrj2ri"},"id":"rdb2a42ntl1wzo8","previousOperationId":"wrqo4vg5c6vhdh2"}
{"type":"log","timestamp":1705333825040,"level":"debug","message":"Skipping storing report.","meta":{"rootId":"s7a8vnkj3yrj2ri","id":"s7a8vnkj3yrj2ri"},"id":"k8og22d5m2qkblv","previousOperationId":"wrqo4vg5c6vhdh2"}
{"type":"log","timestamp":1705333825040,"level":"info","message":"Rendering request 11 finished in 650 ms","meta":{"rootId":"s7a8vnkj3yrj2ri","id":"s7a8vnkj3yrj2ri"},"id":"zjxewvzfhrec60i","previousOperationId":"wrqo4vg5c6vhdh2"}
{"type":"operationEnd","subtype":"render","operationId":"bzsoc4b7s66wqk2","timestamp":1705333825040,"id":"xi2e0elmzjfqt1a","previousEventId":"dd98ikx5snh1ud4","previousOperationId":"wrqo4vg5c6vhdh2"}
{"type":"operationEnd","doDiffs":false,"previousEventId":"epjqei89ssatrcz","previousOperationId":"bg40x6f8od5dqpe","operationId":"bg40x6f8od5dqpe","timestamp":1705333825053,"id":"0jbssdlf1fx3pnj"}
