{"type":"operationStart","subtype":"profile","data":{"_id":"kR87hRiGbPHSYxsM","timestamp":"2024-01-15T10:16:33.418Z","state":"queued","mode":"standard","creationDate":"2024-01-15T10:16:33.423Z","modificationDate":"2024-01-15T10:16:33.423Z","shortid":"PTC-W-J","$entitySet":"profiles"},"doDiffs":false,"timestamp":1705313793421,"id":"j34zk2y3yz627as","previousOperationId":null,"operationId":"e5bstjvyh8xzqky"}
{"type":"log","level":"info","message":"Render request 23 queued for execution and waiting for available worker","previousOperationId":"e5bstjvyh8xzqky","timestamp":1705313793421,"id":"t43lyr9vtbyhrni"}
{"type":"operationStart","subtype":"render","name":"locations-main","previousOperationId":"e5bstjvyh8xzqky","timestamp":1705313793455,"id":"8j0q1sh15ukzqqv","previousEventId":"j34zk2y3yz627as","operationId":"nq5m18k511bhr8j"}
{"type":"log","timestamp":1705313793455,"level":"info","message":"Starting rendering request 23","meta":{"rootId":"s91s7kard5tcpww","id":"s91s7kard5tcpww"},"id":"qe0azyoiqaqv446","previousOperationId":"nq5m18k511bhr8j"}
{"type":"log","timestamp":1705313793455,"level":"info","message":"Rendering template { name: locations-main, recipe: chrome-pdf, engine: handlebars, preview: true }","meta":{"rootId":"s91s7kard5tcpww","id":"s91s7kard5tcpww"},"id":"djf0g4fk9p19rhe","previousOperationId":"nq5m18k511bhr8j"}
{"type":"log","timestamp":1705313793458,"level":"debug","message":"Data item not defined for this template.","meta":{"rootId":"s91s7kard5tcpww","id":"s91s7kard5tcpww"},"id":"son8ut7614a3o78","previousOperationId":"nq5m18k511bhr8j"}
{"type":"log","timestamp":1705313793466,"level":"debug","message":"Executing script locations-script (beforeRender)","meta":{"rootId":"s91s7kard5tcpww","id":"s91s7kard5tcpww"},"id":"xvno2dvv0vyvhdf","previousOperationId":"nq5m18k511bhr8j"}
{"type":"operationStart","subtype":"scriptsBeforeRender","name":"scripts beforeRender","timestamp":1705313793485,"id":"uxie68witw0ig2i","previousEventId":"8j0q1sh15ukzqqv","operationId":"bbrgf62u6sf9the","previousOperationId":"nq5m18k511bhr8j"}
{"type":"operationStart","subtype":"script","name":"scripts locations-script","previousOperationId":"bbrgf62u6sf9the","timestamp":1705313793485,"id":"wjebs3vnq48au1y","previousEventId":"uxie68witw0ig2i","operationId":"3f3cq9rm04lofqs"}
{"type":"operationEnd","operationId":"3f3cq9rm04lofqs","timestamp":1705313793516,"id":"za4ayqjlmo7kkmt","previousEventId":"8j0q1sh15ukzqqv","previousOperationId":"nq5m18k511bhr8j"}
{"type":"operationEnd","operationId":"bbrgf62u6sf9the","timestamp":1705313793516,"id":"2uk47tjxffhzzfu","previousEventId":"za4ayqjlmo7kkmt","previousOperationId":"nq5m18k511bhr8j"}
{"type":"log","timestamp":1705313793516,"level":"debug","message":"Base url not specified, skipping its injection.","meta":{"rootId":"s91s7kard5tcpww","id":"s91s7kard5tcpww"},"id":"2kpec3r5riy90ne","previousOperationId":"bbrgf62u6sf9the"}
{"type":"operationStart","subtype":"engine","name":"handlebars","timestamp":1705313793516,"id":"s5wbdm3t1cop3ra","previousEventId":"2uk47tjxffhzzfu","operationId":"bfaeh8em08x4esv","previousOperationId":"bbrgf62u6sf9the"}
{"type":"log","timestamp":1705313793516,"level":"debug","message":"Rendering engine handlebars","meta":{"rootId":"s91s7kard5tcpww","id":"s91s7kard5tcpww"},"id":"372m5rn0v9db5nb","previousOperationId":"bfaeh8em08x4esv"}
{"type":"operationEnd","operationId":"bfaeh8em08x4esv","timestamp":1705313793564,"id":"oypdqyw2xkz8di9","previousEventId":"s5wbdm3t1cop3ra","previousOperationId":"bfaeh8em08x4esv"}
{"type":"operationStart","subtype":"recipe","name":"chrome-pdf","timestamp":1705313793564,"id":"d9360989a9xq3kl","previousEventId":"oypdqyw2xkz8di9","operationId":"n3nfrku3qr497hb","previousOperationId":"bfaeh8em08x4esv"}
{"type":"log","timestamp":1705313793564,"level":"debug","message":"Executing recipe chrome-pdf","meta":{"rootId":"s91s7kard5tcpww","id":"s91s7kard5tcpww"},"id":"8p1cchwflmqfvjg","previousOperationId":"n3nfrku3qr497hb"}
{"type":"log","timestamp":1705313793571,"level":"debug","message":"Converting with chrome HeadlessChrome/117.0.5938.149 using chrome-pool strategy","meta":{"rootId":"s91s7kard5tcpww","id":"s91s7kard5tcpww"},"id":"wsbnnbilpjdvl3z","previousOperationId":"n3nfrku3qr497hb"}
{"type":"log","timestamp":1705313793754,"level":"debug","message":"Page request: GET (document) file:///C:/Users/arida/AppData/Local/Temp/jsreport/autocleanup/467a7104-5edd-4bb2-9348-2e30f2ea5dd4-chrome-pdf.html","meta":{"rootId":"s91s7kard5tcpww","id":"s91s7kard5tcpww"},"id":"tez95aq3di9colm","previousOperationId":"n3nfrku3qr497hb"}
{"type":"log","timestamp":1705313793763,"level":"debug","message":"Page request: GET (script) https://cdn.jsdelivr.net/npm/chart.js","meta":{"rootId":"s91s7kard5tcpww","id":"s91s7kard5tcpww"},"id":"5nmbmyezdr8cfd8","previousOperationId":"n3nfrku3qr497hb"}
{"type":"log","timestamp":1705313793763,"level":"debug","message":"Page request finished: GET (document) 200 file:///C:/Users/arida/AppData/Local/Temp/jsreport/autocleanup/467a7104-5edd-4bb2-9348-2e30f2ea5dd4-chrome-pdf.html","meta":{"rootId":"s91s7kard5tcpww","id":"s91s7kard5tcpww"},"id":"o0tuk34u2x3q4c6","previousOperationId":"n3nfrku3qr497hb"}
{"type":"log","timestamp":1705313793769,"level":"debug","message":"Page request finished: GET (script) 200 https://cdn.jsdelivr.net/npm/chart.js","meta":{"rootId":"s91s7kard5tcpww","id":"s91s7kard5tcpww"},"id":"80wddhh4bv5zjg5","previousOperationId":"n3nfrku3qr497hb"}
{"type":"log","timestamp":1705313793774,"level":"warn","message":"Page error: numEventos is not defined , stack: ReferenceError: numEventos is not defined\n    at <anonymous> (file:///C:/Users/arida/AppData/Local/Temp/jsreport/autocleanup/467a7104-5edd-4bb2-9348-2e30f2ea5dd4-chrome-pdf.html:19:22)","meta":{"rootId":"s91s7kard5tcpww","id":"s91s7kard5tcpww"},"id":"k5qq00cf605r4w9","previousOperationId":"n3nfrku3qr497hb"}
{"type":"log","timestamp":1705313793774,"level":"warn","message":"Page error: numEventos is not defined , stack: ReferenceError: numEventos is not defined\n    at <anonymous> (file:///C:/Users/arida/AppData/Local/Temp/jsreport/autocleanup/467a7104-5edd-4bb2-9348-2e30f2ea5dd4-chrome-pdf.html:64:22)","meta":{"rootId":"s91s7kard5tcpww","id":"s91s7kard5tcpww"},"id":"c8zaczzzip35sgc","previousOperationId":"n3nfrku3qr497hb"}
{"type":"log","timestamp":1705313793778,"level":"debug","message":"Running chrome with params {\"printBackground\":true,\"marginTop\":\"4cm\",\"marginRight\":\"1.5cm\",\"marginBottom\":\"1.5cm\",\"marginLeft\":\"1.5cm\",\"waitForJS\":false,\"timeout\":59848,\"margin\":{\"top\":\"4cm\",\"right\":\"1.5cm\",\"bottom\":\"1.5cm\",\"left\":\"1.5cm\"}}","meta":{"rootId":"s91s7kard5tcpww","id":"s91s7kard5tcpww"},"id":"s633eebh0pwwu90","previousOperationId":"n3nfrku3qr497hb"}
{"type":"operationEnd","operationId":"n3nfrku3qr497hb","timestamp":1705313793786,"id":"breget0xzqvri8p","previousEventId":"d9360989a9xq3kl","previousOperationId":"n3nfrku3qr497hb"}
{"type":"log","timestamp":1705313793786,"level":"info","message":"pdf-utils is starting pdf processing","meta":{"rootId":"s91s7kard5tcpww","id":"s91s7kard5tcpww"},"id":"fycc65x2uvre7nu","previousOperationId":"n3nfrku3qr497hb"}
{"type":"operationStart","subtype":"pdfUtils","name":"pdf utils","timestamp":1705313793787,"id":"vlgifvqkq4r7qjd","previousEventId":"breget0xzqvri8p","operationId":"zkyq0674641yq2j","previousOperationId":"n3nfrku3qr497hb"}
{"type":"log","timestamp":1705313793787,"level":"debug","message":"pdf-utils detected 1 pdf operation(s) to process","meta":{"rootId":"s91s7kard5tcpww","id":"s91s7kard5tcpww"},"id":"vtgmcqy0z0acl9c","previousOperationId":"zkyq0674641yq2j"}
{"type":"log","timestamp":1705313793789,"level":"debug","message":"pdf-utils running pdf operation merge","meta":{"rootId":"s91s7kard5tcpww","id":"s91s7kard5tcpww"},"id":"rym31gu9w95ztwx","previousOperationId":"zkyq0674641yq2j"}
{"type":"operationStart","subtype":"pdfUtilsMerge","name":"pdf utils merge","previousOperationId":"zkyq0674641yq2j","timestamp":1705313793789,"id":"e3ufl7vygolag6m","previousEventId":"vlgifvqkq4r7qjd","operationId":"phdstkkul1lit8a"}
{"type":"operationStart","subtype":"render","name":"locations-header","previousOperationId":"phdstkkul1lit8a","timestamp":1705313793790,"id":"rl28jt0o6wyqhv0","previousEventId":"e3ufl7vygolag6m","operationId":"hr2fbcjbfvys3fv"}
{"type":"log","timestamp":1705313793790,"level":"info","message":"Starting rendering (child) request","meta":{"rootId":"s91s7kard5tcpww","id":"eytu2hcl71ulkrs"},"id":"nlqb5b198v9v39e","previousOperationId":"hr2fbcjbfvys3fv"}
{"type":"log","timestamp":1705313793790,"level":"info","message":"Rendering template { name: locations-header, recipe: chrome-pdf, engine: handlebars, preview: true }","meta":{"rootId":"s91s7kard5tcpww","id":"eytu2hcl71ulkrs"},"id":"ydp5eo9wfdsc9ri","previousOperationId":"hr2fbcjbfvys3fv"}
{"type":"log","timestamp":1705313793791,"level":"debug","message":"Inline data specified.","meta":{"rootId":"s91s7kard5tcpww","id":"eytu2hcl71ulkrs"},"id":"crow552esypkw7u","previousOperationId":"hr2fbcjbfvys3fv"}
{"type":"log","timestamp":1705313793795,"level":"debug","message":"Base url not specified, skipping its injection.","meta":{"rootId":"s91s7kard5tcpww","id":"eytu2hcl71ulkrs"},"id":"2d924fv8c8onqiz","previousOperationId":"hr2fbcjbfvys3fv"}
{"type":"operationStart","subtype":"engine","name":"handlebars","timestamp":1705313793795,"id":"zj94x7p5s6js5vr","previousEventId":"rl28jt0o6wyqhv0","operationId":"lrc9f7i7lkqh8hz","previousOperationId":"hr2fbcjbfvys3fv"}
{"type":"log","timestamp":1705313793795,"level":"debug","message":"Rendering engine handlebars","meta":{"rootId":"s91s7kard5tcpww","id":"eytu2hcl71ulkrs"},"id":"qs1lpo9wu5kzmvq","previousOperationId":"lrc9f7i7lkqh8hz"}
{"type":"operationEnd","operationId":"lrc9f7i7lkqh8hz","timestamp":1705313793819,"id":"t8s1edtj01ev9b9","previousEventId":"zj94x7p5s6js5vr","previousOperationId":"lrc9f7i7lkqh8hz"}
{"type":"operationStart","subtype":"recipe","name":"chrome-pdf","timestamp":1705313793819,"id":"nhebgjm3yhosnho","previousEventId":"t8s1edtj01ev9b9","operationId":"1iyvsgvu39uju6n","previousOperationId":"lrc9f7i7lkqh8hz"}
{"type":"log","timestamp":1705313793819,"level":"debug","message":"Executing recipe chrome-pdf","meta":{"rootId":"s91s7kard5tcpww","id":"eytu2hcl71ulkrs"},"id":"lz6kx655nh4g3zy","previousOperationId":"1iyvsgvu39uju6n"}
{"type":"log","timestamp":1705313793821,"level":"debug","message":"Converting with chrome HeadlessChrome/117.0.5938.149 using chrome-pool strategy","meta":{"rootId":"s91s7kard5tcpww","id":"eytu2hcl71ulkrs"},"id":"zlvvodvc8rzxi6p","previousOperationId":"1iyvsgvu39uju6n"}
{"type":"log","timestamp":1705313793928,"level":"debug","message":"Page request: GET (document) file:///C:/Users/arida/AppData/Local/Temp/jsreport/autocleanup/fea4c099-edff-49eb-add7-621fe4ebe065-chrome-pdf.html","meta":{"rootId":"s91s7kard5tcpww","id":"eytu2hcl71ulkrs"},"id":"l0gnjjcfo6ytg13","previousOperationId":"1iyvsgvu39uju6n"}
{"type":"log","timestamp":1705313793939,"level":"debug","message":"Page request: GET (stylesheet) https://cdnjs.cloudflare.com/ajax/libs/metro/4.1.5/css/metro.min.css","meta":{"rootId":"s91s7kard5tcpww","id":"eytu2hcl71ulkrs"},"id":"9occqqx4v17353s","previousOperationId":"1iyvsgvu39uju6n"}
{"type":"log","timestamp":1705313793939,"level":"debug","message":"Page request finished: GET (document) 200 file:///C:/Users/arida/AppData/Local/Temp/jsreport/autocleanup/fea4c099-edff-49eb-add7-621fe4ebe065-chrome-pdf.html","meta":{"rootId":"s91s7kard5tcpww","id":"eytu2hcl71ulkrs"},"id":"yw4rg0va0v5ir5a","previousOperationId":"1iyvsgvu39uju6n"}
{"type":"log","timestamp":1705313793959,"level":"debug","message":"Page request finished: GET (stylesheet) 200 https://cdnjs.cloudflare.com/ajax/libs/metro/4.1.5/css/metro.min.css","meta":{"rootId":"s91s7kard5tcpww","id":"eytu2hcl71ulkrs"},"id":"m9zgsrat83g5yb3","previousOperationId":"1iyvsgvu39uju6n"}
{"type":"log","timestamp":1705313793979,"level":"debug","message":"Running chrome with params {\"printBackground\":true,\"marginTop\":\"1.5cm\",\"marginRight\":\"1.5cm\",\"marginLeft\":\"1.cm\",\"timeout\":59596,\"margin\":{\"top\":\"1.5cm\",\"right\":\"1.5cm\",\"left\":\"1.cm\"}}","meta":{"rootId":"s91s7kard5tcpww","id":"eytu2hcl71ulkrs"},"id":"ary3sv96iqerxel","previousOperationId":"1iyvsgvu39uju6n"}
{"type":"operationEnd","operationId":"1iyvsgvu39uju6n","timestamp":1705313794017,"id":"vx6lu14dfv314a0","previousEventId":"nhebgjm3yhosnho","previousOperationId":"1iyvsgvu39uju6n"}
{"type":"log","timestamp":1705313794017,"level":"debug","message":"Skipping storing report.","meta":{"rootId":"s91s7kard5tcpww","id":"eytu2hcl71ulkrs"},"id":"k8avjah198uvfdh","previousOperationId":"1iyvsgvu39uju6n"}
{"type":"log","timestamp":1705313794017,"level":"info","message":"Rendering (child) request finished in 600 ms","meta":{"rootId":"s91s7kard5tcpww","id":"eytu2hcl71ulkrs"},"id":"u8mgr0oy6o4sm8t","previousOperationId":"1iyvsgvu39uju6n"}
{"type":"operationEnd","subtype":"render","operationId":"hr2fbcjbfvys3fv","timestamp":1705313794017,"id":"tkotphuagg6przb","previousEventId":"vx6lu14dfv314a0","previousOperationId":"1iyvsgvu39uju6n"}
{"type":"operationEnd","operationId":"phdstkkul1lit8a","timestamp":1705313794021,"id":"w8ou14j8m0jpph0","previousEventId":"e3ufl7vygolag6m","previousOperationId":"phdstkkul1lit8a"}
{"type":"log","timestamp":1705313794021,"level":"debug","message":"pdf-utils postproces start","meta":{"rootId":"s91s7kard5tcpww","id":"s91s7kard5tcpww"},"id":"s26auu3ml1n099m","previousOperationId":"phdstkkul1lit8a"}
{"type":"log","timestamp":1705313794026,"level":"debug","message":"pdf-utils postproces end","meta":{"rootId":"s91s7kard5tcpww","id":"s91s7kard5tcpww"},"id":"xbaz7okh89qvoe0","previousOperationId":"phdstkkul1lit8a"}
{"type":"operationEnd","operationId":"zkyq0674641yq2j","timestamp":1705313794026,"id":"vxnqnxhzb218kd3","previousEventId":"w8ou14j8m0jpph0","previousOperationId":"phdstkkul1lit8a"}
{"type":"log","timestamp":1705313794026,"level":"info","message":"pdf-utils pdf processing was finished","meta":{"rootId":"s91s7kard5tcpww","id":"s91s7kard5tcpww"},"id":"92y16ajnnxozv6h","previousOperationId":"zkyq0674641yq2j"}
{"type":"log","timestamp":1705313794026,"level":"debug","message":"Skipping storing report.","meta":{"rootId":"s91s7kard5tcpww","id":"s91s7kard5tcpww"},"id":"p0o7vksi0t4x6ws","previousOperationId":"zkyq0674641yq2j"}
{"type":"log","timestamp":1705313794026,"level":"info","message":"Rendering request 23 finished in 609 ms","meta":{"rootId":"s91s7kard5tcpww","id":"s91s7kard5tcpww"},"id":"bit3co7zk058gz5","previousOperationId":"zkyq0674641yq2j"}
{"type":"operationEnd","subtype":"render","operationId":"nq5m18k511bhr8j","timestamp":1705313794026,"id":"04wfplj3bcbldoi","previousEventId":"vxnqnxhzb218kd3","previousOperationId":"zkyq0674641yq2j"}
{"type":"operationEnd","doDiffs":false,"previousEventId":"j34zk2y3yz627as","previousOperationId":"e5bstjvyh8xzqky","operationId":"e5bstjvyh8xzqky","timestamp":1705313794036,"id":"9bntsacnqynfyt5"}
