{"type":"operationStart","subtype":"profile","data":{"_id":"NGhbQSyUS35fY6tr","timestamp":"2024-01-15T10:13:42.281Z","state":"queued","mode":"standard","creationDate":"2024-01-15T10:13:42.288Z","modificationDate":"2024-01-15T10:13:42.288Z","shortid":"-E3BoIU","$entitySet":"profiles"},"doDiffs":false,"timestamp":1705313622284,"id":"ljhcpk84l4axyzq","previousOperationId":null,"operationId":"nux2k31p4gwqsox"}
{"type":"log","level":"info","message":"Render request 20 queued for execution and waiting for available worker","previousOperationId":"nux2k31p4gwqsox","timestamp":1705313622284,"id":"3nkf3ktgiv4p1m7"}
{"type":"operationStart","subtype":"render","name":"locations-main","previousOperationId":"nux2k31p4gwqsox","timestamp":1705313622317,"id":"a73jejd8uzx3esp","previousEventId":"ljhcpk84l4axyzq","operationId":"mgl7qwbqzhtkvjp"}
{"type":"log","timestamp":1705313622318,"level":"info","message":"Starting rendering request 20","meta":{"rootId":"sq8esp5bpr3eo8w","id":"sq8esp5bpr3eo8w"},"id":"iyhicng3kp2ydgg","previousOperationId":"mgl7qwbqzhtkvjp"}
{"type":"log","timestamp":1705313622318,"level":"info","message":"Rendering template { name: locations-main, recipe: chrome-pdf, engine: handlebars, preview: true }","meta":{"rootId":"sq8esp5bpr3eo8w","id":"sq8esp5bpr3eo8w"},"id":"mueqavh0vsm79fl","previousOperationId":"mgl7qwbqzhtkvjp"}
{"type":"log","timestamp":1705313622321,"level":"debug","message":"Data item not defined for this template.","meta":{"rootId":"sq8esp5bpr3eo8w","id":"sq8esp5bpr3eo8w"},"id":"jo9wumh96xxlnbi","previousOperationId":"mgl7qwbqzhtkvjp"}
{"type":"log","timestamp":1705313622341,"level":"debug","message":"Executing script locations-script (beforeRender)","meta":{"rootId":"sq8esp5bpr3eo8w","id":"sq8esp5bpr3eo8w"},"id":"6o0plcsfywm8qi8","previousOperationId":"mgl7qwbqzhtkvjp"}
{"type":"operationStart","subtype":"scriptsBeforeRender","name":"scripts beforeRender","timestamp":1705313622361,"id":"206zhsefnm4e73l","previousEventId":"a73jejd8uzx3esp","operationId":"zbhkxpxknxhs2wb","previousOperationId":"mgl7qwbqzhtkvjp"}
{"type":"operationStart","subtype":"script","name":"scripts locations-script","previousOperationId":"zbhkxpxknxhs2wb","timestamp":1705313622361,"id":"vb0v5d6jr1wjqxv","previousEventId":"206zhsefnm4e73l","operationId":"n21ciqyjw0bfzn0"}
{"type":"operationEnd","operationId":"n21ciqyjw0bfzn0","timestamp":1705313622393,"id":"oo37k2zs82xhrfb","previousEventId":"a73jejd8uzx3esp","previousOperationId":"mgl7qwbqzhtkvjp"}
{"type":"operationEnd","operationId":"zbhkxpxknxhs2wb","timestamp":1705313622393,"id":"qdbtl23ys4sm3v5","previousEventId":"oo37k2zs82xhrfb","previousOperationId":"mgl7qwbqzhtkvjp"}
{"type":"log","timestamp":1705313622393,"level":"debug","message":"Base url not specified, skipping its injection.","meta":{"rootId":"sq8esp5bpr3eo8w","id":"sq8esp5bpr3eo8w"},"id":"84vme9l6fj6tay4","previousOperationId":"zbhkxpxknxhs2wb"}
{"type":"operationStart","subtype":"engine","name":"handlebars","timestamp":1705313622394,"id":"dsw6rudr0g7iien","previousEventId":"qdbtl23ys4sm3v5","operationId":"s3msdaeqrvs7ars","previousOperationId":"zbhkxpxknxhs2wb"}
{"type":"log","timestamp":1705313622394,"level":"debug","message":"Rendering engine handlebars","meta":{"rootId":"sq8esp5bpr3eo8w","id":"sq8esp5bpr3eo8w"},"id":"edntguc4ppleecm","previousOperationId":"s3msdaeqrvs7ars"}
{"type":"operationEnd","operationId":"s3msdaeqrvs7ars","timestamp":1705313622431,"id":"l3cvh34phh6jhwz","previousEventId":"dsw6rudr0g7iien","previousOperationId":"s3msdaeqrvs7ars"}
{"type":"operationStart","subtype":"recipe","name":"chrome-pdf","timestamp":1705313622431,"id":"35g3qyrxklv70mf","previousEventId":"l3cvh34phh6jhwz","operationId":"2pk8gab8uya9f38","previousOperationId":"s3msdaeqrvs7ars"}
{"type":"log","timestamp":1705313622431,"level":"debug","message":"Executing recipe chrome-pdf","meta":{"rootId":"sq8esp5bpr3eo8w","id":"sq8esp5bpr3eo8w"},"id":"84b6twqxa1679ju","previousOperationId":"2pk8gab8uya9f38"}
{"type":"log","timestamp":1705313622438,"level":"debug","message":"Converting with chrome HeadlessChrome/117.0.5938.149 using chrome-pool strategy","meta":{"rootId":"sq8esp5bpr3eo8w","id":"sq8esp5bpr3eo8w"},"id":"cxagt7zxtl8hva3","previousOperationId":"2pk8gab8uya9f38"}
{"type":"log","timestamp":1705313622704,"level":"debug","message":"Page request: GET (document) file:///C:/Users/arida/AppData/Local/Temp/jsreport/autocleanup/f05d65ac-4f07-403d-8f6a-a92307aa9351-chrome-pdf.html","meta":{"rootId":"sq8esp5bpr3eo8w","id":"sq8esp5bpr3eo8w"},"id":"tt0l71anil6d26f","previousOperationId":"2pk8gab8uya9f38"}
{"type":"log","timestamp":1705313622748,"level":"debug","message":"Page request: GET (script) https://cdn.jsdelivr.net/npm/chart.js","meta":{"rootId":"sq8esp5bpr3eo8w","id":"sq8esp5bpr3eo8w"},"id":"66zeq1y2uhos6vv","previousOperationId":"2pk8gab8uya9f38"}
{"type":"log","timestamp":1705313622749,"level":"debug","message":"Page request finished: GET (document) 200 file:///C:/Users/arida/AppData/Local/Temp/jsreport/autocleanup/f05d65ac-4f07-403d-8f6a-a92307aa9351-chrome-pdf.html","meta":{"rootId":"sq8esp5bpr3eo8w","id":"sq8esp5bpr3eo8w"},"id":"77xspwtwnt1gh8h","previousOperationId":"2pk8gab8uya9f38"}
{"type":"log","timestamp":1705313622755,"level":"debug","message":"Page request finished: GET (script) 200 https://cdn.jsdelivr.net/npm/chart.js","meta":{"rootId":"sq8esp5bpr3eo8w","id":"sq8esp5bpr3eo8w"},"id":"457xede6um0bs3p","previousOperationId":"2pk8gab8uya9f38"}
{"type":"log","timestamp":1705313622832,"level":"warn","message":"Page error: Canvas is already in use. Chart with ID '0' must be destroyed before the canvas with ID 'miGrafico' can be reused. , stack: Error: Canvas is already in use. Chart with ID '0' must be destroyed before the canvas with ID 'miGrafico' can be reused.\n    at An (https://cdn.jsdelivr.net/npm/chart.js:19:89653)\n    at <anonymous> (file:///C:/Users/arida/AppData/Local/Temp/jsreport/autocleanup/f05d65ac-4f07-403d-8f6a-a92307aa9351-chrome-pdf.html:92:24)","meta":{"rootId":"sq8esp5bpr3eo8w","id":"sq8esp5bpr3eo8w"},"id":"fxb30grckj29xgw","previousOperationId":"2pk8gab8uya9f38"}
{"type":"log","timestamp":1705313622838,"level":"debug","message":"Running chrome with params {\"printBackground\":true,\"marginTop\":\"4cm\",\"marginRight\":\"1.5cm\",\"marginBottom\":\"1.5cm\",\"marginLeft\":\"1.5cm\",\"waitForJS\":false,\"timeout\":59843,\"margin\":{\"top\":\"4cm\",\"right\":\"1.5cm\",\"bottom\":\"1.5cm\",\"left\":\"1.5cm\"}}","meta":{"rootId":"sq8esp5bpr3eo8w","id":"sq8esp5bpr3eo8w"},"id":"o7n8skl0m6z2se6","previousOperationId":"2pk8gab8uya9f38"}
{"type":"operationEnd","operationId":"2pk8gab8uya9f38","timestamp":1705313622857,"id":"w4ec8w65n7s5zn3","previousEventId":"35g3qyrxklv70mf","previousOperationId":"2pk8gab8uya9f38"}
{"type":"log","timestamp":1705313622857,"level":"info","message":"pdf-utils is starting pdf processing","meta":{"rootId":"sq8esp5bpr3eo8w","id":"sq8esp5bpr3eo8w"},"id":"trm9oycd0qsc2tk","previousOperationId":"2pk8gab8uya9f38"}
{"type":"operationStart","subtype":"pdfUtils","name":"pdf utils","timestamp":1705313622857,"id":"p31scxwf7pzjfgq","previousEventId":"w4ec8w65n7s5zn3","operationId":"sd9m8ouuts8asev","previousOperationId":"2pk8gab8uya9f38"}
{"type":"log","timestamp":1705313622857,"level":"debug","message":"pdf-utils detected 1 pdf operation(s) to process","meta":{"rootId":"sq8esp5bpr3eo8w","id":"sq8esp5bpr3eo8w"},"id":"ts3dqv89p54j5n0","previousOperationId":"sd9m8ouuts8asev"}
{"type":"log","timestamp":1705313622864,"level":"debug","message":"pdf-utils running pdf operation merge","meta":{"rootId":"sq8esp5bpr3eo8w","id":"sq8esp5bpr3eo8w"},"id":"aln7cgzztz4bu92","previousOperationId":"sd9m8ouuts8asev"}
{"type":"operationStart","subtype":"pdfUtilsMerge","name":"pdf utils merge","previousOperationId":"sd9m8ouuts8asev","timestamp":1705313622864,"id":"5k0stj383lckeq1","previousEventId":"p31scxwf7pzjfgq","operationId":"hnfuu1pbnxntg80"}
{"type":"operationStart","subtype":"render","name":"locations-header","previousOperationId":"hnfuu1pbnxntg80","timestamp":1705313622866,"id":"sdlkgakv9n2l974","previousEventId":"5k0stj383lckeq1","operationId":"agz4u7gbt1m32i1"}
{"type":"log","timestamp":1705313622866,"level":"info","message":"Starting rendering (child) request","meta":{"rootId":"sq8esp5bpr3eo8w","id":"f01fv8dbfrkk8z4"},"id":"sg167hpv0brwkrs","previousOperationId":"agz4u7gbt1m32i1"}
{"type":"log","timestamp":1705313622866,"level":"info","message":"Rendering template { name: locations-header, recipe: chrome-pdf, engine: handlebars, preview: true }","meta":{"rootId":"sq8esp5bpr3eo8w","id":"f01fv8dbfrkk8z4"},"id":"y4bo7txsagm99c8","previousOperationId":"agz4u7gbt1m32i1"}
{"type":"log","timestamp":1705313622868,"level":"debug","message":"Inline data specified.","meta":{"rootId":"sq8esp5bpr3eo8w","id":"f01fv8dbfrkk8z4"},"id":"dgnp1kclszkcfzn","previousOperationId":"agz4u7gbt1m32i1"}
{"type":"log","timestamp":1705313622871,"level":"debug","message":"Base url not specified, skipping its injection.","meta":{"rootId":"sq8esp5bpr3eo8w","id":"f01fv8dbfrkk8z4"},"id":"zhz4nxghlfijjf2","previousOperationId":"agz4u7gbt1m32i1"}
{"type":"operationStart","subtype":"engine","name":"handlebars","timestamp":1705313622871,"id":"yd3ur4p8lwg2rws","previousEventId":"sdlkgakv9n2l974","operationId":"2thkydgn5hkxj8p","previousOperationId":"agz4u7gbt1m32i1"}
{"type":"log","timestamp":1705313622871,"level":"debug","message":"Rendering engine handlebars","meta":{"rootId":"sq8esp5bpr3eo8w","id":"f01fv8dbfrkk8z4"},"id":"bp2k1zoazcce1ru","previousOperationId":"2thkydgn5hkxj8p"}
{"type":"operationEnd","operationId":"2thkydgn5hkxj8p","timestamp":1705313622893,"id":"naqk82xj9kklxji","previousEventId":"yd3ur4p8lwg2rws","previousOperationId":"2thkydgn5hkxj8p"}
{"type":"operationStart","subtype":"recipe","name":"chrome-pdf","timestamp":1705313622893,"id":"x55divsd1mehf0z","previousEventId":"naqk82xj9kklxji","operationId":"r3iacl9s1wr90d4","previousOperationId":"2thkydgn5hkxj8p"}
{"type":"log","timestamp":1705313622893,"level":"debug","message":"Executing recipe chrome-pdf","meta":{"rootId":"sq8esp5bpr3eo8w","id":"f01fv8dbfrkk8z4"},"id":"a6xryq2t42ag7jn","previousOperationId":"r3iacl9s1wr90d4"}
{"type":"log","timestamp":1705313622896,"level":"debug","message":"Converting with chrome HeadlessChrome/117.0.5938.149 using chrome-pool strategy","meta":{"rootId":"sq8esp5bpr3eo8w","id":"f01fv8dbfrkk8z4"},"id":"2t7hllqvej227ru","previousOperationId":"r3iacl9s1wr90d4"}
{"type":"log","timestamp":1705313623004,"level":"debug","message":"Page request: GET (document) file:///C:/Users/arida/AppData/Local/Temp/jsreport/autocleanup/a86940c4-2a4e-43a3-9e36-b05f18bb5ab4-chrome-pdf.html","meta":{"rootId":"sq8esp5bpr3eo8w","id":"f01fv8dbfrkk8z4"},"id":"jmx0hw6f91j4o0z","previousOperationId":"r3iacl9s1wr90d4"}
{"type":"log","timestamp":1705313623017,"level":"debug","message":"Page request: GET (stylesheet) https://cdnjs.cloudflare.com/ajax/libs/metro/4.1.5/css/metro.min.css","meta":{"rootId":"sq8esp5bpr3eo8w","id":"f01fv8dbfrkk8z4"},"id":"zla2je2m5lg5hdu","previousOperationId":"r3iacl9s1wr90d4"}
{"type":"log","timestamp":1705313623017,"level":"debug","message":"Page request finished: GET (document) 200 file:///C:/Users/arida/AppData/Local/Temp/jsreport/autocleanup/a86940c4-2a4e-43a3-9e36-b05f18bb5ab4-chrome-pdf.html","meta":{"rootId":"sq8esp5bpr3eo8w","id":"f01fv8dbfrkk8z4"},"id":"hs82w67yr3razn7","previousOperationId":"r3iacl9s1wr90d4"}
{"type":"log","timestamp":1705313623033,"level":"debug","message":"Page request finished: GET (stylesheet) 200 https://cdnjs.cloudflare.com/ajax/libs/metro/4.1.5/css/metro.min.css","meta":{"rootId":"sq8esp5bpr3eo8w","id":"f01fv8dbfrkk8z4"},"id":"aw527s2aatyqfm8","previousOperationId":"r3iacl9s1wr90d4"}
{"type":"log","timestamp":1705313623051,"level":"debug","message":"Running chrome with params {\"printBackground\":true,\"marginTop\":\"1.5cm\",\"marginRight\":\"1.5cm\",\"marginLeft\":\"1.cm\",\"timeout\":59384,\"margin\":{\"top\":\"1.5cm\",\"right\":\"1.5cm\",\"left\":\"1.cm\"}}","meta":{"rootId":"sq8esp5bpr3eo8w","id":"f01fv8dbfrkk8z4"},"id":"oqb8h01xs85gi42","previousOperationId":"r3iacl9s1wr90d4"}
{"type":"operationEnd","operationId":"r3iacl9s1wr90d4","timestamp":1705313623087,"id":"h6eayffbr4gxj82","previousEventId":"x55divsd1mehf0z","previousOperationId":"r3iacl9s1wr90d4"}
{"type":"log","timestamp":1705313623087,"level":"debug","message":"Skipping storing report.","meta":{"rootId":"sq8esp5bpr3eo8w","id":"f01fv8dbfrkk8z4"},"id":"geu8fysa905bfxo","previousOperationId":"r3iacl9s1wr90d4"}
{"type":"log","timestamp":1705313623087,"level":"info","message":"Rendering (child) request finished in 808 ms","meta":{"rootId":"sq8esp5bpr3eo8w","id":"f01fv8dbfrkk8z4"},"id":"ovn65o3y8u5e45g","previousOperationId":"r3iacl9s1wr90d4"}
{"type":"operationEnd","subtype":"render","operationId":"agz4u7gbt1m32i1","timestamp":1705313623087,"id":"nzl6thv2u7qkyj7","previousEventId":"h6eayffbr4gxj82","previousOperationId":"r3iacl9s1wr90d4"}
{"type":"operationEnd","operationId":"hnfuu1pbnxntg80","timestamp":1705313623092,"id":"h1eiyy5y62y2hb5","previousEventId":"5k0stj383lckeq1","previousOperationId":"hnfuu1pbnxntg80"}
{"type":"log","timestamp":1705313623092,"level":"debug","message":"pdf-utils postproces start","meta":{"rootId":"sq8esp5bpr3eo8w","id":"sq8esp5bpr3eo8w"},"id":"mho0gdbvl6948se","previousOperationId":"hnfuu1pbnxntg80"}
{"type":"log","timestamp":1705313623097,"level":"debug","message":"pdf-utils postproces end","meta":{"rootId":"sq8esp5bpr3eo8w","id":"sq8esp5bpr3eo8w"},"id":"htnggpgiph4w9b7","previousOperationId":"hnfuu1pbnxntg80"}
{"type":"operationEnd","operationId":"sd9m8ouuts8asev","timestamp":1705313623097,"id":"01bfod04tqdw2wg","previousEventId":"h1eiyy5y62y2hb5","previousOperationId":"hnfuu1pbnxntg80"}
{"type":"log","timestamp":1705313623097,"level":"info","message":"pdf-utils pdf processing was finished","meta":{"rootId":"sq8esp5bpr3eo8w","id":"sq8esp5bpr3eo8w"},"id":"iqi29hizhnxhqr9","previousOperationId":"sd9m8ouuts8asev"}
{"type":"log","timestamp":1705313623097,"level":"debug","message":"Skipping storing report.","meta":{"rootId":"sq8esp5bpr3eo8w","id":"sq8esp5bpr3eo8w"},"id":"awtfdq0k2w4k99c","previousOperationId":"sd9m8ouuts8asev"}
{"type":"log","timestamp":1705313623097,"level":"info","message":"Rendering request 20 finished in 818 ms","meta":{"rootId":"sq8esp5bpr3eo8w","id":"sq8esp5bpr3eo8w"},"id":"h35asnh9itmx6b5","previousOperationId":"sd9m8ouuts8asev"}
{"type":"operationEnd","subtype":"render","operationId":"mgl7qwbqzhtkvjp","timestamp":1705313623097,"id":"p3pq5ljsttobddt","previousEventId":"01bfod04tqdw2wg","previousOperationId":"sd9m8ouuts8asev"}
{"type":"operationEnd","doDiffs":false,"previousEventId":"ljhcpk84l4axyzq","previousOperationId":"nux2k31p4gwqsox","operationId":"nux2k31p4gwqsox","timestamp":1705313623105,"id":"2ksypakz4p7kz9f"}
