{"type":"operationStart","subtype":"profile","data":{"_id":"8zeGWPePHVdm5bWE","timestamp":"2024-01-15T18:29:45.477Z","state":"queued","mode":"standard","creationDate":"2024-01-15T18:29:45.479Z","modificationDate":"2024-01-15T18:29:45.479Z","shortid":"T6ALhGe","$entitySet":"profiles"},"doDiffs":false,"timestamp":1705343385478,"id":"gk313p5djar7i1r","previousOperationId":null,"operationId":"2qrjlxdv5axkyrf"}
{"type":"log","level":"info","message":"Render request 40 queued for execution and waiting for available worker","previousOperationId":"2qrjlxdv5axkyrf","timestamp":1705343385478,"id":"z9n51l1lyzdz35t"}
{"type":"operationStart","subtype":"render","name":"locations-main","previousOperationId":"2qrjlxdv5axkyrf","timestamp":1705343385495,"id":"lp0op79b42vygc6","previousEventId":"gk313p5djar7i1r","operationId":"y04swbafrow2ygp"}
{"type":"log","timestamp":1705343385495,"level":"info","message":"Starting rendering request 40","meta":{"rootId":"stqe9mp09w82b0j","id":"stqe9mp09w82b0j"},"id":"a5othcaycvtktkf","previousOperationId":"y04swbafrow2ygp"}
{"type":"log","timestamp":1705343385495,"level":"info","message":"Rendering template { name: locations-main, recipe: chrome-pdf, engine: handlebars, preview: true }","meta":{"rootId":"stqe9mp09w82b0j","id":"stqe9mp09w82b0j"},"id":"dpkewunb0eazkh6","previousOperationId":"y04swbafrow2ygp"}
{"type":"log","timestamp":1705343385496,"level":"debug","message":"Data item not defined for this template.","meta":{"rootId":"stqe9mp09w82b0j","id":"stqe9mp09w82b0j"},"id":"f4wd361b7475wej","previousOperationId":"y04swbafrow2ygp"}
{"type":"log","timestamp":1705343385499,"level":"debug","message":"Executing script locations-script (beforeRender)","meta":{"rootId":"stqe9mp09w82b0j","id":"stqe9mp09w82b0j"},"id":"afcs76w6obal1jy","previousOperationId":"y04swbafrow2ygp"}
{"type":"operationStart","subtype":"scriptsBeforeRender","name":"scripts beforeRender","timestamp":1705343385511,"id":"kzzkaueqyhw7v2j","previousEventId":"lp0op79b42vygc6","operationId":"h8gg659r5cl5c97","previousOperationId":"y04swbafrow2ygp"}
{"type":"operationStart","subtype":"script","name":"scripts locations-script","previousOperationId":"h8gg659r5cl5c97","timestamp":1705343385511,"id":"v3vu2lmza95tulp","previousEventId":"kzzkaueqyhw7v2j","operationId":"sre5uh63zjbvkyf"}
{"type":"operationEnd","operationId":"sre5uh63zjbvkyf","timestamp":1705343385525,"id":"1bhaca1dp3ylka6","previousEventId":"lp0op79b42vygc6","previousOperationId":"y04swbafrow2ygp"}
{"type":"operationEnd","operationId":"h8gg659r5cl5c97","timestamp":1705343385525,"id":"fcbsd9zocfyakfv","previousEventId":"1bhaca1dp3ylka6","previousOperationId":"y04swbafrow2ygp"}
{"type":"log","timestamp":1705343385525,"level":"debug","message":"Base url not specified, skipping its injection.","meta":{"rootId":"stqe9mp09w82b0j","id":"stqe9mp09w82b0j"},"id":"ur2id3wto233ylp","previousOperationId":"h8gg659r5cl5c97"}
{"type":"operationStart","subtype":"engine","name":"handlebars","timestamp":1705343385525,"id":"8vrd61ylkvyee2d","previousEventId":"fcbsd9zocfyakfv","operationId":"kr1yvg7uuctup0d","previousOperationId":"h8gg659r5cl5c97"}
{"type":"log","timestamp":1705343385525,"level":"debug","message":"Rendering engine handlebars","meta":{"rootId":"stqe9mp09w82b0j","id":"stqe9mp09w82b0j"},"id":"jcmj7lushfrd4tf","previousOperationId":"kr1yvg7uuctup0d"}
{"type":"operationEnd","operationId":"kr1yvg7uuctup0d","timestamp":1705343385542,"id":"zd85rwsimzdcd0u","previousEventId":"8vrd61ylkvyee2d","previousOperationId":"kr1yvg7uuctup0d"}
{"type":"operationStart","subtype":"recipe","name":"chrome-pdf","timestamp":1705343385542,"id":"pptr3n4rvtt7n08","previousEventId":"zd85rwsimzdcd0u","operationId":"rn4q6h4hnw5u96g","previousOperationId":"kr1yvg7uuctup0d"}
{"type":"log","timestamp":1705343385542,"level":"debug","message":"Executing recipe chrome-pdf","meta":{"rootId":"stqe9mp09w82b0j","id":"stqe9mp09w82b0j"},"id":"cng98prbwgka1mp","previousOperationId":"rn4q6h4hnw5u96g"}
{"type":"log","timestamp":1705343385545,"level":"debug","message":"Converting with chrome HeadlessChrome/117.0.5938.149 using chrome-pool strategy","meta":{"rootId":"stqe9mp09w82b0j","id":"stqe9mp09w82b0j"},"id":"qdu748ogskgejjq","previousOperationId":"rn4q6h4hnw5u96g"}
{"type":"log","timestamp":1705343385677,"level":"debug","message":"Page request: GET (document) file:///C:/Users/arida/AppData/Local/Temp/jsreport/autocleanup/43c55f9c-40f5-4a1f-9fe0-7eeff8a1d90c-chrome-pdf.html","meta":{"rootId":"stqe9mp09w82b0j","id":"stqe9mp09w82b0j"},"id":"pummjyltr7rxbdm","previousOperationId":"rn4q6h4hnw5u96g"}
{"type":"log","timestamp":1705343385704,"level":"debug","message":"Page request: GET (script) https://cdnjs.cloudflare.com/ajax/libs/Chart.js/2.7.2/Chart.min.js","meta":{"rootId":"stqe9mp09w82b0j","id":"stqe9mp09w82b0j"},"id":"5pz6robrbblo6el","previousOperationId":"rn4q6h4hnw5u96g"}
{"type":"log","timestamp":1705343385705,"level":"debug","message":"Page request finished: GET (document) 200 file:///C:/Users/arida/AppData/Local/Temp/jsreport/autocleanup/43c55f9c-40f5-4a1f-9fe0-7eeff8a1d90c-chrome-pdf.html","meta":{"rootId":"stqe9mp09w82b0j","id":"stqe9mp09w82b0j"},"id":"l0xd18e1kmput9h","previousOperationId":"rn4q6h4hnw5u96g"}
{"type":"log","timestamp":1705343385711,"level":"debug","message":"Page request finished: GET (script) 200 https://cdnjs.cloudflare.com/ajax/libs/Chart.js/2.7.2/Chart.min.js","meta":{"rootId":"stqe9mp09w82b0j","id":"stqe9mp09w82b0j"},"id":"9dripm7rlv12szw","previousOperationId":"rn4q6h4hnw5u96g"}
{"type":"log","timestamp":1705343385718,"level":"debug","message":"(console:log) hola","meta":{"userLevel":true,"rootId":"stqe9mp09w82b0j","id":"stqe9mp09w82b0j"},"id":"we7134qnmf1gkkh","previousOperationId":"rn4q6h4hnw5u96g"}
{"type":"log","timestamp":1705343385734,"level":"debug","message":"Running chrome with params {\"printBackground\":true,\"marginTop\":\"4cm\",\"marginRight\":\"1.5cm\",\"marginBottom\":\"1.5cm\",\"marginLeft\":\"1.5cm\",\"waitForJS\":false,\"timeout\":59931,\"margin\":{\"top\":\"4cm\",\"right\":\"1.5cm\",\"bottom\":\"1.5cm\",\"left\":\"1.5cm\"}}","meta":{"rootId":"stqe9mp09w82b0j","id":"stqe9mp09w82b0j"},"id":"ojftvjykge6054w","previousOperationId":"rn4q6h4hnw5u96g"}
{"type":"operationEnd","operationId":"rn4q6h4hnw5u96g","timestamp":1705343385784,"id":"hhwo5v4nlmveb6c","previousEventId":"pptr3n4rvtt7n08","previousOperationId":"rn4q6h4hnw5u96g"}
{"type":"log","timestamp":1705343385784,"level":"info","message":"pdf-utils is starting pdf processing","meta":{"rootId":"stqe9mp09w82b0j","id":"stqe9mp09w82b0j"},"id":"fbkc0gmzu4mqkq4","previousOperationId":"rn4q6h4hnw5u96g"}
{"type":"operationStart","subtype":"pdfUtils","name":"pdf utils","timestamp":1705343385784,"id":"3xvy9v2k9sp83ck","previousEventId":"hhwo5v4nlmveb6c","operationId":"9g71p8uar3d16qx","previousOperationId":"rn4q6h4hnw5u96g"}
{"type":"log","timestamp":1705343385784,"level":"debug","message":"pdf-utils detected 1 pdf operation(s) to process","meta":{"rootId":"stqe9mp09w82b0j","id":"stqe9mp09w82b0j"},"id":"cmge7v4kib5rb58","previousOperationId":"9g71p8uar3d16qx"}
{"type":"log","timestamp":1705343385799,"level":"debug","message":"pdf-utils running pdf operation merge","meta":{"rootId":"stqe9mp09w82b0j","id":"stqe9mp09w82b0j"},"id":"1prngyk5xyrinxg","previousOperationId":"9g71p8uar3d16qx"}
{"type":"operationStart","subtype":"pdfUtilsMerge","name":"pdf utils merge","previousOperationId":"9g71p8uar3d16qx","timestamp":1705343385799,"id":"pwpfqxxxw678u6d","previousEventId":"3xvy9v2k9sp83ck","operationId":"ajpre9tslcy39hw"}
{"type":"operationStart","subtype":"render","name":"locations-header","previousOperationId":"ajpre9tslcy39hw","timestamp":1705343385800,"id":"7kqns6jwh7q7vl1","previousEventId":"pwpfqxxxw678u6d","operationId":"8ptr8o29r75wlf0"}
{"type":"log","timestamp":1705343385800,"level":"info","message":"Starting rendering (child) request","meta":{"rootId":"stqe9mp09w82b0j","id":"5l37179w23kfeb5"},"id":"umz4ijtgpssshbh","previousOperationId":"8ptr8o29r75wlf0"}
{"type":"log","timestamp":1705343385800,"level":"info","message":"Rendering template { name: locations-header, recipe: chrome-pdf, engine: handlebars, preview: true }","meta":{"rootId":"stqe9mp09w82b0j","id":"5l37179w23kfeb5"},"id":"51td5tnhk1l3s66","previousOperationId":"8ptr8o29r75wlf0"}
{"type":"log","timestamp":1705343385801,"level":"debug","message":"Inline data specified.","meta":{"rootId":"stqe9mp09w82b0j","id":"5l37179w23kfeb5"},"id":"vezdy1ska6sx81j","previousOperationId":"8ptr8o29r75wlf0"}
{"type":"log","timestamp":1705343385806,"level":"debug","message":"Base url not specified, skipping its injection.","meta":{"rootId":"stqe9mp09w82b0j","id":"5l37179w23kfeb5"},"id":"y6stx6trhn6i0z0","previousOperationId":"8ptr8o29r75wlf0"}
{"type":"operationStart","subtype":"engine","name":"handlebars","timestamp":1705343385806,"id":"qwg9hakohsd88uc","previousEventId":"7kqns6jwh7q7vl1","operationId":"7l37wuhdieow3zk","previousOperationId":"8ptr8o29r75wlf0"}
{"type":"log","timestamp":1705343385806,"level":"debug","message":"Rendering engine handlebars","meta":{"rootId":"stqe9mp09w82b0j","id":"5l37179w23kfeb5"},"id":"kyodyhaagc0okki","previousOperationId":"7l37wuhdieow3zk"}
{"type":"operationEnd","operationId":"7l37wuhdieow3zk","timestamp":1705343385831,"id":"kypp5668dpt39yv","previousEventId":"qwg9hakohsd88uc","previousOperationId":"7l37wuhdieow3zk"}
{"type":"operationStart","subtype":"recipe","name":"chrome-pdf","timestamp":1705343385831,"id":"mzsm4xi4gleuio5","previousEventId":"kypp5668dpt39yv","operationId":"o4aebwa70q6lw0s","previousOperationId":"7l37wuhdieow3zk"}
{"type":"log","timestamp":1705343385831,"level":"debug","message":"Executing recipe chrome-pdf","meta":{"rootId":"stqe9mp09w82b0j","id":"5l37179w23kfeb5"},"id":"v2r3ujpaeezm9a4","previousOperationId":"o4aebwa70q6lw0s"}
{"type":"log","timestamp":1705343385834,"level":"debug","message":"Converting with chrome HeadlessChrome/117.0.5938.149 using chrome-pool strategy","meta":{"rootId":"stqe9mp09w82b0j","id":"5l37179w23kfeb5"},"id":"zh1rio38kzxgq21","previousOperationId":"o4aebwa70q6lw0s"}
{"type":"log","timestamp":1705343385976,"level":"debug","message":"Page request: GET (document) file:///C:/Users/arida/AppData/Local/Temp/jsreport/autocleanup/8997e310-bcc9-4e18-8f46-f86d30139375-chrome-pdf.html","meta":{"rootId":"stqe9mp09w82b0j","id":"5l37179w23kfeb5"},"id":"fyr6zl4p8rnpclf","previousOperationId":"o4aebwa70q6lw0s"}
{"type":"log","timestamp":1705343385991,"level":"debug","message":"Page request: GET (stylesheet) https://cdnjs.cloudflare.com/ajax/libs/metro/4.1.5/css/metro.min.css","meta":{"rootId":"stqe9mp09w82b0j","id":"5l37179w23kfeb5"},"id":"kmwljmnrzet9krn","previousOperationId":"o4aebwa70q6lw0s"}
{"type":"log","timestamp":1705343385991,"level":"debug","message":"Page request finished: GET (document) 200 file:///C:/Users/arida/AppData/Local/Temp/jsreport/autocleanup/8997e310-bcc9-4e18-8f46-f86d30139375-chrome-pdf.html","meta":{"rootId":"stqe9mp09w82b0j","id":"5l37179w23kfeb5"},"id":"vwck2xa8s7f6y48","previousOperationId":"o4aebwa70q6lw0s"}
{"type":"log","timestamp":1705343386014,"level":"debug","message":"Page request finished: GET (stylesheet) 200 https://cdnjs.cloudflare.com/ajax/libs/metro/4.1.5/css/metro.min.css","meta":{"rootId":"stqe9mp09w82b0j","id":"5l37179w23kfeb5"},"id":"wt809y34q3i1rpn","previousOperationId":"o4aebwa70q6lw0s"}
{"type":"log","timestamp":1705343386038,"level":"debug","message":"Running chrome with params {\"printBackground\":true,\"marginTop\":\"1.5cm\",\"marginRight\":\"1.5cm\",\"marginLeft\":\"1.cm\",\"timeout\":59644,\"margin\":{\"top\":\"1.5cm\",\"right\":\"1.5cm\",\"left\":\"1.cm\"}}","meta":{"rootId":"stqe9mp09w82b0j","id":"5l37179w23kfeb5"},"id":"lc3m4g70uzblzt8","previousOperationId":"o4aebwa70q6lw0s"}
{"type":"operationEnd","operationId":"o4aebwa70q6lw0s","timestamp":1705343386091,"id":"ahppqlw7so9ziv1","previousEventId":"mzsm4xi4gleuio5","previousOperationId":"o4aebwa70q6lw0s"}
{"type":"log","timestamp":1705343386092,"level":"debug","message":"Skipping storing report.","meta":{"rootId":"stqe9mp09w82b0j","id":"5l37179w23kfeb5"},"id":"qsz484nts0dy0f1","previousOperationId":"o4aebwa70q6lw0s"}
{"type":"log","timestamp":1705343386092,"level":"info","message":"Rendering (child) request finished in 616 ms","meta":{"rootId":"stqe9mp09w82b0j","id":"5l37179w23kfeb5"},"id":"jwy54y4vdrp72za","previousOperationId":"o4aebwa70q6lw0s"}
{"type":"operationEnd","subtype":"render","operationId":"8ptr8o29r75wlf0","timestamp":1705343386092,"id":"vumf1ovv5k0dyoy","previousEventId":"ahppqlw7so9ziv1","previousOperationId":"o4aebwa70q6lw0s"}
{"type":"operationEnd","operationId":"ajpre9tslcy39hw","timestamp":1705343386101,"id":"8klilkweitgor4i","previousEventId":"pwpfqxxxw678u6d","previousOperationId":"ajpre9tslcy39hw"}
{"type":"log","timestamp":1705343386101,"level":"debug","message":"pdf-utils postproces start","meta":{"rootId":"stqe9mp09w82b0j","id":"stqe9mp09w82b0j"},"id":"edlqe6d87vtx779","previousOperationId":"ajpre9tslcy39hw"}
{"type":"log","timestamp":1705343386112,"level":"debug","message":"pdf-utils postproces end","meta":{"rootId":"stqe9mp09w82b0j","id":"stqe9mp09w82b0j"},"id":"0b0jsi44iq5t83e","previousOperationId":"ajpre9tslcy39hw"}
{"type":"operationEnd","operationId":"9g71p8uar3d16qx","timestamp":1705343386112,"id":"4r8eh9d4d01hg1f","previousEventId":"8klilkweitgor4i","previousOperationId":"ajpre9tslcy39hw"}
{"type":"log","timestamp":1705343386112,"level":"info","message":"pdf-utils pdf processing was finished","meta":{"rootId":"stqe9mp09w82b0j","id":"stqe9mp09w82b0j"},"id":"qt9d10q1g71zwew","previousOperationId":"9g71p8uar3d16qx"}
{"type":"log","timestamp":1705343386112,"level":"debug","message":"Skipping storing report.","meta":{"rootId":"stqe9mp09w82b0j","id":"stqe9mp09w82b0j"},"id":"9z4b4rczwerrl4u","previousOperationId":"9g71p8uar3d16qx"}
{"type":"log","timestamp":1705343386112,"level":"info","message":"Rendering request 40 finished in 636 ms","meta":{"rootId":"stqe9mp09w82b0j","id":"stqe9mp09w82b0j"},"id":"dkkqbih24vyztky","previousOperationId":"9g71p8uar3d16qx"}
{"type":"operationEnd","subtype":"render","operationId":"y04swbafrow2ygp","timestamp":1705343386112,"id":"8t3frplavvleszu","previousEventId":"4r8eh9d4d01hg1f","previousOperationId":"9g71p8uar3d16qx"}
{"type":"operationEnd","doDiffs":false,"previousEventId":"gk313p5djar7i1r","previousOperationId":"2qrjlxdv5axkyrf","operationId":"2qrjlxdv5axkyrf","timestamp":1705343386123,"id":"9lafv2sicgpxx4i"}
