{"type":"operationStart","subtype":"profile","data":{"_id":"2GVXEGEKSN9kScrr","timestamp":"2024-01-15T10:14:59.414Z","state":"queued","mode":"standard","creationDate":"2024-01-15T10:14:59.420Z","modificationDate":"2024-01-15T10:14:59.420Z","shortid":"fFsq28p","$entitySet":"profiles"},"doDiffs":false,"timestamp":1705313699417,"id":"kki3vh5jdvvdukw","previousOperationId":null,"operationId":"a1v5mue2oj137nm"}
{"type":"log","level":"info","message":"Render request 21 queued for execution and waiting for available worker","previousOperationId":"a1v5mue2oj137nm","timestamp":1705313699418,"id":"qtobwsv5r4d2qb6"}
{"type":"operationStart","subtype":"render","name":"locations-main","previousOperationId":"a1v5mue2oj137nm","timestamp":1705313699449,"id":"427dxqgdm7ciysn","previousEventId":"kki3vh5jdvvdukw","operationId":"n4i1bp6bm390lq2"}
{"type":"log","timestamp":1705313699449,"level":"info","message":"Starting rendering request 21","meta":{"rootId":"t03g7k7ml58rea0","id":"t03g7k7ml58rea0"},"id":"1zdga0jxs5kpk22","previousOperationId":"n4i1bp6bm390lq2"}
{"type":"log","timestamp":1705313699449,"level":"info","message":"Rendering template { name: locations-main, recipe: chrome-pdf, engine: handlebars, preview: true }","meta":{"rootId":"t03g7k7ml58rea0","id":"t03g7k7ml58rea0"},"id":"ngljzpgqj7sal0z","previousOperationId":"n4i1bp6bm390lq2"}
{"type":"log","timestamp":1705313699453,"level":"debug","message":"Data item not defined for this template.","meta":{"rootId":"t03g7k7ml58rea0","id":"t03g7k7ml58rea0"},"id":"50p928e2vujxhnp","previousOperationId":"n4i1bp6bm390lq2"}
{"type":"log","timestamp":1705313699463,"level":"debug","message":"Executing script locations-script (beforeRender)","meta":{"rootId":"t03g7k7ml58rea0","id":"t03g7k7ml58rea0"},"id":"jagwa3axkvctuwf","previousOperationId":"n4i1bp6bm390lq2"}
{"type":"operationStart","subtype":"scriptsBeforeRender","name":"scripts beforeRender","timestamp":1705313699485,"id":"ofq60lhm0dm9qk9","previousEventId":"427dxqgdm7ciysn","operationId":"8mhcrowugvzgq43","previousOperationId":"n4i1bp6bm390lq2"}
{"type":"operationStart","subtype":"script","name":"scripts locations-script","previousOperationId":"8mhcrowugvzgq43","timestamp":1705313699485,"id":"ip5y78j10653qa1","previousEventId":"ofq60lhm0dm9qk9","operationId":"doon52x215tb4mo"}
{"type":"operationEnd","operationId":"doon52x215tb4mo","timestamp":1705313699515,"id":"8dytw3s4ed7vql1","previousEventId":"427dxqgdm7ciysn","previousOperationId":"n4i1bp6bm390lq2"}
{"type":"operationEnd","operationId":"8mhcrowugvzgq43","timestamp":1705313699515,"id":"6f22tipz4axaavw","previousEventId":"8dytw3s4ed7vql1","previousOperationId":"n4i1bp6bm390lq2"}
{"type":"log","timestamp":1705313699515,"level":"debug","message":"Base url not specified, skipping its injection.","meta":{"rootId":"t03g7k7ml58rea0","id":"t03g7k7ml58rea0"},"id":"ipjkq0r4jgkg2vo","previousOperationId":"8mhcrowugvzgq43"}
{"type":"operationStart","subtype":"engine","name":"handlebars","timestamp":1705313699515,"id":"r4yqzr6r3lboi4w","previousEventId":"6f22tipz4axaavw","operationId":"em7gbp2bvmepmkr","previousOperationId":"8mhcrowugvzgq43"}
{"type":"log","timestamp":1705313699515,"level":"debug","message":"Rendering engine handlebars","meta":{"rootId":"t03g7k7ml58rea0","id":"t03g7k7ml58rea0"},"id":"8p3kvkhgf0tjb44","previousOperationId":"em7gbp2bvmepmkr"}
{"type":"operationEnd","operationId":"em7gbp2bvmepmkr","timestamp":1705313699565,"id":"3c4aqz46evehavf","previousEventId":"r4yqzr6r3lboi4w","previousOperationId":"em7gbp2bvmepmkr"}
{"type":"operationStart","subtype":"recipe","name":"chrome-pdf","timestamp":1705313699566,"id":"xsg5l3xqri6hdef","previousEventId":"3c4aqz46evehavf","operationId":"1dmvl58793seeei","previousOperationId":"em7gbp2bvmepmkr"}
{"type":"log","timestamp":1705313699566,"level":"debug","message":"Executing recipe chrome-pdf","meta":{"rootId":"t03g7k7ml58rea0","id":"t03g7k7ml58rea0"},"id":"a9kkn1u9wq0hisl","previousOperationId":"1dmvl58793seeei"}
{"type":"log","timestamp":1705313699573,"level":"debug","message":"Converting with chrome HeadlessChrome/117.0.5938.149 using chrome-pool strategy","meta":{"rootId":"t03g7k7ml58rea0","id":"t03g7k7ml58rea0"},"id":"4jpbiiv62fv4x73","previousOperationId":"1dmvl58793seeei"}
{"type":"log","timestamp":1705313699811,"level":"debug","message":"Page request: GET (document) file:///C:/Users/arida/AppData/Local/Temp/jsreport/autocleanup/32bda9f3-6cad-4bb1-b464-3c2dcaa7854c-chrome-pdf.html","meta":{"rootId":"t03g7k7ml58rea0","id":"t03g7k7ml58rea0"},"id":"6f7olmtl07ph0bt","previousOperationId":"1dmvl58793seeei"}
{"type":"log","timestamp":1705313699845,"level":"debug","message":"Page request: GET (script) https://cdn.jsdelivr.net/npm/chart.js","meta":{"rootId":"t03g7k7ml58rea0","id":"t03g7k7ml58rea0"},"id":"kaa25aymuyvj59f","previousOperationId":"1dmvl58793seeei"}
{"type":"log","timestamp":1705313699846,"level":"debug","message":"Page request finished: GET (document) 200 file:///C:/Users/arida/AppData/Local/Temp/jsreport/autocleanup/32bda9f3-6cad-4bb1-b464-3c2dcaa7854c-chrome-pdf.html","meta":{"rootId":"t03g7k7ml58rea0","id":"t03g7k7ml58rea0"},"id":"uwmaje6llnp6wl3","previousOperationId":"1dmvl58793seeei"}
{"type":"log","timestamp":1705313699851,"level":"debug","message":"Page request finished: GET (script) 200 https://cdn.jsdelivr.net/npm/chart.js","meta":{"rootId":"t03g7k7ml58rea0","id":"t03g7k7ml58rea0"},"id":"dwdfp1wfuircey4","previousOperationId":"1dmvl58793seeei"}
{"type":"log","timestamp":1705313699856,"level":"warn","message":"Page error: numEventos is not defined , stack: ReferenceError: numEventos is not defined\n    at <anonymous> (file:///C:/Users/arida/AppData/Local/Temp/jsreport/autocleanup/32bda9f3-6cad-4bb1-b464-3c2dcaa7854c-chrome-pdf.html:18:22)","meta":{"rootId":"t03g7k7ml58rea0","id":"t03g7k7ml58rea0"},"id":"d18v672sf05dn02","previousOperationId":"1dmvl58793seeei"}
{"type":"log","timestamp":1705313699857,"level":"warn","message":"Page error: numEventos is not defined , stack: ReferenceError: numEventos is not defined\n    at <anonymous> (file:///C:/Users/arida/AppData/Local/Temp/jsreport/autocleanup/32bda9f3-6cad-4bb1-b464-3c2dcaa7854c-chrome-pdf.html:61:22)","meta":{"rootId":"t03g7k7ml58rea0","id":"t03g7k7ml58rea0"},"id":"sb5s0m6i83xv1x9","previousOperationId":"1dmvl58793seeei"}
{"type":"log","timestamp":1705313699862,"level":"debug","message":"Running chrome with params {\"printBackground\":true,\"marginTop\":\"4cm\",\"marginRight\":\"1.5cm\",\"marginBottom\":\"1.5cm\",\"marginLeft\":\"1.5cm\",\"waitForJS\":false,\"timeout\":59843,\"margin\":{\"top\":\"4cm\",\"right\":\"1.5cm\",\"bottom\":\"1.5cm\",\"left\":\"1.5cm\"}}","meta":{"rootId":"t03g7k7ml58rea0","id":"t03g7k7ml58rea0"},"id":"6g7np696y9mrl9k","previousOperationId":"1dmvl58793seeei"}
{"type":"operationEnd","operationId":"1dmvl58793seeei","timestamp":1705313699870,"id":"2tpbfwpxe2ei59i","previousEventId":"xsg5l3xqri6hdef","previousOperationId":"1dmvl58793seeei"}
{"type":"log","timestamp":1705313699870,"level":"info","message":"pdf-utils is starting pdf processing","meta":{"rootId":"t03g7k7ml58rea0","id":"t03g7k7ml58rea0"},"id":"ldv5e4sip6r6t8t","previousOperationId":"1dmvl58793seeei"}
{"type":"operationStart","subtype":"pdfUtils","name":"pdf utils","timestamp":1705313699871,"id":"94zp29yopc3g218","previousEventId":"2tpbfwpxe2ei59i","operationId":"ao58elbhw3e8efj","previousOperationId":"1dmvl58793seeei"}
{"type":"log","timestamp":1705313699871,"level":"debug","message":"pdf-utils detected 1 pdf operation(s) to process","meta":{"rootId":"t03g7k7ml58rea0","id":"t03g7k7ml58rea0"},"id":"xlkqkz0ga8dnzhw","previousOperationId":"ao58elbhw3e8efj"}
{"type":"log","timestamp":1705313699876,"level":"debug","message":"pdf-utils running pdf operation merge","meta":{"rootId":"t03g7k7ml58rea0","id":"t03g7k7ml58rea0"},"id":"ruqlvjwep7zxx0u","previousOperationId":"ao58elbhw3e8efj"}
{"type":"operationStart","subtype":"pdfUtilsMerge","name":"pdf utils merge","previousOperationId":"ao58elbhw3e8efj","timestamp":1705313699876,"id":"0b5ahalq5sgk7q0","previousEventId":"94zp29yopc3g218","operationId":"f677jktuefqrojq"}
{"type":"operationStart","subtype":"render","name":"locations-header","previousOperationId":"f677jktuefqrojq","timestamp":1705313699877,"id":"tg5pln82hkb1ypp","previousEventId":"0b5ahalq5sgk7q0","operationId":"q9jjnz9po75ob48"}
{"type":"log","timestamp":1705313699877,"level":"info","message":"Starting rendering (child) request","meta":{"rootId":"t03g7k7ml58rea0","id":"tv4cs6n28rdyz2q"},"id":"b3j8m1bhgk68nbf","previousOperationId":"q9jjnz9po75ob48"}
{"type":"log","timestamp":1705313699877,"level":"info","message":"Rendering template { name: locations-header, recipe: chrome-pdf, engine: handlebars, preview: true }","meta":{"rootId":"t03g7k7ml58rea0","id":"tv4cs6n28rdyz2q"},"id":"ubsa9wsrixj99rh","previousOperationId":"q9jjnz9po75ob48"}
{"type":"log","timestamp":1705313699878,"level":"debug","message":"Inline data specified.","meta":{"rootId":"t03g7k7ml58rea0","id":"tv4cs6n28rdyz2q"},"id":"ufsmzdqwnevosp5","previousOperationId":"q9jjnz9po75ob48"}
{"type":"log","timestamp":1705313699881,"level":"debug","message":"Base url not specified, skipping its injection.","meta":{"rootId":"t03g7k7ml58rea0","id":"tv4cs6n28rdyz2q"},"id":"vc1xn74f71npmgz","previousOperationId":"q9jjnz9po75ob48"}
{"type":"operationStart","subtype":"engine","name":"handlebars","timestamp":1705313699881,"id":"u085fihee4vm45v","previousEventId":"tg5pln82hkb1ypp","operationId":"w1m2u4axo2humik","previousOperationId":"q9jjnz9po75ob48"}
{"type":"log","timestamp":1705313699881,"level":"debug","message":"Rendering engine handlebars","meta":{"rootId":"t03g7k7ml58rea0","id":"tv4cs6n28rdyz2q"},"id":"xpcauki8wizqmli","previousOperationId":"w1m2u4axo2humik"}
{"type":"operationEnd","operationId":"w1m2u4axo2humik","timestamp":1705313699906,"id":"6uh6aoh30m9pb6l","previousEventId":"u085fihee4vm45v","previousOperationId":"w1m2u4axo2humik"}
{"type":"operationStart","subtype":"recipe","name":"chrome-pdf","timestamp":1705313699906,"id":"wsx3vi97kckiou1","previousEventId":"6uh6aoh30m9pb6l","operationId":"ek1jf89xrk0a4cv","previousOperationId":"w1m2u4axo2humik"}
{"type":"log","timestamp":1705313699906,"level":"debug","message":"Executing recipe chrome-pdf","meta":{"rootId":"t03g7k7ml58rea0","id":"tv4cs6n28rdyz2q"},"id":"5zqpfjyo0fvwgvv","previousOperationId":"ek1jf89xrk0a4cv"}
{"type":"log","timestamp":1705313699908,"level":"debug","message":"Converting with chrome HeadlessChrome/117.0.5938.149 using chrome-pool strategy","meta":{"rootId":"t03g7k7ml58rea0","id":"tv4cs6n28rdyz2q"},"id":"zhm3uf6wgj6ac6u","previousOperationId":"ek1jf89xrk0a4cv"}
{"type":"log","timestamp":1705313700022,"level":"debug","message":"Page request: GET (document) file:///C:/Users/arida/AppData/Local/Temp/jsreport/autocleanup/382c21d5-77c4-42cf-9a29-07a270c0c917-chrome-pdf.html","meta":{"rootId":"t03g7k7ml58rea0","id":"tv4cs6n28rdyz2q"},"id":"5u8j1t3y454srl5","previousOperationId":"ek1jf89xrk0a4cv"}
{"type":"log","timestamp":1705313700033,"level":"debug","message":"Page request: GET (stylesheet) https://cdnjs.cloudflare.com/ajax/libs/metro/4.1.5/css/metro.min.css","meta":{"rootId":"t03g7k7ml58rea0","id":"tv4cs6n28rdyz2q"},"id":"lm8tz8jo6hwzldt","previousOperationId":"ek1jf89xrk0a4cv"}
{"type":"log","timestamp":1705313700033,"level":"debug","message":"Page request finished: GET (document) 200 file:///C:/Users/arida/AppData/Local/Temp/jsreport/autocleanup/382c21d5-77c4-42cf-9a29-07a270c0c917-chrome-pdf.html","meta":{"rootId":"t03g7k7ml58rea0","id":"tv4cs6n28rdyz2q"},"id":"n1pm4s0q1cimqwq","previousOperationId":"ek1jf89xrk0a4cv"}
{"type":"log","timestamp":1705313700053,"level":"debug","message":"Page request finished: GET (stylesheet) 200 https://cdnjs.cloudflare.com/ajax/libs/metro/4.1.5/css/metro.min.css","meta":{"rootId":"t03g7k7ml58rea0","id":"tv4cs6n28rdyz2q"},"id":"cz1r17tc0ei3irh","previousOperationId":"ek1jf89xrk0a4cv"}
{"type":"log","timestamp":1705313700073,"level":"debug","message":"Running chrome with params {\"printBackground\":true,\"marginTop\":\"1.5cm\",\"marginRight\":\"1.5cm\",\"marginLeft\":\"1.cm\",\"timeout\":59507,\"margin\":{\"top\":\"1.5cm\",\"right\":\"1.5cm\",\"left\":\"1.cm\"}}","meta":{"rootId":"t03g7k7ml58rea0","id":"tv4cs6n28rdyz2q"},"id":"zokyw5c0qmj0zez","previousOperationId":"ek1jf89xrk0a4cv"}
{"type":"operationEnd","operationId":"ek1jf89xrk0a4cv","timestamp":1705313700111,"id":"rzhgj9k2grxc9cb","previousEventId":"wsx3vi97kckiou1","previousOperationId":"ek1jf89xrk0a4cv"}
{"type":"log","timestamp":1705313700112,"level":"debug","message":"Skipping storing report.","meta":{"rootId":"t03g7k7ml58rea0","id":"tv4cs6n28rdyz2q"},"id":"grr9eei84y6x0nl","previousOperationId":"ek1jf89xrk0a4cv"}
{"type":"log","timestamp":1705313700112,"level":"info","message":"Rendering (child) request finished in 698 ms","meta":{"rootId":"t03g7k7ml58rea0","id":"tv4cs6n28rdyz2q"},"id":"xoe22t7pv3gle7p","previousOperationId":"ek1jf89xrk0a4cv"}
{"type":"operationEnd","subtype":"render","operationId":"q9jjnz9po75ob48","timestamp":1705313700112,"id":"rw5p5uxdkd8gl6t","previousEventId":"rzhgj9k2grxc9cb","previousOperationId":"ek1jf89xrk0a4cv"}
{"type":"operationEnd","operationId":"f677jktuefqrojq","timestamp":1705313700118,"id":"e8is7ghqengdodo","previousEventId":"0b5ahalq5sgk7q0","previousOperationId":"f677jktuefqrojq"}
{"type":"log","timestamp":1705313700118,"level":"debug","message":"pdf-utils postproces start","meta":{"rootId":"t03g7k7ml58rea0","id":"t03g7k7ml58rea0"},"id":"v23dctd2uo8qbxd","previousOperationId":"f677jktuefqrojq"}
{"type":"log","timestamp":1705313700123,"level":"debug","message":"pdf-utils postproces end","meta":{"rootId":"t03g7k7ml58rea0","id":"t03g7k7ml58rea0"},"id":"c79rsrtvd0aat22","previousOperationId":"f677jktuefqrojq"}
{"type":"operationEnd","operationId":"ao58elbhw3e8efj","timestamp":1705313700123,"id":"by3c6sb8hbfxq9s","previousEventId":"e8is7ghqengdodo","previousOperationId":"f677jktuefqrojq"}
{"type":"log","timestamp":1705313700123,"level":"info","message":"pdf-utils pdf processing was finished","meta":{"rootId":"t03g7k7ml58rea0","id":"t03g7k7ml58rea0"},"id":"gwoanve37uxyfbm","previousOperationId":"ao58elbhw3e8efj"}
{"type":"log","timestamp":1705313700123,"level":"debug","message":"Skipping storing report.","meta":{"rootId":"t03g7k7ml58rea0","id":"t03g7k7ml58rea0"},"id":"uqjn7hndjouw2ad","previousOperationId":"ao58elbhw3e8efj"}
{"type":"log","timestamp":1705313700123,"level":"info","message":"Rendering request 21 finished in 709 ms","meta":{"rootId":"t03g7k7ml58rea0","id":"t03g7k7ml58rea0"},"id":"h6vcmsx4a5eohgh","previousOperationId":"ao58elbhw3e8efj"}
{"type":"operationEnd","subtype":"render","operationId":"n4i1bp6bm390lq2","timestamp":1705313700123,"id":"bpba0j7t0gd0a9b","previousEventId":"by3c6sb8hbfxq9s","previousOperationId":"ao58elbhw3e8efj"}
{"type":"operationEnd","doDiffs":false,"previousEventId":"kki3vh5jdvvdukw","previousOperationId":"a1v5mue2oj137nm","operationId":"a1v5mue2oj137nm","timestamp":1705313700133,"id":"chb9mjxa8gq2urt"}
