{"type":"operationStart","subtype":"profile","data":{"_id":"oExsOs1Omp3SLJ3I","timestamp":"2024-01-15T10:02:30.472Z","state":"queued","mode":"standard","creationDate":"2024-01-15T10:02:30.478Z","modificationDate":"2024-01-15T10:02:30.478Z","shortid":"xCLsoir","$entitySet":"profiles"},"doDiffs":false,"timestamp":1705312950475,"id":"0r1oz7cn0it9k7q","previousOperationId":null,"operationId":"2t6ybqvff834n1c"}
{"type":"log","level":"info","message":"Render request 10 queued for execution and waiting for available worker","previousOperationId":"2t6ybqvff834n1c","timestamp":1705312950475,"id":"rgawmtdomkm1dos"}
{"type":"operationStart","subtype":"render","name":"locations-main","previousOperationId":"2t6ybqvff834n1c","timestamp":1705312950509,"id":"cgdrbqeqaxtrxve","previousEventId":"0r1oz7cn0it9k7q","operationId":"aqzpsf6f8m7gvpk"}
{"type":"log","timestamp":1705312950510,"level":"info","message":"Starting rendering request 10","meta":{"rootId":"u0rg0ovf5s5izrs","id":"u0rg0ovf5s5izrs"},"id":"1a08o4b6tvpn51k","previousOperationId":"aqzpsf6f8m7gvpk"}
{"type":"log","timestamp":1705312950510,"level":"info","message":"Rendering template { name: locations-main, recipe: chrome-pdf, engine: handlebars, preview: true }","meta":{"rootId":"u0rg0ovf5s5izrs","id":"u0rg0ovf5s5izrs"},"id":"j84ko9uqwtlr5pj","previousOperationId":"aqzpsf6f8m7gvpk"}
{"type":"log","timestamp":1705312950514,"level":"debug","message":"Data item not defined for this template.","meta":{"rootId":"u0rg0ovf5s5izrs","id":"u0rg0ovf5s5izrs"},"id":"10sjhkbssjhtgqo","previousOperationId":"aqzpsf6f8m7gvpk"}
{"type":"log","timestamp":1705312950524,"level":"debug","message":"Executing script locations-script (beforeRender)","meta":{"rootId":"u0rg0ovf5s5izrs","id":"u0rg0ovf5s5izrs"},"id":"3smvwody9rykj76","previousOperationId":"aqzpsf6f8m7gvpk"}
{"type":"operationStart","subtype":"scriptsBeforeRender","name":"scripts beforeRender","timestamp":1705312950536,"id":"zi4glnbev16okhx","previousEventId":"cgdrbqeqaxtrxve","operationId":"a8zsiaa04sa54w5","previousOperationId":"aqzpsf6f8m7gvpk"}
{"type":"operationStart","subtype":"script","name":"scripts locations-script","previousOperationId":"a8zsiaa04sa54w5","timestamp":1705312950536,"id":"px8oa7981r8bacg","previousEventId":"zi4glnbev16okhx","operationId":"zelneegb0yfn779"}
{"type":"operationEnd","operationId":"zelneegb0yfn779","timestamp":1705312950566,"id":"6hs63lgym04yyg7","previousEventId":"cgdrbqeqaxtrxve","previousOperationId":"aqzpsf6f8m7gvpk"}
{"type":"operationEnd","operationId":"a8zsiaa04sa54w5","timestamp":1705312950566,"id":"85oz3hyojzbtk3y","previousEventId":"6hs63lgym04yyg7","previousOperationId":"aqzpsf6f8m7gvpk"}
{"type":"log","timestamp":1705312950566,"level":"debug","message":"Base url not specified, skipping its injection.","meta":{"rootId":"u0rg0ovf5s5izrs","id":"u0rg0ovf5s5izrs"},"id":"3md68dqraf6qter","previousOperationId":"a8zsiaa04sa54w5"}
{"type":"operationStart","subtype":"engine","name":"handlebars","timestamp":1705312950567,"id":"yqlpn4glz9u5keu","previousEventId":"85oz3hyojzbtk3y","operationId":"y2ybc6epwk2uan2","previousOperationId":"a8zsiaa04sa54w5"}
{"type":"log","timestamp":1705312950567,"level":"debug","message":"Rendering engine handlebars","meta":{"rootId":"u0rg0ovf5s5izrs","id":"u0rg0ovf5s5izrs"},"id":"e2wb374uq2a01ue","previousOperationId":"y2ybc6epwk2uan2"}
{"type":"operationEnd","operationId":"y2ybc6epwk2uan2","timestamp":1705312950612,"id":"wf0vu2asnuhj83t","previousEventId":"yqlpn4glz9u5keu","previousOperationId":"y2ybc6epwk2uan2"}
{"type":"operationStart","subtype":"recipe","name":"chrome-pdf","timestamp":1705312950613,"id":"97id80dhjrliidd","previousEventId":"wf0vu2asnuhj83t","operationId":"3gak0unn5uov1vi","previousOperationId":"y2ybc6epwk2uan2"}
{"type":"log","timestamp":1705312950613,"level":"debug","message":"Executing recipe chrome-pdf","meta":{"rootId":"u0rg0ovf5s5izrs","id":"u0rg0ovf5s5izrs"},"id":"39v73zg9u326rv2","previousOperationId":"3gak0unn5uov1vi"}
{"type":"log","timestamp":1705312950619,"level":"debug","message":"Converting with chrome HeadlessChrome/117.0.5938.149 using chrome-pool strategy","meta":{"rootId":"u0rg0ovf5s5izrs","id":"u0rg0ovf5s5izrs"},"id":"4flp49m7s5xifz7","previousOperationId":"3gak0unn5uov1vi"}
{"type":"log","timestamp":1705312950841,"level":"debug","message":"Page request: GET (document) file:///C:/Users/arida/AppData/Local/Temp/jsreport/autocleanup/31db4b68-d2b1-4ea9-b80a-d03e804f5161-chrome-pdf.html","meta":{"rootId":"u0rg0ovf5s5izrs","id":"u0rg0ovf5s5izrs"},"id":"51071im7boh4zfg","previousOperationId":"3gak0unn5uov1vi"}
{"type":"log","timestamp":1705312950880,"level":"debug","message":"Page request: GET (stylesheet) https://cdnjs.cloudflare.com/ajax/libs/metro/4.1.5/css/metro.min.css","meta":{"rootId":"u0rg0ovf5s5izrs","id":"u0rg0ovf5s5izrs"},"id":"u5ecsx9g0gi0572","previousOperationId":"3gak0unn5uov1vi"}
{"type":"log","timestamp":1705312950881,"level":"debug","message":"Page request: GET (script) https://cdnjs.cloudflare.com/ajax/libs/Chart.js/2.7.2/Chart.min.js","meta":{"rootId":"u0rg0ovf5s5izrs","id":"u0rg0ovf5s5izrs"},"id":"x959hapw7jwsx0w","previousOperationId":"3gak0unn5uov1vi"}
{"type":"log","timestamp":1705312950882,"level":"debug","message":"Page request finished: GET (document) 200 file:///C:/Users/arida/AppData/Local/Temp/jsreport/autocleanup/31db4b68-d2b1-4ea9-b80a-d03e804f5161-chrome-pdf.html","meta":{"rootId":"u0rg0ovf5s5izrs","id":"u0rg0ovf5s5izrs"},"id":"2l27myqeostlpoy","previousOperationId":"3gak0unn5uov1vi"}
{"type":"log","timestamp":1705312950909,"level":"debug","message":"Page request finished: GET (stylesheet) 200 https://cdnjs.cloudflare.com/ajax/libs/metro/4.1.5/css/metro.min.css","meta":{"rootId":"u0rg0ovf5s5izrs","id":"u0rg0ovf5s5izrs"},"id":"7ajv2zyyl2wu680","previousOperationId":"3gak0unn5uov1vi"}
{"type":"log","timestamp":1705312950910,"level":"debug","message":"Page request finished: GET (script) 200 https://cdnjs.cloudflare.com/ajax/libs/Chart.js/2.7.2/Chart.min.js","meta":{"rootId":"u0rg0ovf5s5izrs","id":"u0rg0ovf5s5izrs"},"id":"av7pv1rbqibtkua","previousOperationId":"3gak0unn5uov1vi"}
{"type":"log","timestamp":1705312950922,"level":"debug","message":"Running chrome with params {\"printBackground\":true,\"marginTop\":\"4cm\",\"marginRight\":\"1.5cm\",\"marginBottom\":\"1.5cm\",\"marginLeft\":\"1.5cm\",\"waitForJS\":false,\"timeout\":59854,\"margin\":{\"top\":\"4cm\",\"right\":\"1.5cm\",\"bottom\":\"1.5cm\",\"left\":\"1.5cm\"}}","meta":{"rootId":"u0rg0ovf5s5izrs","id":"u0rg0ovf5s5izrs"},"id":"pq57m4d5g8ybh4g","previousOperationId":"3gak0unn5uov1vi"}
{"type":"operationEnd","operationId":"3gak0unn5uov1vi","timestamp":1705312950947,"id":"dg73zlsylejxd21","previousEventId":"97id80dhjrliidd","previousOperationId":"3gak0unn5uov1vi"}
{"type":"log","timestamp":1705312950947,"level":"info","message":"pdf-utils is starting pdf processing","meta":{"rootId":"u0rg0ovf5s5izrs","id":"u0rg0ovf5s5izrs"},"id":"hjvinw8epj12f0x","previousOperationId":"3gak0unn5uov1vi"}
{"type":"operationStart","subtype":"pdfUtils","name":"pdf utils","timestamp":1705312950947,"id":"fvfovsi73iuz1e4","previousEventId":"dg73zlsylejxd21","operationId":"npuw23udepyo3yl","previousOperationId":"3gak0unn5uov1vi"}
{"type":"log","timestamp":1705312950947,"level":"debug","message":"pdf-utils detected 1 pdf operation(s) to process","meta":{"rootId":"u0rg0ovf5s5izrs","id":"u0rg0ovf5s5izrs"},"id":"bt6rshdveno1upb","previousOperationId":"npuw23udepyo3yl"}
{"type":"log","timestamp":1705312950952,"level":"debug","message":"pdf-utils running pdf operation merge","meta":{"rootId":"u0rg0ovf5s5izrs","id":"u0rg0ovf5s5izrs"},"id":"tm0q2m8ohvv9p1m","previousOperationId":"npuw23udepyo3yl"}
{"type":"operationStart","subtype":"pdfUtilsMerge","name":"pdf utils merge","previousOperationId":"npuw23udepyo3yl","timestamp":1705312950952,"id":"gezv8kcv5ebp9jd","previousEventId":"fvfovsi73iuz1e4","operationId":"a7g73nbruu60pk5"}
{"type":"operationStart","subtype":"render","name":"locations-header","previousOperationId":"a7g73nbruu60pk5","timestamp":1705312950953,"id":"0b6xtiy49tgdaoj","previousEventId":"gezv8kcv5ebp9jd","operationId":"kfg3f2fgv17w8b5"}
{"type":"log","timestamp":1705312950953,"level":"info","message":"Starting rendering (child) request","meta":{"rootId":"u0rg0ovf5s5izrs","id":"yt9erecyfwa7sbw"},"id":"omkb0z8nyoxn8oy","previousOperationId":"kfg3f2fgv17w8b5"}
{"type":"log","timestamp":1705312950954,"level":"info","message":"Rendering template { name: locations-header, recipe: chrome-pdf, engine: handlebars, preview: true }","meta":{"rootId":"u0rg0ovf5s5izrs","id":"yt9erecyfwa7sbw"},"id":"qnpyym398ci7fj3","previousOperationId":"kfg3f2fgv17w8b5"}
{"type":"log","timestamp":1705312950955,"level":"debug","message":"Inline data specified.","meta":{"rootId":"u0rg0ovf5s5izrs","id":"yt9erecyfwa7sbw"},"id":"mu35x4wgyx4hozr","previousOperationId":"kfg3f2fgv17w8b5"}
{"type":"log","timestamp":1705312950959,"level":"debug","message":"Base url not specified, skipping its injection.","meta":{"rootId":"u0rg0ovf5s5izrs","id":"yt9erecyfwa7sbw"},"id":"t4ob514whxnnw4k","previousOperationId":"kfg3f2fgv17w8b5"}
{"type":"operationStart","subtype":"engine","name":"handlebars","timestamp":1705312950959,"id":"g9o77kpnzhxmb64","previousEventId":"0b6xtiy49tgdaoj","operationId":"9th1ch534533zmr","previousOperationId":"kfg3f2fgv17w8b5"}
{"type":"log","timestamp":1705312950959,"level":"debug","message":"Rendering engine handlebars","meta":{"rootId":"u0rg0ovf5s5izrs","id":"yt9erecyfwa7sbw"},"id":"zruq7ht9y9fcxxv","previousOperationId":"9th1ch534533zmr"}
{"type":"operationEnd","operationId":"9th1ch534533zmr","timestamp":1705312950986,"id":"xes8zmdyvpwinfg","previousEventId":"g9o77kpnzhxmb64","previousOperationId":"9th1ch534533zmr"}
{"type":"operationStart","subtype":"recipe","name":"chrome-pdf","timestamp":1705312950986,"id":"2wdgvmfwsomp7xz","previousEventId":"xes8zmdyvpwinfg","operationId":"fvqz3fkgdvbhgly","previousOperationId":"9th1ch534533zmr"}
{"type":"log","timestamp":1705312950986,"level":"debug","message":"Executing recipe chrome-pdf","meta":{"rootId":"u0rg0ovf5s5izrs","id":"yt9erecyfwa7sbw"},"id":"b1mvmks1d938o0t","previousOperationId":"fvqz3fkgdvbhgly"}
{"type":"log","timestamp":1705312950989,"level":"debug","message":"Converting with chrome HeadlessChrome/117.0.5938.149 using chrome-pool strategy","meta":{"rootId":"u0rg0ovf5s5izrs","id":"yt9erecyfwa7sbw"},"id":"mzv1achducuaycj","previousOperationId":"fvqz3fkgdvbhgly"}
{"type":"log","timestamp":1705312951115,"level":"debug","message":"Page request: GET (document) file:///C:/Users/arida/AppData/Local/Temp/jsreport/autocleanup/e9756aa4-0169-4c65-b868-66b9501ce426-chrome-pdf.html","meta":{"rootId":"u0rg0ovf5s5izrs","id":"yt9erecyfwa7sbw"},"id":"gs1ueawy43nysm3","previousOperationId":"fvqz3fkgdvbhgly"}
{"type":"log","timestamp":1705312951128,"level":"debug","message":"Page request: GET (stylesheet) https://cdnjs.cloudflare.com/ajax/libs/metro/4.1.5/css/metro.min.css","meta":{"rootId":"u0rg0ovf5s5izrs","id":"yt9erecyfwa7sbw"},"id":"rkm9pw6mug6a1ee","previousOperationId":"fvqz3fkgdvbhgly"}
{"type":"log","timestamp":1705312951129,"level":"debug","message":"Page request finished: GET (document) 200 file:///C:/Users/arida/AppData/Local/Temp/jsreport/autocleanup/e9756aa4-0169-4c65-b868-66b9501ce426-chrome-pdf.html","meta":{"rootId":"u0rg0ovf5s5izrs","id":"yt9erecyfwa7sbw"},"id":"3ni8qc83fhkj1q3","previousOperationId":"fvqz3fkgdvbhgly"}
{"type":"log","timestamp":1705312951151,"level":"debug","message":"Page request finished: GET (stylesheet) 200 https://cdnjs.cloudflare.com/ajax/libs/metro/4.1.5/css/metro.min.css","meta":{"rootId":"u0rg0ovf5s5izrs","id":"yt9erecyfwa7sbw"},"id":"lhs32ltctmotfqu","previousOperationId":"fvqz3fkgdvbhgly"}
{"type":"log","timestamp":1705312951174,"level":"debug","message":"Running chrome with params {\"printBackground\":true,\"marginTop\":\"1.5cm\",\"marginRight\":\"1.5cm\",\"marginLeft\":\"1.cm\",\"timeout\":59483,\"margin\":{\"top\":\"1.5cm\",\"right\":\"1.5cm\",\"left\":\"1.cm\"}}","meta":{"rootId":"u0rg0ovf5s5izrs","id":"yt9erecyfwa7sbw"},"id":"ghy8l3zh1uxp4pg","previousOperationId":"fvqz3fkgdvbhgly"}
{"type":"operationEnd","operationId":"fvqz3fkgdvbhgly","timestamp":1705312951211,"id":"vcz13q8hhcqjiu6","previousEventId":"2wdgvmfwsomp7xz","previousOperationId":"fvqz3fkgdvbhgly"}
{"type":"log","timestamp":1705312951211,"level":"debug","message":"Skipping storing report.","meta":{"rootId":"u0rg0ovf5s5izrs","id":"yt9erecyfwa7sbw"},"id":"wmb92bpiqgiybfe","previousOperationId":"fvqz3fkgdvbhgly"}
{"type":"log","timestamp":1705312951211,"level":"info","message":"Rendering (child) request finished in 740 ms","meta":{"rootId":"u0rg0ovf5s5izrs","id":"yt9erecyfwa7sbw"},"id":"79t4l9vhbsv9030","previousOperationId":"fvqz3fkgdvbhgly"}
{"type":"operationEnd","subtype":"render","operationId":"kfg3f2fgv17w8b5","timestamp":1705312951211,"id":"ua606cb9qf8hvxq","previousEventId":"vcz13q8hhcqjiu6","previousOperationId":"fvqz3fkgdvbhgly"}
{"type":"operationEnd","operationId":"a7g73nbruu60pk5","timestamp":1705312951216,"id":"p5v3ly9k49bzgor","previousEventId":"gezv8kcv5ebp9jd","previousOperationId":"a7g73nbruu60pk5"}
{"type":"log","timestamp":1705312951216,"level":"debug","message":"pdf-utils postproces start","meta":{"rootId":"u0rg0ovf5s5izrs","id":"u0rg0ovf5s5izrs"},"id":"wq4med069ecstrk","previousOperationId":"a7g73nbruu60pk5"}
{"type":"log","timestamp":1705312951220,"level":"debug","message":"pdf-utils postproces end","meta":{"rootId":"u0rg0ovf5s5izrs","id":"u0rg0ovf5s5izrs"},"id":"20ynvvscaxjrxg7","previousOperationId":"a7g73nbruu60pk5"}
{"type":"operationEnd","operationId":"npuw23udepyo3yl","timestamp":1705312951220,"id":"rcg8whn538ihfec","previousEventId":"p5v3ly9k49bzgor","previousOperationId":"a7g73nbruu60pk5"}
{"type":"log","timestamp":1705312951220,"level":"info","message":"pdf-utils pdf processing was finished","meta":{"rootId":"u0rg0ovf5s5izrs","id":"u0rg0ovf5s5izrs"},"id":"v2e15godliojht3","previousOperationId":"npuw23udepyo3yl"}
{"type":"log","timestamp":1705312951220,"level":"debug","message":"Skipping storing report.","meta":{"rootId":"u0rg0ovf5s5izrs","id":"u0rg0ovf5s5izrs"},"id":"exs3vj9y9yot39x","previousOperationId":"npuw23udepyo3yl"}
{"type":"log","timestamp":1705312951221,"level":"info","message":"Rendering request 10 finished in 750 ms","meta":{"rootId":"u0rg0ovf5s5izrs","id":"u0rg0ovf5s5izrs"},"id":"hsss4xpazvf40m2","previousOperationId":"npuw23udepyo3yl"}
{"type":"operationEnd","subtype":"render","operationId":"aqzpsf6f8m7gvpk","timestamp":1705312951221,"id":"v70sgdaimgjufby","previousEventId":"rcg8whn538ihfec","previousOperationId":"npuw23udepyo3yl"}
{"type":"operationEnd","doDiffs":false,"previousEventId":"0r1oz7cn0it9k7q","previousOperationId":"2t6ybqvff834n1c","operationId":"2t6ybqvff834n1c","timestamp":1705312951230,"id":"2x5w3i8uj7vcx4n"}
