{"type":"operationStart","subtype":"profile","data":{"_id":"zHxIDg6rg7y8GnTK","timestamp":"2024-01-15T16:06:04.273Z","state":"queued","mode":"standard","creationDate":"2024-01-15T16:06:04.276Z","modificationDate":"2024-01-15T16:06:04.276Z","shortid":"-Ut49HX","$entitySet":"profiles"},"doDiffs":false,"timestamp":1705334764274,"id":"23pt55xl8steljj","previousOperationId":null,"operationId":"1kizfbnzyd14zie"}
{"type":"log","level":"info","message":"Render request 27 queued for execution and waiting for available worker","previousOperationId":"1kizfbnzyd14zie","timestamp":1705334764275,"id":"sjs105wtmu0eolk"}
{"type":"operationStart","subtype":"render","name":"locations-main","previousOperationId":"1kizfbnzyd14zie","timestamp":1705334764288,"id":"la5dspg0kkmo2r9","previousEventId":"23pt55xl8steljj","operationId":"o4kqxsb3lhqcuf0"}
{"type":"log","timestamp":1705334764288,"level":"info","message":"Starting rendering request 27","meta":{"rootId":"udfutz85zyo6ydq","id":"udfutz85zyo6ydq"},"id":"i5l18lqkq04eejt","previousOperationId":"o4kqxsb3lhqcuf0"}
{"type":"log","timestamp":1705334764288,"level":"info","message":"Rendering template { name: locations-main, recipe: chrome-pdf, engine: handlebars, preview: true }","meta":{"rootId":"udfutz85zyo6ydq","id":"udfutz85zyo6ydq"},"id":"0ua255bc255vops","previousOperationId":"o4kqxsb3lhqcuf0"}
{"type":"log","timestamp":1705334764289,"level":"debug","message":"Data item not defined for this template.","meta":{"rootId":"udfutz85zyo6ydq","id":"udfutz85zyo6ydq"},"id":"qvvi2mp9exzm74q","previousOperationId":"o4kqxsb3lhqcuf0"}
{"type":"log","timestamp":1705334764291,"level":"debug","message":"Executing script locations-script (beforeRender)","meta":{"rootId":"udfutz85zyo6ydq","id":"udfutz85zyo6ydq"},"id":"te5qkqwv4rp0api","previousOperationId":"o4kqxsb3lhqcuf0"}
{"type":"operationStart","subtype":"scriptsBeforeRender","name":"scripts beforeRender","timestamp":1705334764313,"id":"94j2qkslg696em2","previousEventId":"la5dspg0kkmo2r9","operationId":"hv43vghak1auz06","previousOperationId":"o4kqxsb3lhqcuf0"}
{"type":"operationStart","subtype":"script","name":"scripts locations-script","previousOperationId":"hv43vghak1auz06","timestamp":1705334764313,"id":"m8e1wu7aoo6jo98","previousEventId":"94j2qkslg696em2","operationId":"byilpfy1usvc67l"}
{"type":"log","timestamp":1705334764326,"level":"debug","message":"(console:log) adiossssssssssssssssssssssssssssssssssssssss","meta":{"userLevel":true,"rootId":"udfutz85zyo6ydq","id":"udfutz85zyo6ydq"},"id":"1n8gvpbanbtgfle","previousOperationId":"byilpfy1usvc67l"}
{"type":"operationEnd","operationId":"byilpfy1usvc67l","timestamp":1705334764326,"id":"qj1wa7p9mwcvehr","previousEventId":"la5dspg0kkmo2r9","previousOperationId":"o4kqxsb3lhqcuf0"}
{"type":"operationEnd","operationId":"hv43vghak1auz06","timestamp":1705334764326,"id":"amob716ngg6822u","previousEventId":"qj1wa7p9mwcvehr","previousOperationId":"o4kqxsb3lhqcuf0"}
{"type":"log","timestamp":1705334764326,"level":"debug","message":"Base url not specified, skipping its injection.","meta":{"rootId":"udfutz85zyo6ydq","id":"udfutz85zyo6ydq"},"id":"7h24xtf3q2hy40l","previousOperationId":"hv43vghak1auz06"}
{"type":"operationStart","subtype":"engine","name":"handlebars","timestamp":1705334764326,"id":"2acy3qtbumax4ux","previousEventId":"amob716ngg6822u","operationId":"vuo9rsru219c9jm","previousOperationId":"hv43vghak1auz06"}
{"type":"log","timestamp":1705334764326,"level":"debug","message":"Rendering engine handlebars","meta":{"rootId":"udfutz85zyo6ydq","id":"udfutz85zyo6ydq"},"id":"3kbleislxu92y1v","previousOperationId":"vuo9rsru219c9jm"}
{"type":"operationEnd","operationId":"vuo9rsru219c9jm","timestamp":1705334764343,"id":"37zsov9vcvw0h7f","previousEventId":"2acy3qtbumax4ux","previousOperationId":"vuo9rsru219c9jm"}
{"type":"operationStart","subtype":"recipe","name":"chrome-pdf","timestamp":1705334764343,"id":"34zifntzmpejy12","previousEventId":"37zsov9vcvw0h7f","operationId":"oxa8sm20ewxqb1k","previousOperationId":"vuo9rsru219c9jm"}
{"type":"log","timestamp":1705334764343,"level":"debug","message":"Executing recipe chrome-pdf","meta":{"rootId":"udfutz85zyo6ydq","id":"udfutz85zyo6ydq"},"id":"arwbq6k8gthngzx","previousOperationId":"oxa8sm20ewxqb1k"}
{"type":"log","timestamp":1705334764348,"level":"debug","message":"Converting with chrome HeadlessChrome/117.0.5938.149 using chrome-pool strategy","meta":{"rootId":"udfutz85zyo6ydq","id":"udfutz85zyo6ydq"},"id":"u8atz27wx02rmrk","previousOperationId":"oxa8sm20ewxqb1k"}
{"type":"log","timestamp":1705334764485,"level":"debug","message":"Page request: GET (document) file:///C:/Users/arida/AppData/Local/Temp/jsreport/autocleanup/ef5df378-e1bd-400f-b80b-443a3772ada9-chrome-pdf.html","meta":{"rootId":"udfutz85zyo6ydq","id":"udfutz85zyo6ydq"},"id":"tg1flixkgfyiov4","previousOperationId":"oxa8sm20ewxqb1k"}
{"type":"log","timestamp":1705334764496,"level":"debug","message":"Page request: GET (script) https://cdnjs.cloudflare.com/ajax/libs/Chart.js/2.7.2/Chart.min.js","meta":{"rootId":"udfutz85zyo6ydq","id":"udfutz85zyo6ydq"},"id":"dc3mxbyam6pns1w","previousOperationId":"oxa8sm20ewxqb1k"}
{"type":"log","timestamp":1705334764497,"level":"debug","message":"Page request finished: GET (document) 200 file:///C:/Users/arida/AppData/Local/Temp/jsreport/autocleanup/ef5df378-e1bd-400f-b80b-443a3772ada9-chrome-pdf.html","meta":{"rootId":"udfutz85zyo6ydq","id":"udfutz85zyo6ydq"},"id":"ccquprcgkdmb4e4","previousOperationId":"oxa8sm20ewxqb1k"}
{"type":"log","timestamp":1705334764502,"level":"debug","message":"Page request finished: GET (script) 200 https://cdnjs.cloudflare.com/ajax/libs/Chart.js/2.7.2/Chart.min.js","meta":{"rootId":"udfutz85zyo6ydq","id":"udfutz85zyo6ydq"},"id":"a6uj56wpz1elyrj","previousOperationId":"oxa8sm20ewxqb1k"}
{"type":"log","timestamp":1705334764509,"level":"warn","message":"Page error: Unexpected token ';' , stack: SyntaxError: Unexpected token ';'","meta":{"rootId":"udfutz85zyo6ydq","id":"udfutz85zyo6ydq"},"id":"84pswefd35svo2w","previousOperationId":"oxa8sm20ewxqb1k"}
{"type":"log","timestamp":1705334764525,"level":"debug","message":"Running chrome with params {\"printBackground\":true,\"marginTop\":\"4cm\",\"marginRight\":\"1.5cm\",\"marginBottom\":\"1.5cm\",\"marginLeft\":\"1.5cm\",\"waitForJS\":false,\"timeout\":59927,\"margin\":{\"top\":\"4cm\",\"right\":\"1.5cm\",\"bottom\":\"1.5cm\",\"left\":\"1.5cm\"}}","meta":{"rootId":"udfutz85zyo6ydq","id":"udfutz85zyo6ydq"},"id":"fx1m90wknvjelos","previousOperationId":"oxa8sm20ewxqb1k"}
{"type":"operationEnd","operationId":"oxa8sm20ewxqb1k","timestamp":1705334764572,"id":"if8ksef37rmpzal","previousEventId":"34zifntzmpejy12","previousOperationId":"oxa8sm20ewxqb1k"}
{"type":"log","timestamp":1705334764572,"level":"info","message":"pdf-utils is starting pdf processing","meta":{"rootId":"udfutz85zyo6ydq","id":"udfutz85zyo6ydq"},"id":"29qsm8lxiypgbwa","previousOperationId":"oxa8sm20ewxqb1k"}
{"type":"operationStart","subtype":"pdfUtils","name":"pdf utils","timestamp":1705334764572,"id":"yka0y84hcbzewhi","previousEventId":"if8ksef37rmpzal","operationId":"pkjbxkvka82ltbf","previousOperationId":"oxa8sm20ewxqb1k"}
{"type":"log","timestamp":1705334764572,"level":"debug","message":"pdf-utils detected 1 pdf operation(s) to process","meta":{"rootId":"udfutz85zyo6ydq","id":"udfutz85zyo6ydq"},"id":"2qufoj33darnd4o","previousOperationId":"pkjbxkvka82ltbf"}
{"type":"log","timestamp":1705334764598,"level":"debug","message":"pdf-utils running pdf operation merge","meta":{"rootId":"udfutz85zyo6ydq","id":"udfutz85zyo6ydq"},"id":"6wsobk56ckfgphp","previousOperationId":"pkjbxkvka82ltbf"}
{"type":"operationStart","subtype":"pdfUtilsMerge","name":"pdf utils merge","previousOperationId":"pkjbxkvka82ltbf","timestamp":1705334764598,"id":"bqwl0qoql86regh","previousEventId":"yka0y84hcbzewhi","operationId":"j3f0qv2cjolfc6y"}
{"type":"operationStart","subtype":"render","name":"locations-header","previousOperationId":"j3f0qv2cjolfc6y","timestamp":1705334764599,"id":"6d3od31800171id","previousEventId":"bqwl0qoql86regh","operationId":"eooj0dd0pd854td"}
{"type":"log","timestamp":1705334764599,"level":"info","message":"Starting rendering (child) request","meta":{"rootId":"udfutz85zyo6ydq","id":"ba26ry29whvgw86"},"id":"c0i2u3mekd0mv0y","previousOperationId":"eooj0dd0pd854td"}
{"type":"log","timestamp":1705334764599,"level":"info","message":"Rendering template { name: locations-header, recipe: chrome-pdf, engine: handlebars, preview: true }","meta":{"rootId":"udfutz85zyo6ydq","id":"ba26ry29whvgw86"},"id":"eojyjddi3xdmk0r","previousOperationId":"eooj0dd0pd854td"}
{"type":"log","timestamp":1705334764601,"level":"debug","message":"Inline data specified.","meta":{"rootId":"udfutz85zyo6ydq","id":"ba26ry29whvgw86"},"id":"icmlgf72ry0ed2e","previousOperationId":"eooj0dd0pd854td"}
{"type":"log","timestamp":1705334764604,"level":"debug","message":"Base url not specified, skipping its injection.","meta":{"rootId":"udfutz85zyo6ydq","id":"ba26ry29whvgw86"},"id":"6lbu0wzae5tsixl","previousOperationId":"eooj0dd0pd854td"}
{"type":"operationStart","subtype":"engine","name":"handlebars","timestamp":1705334764605,"id":"v91yy3uvw7mei5h","previousEventId":"6d3od31800171id","operationId":"shvtp5omk2jfznd","previousOperationId":"eooj0dd0pd854td"}
{"type":"log","timestamp":1705334764605,"level":"debug","message":"Rendering engine handlebars","meta":{"rootId":"udfutz85zyo6ydq","id":"ba26ry29whvgw86"},"id":"1zx58xb9nt6gjxh","previousOperationId":"shvtp5omk2jfznd"}
{"type":"operationEnd","operationId":"shvtp5omk2jfznd","timestamp":1705334764629,"id":"l6y50x2l982oyov","previousEventId":"v91yy3uvw7mei5h","previousOperationId":"shvtp5omk2jfznd"}
{"type":"operationStart","subtype":"recipe","name":"chrome-pdf","timestamp":1705334764629,"id":"jox8pmh992pfzoj","previousEventId":"l6y50x2l982oyov","operationId":"15z6pty34pl8r8s","previousOperationId":"shvtp5omk2jfznd"}
{"type":"log","timestamp":1705334764629,"level":"debug","message":"Executing recipe chrome-pdf","meta":{"rootId":"udfutz85zyo6ydq","id":"ba26ry29whvgw86"},"id":"q37wa6gkrf6591s","previousOperationId":"15z6pty34pl8r8s"}
{"type":"log","timestamp":1705334764633,"level":"debug","message":"Converting with chrome HeadlessChrome/117.0.5938.149 using chrome-pool strategy","meta":{"rootId":"udfutz85zyo6ydq","id":"ba26ry29whvgw86"},"id":"akqm882iq3i0n4n","previousOperationId":"15z6pty34pl8r8s"}
{"type":"log","timestamp":1705334764773,"level":"debug","message":"Page request: GET (document) file:///C:/Users/arida/AppData/Local/Temp/jsreport/autocleanup/0c5d736a-7765-47d7-b39a-cae891593d0b-chrome-pdf.html","meta":{"rootId":"udfutz85zyo6ydq","id":"ba26ry29whvgw86"},"id":"6l52yqsty5au7hw","previousOperationId":"15z6pty34pl8r8s"}
{"type":"log","timestamp":1705334764785,"level":"debug","message":"Page request: GET (stylesheet) https://cdnjs.cloudflare.com/ajax/libs/metro/4.1.5/css/metro.min.css","meta":{"rootId":"udfutz85zyo6ydq","id":"ba26ry29whvgw86"},"id":"69p6mzu3yu6lc2q","previousOperationId":"15z6pty34pl8r8s"}
{"type":"log","timestamp":1705334764786,"level":"debug","message":"Page request finished: GET (document) 200 file:///C:/Users/arida/AppData/Local/Temp/jsreport/autocleanup/0c5d736a-7765-47d7-b39a-cae891593d0b-chrome-pdf.html","meta":{"rootId":"udfutz85zyo6ydq","id":"ba26ry29whvgw86"},"id":"0i5ksdp1p6n260l","previousOperationId":"15z6pty34pl8r8s"}
{"type":"log","timestamp":1705334764807,"level":"debug","message":"Page request finished: GET (stylesheet) 200 https://cdnjs.cloudflare.com/ajax/libs/metro/4.1.5/css/metro.min.css","meta":{"rootId":"udfutz85zyo6ydq","id":"ba26ry29whvgw86"},"id":"oddebzlgi7l3tfv","previousOperationId":"15z6pty34pl8r8s"}
{"type":"log","timestamp":1705334764833,"level":"debug","message":"Running chrome with params {\"printBackground\":true,\"marginTop\":\"1.5cm\",\"marginRight\":\"1.5cm\",\"marginLeft\":\"1.cm\",\"timeout\":59641,\"margin\":{\"top\":\"1.5cm\",\"right\":\"1.5cm\",\"left\":\"1.cm\"}}","meta":{"rootId":"udfutz85zyo6ydq","id":"ba26ry29whvgw86"},"id":"h6c4su7gx7dlm4o","previousOperationId":"15z6pty34pl8r8s"}
{"type":"operationEnd","operationId":"15z6pty34pl8r8s","timestamp":1705334764880,"id":"ld0karkv2w0zmaw","previousEventId":"jox8pmh992pfzoj","previousOperationId":"15z6pty34pl8r8s"}
{"type":"log","timestamp":1705334764881,"level":"debug","message":"Skipping storing report.","meta":{"rootId":"udfutz85zyo6ydq","id":"ba26ry29whvgw86"},"id":"gj0nu1m7hpgxh3c","previousOperationId":"15z6pty34pl8r8s"}
{"type":"log","timestamp":1705334764881,"level":"info","message":"Rendering (child) request finished in 608 ms","meta":{"rootId":"udfutz85zyo6ydq","id":"ba26ry29whvgw86"},"id":"hcnc5ae07c3lm5x","previousOperationId":"15z6pty34pl8r8s"}
{"type":"operationEnd","subtype":"render","operationId":"eooj0dd0pd854td","timestamp":1705334764881,"id":"s8jqaxhgax93q60","previousEventId":"ld0karkv2w0zmaw","previousOperationId":"15z6pty34pl8r8s"}
{"type":"operationEnd","operationId":"j3f0qv2cjolfc6y","timestamp":1705334764894,"id":"28z0sdys7yrofec","previousEventId":"bqwl0qoql86regh","previousOperationId":"j3f0qv2cjolfc6y"}
{"type":"log","timestamp":1705334764894,"level":"debug","message":"pdf-utils postproces start","meta":{"rootId":"udfutz85zyo6ydq","id":"udfutz85zyo6ydq"},"id":"xm3w110zmpmrvuk","previousOperationId":"j3f0qv2cjolfc6y"}
{"type":"log","timestamp":1705334764908,"level":"debug","message":"pdf-utils postproces end","meta":{"rootId":"udfutz85zyo6ydq","id":"udfutz85zyo6ydq"},"id":"7clsjkyl6bbu3yt","previousOperationId":"j3f0qv2cjolfc6y"}
{"type":"operationEnd","operationId":"pkjbxkvka82ltbf","timestamp":1705334764908,"id":"ufl0bpl9qdqng5u","previousEventId":"28z0sdys7yrofec","previousOperationId":"j3f0qv2cjolfc6y"}
{"type":"log","timestamp":1705334764908,"level":"info","message":"pdf-utils pdf processing was finished","meta":{"rootId":"udfutz85zyo6ydq","id":"udfutz85zyo6ydq"},"id":"0hid52qhsb8ek1q","previousOperationId":"pkjbxkvka82ltbf"}
{"type":"log","timestamp":1705334764908,"level":"debug","message":"Skipping storing report.","meta":{"rootId":"udfutz85zyo6ydq","id":"udfutz85zyo6ydq"},"id":"f1a5pxku4l42aqp","previousOperationId":"pkjbxkvka82ltbf"}
{"type":"log","timestamp":1705334764908,"level":"info","message":"Rendering request 27 finished in 635 ms","meta":{"rootId":"udfutz85zyo6ydq","id":"udfutz85zyo6ydq"},"id":"ymxmfniidamrt3v","previousOperationId":"pkjbxkvka82ltbf"}
{"type":"operationEnd","subtype":"render","operationId":"o4kqxsb3lhqcuf0","timestamp":1705334764908,"id":"mm8re6s602gqme1","previousEventId":"ufl0bpl9qdqng5u","previousOperationId":"pkjbxkvka82ltbf"}
{"type":"operationEnd","doDiffs":false,"previousEventId":"23pt55xl8steljj","previousOperationId":"1kizfbnzyd14zie","operationId":"1kizfbnzyd14zie","timestamp":1705334764918,"id":"0b3mnylsoqbjfff"}
