{"type":"operationStart","subtype":"profile","data":{"_id":"ycNl2JOKDB2OTqX4","timestamp":"2024-01-15T18:46:43.917Z","state":"queued","mode":"standard","creationDate":"2024-01-15T18:46:43.921Z","modificationDate":"2024-01-15T18:46:43.921Z","shortid":"9peDO_G","$entitySet":"profiles"},"doDiffs":false,"timestamp":1705344403919,"id":"81dkrq35pafq2st","previousOperationId":null,"operationId":"bb5dd70qy43ssed"}
{"type":"log","level":"info","message":"Render request 49 queued for execution and waiting for available worker","previousOperationId":"bb5dd70qy43ssed","timestamp":1705344403919,"id":"ju9vyf5zua23s8h"}
{"type":"operationStart","subtype":"render","name":"locations-main","previousOperationId":"bb5dd70qy43ssed","timestamp":1705344403926,"id":"losjmhze8apthgf","previousEventId":"81dkrq35pafq2st","operationId":"d3wazpnqzni75ko"}
{"type":"log","timestamp":1705344403926,"level":"info","message":"Starting rendering request 49","meta":{"rootId":"ve37udqu3g0wfhe","id":"ve37udqu3g0wfhe"},"id":"zv5mms7s2w3c1m5","previousOperationId":"d3wazpnqzni75ko"}
{"type":"log","timestamp":1705344403926,"level":"info","message":"Rendering template { name: locations-main, recipe: chrome-pdf, engine: handlebars, preview: false }","meta":{"rootId":"ve37udqu3g0wfhe","id":"ve37udqu3g0wfhe"},"id":"6xpr3fp3khpfx7u","previousOperationId":"d3wazpnqzni75ko"}
{"type":"log","timestamp":1705344403928,"level":"debug","message":"Data item not defined for this template.","meta":{"rootId":"ve37udqu3g0wfhe","id":"ve37udqu3g0wfhe"},"id":"sty63xvs72i0qj3","previousOperationId":"d3wazpnqzni75ko"}
{"type":"log","timestamp":1705344403933,"level":"debug","message":"Executing script locations-script (beforeRender)","meta":{"rootId":"ve37udqu3g0wfhe","id":"ve37udqu3g0wfhe"},"id":"picz68d0zncxg72","previousOperationId":"d3wazpnqzni75ko"}
{"type":"operationStart","subtype":"scriptsBeforeRender","name":"scripts beforeRender","timestamp":1705344403950,"id":"3p44lomo2wnvvgy","previousEventId":"losjmhze8apthgf","operationId":"14y7auztx5u99cf","previousOperationId":"d3wazpnqzni75ko"}
{"type":"operationStart","subtype":"script","name":"scripts locations-script","previousOperationId":"14y7auztx5u99cf","timestamp":1705344403950,"id":"epu6wfj2ns3l3vz","previousEventId":"3p44lomo2wnvvgy","operationId":"sp90c94ys2sn03p"}
{"type":"operationEnd","operationId":"sp90c94ys2sn03p","timestamp":1705344403967,"id":"9e0jgkz23j23085","previousEventId":"losjmhze8apthgf","previousOperationId":"d3wazpnqzni75ko"}
{"type":"operationEnd","operationId":"14y7auztx5u99cf","timestamp":1705344403967,"id":"2rg6k40vo8jrcn8","previousEventId":"9e0jgkz23j23085","previousOperationId":"d3wazpnqzni75ko"}
{"type":"log","timestamp":1705344403967,"level":"debug","message":"Base url not specified, skipping its injection.","meta":{"rootId":"ve37udqu3g0wfhe","id":"ve37udqu3g0wfhe"},"id":"dnkoylbekiru9cu","previousOperationId":"14y7auztx5u99cf"}
{"type":"operationStart","subtype":"engine","name":"handlebars","timestamp":1705344403967,"id":"jos38vsa0ixue65","previousEventId":"2rg6k40vo8jrcn8","operationId":"tsjz0t8w7hq2zl8","previousOperationId":"14y7auztx5u99cf"}
{"type":"log","timestamp":1705344403967,"level":"debug","message":"Rendering engine handlebars","meta":{"rootId":"ve37udqu3g0wfhe","id":"ve37udqu3g0wfhe"},"id":"kxyadxsn691tias","previousOperationId":"tsjz0t8w7hq2zl8"}
{"type":"operationEnd","operationId":"tsjz0t8w7hq2zl8","timestamp":1705344403978,"id":"9fzmh61jdcynp7c","previousEventId":"jos38vsa0ixue65","previousOperationId":"tsjz0t8w7hq2zl8"}
{"type":"operationStart","subtype":"recipe","name":"chrome-pdf","timestamp":1705344403978,"id":"p9cov3v116o7ojt","previousEventId":"9fzmh61jdcynp7c","operationId":"eeq5h54wqrvnrjk","previousOperationId":"tsjz0t8w7hq2zl8"}
{"type":"log","timestamp":1705344403978,"level":"debug","message":"Executing recipe chrome-pdf","meta":{"rootId":"ve37udqu3g0wfhe","id":"ve37udqu3g0wfhe"},"id":"bamghepclra2dmt","previousOperationId":"eeq5h54wqrvnrjk"}
{"type":"log","timestamp":1705344403982,"level":"debug","message":"Converting with chrome HeadlessChrome/117.0.5938.149 using chrome-pool strategy","meta":{"rootId":"ve37udqu3g0wfhe","id":"ve37udqu3g0wfhe"},"id":"olkbcexr372lr5w","previousOperationId":"eeq5h54wqrvnrjk"}
{"type":"log","timestamp":1705344404665,"level":"debug","message":"Page request: GET (document) file:///C:/Users/arida/AppData/Local/Temp/jsreport/autocleanup/b5974425-6411-4d1a-998e-81b8396a8b3a-chrome-pdf.html","meta":{"rootId":"ve37udqu3g0wfhe","id":"ve37udqu3g0wfhe"},"id":"3lxx40b3bnuo6wx","previousOperationId":"eeq5h54wqrvnrjk"}
{"type":"log","timestamp":1705344404676,"level":"debug","message":"Page request: GET (script) https://cdnjs.cloudflare.com/ajax/libs/Chart.js/2.7.2/Chart.min.js","meta":{"rootId":"ve37udqu3g0wfhe","id":"ve37udqu3g0wfhe"},"id":"ci5m60nnc289t46","previousOperationId":"eeq5h54wqrvnrjk"}
{"type":"log","timestamp":1705344404677,"level":"debug","message":"Page request finished: GET (document) 200 file:///C:/Users/arida/AppData/Local/Temp/jsreport/autocleanup/b5974425-6411-4d1a-998e-81b8396a8b3a-chrome-pdf.html","meta":{"rootId":"ve37udqu3g0wfhe","id":"ve37udqu3g0wfhe"},"id":"hzwvp19q3ddg1d2","previousOperationId":"eeq5h54wqrvnrjk"}
{"type":"log","timestamp":1705344404693,"level":"debug","message":"Page request finished: GET (script) 200 https://cdnjs.cloudflare.com/ajax/libs/Chart.js/2.7.2/Chart.min.js","meta":{"rootId":"ve37udqu3g0wfhe","id":"ve37udqu3g0wfhe"},"id":"g9y2peu43a4f2zs","previousOperationId":"eeq5h54wqrvnrjk"}
{"type":"log","timestamp":1705344404731,"level":"debug","message":"Running chrome with params {\"printBackground\":true,\"marginTop\":\"4cm\",\"marginRight\":\"1.5cm\",\"marginBottom\":\"1.5cm\",\"marginLeft\":\"1.5cm\",\"waitForJS\":false,\"timeout\":59936,\"margin\":{\"top\":\"4cm\",\"right\":\"1.5cm\",\"bottom\":\"1.5cm\",\"left\":\"1.5cm\"}}","meta":{"rootId":"ve37udqu3g0wfhe","id":"ve37udqu3g0wfhe"},"id":"cx9jd0n3gh6h0t2","previousOperationId":"eeq5h54wqrvnrjk"}
{"type":"operationEnd","operationId":"eeq5h54wqrvnrjk","timestamp":1705344404785,"id":"d8983uwqrxf0jr2","previousEventId":"p9cov3v116o7ojt","previousOperationId":"eeq5h54wqrvnrjk"}
{"type":"log","timestamp":1705344404785,"level":"info","message":"pdf-utils is starting pdf processing","meta":{"rootId":"ve37udqu3g0wfhe","id":"ve37udqu3g0wfhe"},"id":"xjuvb3vh5humghq","previousOperationId":"eeq5h54wqrvnrjk"}
{"type":"operationStart","subtype":"pdfUtils","name":"pdf utils","timestamp":1705344404785,"id":"t1mk3q64j8daoum","previousEventId":"d8983uwqrxf0jr2","operationId":"m4e2l48eebyh4e5","previousOperationId":"eeq5h54wqrvnrjk"}
{"type":"log","timestamp":1705344404785,"level":"debug","message":"pdf-utils detected 1 pdf operation(s) to process","meta":{"rootId":"ve37udqu3g0wfhe","id":"ve37udqu3g0wfhe"},"id":"puqykj9ue8kioln","previousOperationId":"m4e2l48eebyh4e5"}
{"type":"log","timestamp":1705344404796,"level":"debug","message":"pdf-utils running pdf operation merge","meta":{"rootId":"ve37udqu3g0wfhe","id":"ve37udqu3g0wfhe"},"id":"xlwsd17xqrctnil","previousOperationId":"m4e2l48eebyh4e5"}
{"type":"operationStart","subtype":"pdfUtilsMerge","name":"pdf utils merge","previousOperationId":"m4e2l48eebyh4e5","timestamp":1705344404796,"id":"azn28dv7g64pzgu","previousEventId":"t1mk3q64j8daoum","operationId":"967fqoj598zahne"}
{"type":"operationStart","subtype":"render","name":"locations-header","previousOperationId":"967fqoj598zahne","timestamp":1705344404797,"id":"5zezh07zmaqlh9k","previousEventId":"azn28dv7g64pzgu","operationId":"5d19uanzyq0m1cp"}
{"type":"log","timestamp":1705344404797,"level":"info","message":"Starting rendering (child) request","meta":{"rootId":"ve37udqu3g0wfhe","id":"1tbtpn9u8k0i6dp"},"id":"p3ybpaa1izno8r4","previousOperationId":"5d19uanzyq0m1cp"}
{"type":"log","timestamp":1705344404797,"level":"info","message":"Rendering template { name: locations-header, recipe: chrome-pdf, engine: handlebars, preview: false }","meta":{"rootId":"ve37udqu3g0wfhe","id":"1tbtpn9u8k0i6dp"},"id":"hdh2z8sshdkqhbk","previousOperationId":"5d19uanzyq0m1cp"}
{"type":"log","timestamp":1705344404798,"level":"debug","message":"Inline data specified.","meta":{"rootId":"ve37udqu3g0wfhe","id":"1tbtpn9u8k0i6dp"},"id":"budwlmk0grbcuxb","previousOperationId":"5d19uanzyq0m1cp"}
{"type":"log","timestamp":1705344404801,"level":"debug","message":"Base url not specified, skipping its injection.","meta":{"rootId":"ve37udqu3g0wfhe","id":"1tbtpn9u8k0i6dp"},"id":"rhhowkywriv4o6s","previousOperationId":"5d19uanzyq0m1cp"}
{"type":"operationStart","subtype":"engine","name":"handlebars","timestamp":1705344404801,"id":"312tgy5cbka9ujv","previousEventId":"5zezh07zmaqlh9k","operationId":"f9j62q06n9cubk0","previousOperationId":"5d19uanzyq0m1cp"}
{"type":"log","timestamp":1705344404801,"level":"debug","message":"Rendering engine handlebars","meta":{"rootId":"ve37udqu3g0wfhe","id":"1tbtpn9u8k0i6dp"},"id":"7t1z7faemv3solt","previousOperationId":"f9j62q06n9cubk0"}
{"type":"operationEnd","operationId":"f9j62q06n9cubk0","timestamp":1705344404815,"id":"by7db7zft4zmrrn","previousEventId":"312tgy5cbka9ujv","previousOperationId":"f9j62q06n9cubk0"}
{"type":"operationStart","subtype":"recipe","name":"chrome-pdf","timestamp":1705344404815,"id":"4bxli4u6v5o7ny2","previousEventId":"by7db7zft4zmrrn","operationId":"z9kcsgi7qdxsa9a","previousOperationId":"f9j62q06n9cubk0"}
{"type":"log","timestamp":1705344404815,"level":"debug","message":"Executing recipe chrome-pdf","meta":{"rootId":"ve37udqu3g0wfhe","id":"1tbtpn9u8k0i6dp"},"id":"3tz5kqaw7ocahfz","previousOperationId":"z9kcsgi7qdxsa9a"}
{"type":"log","timestamp":1705344404817,"level":"debug","message":"Converting with chrome HeadlessChrome/117.0.5938.149 using chrome-pool strategy","meta":{"rootId":"ve37udqu3g0wfhe","id":"1tbtpn9u8k0i6dp"},"id":"ts7yxwo5xlkq8nb","previousOperationId":"z9kcsgi7qdxsa9a"}
{"type":"log","timestamp":1705344404927,"level":"debug","message":"Page request: GET (document) file:///C:/Users/arida/AppData/Local/Temp/jsreport/autocleanup/19d4fbef-953f-4ab7-a306-a0e6f522c77d-chrome-pdf.html","meta":{"rootId":"ve37udqu3g0wfhe","id":"1tbtpn9u8k0i6dp"},"id":"h0vx9mr3iryiyf3","previousOperationId":"z9kcsgi7qdxsa9a"}
{"type":"log","timestamp":1705344404938,"level":"debug","message":"Page request: GET (stylesheet) https://cdnjs.cloudflare.com/ajax/libs/metro/4.1.5/css/metro.min.css","meta":{"rootId":"ve37udqu3g0wfhe","id":"1tbtpn9u8k0i6dp"},"id":"ti24s7boq7wv791","previousOperationId":"z9kcsgi7qdxsa9a"}
{"type":"log","timestamp":1705344404939,"level":"debug","message":"Page request finished: GET (document) 200 file:///C:/Users/arida/AppData/Local/Temp/jsreport/autocleanup/19d4fbef-953f-4ab7-a306-a0e6f522c77d-chrome-pdf.html","meta":{"rootId":"ve37udqu3g0wfhe","id":"1tbtpn9u8k0i6dp"},"id":"2lxegdjwo75jz6e","previousOperationId":"z9kcsgi7qdxsa9a"}
{"type":"log","timestamp":1705344404962,"level":"debug","message":"Page request finished: GET (stylesheet) 200 https://cdnjs.cloudflare.com/ajax/libs/metro/4.1.5/css/metro.min.css","meta":{"rootId":"ve37udqu3g0wfhe","id":"1tbtpn9u8k0i6dp"},"id":"jhqd54q9lhpn0cv","previousOperationId":"z9kcsgi7qdxsa9a"}
{"type":"log","timestamp":1705344404998,"level":"debug","message":"Running chrome with params {\"printBackground\":true,\"marginTop\":\"1.5cm\",\"marginRight\":\"1.5cm\",\"marginLeft\":\"1.cm\",\"timeout\":59100,\"margin\":{\"top\":\"1.5cm\",\"right\":\"1.5cm\",\"left\":\"1.cm\"}}","meta":{"rootId":"ve37udqu3g0wfhe","id":"1tbtpn9u8k0i6dp"},"id":"8utmw08dlccgu4l","previousOperationId":"z9kcsgi7qdxsa9a"}
{"type":"operationEnd","operationId":"z9kcsgi7qdxsa9a","timestamp":1705344405033,"id":"ujiz1q269i6no6d","previousEventId":"4bxli4u6v5o7ny2","previousOperationId":"z9kcsgi7qdxsa9a"}
{"type":"log","timestamp":1705344405033,"level":"debug","message":"Skipping storing report.","meta":{"rootId":"ve37udqu3g0wfhe","id":"1tbtpn9u8k0i6dp"},"id":"99g0u3uduvggbjh","previousOperationId":"z9kcsgi7qdxsa9a"}
{"type":"log","timestamp":1705344405033,"level":"info","message":"Rendering (child) request finished in 1116 ms","meta":{"rootId":"ve37udqu3g0wfhe","id":"1tbtpn9u8k0i6dp"},"id":"w64vmgg6wxae0z1","previousOperationId":"z9kcsgi7qdxsa9a"}
{"type":"operationEnd","subtype":"render","operationId":"5d19uanzyq0m1cp","timestamp":1705344405033,"id":"8kzudumzcc940s7","previousEventId":"ujiz1q269i6no6d","previousOperationId":"z9kcsgi7qdxsa9a"}
{"type":"operationEnd","operationId":"967fqoj598zahne","timestamp":1705344405043,"id":"tcxb4v8a8xk51qm","previousEventId":"azn28dv7g64pzgu","previousOperationId":"967fqoj598zahne"}
{"type":"log","timestamp":1705344405043,"level":"debug","message":"pdf-utils postproces start","meta":{"rootId":"ve37udqu3g0wfhe","id":"ve37udqu3g0wfhe"},"id":"a92vg8utg0n99tw","previousOperationId":"967fqoj598zahne"}
{"type":"log","timestamp":1705344405050,"level":"debug","message":"pdf-utils postproces end","meta":{"rootId":"ve37udqu3g0wfhe","id":"ve37udqu3g0wfhe"},"id":"yzxfo4qll33afyx","previousOperationId":"967fqoj598zahne"}
{"type":"operationEnd","operationId":"m4e2l48eebyh4e5","timestamp":1705344405050,"id":"1n66p57cglgj039","previousEventId":"tcxb4v8a8xk51qm","previousOperationId":"967fqoj598zahne"}
{"type":"log","timestamp":1705344405050,"level":"info","message":"pdf-utils pdf processing was finished","meta":{"rootId":"ve37udqu3g0wfhe","id":"ve37udqu3g0wfhe"},"id":"ztfvzpubrl6hif2","previousOperationId":"m4e2l48eebyh4e5"}
{"type":"log","timestamp":1705344405050,"level":"debug","message":"Skipping storing report.","meta":{"rootId":"ve37udqu3g0wfhe","id":"ve37udqu3g0wfhe"},"id":"2ojjt6bi9i36ujy","previousOperationId":"m4e2l48eebyh4e5"}
{"type":"log","timestamp":1705344405050,"level":"info","message":"Rendering request 49 finished in 1133 ms","meta":{"rootId":"ve37udqu3g0wfhe","id":"ve37udqu3g0wfhe"},"id":"8i6p4mobm8nzl8r","previousOperationId":"m4e2l48eebyh4e5"}
{"type":"operationEnd","subtype":"render","operationId":"d3wazpnqzni75ko","timestamp":1705344405050,"id":"tmty3rcv69gknmw","previousEventId":"1n66p57cglgj039","previousOperationId":"m4e2l48eebyh4e5"}
{"type":"operationEnd","doDiffs":false,"previousEventId":"81dkrq35pafq2st","previousOperationId":"bb5dd70qy43ssed","operationId":"bb5dd70qy43ssed","timestamp":1705344405057,"id":"ftw7r8rixw3hmzc"}
