{"type":"operationStart","subtype":"profile","data":{"_id":"QQDIyYNeoCLet8d5","timestamp":"2024-01-15T16:02:03.935Z","state":"queued","mode":"standard","creationDate":"2024-01-15T16:02:03.938Z","modificationDate":"2024-01-15T16:02:03.938Z","shortid":"e8jbW-X","$entitySet":"profiles"},"doDiffs":false,"timestamp":1705334523937,"id":"7j3bnpeevbsol3p","previousOperationId":null,"operationId":"wtcuvfhgfippzq6"}
{"type":"log","level":"info","message":"Render request 23 queued for execution and waiting for available worker","previousOperationId":"wtcuvfhgfippzq6","timestamp":1705334523937,"id":"rey7lvsapsxmlda"}
{"type":"operationStart","subtype":"render","name":"locations-main","previousOperationId":"wtcuvfhgfippzq6","timestamp":1705334523952,"id":"214njsfdx4xm4at","previousEventId":"7j3bnpeevbsol3p","operationId":"drk0gx22be10ans"}
{"type":"log","timestamp":1705334523952,"level":"info","message":"Starting rendering request 23","meta":{"rootId":"w9jnnx9m2malt0l","id":"w9jnnx9m2malt0l"},"id":"oz7ajcnqcui04tr","previousOperationId":"drk0gx22be10ans"}
{"type":"log","timestamp":1705334523953,"level":"info","message":"Rendering template { name: locations-main, recipe: chrome-pdf, engine: handlebars, preview: true }","meta":{"rootId":"w9jnnx9m2malt0l","id":"w9jnnx9m2malt0l"},"id":"b0c8cwgty98pfvx","previousOperationId":"drk0gx22be10ans"}
{"type":"log","timestamp":1705334523954,"level":"debug","message":"Data item not defined for this template.","meta":{"rootId":"w9jnnx9m2malt0l","id":"w9jnnx9m2malt0l"},"id":"smixa8007gl23ou","previousOperationId":"drk0gx22be10ans"}
{"type":"log","timestamp":1705334523958,"level":"debug","message":"Executing script locations-script (beforeRender)","meta":{"rootId":"w9jnnx9m2malt0l","id":"w9jnnx9m2malt0l"},"id":"6w314e4m35v84vc","previousOperationId":"drk0gx22be10ans"}
{"type":"operationStart","subtype":"scriptsBeforeRender","name":"scripts beforeRender","timestamp":1705334523968,"id":"v1dhb579h6tbshn","previousEventId":"214njsfdx4xm4at","operationId":"p69c4tl8ymrrrfj","previousOperationId":"drk0gx22be10ans"}
{"type":"operationStart","subtype":"script","name":"scripts locations-script","previousOperationId":"p69c4tl8ymrrrfj","timestamp":1705334523968,"id":"edtwf81xmn9ws9k","previousEventId":"v1dhb579h6tbshn","operationId":"0535x354kfb45zz"}
{"type":"operationEnd","operationId":"0535x354kfb45zz","timestamp":1705334523981,"id":"lv5bxvrxq5jyrel","previousEventId":"214njsfdx4xm4at","previousOperationId":"drk0gx22be10ans"}
{"type":"operationEnd","operationId":"p69c4tl8ymrrrfj","timestamp":1705334523981,"id":"ipa2edm38m7szbp","previousEventId":"lv5bxvrxq5jyrel","previousOperationId":"drk0gx22be10ans"}
{"type":"log","timestamp":1705334523981,"level":"debug","message":"Base url not specified, skipping its injection.","meta":{"rootId":"w9jnnx9m2malt0l","id":"w9jnnx9m2malt0l"},"id":"pasyg7mvuhz11ue","previousOperationId":"p69c4tl8ymrrrfj"}
{"type":"operationStart","subtype":"engine","name":"handlebars","timestamp":1705334523981,"id":"cpf5m3knethlj5u","previousEventId":"ipa2edm38m7szbp","operationId":"uh6949v3rx9na0l","previousOperationId":"p69c4tl8ymrrrfj"}
{"type":"log","timestamp":1705334523981,"level":"debug","message":"Rendering engine handlebars","meta":{"rootId":"w9jnnx9m2malt0l","id":"w9jnnx9m2malt0l"},"id":"j6yw2vs89j70f87","previousOperationId":"uh6949v3rx9na0l"}
{"type":"operationEnd","operationId":"uh6949v3rx9na0l","timestamp":1705334524001,"id":"470v2xyd8ldey47","previousEventId":"cpf5m3knethlj5u","previousOperationId":"uh6949v3rx9na0l"}
{"type":"operationStart","subtype":"recipe","name":"chrome-pdf","timestamp":1705334524001,"id":"7bjg8cvjdxrz3qo","previousEventId":"470v2xyd8ldey47","operationId":"9x30zc60ktoyivs","previousOperationId":"uh6949v3rx9na0l"}
{"type":"log","timestamp":1705334524001,"level":"debug","message":"Executing recipe chrome-pdf","meta":{"rootId":"w9jnnx9m2malt0l","id":"w9jnnx9m2malt0l"},"id":"iy3yd8tq6fgk15v","previousOperationId":"9x30zc60ktoyivs"}
{"type":"log","timestamp":1705334524004,"level":"debug","message":"Converting with chrome HeadlessChrome/117.0.5938.149 using chrome-pool strategy","meta":{"rootId":"w9jnnx9m2malt0l","id":"w9jnnx9m2malt0l"},"id":"jcdj8nw7538y23i","previousOperationId":"9x30zc60ktoyivs"}
{"type":"log","timestamp":1705334524135,"level":"debug","message":"Page request: GET (document) file:///C:/Users/arida/AppData/Local/Temp/jsreport/autocleanup/33c08f33-5904-4bce-aec2-ffcfda6f2aee-chrome-pdf.html","meta":{"rootId":"w9jnnx9m2malt0l","id":"w9jnnx9m2malt0l"},"id":"w0pxe09oe52ws4e","previousOperationId":"9x30zc60ktoyivs"}
{"type":"log","timestamp":1705334524147,"level":"debug","message":"Page request: GET (script) https://cdnjs.cloudflare.com/ajax/libs/Chart.js/2.7.2/Chart.min.js","meta":{"rootId":"w9jnnx9m2malt0l","id":"w9jnnx9m2malt0l"},"id":"p0k7w3hqkfaymiw","previousOperationId":"9x30zc60ktoyivs"}
{"type":"log","timestamp":1705334524148,"level":"debug","message":"Page request finished: GET (document) 200 file:///C:/Users/arida/AppData/Local/Temp/jsreport/autocleanup/33c08f33-5904-4bce-aec2-ffcfda6f2aee-chrome-pdf.html","meta":{"rootId":"w9jnnx9m2malt0l","id":"w9jnnx9m2malt0l"},"id":"is93uw5rz2fk7lg","previousOperationId":"9x30zc60ktoyivs"}
{"type":"log","timestamp":1705334524153,"level":"debug","message":"Page request finished: GET (script) 200 https://cdnjs.cloudflare.com/ajax/libs/Chart.js/2.7.2/Chart.min.js","meta":{"rootId":"w9jnnx9m2malt0l","id":"w9jnnx9m2malt0l"},"id":"enixc0bh7b192om","previousOperationId":"9x30zc60ktoyivs"}
{"type":"log","timestamp":1705334524160,"level":"warn","message":"Page error: Unexpected token ';' , stack: SyntaxError: Unexpected token ';'","meta":{"rootId":"w9jnnx9m2malt0l","id":"w9jnnx9m2malt0l"},"id":"55cv1ij8fo3yebf","previousOperationId":"9x30zc60ktoyivs"}
{"type":"log","timestamp":1705334524173,"level":"debug","message":"Running chrome with params {\"printBackground\":true,\"marginTop\":\"4cm\",\"marginRight\":\"1.5cm\",\"marginBottom\":\"1.5cm\",\"marginLeft\":\"1.5cm\",\"waitForJS\":false,\"timeout\":59932,\"margin\":{\"top\":\"4cm\",\"right\":\"1.5cm\",\"bottom\":\"1.5cm\",\"left\":\"1.5cm\"}}","meta":{"rootId":"w9jnnx9m2malt0l","id":"w9jnnx9m2malt0l"},"id":"tys7h13fnppnl98","previousOperationId":"9x30zc60ktoyivs"}
{"type":"operationEnd","operationId":"9x30zc60ktoyivs","timestamp":1705334524217,"id":"2mnmvyx7i32cv5q","previousEventId":"7bjg8cvjdxrz3qo","previousOperationId":"9x30zc60ktoyivs"}
{"type":"log","timestamp":1705334524217,"level":"info","message":"pdf-utils is starting pdf processing","meta":{"rootId":"w9jnnx9m2malt0l","id":"w9jnnx9m2malt0l"},"id":"n0p8vtb8fwik4xx","previousOperationId":"9x30zc60ktoyivs"}
{"type":"operationStart","subtype":"pdfUtils","name":"pdf utils","timestamp":1705334524217,"id":"a1nwjhqpzr29li4","previousEventId":"2mnmvyx7i32cv5q","operationId":"8nws1gsi2c1dqft","previousOperationId":"9x30zc60ktoyivs"}
{"type":"log","timestamp":1705334524217,"level":"debug","message":"pdf-utils detected 1 pdf operation(s) to process","meta":{"rootId":"w9jnnx9m2malt0l","id":"w9jnnx9m2malt0l"},"id":"npjykwjrx29yu3p","previousOperationId":"8nws1gsi2c1dqft"}
{"type":"log","timestamp":1705334524228,"level":"debug","message":"pdf-utils running pdf operation merge","meta":{"rootId":"w9jnnx9m2malt0l","id":"w9jnnx9m2malt0l"},"id":"ll5iwv35dj0d1dd","previousOperationId":"8nws1gsi2c1dqft"}
{"type":"operationStart","subtype":"pdfUtilsMerge","name":"pdf utils merge","previousOperationId":"8nws1gsi2c1dqft","timestamp":1705334524228,"id":"41m7q4qtqr27vhi","previousEventId":"a1nwjhqpzr29li4","operationId":"74w7gg3z6wa7wzz"}
{"type":"operationStart","subtype":"render","name":"locations-header","previousOperationId":"74w7gg3z6wa7wzz","timestamp":1705334524229,"id":"3e3utbcz95m34l0","previousEventId":"41m7q4qtqr27vhi","operationId":"gg1uxdqk03edf45"}
{"type":"log","timestamp":1705334524229,"level":"info","message":"Starting rendering (child) request","meta":{"rootId":"w9jnnx9m2malt0l","id":"2cu77yq4ntqazgr"},"id":"b0fsjrwl7kuvlyk","previousOperationId":"gg1uxdqk03edf45"}
{"type":"log","timestamp":1705334524229,"level":"info","message":"Rendering template { name: locations-header, recipe: chrome-pdf, engine: handlebars, preview: true }","meta":{"rootId":"w9jnnx9m2malt0l","id":"2cu77yq4ntqazgr"},"id":"d758a0d51fky99e","previousOperationId":"gg1uxdqk03edf45"}
{"type":"log","timestamp":1705334524241,"level":"debug","message":"Inline data specified.","meta":{"rootId":"w9jnnx9m2malt0l","id":"2cu77yq4ntqazgr"},"id":"wnpoxxwp14fwxq4","previousOperationId":"gg1uxdqk03edf45"}
{"type":"log","timestamp":1705334524244,"level":"debug","message":"Base url not specified, skipping its injection.","meta":{"rootId":"w9jnnx9m2malt0l","id":"2cu77yq4ntqazgr"},"id":"uav6stsbfs4zpt2","previousOperationId":"gg1uxdqk03edf45"}
{"type":"operationStart","subtype":"engine","name":"handlebars","timestamp":1705334524244,"id":"7iepztfis4ed19m","previousEventId":"3e3utbcz95m34l0","operationId":"761y1xigzzi29dv","previousOperationId":"gg1uxdqk03edf45"}
{"type":"log","timestamp":1705334524244,"level":"debug","message":"Rendering engine handlebars","meta":{"rootId":"w9jnnx9m2malt0l","id":"2cu77yq4ntqazgr"},"id":"wbs0o81rcy8jisl","previousOperationId":"761y1xigzzi29dv"}
{"type":"operationEnd","operationId":"761y1xigzzi29dv","timestamp":1705334524259,"id":"mr5t6s7lqkrxmgq","previousEventId":"7iepztfis4ed19m","previousOperationId":"761y1xigzzi29dv"}
{"type":"operationStart","subtype":"recipe","name":"chrome-pdf","timestamp":1705334524259,"id":"34qy17jviyg8n2q","previousEventId":"mr5t6s7lqkrxmgq","operationId":"4ksnrfgdihd76dl","previousOperationId":"761y1xigzzi29dv"}
{"type":"log","timestamp":1705334524259,"level":"debug","message":"Executing recipe chrome-pdf","meta":{"rootId":"w9jnnx9m2malt0l","id":"2cu77yq4ntqazgr"},"id":"jyxa20c066g933z","previousOperationId":"4ksnrfgdihd76dl"}
{"type":"log","timestamp":1705334524262,"level":"debug","message":"Converting with chrome HeadlessChrome/117.0.5938.149 using chrome-pool strategy","meta":{"rootId":"w9jnnx9m2malt0l","id":"2cu77yq4ntqazgr"},"id":"9tf3gcw9udbl9zz","previousOperationId":"4ksnrfgdihd76dl"}
{"type":"log","timestamp":1705334524396,"level":"debug","message":"Page request: GET (document) file:///C:/Users/arida/AppData/Local/Temp/jsreport/autocleanup/c620f3dc-2f00-49d7-a6ec-964471c4bf43-chrome-pdf.html","meta":{"rootId":"w9jnnx9m2malt0l","id":"2cu77yq4ntqazgr"},"id":"j82dgso32c4znvo","previousOperationId":"4ksnrfgdihd76dl"}
{"type":"log","timestamp":1705334524406,"level":"debug","message":"Page request: GET (stylesheet) https://cdnjs.cloudflare.com/ajax/libs/metro/4.1.5/css/metro.min.css","meta":{"rootId":"w9jnnx9m2malt0l","id":"2cu77yq4ntqazgr"},"id":"il4vaaep9o3w5tk","previousOperationId":"4ksnrfgdihd76dl"}
{"type":"log","timestamp":1705334524407,"level":"debug","message":"Page request finished: GET (document) 200 file:///C:/Users/arida/AppData/Local/Temp/jsreport/autocleanup/c620f3dc-2f00-49d7-a6ec-964471c4bf43-chrome-pdf.html","meta":{"rootId":"w9jnnx9m2malt0l","id":"2cu77yq4ntqazgr"},"id":"hqg1hr7vyqx8d8y","previousOperationId":"4ksnrfgdihd76dl"}
{"type":"log","timestamp":1705334524429,"level":"debug","message":"Page request finished: GET (stylesheet) 200 https://cdnjs.cloudflare.com/ajax/libs/metro/4.1.5/css/metro.min.css","meta":{"rootId":"w9jnnx9m2malt0l","id":"2cu77yq4ntqazgr"},"id":"uri5fn5us9dsu6h","previousOperationId":"4ksnrfgdihd76dl"}
{"type":"log","timestamp":1705334524453,"level":"debug","message":"Running chrome with params {\"printBackground\":true,\"marginTop\":\"1.5cm\",\"marginRight\":\"1.5cm\",\"marginLeft\":\"1.cm\",\"timeout\":59674,\"margin\":{\"top\":\"1.5cm\",\"right\":\"1.5cm\",\"left\":\"1.cm\"}}","meta":{"rootId":"w9jnnx9m2malt0l","id":"2cu77yq4ntqazgr"},"id":"cdrmbqs3pchl2uy","previousOperationId":"4ksnrfgdihd76dl"}
{"type":"operationEnd","operationId":"4ksnrfgdihd76dl","timestamp":1705334524500,"id":"hvj8pu7te80aom5","previousEventId":"34qy17jviyg8n2q","previousOperationId":"4ksnrfgdihd76dl"}
{"type":"log","timestamp":1705334524500,"level":"debug","message":"Skipping storing report.","meta":{"rootId":"w9jnnx9m2malt0l","id":"2cu77yq4ntqazgr"},"id":"oz7cdn2dybet3ew","previousOperationId":"4ksnrfgdihd76dl"}
{"type":"log","timestamp":1705334524500,"level":"info","message":"Rendering (child) request finished in 565 ms","meta":{"rootId":"w9jnnx9m2malt0l","id":"2cu77yq4ntqazgr"},"id":"bze4s0bwbt9bfyp","previousOperationId":"4ksnrfgdihd76dl"}
{"type":"operationEnd","subtype":"render","operationId":"gg1uxdqk03edf45","timestamp":1705334524500,"id":"777ycu54tm3uhzh","previousEventId":"hvj8pu7te80aom5","previousOperationId":"4ksnrfgdihd76dl"}
{"type":"operationEnd","operationId":"74w7gg3z6wa7wzz","timestamp":1705334524508,"id":"b1j1a3152a3sukv","previousEventId":"41m7q4qtqr27vhi","previousOperationId":"74w7gg3z6wa7wzz"}
{"type":"log","timestamp":1705334524508,"level":"debug","message":"pdf-utils postproces start","meta":{"rootId":"w9jnnx9m2malt0l","id":"w9jnnx9m2malt0l"},"id":"kcwl72oh3331kp5","previousOperationId":"74w7gg3z6wa7wzz"}
{"type":"log","timestamp":1705334524518,"level":"debug","message":"pdf-utils postproces end","meta":{"rootId":"w9jnnx9m2malt0l","id":"w9jnnx9m2malt0l"},"id":"2jlx40t3o7hqtd7","previousOperationId":"74w7gg3z6wa7wzz"}
{"type":"operationEnd","operationId":"8nws1gsi2c1dqft","timestamp":1705334524519,"id":"vz2s4fj0evh1ed9","previousEventId":"b1j1a3152a3sukv","previousOperationId":"74w7gg3z6wa7wzz"}
{"type":"log","timestamp":1705334524519,"level":"info","message":"pdf-utils pdf processing was finished","meta":{"rootId":"w9jnnx9m2malt0l","id":"w9jnnx9m2malt0l"},"id":"8zg6ew5mwqdm1t8","previousOperationId":"8nws1gsi2c1dqft"}
{"type":"log","timestamp":1705334524519,"level":"debug","message":"Skipping storing report.","meta":{"rootId":"w9jnnx9m2malt0l","id":"w9jnnx9m2malt0l"},"id":"jgfxcmsz2prxnl5","previousOperationId":"8nws1gsi2c1dqft"}
{"type":"log","timestamp":1705334524519,"level":"info","message":"Rendering request 23 finished in 584 ms","meta":{"rootId":"w9jnnx9m2malt0l","id":"w9jnnx9m2malt0l"},"id":"op95ddfpji7d9uv","previousOperationId":"8nws1gsi2c1dqft"}
{"type":"operationEnd","subtype":"render","operationId":"drk0gx22be10ans","timestamp":1705334524519,"id":"oyy7c7a0f5cl33k","previousEventId":"vz2s4fj0evh1ed9","previousOperationId":"8nws1gsi2c1dqft"}
{"type":"operationEnd","doDiffs":false,"previousEventId":"7j3bnpeevbsol3p","previousOperationId":"wtcuvfhgfippzq6","operationId":"wtcuvfhgfippzq6","timestamp":1705334524529,"id":"8rm98u7unehv0vi"}
