{"type":"operationStart","subtype":"profile","data":{"_id":"y8o6roRqy4CPJwyS","timestamp":"2024-01-15T10:17:02.815Z","state":"queued","mode":"standard","creationDate":"2024-01-15T10:17:02.821Z","modificationDate":"2024-01-15T10:17:02.821Z","shortid":"v0bkTyM","$entitySet":"profiles"},"doDiffs":false,"timestamp":1705313822818,"id":"ucezrkg6fu3ogmx","previousOperationId":null,"operationId":"yqhqx5saa8kmmhg"}
{"type":"log","level":"info","message":"Render request 24 queued for execution and waiting for available worker","previousOperationId":"yqhqx5saa8kmmhg","timestamp":1705313822819,"id":"8ah255im9ejyakb"}
{"type":"operationStart","subtype":"render","name":"locations-main","previousOperationId":"yqhqx5saa8kmmhg","timestamp":1705313822853,"id":"alu198ajyykqeiu","previousEventId":"ucezrkg6fu3ogmx","operationId":"1s07981euf6e03b"}
{"type":"log","timestamp":1705313822853,"level":"info","message":"Starting rendering request 24","meta":{"rootId":"wop0glf1o6ppokz","id":"wop0glf1o6ppokz"},"id":"my79ety2ziff3fo","previousOperationId":"1s07981euf6e03b"}
{"type":"log","timestamp":1705313822853,"level":"info","message":"Rendering template { name: locations-main, recipe: chrome-pdf, engine: handlebars, preview: true }","meta":{"rootId":"wop0glf1o6ppokz","id":"wop0glf1o6ppokz"},"id":"080esl9nl0ed47w","previousOperationId":"1s07981euf6e03b"}
{"type":"log","timestamp":1705313822857,"level":"debug","message":"Data item not defined for this template.","meta":{"rootId":"wop0glf1o6ppokz","id":"wop0glf1o6ppokz"},"id":"58p22u3m3pa494z","previousOperationId":"1s07981euf6e03b"}
{"type":"log","timestamp":1705313822866,"level":"debug","message":"Executing script locations-script (beforeRender)","meta":{"rootId":"wop0glf1o6ppokz","id":"wop0glf1o6ppokz"},"id":"s8nt88vnrrv6w3u","previousOperationId":"1s07981euf6e03b"}
{"type":"operationStart","subtype":"scriptsBeforeRender","name":"scripts beforeRender","timestamp":1705313822888,"id":"0z82nw3ibq76tio","previousEventId":"alu198ajyykqeiu","operationId":"5mxh20hsb7tpns1","previousOperationId":"1s07981euf6e03b"}
{"type":"operationStart","subtype":"script","name":"scripts locations-script","previousOperationId":"5mxh20hsb7tpns1","timestamp":1705313822888,"id":"ah7exe1ak7ugka3","previousEventId":"0z82nw3ibq76tio","operationId":"pviwbb3bsydm4r1"}
{"type":"operationEnd","operationId":"pviwbb3bsydm4r1","timestamp":1705313822918,"id":"96wopnk0gprci0j","previousEventId":"alu198ajyykqeiu","previousOperationId":"1s07981euf6e03b"}
{"type":"operationEnd","operationId":"5mxh20hsb7tpns1","timestamp":1705313822918,"id":"qfejh03y3je6q1z","previousEventId":"96wopnk0gprci0j","previousOperationId":"1s07981euf6e03b"}
{"type":"log","timestamp":1705313822918,"level":"debug","message":"Base url not specified, skipping its injection.","meta":{"rootId":"wop0glf1o6ppokz","id":"wop0glf1o6ppokz"},"id":"3wxoman75fhu4j7","previousOperationId":"5mxh20hsb7tpns1"}
{"type":"operationStart","subtype":"engine","name":"handlebars","timestamp":1705313822918,"id":"i6f0q9qgeetgycz","previousEventId":"qfejh03y3je6q1z","operationId":"ltbcpqfmxa8bmuf","previousOperationId":"5mxh20hsb7tpns1"}
{"type":"log","timestamp":1705313822919,"level":"debug","message":"Rendering engine handlebars","meta":{"rootId":"wop0glf1o6ppokz","id":"wop0glf1o6ppokz"},"id":"yacgcttsmxiuc8w","previousOperationId":"ltbcpqfmxa8bmuf"}
{"type":"operationEnd","operationId":"ltbcpqfmxa8bmuf","timestamp":1705313822972,"id":"bfvagpavxkg008a","previousEventId":"i6f0q9qgeetgycz","previousOperationId":"ltbcpqfmxa8bmuf"}
{"type":"operationStart","subtype":"recipe","name":"chrome-pdf","timestamp":1705313822973,"id":"oi5i4jvpxik92bu","previousEventId":"bfvagpavxkg008a","operationId":"14ajo0plovo7gts","previousOperationId":"ltbcpqfmxa8bmuf"}
{"type":"log","timestamp":1705313822973,"level":"debug","message":"Executing recipe chrome-pdf","meta":{"rootId":"wop0glf1o6ppokz","id":"wop0glf1o6ppokz"},"id":"obmgzlyoxahb9rm","previousOperationId":"14ajo0plovo7gts"}
{"type":"log","timestamp":1705313822979,"level":"debug","message":"Converting with chrome HeadlessChrome/117.0.5938.149 using chrome-pool strategy","meta":{"rootId":"wop0glf1o6ppokz","id":"wop0glf1o6ppokz"},"id":"p8ebucvdna3glgm","previousOperationId":"14ajo0plovo7gts"}
{"type":"log","timestamp":1705313823201,"level":"debug","message":"Page request: GET (document) file:///C:/Users/arida/AppData/Local/Temp/jsreport/autocleanup/2907c64d-6084-4eae-96aa-97f31f141e50-chrome-pdf.html","meta":{"rootId":"wop0glf1o6ppokz","id":"wop0glf1o6ppokz"},"id":"nrd4lnj6xe5wh47","previousOperationId":"14ajo0plovo7gts"}
{"type":"log","timestamp":1705313823233,"level":"debug","message":"Page request: GET (script) https://cdn.jsdelivr.net/npm/chart.js","meta":{"rootId":"wop0glf1o6ppokz","id":"wop0glf1o6ppokz"},"id":"mssn2j6t6xt5csp","previousOperationId":"14ajo0plovo7gts"}
{"type":"log","timestamp":1705313823234,"level":"debug","message":"Page request finished: GET (document) 200 file:///C:/Users/arida/AppData/Local/Temp/jsreport/autocleanup/2907c64d-6084-4eae-96aa-97f31f141e50-chrome-pdf.html","meta":{"rootId":"wop0glf1o6ppokz","id":"wop0glf1o6ppokz"},"id":"ra4r8w2w6f13tt8","previousOperationId":"14ajo0plovo7gts"}
{"type":"log","timestamp":1705313823239,"level":"debug","message":"Page request finished: GET (script) 200 https://cdn.jsdelivr.net/npm/chart.js","meta":{"rootId":"wop0glf1o6ppokz","id":"wop0glf1o6ppokz"},"id":"d3a9c0jnskgxw9h","previousOperationId":"14ajo0plovo7gts"}
{"type":"log","timestamp":1705313823245,"level":"warn","message":"Page error: numEventos is not defined , stack: ReferenceError: numEventos is not defined\n    at <anonymous> (file:///C:/Users/arida/AppData/Local/Temp/jsreport/autocleanup/2907c64d-6084-4eae-96aa-97f31f141e50-chrome-pdf.html:28:22)","meta":{"rootId":"wop0glf1o6ppokz","id":"wop0glf1o6ppokz"},"id":"mqkwvuhnwiw3fmm","previousOperationId":"14ajo0plovo7gts"}
{"type":"log","timestamp":1705313823246,"level":"warn","message":"Page error: numEventos is not defined , stack: ReferenceError: numEventos is not defined\n    at <anonymous> (file:///C:/Users/arida/AppData/Local/Temp/jsreport/autocleanup/2907c64d-6084-4eae-96aa-97f31f141e50-chrome-pdf.html:82:22)","meta":{"rootId":"wop0glf1o6ppokz","id":"wop0glf1o6ppokz"},"id":"ppnv9l1shnzmyvd","previousOperationId":"14ajo0plovo7gts"}
{"type":"log","timestamp":1705313823259,"level":"debug","message":"Running chrome with params {\"printBackground\":true,\"marginTop\":\"4cm\",\"marginRight\":\"1.5cm\",\"marginBottom\":\"1.5cm\",\"marginLeft\":\"1.5cm\",\"waitForJS\":false,\"timeout\":59838,\"margin\":{\"top\":\"4cm\",\"right\":\"1.5cm\",\"bottom\":\"1.5cm\",\"left\":\"1.5cm\"}}","meta":{"rootId":"wop0glf1o6ppokz","id":"wop0glf1o6ppokz"},"id":"dey5flc7vb89t4e","previousOperationId":"14ajo0plovo7gts"}
{"type":"operationEnd","operationId":"14ajo0plovo7gts","timestamp":1705313823282,"id":"ui54djssgmp0hz9","previousEventId":"oi5i4jvpxik92bu","previousOperationId":"14ajo0plovo7gts"}
{"type":"log","timestamp":1705313823282,"level":"info","message":"pdf-utils is starting pdf processing","meta":{"rootId":"wop0glf1o6ppokz","id":"wop0glf1o6ppokz"},"id":"7m19w48spre3koq","previousOperationId":"14ajo0plovo7gts"}
{"type":"operationStart","subtype":"pdfUtils","name":"pdf utils","timestamp":1705313823282,"id":"ltiyvngkcqg7pir","previousEventId":"ui54djssgmp0hz9","operationId":"dfezm5g4x4e5a8o","previousOperationId":"14ajo0plovo7gts"}
{"type":"log","timestamp":1705313823282,"level":"debug","message":"pdf-utils detected 1 pdf operation(s) to process","meta":{"rootId":"wop0glf1o6ppokz","id":"wop0glf1o6ppokz"},"id":"z6h0c1hj1sido3o","previousOperationId":"dfezm5g4x4e5a8o"}
{"type":"log","timestamp":1705313823296,"level":"debug","message":"pdf-utils running pdf operation merge","meta":{"rootId":"wop0glf1o6ppokz","id":"wop0glf1o6ppokz"},"id":"05aft1mrl0a718g","previousOperationId":"dfezm5g4x4e5a8o"}
{"type":"operationStart","subtype":"pdfUtilsMerge","name":"pdf utils merge","previousOperationId":"dfezm5g4x4e5a8o","timestamp":1705313823296,"id":"4c9yjj7ouaw3lqy","previousEventId":"ltiyvngkcqg7pir","operationId":"spp5uzs75dvdhqh"}
{"type":"operationStart","subtype":"render","name":"locations-header","previousOperationId":"spp5uzs75dvdhqh","timestamp":1705313823297,"id":"y3r36jv4amkmqu4","previousEventId":"4c9yjj7ouaw3lqy","operationId":"csuobuytk9um9t4"}
{"type":"log","timestamp":1705313823297,"level":"info","message":"Starting rendering (child) request","meta":{"rootId":"wop0glf1o6ppokz","id":"jilqpwl1h66dqb8"},"id":"oj0qk3yxp8503qs","previousOperationId":"csuobuytk9um9t4"}
{"type":"log","timestamp":1705313823297,"level":"info","message":"Rendering template { name: locations-header, recipe: chrome-pdf, engine: handlebars, preview: true }","meta":{"rootId":"wop0glf1o6ppokz","id":"jilqpwl1h66dqb8"},"id":"y3l04k17omfq23t","previousOperationId":"csuobuytk9um9t4"}
{"type":"log","timestamp":1705313823298,"level":"debug","message":"Inline data specified.","meta":{"rootId":"wop0glf1o6ppokz","id":"jilqpwl1h66dqb8"},"id":"akn58y3lbewj0by","previousOperationId":"csuobuytk9um9t4"}
{"type":"log","timestamp":1705313823301,"level":"debug","message":"Base url not specified, skipping its injection.","meta":{"rootId":"wop0glf1o6ppokz","id":"jilqpwl1h66dqb8"},"id":"gxcbl57p3wu9swl","previousOperationId":"csuobuytk9um9t4"}
{"type":"operationStart","subtype":"engine","name":"handlebars","timestamp":1705313823301,"id":"v2sgsor4dds3a00","previousEventId":"y3r36jv4amkmqu4","operationId":"wd9fpwh9w1t0tzy","previousOperationId":"csuobuytk9um9t4"}
{"type":"log","timestamp":1705313823301,"level":"debug","message":"Rendering engine handlebars","meta":{"rootId":"wop0glf1o6ppokz","id":"jilqpwl1h66dqb8"},"id":"jnrhz096t85gs4u","previousOperationId":"wd9fpwh9w1t0tzy"}
{"type":"operationEnd","operationId":"wd9fpwh9w1t0tzy","timestamp":1705313823324,"id":"cmcyxq8lroos5xj","previousEventId":"v2sgsor4dds3a00","previousOperationId":"wd9fpwh9w1t0tzy"}
{"type":"operationStart","subtype":"recipe","name":"chrome-pdf","timestamp":1705313823324,"id":"jww8aerrerkbbjn","previousEventId":"cmcyxq8lroos5xj","operationId":"nq809hpbu71jjh6","previousOperationId":"wd9fpwh9w1t0tzy"}
{"type":"log","timestamp":1705313823324,"level":"debug","message":"Executing recipe chrome-pdf","meta":{"rootId":"wop0glf1o6ppokz","id":"jilqpwl1h66dqb8"},"id":"x3xs5sh1lm9vjh5","previousOperationId":"nq809hpbu71jjh6"}
{"type":"log","timestamp":1705313823326,"level":"debug","message":"Converting with chrome HeadlessChrome/117.0.5938.149 using chrome-pool strategy","meta":{"rootId":"wop0glf1o6ppokz","id":"jilqpwl1h66dqb8"},"id":"0skufhioywi0mu9","previousOperationId":"nq809hpbu71jjh6"}
{"type":"log","timestamp":1705313823433,"level":"debug","message":"Page request: GET (document) file:///C:/Users/arida/AppData/Local/Temp/jsreport/autocleanup/99205a27-5e3b-4bab-a516-ea38129dbacc-chrome-pdf.html","meta":{"rootId":"wop0glf1o6ppokz","id":"jilqpwl1h66dqb8"},"id":"hx6ppkk791d2fx9","previousOperationId":"nq809hpbu71jjh6"}
{"type":"log","timestamp":1705313823445,"level":"debug","message":"Page request: GET (stylesheet) https://cdnjs.cloudflare.com/ajax/libs/metro/4.1.5/css/metro.min.css","meta":{"rootId":"wop0glf1o6ppokz","id":"jilqpwl1h66dqb8"},"id":"ea0wutu5lmis6dh","previousOperationId":"nq809hpbu71jjh6"}
{"type":"log","timestamp":1705313823445,"level":"debug","message":"Page request finished: GET (document) 200 file:///C:/Users/arida/AppData/Local/Temp/jsreport/autocleanup/99205a27-5e3b-4bab-a516-ea38129dbacc-chrome-pdf.html","meta":{"rootId":"wop0glf1o6ppokz","id":"jilqpwl1h66dqb8"},"id":"bptjxzgfqlsw28c","previousOperationId":"nq809hpbu71jjh6"}
{"type":"log","timestamp":1705313823465,"level":"debug","message":"Page request finished: GET (stylesheet) 200 https://cdnjs.cloudflare.com/ajax/libs/metro/4.1.5/css/metro.min.css","meta":{"rootId":"wop0glf1o6ppokz","id":"jilqpwl1h66dqb8"},"id":"pnf9gy9v29fcl0h","previousOperationId":"nq809hpbu71jjh6"}
{"type":"log","timestamp":1705313823485,"level":"debug","message":"Running chrome with params {\"printBackground\":true,\"marginTop\":\"1.5cm\",\"marginRight\":\"1.5cm\",\"marginLeft\":\"1.cm\",\"timeout\":59490,\"margin\":{\"top\":\"1.5cm\",\"right\":\"1.5cm\",\"left\":\"1.cm\"}}","meta":{"rootId":"wop0glf1o6ppokz","id":"jilqpwl1h66dqb8"},"id":"y4b5shethsv6e69","previousOperationId":"nq809hpbu71jjh6"}
{"type":"operationEnd","operationId":"nq809hpbu71jjh6","timestamp":1705313823521,"id":"k2wessrcqktlxas","previousEventId":"jww8aerrerkbbjn","previousOperationId":"nq809hpbu71jjh6"}
{"type":"log","timestamp":1705313823521,"level":"debug","message":"Skipping storing report.","meta":{"rootId":"wop0glf1o6ppokz","id":"jilqpwl1h66dqb8"},"id":"sub72jm73ojqhk1","previousOperationId":"nq809hpbu71jjh6"}
{"type":"log","timestamp":1705313823521,"level":"info","message":"Rendering (child) request finished in 706 ms","meta":{"rootId":"wop0glf1o6ppokz","id":"jilqpwl1h66dqb8"},"id":"gk46tjghvwapozl","previousOperationId":"nq809hpbu71jjh6"}
{"type":"operationEnd","subtype":"render","operationId":"csuobuytk9um9t4","timestamp":1705313823521,"id":"yxukygqw2890n3p","previousEventId":"k2wessrcqktlxas","previousOperationId":"nq809hpbu71jjh6"}
{"type":"operationEnd","operationId":"spp5uzs75dvdhqh","timestamp":1705313823527,"id":"suz0lielecr5tvq","previousEventId":"4c9yjj7ouaw3lqy","previousOperationId":"spp5uzs75dvdhqh"}
{"type":"log","timestamp":1705313823527,"level":"debug","message":"pdf-utils postproces start","meta":{"rootId":"wop0glf1o6ppokz","id":"wop0glf1o6ppokz"},"id":"8odrrc6ulo1364f","previousOperationId":"spp5uzs75dvdhqh"}
{"type":"log","timestamp":1705313823535,"level":"debug","message":"pdf-utils postproces end","meta":{"rootId":"wop0glf1o6ppokz","id":"wop0glf1o6ppokz"},"id":"27jgny4r4myd1bk","previousOperationId":"spp5uzs75dvdhqh"}
{"type":"operationEnd","operationId":"dfezm5g4x4e5a8o","timestamp":1705313823535,"id":"h7orhg7m9nuliiz","previousEventId":"suz0lielecr5tvq","previousOperationId":"spp5uzs75dvdhqh"}
{"type":"log","timestamp":1705313823535,"level":"info","message":"pdf-utils pdf processing was finished","meta":{"rootId":"wop0glf1o6ppokz","id":"wop0glf1o6ppokz"},"id":"vez5y46ug5p8equ","previousOperationId":"dfezm5g4x4e5a8o"}
{"type":"log","timestamp":1705313823535,"level":"debug","message":"Skipping storing report.","meta":{"rootId":"wop0glf1o6ppokz","id":"wop0glf1o6ppokz"},"id":"mqy2b9iyp72706n","previousOperationId":"dfezm5g4x4e5a8o"}
{"type":"log","timestamp":1705313823535,"level":"info","message":"Rendering request 24 finished in 720 ms","meta":{"rootId":"wop0glf1o6ppokz","id":"wop0glf1o6ppokz"},"id":"ljlvz3nkbjsf66z","previousOperationId":"dfezm5g4x4e5a8o"}
{"type":"operationEnd","subtype":"render","operationId":"1s07981euf6e03b","timestamp":1705313823535,"id":"uko5a8qhuk1vf8n","previousEventId":"h7orhg7m9nuliiz","previousOperationId":"dfezm5g4x4e5a8o"}
{"type":"operationEnd","doDiffs":false,"previousEventId":"ucezrkg6fu3ogmx","previousOperationId":"yqhqx5saa8kmmhg","operationId":"yqhqx5saa8kmmhg","timestamp":1705313823545,"id":"g9dcl47ci772tlc"}
