{"type":"operationStart","subtype":"profile","data":{"_id":"1mmNH5cjnBdzPAua","timestamp":"2024-01-15T18:29:54.269Z","state":"queued","mode":"standard","creationDate":"2024-01-15T18:29:54.273Z","modificationDate":"2024-01-15T18:29:54.273Z","shortid":"X5k6Az6","$entitySet":"profiles"},"doDiffs":false,"timestamp":1705343394271,"id":"0m2ttbkzkcbyps3","previousOperationId":null,"operationId":"5xywnkgfdmdryrq"}
{"type":"log","level":"info","message":"Render request 41 queued for execution and waiting for available worker","previousOperationId":"5xywnkgfdmdryrq","timestamp":1705343394271,"id":"ojrg5x0mqctld19"}
{"type":"operationStart","subtype":"render","name":"locations-main","previousOperationId":"5xywnkgfdmdryrq","timestamp":1705343394288,"id":"z8k7771u2n05lhd","previousEventId":"0m2ttbkzkcbyps3","operationId":"fhr717fkjltfsa3"}
{"type":"log","timestamp":1705343394288,"level":"info","message":"Starting rendering request 41","meta":{"rootId":"wpqi40s4ltsd8w9","id":"wpqi40s4ltsd8w9"},"id":"9sravhi7ncvq6q4","previousOperationId":"fhr717fkjltfsa3"}
{"type":"log","timestamp":1705343394288,"level":"info","message":"Rendering template { name: locations-main, recipe: chrome-pdf, engine: handlebars, preview: true }","meta":{"rootId":"wpqi40s4ltsd8w9","id":"wpqi40s4ltsd8w9"},"id":"r01ncraxx9jsvg2","previousOperationId":"fhr717fkjltfsa3"}
{"type":"log","timestamp":1705343394294,"level":"debug","message":"Data item not defined for this template.","meta":{"rootId":"wpqi40s4ltsd8w9","id":"wpqi40s4ltsd8w9"},"id":"53z0ikeg6m9m8k8","previousOperationId":"fhr717fkjltfsa3"}
{"type":"log","timestamp":1705343394297,"level":"debug","message":"Executing script locations-script (beforeRender)","meta":{"rootId":"wpqi40s4ltsd8w9","id":"wpqi40s4ltsd8w9"},"id":"bo6isgnrttly13m","previousOperationId":"fhr717fkjltfsa3"}
{"type":"operationStart","subtype":"scriptsBeforeRender","name":"scripts beforeRender","timestamp":1705343394303,"id":"q6ttt34qe4k4syy","previousEventId":"z8k7771u2n05lhd","operationId":"yjbngf1ws0v4r06","previousOperationId":"fhr717fkjltfsa3"}
{"type":"operationStart","subtype":"script","name":"scripts locations-script","previousOperationId":"yjbngf1ws0v4r06","timestamp":1705343394303,"id":"ylykwcgmbacdjcj","previousEventId":"q6ttt34qe4k4syy","operationId":"w176fnizf2r97ke"}
{"type":"operationEnd","operationId":"w176fnizf2r97ke","timestamp":1705343394313,"id":"1wu6kvdcfpyukho","previousEventId":"z8k7771u2n05lhd","previousOperationId":"fhr717fkjltfsa3"}
{"type":"operationEnd","operationId":"yjbngf1ws0v4r06","timestamp":1705343394313,"id":"ko2uo7k1f1q6ek1","previousEventId":"1wu6kvdcfpyukho","previousOperationId":"fhr717fkjltfsa3"}
{"type":"log","timestamp":1705343394313,"level":"debug","message":"Base url not specified, skipping its injection.","meta":{"rootId":"wpqi40s4ltsd8w9","id":"wpqi40s4ltsd8w9"},"id":"6d85xtkinj0zq08","previousOperationId":"yjbngf1ws0v4r06"}
{"type":"operationStart","subtype":"engine","name":"handlebars","timestamp":1705343394313,"id":"31tr0higph0i90r","previousEventId":"ko2uo7k1f1q6ek1","operationId":"yvtu3e8kxc6ispp","previousOperationId":"yjbngf1ws0v4r06"}
{"type":"log","timestamp":1705343394313,"level":"debug","message":"Rendering engine handlebars","meta":{"rootId":"wpqi40s4ltsd8w9","id":"wpqi40s4ltsd8w9"},"id":"hg6e0qttax1r5y0","previousOperationId":"yvtu3e8kxc6ispp"}
{"type":"operationEnd","operationId":"yvtu3e8kxc6ispp","timestamp":1705343394329,"id":"vi0hph0dp688al4","previousEventId":"31tr0higph0i90r","previousOperationId":"yvtu3e8kxc6ispp"}
{"type":"operationStart","subtype":"recipe","name":"chrome-pdf","timestamp":1705343394329,"id":"0usj2afnxb7p5qk","previousEventId":"vi0hph0dp688al4","operationId":"6o6uypfqjkiioct","previousOperationId":"yvtu3e8kxc6ispp"}
{"type":"log","timestamp":1705343394329,"level":"debug","message":"Executing recipe chrome-pdf","meta":{"rootId":"wpqi40s4ltsd8w9","id":"wpqi40s4ltsd8w9"},"id":"vc7hhdoiq3olot5","previousOperationId":"6o6uypfqjkiioct"}
{"type":"log","timestamp":1705343394332,"level":"debug","message":"Converting with chrome HeadlessChrome/117.0.5938.149 using chrome-pool strategy","meta":{"rootId":"wpqi40s4ltsd8w9","id":"wpqi40s4ltsd8w9"},"id":"mzzl1t8ryrch41i","previousOperationId":"6o6uypfqjkiioct"}
{"type":"log","timestamp":1705343394483,"level":"debug","message":"Page request: GET (document) file:///C:/Users/arida/AppData/Local/Temp/jsreport/autocleanup/acfd95cb-02aa-49c9-ab68-8b346022d629-chrome-pdf.html","meta":{"rootId":"wpqi40s4ltsd8w9","id":"wpqi40s4ltsd8w9"},"id":"cf6wl3zhec2hyom","previousOperationId":"6o6uypfqjkiioct"}
{"type":"log","timestamp":1705343394516,"level":"debug","message":"Page request: GET (script) https://cdnjs.cloudflare.com/ajax/libs/Chart.js/2.7.2/Chart.min.js","meta":{"rootId":"wpqi40s4ltsd8w9","id":"wpqi40s4ltsd8w9"},"id":"8edp9dnlidt8g5c","previousOperationId":"6o6uypfqjkiioct"}
{"type":"log","timestamp":1705343394517,"level":"debug","message":"Page request finished: GET (document) 200 file:///C:/Users/arida/AppData/Local/Temp/jsreport/autocleanup/acfd95cb-02aa-49c9-ab68-8b346022d629-chrome-pdf.html","meta":{"rootId":"wpqi40s4ltsd8w9","id":"wpqi40s4ltsd8w9"},"id":"ezuyuewrelyqesi","previousOperationId":"6o6uypfqjkiioct"}
{"type":"log","timestamp":1705343394526,"level":"debug","message":"Page request finished: GET (script) 200 https://cdnjs.cloudflare.com/ajax/libs/Chart.js/2.7.2/Chart.min.js","meta":{"rootId":"wpqi40s4ltsd8w9","id":"wpqi40s4ltsd8w9"},"id":"5kd6poj88h8n3y1","previousOperationId":"6o6uypfqjkiioct"}
{"type":"log","timestamp":1705343394533,"level":"debug","message":"(console:log) hola","meta":{"userLevel":true,"rootId":"wpqi40s4ltsd8w9","id":"wpqi40s4ltsd8w9"},"id":"w1bdnf79lw0ieci","previousOperationId":"6o6uypfqjkiioct"}
{"type":"log","timestamp":1705343394551,"level":"debug","message":"Running chrome with params {\"printBackground\":true,\"marginTop\":\"4cm\",\"marginRight\":\"1.5cm\",\"marginBottom\":\"1.5cm\",\"marginLeft\":\"1.5cm\",\"waitForJS\":false,\"timeout\":59937,\"margin\":{\"top\":\"4cm\",\"right\":\"1.5cm\",\"bottom\":\"1.5cm\",\"left\":\"1.5cm\"}}","meta":{"rootId":"wpqi40s4ltsd8w9","id":"wpqi40s4ltsd8w9"},"id":"1qkt42ovxy0mfq1","previousOperationId":"6o6uypfqjkiioct"}
{"type":"operationEnd","operationId":"6o6uypfqjkiioct","timestamp":1705343394599,"id":"hegrubvmv33tf8m","previousEventId":"0usj2afnxb7p5qk","previousOperationId":"6o6uypfqjkiioct"}
{"type":"log","timestamp":1705343394599,"level":"info","message":"pdf-utils is starting pdf processing","meta":{"rootId":"wpqi40s4ltsd8w9","id":"wpqi40s4ltsd8w9"},"id":"d3vjojtviab2eet","previousOperationId":"6o6uypfqjkiioct"}
{"type":"operationStart","subtype":"pdfUtils","name":"pdf utils","timestamp":1705343394599,"id":"l1i2x03w0gke3r6","previousEventId":"hegrubvmv33tf8m","operationId":"gyqfkv4x1j6sdlt","previousOperationId":"6o6uypfqjkiioct"}
{"type":"log","timestamp":1705343394599,"level":"debug","message":"pdf-utils detected 1 pdf operation(s) to process","meta":{"rootId":"wpqi40s4ltsd8w9","id":"wpqi40s4ltsd8w9"},"id":"qne0ck6byh43sfn","previousOperationId":"gyqfkv4x1j6sdlt"}
{"type":"log","timestamp":1705343394608,"level":"debug","message":"pdf-utils running pdf operation merge","meta":{"rootId":"wpqi40s4ltsd8w9","id":"wpqi40s4ltsd8w9"},"id":"f6662snm2e26w1e","previousOperationId":"gyqfkv4x1j6sdlt"}
{"type":"operationStart","subtype":"pdfUtilsMerge","name":"pdf utils merge","previousOperationId":"gyqfkv4x1j6sdlt","timestamp":1705343394608,"id":"oncvzcnb5ztp9i9","previousEventId":"l1i2x03w0gke3r6","operationId":"37mw5w513k5wqhm"}
{"type":"operationStart","subtype":"render","name":"locations-header","previousOperationId":"37mw5w513k5wqhm","timestamp":1705343394610,"id":"vro4im507eeqe4w","previousEventId":"oncvzcnb5ztp9i9","operationId":"8529uy6kdj2yvw4"}
{"type":"log","timestamp":1705343394610,"level":"info","message":"Starting rendering (child) request","meta":{"rootId":"wpqi40s4ltsd8w9","id":"3xucsyp1ebv3h62"},"id":"8x0l0y9f0s0zk04","previousOperationId":"8529uy6kdj2yvw4"}
{"type":"log","timestamp":1705343394610,"level":"info","message":"Rendering template { name: locations-header, recipe: chrome-pdf, engine: handlebars, preview: true }","meta":{"rootId":"wpqi40s4ltsd8w9","id":"3xucsyp1ebv3h62"},"id":"1lb0kkruvef4xws","previousOperationId":"8529uy6kdj2yvw4"}
{"type":"log","timestamp":1705343394622,"level":"debug","message":"Inline data specified.","meta":{"rootId":"wpqi40s4ltsd8w9","id":"3xucsyp1ebv3h62"},"id":"gu0620ahvczsvv6","previousOperationId":"8529uy6kdj2yvw4"}
{"type":"log","timestamp":1705343394624,"level":"debug","message":"Base url not specified, skipping its injection.","meta":{"rootId":"wpqi40s4ltsd8w9","id":"3xucsyp1ebv3h62"},"id":"aobkyxxqvrw6m96","previousOperationId":"8529uy6kdj2yvw4"}
{"type":"operationStart","subtype":"engine","name":"handlebars","timestamp":1705343394625,"id":"ihjjalwy2ve82bz","previousEventId":"vro4im507eeqe4w","operationId":"fi7t0fyg3y5vn8l","previousOperationId":"8529uy6kdj2yvw4"}
{"type":"log","timestamp":1705343394625,"level":"debug","message":"Rendering engine handlebars","meta":{"rootId":"wpqi40s4ltsd8w9","id":"3xucsyp1ebv3h62"},"id":"wnbxe0audb14ti8","previousOperationId":"fi7t0fyg3y5vn8l"}
{"type":"operationEnd","operationId":"fi7t0fyg3y5vn8l","timestamp":1705343394640,"id":"mohq6506bxm684r","previousEventId":"ihjjalwy2ve82bz","previousOperationId":"fi7t0fyg3y5vn8l"}
{"type":"operationStart","subtype":"recipe","name":"chrome-pdf","timestamp":1705343394640,"id":"srs4v9ejyrpoh54","previousEventId":"mohq6506bxm684r","operationId":"avv25rliqx4gh85","previousOperationId":"fi7t0fyg3y5vn8l"}
{"type":"log","timestamp":1705343394640,"level":"debug","message":"Executing recipe chrome-pdf","meta":{"rootId":"wpqi40s4ltsd8w9","id":"3xucsyp1ebv3h62"},"id":"ugncknwxqf4azz5","previousOperationId":"avv25rliqx4gh85"}
{"type":"log","timestamp":1705343394644,"level":"debug","message":"Converting with chrome HeadlessChrome/117.0.5938.149 using chrome-pool strategy","meta":{"rootId":"wpqi40s4ltsd8w9","id":"3xucsyp1ebv3h62"},"id":"9i42m8olws2w0zk","previousOperationId":"avv25rliqx4gh85"}
{"type":"log","timestamp":1705343394793,"level":"debug","message":"Page request: GET (document) file:///C:/Users/arida/AppData/Local/Temp/jsreport/autocleanup/f9cf290b-61c2-4a8f-9195-1735741be1bf-chrome-pdf.html","meta":{"rootId":"wpqi40s4ltsd8w9","id":"3xucsyp1ebv3h62"},"id":"yff63e4r5v33sen","previousOperationId":"avv25rliqx4gh85"}
{"type":"log","timestamp":1705343394805,"level":"debug","message":"Page request: GET (stylesheet) https://cdnjs.cloudflare.com/ajax/libs/metro/4.1.5/css/metro.min.css","meta":{"rootId":"wpqi40s4ltsd8w9","id":"3xucsyp1ebv3h62"},"id":"9hq73sxce5ccrw9","previousOperationId":"avv25rliqx4gh85"}
{"type":"log","timestamp":1705343394805,"level":"debug","message":"Page request finished: GET (document) 200 file:///C:/Users/arida/AppData/Local/Temp/jsreport/autocleanup/f9cf290b-61c2-4a8f-9195-1735741be1bf-chrome-pdf.html","meta":{"rootId":"wpqi40s4ltsd8w9","id":"3xucsyp1ebv3h62"},"id":"a5qab7ebxs6cjn8","previousOperationId":"avv25rliqx4gh85"}
{"type":"log","timestamp":1705343394833,"level":"debug","message":"Page request finished: GET (stylesheet) 200 https://cdnjs.cloudflare.com/ajax/libs/metro/4.1.5/css/metro.min.css","meta":{"rootId":"wpqi40s4ltsd8w9","id":"3xucsyp1ebv3h62"},"id":"g7xyizbzz9ob33d","previousOperationId":"avv25rliqx4gh85"}
{"type":"log","timestamp":1705343394858,"level":"debug","message":"Running chrome with params {\"printBackground\":true,\"marginTop\":\"1.5cm\",\"marginRight\":\"1.5cm\",\"marginLeft\":\"1.cm\",\"timeout\":59626,\"margin\":{\"top\":\"1.5cm\",\"right\":\"1.5cm\",\"left\":\"1.cm\"}}","meta":{"rootId":"wpqi40s4ltsd8w9","id":"3xucsyp1ebv3h62"},"id":"v68vsf38pnw8ztn","previousOperationId":"avv25rliqx4gh85"}
{"type":"operationEnd","operationId":"avv25rliqx4gh85","timestamp":1705343394911,"id":"q0s93t0v3gjgfsr","previousEventId":"srs4v9ejyrpoh54","previousOperationId":"avv25rliqx4gh85"}
{"type":"log","timestamp":1705343394911,"level":"debug","message":"Skipping storing report.","meta":{"rootId":"wpqi40s4ltsd8w9","id":"3xucsyp1ebv3h62"},"id":"in2y7bub6nba2ev","previousOperationId":"avv25rliqx4gh85"}
{"type":"log","timestamp":1705343394911,"level":"info","message":"Rendering (child) request finished in 642 ms","meta":{"rootId":"wpqi40s4ltsd8w9","id":"3xucsyp1ebv3h62"},"id":"ebjp24cn0n7kfz7","previousOperationId":"avv25rliqx4gh85"}
{"type":"operationEnd","subtype":"render","operationId":"8529uy6kdj2yvw4","timestamp":1705343394911,"id":"d87liynrooczup9","previousEventId":"q0s93t0v3gjgfsr","previousOperationId":"avv25rliqx4gh85"}
{"type":"operationEnd","operationId":"37mw5w513k5wqhm","timestamp":1705343394920,"id":"6s8kzgo6wgjtbuj","previousEventId":"oncvzcnb5ztp9i9","previousOperationId":"37mw5w513k5wqhm"}
{"type":"log","timestamp":1705343394920,"level":"debug","message":"pdf-utils postproces start","meta":{"rootId":"wpqi40s4ltsd8w9","id":"wpqi40s4ltsd8w9"},"id":"m9pssau8nqhsxkg","previousOperationId":"37mw5w513k5wqhm"}
{"type":"log","timestamp":1705343394930,"level":"debug","message":"pdf-utils postproces end","meta":{"rootId":"wpqi40s4ltsd8w9","id":"wpqi40s4ltsd8w9"},"id":"p8htw1ikj6q3u1i","previousOperationId":"37mw5w513k5wqhm"}
{"type":"operationEnd","operationId":"gyqfkv4x1j6sdlt","timestamp":1705343394930,"id":"ss8etytq37mbwqb","previousEventId":"6s8kzgo6wgjtbuj","previousOperationId":"37mw5w513k5wqhm"}
{"type":"log","timestamp":1705343394930,"level":"info","message":"pdf-utils pdf processing was finished","meta":{"rootId":"wpqi40s4ltsd8w9","id":"wpqi40s4ltsd8w9"},"id":"zmb03hkfjvn82gt","previousOperationId":"gyqfkv4x1j6sdlt"}
{"type":"log","timestamp":1705343394931,"level":"debug","message":"Skipping storing report.","meta":{"rootId":"wpqi40s4ltsd8w9","id":"wpqi40s4ltsd8w9"},"id":"ino0ksznkqz3mgf","previousOperationId":"gyqfkv4x1j6sdlt"}
{"type":"log","timestamp":1705343394931,"level":"info","message":"Rendering request 41 finished in 662 ms","meta":{"rootId":"wpqi40s4ltsd8w9","id":"wpqi40s4ltsd8w9"},"id":"0z03scljyh7n9du","previousOperationId":"gyqfkv4x1j6sdlt"}
{"type":"operationEnd","subtype":"render","operationId":"fhr717fkjltfsa3","timestamp":1705343394931,"id":"c9d3xl9yiiydk2n","previousEventId":"ss8etytq37mbwqb","previousOperationId":"gyqfkv4x1j6sdlt"}
{"type":"operationEnd","doDiffs":false,"previousEventId":"0m2ttbkzkcbyps3","previousOperationId":"5xywnkgfdmdryrq","operationId":"5xywnkgfdmdryrq","timestamp":1705343394942,"id":"o9cr16fjnlps6cj"}
