{"type":"operationStart","subtype":"profile","data":{"_id":"9iw553mC7TrxZ4Fe","timestamp":"2024-01-15T15:29:07.655Z","state":"queued","mode":"standard","creationDate":"2024-01-15T15:29:07.661Z","modificationDate":"2024-01-15T15:29:07.661Z","shortid":"fBEq-68","$entitySet":"profiles"},"doDiffs":false,"timestamp":1705332547658,"id":"xy3hgec0s8ld30w","previousOperationId":null,"operationId":"eszvt3yxc6jxhj1"}
{"type":"log","level":"info","message":"Render request 1 queued for execution and waiting for available worker","previousOperationId":"eszvt3yxc6jxhj1","timestamp":1705332547659,"id":"ceyzfwc81xqe3uk"}
{"type":"operationStart","subtype":"render","name":"locations-main","previousOperationId":"eszvt3yxc6jxhj1","timestamp":1705332547687,"id":"04o7mv2jpk07o6w","previousEventId":"xy3hgec0s8ld30w","operationId":"24uj1w4hb0dk9vg"}
{"type":"log","timestamp":1705332547689,"level":"info","message":"Starting rendering request 1","meta":{"rootId":"wt2e0vjxxf1m0pm","id":"wt2e0vjxxf1m0pm"},"id":"hxba985kpoajna5","previousOperationId":"24uj1w4hb0dk9vg"}
{"type":"log","timestamp":1705332547691,"level":"info","message":"Rendering template { name: locations-main, recipe: chrome-pdf, engine: handlebars, preview: false }","meta":{"rootId":"wt2e0vjxxf1m0pm","id":"wt2e0vjxxf1m0pm"},"id":"vnrtxls1d7kju3o","previousOperationId":"24uj1w4hb0dk9vg"}
{"type":"log","timestamp":1705332547700,"level":"debug","message":"Data item not defined for this template.","meta":{"rootId":"wt2e0vjxxf1m0pm","id":"wt2e0vjxxf1m0pm"},"id":"3q30g2v12n6ayz8","previousOperationId":"24uj1w4hb0dk9vg"}
{"type":"log","timestamp":1705332547707,"level":"debug","message":"Executing script locations-script (beforeRender)","meta":{"rootId":"wt2e0vjxxf1m0pm","id":"wt2e0vjxxf1m0pm"},"id":"pgp3dhf1gi97kp4","previousOperationId":"24uj1w4hb0dk9vg"}
{"type":"operationStart","subtype":"scriptsBeforeRender","name":"scripts beforeRender","timestamp":1705332548167,"id":"82a1ww3bvdlm0ef","previousEventId":"04o7mv2jpk07o6w","operationId":"q4v0nyuqalgl6gv","previousOperationId":"24uj1w4hb0dk9vg"}
{"type":"operationStart","subtype":"script","name":"scripts locations-script","previousOperationId":"q4v0nyuqalgl6gv","timestamp":1705332548167,"id":"pv7pkyemmcx1l06","previousEventId":"82a1ww3bvdlm0ef","operationId":"7eojpr0hmlva9rf"}
{"type":"operationEnd","operationId":"7eojpr0hmlva9rf","timestamp":1705332548220,"id":"acj14mmydqg1s06","previousEventId":"04o7mv2jpk07o6w","previousOperationId":"24uj1w4hb0dk9vg"}
{"type":"operationEnd","operationId":"q4v0nyuqalgl6gv","timestamp":1705332548220,"id":"drccpmkdq4l7gt4","previousEventId":"acj14mmydqg1s06","previousOperationId":"24uj1w4hb0dk9vg"}
{"type":"log","timestamp":1705332548220,"level":"debug","message":"Base url not specified, skipping its injection.","meta":{"rootId":"wt2e0vjxxf1m0pm","id":"wt2e0vjxxf1m0pm"},"id":"8c131ipffrfflok","previousOperationId":"q4v0nyuqalgl6gv"}
{"type":"operationStart","subtype":"engine","name":"handlebars","timestamp":1705332548221,"id":"2588dhis9afxgmz","previousEventId":"drccpmkdq4l7gt4","operationId":"3egesivzn5khnu1","previousOperationId":"q4v0nyuqalgl6gv"}
{"type":"log","timestamp":1705332548221,"level":"debug","message":"Rendering engine handlebars","meta":{"rootId":"wt2e0vjxxf1m0pm","id":"wt2e0vjxxf1m0pm"},"id":"d2p9hevz5ergm92","previousOperationId":"3egesivzn5khnu1"}
{"type":"operationEnd","operationId":"3egesivzn5khnu1","timestamp":1705332548675,"id":"a9v3idotkco9u1w","previousEventId":"2588dhis9afxgmz","previousOperationId":"3egesivzn5khnu1"}
{"type":"operationStart","subtype":"recipe","name":"chrome-pdf","timestamp":1705332548676,"id":"j5o0hg5rm0zv37i","previousEventId":"a9v3idotkco9u1w","operationId":"965d51nqfmfeqy2","previousOperationId":"3egesivzn5khnu1"}
{"type":"log","timestamp":1705332548676,"level":"debug","message":"Executing recipe chrome-pdf","meta":{"rootId":"wt2e0vjxxf1m0pm","id":"wt2e0vjxxf1m0pm"},"id":"7ucpzf67qs5dumv","previousOperationId":"965d51nqfmfeqy2"}
{"type":"log","timestamp":1705332550008,"level":"debug","message":"Converting with chrome HeadlessChrome/117.0.5938.149 using chrome-pool strategy","meta":{"rootId":"wt2e0vjxxf1m0pm","id":"wt2e0vjxxf1m0pm"},"id":"0kxfljjrpdiqqx7","previousOperationId":"965d51nqfmfeqy2"}
{"type":"log","timestamp":1705332550266,"level":"debug","message":"Page request: GET (document) file:///C:/Users/arida/AppData/Local/Temp/jsreport/autocleanup/a0d15c27-fb9b-44a9-b365-19f36922a72d-chrome-pdf.html","meta":{"rootId":"wt2e0vjxxf1m0pm","id":"wt2e0vjxxf1m0pm"},"id":"ux3g76qh2u9uiwq","previousOperationId":"965d51nqfmfeqy2"}
{"type":"log","timestamp":1705332550301,"level":"debug","message":"Page request: GET (script) https://cdn.jsdelivr.net/npm/chart.js","meta":{"rootId":"wt2e0vjxxf1m0pm","id":"wt2e0vjxxf1m0pm"},"id":"pcbdp7lddtx7ywe","previousOperationId":"965d51nqfmfeqy2"}
{"type":"log","timestamp":1705332550302,"level":"debug","message":"Page request finished: GET (document) 200 file:///C:/Users/arida/AppData/Local/Temp/jsreport/autocleanup/a0d15c27-fb9b-44a9-b365-19f36922a72d-chrome-pdf.html","meta":{"rootId":"wt2e0vjxxf1m0pm","id":"wt2e0vjxxf1m0pm"},"id":"cv96rc5cefzt3f1","previousOperationId":"965d51nqfmfeqy2"}
{"type":"log","timestamp":1705332552903,"level":"debug","message":"Page request finished: GET (script) 200 https://cdn.jsdelivr.net/npm/chart.js","meta":{"rootId":"wt2e0vjxxf1m0pm","id":"wt2e0vjxxf1m0pm"},"id":"mi471acawik0pdx","previousOperationId":"965d51nqfmfeqy2"}
{"type":"log","timestamp":1705332552912,"level":"warn","message":"Page error: numEventos is not defined , stack: ReferenceError: numEventos is not defined\n    at <anonymous> (file:///C:/Users/arida/AppData/Local/Temp/jsreport/autocleanup/a0d15c27-fb9b-44a9-b365-19f36922a72d-chrome-pdf.html:38:22)","meta":{"rootId":"wt2e0vjxxf1m0pm","id":"wt2e0vjxxf1m0pm"},"id":"m13cxyau0ujt3fw","previousOperationId":"965d51nqfmfeqy2"}
{"type":"log","timestamp":1705332552913,"level":"warn","message":"Page error: numEventos is not defined , stack: ReferenceError: numEventos is not defined\n    at <anonymous> (file:///C:/Users/arida/AppData/Local/Temp/jsreport/autocleanup/a0d15c27-fb9b-44a9-b365-19f36922a72d-chrome-pdf.html:83:22)","meta":{"rootId":"wt2e0vjxxf1m0pm","id":"wt2e0vjxxf1m0pm"},"id":"otcwqrnilu7d5ck","previousOperationId":"965d51nqfmfeqy2"}
{"type":"log","timestamp":1705332552929,"level":"debug","message":"Running chrome with params {\"printBackground\":true,\"marginTop\":\"4cm\",\"marginRight\":\"1.5cm\",\"marginBottom\":\"1.5cm\",\"marginLeft\":\"1.5cm\",\"waitForJS\":false,\"timeout\":58307,\"margin\":{\"top\":\"4cm\",\"right\":\"1.5cm\",\"bottom\":\"1.5cm\",\"left\":\"1.5cm\"}}","meta":{"rootId":"wt2e0vjxxf1m0pm","id":"wt2e0vjxxf1m0pm"},"id":"qaqxk9pzrjqdpwa","previousOperationId":"965d51nqfmfeqy2"}
{"type":"operationEnd","operationId":"965d51nqfmfeqy2","timestamp":1705332552975,"id":"o5hiq186gro5wjf","previousEventId":"j5o0hg5rm0zv37i","previousOperationId":"965d51nqfmfeqy2"}
{"type":"log","timestamp":1705332552976,"level":"info","message":"pdf-utils is starting pdf processing","meta":{"rootId":"wt2e0vjxxf1m0pm","id":"wt2e0vjxxf1m0pm"},"id":"y8yes1q4d8uy9nw","previousOperationId":"965d51nqfmfeqy2"}
{"type":"operationStart","subtype":"pdfUtils","name":"pdf utils","timestamp":1705332553351,"id":"tonmrbz3fk244ge","previousEventId":"o5hiq186gro5wjf","operationId":"5oxvmboixdiokvy","previousOperationId":"965d51nqfmfeqy2"}
{"type":"log","timestamp":1705332553352,"level":"debug","message":"pdf-utils detected 1 pdf operation(s) to process","meta":{"rootId":"wt2e0vjxxf1m0pm","id":"wt2e0vjxxf1m0pm"},"id":"k5y2h5f5kx0vw2b","previousOperationId":"5oxvmboixdiokvy"}
{"type":"log","timestamp":1705332553626,"level":"debug","message":"pdf-utils running pdf operation merge","meta":{"rootId":"wt2e0vjxxf1m0pm","id":"wt2e0vjxxf1m0pm"},"id":"9xqowa19jpzdb1r","previousOperationId":"5oxvmboixdiokvy"}
{"type":"operationStart","subtype":"pdfUtilsMerge","name":"pdf utils merge","previousOperationId":"5oxvmboixdiokvy","timestamp":1705332553626,"id":"hpmd63tnxeg03mh","previousEventId":"tonmrbz3fk244ge","operationId":"875phdl376fqeul"}
{"type":"operationStart","subtype":"render","name":"locations-header","previousOperationId":"875phdl376fqeul","timestamp":1705332553628,"id":"uggw0xl2t82heso","previousEventId":"hpmd63tnxeg03mh","operationId":"s6v4t081h95pnoa"}
{"type":"log","timestamp":1705332553628,"level":"info","message":"Starting rendering (child) request","meta":{"rootId":"wt2e0vjxxf1m0pm","id":"zc571w5udgvoxyq"},"id":"qshfcajnr8m54za","previousOperationId":"s6v4t081h95pnoa"}
{"type":"log","timestamp":1705332553628,"level":"info","message":"Rendering template { name: locations-header, recipe: chrome-pdf, engine: handlebars, preview: false }","meta":{"rootId":"wt2e0vjxxf1m0pm","id":"zc571w5udgvoxyq"},"id":"egmguj69ohw3a8n","previousOperationId":"s6v4t081h95pnoa"}
{"type":"log","timestamp":1705332553632,"level":"debug","message":"Inline data specified.","meta":{"rootId":"wt2e0vjxxf1m0pm","id":"zc571w5udgvoxyq"},"id":"au6crijgvzgqucp","previousOperationId":"s6v4t081h95pnoa"}
{"type":"log","timestamp":1705332553635,"level":"debug","message":"Base url not specified, skipping its injection.","meta":{"rootId":"wt2e0vjxxf1m0pm","id":"zc571w5udgvoxyq"},"id":"gbip0lbu92spvgg","previousOperationId":"s6v4t081h95pnoa"}
{"type":"operationStart","subtype":"engine","name":"handlebars","timestamp":1705332553635,"id":"bbc4myzu3rh7vps","previousEventId":"uggw0xl2t82heso","operationId":"2q1r9x763ajbihb","previousOperationId":"s6v4t081h95pnoa"}
{"type":"log","timestamp":1705332553635,"level":"debug","message":"Rendering engine handlebars","meta":{"rootId":"wt2e0vjxxf1m0pm","id":"zc571w5udgvoxyq"},"id":"7svz13dxs9yvo3j","previousOperationId":"2q1r9x763ajbihb"}
{"type":"operationEnd","operationId":"2q1r9x763ajbihb","timestamp":1705332553689,"id":"79ustsjw16l4dcf","previousEventId":"bbc4myzu3rh7vps","previousOperationId":"2q1r9x763ajbihb"}
{"type":"operationStart","subtype":"recipe","name":"chrome-pdf","timestamp":1705332553689,"id":"4h9x3yqrt8qtesi","previousEventId":"79ustsjw16l4dcf","operationId":"s7a3fntc0u453hi","previousOperationId":"2q1r9x763ajbihb"}
{"type":"log","timestamp":1705332553689,"level":"debug","message":"Executing recipe chrome-pdf","meta":{"rootId":"wt2e0vjxxf1m0pm","id":"zc571w5udgvoxyq"},"id":"5w4n5nxfu2cmg6s","previousOperationId":"s7a3fntc0u453hi"}
{"type":"log","timestamp":1705332553692,"level":"debug","message":"Converting with chrome HeadlessChrome/117.0.5938.149 using chrome-pool strategy","meta":{"rootId":"wt2e0vjxxf1m0pm","id":"zc571w5udgvoxyq"},"id":"09fqzq9l2rdbxx7","previousOperationId":"s7a3fntc0u453hi"}
{"type":"log","timestamp":1705332553816,"level":"debug","message":"Page request: GET (document) file:///C:/Users/arida/AppData/Local/Temp/jsreport/autocleanup/c75f8b55-a820-4150-9a4c-d53443854cea-chrome-pdf.html","meta":{"rootId":"wt2e0vjxxf1m0pm","id":"zc571w5udgvoxyq"},"id":"npbxbtiua0twdzw","previousOperationId":"s7a3fntc0u453hi"}
{"type":"log","timestamp":1705332553837,"level":"debug","message":"Page request: GET (stylesheet) https://cdnjs.cloudflare.com/ajax/libs/metro/4.1.5/css/metro.min.css","meta":{"rootId":"wt2e0vjxxf1m0pm","id":"zc571w5udgvoxyq"},"id":"y5ch611qq0qhp9x","previousOperationId":"s7a3fntc0u453hi"}
{"type":"log","timestamp":1705332553838,"level":"debug","message":"Page request finished: GET (document) 200 file:///C:/Users/arida/AppData/Local/Temp/jsreport/autocleanup/c75f8b55-a820-4150-9a4c-d53443854cea-chrome-pdf.html","meta":{"rootId":"wt2e0vjxxf1m0pm","id":"zc571w5udgvoxyq"},"id":"9y019ruh13hk091","previousOperationId":"s7a3fntc0u453hi"}
{"type":"log","timestamp":1705332554049,"level":"debug","message":"Page request finished: GET (stylesheet) 200 https://cdnjs.cloudflare.com/ajax/libs/metro/4.1.5/css/metro.min.css","meta":{"rootId":"wt2e0vjxxf1m0pm","id":"zc571w5udgvoxyq"},"id":"0ub939pcrtf2uyr","previousOperationId":"s7a3fntc0u453hi"}
{"type":"log","timestamp":1705332554074,"level":"debug","message":"Running chrome with params {\"printBackground\":true,\"marginTop\":\"1.5cm\",\"marginRight\":\"1.5cm\",\"marginLeft\":\"1.cm\",\"timeout\":53961,\"margin\":{\"top\":\"1.5cm\",\"right\":\"1.5cm\",\"left\":\"1.cm\"}}","meta":{"rootId":"wt2e0vjxxf1m0pm","id":"zc571w5udgvoxyq"},"id":"dp3inebmll5y01j","previousOperationId":"s7a3fntc0u453hi"}
{"type":"operationEnd","operationId":"s7a3fntc0u453hi","timestamp":1705332554114,"id":"aaopyfws0jflpv9","previousEventId":"4h9x3yqrt8qtesi","previousOperationId":"s7a3fntc0u453hi"}
{"type":"log","timestamp":1705332554116,"level":"debug","message":"Skipping storing report.","meta":{"rootId":"wt2e0vjxxf1m0pm","id":"zc571w5udgvoxyq"},"id":"o5scifz0tx9nz0m","previousOperationId":"s7a3fntc0u453hi"}
{"type":"log","timestamp":1705332554116,"level":"info","message":"Rendering (child) request finished in 6464 ms","meta":{"rootId":"wt2e0vjxxf1m0pm","id":"zc571w5udgvoxyq"},"id":"2n2disuaubwvuvz","previousOperationId":"s7a3fntc0u453hi"}
{"type":"operationEnd","subtype":"render","operationId":"s6v4t081h95pnoa","timestamp":1705332554116,"id":"76rwz0xfua6e4b2","previousEventId":"aaopyfws0jflpv9","previousOperationId":"s7a3fntc0u453hi"}
{"type":"operationEnd","operationId":"875phdl376fqeul","timestamp":1705332554143,"id":"4v4a3o8r43uehb2","previousEventId":"hpmd63tnxeg03mh","previousOperationId":"875phdl376fqeul"}
{"type":"log","timestamp":1705332554143,"level":"debug","message":"pdf-utils postproces start","meta":{"rootId":"wt2e0vjxxf1m0pm","id":"wt2e0vjxxf1m0pm"},"id":"6hqpz27q0nhisjs","previousOperationId":"875phdl376fqeul"}
{"type":"log","timestamp":1705332554158,"level":"debug","message":"pdf-utils postproces end","meta":{"rootId":"wt2e0vjxxf1m0pm","id":"wt2e0vjxxf1m0pm"},"id":"ptqst92n6wts70b","previousOperationId":"875phdl376fqeul"}
{"type":"operationEnd","operationId":"5oxvmboixdiokvy","timestamp":1705332554158,"id":"6xr3tcjgcwghlxg","previousEventId":"4v4a3o8r43uehb2","previousOperationId":"875phdl376fqeul"}
{"type":"log","timestamp":1705332554158,"level":"info","message":"pdf-utils pdf processing was finished","meta":{"rootId":"wt2e0vjxxf1m0pm","id":"wt2e0vjxxf1m0pm"},"id":"o9xlx7sby3km520","previousOperationId":"5oxvmboixdiokvy"}
{"type":"log","timestamp":1705332554158,"level":"debug","message":"Skipping storing report.","meta":{"rootId":"wt2e0vjxxf1m0pm","id":"wt2e0vjxxf1m0pm"},"id":"1lbpbs3noxhpowy","previousOperationId":"5oxvmboixdiokvy"}
{"type":"log","timestamp":1705332554158,"level":"info","message":"Rendering request 1 finished in 6506 ms","meta":{"rootId":"wt2e0vjxxf1m0pm","id":"wt2e0vjxxf1m0pm"},"id":"v0ms45ltuusniba","previousOperationId":"5oxvmboixdiokvy"}
{"type":"operationEnd","subtype":"render","operationId":"24uj1w4hb0dk9vg","timestamp":1705332554158,"id":"vp6czdmqfmzw85f","previousEventId":"6xr3tcjgcwghlxg","previousOperationId":"5oxvmboixdiokvy"}
{"type":"operationEnd","doDiffs":false,"previousEventId":"xy3hgec0s8ld30w","previousOperationId":"eszvt3yxc6jxhj1","operationId":"eszvt3yxc6jxhj1","timestamp":1705332554166,"id":"nr2p6pedn31yuxp"}
