{"type":"operationStart","subtype":"profile","data":{"_id":"B3CxOnhGmGZ03qcY","timestamp":"2024-01-15T15:55:32.144Z","state":"queued","mode":"standard","creationDate":"2024-01-15T15:55:32.148Z","modificationDate":"2024-01-15T15:55:32.148Z","shortid":"1xxekbQ","$entitySet":"profiles"},"doDiffs":false,"timestamp":1705334132146,"id":"5s270fgti1fn001","previousOperationId":null,"operationId":"902cgp5nnxqcjd0"}
{"type":"log","level":"info","message":"Render request 20 queued for execution and waiting for available worker","previousOperationId":"902cgp5nnxqcjd0","timestamp":1705334132146,"id":"okk9n9xron7n53j"}
{"type":"operationStart","subtype":"render","name":"locations-main","previousOperationId":"902cgp5nnxqcjd0","timestamp":1705334132162,"id":"8gw6rhpnrdcj2uc","previousEventId":"5s270fgti1fn001","operationId":"cs22g11s9ykuaw2"}
{"type":"log","timestamp":1705334132162,"level":"info","message":"Starting rendering request 20","meta":{"rootId":"wucx3zdbhshb0cl","id":"wucx3zdbhshb0cl"},"id":"vowkfu3e3vksug5","previousOperationId":"cs22g11s9ykuaw2"}
{"type":"log","timestamp":1705334132163,"level":"info","message":"Rendering template { name: locations-main, recipe: chrome-pdf, engine: handlebars, preview: true }","meta":{"rootId":"wucx3zdbhshb0cl","id":"wucx3zdbhshb0cl"},"id":"50yzpxz2mbfwkvg","previousOperationId":"cs22g11s9ykuaw2"}
{"type":"log","timestamp":1705334132164,"level":"debug","message":"Data item not defined for this template.","meta":{"rootId":"wucx3zdbhshb0cl","id":"wucx3zdbhshb0cl"},"id":"3dsavnm69j12hp0","previousOperationId":"cs22g11s9ykuaw2"}
{"type":"log","timestamp":1705334132168,"level":"debug","message":"Executing script locations-script (beforeRender)","meta":{"rootId":"wucx3zdbhshb0cl","id":"wucx3zdbhshb0cl"},"id":"5k9tjr2fkns4kfv","previousOperationId":"cs22g11s9ykuaw2"}
{"type":"operationStart","subtype":"scriptsBeforeRender","name":"scripts beforeRender","timestamp":1705334132187,"id":"48h91tg6cp0c4em","previousEventId":"8gw6rhpnrdcj2uc","operationId":"o2kv8a8ej4w2qkr","previousOperationId":"cs22g11s9ykuaw2"}
{"type":"operationStart","subtype":"script","name":"scripts locations-script","previousOperationId":"o2kv8a8ej4w2qkr","timestamp":1705334132188,"id":"9bnm8gwcvsph01x","previousEventId":"48h91tg6cp0c4em","operationId":"q6hikecj56v7mxo"}
{"type":"log","timestamp":1705334132202,"level":"debug","message":"(console:log) hola hoplita caracolita","meta":{"userLevel":true,"rootId":"wucx3zdbhshb0cl","id":"wucx3zdbhshb0cl"},"id":"61gezg2wb9tkn9b","previousOperationId":"q6hikecj56v7mxo"}
{"type":"operationEnd","operationId":"q6hikecj56v7mxo","timestamp":1705334132203,"id":"p2twyqzu4zdbmnu","previousEventId":"8gw6rhpnrdcj2uc","previousOperationId":"cs22g11s9ykuaw2"}
{"type":"operationEnd","operationId":"o2kv8a8ej4w2qkr","timestamp":1705334132203,"id":"ce5js2wc98urf9n","previousEventId":"p2twyqzu4zdbmnu","previousOperationId":"cs22g11s9ykuaw2"}
{"type":"log","timestamp":1705334132203,"level":"debug","message":"Base url not specified, skipping its injection.","meta":{"rootId":"wucx3zdbhshb0cl","id":"wucx3zdbhshb0cl"},"id":"gcq3sms0j3xcrvb","previousOperationId":"o2kv8a8ej4w2qkr"}
{"type":"operationStart","subtype":"engine","name":"handlebars","timestamp":1705334132203,"id":"rdzv7pe03rm8hda","previousEventId":"ce5js2wc98urf9n","operationId":"gfsnw3ioo492z3x","previousOperationId":"o2kv8a8ej4w2qkr"}
{"type":"log","timestamp":1705334132203,"level":"debug","message":"Rendering engine handlebars","meta":{"rootId":"wucx3zdbhshb0cl","id":"wucx3zdbhshb0cl"},"id":"gixvurdlyf9rnqi","previousOperationId":"gfsnw3ioo492z3x"}
{"type":"operationEnd","operationId":"gfsnw3ioo492z3x","timestamp":1705334132218,"id":"qxm88yq6sipkb74","previousEventId":"rdzv7pe03rm8hda","previousOperationId":"gfsnw3ioo492z3x"}
{"type":"operationStart","subtype":"recipe","name":"chrome-pdf","timestamp":1705334132218,"id":"pi7kpjd8wsycvpq","previousEventId":"qxm88yq6sipkb74","operationId":"4fh6jra47fil3f8","previousOperationId":"gfsnw3ioo492z3x"}
{"type":"log","timestamp":1705334132218,"level":"debug","message":"Executing recipe chrome-pdf","meta":{"rootId":"wucx3zdbhshb0cl","id":"wucx3zdbhshb0cl"},"id":"l7vu715cs52ogr9","previousOperationId":"4fh6jra47fil3f8"}
{"type":"log","timestamp":1705334132220,"level":"debug","message":"Converting with chrome HeadlessChrome/117.0.5938.149 using chrome-pool strategy","meta":{"rootId":"wucx3zdbhshb0cl","id":"wucx3zdbhshb0cl"},"id":"afm8ddgqo4rc1bj","previousOperationId":"4fh6jra47fil3f8"}
{"type":"log","timestamp":1705334132362,"level":"debug","message":"Page request: GET (document) file:///C:/Users/arida/AppData/Local/Temp/jsreport/autocleanup/c4fa325b-dfab-4a18-9efb-3c98e2631045-chrome-pdf.html","meta":{"rootId":"wucx3zdbhshb0cl","id":"wucx3zdbhshb0cl"},"id":"5k96ncyg0skm6tm","previousOperationId":"4fh6jra47fil3f8"}
{"type":"log","timestamp":1705334132373,"level":"debug","message":"Page request: GET (script) https://cdnjs.cloudflare.com/ajax/libs/Chart.js/2.7.2/Chart.min.js","meta":{"rootId":"wucx3zdbhshb0cl","id":"wucx3zdbhshb0cl"},"id":"zjuni0coaa85827","previousOperationId":"4fh6jra47fil3f8"}
{"type":"log","timestamp":1705334132374,"level":"debug","message":"Page request finished: GET (document) 200 file:///C:/Users/arida/AppData/Local/Temp/jsreport/autocleanup/c4fa325b-dfab-4a18-9efb-3c98e2631045-chrome-pdf.html","meta":{"rootId":"wucx3zdbhshb0cl","id":"wucx3zdbhshb0cl"},"id":"fhpox9pkdw9gdt5","previousOperationId":"4fh6jra47fil3f8"}
{"type":"log","timestamp":1705334132380,"level":"debug","message":"Page request finished: GET (script) 200 https://cdnjs.cloudflare.com/ajax/libs/Chart.js/2.7.2/Chart.min.js","meta":{"rootId":"wucx3zdbhshb0cl","id":"wucx3zdbhshb0cl"},"id":"009gqvq7jnpolmn","previousOperationId":"4fh6jra47fil3f8"}
{"type":"log","timestamp":1705334132387,"level":"warn","message":"Page error: Unexpected token ';' , stack: SyntaxError: Unexpected token ';'","meta":{"rootId":"wucx3zdbhshb0cl","id":"wucx3zdbhshb0cl"},"id":"9ftqxggezbd13xc","previousOperationId":"4fh6jra47fil3f8"}
{"type":"log","timestamp":1705334132402,"level":"debug","message":"Running chrome with params {\"printBackground\":true,\"marginTop\":\"4cm\",\"marginRight\":\"1.5cm\",\"marginBottom\":\"1.5cm\",\"marginLeft\":\"1.5cm\",\"waitForJS\":false,\"timeout\":59925,\"margin\":{\"top\":\"4cm\",\"right\":\"1.5cm\",\"bottom\":\"1.5cm\",\"left\":\"1.5cm\"}}","meta":{"rootId":"wucx3zdbhshb0cl","id":"wucx3zdbhshb0cl"},"id":"m824u6hfj6t3xjx","previousOperationId":"4fh6jra47fil3f8"}
{"type":"operationEnd","operationId":"4fh6jra47fil3f8","timestamp":1705334132446,"id":"twniphzr9fdj02m","previousEventId":"pi7kpjd8wsycvpq","previousOperationId":"4fh6jra47fil3f8"}
{"type":"log","timestamp":1705334132446,"level":"info","message":"pdf-utils is starting pdf processing","meta":{"rootId":"wucx3zdbhshb0cl","id":"wucx3zdbhshb0cl"},"id":"f2e73xl8cz70063","previousOperationId":"4fh6jra47fil3f8"}
{"type":"operationStart","subtype":"pdfUtils","name":"pdf utils","timestamp":1705334132446,"id":"t7ufnrqqetr7cyz","previousEventId":"twniphzr9fdj02m","operationId":"ok4tpndkwhu0zde","previousOperationId":"4fh6jra47fil3f8"}
{"type":"log","timestamp":1705334132446,"level":"debug","message":"pdf-utils detected 1 pdf operation(s) to process","meta":{"rootId":"wucx3zdbhshb0cl","id":"wucx3zdbhshb0cl"},"id":"iotjfjglthwnu1k","previousOperationId":"ok4tpndkwhu0zde"}
{"type":"log","timestamp":1705334132466,"level":"debug","message":"pdf-utils running pdf operation merge","meta":{"rootId":"wucx3zdbhshb0cl","id":"wucx3zdbhshb0cl"},"id":"na98rwlo2tpjr1c","previousOperationId":"ok4tpndkwhu0zde"}
{"type":"operationStart","subtype":"pdfUtilsMerge","name":"pdf utils merge","previousOperationId":"ok4tpndkwhu0zde","timestamp":1705334132466,"id":"u2li2hegf069p8y","previousEventId":"t7ufnrqqetr7cyz","operationId":"f71igqtrz8yfrqx"}
{"type":"operationStart","subtype":"render","name":"locations-header","previousOperationId":"f71igqtrz8yfrqx","timestamp":1705334132467,"id":"6ogsn7uznwc7tr9","previousEventId":"u2li2hegf069p8y","operationId":"xlpeak8vjp7mt6f"}
{"type":"log","timestamp":1705334132467,"level":"info","message":"Starting rendering (child) request","meta":{"rootId":"wucx3zdbhshb0cl","id":"1sjaawxtb1qhruf"},"id":"r6ca1fp0nvzolvr","previousOperationId":"xlpeak8vjp7mt6f"}
{"type":"log","timestamp":1705334132467,"level":"info","message":"Rendering template { name: locations-header, recipe: chrome-pdf, engine: handlebars, preview: true }","meta":{"rootId":"wucx3zdbhshb0cl","id":"1sjaawxtb1qhruf"},"id":"dtt9i6qb4q72n9i","previousOperationId":"xlpeak8vjp7mt6f"}
{"type":"log","timestamp":1705334132468,"level":"debug","message":"Inline data specified.","meta":{"rootId":"wucx3zdbhshb0cl","id":"1sjaawxtb1qhruf"},"id":"sh789ssu1cx4l7l","previousOperationId":"xlpeak8vjp7mt6f"}
{"type":"log","timestamp":1705334132473,"level":"debug","message":"Base url not specified, skipping its injection.","meta":{"rootId":"wucx3zdbhshb0cl","id":"1sjaawxtb1qhruf"},"id":"lu7d54p52a778pd","previousOperationId":"xlpeak8vjp7mt6f"}
{"type":"operationStart","subtype":"engine","name":"handlebars","timestamp":1705334132473,"id":"svgboa9v1i0mls7","previousEventId":"6ogsn7uznwc7tr9","operationId":"29jrist4q0hg4h2","previousOperationId":"xlpeak8vjp7mt6f"}
{"type":"log","timestamp":1705334132473,"level":"debug","message":"Rendering engine handlebars","meta":{"rootId":"wucx3zdbhshb0cl","id":"1sjaawxtb1qhruf"},"id":"muajni1sw1fvvnu","previousOperationId":"29jrist4q0hg4h2"}
{"type":"operationEnd","operationId":"29jrist4q0hg4h2","timestamp":1705334132497,"id":"aggi5eoxxvcsuvr","previousEventId":"svgboa9v1i0mls7","previousOperationId":"29jrist4q0hg4h2"}
{"type":"operationStart","subtype":"recipe","name":"chrome-pdf","timestamp":1705334132497,"id":"9q3kpg6mcaar7e6","previousEventId":"aggi5eoxxvcsuvr","operationId":"sf3pde79k7ofy3c","previousOperationId":"29jrist4q0hg4h2"}
{"type":"log","timestamp":1705334132497,"level":"debug","message":"Executing recipe chrome-pdf","meta":{"rootId":"wucx3zdbhshb0cl","id":"1sjaawxtb1qhruf"},"id":"by5vorl492yzo1w","previousOperationId":"sf3pde79k7ofy3c"}
{"type":"log","timestamp":1705334132500,"level":"debug","message":"Converting with chrome HeadlessChrome/117.0.5938.149 using chrome-pool strategy","meta":{"rootId":"wucx3zdbhshb0cl","id":"1sjaawxtb1qhruf"},"id":"f0ipzg5btt6qtna","previousOperationId":"sf3pde79k7ofy3c"}
{"type":"log","timestamp":1705334132633,"level":"debug","message":"Page request: GET (document) file:///C:/Users/arida/AppData/Local/Temp/jsreport/autocleanup/c2cad824-facd-4716-91cb-88eab2520112-chrome-pdf.html","meta":{"rootId":"wucx3zdbhshb0cl","id":"1sjaawxtb1qhruf"},"id":"jjgrnnc06zmcrfb","previousOperationId":"sf3pde79k7ofy3c"}
{"type":"log","timestamp":1705334132643,"level":"debug","message":"Page request: GET (stylesheet) https://cdnjs.cloudflare.com/ajax/libs/metro/4.1.5/css/metro.min.css","meta":{"rootId":"wucx3zdbhshb0cl","id":"1sjaawxtb1qhruf"},"id":"8pfboyeftt37ahr","previousOperationId":"sf3pde79k7ofy3c"}
{"type":"log","timestamp":1705334132644,"level":"debug","message":"Page request finished: GET (document) 200 file:///C:/Users/arida/AppData/Local/Temp/jsreport/autocleanup/c2cad824-facd-4716-91cb-88eab2520112-chrome-pdf.html","meta":{"rootId":"wucx3zdbhshb0cl","id":"1sjaawxtb1qhruf"},"id":"nqv828o96mj54kj","previousOperationId":"sf3pde79k7ofy3c"}
{"type":"log","timestamp":1705334132675,"level":"debug","message":"Page request finished: GET (stylesheet) 200 https://cdnjs.cloudflare.com/ajax/libs/metro/4.1.5/css/metro.min.css","meta":{"rootId":"wucx3zdbhshb0cl","id":"1sjaawxtb1qhruf"},"id":"ou0t8fqakz5e7ti","previousOperationId":"sf3pde79k7ofy3c"}
{"type":"log","timestamp":1705334132699,"level":"debug","message":"Running chrome with params {\"printBackground\":true,\"marginTop\":\"1.5cm\",\"marginRight\":\"1.5cm\",\"marginLeft\":\"1.cm\",\"timeout\":59645,\"margin\":{\"top\":\"1.5cm\",\"right\":\"1.5cm\",\"left\":\"1.cm\"}}","meta":{"rootId":"wucx3zdbhshb0cl","id":"1sjaawxtb1qhruf"},"id":"ctx6h3lrqdzlny8","previousOperationId":"sf3pde79k7ofy3c"}
{"type":"operationEnd","operationId":"sf3pde79k7ofy3c","timestamp":1705334132742,"id":"fhddic41lyjql8i","previousEventId":"9q3kpg6mcaar7e6","previousOperationId":"sf3pde79k7ofy3c"}
{"type":"log","timestamp":1705334132742,"level":"debug","message":"Skipping storing report.","meta":{"rootId":"wucx3zdbhshb0cl","id":"1sjaawxtb1qhruf"},"id":"5uck383sv4jly0b","previousOperationId":"sf3pde79k7ofy3c"}
{"type":"log","timestamp":1705334132742,"level":"info","message":"Rendering (child) request finished in 598 ms","meta":{"rootId":"wucx3zdbhshb0cl","id":"1sjaawxtb1qhruf"},"id":"b8ykq78l8b27agj","previousOperationId":"sf3pde79k7ofy3c"}
{"type":"operationEnd","subtype":"render","operationId":"xlpeak8vjp7mt6f","timestamp":1705334132742,"id":"v54yh1xxye2a43y","previousEventId":"fhddic41lyjql8i","previousOperationId":"sf3pde79k7ofy3c"}
{"type":"operationEnd","operationId":"f71igqtrz8yfrqx","timestamp":1705334132753,"id":"oj6f4lh0jb1gf7d","previousEventId":"u2li2hegf069p8y","previousOperationId":"f71igqtrz8yfrqx"}
{"type":"log","timestamp":1705334132753,"level":"debug","message":"pdf-utils postproces start","meta":{"rootId":"wucx3zdbhshb0cl","id":"wucx3zdbhshb0cl"},"id":"dv8xbyjblia130i","previousOperationId":"f71igqtrz8yfrqx"}
{"type":"log","timestamp":1705334132762,"level":"debug","message":"pdf-utils postproces end","meta":{"rootId":"wucx3zdbhshb0cl","id":"wucx3zdbhshb0cl"},"id":"2hburnj0ybi6vqv","previousOperationId":"f71igqtrz8yfrqx"}
{"type":"operationEnd","operationId":"ok4tpndkwhu0zde","timestamp":1705334132762,"id":"qbk8zell670joxa","previousEventId":"oj6f4lh0jb1gf7d","previousOperationId":"f71igqtrz8yfrqx"}
{"type":"log","timestamp":1705334132762,"level":"info","message":"pdf-utils pdf processing was finished","meta":{"rootId":"wucx3zdbhshb0cl","id":"wucx3zdbhshb0cl"},"id":"yjpvs76d45cecpp","previousOperationId":"ok4tpndkwhu0zde"}
{"type":"log","timestamp":1705334132763,"level":"debug","message":"Skipping storing report.","meta":{"rootId":"wucx3zdbhshb0cl","id":"wucx3zdbhshb0cl"},"id":"2a1rfj8wx45lzub","previousOperationId":"ok4tpndkwhu0zde"}
{"type":"log","timestamp":1705334132763,"level":"info","message":"Rendering request 20 finished in 619 ms","meta":{"rootId":"wucx3zdbhshb0cl","id":"wucx3zdbhshb0cl"},"id":"gtt9q3c4ne29exq","previousOperationId":"ok4tpndkwhu0zde"}
{"type":"operationEnd","subtype":"render","operationId":"cs22g11s9ykuaw2","timestamp":1705334132763,"id":"q3hon8eh5k3qwlr","previousEventId":"qbk8zell670joxa","previousOperationId":"ok4tpndkwhu0zde"}
{"type":"operationEnd","doDiffs":false,"previousEventId":"5s270fgti1fn001","previousOperationId":"902cgp5nnxqcjd0","operationId":"902cgp5nnxqcjd0","timestamp":1705334132773,"id":"sxp6bk4e2k77upk"}
