{"type":"operationStart","subtype":"profile","data":{"_id":"O8MdtCHkG5us9Oq1","timestamp":"2024-01-15T10:17:17.587Z","state":"queued","mode":"standard","creationDate":"2024-01-15T10:17:17.593Z","modificationDate":"2024-01-15T10:17:17.593Z","shortid":"wzrnVmv","$entitySet":"profiles"},"doDiffs":false,"timestamp":1705313837590,"id":"74ua4q21homjnmu","previousOperationId":null,"operationId":"cgyaztdt6kuljcq"}
{"type":"log","level":"info","message":"Render request 25 queued for execution and waiting for available worker","previousOperationId":"cgyaztdt6kuljcq","timestamp":1705313837591,"id":"ndnbj51grg84ibw"}
{"type":"operationStart","subtype":"render","name":"locations-main","previousOperationId":"cgyaztdt6kuljcq","timestamp":1705313837622,"id":"txo7dk272740f7l","previousEventId":"74ua4q21homjnmu","operationId":"t7zj1pjytpk73jp"}
{"type":"log","timestamp":1705313837622,"level":"info","message":"Starting rendering request 25","meta":{"rootId":"x06b3eemivtb00q","id":"x06b3eemivtb00q"},"id":"eq6v43xd5uhs871","previousOperationId":"t7zj1pjytpk73jp"}
{"type":"log","timestamp":1705313837622,"level":"info","message":"Rendering template { name: locations-main, recipe: chrome-pdf, engine: handlebars, preview: true }","meta":{"rootId":"x06b3eemivtb00q","id":"x06b3eemivtb00q"},"id":"3l2foirjo4guj9y","previousOperationId":"t7zj1pjytpk73jp"}
{"type":"log","timestamp":1705313837636,"level":"debug","message":"Data item not defined for this template.","meta":{"rootId":"x06b3eemivtb00q","id":"x06b3eemivtb00q"},"id":"t3cdces2snx119q","previousOperationId":"t7zj1pjytpk73jp"}
{"type":"log","timestamp":1705313837643,"level":"debug","message":"Executing script locations-script (beforeRender)","meta":{"rootId":"x06b3eemivtb00q","id":"x06b3eemivtb00q"},"id":"zgdu90qssjee2aa","previousOperationId":"t7zj1pjytpk73jp"}
{"type":"operationStart","subtype":"scriptsBeforeRender","name":"scripts beforeRender","timestamp":1705313837660,"id":"z8h6jd0adnj8r1b","previousEventId":"txo7dk272740f7l","operationId":"zehpm7pdf3xv6fq","previousOperationId":"t7zj1pjytpk73jp"}
{"type":"operationStart","subtype":"script","name":"scripts locations-script","previousOperationId":"zehpm7pdf3xv6fq","timestamp":1705313837660,"id":"0jpew69838h8bad","previousEventId":"z8h6jd0adnj8r1b","operationId":"546zeo6xhm9smln"}
{"type":"operationEnd","operationId":"546zeo6xhm9smln","timestamp":1705313837690,"id":"9fgzzaxsj9gcuua","previousEventId":"txo7dk272740f7l","previousOperationId":"t7zj1pjytpk73jp"}
{"type":"operationEnd","operationId":"zehpm7pdf3xv6fq","timestamp":1705313837690,"id":"6oeh2mjkml1wg5f","previousEventId":"9fgzzaxsj9gcuua","previousOperationId":"t7zj1pjytpk73jp"}
{"type":"log","timestamp":1705313837690,"level":"debug","message":"Base url not specified, skipping its injection.","meta":{"rootId":"x06b3eemivtb00q","id":"x06b3eemivtb00q"},"id":"5u2bxwgsgsb297x","previousOperationId":"zehpm7pdf3xv6fq"}
{"type":"operationStart","subtype":"engine","name":"handlebars","timestamp":1705313837690,"id":"wautqsc0xymgel1","previousEventId":"6oeh2mjkml1wg5f","operationId":"euct181qluixopd","previousOperationId":"zehpm7pdf3xv6fq"}
{"type":"log","timestamp":1705313837690,"level":"debug","message":"Rendering engine handlebars","meta":{"rootId":"x06b3eemivtb00q","id":"x06b3eemivtb00q"},"id":"8vgten30nlz7vd3","previousOperationId":"euct181qluixopd"}
{"type":"operationEnd","operationId":"euct181qluixopd","timestamp":1705313837749,"id":"iidtkp33g9egyw4","previousEventId":"wautqsc0xymgel1","previousOperationId":"euct181qluixopd"}
{"type":"operationStart","subtype":"recipe","name":"chrome-pdf","timestamp":1705313837750,"id":"myjk5b3zhvoifla","previousEventId":"iidtkp33g9egyw4","operationId":"sc2k7hto447dwij","previousOperationId":"euct181qluixopd"}
{"type":"log","timestamp":1705313837750,"level":"debug","message":"Executing recipe chrome-pdf","meta":{"rootId":"x06b3eemivtb00q","id":"x06b3eemivtb00q"},"id":"uspq2nligf1wtqv","previousOperationId":"sc2k7hto447dwij"}
{"type":"log","timestamp":1705313837757,"level":"debug","message":"Converting with chrome HeadlessChrome/117.0.5938.149 using chrome-pool strategy","meta":{"rootId":"x06b3eemivtb00q","id":"x06b3eemivtb00q"},"id":"gn46gazmd4edc9w","previousOperationId":"sc2k7hto447dwij"}
{"type":"log","timestamp":1705313838060,"level":"debug","message":"Page request: GET (document) file:///C:/Users/arida/AppData/Local/Temp/jsreport/autocleanup/0a300c7e-d230-430e-9570-a65ce8ab49e0-chrome-pdf.html","meta":{"rootId":"x06b3eemivtb00q","id":"x06b3eemivtb00q"},"id":"j266eji76cl7n03","previousOperationId":"sc2k7hto447dwij"}
{"type":"log","timestamp":1705313838148,"level":"debug","message":"Page request: GET (script) https://cdn.jsdelivr.net/npm/chart.js","meta":{"rootId":"x06b3eemivtb00q","id":"x06b3eemivtb00q"},"id":"h0abhavxfg56r1j","previousOperationId":"sc2k7hto447dwij"}
{"type":"log","timestamp":1705313838149,"level":"debug","message":"Page request finished: GET (document) 200 file:///C:/Users/arida/AppData/Local/Temp/jsreport/autocleanup/0a300c7e-d230-430e-9570-a65ce8ab49e0-chrome-pdf.html","meta":{"rootId":"x06b3eemivtb00q","id":"x06b3eemivtb00q"},"id":"vnf7l32ivtjcmcp","previousOperationId":"sc2k7hto447dwij"}
{"type":"log","timestamp":1705313838164,"level":"debug","message":"Page request finished: GET (script) 200 https://cdn.jsdelivr.net/npm/chart.js","meta":{"rootId":"x06b3eemivtb00q","id":"x06b3eemivtb00q"},"id":"lcv37tjg992hrs7","previousOperationId":"sc2k7hto447dwij"}
{"type":"log","timestamp":1705313838181,"level":"warn","message":"Page error: numEventos is not defined , stack: ReferenceError: numEventos is not defined\n    at <anonymous> (file:///C:/Users/arida/AppData/Local/Temp/jsreport/autocleanup/0a300c7e-d230-430e-9570-a65ce8ab49e0-chrome-pdf.html:32:22)","meta":{"rootId":"x06b3eemivtb00q","id":"x06b3eemivtb00q"},"id":"ov12dyis6j81vu6","previousOperationId":"sc2k7hto447dwij"}
{"type":"log","timestamp":1705313838181,"level":"warn","message":"Page error: numEventos is not defined , stack: ReferenceError: numEventos is not defined\n    at <anonymous> (file:///C:/Users/arida/AppData/Local/Temp/jsreport/autocleanup/0a300c7e-d230-430e-9570-a65ce8ab49e0-chrome-pdf.html:90:22)","meta":{"rootId":"x06b3eemivtb00q","id":"x06b3eemivtb00q"},"id":"hkn7rxhb0qqn74c","previousOperationId":"sc2k7hto447dwij"}
{"type":"log","timestamp":1705313838224,"level":"debug","message":"Running chrome with params {\"printBackground\":true,\"marginTop\":\"4cm\",\"marginRight\":\"1.5cm\",\"marginBottom\":\"1.5cm\",\"marginLeft\":\"1.5cm\",\"waitForJS\":false,\"timeout\":59832,\"margin\":{\"top\":\"4cm\",\"right\":\"1.5cm\",\"bottom\":\"1.5cm\",\"left\":\"1.5cm\"}}","meta":{"rootId":"x06b3eemivtb00q","id":"x06b3eemivtb00q"},"id":"71oprfp17z1xk0k","previousOperationId":"sc2k7hto447dwij"}
{"type":"operationEnd","operationId":"sc2k7hto447dwij","timestamp":1705313838351,"id":"fuqpc7g40eu60cj","previousEventId":"myjk5b3zhvoifla","previousOperationId":"sc2k7hto447dwij"}
{"type":"log","timestamp":1705313838351,"level":"info","message":"pdf-utils is starting pdf processing","meta":{"rootId":"x06b3eemivtb00q","id":"x06b3eemivtb00q"},"id":"y5h0rggp3lapgn3","previousOperationId":"sc2k7hto447dwij"}
{"type":"operationStart","subtype":"pdfUtils","name":"pdf utils","timestamp":1705313838351,"id":"a0cxse8crv40tc7","previousEventId":"fuqpc7g40eu60cj","operationId":"i0j4zat5mworao2","previousOperationId":"sc2k7hto447dwij"}
{"type":"log","timestamp":1705313838351,"level":"debug","message":"pdf-utils detected 1 pdf operation(s) to process","meta":{"rootId":"x06b3eemivtb00q","id":"x06b3eemivtb00q"},"id":"kl1pkol9dwqyuzo","previousOperationId":"i0j4zat5mworao2"}
{"type":"log","timestamp":1705313838390,"level":"debug","message":"pdf-utils running pdf operation merge","meta":{"rootId":"x06b3eemivtb00q","id":"x06b3eemivtb00q"},"id":"znhj0jqb5say3w6","previousOperationId":"i0j4zat5mworao2"}
{"type":"operationStart","subtype":"pdfUtilsMerge","name":"pdf utils merge","previousOperationId":"i0j4zat5mworao2","timestamp":1705313838390,"id":"sb060agfge78236","previousEventId":"a0cxse8crv40tc7","operationId":"1nb7283lfeki5wv"}
{"type":"operationStart","subtype":"render","name":"locations-header","previousOperationId":"1nb7283lfeki5wv","timestamp":1705313838392,"id":"6er7wagpy9r14j4","previousEventId":"sb060agfge78236","operationId":"zo79hafb4ue0ilp"}
{"type":"log","timestamp":1705313838393,"level":"info","message":"Starting rendering (child) request","meta":{"rootId":"x06b3eemivtb00q","id":"yk95ctj3zju0tx5"},"id":"g0carw7ka2e8ra8","previousOperationId":"zo79hafb4ue0ilp"}
{"type":"log","timestamp":1705313838393,"level":"info","message":"Rendering template { name: locations-header, recipe: chrome-pdf, engine: handlebars, preview: true }","meta":{"rootId":"x06b3eemivtb00q","id":"yk95ctj3zju0tx5"},"id":"mry6f60o0z3z7o9","previousOperationId":"zo79hafb4ue0ilp"}
{"type":"log","timestamp":1705313838405,"level":"debug","message":"Inline data specified.","meta":{"rootId":"x06b3eemivtb00q","id":"yk95ctj3zju0tx5"},"id":"owggwi2zyjcg6bh","previousOperationId":"zo79hafb4ue0ilp"}
{"type":"log","timestamp":1705313838416,"level":"debug","message":"Base url not specified, skipping its injection.","meta":{"rootId":"x06b3eemivtb00q","id":"yk95ctj3zju0tx5"},"id":"dedkxakyf05679v","previousOperationId":"zo79hafb4ue0ilp"}
{"type":"operationStart","subtype":"engine","name":"handlebars","timestamp":1705313838416,"id":"vro2vaqsodmq93j","previousEventId":"6er7wagpy9r14j4","operationId":"7eo6jm4xim4y3xz","previousOperationId":"zo79hafb4ue0ilp"}
{"type":"log","timestamp":1705313838416,"level":"debug","message":"Rendering engine handlebars","meta":{"rootId":"x06b3eemivtb00q","id":"yk95ctj3zju0tx5"},"id":"pd69uvv6kulveg8","previousOperationId":"7eo6jm4xim4y3xz"}
{"type":"operationEnd","operationId":"7eo6jm4xim4y3xz","timestamp":1705313838455,"id":"unprmltcexoir25","previousEventId":"vro2vaqsodmq93j","previousOperationId":"7eo6jm4xim4y3xz"}
{"type":"operationStart","subtype":"recipe","name":"chrome-pdf","timestamp":1705313838455,"id":"gv8rv20svdgvghc","previousEventId":"unprmltcexoir25","operationId":"o6t2zt4wuj237md","previousOperationId":"7eo6jm4xim4y3xz"}
{"type":"log","timestamp":1705313838455,"level":"debug","message":"Executing recipe chrome-pdf","meta":{"rootId":"x06b3eemivtb00q","id":"yk95ctj3zju0tx5"},"id":"80785pubabhk0yg","previousOperationId":"o6t2zt4wuj237md"}
{"type":"log","timestamp":1705313838461,"level":"debug","message":"Converting with chrome HeadlessChrome/117.0.5938.149 using chrome-pool strategy","meta":{"rootId":"x06b3eemivtb00q","id":"yk95ctj3zju0tx5"},"id":"1ts29z7sp7y1aac","previousOperationId":"o6t2zt4wuj237md"}
{"type":"log","timestamp":1705313838649,"level":"debug","message":"Page request: GET (document) file:///C:/Users/arida/AppData/Local/Temp/jsreport/autocleanup/e86cd5bd-e0af-4890-8304-7740ff5421fb-chrome-pdf.html","meta":{"rootId":"x06b3eemivtb00q","id":"yk95ctj3zju0tx5"},"id":"00pfwm0bvup4f4i","previousOperationId":"o6t2zt4wuj237md"}
{"type":"log","timestamp":1705313838658,"level":"debug","message":"Page request: GET (stylesheet) https://cdnjs.cloudflare.com/ajax/libs/metro/4.1.5/css/metro.min.css","meta":{"rootId":"x06b3eemivtb00q","id":"yk95ctj3zju0tx5"},"id":"v0vshn9seph4pax","previousOperationId":"o6t2zt4wuj237md"}
{"type":"log","timestamp":1705313838659,"level":"debug","message":"Page request finished: GET (document) 200 file:///C:/Users/arida/AppData/Local/Temp/jsreport/autocleanup/e86cd5bd-e0af-4890-8304-7740ff5421fb-chrome-pdf.html","meta":{"rootId":"x06b3eemivtb00q","id":"yk95ctj3zju0tx5"},"id":"35wx6wxb3rj6u7h","previousOperationId":"o6t2zt4wuj237md"}
{"type":"log","timestamp":1705313838679,"level":"debug","message":"Page request finished: GET (stylesheet) 200 https://cdnjs.cloudflare.com/ajax/libs/metro/4.1.5/css/metro.min.css","meta":{"rootId":"x06b3eemivtb00q","id":"yk95ctj3zju0tx5"},"id":"5qtl93bd75bh9nd","previousOperationId":"o6t2zt4wuj237md"}
{"type":"log","timestamp":1705313838698,"level":"debug","message":"Running chrome with params {\"printBackground\":true,\"marginTop\":\"1.5cm\",\"marginRight\":\"1.5cm\",\"marginLeft\":\"1.cm\",\"timeout\":59128,\"margin\":{\"top\":\"1.5cm\",\"right\":\"1.5cm\",\"left\":\"1.cm\"}}","meta":{"rootId":"x06b3eemivtb00q","id":"yk95ctj3zju0tx5"},"id":"8e4g4xihrr3abfr","previousOperationId":"o6t2zt4wuj237md"}
{"type":"operationEnd","operationId":"o6t2zt4wuj237md","timestamp":1705313838739,"id":"1jo6h6yjtmjk0yg","previousEventId":"gv8rv20svdgvghc","previousOperationId":"o6t2zt4wuj237md"}
{"type":"log","timestamp":1705313838739,"level":"debug","message":"Skipping storing report.","meta":{"rootId":"x06b3eemivtb00q","id":"yk95ctj3zju0tx5"},"id":"l88zj7hn9mrb17d","previousOperationId":"o6t2zt4wuj237md"}
{"type":"log","timestamp":1705313838739,"level":"info","message":"Rendering (child) request finished in 1152 ms","meta":{"rootId":"x06b3eemivtb00q","id":"yk95ctj3zju0tx5"},"id":"i16zfn6zmaocbl9","previousOperationId":"o6t2zt4wuj237md"}
{"type":"operationEnd","subtype":"render","operationId":"zo79hafb4ue0ilp","timestamp":1705313838739,"id":"bp1sabtblr6pl6s","previousEventId":"1jo6h6yjtmjk0yg","previousOperationId":"o6t2zt4wuj237md"}
{"type":"operationEnd","operationId":"1nb7283lfeki5wv","timestamp":1705313838747,"id":"5wn0gu1xghekfkh","previousEventId":"sb060agfge78236","previousOperationId":"1nb7283lfeki5wv"}
{"type":"log","timestamp":1705313838747,"level":"debug","message":"pdf-utils postproces start","meta":{"rootId":"x06b3eemivtb00q","id":"x06b3eemivtb00q"},"id":"oefyya8v7sfhrs1","previousOperationId":"1nb7283lfeki5wv"}
{"type":"log","timestamp":1705313838754,"level":"debug","message":"pdf-utils postproces end","meta":{"rootId":"x06b3eemivtb00q","id":"x06b3eemivtb00q"},"id":"oa86mf9ij8fv62e","previousOperationId":"1nb7283lfeki5wv"}
{"type":"operationEnd","operationId":"i0j4zat5mworao2","timestamp":1705313838754,"id":"p6u52p9l1ctvlal","previousEventId":"5wn0gu1xghekfkh","previousOperationId":"1nb7283lfeki5wv"}
{"type":"log","timestamp":1705313838754,"level":"info","message":"pdf-utils pdf processing was finished","meta":{"rootId":"x06b3eemivtb00q","id":"x06b3eemivtb00q"},"id":"9gbue40f7c8u7se","previousOperationId":"i0j4zat5mworao2"}
{"type":"log","timestamp":1705313838754,"level":"debug","message":"Skipping storing report.","meta":{"rootId":"x06b3eemivtb00q","id":"x06b3eemivtb00q"},"id":"rp8urjloqh965w5","previousOperationId":"i0j4zat5mworao2"}
{"type":"log","timestamp":1705313838754,"level":"info","message":"Rendering request 25 finished in 1167 ms","meta":{"rootId":"x06b3eemivtb00q","id":"x06b3eemivtb00q"},"id":"p98wh0tm5f0yswx","previousOperationId":"i0j4zat5mworao2"}
{"type":"operationEnd","subtype":"render","operationId":"t7zj1pjytpk73jp","timestamp":1705313838754,"id":"dh5gca5friaqhni","previousEventId":"p6u52p9l1ctvlal","previousOperationId":"i0j4zat5mworao2"}
{"type":"operationEnd","doDiffs":false,"previousEventId":"74ua4q21homjnmu","previousOperationId":"cgyaztdt6kuljcq","operationId":"cgyaztdt6kuljcq","timestamp":1705313838763,"id":"695b4pnyfafnnxg"}
