{"type":"operationStart","subtype":"profile","data":{"_id":"eg43XlfDFg56G7z4","timestamp":"2024-01-15T15:50:49.208Z","state":"queued","mode":"standard","creationDate":"2024-01-15T15:50:49.211Z","modificationDate":"2024-01-15T15:50:49.211Z","shortid":"OxteAro","$entitySet":"profiles"},"doDiffs":false,"timestamp":1705333849210,"id":"kr7930u0gm02nru","previousOperationId":null,"operationId":"vmom1so4apvmdp6"}
{"type":"log","level":"info","message":"Render request 12 queued for execution and waiting for available worker","previousOperationId":"vmom1so4apvmdp6","timestamp":1705333849210,"id":"0xn16fehzjvrcem"}
{"type":"operationStart","subtype":"render","name":"locations-main","previousOperationId":"vmom1so4apvmdp6","timestamp":1705333849223,"id":"e4u1m30auzfwjmn","previousEventId":"kr7930u0gm02nru","operationId":"r6wvjv201wn4tnl"}
{"type":"log","timestamp":1705333849224,"level":"info","message":"Starting rendering request 12","meta":{"rootId":"xbmcpth5q4bre6t","id":"xbmcpth5q4bre6t"},"id":"mrq5lbjkm0p4ns4","previousOperationId":"r6wvjv201wn4tnl"}
{"type":"log","timestamp":1705333849224,"level":"info","message":"Rendering template { name: locations-main, recipe: chrome-pdf, engine: handlebars, preview: true }","meta":{"rootId":"xbmcpth5q4bre6t","id":"xbmcpth5q4bre6t"},"id":"82fia4hte0rnlhv","previousOperationId":"r6wvjv201wn4tnl"}
{"type":"log","timestamp":1705333849225,"level":"debug","message":"Data item not defined for this template.","meta":{"rootId":"xbmcpth5q4bre6t","id":"xbmcpth5q4bre6t"},"id":"9t93n0m0uzlp4fl","previousOperationId":"r6wvjv201wn4tnl"}
{"type":"log","timestamp":1705333849230,"level":"debug","message":"Executing script locations-script (beforeRender)","meta":{"rootId":"xbmcpth5q4bre6t","id":"xbmcpth5q4bre6t"},"id":"1p02kujg0rqisbv","previousOperationId":"r6wvjv201wn4tnl"}
{"type":"operationStart","subtype":"scriptsBeforeRender","name":"scripts beforeRender","timestamp":1705333849240,"id":"7jgglr0pjq6asbd","previousEventId":"e4u1m30auzfwjmn","operationId":"ju1obb2c51dm7ek","previousOperationId":"r6wvjv201wn4tnl"}
{"type":"operationStart","subtype":"script","name":"scripts locations-script","previousOperationId":"ju1obb2c51dm7ek","timestamp":1705333849240,"id":"snh8zlqhk29cm5t","previousEventId":"7jgglr0pjq6asbd","operationId":"t8c1835isklf7ls"}
{"type":"operationEnd","operationId":"t8c1835isklf7ls","timestamp":1705333849255,"id":"lrlq5wq3m8i96iv","previousEventId":"e4u1m30auzfwjmn","previousOperationId":"r6wvjv201wn4tnl"}
{"type":"operationEnd","operationId":"ju1obb2c51dm7ek","timestamp":1705333849255,"id":"ew2rdliw8eymae7","previousEventId":"lrlq5wq3m8i96iv","previousOperationId":"r6wvjv201wn4tnl"}
{"type":"log","timestamp":1705333849255,"level":"debug","message":"Base url not specified, skipping its injection.","meta":{"rootId":"xbmcpth5q4bre6t","id":"xbmcpth5q4bre6t"},"id":"k51tve6i3vyg5cg","previousOperationId":"ju1obb2c51dm7ek"}
{"type":"operationStart","subtype":"engine","name":"handlebars","timestamp":1705333849255,"id":"puiqx7w6ktfejrr","previousEventId":"ew2rdliw8eymae7","operationId":"fivk9zfgcet2gjh","previousOperationId":"ju1obb2c51dm7ek"}
{"type":"log","timestamp":1705333849255,"level":"debug","message":"Rendering engine handlebars","meta":{"rootId":"xbmcpth5q4bre6t","id":"xbmcpth5q4bre6t"},"id":"r3r32tasaf3pzbu","previousOperationId":"fivk9zfgcet2gjh"}
{"type":"operationEnd","operationId":"fivk9zfgcet2gjh","timestamp":1705333849272,"id":"i84d5pm305ux69x","previousEventId":"puiqx7w6ktfejrr","previousOperationId":"fivk9zfgcet2gjh"}
{"type":"operationStart","subtype":"recipe","name":"chrome-pdf","timestamp":1705333849273,"id":"6rmbwq9ci1vwob8","previousEventId":"i84d5pm305ux69x","operationId":"wnzinr5jdz4t08g","previousOperationId":"fivk9zfgcet2gjh"}
{"type":"log","timestamp":1705333849273,"level":"debug","message":"Executing recipe chrome-pdf","meta":{"rootId":"xbmcpth5q4bre6t","id":"xbmcpth5q4bre6t"},"id":"tkwnz0rsm07wv7z","previousOperationId":"wnzinr5jdz4t08g"}
{"type":"log","timestamp":1705333849276,"level":"debug","message":"Converting with chrome HeadlessChrome/117.0.5938.149 using chrome-pool strategy","meta":{"rootId":"xbmcpth5q4bre6t","id":"xbmcpth5q4bre6t"},"id":"1qe3hbl8of21nex","previousOperationId":"wnzinr5jdz4t08g"}
{"type":"log","timestamp":1705333849407,"level":"debug","message":"Page request: GET (document) file:///C:/Users/arida/AppData/Local/Temp/jsreport/autocleanup/a622e651-9c06-46f7-a230-644533988d61-chrome-pdf.html","meta":{"rootId":"xbmcpth5q4bre6t","id":"xbmcpth5q4bre6t"},"id":"rzchi4705cn9bmk","previousOperationId":"wnzinr5jdz4t08g"}
{"type":"log","timestamp":1705333849439,"level":"debug","message":"Page request finished: GET (document) 200 file:///C:/Users/arida/AppData/Local/Temp/jsreport/autocleanup/a622e651-9c06-46f7-a230-644533988d61-chrome-pdf.html","meta":{"rootId":"xbmcpth5q4bre6t","id":"xbmcpth5q4bre6t"},"id":"442n9u4ne5dwdo7","previousOperationId":"wnzinr5jdz4t08g"}
{"type":"log","timestamp":1705333849439,"level":"debug","message":"Page request: GET (script) https://cdnjs.cloudflare.com/ajax/libs/Chart.js/2.7.2/Chart.min.js","meta":{"rootId":"xbmcpth5q4bre6t","id":"xbmcpth5q4bre6t"},"id":"dcambro65ictaqe","previousOperationId":"wnzinr5jdz4t08g"}
{"type":"log","timestamp":1705333849453,"level":"debug","message":"Page request finished: GET (script) 200 https://cdnjs.cloudflare.com/ajax/libs/Chart.js/2.7.2/Chart.min.js","meta":{"rootId":"xbmcpth5q4bre6t","id":"xbmcpth5q4bre6t"},"id":"wik9qbori1yu7qe","previousOperationId":"wnzinr5jdz4t08g"}
{"type":"log","timestamp":1705333849470,"level":"warn","message":"Page error: Unexpected token ';' , stack: SyntaxError: Unexpected token ';'","meta":{"rootId":"xbmcpth5q4bre6t","id":"xbmcpth5q4bre6t"},"id":"mvapgz3gztcrjev","previousOperationId":"wnzinr5jdz4t08g"}
{"type":"log","timestamp":1705333849487,"level":"debug","message":"Running chrome with params {\"printBackground\":true,\"marginTop\":\"4cm\",\"marginRight\":\"1.5cm\",\"marginBottom\":\"1.5cm\",\"marginLeft\":\"1.5cm\",\"waitForJS\":false,\"timeout\":59933,\"margin\":{\"top\":\"4cm\",\"right\":\"1.5cm\",\"bottom\":\"1.5cm\",\"left\":\"1.5cm\"}}","meta":{"rootId":"xbmcpth5q4bre6t","id":"xbmcpth5q4bre6t"},"id":"yxtgadfadsqlfyl","previousOperationId":"wnzinr5jdz4t08g"}
{"type":"operationEnd","operationId":"wnzinr5jdz4t08g","timestamp":1705333849536,"id":"45u2be0mnzwf2yg","previousEventId":"6rmbwq9ci1vwob8","previousOperationId":"wnzinr5jdz4t08g"}
{"type":"log","timestamp":1705333849536,"level":"info","message":"pdf-utils is starting pdf processing","meta":{"rootId":"xbmcpth5q4bre6t","id":"xbmcpth5q4bre6t"},"id":"f5tqndlgtcpvy3h","previousOperationId":"wnzinr5jdz4t08g"}
{"type":"operationStart","subtype":"pdfUtils","name":"pdf utils","timestamp":1705333849536,"id":"xucnib1zp4dr0oj","previousEventId":"45u2be0mnzwf2yg","operationId":"rvqdya7cglkiz4n","previousOperationId":"wnzinr5jdz4t08g"}
{"type":"log","timestamp":1705333849536,"level":"debug","message":"pdf-utils detected 1 pdf operation(s) to process","meta":{"rootId":"xbmcpth5q4bre6t","id":"xbmcpth5q4bre6t"},"id":"azc7b0o0otub068","previousOperationId":"rvqdya7cglkiz4n"}
{"type":"log","timestamp":1705333849552,"level":"debug","message":"pdf-utils running pdf operation merge","meta":{"rootId":"xbmcpth5q4bre6t","id":"xbmcpth5q4bre6t"},"id":"f0eg59ukikye6qu","previousOperationId":"rvqdya7cglkiz4n"}
{"type":"operationStart","subtype":"pdfUtilsMerge","name":"pdf utils merge","previousOperationId":"rvqdya7cglkiz4n","timestamp":1705333849553,"id":"oztrmkb55zi3ovt","previousEventId":"xucnib1zp4dr0oj","operationId":"m0oloshzfd4jpc9"}
{"type":"operationStart","subtype":"render","name":"locations-header","previousOperationId":"m0oloshzfd4jpc9","timestamp":1705333849554,"id":"b9vzwtcovzcqukg","previousEventId":"oztrmkb55zi3ovt","operationId":"cgdq98l0i6oohza"}
{"type":"log","timestamp":1705333849554,"level":"info","message":"Starting rendering (child) request","meta":{"rootId":"xbmcpth5q4bre6t","id":"f0rg0dt4goo6yi3"},"id":"dnwfit7bv6y3cw1","previousOperationId":"cgdq98l0i6oohza"}
{"type":"log","timestamp":1705333849555,"level":"info","message":"Rendering template { name: locations-header, recipe: chrome-pdf, engine: handlebars, preview: true }","meta":{"rootId":"xbmcpth5q4bre6t","id":"f0rg0dt4goo6yi3"},"id":"ugeewwxgctou7bf","previousOperationId":"cgdq98l0i6oohza"}
{"type":"log","timestamp":1705333849562,"level":"debug","message":"Inline data specified.","meta":{"rootId":"xbmcpth5q4bre6t","id":"f0rg0dt4goo6yi3"},"id":"62ns1mliaxj81p6","previousOperationId":"cgdq98l0i6oohza"}
{"type":"log","timestamp":1705333849567,"level":"debug","message":"Base url not specified, skipping its injection.","meta":{"rootId":"xbmcpth5q4bre6t","id":"f0rg0dt4goo6yi3"},"id":"e2ls6lue6v5soqy","previousOperationId":"cgdq98l0i6oohza"}
{"type":"operationStart","subtype":"engine","name":"handlebars","timestamp":1705333849567,"id":"3jw3q98a4ojdnnq","previousEventId":"b9vzwtcovzcqukg","operationId":"j4d9sv0k6j5xfii","previousOperationId":"cgdq98l0i6oohza"}
{"type":"log","timestamp":1705333849567,"level":"debug","message":"Rendering engine handlebars","meta":{"rootId":"xbmcpth5q4bre6t","id":"f0rg0dt4goo6yi3"},"id":"5t7po08jrrj4l4c","previousOperationId":"j4d9sv0k6j5xfii"}
{"type":"operationEnd","operationId":"j4d9sv0k6j5xfii","timestamp":1705333849586,"id":"njen241eokk4ycw","previousEventId":"3jw3q98a4ojdnnq","previousOperationId":"j4d9sv0k6j5xfii"}
{"type":"operationStart","subtype":"recipe","name":"chrome-pdf","timestamp":1705333849586,"id":"nzrllpbgd05zzy4","previousEventId":"njen241eokk4ycw","operationId":"v65hx04p6wjvihd","previousOperationId":"j4d9sv0k6j5xfii"}
{"type":"log","timestamp":1705333849586,"level":"debug","message":"Executing recipe chrome-pdf","meta":{"rootId":"xbmcpth5q4bre6t","id":"f0rg0dt4goo6yi3"},"id":"h1bp2eupnge11e4","previousOperationId":"v65hx04p6wjvihd"}
{"type":"log","timestamp":1705333849589,"level":"debug","message":"Converting with chrome HeadlessChrome/117.0.5938.149 using chrome-pool strategy","meta":{"rootId":"xbmcpth5q4bre6t","id":"f0rg0dt4goo6yi3"},"id":"ftlr4vifoa9fhjz","previousOperationId":"v65hx04p6wjvihd"}
{"type":"log","timestamp":1705333849729,"level":"debug","message":"Page request: GET (document) file:///C:/Users/arida/AppData/Local/Temp/jsreport/autocleanup/07bedf11-5122-4ec5-8263-23faad22645c-chrome-pdf.html","meta":{"rootId":"xbmcpth5q4bre6t","id":"f0rg0dt4goo6yi3"},"id":"pbjxcvmafkz997q","previousOperationId":"v65hx04p6wjvihd"}
{"type":"log","timestamp":1705333849741,"level":"debug","message":"Page request: GET (stylesheet) https://cdnjs.cloudflare.com/ajax/libs/metro/4.1.5/css/metro.min.css","meta":{"rootId":"xbmcpth5q4bre6t","id":"f0rg0dt4goo6yi3"},"id":"zwzrkhcnlbgrrq3","previousOperationId":"v65hx04p6wjvihd"}
{"type":"log","timestamp":1705333849742,"level":"debug","message":"Page request finished: GET (document) 200 file:///C:/Users/arida/AppData/Local/Temp/jsreport/autocleanup/07bedf11-5122-4ec5-8263-23faad22645c-chrome-pdf.html","meta":{"rootId":"xbmcpth5q4bre6t","id":"f0rg0dt4goo6yi3"},"id":"xrkxan8loc88au3","previousOperationId":"v65hx04p6wjvihd"}
{"type":"log","timestamp":1705333849765,"level":"debug","message":"Page request finished: GET (stylesheet) 200 https://cdnjs.cloudflare.com/ajax/libs/metro/4.1.5/css/metro.min.css","meta":{"rootId":"xbmcpth5q4bre6t","id":"f0rg0dt4goo6yi3"},"id":"jsfvw7c34z3ctll","previousOperationId":"v65hx04p6wjvihd"}
{"type":"log","timestamp":1705333849789,"level":"debug","message":"Running chrome with params {\"printBackground\":true,\"marginTop\":\"1.5cm\",\"marginRight\":\"1.5cm\",\"marginLeft\":\"1.cm\",\"timeout\":59620,\"margin\":{\"top\":\"1.5cm\",\"right\":\"1.5cm\",\"left\":\"1.cm\"}}","meta":{"rootId":"xbmcpth5q4bre6t","id":"f0rg0dt4goo6yi3"},"id":"z4471jxtyncmnp8","previousOperationId":"v65hx04p6wjvihd"}
{"type":"operationEnd","operationId":"v65hx04p6wjvihd","timestamp":1705333849833,"id":"j7xr9kqi4u7fgdj","previousEventId":"nzrllpbgd05zzy4","previousOperationId":"v65hx04p6wjvihd"}
{"type":"log","timestamp":1705333849833,"level":"debug","message":"Skipping storing report.","meta":{"rootId":"xbmcpth5q4bre6t","id":"f0rg0dt4goo6yi3"},"id":"klsylcinrgn3uwi","previousOperationId":"v65hx04p6wjvihd"}
{"type":"log","timestamp":1705333849833,"level":"info","message":"Rendering (child) request finished in 625 ms","meta":{"rootId":"xbmcpth5q4bre6t","id":"f0rg0dt4goo6yi3"},"id":"1k4i4v88hjjf2v6","previousOperationId":"v65hx04p6wjvihd"}
{"type":"operationEnd","subtype":"render","operationId":"cgdq98l0i6oohza","timestamp":1705333849833,"id":"g8q5yudscw2t6se","previousEventId":"j7xr9kqi4u7fgdj","previousOperationId":"v65hx04p6wjvihd"}
{"type":"operationEnd","operationId":"m0oloshzfd4jpc9","timestamp":1705333849842,"id":"f1g2v6wznkmcs3f","previousEventId":"oztrmkb55zi3ovt","previousOperationId":"m0oloshzfd4jpc9"}
{"type":"log","timestamp":1705333849842,"level":"debug","message":"pdf-utils postproces start","meta":{"rootId":"xbmcpth5q4bre6t","id":"xbmcpth5q4bre6t"},"id":"j56xyefocdar2xs","previousOperationId":"m0oloshzfd4jpc9"}
{"type":"log","timestamp":1705333849852,"level":"debug","message":"pdf-utils postproces end","meta":{"rootId":"xbmcpth5q4bre6t","id":"xbmcpth5q4bre6t"},"id":"5pmu4tn02neu1ny","previousOperationId":"m0oloshzfd4jpc9"}
{"type":"operationEnd","operationId":"rvqdya7cglkiz4n","timestamp":1705333849852,"id":"d6n1vbducdp4mmx","previousEventId":"f1g2v6wznkmcs3f","previousOperationId":"m0oloshzfd4jpc9"}
{"type":"log","timestamp":1705333849852,"level":"info","message":"pdf-utils pdf processing was finished","meta":{"rootId":"xbmcpth5q4bre6t","id":"xbmcpth5q4bre6t"},"id":"f2s54vys12j1omd","previousOperationId":"rvqdya7cglkiz4n"}
{"type":"log","timestamp":1705333849852,"level":"debug","message":"Skipping storing report.","meta":{"rootId":"xbmcpth5q4bre6t","id":"xbmcpth5q4bre6t"},"id":"rfli13xyi0e9lm9","previousOperationId":"rvqdya7cglkiz4n"}
{"type":"log","timestamp":1705333849852,"level":"info","message":"Rendering request 12 finished in 644 ms","meta":{"rootId":"xbmcpth5q4bre6t","id":"xbmcpth5q4bre6t"},"id":"39hf7lta18tgb23","previousOperationId":"rvqdya7cglkiz4n"}
{"type":"operationEnd","subtype":"render","operationId":"r6wvjv201wn4tnl","timestamp":1705333849852,"id":"qb5hk1bf3t4d56i","previousEventId":"d6n1vbducdp4mmx","previousOperationId":"rvqdya7cglkiz4n"}
{"type":"operationEnd","doDiffs":false,"previousEventId":"kr7930u0gm02nru","previousOperationId":"vmom1so4apvmdp6","operationId":"vmom1so4apvmdp6","timestamp":1705333849861,"id":"7dl2wlp4szhbddf"}
