{"type":"operationStart","subtype":"profile","data":{"_id":"3Zz3QEJd6YExv8b9","timestamp":"2024-01-15T15:48:55.028Z","state":"queued","mode":"standard","creationDate":"2024-01-15T15:48:55.031Z","modificationDate":"2024-01-15T15:48:55.031Z","shortid":"lQkYdks","$entitySet":"profiles"},"doDiffs":false,"timestamp":1705333735030,"id":"kap6x894zv3l8tx","previousOperationId":null,"operationId":"s79wtufwj4bu7c3"}
{"type":"log","level":"info","message":"Render request 9 queued for execution and waiting for available worker","previousOperationId":"s79wtufwj4bu7c3","timestamp":1705333735030,"id":"0dcvi0faqmfcog4"}
{"type":"operationStart","subtype":"render","name":"locations-main","previousOperationId":"s79wtufwj4bu7c3","timestamp":1705333735045,"id":"34wn43qnpiwdgyj","previousEventId":"kap6x894zv3l8tx","operationId":"p1po85nhf59l342"}
{"type":"log","timestamp":1705333735045,"level":"info","message":"Starting rendering request 9","meta":{"rootId":"y59asckmxrndo3c","id":"y59asckmxrndo3c"},"id":"lebxxkdbjmj67nd","previousOperationId":"p1po85nhf59l342"}
{"type":"log","timestamp":1705333735046,"level":"info","message":"Rendering template { name: locations-main, recipe: chrome-pdf, engine: handlebars, preview: true }","meta":{"rootId":"y59asckmxrndo3c","id":"y59asckmxrndo3c"},"id":"fgsn899wanfoyxe","previousOperationId":"p1po85nhf59l342"}
{"type":"log","timestamp":1705333735047,"level":"debug","message":"Data item not defined for this template.","meta":{"rootId":"y59asckmxrndo3c","id":"y59asckmxrndo3c"},"id":"dmhpl1ooc11oamy","previousOperationId":"p1po85nhf59l342"}
{"type":"log","timestamp":1705333735051,"level":"debug","message":"Executing script locations-script (beforeRender)","meta":{"rootId":"y59asckmxrndo3c","id":"y59asckmxrndo3c"},"id":"bo55qgtvladf0nz","previousOperationId":"p1po85nhf59l342"}
{"type":"operationStart","subtype":"scriptsBeforeRender","name":"scripts beforeRender","timestamp":1705333735062,"id":"leybea2v3rmos38","previousEventId":"34wn43qnpiwdgyj","operationId":"2zye30q8igl3hrc","previousOperationId":"p1po85nhf59l342"}
{"type":"operationStart","subtype":"script","name":"scripts locations-script","previousOperationId":"2zye30q8igl3hrc","timestamp":1705333735062,"id":"ey2hxde3xy8y9jq","previousEventId":"leybea2v3rmos38","operationId":"806vvk485nlk22l"}
{"type":"operationEnd","operationId":"806vvk485nlk22l","timestamp":1705333735076,"id":"utl4eufzaf6hi1b","previousEventId":"34wn43qnpiwdgyj","previousOperationId":"p1po85nhf59l342"}
{"type":"operationEnd","operationId":"2zye30q8igl3hrc","timestamp":1705333735076,"id":"cjqv3neilrbzr5o","previousEventId":"utl4eufzaf6hi1b","previousOperationId":"p1po85nhf59l342"}
{"type":"log","timestamp":1705333735076,"level":"debug","message":"Base url not specified, skipping its injection.","meta":{"rootId":"y59asckmxrndo3c","id":"y59asckmxrndo3c"},"id":"2zf9hwc04huyt49","previousOperationId":"2zye30q8igl3hrc"}
{"type":"operationStart","subtype":"engine","name":"handlebars","timestamp":1705333735076,"id":"4f89za7r23ztlsl","previousEventId":"cjqv3neilrbzr5o","operationId":"orxv2wwsn0cqo1n","previousOperationId":"2zye30q8igl3hrc"}
{"type":"log","timestamp":1705333735076,"level":"debug","message":"Rendering engine handlebars","meta":{"rootId":"y59asckmxrndo3c","id":"y59asckmxrndo3c"},"id":"0gu8ozjw5y1li5x","previousOperationId":"orxv2wwsn0cqo1n"}
{"type":"operationEnd","operationId":"orxv2wwsn0cqo1n","timestamp":1705333735097,"id":"g8l6s5n8uaoqkne","previousEventId":"4f89za7r23ztlsl","previousOperationId":"orxv2wwsn0cqo1n"}
{"type":"operationStart","subtype":"recipe","name":"chrome-pdf","timestamp":1705333735097,"id":"jwp0dsi7mi131a7","previousEventId":"g8l6s5n8uaoqkne","operationId":"ckrax82mcdqmv4u","previousOperationId":"orxv2wwsn0cqo1n"}
{"type":"log","timestamp":1705333735097,"level":"debug","message":"Executing recipe chrome-pdf","meta":{"rootId":"y59asckmxrndo3c","id":"y59asckmxrndo3c"},"id":"fcl0mjx80vr43b9","previousOperationId":"ckrax82mcdqmv4u"}
{"type":"log","timestamp":1705333735100,"level":"debug","message":"Converting with chrome HeadlessChrome/117.0.5938.149 using chrome-pool strategy","meta":{"rootId":"y59asckmxrndo3c","id":"y59asckmxrndo3c"},"id":"r9641eykfa3dche","previousOperationId":"ckrax82mcdqmv4u"}
{"type":"log","timestamp":1705333735239,"level":"debug","message":"Page request: GET (document) file:///C:/Users/arida/AppData/Local/Temp/jsreport/autocleanup/52744a4c-a6aa-423f-bb0b-03d30402de27-chrome-pdf.html","meta":{"rootId":"y59asckmxrndo3c","id":"y59asckmxrndo3c"},"id":"t31jhufdwbmhqrj","previousOperationId":"ckrax82mcdqmv4u"}
{"type":"log","timestamp":1705333735270,"level":"debug","message":"Page request: GET (script) https://cdnjs.cloudflare.com/ajax/libs/Chart.js/2.7.2/Chart.min.js","meta":{"rootId":"y59asckmxrndo3c","id":"y59asckmxrndo3c"},"id":"zoavpdehujks446","previousOperationId":"ckrax82mcdqmv4u"}
{"type":"log","timestamp":1705333735270,"level":"debug","message":"Page request finished: GET (document) 200 file:///C:/Users/arida/AppData/Local/Temp/jsreport/autocleanup/52744a4c-a6aa-423f-bb0b-03d30402de27-chrome-pdf.html","meta":{"rootId":"y59asckmxrndo3c","id":"y59asckmxrndo3c"},"id":"azmxfo7um2en8qy","previousOperationId":"ckrax82mcdqmv4u"}
{"type":"log","timestamp":1705333737775,"level":"debug","message":"Page request finished: GET (script) 200 https://cdnjs.cloudflare.com/ajax/libs/Chart.js/2.7.2/Chart.min.js","meta":{"rootId":"y59asckmxrndo3c","id":"y59asckmxrndo3c"},"id":"c7xcq8hvwd12vtq","previousOperationId":"ckrax82mcdqmv4u"}
{"type":"log","timestamp":1705333737785,"level":"warn","message":"Page error: Unexpected token ';' , stack: SyntaxError: Unexpected token ';'","meta":{"rootId":"y59asckmxrndo3c","id":"y59asckmxrndo3c"},"id":"xthf6su41zw0uhu","previousOperationId":"ckrax82mcdqmv4u"}
{"type":"log","timestamp":1705333737797,"level":"debug","message":"Running chrome with params {\"printBackground\":true,\"marginTop\":\"4cm\",\"marginRight\":\"1.5cm\",\"marginBottom\":\"1.5cm\",\"marginLeft\":\"1.5cm\",\"waitForJS\":false,\"timeout\":59929,\"margin\":{\"top\":\"4cm\",\"right\":\"1.5cm\",\"bottom\":\"1.5cm\",\"left\":\"1.5cm\"}}","meta":{"rootId":"y59asckmxrndo3c","id":"y59asckmxrndo3c"},"id":"khfl0erz23nd6fs","previousOperationId":"ckrax82mcdqmv4u"}
{"type":"operationEnd","operationId":"ckrax82mcdqmv4u","timestamp":1705333737829,"id":"ixnl7mgrvb366ic","previousEventId":"jwp0dsi7mi131a7","previousOperationId":"ckrax82mcdqmv4u"}
{"type":"log","timestamp":1705333737829,"level":"info","message":"pdf-utils is starting pdf processing","meta":{"rootId":"y59asckmxrndo3c","id":"y59asckmxrndo3c"},"id":"0su34hbw0djdwqt","previousOperationId":"ckrax82mcdqmv4u"}
{"type":"operationStart","subtype":"pdfUtils","name":"pdf utils","timestamp":1705333737830,"id":"xmkhchfu01yrv9j","previousEventId":"ixnl7mgrvb366ic","operationId":"gijl3ohdfru5qyw","previousOperationId":"ckrax82mcdqmv4u"}
{"type":"log","timestamp":1705333737830,"level":"debug","message":"pdf-utils detected 1 pdf operation(s) to process","meta":{"rootId":"y59asckmxrndo3c","id":"y59asckmxrndo3c"},"id":"j1jvq7crm4sw1x0","previousOperationId":"gijl3ohdfru5qyw"}
{"type":"log","timestamp":1705333737840,"level":"debug","message":"pdf-utils running pdf operation merge","meta":{"rootId":"y59asckmxrndo3c","id":"y59asckmxrndo3c"},"id":"nvr59bjmlgocf4p","previousOperationId":"gijl3ohdfru5qyw"}
{"type":"operationStart","subtype":"pdfUtilsMerge","name":"pdf utils merge","previousOperationId":"gijl3ohdfru5qyw","timestamp":1705333737840,"id":"uup32vctfbwgu2s","previousEventId":"xmkhchfu01yrv9j","operationId":"ds9iy86fertpeqe"}
{"type":"operationStart","subtype":"render","name":"locations-header","previousOperationId":"ds9iy86fertpeqe","timestamp":1705333737841,"id":"jy57b10ezuikprb","previousEventId":"uup32vctfbwgu2s","operationId":"vea3s9czzhrtpp3"}
{"type":"log","timestamp":1705333737841,"level":"info","message":"Starting rendering (child) request","meta":{"rootId":"y59asckmxrndo3c","id":"48nqbdd15fp87h7"},"id":"2imbliblvr94s93","previousOperationId":"vea3s9czzhrtpp3"}
{"type":"log","timestamp":1705333737841,"level":"info","message":"Rendering template { name: locations-header, recipe: chrome-pdf, engine: handlebars, preview: true }","meta":{"rootId":"y59asckmxrndo3c","id":"48nqbdd15fp87h7"},"id":"xh551ivwomuuyay","previousOperationId":"vea3s9czzhrtpp3"}
{"type":"log","timestamp":1705333737854,"level":"debug","message":"Inline data specified.","meta":{"rootId":"y59asckmxrndo3c","id":"48nqbdd15fp87h7"},"id":"4nvbvq3ebvr4kwv","previousOperationId":"vea3s9czzhrtpp3"}
{"type":"log","timestamp":1705333737858,"level":"debug","message":"Base url not specified, skipping its injection.","meta":{"rootId":"y59asckmxrndo3c","id":"48nqbdd15fp87h7"},"id":"cok4ok8x4vto6ob","previousOperationId":"vea3s9czzhrtpp3"}
{"type":"operationStart","subtype":"engine","name":"handlebars","timestamp":1705333737858,"id":"sxeeox0rusw0bnk","previousEventId":"jy57b10ezuikprb","operationId":"kyrpndsqoq19mlw","previousOperationId":"vea3s9czzhrtpp3"}
{"type":"log","timestamp":1705333737858,"level":"debug","message":"Rendering engine handlebars","meta":{"rootId":"y59asckmxrndo3c","id":"48nqbdd15fp87h7"},"id":"c0pj5ydvuakdo6e","previousOperationId":"kyrpndsqoq19mlw"}
{"type":"operationEnd","operationId":"kyrpndsqoq19mlw","timestamp":1705333737887,"id":"g21uf9knkul0eei","previousEventId":"sxeeox0rusw0bnk","previousOperationId":"kyrpndsqoq19mlw"}
{"type":"operationStart","subtype":"recipe","name":"chrome-pdf","timestamp":1705333737888,"id":"5krd80091h1ov2b","previousEventId":"g21uf9knkul0eei","operationId":"xaa7lec05lxzlfc","previousOperationId":"kyrpndsqoq19mlw"}
{"type":"log","timestamp":1705333737888,"level":"debug","message":"Executing recipe chrome-pdf","meta":{"rootId":"y59asckmxrndo3c","id":"48nqbdd15fp87h7"},"id":"hsepjcwqip6gt44","previousOperationId":"xaa7lec05lxzlfc"}
{"type":"log","timestamp":1705333737892,"level":"debug","message":"Converting with chrome HeadlessChrome/117.0.5938.149 using chrome-pool strategy","meta":{"rootId":"y59asckmxrndo3c","id":"48nqbdd15fp87h7"},"id":"ryhtg4roofu69ld","previousOperationId":"xaa7lec05lxzlfc"}
{"type":"log","timestamp":1705333738025,"level":"debug","message":"Page request: GET (document) file:///C:/Users/arida/AppData/Local/Temp/jsreport/autocleanup/89bc7968-afa4-40c4-b233-4f1792ab5f3d-chrome-pdf.html","meta":{"rootId":"y59asckmxrndo3c","id":"48nqbdd15fp87h7"},"id":"480of7nd8i888kl","previousOperationId":"xaa7lec05lxzlfc"}
{"type":"log","timestamp":1705333738039,"level":"debug","message":"Page request: GET (stylesheet) https://cdnjs.cloudflare.com/ajax/libs/metro/4.1.5/css/metro.min.css","meta":{"rootId":"y59asckmxrndo3c","id":"48nqbdd15fp87h7"},"id":"imfd1yma4b3ktjb","previousOperationId":"xaa7lec05lxzlfc"}
{"type":"log","timestamp":1705333738039,"level":"debug","message":"Page request finished: GET (document) 200 file:///C:/Users/arida/AppData/Local/Temp/jsreport/autocleanup/89bc7968-afa4-40c4-b233-4f1792ab5f3d-chrome-pdf.html","meta":{"rootId":"y59asckmxrndo3c","id":"48nqbdd15fp87h7"},"id":"td007uofg7aogcj","previousOperationId":"xaa7lec05lxzlfc"}
{"type":"log","timestamp":1705333738058,"level":"debug","message":"Page request finished: GET (stylesheet) 200 https://cdnjs.cloudflare.com/ajax/libs/metro/4.1.5/css/metro.min.css","meta":{"rootId":"y59asckmxrndo3c","id":"48nqbdd15fp87h7"},"id":"6r2z9vu4jos1wt6","previousOperationId":"xaa7lec05lxzlfc"}
{"type":"log","timestamp":1705333738082,"level":"debug","message":"Running chrome with params {\"printBackground\":true,\"marginTop\":\"1.5cm\",\"marginRight\":\"1.5cm\",\"marginLeft\":\"1.cm\",\"timeout\":57137,\"margin\":{\"top\":\"1.5cm\",\"right\":\"1.5cm\",\"left\":\"1.cm\"}}","meta":{"rootId":"y59asckmxrndo3c","id":"48nqbdd15fp87h7"},"id":"wr9gw483ws4e1o4","previousOperationId":"xaa7lec05lxzlfc"}
{"type":"operationEnd","operationId":"xaa7lec05lxzlfc","timestamp":1705333738123,"id":"ay7flm4b98nd7i3","previousEventId":"5krd80091h1ov2b","previousOperationId":"xaa7lec05lxzlfc"}
{"type":"log","timestamp":1705333738123,"level":"debug","message":"Skipping storing report.","meta":{"rootId":"y59asckmxrndo3c","id":"48nqbdd15fp87h7"},"id":"uqlugtdqknm2g4b","previousOperationId":"xaa7lec05lxzlfc"}
{"type":"log","timestamp":1705333738123,"level":"info","message":"Rendering (child) request finished in 3095 ms","meta":{"rootId":"y59asckmxrndo3c","id":"48nqbdd15fp87h7"},"id":"5ywb4dja2psoket","previousOperationId":"xaa7lec05lxzlfc"}
{"type":"operationEnd","subtype":"render","operationId":"vea3s9czzhrtpp3","timestamp":1705333738123,"id":"5dvaxze6byxn3qh","previousEventId":"ay7flm4b98nd7i3","previousOperationId":"xaa7lec05lxzlfc"}
{"type":"operationEnd","operationId":"ds9iy86fertpeqe","timestamp":1705333738136,"id":"uc6ckjtcip1qoa1","previousEventId":"uup32vctfbwgu2s","previousOperationId":"ds9iy86fertpeqe"}
{"type":"log","timestamp":1705333738136,"level":"debug","message":"pdf-utils postproces start","meta":{"rootId":"y59asckmxrndo3c","id":"y59asckmxrndo3c"},"id":"uwg3iemcht30czx","previousOperationId":"ds9iy86fertpeqe"}
{"type":"log","timestamp":1705333738145,"level":"debug","message":"pdf-utils postproces end","meta":{"rootId":"y59asckmxrndo3c","id":"y59asckmxrndo3c"},"id":"a5rkt0bh173okf3","previousOperationId":"ds9iy86fertpeqe"}
{"type":"operationEnd","operationId":"gijl3ohdfru5qyw","timestamp":1705333738145,"id":"4ga1w5wq0omfc63","previousEventId":"uc6ckjtcip1qoa1","previousOperationId":"ds9iy86fertpeqe"}
{"type":"log","timestamp":1705333738145,"level":"info","message":"pdf-utils pdf processing was finished","meta":{"rootId":"y59asckmxrndo3c","id":"y59asckmxrndo3c"},"id":"eyv6u9yur6xo8ti","previousOperationId":"gijl3ohdfru5qyw"}
{"type":"log","timestamp":1705333738145,"level":"debug","message":"Skipping storing report.","meta":{"rootId":"y59asckmxrndo3c","id":"y59asckmxrndo3c"},"id":"4j2h4yv6qqhevqa","previousOperationId":"gijl3ohdfru5qyw"}
{"type":"log","timestamp":1705333738146,"level":"info","message":"Rendering request 9 finished in 3118 ms","meta":{"rootId":"y59asckmxrndo3c","id":"y59asckmxrndo3c"},"id":"nbzahbaa96trgwb","previousOperationId":"gijl3ohdfru5qyw"}
{"type":"operationEnd","subtype":"render","operationId":"p1po85nhf59l342","timestamp":1705333738146,"id":"1t1me6le8w0un8e","previousEventId":"4ga1w5wq0omfc63","previousOperationId":"gijl3ohdfru5qyw"}
{"type":"operationEnd","doDiffs":false,"previousEventId":"kap6x894zv3l8tx","previousOperationId":"s79wtufwj4bu7c3","operationId":"s79wtufwj4bu7c3","timestamp":1705333738158,"id":"hayh3omgeo386cw"}
