{"type":"operationStart","subtype":"profile","data":{"_id":"7okyTd807PuG6JyA","timestamp":"2024-01-15T15:46:52.775Z","state":"queued","mode":"standard","creationDate":"2024-01-15T15:46:52.780Z","modificationDate":"2024-01-15T15:46:52.780Z","shortid":"ZA-RQNT","$entitySet":"profiles"},"doDiffs":false,"timestamp":1705333612778,"id":"x38g4o5jsk4lmxa","previousOperationId":null,"operationId":"e3ftqxjclrugvak"}
{"type":"log","level":"info","message":"Render request 6 queued for execution and waiting for available worker","previousOperationId":"e3ftqxjclrugvak","timestamp":1705333612778,"id":"bn5khky0hi8eyqj"}
{"type":"operationStart","subtype":"render","name":"locations-main","previousOperationId":"e3ftqxjclrugvak","timestamp":1705333612794,"id":"39xf8isux92c1tv","previousEventId":"x38g4o5jsk4lmxa","operationId":"j9aqiooii85avbi"}
{"type":"log","timestamp":1705333612794,"level":"info","message":"Starting rendering request 6","meta":{"rootId":"ygshjdxk95o6065","id":"ygshjdxk95o6065"},"id":"z51xz46dvm1nkim","previousOperationId":"j9aqiooii85avbi"}
{"type":"log","timestamp":1705333612795,"level":"info","message":"Rendering template { name: locations-main, recipe: chrome-pdf, engine: handlebars, preview: true }","meta":{"rootId":"ygshjdxk95o6065","id":"ygshjdxk95o6065"},"id":"3naukenetfvv4ib","previousOperationId":"j9aqiooii85avbi"}
{"type":"log","timestamp":1705333612796,"level":"debug","message":"Data item not defined for this template.","meta":{"rootId":"ygshjdxk95o6065","id":"ygshjdxk95o6065"},"id":"evxtlaage6hqlmf","previousOperationId":"j9aqiooii85avbi"}
{"type":"log","timestamp":1705333612801,"level":"debug","message":"Executing script locations-script (beforeRender)","meta":{"rootId":"ygshjdxk95o6065","id":"ygshjdxk95o6065"},"id":"bmi3aj7n9ykloj6","previousOperationId":"j9aqiooii85avbi"}
{"type":"operationStart","subtype":"scriptsBeforeRender","name":"scripts beforeRender","timestamp":1705333612812,"id":"no00yx17l7d4bvu","previousEventId":"39xf8isux92c1tv","operationId":"uob09d1x6rdjyph","previousOperationId":"j9aqiooii85avbi"}
{"type":"operationStart","subtype":"script","name":"scripts locations-script","previousOperationId":"uob09d1x6rdjyph","timestamp":1705333612812,"id":"w9jr5nnnimc5b1m","previousEventId":"no00yx17l7d4bvu","operationId":"la5yqy8o3by8gcn"}
{"type":"operationEnd","operationId":"la5yqy8o3by8gcn","timestamp":1705333612828,"id":"65ovscij1l2mc83","previousEventId":"39xf8isux92c1tv","previousOperationId":"j9aqiooii85avbi"}
{"type":"operationEnd","operationId":"uob09d1x6rdjyph","timestamp":1705333612828,"id":"9ometwmjpuf6t3i","previousEventId":"65ovscij1l2mc83","previousOperationId":"j9aqiooii85avbi"}
{"type":"log","timestamp":1705333612828,"level":"debug","message":"Base url not specified, skipping its injection.","meta":{"rootId":"ygshjdxk95o6065","id":"ygshjdxk95o6065"},"id":"j0b22ine2ahxdiz","previousOperationId":"uob09d1x6rdjyph"}
{"type":"operationStart","subtype":"engine","name":"handlebars","timestamp":1705333612828,"id":"ixyiuvulo99x2ft","previousEventId":"9ometwmjpuf6t3i","operationId":"pklzt0vnd7yhrkh","previousOperationId":"uob09d1x6rdjyph"}
{"type":"log","timestamp":1705333612828,"level":"debug","message":"Rendering engine handlebars","meta":{"rootId":"ygshjdxk95o6065","id":"ygshjdxk95o6065"},"id":"imbruq7dsatkjh7","previousOperationId":"pklzt0vnd7yhrkh"}
{"type":"operationEnd","operationId":"pklzt0vnd7yhrkh","timestamp":1705333612848,"id":"awvcthiydal7juh","previousEventId":"ixyiuvulo99x2ft","previousOperationId":"pklzt0vnd7yhrkh"}
{"type":"operationStart","subtype":"recipe","name":"chrome-pdf","timestamp":1705333612849,"id":"eci7i1awyl13qur","previousEventId":"awvcthiydal7juh","operationId":"qt4swabvo6t4aee","previousOperationId":"pklzt0vnd7yhrkh"}
{"type":"log","timestamp":1705333612849,"level":"debug","message":"Executing recipe chrome-pdf","meta":{"rootId":"ygshjdxk95o6065","id":"ygshjdxk95o6065"},"id":"if4hdob73cz6son","previousOperationId":"qt4swabvo6t4aee"}
{"type":"log","timestamp":1705333612852,"level":"debug","message":"Converting with chrome HeadlessChrome/117.0.5938.149 using chrome-pool strategy","meta":{"rootId":"ygshjdxk95o6065","id":"ygshjdxk95o6065"},"id":"w7q5g807riwja59","previousOperationId":"qt4swabvo6t4aee"}
{"type":"log","timestamp":1705333612987,"level":"debug","message":"Page request: GET (document) file:///C:/Users/arida/AppData/Local/Temp/jsreport/autocleanup/f32d150e-becc-4bc9-9ee5-fe0295eafd72-chrome-pdf.html","meta":{"rootId":"ygshjdxk95o6065","id":"ygshjdxk95o6065"},"id":"fxt3jkwj9olfcj9","previousOperationId":"qt4swabvo6t4aee"}
{"type":"log","timestamp":1705333613018,"level":"debug","message":"Page request: GET (script) https://cdn.jsdelivr.net/npm/chart.js","meta":{"rootId":"ygshjdxk95o6065","id":"ygshjdxk95o6065"},"id":"suo8n2bztu36bew","previousOperationId":"qt4swabvo6t4aee"}
{"type":"log","timestamp":1705333613018,"level":"debug","message":"Page request finished: GET (document) 200 file:///C:/Users/arida/AppData/Local/Temp/jsreport/autocleanup/f32d150e-becc-4bc9-9ee5-fe0295eafd72-chrome-pdf.html","meta":{"rootId":"ygshjdxk95o6065","id":"ygshjdxk95o6065"},"id":"r60ltxu7mbhyk52","previousOperationId":"qt4swabvo6t4aee"}
{"type":"log","timestamp":1705333613024,"level":"debug","message":"Page request finished: GET (script) 200 https://cdn.jsdelivr.net/npm/chart.js","meta":{"rootId":"ygshjdxk95o6065","id":"ygshjdxk95o6065"},"id":"9tr93n0mki45i75","previousOperationId":"qt4swabvo6t4aee"}
{"type":"log","timestamp":1705333613030,"level":"warn","message":"Page error: Unexpected token ';' , stack: SyntaxError: Unexpected token ';'","meta":{"rootId":"ygshjdxk95o6065","id":"ygshjdxk95o6065"},"id":"kb7sre0ncx6t2z7","previousOperationId":"qt4swabvo6t4aee"}
{"type":"log","timestamp":1705333613045,"level":"debug","message":"Running chrome with params {\"printBackground\":true,\"marginTop\":\"4cm\",\"marginRight\":\"1.5cm\",\"marginBottom\":\"1.5cm\",\"marginLeft\":\"1.5cm\",\"waitForJS\":false,\"timeout\":59924,\"margin\":{\"top\":\"4cm\",\"right\":\"1.5cm\",\"bottom\":\"1.5cm\",\"left\":\"1.5cm\"}}","meta":{"rootId":"ygshjdxk95o6065","id":"ygshjdxk95o6065"},"id":"ts55lzdexd4cxbk","previousOperationId":"qt4swabvo6t4aee"}
{"type":"operationEnd","operationId":"qt4swabvo6t4aee","timestamp":1705333613091,"id":"fhz0fthc49ssphm","previousEventId":"eci7i1awyl13qur","previousOperationId":"qt4swabvo6t4aee"}
{"type":"log","timestamp":1705333613092,"level":"info","message":"pdf-utils is starting pdf processing","meta":{"rootId":"ygshjdxk95o6065","id":"ygshjdxk95o6065"},"id":"pg81dub80lthn09","previousOperationId":"qt4swabvo6t4aee"}
{"type":"operationStart","subtype":"pdfUtils","name":"pdf utils","timestamp":1705333613092,"id":"sjfekwhd4tnxzim","previousEventId":"fhz0fthc49ssphm","operationId":"w7yr275mnssjeja","previousOperationId":"qt4swabvo6t4aee"}
{"type":"log","timestamp":1705333613092,"level":"debug","message":"pdf-utils detected 1 pdf operation(s) to process","meta":{"rootId":"ygshjdxk95o6065","id":"ygshjdxk95o6065"},"id":"wjsc79j6rhtxvh8","previousOperationId":"w7yr275mnssjeja"}
{"type":"log","timestamp":1705333613108,"level":"debug","message":"pdf-utils running pdf operation merge","meta":{"rootId":"ygshjdxk95o6065","id":"ygshjdxk95o6065"},"id":"davdk7j2wkh12i4","previousOperationId":"w7yr275mnssjeja"}
{"type":"operationStart","subtype":"pdfUtilsMerge","name":"pdf utils merge","previousOperationId":"w7yr275mnssjeja","timestamp":1705333613108,"id":"sr9loy210njo4tt","previousEventId":"sjfekwhd4tnxzim","operationId":"fmnsau8uzdg95oy"}
{"type":"operationStart","subtype":"render","name":"locations-header","previousOperationId":"fmnsau8uzdg95oy","timestamp":1705333613111,"id":"zgozhxjwav25kwk","previousEventId":"sr9loy210njo4tt","operationId":"dxek063y0qsasyy"}
{"type":"log","timestamp":1705333613111,"level":"info","message":"Starting rendering (child) request","meta":{"rootId":"ygshjdxk95o6065","id":"ep86yhzq25ehfz8"},"id":"705du4ndega0z9u","previousOperationId":"dxek063y0qsasyy"}
{"type":"log","timestamp":1705333613111,"level":"info","message":"Rendering template { name: locations-header, recipe: chrome-pdf, engine: handlebars, preview: true }","meta":{"rootId":"ygshjdxk95o6065","id":"ep86yhzq25ehfz8"},"id":"qpolg1bwyx4o5tt","previousOperationId":"dxek063y0qsasyy"}
{"type":"log","timestamp":1705333613112,"level":"debug","message":"Inline data specified.","meta":{"rootId":"ygshjdxk95o6065","id":"ep86yhzq25ehfz8"},"id":"eah66w3ulp7rfyq","previousOperationId":"dxek063y0qsasyy"}
{"type":"log","timestamp":1705333613116,"level":"debug","message":"Base url not specified, skipping its injection.","meta":{"rootId":"ygshjdxk95o6065","id":"ep86yhzq25ehfz8"},"id":"qrrbipp91vqyss3","previousOperationId":"dxek063y0qsasyy"}
{"type":"operationStart","subtype":"engine","name":"handlebars","timestamp":1705333613116,"id":"ntlyminfq07t12v","previousEventId":"zgozhxjwav25kwk","operationId":"tmwr11bjqyxlqij","previousOperationId":"dxek063y0qsasyy"}
{"type":"log","timestamp":1705333613116,"level":"debug","message":"Rendering engine handlebars","meta":{"rootId":"ygshjdxk95o6065","id":"ep86yhzq25ehfz8"},"id":"33ynbpajx3h6htv","previousOperationId":"tmwr11bjqyxlqij"}
{"type":"operationEnd","operationId":"tmwr11bjqyxlqij","timestamp":1705333613137,"id":"bzexebx20t8q0ft","previousEventId":"ntlyminfq07t12v","previousOperationId":"tmwr11bjqyxlqij"}
{"type":"operationStart","subtype":"recipe","name":"chrome-pdf","timestamp":1705333613137,"id":"fn6kt7fk78n5c47","previousEventId":"bzexebx20t8q0ft","operationId":"h2q0xdu7egkmswn","previousOperationId":"tmwr11bjqyxlqij"}
{"type":"log","timestamp":1705333613137,"level":"debug","message":"Executing recipe chrome-pdf","meta":{"rootId":"ygshjdxk95o6065","id":"ep86yhzq25ehfz8"},"id":"gdjdrux1enoy1ir","previousOperationId":"h2q0xdu7egkmswn"}
{"type":"log","timestamp":1705333613139,"level":"debug","message":"Converting with chrome HeadlessChrome/117.0.5938.149 using chrome-pool strategy","meta":{"rootId":"ygshjdxk95o6065","id":"ep86yhzq25ehfz8"},"id":"bnvvbhigmnbg3hy","previousOperationId":"h2q0xdu7egkmswn"}
{"type":"log","timestamp":1705333613273,"level":"debug","message":"Page request: GET (document) file:///C:/Users/arida/AppData/Local/Temp/jsreport/autocleanup/57730770-d278-437a-81ed-d516dc122bf4-chrome-pdf.html","meta":{"rootId":"ygshjdxk95o6065","id":"ep86yhzq25ehfz8"},"id":"gtj9gijxney87rh","previousOperationId":"h2q0xdu7egkmswn"}
{"type":"log","timestamp":1705333613284,"level":"debug","message":"Page request: GET (stylesheet) https://cdnjs.cloudflare.com/ajax/libs/metro/4.1.5/css/metro.min.css","meta":{"rootId":"ygshjdxk95o6065","id":"ep86yhzq25ehfz8"},"id":"s94u5q4sxoqzwom","previousOperationId":"h2q0xdu7egkmswn"}
{"type":"log","timestamp":1705333613285,"level":"debug","message":"Page request finished: GET (document) 200 file:///C:/Users/arida/AppData/Local/Temp/jsreport/autocleanup/57730770-d278-437a-81ed-d516dc122bf4-chrome-pdf.html","meta":{"rootId":"ygshjdxk95o6065","id":"ep86yhzq25ehfz8"},"id":"j3pxzr01dh9kgxs","previousOperationId":"h2q0xdu7egkmswn"}
{"type":"log","timestamp":1705333613307,"level":"debug","message":"Page request finished: GET (stylesheet) 200 https://cdnjs.cloudflare.com/ajax/libs/metro/4.1.5/css/metro.min.css","meta":{"rootId":"ygshjdxk95o6065","id":"ep86yhzq25ehfz8"},"id":"muqzzrdwzgqwem9","previousOperationId":"h2q0xdu7egkmswn"}
{"type":"log","timestamp":1705333613330,"level":"debug","message":"Running chrome with params {\"printBackground\":true,\"marginTop\":\"1.5cm\",\"marginRight\":\"1.5cm\",\"marginLeft\":\"1.cm\",\"timeout\":59636,\"margin\":{\"top\":\"1.5cm\",\"right\":\"1.5cm\",\"left\":\"1.cm\"}}","meta":{"rootId":"ygshjdxk95o6065","id":"ep86yhzq25ehfz8"},"id":"b60l4a9ksjspb4h","previousOperationId":"h2q0xdu7egkmswn"}
{"type":"operationEnd","operationId":"h2q0xdu7egkmswn","timestamp":1705333613374,"id":"gvjuz848prtxnf0","previousEventId":"fn6kt7fk78n5c47","previousOperationId":"h2q0xdu7egkmswn"}
{"type":"log","timestamp":1705333613374,"level":"debug","message":"Skipping storing report.","meta":{"rootId":"ygshjdxk95o6065","id":"ep86yhzq25ehfz8"},"id":"6nah2uo9oy4wfi3","previousOperationId":"h2q0xdu7egkmswn"}
{"type":"log","timestamp":1705333613374,"level":"info","message":"Rendering (child) request finished in 599 ms","meta":{"rootId":"ygshjdxk95o6065","id":"ep86yhzq25ehfz8"},"id":"q4zm3kl42p7oj4q","previousOperationId":"h2q0xdu7egkmswn"}
{"type":"operationEnd","subtype":"render","operationId":"dxek063y0qsasyy","timestamp":1705333613374,"id":"in9d9ujgo6nyrir","previousEventId":"gvjuz848prtxnf0","previousOperationId":"h2q0xdu7egkmswn"}
{"type":"operationEnd","operationId":"fmnsau8uzdg95oy","timestamp":1705333613387,"id":"2ampmsw49nu0vyx","previousEventId":"sr9loy210njo4tt","previousOperationId":"fmnsau8uzdg95oy"}
{"type":"log","timestamp":1705333613387,"level":"debug","message":"pdf-utils postproces start","meta":{"rootId":"ygshjdxk95o6065","id":"ygshjdxk95o6065"},"id":"qp16c7q7t8tgxx5","previousOperationId":"fmnsau8uzdg95oy"}
{"type":"log","timestamp":1705333613400,"level":"debug","message":"pdf-utils postproces end","meta":{"rootId":"ygshjdxk95o6065","id":"ygshjdxk95o6065"},"id":"bp38lhl5qb7k0s3","previousOperationId":"fmnsau8uzdg95oy"}
{"type":"operationEnd","operationId":"w7yr275mnssjeja","timestamp":1705333613400,"id":"9buh52s76hb1eaf","previousEventId":"2ampmsw49nu0vyx","previousOperationId":"fmnsau8uzdg95oy"}
{"type":"log","timestamp":1705333613400,"level":"info","message":"pdf-utils pdf processing was finished","meta":{"rootId":"ygshjdxk95o6065","id":"ygshjdxk95o6065"},"id":"56tlz7cftjz3xul","previousOperationId":"w7yr275mnssjeja"}
{"type":"log","timestamp":1705333613400,"level":"debug","message":"Skipping storing report.","meta":{"rootId":"ygshjdxk95o6065","id":"ygshjdxk95o6065"},"id":"kljna2vv9sxkl81","previousOperationId":"w7yr275mnssjeja"}
{"type":"log","timestamp":1705333613400,"level":"info","message":"Rendering request 6 finished in 625 ms","meta":{"rootId":"ygshjdxk95o6065","id":"ygshjdxk95o6065"},"id":"66q2a500pom2o2s","previousOperationId":"w7yr275mnssjeja"}
{"type":"operationEnd","subtype":"render","operationId":"j9aqiooii85avbi","timestamp":1705333613400,"id":"l6hgfj176hpryie","previousEventId":"9buh52s76hb1eaf","previousOperationId":"w7yr275mnssjeja"}
{"type":"operationEnd","doDiffs":false,"previousEventId":"x38g4o5jsk4lmxa","previousOperationId":"e3ftqxjclrugvak","operationId":"e3ftqxjclrugvak","timestamp":1705333613413,"id":"oj7od2ph74lwyhm"}
