{"type":"operationStart","subtype":"profile","data":{"_id":"lsigPzieRrpv4Peh","timestamp":"2024-01-15T15:52:18.168Z","state":"queued","mode":"standard","creationDate":"2024-01-15T15:52:18.170Z","modificationDate":"2024-01-15T15:52:18.170Z","shortid":"mNaQ7tw","$entitySet":"profiles"},"doDiffs":false,"timestamp":1705333938169,"id":"6ba5mhgkptqtnt9","previousOperationId":null,"operationId":"i4rmncg2jav3iwi"}
{"type":"log","level":"info","message":"Render request 13 queued for execution and waiting for available worker","previousOperationId":"i4rmncg2jav3iwi","timestamp":1705333938169,"id":"rj2n1yy75lkmvv6"}
{"type":"operationStart","subtype":"render","name":"locations-main","previousOperationId":"i4rmncg2jav3iwi","timestamp":1705333938182,"id":"30kqf02oh2vwkg4","previousEventId":"6ba5mhgkptqtnt9","operationId":"yywkx9bifpbtlq9"}
{"type":"log","timestamp":1705333938182,"level":"info","message":"Starting rendering request 13","meta":{"rootId":"yi0v35xtye94tke","id":"yi0v35xtye94tke"},"id":"4bcwt7xb988j3ju","previousOperationId":"yywkx9bifpbtlq9"}
{"type":"log","timestamp":1705333938182,"level":"info","message":"Rendering template { name: locations-main, recipe: chrome-pdf, engine: handlebars, preview: true }","meta":{"rootId":"yi0v35xtye94tke","id":"yi0v35xtye94tke"},"id":"9kv5qic87fl2kav","previousOperationId":"yywkx9bifpbtlq9"}
{"type":"log","timestamp":1705333938183,"level":"debug","message":"Data item not defined for this template.","meta":{"rootId":"yi0v35xtye94tke","id":"yi0v35xtye94tke"},"id":"9f9fx9cn6umactr","previousOperationId":"yywkx9bifpbtlq9"}
{"type":"log","timestamp":1705333938187,"level":"debug","message":"Executing script locations-script (beforeRender)","meta":{"rootId":"yi0v35xtye94tke","id":"yi0v35xtye94tke"},"id":"9v8xed76wvw7xdg","previousOperationId":"yywkx9bifpbtlq9"}
{"type":"operationStart","subtype":"scriptsBeforeRender","name":"scripts beforeRender","timestamp":1705333938195,"id":"b30dqthxdtje8l6","previousEventId":"30kqf02oh2vwkg4","operationId":"o6wbosg0b8bmgla","previousOperationId":"yywkx9bifpbtlq9"}
{"type":"operationStart","subtype":"script","name":"scripts locations-script","previousOperationId":"o6wbosg0b8bmgla","timestamp":1705333938195,"id":"xh9221rmqhk8fxc","previousEventId":"b30dqthxdtje8l6","operationId":"1x61z0apqtaf2rw"}
{"type":"operationEnd","operationId":"1x61z0apqtaf2rw","timestamp":1705333938210,"id":"qtm42ee4q8gjfh0","previousEventId":"30kqf02oh2vwkg4","previousOperationId":"yywkx9bifpbtlq9"}
{"type":"operationEnd","operationId":"o6wbosg0b8bmgla","timestamp":1705333938210,"id":"auqvoanwrnmwxjj","previousEventId":"qtm42ee4q8gjfh0","previousOperationId":"yywkx9bifpbtlq9"}
{"type":"log","timestamp":1705333938210,"level":"debug","message":"Base url not specified, skipping its injection.","meta":{"rootId":"yi0v35xtye94tke","id":"yi0v35xtye94tke"},"id":"vypoptu6znlak17","previousOperationId":"o6wbosg0b8bmgla"}
{"type":"operationStart","subtype":"engine","name":"handlebars","timestamp":1705333938210,"id":"20dqurgpw44c8uv","previousEventId":"auqvoanwrnmwxjj","operationId":"rllyvway5yjmlkx","previousOperationId":"o6wbosg0b8bmgla"}
{"type":"log","timestamp":1705333938210,"level":"debug","message":"Rendering engine handlebars","meta":{"rootId":"yi0v35xtye94tke","id":"yi0v35xtye94tke"},"id":"li0jvqsuo0cgi1s","previousOperationId":"rllyvway5yjmlkx"}
{"type":"operationEnd","operationId":"rllyvway5yjmlkx","timestamp":1705333938229,"id":"shpg4tttojdrswg","previousEventId":"20dqurgpw44c8uv","previousOperationId":"rllyvway5yjmlkx"}
{"type":"operationStart","subtype":"recipe","name":"chrome-pdf","timestamp":1705333938230,"id":"7qzmtmb56sjhlym","previousEventId":"shpg4tttojdrswg","operationId":"7ds776cvlk21twi","previousOperationId":"rllyvway5yjmlkx"}
{"type":"log","timestamp":1705333938230,"level":"debug","message":"Executing recipe chrome-pdf","meta":{"rootId":"yi0v35xtye94tke","id":"yi0v35xtye94tke"},"id":"70stfg1iakyj7z8","previousOperationId":"7ds776cvlk21twi"}
{"type":"log","timestamp":1705333938234,"level":"debug","message":"Converting with chrome HeadlessChrome/117.0.5938.149 using chrome-pool strategy","meta":{"rootId":"yi0v35xtye94tke","id":"yi0v35xtye94tke"},"id":"3re4miiq921yjmh","previousOperationId":"7ds776cvlk21twi"}
{"type":"log","timestamp":1705333938381,"level":"debug","message":"Page request: GET (document) file:///C:/Users/arida/AppData/Local/Temp/jsreport/autocleanup/4897085c-3a8f-4804-8179-680f0808d413-chrome-pdf.html","meta":{"rootId":"yi0v35xtye94tke","id":"yi0v35xtye94tke"},"id":"4jz4cuffdur34r2","previousOperationId":"7ds776cvlk21twi"}
{"type":"log","timestamp":1705333938411,"level":"debug","message":"Page request: GET (script) https://cdnjs.cloudflare.com/ajax/libs/Chart.js/2.7.2/Chart.min.js","meta":{"rootId":"yi0v35xtye94tke","id":"yi0v35xtye94tke"},"id":"1i79jugveyrayki","previousOperationId":"7ds776cvlk21twi"}
{"type":"log","timestamp":1705333938411,"level":"debug","message":"Page request finished: GET (document) 200 file:///C:/Users/arida/AppData/Local/Temp/jsreport/autocleanup/4897085c-3a8f-4804-8179-680f0808d413-chrome-pdf.html","meta":{"rootId":"yi0v35xtye94tke","id":"yi0v35xtye94tke"},"id":"ez7agq4bt5bbqo0","previousOperationId":"7ds776cvlk21twi"}
{"type":"log","timestamp":1705333938417,"level":"debug","message":"Page request finished: GET (script) 200 https://cdnjs.cloudflare.com/ajax/libs/Chart.js/2.7.2/Chart.min.js","meta":{"rootId":"yi0v35xtye94tke","id":"yi0v35xtye94tke"},"id":"n9l6a5m993zh18k","previousOperationId":"7ds776cvlk21twi"}
{"type":"log","timestamp":1705333938424,"level":"warn","message":"Page error: Unexpected token ';' , stack: SyntaxError: Unexpected token ';'","meta":{"rootId":"yi0v35xtye94tke","id":"yi0v35xtye94tke"},"id":"j02d1rzyci2g0in","previousOperationId":"7ds776cvlk21twi"}
{"type":"log","timestamp":1705333938439,"level":"debug","message":"Running chrome with params {\"printBackground\":true,\"marginTop\":\"4cm\",\"marginRight\":\"1.5cm\",\"marginBottom\":\"1.5cm\",\"marginLeft\":\"1.5cm\",\"waitForJS\":false,\"timeout\":59936,\"margin\":{\"top\":\"4cm\",\"right\":\"1.5cm\",\"bottom\":\"1.5cm\",\"left\":\"1.5cm\"}}","meta":{"rootId":"yi0v35xtye94tke","id":"yi0v35xtye94tke"},"id":"hyyef38ohbo9ekx","previousOperationId":"7ds776cvlk21twi"}
{"type":"operationEnd","operationId":"7ds776cvlk21twi","timestamp":1705333938480,"id":"6ft8zw09g07tqve","previousEventId":"7qzmtmb56sjhlym","previousOperationId":"7ds776cvlk21twi"}
{"type":"log","timestamp":1705333938480,"level":"info","message":"pdf-utils is starting pdf processing","meta":{"rootId":"yi0v35xtye94tke","id":"yi0v35xtye94tke"},"id":"bis1tkn01z43a4n","previousOperationId":"7ds776cvlk21twi"}
{"type":"operationStart","subtype":"pdfUtils","name":"pdf utils","timestamp":1705333938480,"id":"mm4qdkarbcrwms8","previousEventId":"6ft8zw09g07tqve","operationId":"2dvzylpbqqfdywt","previousOperationId":"7ds776cvlk21twi"}
{"type":"log","timestamp":1705333938480,"level":"debug","message":"pdf-utils detected 1 pdf operation(s) to process","meta":{"rootId":"yi0v35xtye94tke","id":"yi0v35xtye94tke"},"id":"2k16bxhfryoa90w","previousOperationId":"2dvzylpbqqfdywt"}
{"type":"log","timestamp":1705333938494,"level":"debug","message":"pdf-utils running pdf operation merge","meta":{"rootId":"yi0v35xtye94tke","id":"yi0v35xtye94tke"},"id":"6x4narfkcoflmnl","previousOperationId":"2dvzylpbqqfdywt"}
{"type":"operationStart","subtype":"pdfUtilsMerge","name":"pdf utils merge","previousOperationId":"2dvzylpbqqfdywt","timestamp":1705333938494,"id":"wjfllup0wtyxpf0","previousEventId":"mm4qdkarbcrwms8","operationId":"xvyq5bjtue5q28d"}
{"type":"operationStart","subtype":"render","name":"locations-header","previousOperationId":"xvyq5bjtue5q28d","timestamp":1705333938496,"id":"ptq7tj81jlxph6v","previousEventId":"wjfllup0wtyxpf0","operationId":"gzs6yniirurg1j1"}
{"type":"log","timestamp":1705333938496,"level":"info","message":"Starting rendering (child) request","meta":{"rootId":"yi0v35xtye94tke","id":"rxzfk4wvo4itu55"},"id":"1a9l149atoqwgdz","previousOperationId":"gzs6yniirurg1j1"}
{"type":"log","timestamp":1705333938496,"level":"info","message":"Rendering template { name: locations-header, recipe: chrome-pdf, engine: handlebars, preview: true }","meta":{"rootId":"yi0v35xtye94tke","id":"rxzfk4wvo4itu55"},"id":"tsmkn5uhy525zcz","previousOperationId":"gzs6yniirurg1j1"}
{"type":"log","timestamp":1705333938497,"level":"debug","message":"Inline data specified.","meta":{"rootId":"yi0v35xtye94tke","id":"rxzfk4wvo4itu55"},"id":"wjivo3j8katb71v","previousOperationId":"gzs6yniirurg1j1"}
{"type":"log","timestamp":1705333938500,"level":"debug","message":"Base url not specified, skipping its injection.","meta":{"rootId":"yi0v35xtye94tke","id":"rxzfk4wvo4itu55"},"id":"9xby03rllyj4vke","previousOperationId":"gzs6yniirurg1j1"}
{"type":"operationStart","subtype":"engine","name":"handlebars","timestamp":1705333938500,"id":"ilzgrtw4qr6vjaz","previousEventId":"ptq7tj81jlxph6v","operationId":"78nt1wy41attadh","previousOperationId":"gzs6yniirurg1j1"}
{"type":"log","timestamp":1705333938500,"level":"debug","message":"Rendering engine handlebars","meta":{"rootId":"yi0v35xtye94tke","id":"rxzfk4wvo4itu55"},"id":"9zmanpzcpttf7xm","previousOperationId":"78nt1wy41attadh"}
{"type":"operationEnd","operationId":"78nt1wy41attadh","timestamp":1705333938523,"id":"s1eokewet8ipq7n","previousEventId":"ilzgrtw4qr6vjaz","previousOperationId":"78nt1wy41attadh"}
{"type":"operationStart","subtype":"recipe","name":"chrome-pdf","timestamp":1705333938523,"id":"ck9bybjyt0p9rar","previousEventId":"s1eokewet8ipq7n","operationId":"83oi9lu2u019272","previousOperationId":"78nt1wy41attadh"}
{"type":"log","timestamp":1705333938523,"level":"debug","message":"Executing recipe chrome-pdf","meta":{"rootId":"yi0v35xtye94tke","id":"rxzfk4wvo4itu55"},"id":"8pvjmbj6pylqtyg","previousOperationId":"83oi9lu2u019272"}
{"type":"log","timestamp":1705333938526,"level":"debug","message":"Converting with chrome HeadlessChrome/117.0.5938.149 using chrome-pool strategy","meta":{"rootId":"yi0v35xtye94tke","id":"rxzfk4wvo4itu55"},"id":"nth2jmb7znblkyt","previousOperationId":"83oi9lu2u019272"}
{"type":"log","timestamp":1705333938666,"level":"debug","message":"Page request: GET (document) file:///C:/Users/arida/AppData/Local/Temp/jsreport/autocleanup/d9e1a062-8499-4929-a80a-d3d7b22d8289-chrome-pdf.html","meta":{"rootId":"yi0v35xtye94tke","id":"rxzfk4wvo4itu55"},"id":"s2vadlamh610we8","previousOperationId":"83oi9lu2u019272"}
{"type":"log","timestamp":1705333938678,"level":"debug","message":"Page request: GET (stylesheet) https://cdnjs.cloudflare.com/ajax/libs/metro/4.1.5/css/metro.min.css","meta":{"rootId":"yi0v35xtye94tke","id":"rxzfk4wvo4itu55"},"id":"sekvu5xknfeixqi","previousOperationId":"83oi9lu2u019272"}
{"type":"log","timestamp":1705333938679,"level":"debug","message":"Page request finished: GET (document) 200 file:///C:/Users/arida/AppData/Local/Temp/jsreport/autocleanup/d9e1a062-8499-4929-a80a-d3d7b22d8289-chrome-pdf.html","meta":{"rootId":"yi0v35xtye94tke","id":"rxzfk4wvo4itu55"},"id":"4kdoguv618zkhdw","previousOperationId":"83oi9lu2u019272"}
{"type":"log","timestamp":1705333938701,"level":"debug","message":"Page request finished: GET (stylesheet) 200 https://cdnjs.cloudflare.com/ajax/libs/metro/4.1.5/css/metro.min.css","meta":{"rootId":"yi0v35xtye94tke","id":"rxzfk4wvo4itu55"},"id":"p6e7y3ht6myobdp","previousOperationId":"83oi9lu2u019272"}
{"type":"log","timestamp":1705333938725,"level":"debug","message":"Running chrome with params {\"printBackground\":true,\"marginTop\":\"1.5cm\",\"marginRight\":\"1.5cm\",\"marginLeft\":\"1.cm\",\"timeout\":59643,\"margin\":{\"top\":\"1.5cm\",\"right\":\"1.5cm\",\"left\":\"1.cm\"}}","meta":{"rootId":"yi0v35xtye94tke","id":"rxzfk4wvo4itu55"},"id":"5gfe25k7gawfzx6","previousOperationId":"83oi9lu2u019272"}
{"type":"operationEnd","operationId":"83oi9lu2u019272","timestamp":1705333938772,"id":"bir736fnex3lvuz","previousEventId":"ck9bybjyt0p9rar","previousOperationId":"83oi9lu2u019272"}
{"type":"log","timestamp":1705333938772,"level":"debug","message":"Skipping storing report.","meta":{"rootId":"yi0v35xtye94tke","id":"rxzfk4wvo4itu55"},"id":"jp05uvife90leb9","previousOperationId":"83oi9lu2u019272"}
{"type":"log","timestamp":1705333938773,"level":"info","message":"Rendering (child) request finished in 605 ms","meta":{"rootId":"yi0v35xtye94tke","id":"rxzfk4wvo4itu55"},"id":"rhcxi02hmhy9qb3","previousOperationId":"83oi9lu2u019272"}
{"type":"operationEnd","subtype":"render","operationId":"gzs6yniirurg1j1","timestamp":1705333938773,"id":"h4pl539fdiwjkgi","previousEventId":"bir736fnex3lvuz","previousOperationId":"83oi9lu2u019272"}
{"type":"operationEnd","operationId":"xvyq5bjtue5q28d","timestamp":1705333938782,"id":"gapaes8ed39ukbw","previousEventId":"wjfllup0wtyxpf0","previousOperationId":"xvyq5bjtue5q28d"}
{"type":"log","timestamp":1705333938782,"level":"debug","message":"pdf-utils postproces start","meta":{"rootId":"yi0v35xtye94tke","id":"yi0v35xtye94tke"},"id":"85dl20rsimurp92","previousOperationId":"xvyq5bjtue5q28d"}
{"type":"log","timestamp":1705333938792,"level":"debug","message":"pdf-utils postproces end","meta":{"rootId":"yi0v35xtye94tke","id":"yi0v35xtye94tke"},"id":"q0hsgy56kklxyja","previousOperationId":"xvyq5bjtue5q28d"}
{"type":"operationEnd","operationId":"2dvzylpbqqfdywt","timestamp":1705333938792,"id":"lfnd958rzxkcjl0","previousEventId":"gapaes8ed39ukbw","previousOperationId":"xvyq5bjtue5q28d"}
{"type":"log","timestamp":1705333938793,"level":"info","message":"pdf-utils pdf processing was finished","meta":{"rootId":"yi0v35xtye94tke","id":"yi0v35xtye94tke"},"id":"pw4b6pauq142v3c","previousOperationId":"2dvzylpbqqfdywt"}
{"type":"log","timestamp":1705333938793,"level":"debug","message":"Skipping storing report.","meta":{"rootId":"yi0v35xtye94tke","id":"yi0v35xtye94tke"},"id":"6r99fvoz201v7cw","previousOperationId":"2dvzylpbqqfdywt"}
{"type":"log","timestamp":1705333938793,"level":"info","message":"Rendering request 13 finished in 625 ms","meta":{"rootId":"yi0v35xtye94tke","id":"yi0v35xtye94tke"},"id":"54wl5p08ox79wqc","previousOperationId":"2dvzylpbqqfdywt"}
{"type":"operationEnd","subtype":"render","operationId":"yywkx9bifpbtlq9","timestamp":1705333938793,"id":"n87goknb7zrgpw8","previousEventId":"lfnd958rzxkcjl0","previousOperationId":"2dvzylpbqqfdywt"}
{"type":"operationEnd","doDiffs":false,"previousEventId":"6ba5mhgkptqtnt9","previousOperationId":"i4rmncg2jav3iwi","operationId":"i4rmncg2jav3iwi","timestamp":1705333938807,"id":"yhmg1p1ffk1zhfa"}
