{"type":"operationStart","subtype":"profile","data":{"_id":"6ALEK9H0aKAHMpEN","timestamp":"2024-01-15T15:49:35.079Z","state":"queued","mode":"standard","creationDate":"2024-01-15T15:49:35.084Z","modificationDate":"2024-01-15T15:49:35.084Z","shortid":"P6k81Nn","$entitySet":"profiles"},"doDiffs":false,"timestamp":1705333775081,"id":"79otwykky3dqfmy","previousOperationId":null,"operationId":"etw8wdkqy7cl07e"}
{"type":"log","level":"info","message":"Render request 10 queued for execution and waiting for available worker","previousOperationId":"etw8wdkqy7cl07e","timestamp":1705333775082,"id":"kb6b5tqmvbou4d2"}
{"type":"operationStart","subtype":"render","name":"locations-main","previousOperationId":"etw8wdkqy7cl07e","timestamp":1705333775096,"id":"3kaszhrcpvj4if2","previousEventId":"79otwykky3dqfmy","operationId":"c8nisp66ut021iz"}
{"type":"log","timestamp":1705333775097,"level":"info","message":"Starting rendering request 10","meta":{"rootId":"yvouy1x5499i4vj","id":"yvouy1x5499i4vj"},"id":"tcn46zklfki0hvx","previousOperationId":"c8nisp66ut021iz"}
{"type":"log","timestamp":1705333775097,"level":"info","message":"Rendering template { name: locations-main, recipe: chrome-pdf, engine: handlebars, preview: true }","meta":{"rootId":"yvouy1x5499i4vj","id":"yvouy1x5499i4vj"},"id":"giaf6hrm1xs17w0","previousOperationId":"c8nisp66ut021iz"}
{"type":"log","timestamp":1705333775098,"level":"debug","message":"Data item not defined for this template.","meta":{"rootId":"yvouy1x5499i4vj","id":"yvouy1x5499i4vj"},"id":"ixbmmpgdgawij95","previousOperationId":"c8nisp66ut021iz"}
{"type":"log","timestamp":1705333775101,"level":"debug","message":"Executing script locations-script (beforeRender)","meta":{"rootId":"yvouy1x5499i4vj","id":"yvouy1x5499i4vj"},"id":"ror7wp1reijndp5","previousOperationId":"c8nisp66ut021iz"}
{"type":"operationStart","subtype":"scriptsBeforeRender","name":"scripts beforeRender","timestamp":1705333775110,"id":"0lfgrlk5zepxa3s","previousEventId":"3kaszhrcpvj4if2","operationId":"g2w8u020dps5cfj","previousOperationId":"c8nisp66ut021iz"}
{"type":"operationStart","subtype":"script","name":"scripts locations-script","previousOperationId":"g2w8u020dps5cfj","timestamp":1705333775110,"id":"viznrw2qdsszc3f","previousEventId":"0lfgrlk5zepxa3s","operationId":"l25zrsn4lzj10td"}
{"type":"operationEnd","operationId":"l25zrsn4lzj10td","timestamp":1705333775126,"id":"8v016f90l2l3rgg","previousEventId":"3kaszhrcpvj4if2","previousOperationId":"c8nisp66ut021iz"}
{"type":"operationEnd","operationId":"g2w8u020dps5cfj","timestamp":1705333775126,"id":"dnm95btl51qng4l","previousEventId":"8v016f90l2l3rgg","previousOperationId":"c8nisp66ut021iz"}
{"type":"log","timestamp":1705333775127,"level":"debug","message":"Base url not specified, skipping its injection.","meta":{"rootId":"yvouy1x5499i4vj","id":"yvouy1x5499i4vj"},"id":"atr2mrfhu148r0u","previousOperationId":"g2w8u020dps5cfj"}
{"type":"operationStart","subtype":"engine","name":"handlebars","timestamp":1705333775127,"id":"zlw5nnm7tfflhem","previousEventId":"dnm95btl51qng4l","operationId":"4rhwj6wz4erilwx","previousOperationId":"g2w8u020dps5cfj"}
{"type":"log","timestamp":1705333775127,"level":"debug","message":"Rendering engine handlebars","meta":{"rootId":"yvouy1x5499i4vj","id":"yvouy1x5499i4vj"},"id":"v08ey5csdkwvhnw","previousOperationId":"4rhwj6wz4erilwx"}
{"type":"operationEnd","operationId":"4rhwj6wz4erilwx","timestamp":1705333775149,"id":"5kswzdrw2kmf8q2","previousEventId":"zlw5nnm7tfflhem","previousOperationId":"4rhwj6wz4erilwx"}
{"type":"operationStart","subtype":"recipe","name":"chrome-pdf","timestamp":1705333775150,"id":"lhsajbd6z9ctmnr","previousEventId":"5kswzdrw2kmf8q2","operationId":"use1wqcvh1vzfl6","previousOperationId":"4rhwj6wz4erilwx"}
{"type":"log","timestamp":1705333775150,"level":"debug","message":"Executing recipe chrome-pdf","meta":{"rootId":"yvouy1x5499i4vj","id":"yvouy1x5499i4vj"},"id":"6q42epqiozauvov","previousOperationId":"use1wqcvh1vzfl6"}
{"type":"log","timestamp":1705333775153,"level":"debug","message":"Converting with chrome HeadlessChrome/117.0.5938.149 using chrome-pool strategy","meta":{"rootId":"yvouy1x5499i4vj","id":"yvouy1x5499i4vj"},"id":"t8swq26dne7go2r","previousOperationId":"use1wqcvh1vzfl6"}
{"type":"log","timestamp":1705333775285,"level":"debug","message":"Page request: GET (document) file:///C:/Users/arida/AppData/Local/Temp/jsreport/autocleanup/b0fb7be5-7876-44ef-8036-218b77cf9da9-chrome-pdf.html","meta":{"rootId":"yvouy1x5499i4vj","id":"yvouy1x5499i4vj"},"id":"lmyf6z1l3zikx76","previousOperationId":"use1wqcvh1vzfl6"}
{"type":"log","timestamp":1705333775310,"level":"debug","message":"Page request: GET (script) https://cdnjs.cloudflare.com/ajax/libs/Chart.js/2.7.2/Chart.min.js","meta":{"rootId":"yvouy1x5499i4vj","id":"yvouy1x5499i4vj"},"id":"ltmkpk8qpayvoe2","previousOperationId":"use1wqcvh1vzfl6"}
{"type":"log","timestamp":1705333775311,"level":"debug","message":"Page request finished: GET (document) 200 file:///C:/Users/arida/AppData/Local/Temp/jsreport/autocleanup/b0fb7be5-7876-44ef-8036-218b77cf9da9-chrome-pdf.html","meta":{"rootId":"yvouy1x5499i4vj","id":"yvouy1x5499i4vj"},"id":"3fvy0o647x5p4w7","previousOperationId":"use1wqcvh1vzfl6"}
{"type":"log","timestamp":1705333775481,"level":"debug","message":"Page request finished: GET (script) 200 https://cdnjs.cloudflare.com/ajax/libs/Chart.js/2.7.2/Chart.min.js","meta":{"rootId":"yvouy1x5499i4vj","id":"yvouy1x5499i4vj"},"id":"66kh9z4lrhjy3d4","previousOperationId":"use1wqcvh1vzfl6"}
{"type":"log","timestamp":1705333775497,"level":"warn","message":"Page error: Unexpected token ';' , stack: SyntaxError: Unexpected token ';'","meta":{"rootId":"yvouy1x5499i4vj","id":"yvouy1x5499i4vj"},"id":"9sagubq92b95xcl","previousOperationId":"use1wqcvh1vzfl6"}
{"type":"log","timestamp":1705333775513,"level":"debug","message":"Running chrome with params {\"printBackground\":true,\"marginTop\":\"4cm\",\"marginRight\":\"1.5cm\",\"marginBottom\":\"1.5cm\",\"marginLeft\":\"1.5cm\",\"waitForJS\":false,\"timeout\":59927,\"margin\":{\"top\":\"4cm\",\"right\":\"1.5cm\",\"bottom\":\"1.5cm\",\"left\":\"1.5cm\"}}","meta":{"rootId":"yvouy1x5499i4vj","id":"yvouy1x5499i4vj"},"id":"90vs5v899vpt0y6","previousOperationId":"use1wqcvh1vzfl6"}
{"type":"operationEnd","operationId":"use1wqcvh1vzfl6","timestamp":1705333775558,"id":"ahhhq1gmzqx9184","previousEventId":"lhsajbd6z9ctmnr","previousOperationId":"use1wqcvh1vzfl6"}
{"type":"log","timestamp":1705333775558,"level":"info","message":"pdf-utils is starting pdf processing","meta":{"rootId":"yvouy1x5499i4vj","id":"yvouy1x5499i4vj"},"id":"0a85yhaqxdbfk0b","previousOperationId":"use1wqcvh1vzfl6"}
{"type":"operationStart","subtype":"pdfUtils","name":"pdf utils","timestamp":1705333775558,"id":"tbp1vo2kmk39bly","previousEventId":"ahhhq1gmzqx9184","operationId":"ldxfd5h953rd4jv","previousOperationId":"use1wqcvh1vzfl6"}
{"type":"log","timestamp":1705333775559,"level":"debug","message":"pdf-utils detected 1 pdf operation(s) to process","meta":{"rootId":"yvouy1x5499i4vj","id":"yvouy1x5499i4vj"},"id":"r2hmskgoll229pp","previousOperationId":"ldxfd5h953rd4jv"}
{"type":"log","timestamp":1705333775570,"level":"debug","message":"pdf-utils running pdf operation merge","meta":{"rootId":"yvouy1x5499i4vj","id":"yvouy1x5499i4vj"},"id":"6jsst4kidd0dr9d","previousOperationId":"ldxfd5h953rd4jv"}
{"type":"operationStart","subtype":"pdfUtilsMerge","name":"pdf utils merge","previousOperationId":"ldxfd5h953rd4jv","timestamp":1705333775570,"id":"fw1s563vtx3k24k","previousEventId":"tbp1vo2kmk39bly","operationId":"x0sgtuo2ocpfhjd"}
{"type":"operationStart","subtype":"render","name":"locations-header","previousOperationId":"x0sgtuo2ocpfhjd","timestamp":1705333775572,"id":"qia80o9iorkr9fs","previousEventId":"fw1s563vtx3k24k","operationId":"0ec3998b5ccnnrj"}
{"type":"log","timestamp":1705333775572,"level":"info","message":"Starting rendering (child) request","meta":{"rootId":"yvouy1x5499i4vj","id":"ge5zipdm7gr264t"},"id":"u7rlpq1cug3cmm5","previousOperationId":"0ec3998b5ccnnrj"}
{"type":"log","timestamp":1705333775572,"level":"info","message":"Rendering template { name: locations-header, recipe: chrome-pdf, engine: handlebars, preview: true }","meta":{"rootId":"yvouy1x5499i4vj","id":"ge5zipdm7gr264t"},"id":"vubmbio94lyp4i8","previousOperationId":"0ec3998b5ccnnrj"}
{"type":"log","timestamp":1705333775574,"level":"debug","message":"Inline data specified.","meta":{"rootId":"yvouy1x5499i4vj","id":"ge5zipdm7gr264t"},"id":"knvje40sc6htn11","previousOperationId":"0ec3998b5ccnnrj"}
{"type":"log","timestamp":1705333775579,"level":"debug","message":"Base url not specified, skipping its injection.","meta":{"rootId":"yvouy1x5499i4vj","id":"ge5zipdm7gr264t"},"id":"cktl1or28uf3waw","previousOperationId":"0ec3998b5ccnnrj"}
{"type":"operationStart","subtype":"engine","name":"handlebars","timestamp":1705333775579,"id":"yamrriiuylyaj0n","previousEventId":"qia80o9iorkr9fs","operationId":"k3btgse9u8c8l75","previousOperationId":"0ec3998b5ccnnrj"}
{"type":"log","timestamp":1705333775579,"level":"debug","message":"Rendering engine handlebars","meta":{"rootId":"yvouy1x5499i4vj","id":"ge5zipdm7gr264t"},"id":"syvetv4zfpvssyt","previousOperationId":"k3btgse9u8c8l75"}
{"type":"operationEnd","operationId":"k3btgse9u8c8l75","timestamp":1705333775615,"id":"dtivti5diwakzhj","previousEventId":"yamrriiuylyaj0n","previousOperationId":"k3btgse9u8c8l75"}
{"type":"operationStart","subtype":"recipe","name":"chrome-pdf","timestamp":1705333775616,"id":"nmczfph6u8bpij3","previousEventId":"dtivti5diwakzhj","operationId":"074xtywgpdz1gbe","previousOperationId":"k3btgse9u8c8l75"}
{"type":"log","timestamp":1705333775616,"level":"debug","message":"Executing recipe chrome-pdf","meta":{"rootId":"yvouy1x5499i4vj","id":"ge5zipdm7gr264t"},"id":"mbhelcf1ds2bm57","previousOperationId":"074xtywgpdz1gbe"}
{"type":"log","timestamp":1705333775620,"level":"debug","message":"Converting with chrome HeadlessChrome/117.0.5938.149 using chrome-pool strategy","meta":{"rootId":"yvouy1x5499i4vj","id":"ge5zipdm7gr264t"},"id":"vjbpy0kztl7ku5t","previousOperationId":"074xtywgpdz1gbe"}
{"type":"log","timestamp":1705333775762,"level":"debug","message":"Page request: GET (document) file:///C:/Users/arida/AppData/Local/Temp/jsreport/autocleanup/1a4d7846-0d8d-40c3-a1b4-50b7414f61e8-chrome-pdf.html","meta":{"rootId":"yvouy1x5499i4vj","id":"ge5zipdm7gr264t"},"id":"bb6qez9rrbh2610","previousOperationId":"074xtywgpdz1gbe"}
{"type":"log","timestamp":1705333775776,"level":"debug","message":"Page request: GET (stylesheet) https://cdnjs.cloudflare.com/ajax/libs/metro/4.1.5/css/metro.min.css","meta":{"rootId":"yvouy1x5499i4vj","id":"ge5zipdm7gr264t"},"id":"s9pj4eojuo16qez","previousOperationId":"074xtywgpdz1gbe"}
{"type":"log","timestamp":1705333775777,"level":"debug","message":"Page request finished: GET (document) 200 file:///C:/Users/arida/AppData/Local/Temp/jsreport/autocleanup/1a4d7846-0d8d-40c3-a1b4-50b7414f61e8-chrome-pdf.html","meta":{"rootId":"yvouy1x5499i4vj","id":"ge5zipdm7gr264t"},"id":"9h7o03jb1bhx642","previousOperationId":"074xtywgpdz1gbe"}
{"type":"log","timestamp":1705333775801,"level":"debug","message":"Page request finished: GET (stylesheet) 200 https://cdnjs.cloudflare.com/ajax/libs/metro/4.1.5/css/metro.min.css","meta":{"rootId":"yvouy1x5499i4vj","id":"ge5zipdm7gr264t"},"id":"3ejm3n5e1twhm3w","previousOperationId":"074xtywgpdz1gbe"}
{"type":"log","timestamp":1705333775824,"level":"debug","message":"Running chrome with params {\"printBackground\":true,\"marginTop\":\"1.5cm\",\"marginRight\":\"1.5cm\",\"marginLeft\":\"1.cm\",\"timeout\":59461,\"margin\":{\"top\":\"1.5cm\",\"right\":\"1.5cm\",\"left\":\"1.cm\"}}","meta":{"rootId":"yvouy1x5499i4vj","id":"ge5zipdm7gr264t"},"id":"9e0ym1jz55fyla4","previousOperationId":"074xtywgpdz1gbe"}
{"type":"operationEnd","operationId":"074xtywgpdz1gbe","timestamp":1705333775869,"id":"fbctw8u4vd53zhb","previousEventId":"nmczfph6u8bpij3","previousOperationId":"074xtywgpdz1gbe"}
{"type":"log","timestamp":1705333775869,"level":"debug","message":"Skipping storing report.","meta":{"rootId":"yvouy1x5499i4vj","id":"ge5zipdm7gr264t"},"id":"i9aeuvvf1oryiuz","previousOperationId":"074xtywgpdz1gbe"}
{"type":"log","timestamp":1705333775869,"level":"info","message":"Rendering (child) request finished in 790 ms","meta":{"rootId":"yvouy1x5499i4vj","id":"ge5zipdm7gr264t"},"id":"3fvb4z60ttpuce4","previousOperationId":"074xtywgpdz1gbe"}
{"type":"operationEnd","subtype":"render","operationId":"0ec3998b5ccnnrj","timestamp":1705333775869,"id":"h0mrd6vp748c26a","previousEventId":"fbctw8u4vd53zhb","previousOperationId":"074xtywgpdz1gbe"}
{"type":"operationEnd","operationId":"x0sgtuo2ocpfhjd","timestamp":1705333775881,"id":"j7f7k6ebtxsq9p5","previousEventId":"fw1s563vtx3k24k","previousOperationId":"x0sgtuo2ocpfhjd"}
{"type":"log","timestamp":1705333775881,"level":"debug","message":"pdf-utils postproces start","meta":{"rootId":"yvouy1x5499i4vj","id":"yvouy1x5499i4vj"},"id":"zchfp1yn7r0g1p1","previousOperationId":"x0sgtuo2ocpfhjd"}
{"type":"log","timestamp":1705333775888,"level":"debug","message":"pdf-utils postproces end","meta":{"rootId":"yvouy1x5499i4vj","id":"yvouy1x5499i4vj"},"id":"826o87qvdhn1tih","previousOperationId":"x0sgtuo2ocpfhjd"}
{"type":"operationEnd","operationId":"ldxfd5h953rd4jv","timestamp":1705333775888,"id":"y81bsnrlh4wfu8l","previousEventId":"j7f7k6ebtxsq9p5","previousOperationId":"x0sgtuo2ocpfhjd"}
{"type":"log","timestamp":1705333775888,"level":"info","message":"pdf-utils pdf processing was finished","meta":{"rootId":"yvouy1x5499i4vj","id":"yvouy1x5499i4vj"},"id":"1v9ooqd7kvu29n8","previousOperationId":"ldxfd5h953rd4jv"}
{"type":"log","timestamp":1705333775888,"level":"debug","message":"Skipping storing report.","meta":{"rootId":"yvouy1x5499i4vj","id":"yvouy1x5499i4vj"},"id":"di9dunv6uaalxwh","previousOperationId":"ldxfd5h953rd4jv"}
{"type":"log","timestamp":1705333775889,"level":"info","message":"Rendering request 10 finished in 810 ms","meta":{"rootId":"yvouy1x5499i4vj","id":"yvouy1x5499i4vj"},"id":"9pozrkj1bl1ijck","previousOperationId":"ldxfd5h953rd4jv"}
{"type":"operationEnd","subtype":"render","operationId":"c8nisp66ut021iz","timestamp":1705333775889,"id":"2ys5ummf2a9ufgi","previousEventId":"y81bsnrlh4wfu8l","previousOperationId":"ldxfd5h953rd4jv"}
{"type":"operationEnd","doDiffs":false,"previousEventId":"79otwykky3dqfmy","previousOperationId":"etw8wdkqy7cl07e","operationId":"etw8wdkqy7cl07e","timestamp":1705333775901,"id":"bsdrsk1ad3y5lgc"}
