{"type":"operationStart","subtype":"profile","data":{"_id":"Q9a2CiuRZy0BNfqb","timestamp":"2024-01-15T09:56:52.670Z","state":"queued","mode":"standard","creationDate":"2024-01-15T09:56:52.677Z","modificationDate":"2024-01-15T09:56:52.677Z","shortid":"UKJBL3P","$entitySet":"profiles"},"doDiffs":false,"timestamp":1705312612673,"id":"avk3o2x5j7ad8a4","previousOperationId":null,"operationId":"xm84tgu0quf2ty4"}
{"type":"log","level":"info","message":"Render request 3 queued for execution and waiting for available worker","previousOperationId":"xm84tgu0quf2ty4","timestamp":1705312612674,"id":"vl8ih2g8e8vawh1"}
{"type":"operationStart","subtype":"render","name":"locations-main","previousOperationId":"xm84tgu0quf2ty4","timestamp":1705312612710,"id":"cbrj8ua6o6tt45j","previousEventId":"avk3o2x5j7ad8a4","operationId":"d6pa7jw90c0m8yl"}
{"type":"log","timestamp":1705312612711,"level":"info","message":"Starting rendering request 3","meta":{"rootId":"z4gabg2d21n5pyk","id":"z4gabg2d21n5pyk"},"id":"5pyhxa1cbgd0q1a","previousOperationId":"d6pa7jw90c0m8yl"}
{"type":"log","timestamp":1705312612712,"level":"info","message":"Rendering template { name: locations-main, recipe: chrome-pdf, engine: handlebars, preview: true }","meta":{"rootId":"z4gabg2d21n5pyk","id":"z4gabg2d21n5pyk"},"id":"574fz34h9mspntn","previousOperationId":"d6pa7jw90c0m8yl"}
{"type":"log","timestamp":1705312612716,"level":"debug","message":"Data item not defined for this template.","meta":{"rootId":"z4gabg2d21n5pyk","id":"z4gabg2d21n5pyk"},"id":"ttk4y6q8psxpzha","previousOperationId":"d6pa7jw90c0m8yl"}
{"type":"log","timestamp":1705312612726,"level":"debug","message":"Executing script locations-script (beforeRender)","meta":{"rootId":"z4gabg2d21n5pyk","id":"z4gabg2d21n5pyk"},"id":"zdapc38vmw2lb1j","previousOperationId":"d6pa7jw90c0m8yl"}
{"type":"operationStart","subtype":"scriptsBeforeRender","name":"scripts beforeRender","timestamp":1705312612765,"id":"1pp5lmp4ypsg3xp","previousEventId":"cbrj8ua6o6tt45j","operationId":"076peofy987zjnk","previousOperationId":"d6pa7jw90c0m8yl"}
{"type":"operationStart","subtype":"script","name":"scripts locations-script","previousOperationId":"076peofy987zjnk","timestamp":1705312612765,"id":"d31foio0p3tjomd","previousEventId":"1pp5lmp4ypsg3xp","operationId":"0hc8wcr1wals9th"}
{"type":"operationEnd","operationId":"0hc8wcr1wals9th","timestamp":1705312612803,"id":"e9uamy339lj05jh","previousEventId":"cbrj8ua6o6tt45j","previousOperationId":"d6pa7jw90c0m8yl"}
{"type":"operationEnd","operationId":"076peofy987zjnk","timestamp":1705312612803,"id":"d0vamct34eucwdr","previousEventId":"e9uamy339lj05jh","previousOperationId":"d6pa7jw90c0m8yl"}
{"type":"log","timestamp":1705312612803,"level":"debug","message":"Base url not specified, skipping its injection.","meta":{"rootId":"z4gabg2d21n5pyk","id":"z4gabg2d21n5pyk"},"id":"9s1rwgh3qy03kkd","previousOperationId":"076peofy987zjnk"}
{"type":"operationStart","subtype":"engine","name":"handlebars","timestamp":1705312612804,"id":"p9fnujxzvbn9299","previousEventId":"d0vamct34eucwdr","operationId":"azsg26aj40q8ssc","previousOperationId":"076peofy987zjnk"}
{"type":"log","timestamp":1705312612804,"level":"debug","message":"Rendering engine handlebars","meta":{"rootId":"z4gabg2d21n5pyk","id":"z4gabg2d21n5pyk"},"id":"1d88zrs37s91gbg","previousOperationId":"azsg26aj40q8ssc"}
{"type":"operationEnd","operationId":"azsg26aj40q8ssc","timestamp":1705312612861,"id":"t1pudakrprs1d36","previousEventId":"p9fnujxzvbn9299","previousOperationId":"azsg26aj40q8ssc"}
{"type":"operationStart","subtype":"recipe","name":"chrome-pdf","timestamp":1705312612862,"id":"cayl81lpablldb7","previousEventId":"t1pudakrprs1d36","operationId":"asblott8vagzz4f","previousOperationId":"azsg26aj40q8ssc"}
{"type":"log","timestamp":1705312612864,"level":"debug","message":"Executing recipe chrome-pdf","meta":{"rootId":"z4gabg2d21n5pyk","id":"z4gabg2d21n5pyk"},"id":"glxi8yvit748v8a","previousOperationId":"asblott8vagzz4f"}
{"type":"log","timestamp":1705312612873,"level":"debug","message":"Converting with chrome HeadlessChrome/117.0.5938.149 using chrome-pool strategy","meta":{"rootId":"z4gabg2d21n5pyk","id":"z4gabg2d21n5pyk"},"id":"holbdt2nckjbh8e","previousOperationId":"asblott8vagzz4f"}
{"type":"log","timestamp":1705312613073,"level":"debug","message":"Page request: GET (document) file:///C:/Users/arida/AppData/Local/Temp/jsreport/autocleanup/ee0220cf-838e-401d-9a88-e07360b90c76-chrome-pdf.html","meta":{"rootId":"z4gabg2d21n5pyk","id":"z4gabg2d21n5pyk"},"id":"vk7g6463qpx2489","previousOperationId":"asblott8vagzz4f"}
{"type":"log","timestamp":1705312613101,"level":"debug","message":"Page request: GET (stylesheet) https://cdnjs.cloudflare.com/ajax/libs/metro/4.1.5/css/metro.min.css","meta":{"rootId":"z4gabg2d21n5pyk","id":"z4gabg2d21n5pyk"},"id":"72h3ziwas84w385","previousOperationId":"asblott8vagzz4f"}
{"type":"log","timestamp":1705312613101,"level":"debug","message":"Page request: GET (script) https://cdnjs.cloudflare.com/ajax/libs/Chart.js/2.7.2/Chart.min.js","meta":{"rootId":"z4gabg2d21n5pyk","id":"z4gabg2d21n5pyk"},"id":"vx0jv6wanv6opzg","previousOperationId":"asblott8vagzz4f"}
{"type":"log","timestamp":1705312613102,"level":"debug","message":"Page request finished: GET (document) 200 file:///C:/Users/arida/AppData/Local/Temp/jsreport/autocleanup/ee0220cf-838e-401d-9a88-e07360b90c76-chrome-pdf.html","meta":{"rootId":"z4gabg2d21n5pyk","id":"z4gabg2d21n5pyk"},"id":"davkfv9kb3yxeh8","previousOperationId":"asblott8vagzz4f"}
{"type":"log","timestamp":1705312613122,"level":"debug","message":"Page request finished: GET (stylesheet) 200 https://cdnjs.cloudflare.com/ajax/libs/metro/4.1.5/css/metro.min.css","meta":{"rootId":"z4gabg2d21n5pyk","id":"z4gabg2d21n5pyk"},"id":"an40lswee8z25ak","previousOperationId":"asblott8vagzz4f"}
{"type":"log","timestamp":1705312613122,"level":"debug","message":"Page request finished: GET (script) 200 https://cdnjs.cloudflare.com/ajax/libs/Chart.js/2.7.2/Chart.min.js","meta":{"rootId":"z4gabg2d21n5pyk","id":"z4gabg2d21n5pyk"},"id":"buakhtgkpsgdeyv","previousOperationId":"asblott8vagzz4f"}
{"type":"log","timestamp":1705312613137,"level":"warn","message":"Page error: Unexpected identifier 'en' , stack: SyntaxError: Unexpected identifier 'en'","meta":{"rootId":"z4gabg2d21n5pyk","id":"z4gabg2d21n5pyk"},"id":"mjihdwcbylh6d2l","previousOperationId":"asblott8vagzz4f"}
{"type":"log","timestamp":1705312613137,"level":"warn","message":"Page error: Unexpected identifier 'en' , stack: SyntaxError: Unexpected identifier 'en'","meta":{"rootId":"z4gabg2d21n5pyk","id":"z4gabg2d21n5pyk"},"id":"bqpi2uy3m8nwp1j","previousOperationId":"asblott8vagzz4f"}
{"type":"log","timestamp":1705312613161,"level":"debug","message":"Running chrome with params {\"printBackground\":true,\"marginTop\":\"4cm\",\"marginRight\":\"1.5cm\",\"marginBottom\":\"1.5cm\",\"marginLeft\":\"1.5cm\",\"waitForJS\":false,\"timeout\":59799,\"margin\":{\"top\":\"4cm\",\"right\":\"1.5cm\",\"bottom\":\"1.5cm\",\"left\":\"1.5cm\"}}","meta":{"rootId":"z4gabg2d21n5pyk","id":"z4gabg2d21n5pyk"},"id":"g00dkd6w446t5fo","previousOperationId":"asblott8vagzz4f"}
{"type":"operationEnd","operationId":"asblott8vagzz4f","timestamp":1705312613203,"id":"y8ry5a6wzhrdpvk","previousEventId":"cayl81lpablldb7","previousOperationId":"asblott8vagzz4f"}
{"type":"log","timestamp":1705312613203,"level":"info","message":"pdf-utils is starting pdf processing","meta":{"rootId":"z4gabg2d21n5pyk","id":"z4gabg2d21n5pyk"},"id":"xjeqyo2lb9pe196","previousOperationId":"asblott8vagzz4f"}
{"type":"operationStart","subtype":"pdfUtils","name":"pdf utils","timestamp":1705312613203,"id":"pr8w5t96sdv3zgm","previousEventId":"y8ry5a6wzhrdpvk","operationId":"mb68aec5ig0behe","previousOperationId":"asblott8vagzz4f"}
{"type":"log","timestamp":1705312613203,"level":"debug","message":"pdf-utils detected 1 pdf operation(s) to process","meta":{"rootId":"z4gabg2d21n5pyk","id":"z4gabg2d21n5pyk"},"id":"yvxjp177149n9o8","previousOperationId":"mb68aec5ig0behe"}
{"type":"log","timestamp":1705312613224,"level":"debug","message":"pdf-utils running pdf operation merge","meta":{"rootId":"z4gabg2d21n5pyk","id":"z4gabg2d21n5pyk"},"id":"p2142b6d8mejlac","previousOperationId":"mb68aec5ig0behe"}
{"type":"operationStart","subtype":"pdfUtilsMerge","name":"pdf utils merge","previousOperationId":"mb68aec5ig0behe","timestamp":1705312613224,"id":"er5ajhng9u40jcf","previousEventId":"pr8w5t96sdv3zgm","operationId":"cxdul2yeb9q3sky"}
{"type":"operationStart","subtype":"render","name":"locations-header","previousOperationId":"cxdul2yeb9q3sky","timestamp":1705312613225,"id":"uizcui43dh1ltrh","previousEventId":"er5ajhng9u40jcf","operationId":"opg3rkjz445qbil"}
{"type":"log","timestamp":1705312613226,"level":"info","message":"Starting rendering (child) request","meta":{"rootId":"z4gabg2d21n5pyk","id":"fx2b6arjgptn0h9"},"id":"vanrrco2271e6t6","previousOperationId":"opg3rkjz445qbil"}
{"type":"log","timestamp":1705312613226,"level":"info","message":"Rendering template { name: locations-header, recipe: chrome-pdf, engine: handlebars, preview: true }","meta":{"rootId":"z4gabg2d21n5pyk","id":"fx2b6arjgptn0h9"},"id":"r65t9hzg2cda4xr","previousOperationId":"opg3rkjz445qbil"}
{"type":"log","timestamp":1705312613227,"level":"debug","message":"Inline data specified.","meta":{"rootId":"z4gabg2d21n5pyk","id":"fx2b6arjgptn0h9"},"id":"aqac2eqxqbjzxk2","previousOperationId":"opg3rkjz445qbil"}
{"type":"log","timestamp":1705312613230,"level":"debug","message":"Base url not specified, skipping its injection.","meta":{"rootId":"z4gabg2d21n5pyk","id":"fx2b6arjgptn0h9"},"id":"t3mvuvemoph9ith","previousOperationId":"opg3rkjz445qbil"}
{"type":"operationStart","subtype":"engine","name":"handlebars","timestamp":1705312613230,"id":"wbs9a15fs372x9w","previousEventId":"uizcui43dh1ltrh","operationId":"xa7m8ejgkmysopj","previousOperationId":"opg3rkjz445qbil"}
{"type":"log","timestamp":1705312613230,"level":"debug","message":"Rendering engine handlebars","meta":{"rootId":"z4gabg2d21n5pyk","id":"fx2b6arjgptn0h9"},"id":"32w0b3tnpx0hkfl","previousOperationId":"xa7m8ejgkmysopj"}
{"type":"operationEnd","operationId":"xa7m8ejgkmysopj","timestamp":1705312613267,"id":"at5ru2j7q5th88f","previousEventId":"wbs9a15fs372x9w","previousOperationId":"xa7m8ejgkmysopj"}
{"type":"operationStart","subtype":"recipe","name":"chrome-pdf","timestamp":1705312613267,"id":"6bhhl6qu6dsxtja","previousEventId":"at5ru2j7q5th88f","operationId":"g6cpe2dja9ok3zq","previousOperationId":"xa7m8ejgkmysopj"}
{"type":"log","timestamp":1705312613267,"level":"debug","message":"Executing recipe chrome-pdf","meta":{"rootId":"z4gabg2d21n5pyk","id":"fx2b6arjgptn0h9"},"id":"ieyhe3ynuznphz4","previousOperationId":"g6cpe2dja9ok3zq"}
{"type":"log","timestamp":1705312613270,"level":"debug","message":"Converting with chrome HeadlessChrome/117.0.5938.149 using chrome-pool strategy","meta":{"rootId":"z4gabg2d21n5pyk","id":"fx2b6arjgptn0h9"},"id":"89dx2j4yoo3mtqs","previousOperationId":"g6cpe2dja9ok3zq"}
{"type":"log","timestamp":1705312613401,"level":"debug","message":"Page request: GET (document) file:///C:/Users/arida/AppData/Local/Temp/jsreport/autocleanup/75e3a63f-123f-4d4f-9e31-d0f2e2631e26-chrome-pdf.html","meta":{"rootId":"z4gabg2d21n5pyk","id":"fx2b6arjgptn0h9"},"id":"uy9x83z8xuv0836","previousOperationId":"g6cpe2dja9ok3zq"}
{"type":"log","timestamp":1705312613415,"level":"debug","message":"Page request: GET (stylesheet) https://cdnjs.cloudflare.com/ajax/libs/metro/4.1.5/css/metro.min.css","meta":{"rootId":"z4gabg2d21n5pyk","id":"fx2b6arjgptn0h9"},"id":"klubtj5g0u9wpdz","previousOperationId":"g6cpe2dja9ok3zq"}
{"type":"log","timestamp":1705312613416,"level":"debug","message":"Page request finished: GET (document) 200 file:///C:/Users/arida/AppData/Local/Temp/jsreport/autocleanup/75e3a63f-123f-4d4f-9e31-d0f2e2631e26-chrome-pdf.html","meta":{"rootId":"z4gabg2d21n5pyk","id":"fx2b6arjgptn0h9"},"id":"vulge1csxv3f3z3","previousOperationId":"g6cpe2dja9ok3zq"}
{"type":"log","timestamp":1705312613439,"level":"debug","message":"Page request finished: GET (stylesheet) 200 https://cdnjs.cloudflare.com/ajax/libs/metro/4.1.5/css/metro.min.css","meta":{"rootId":"z4gabg2d21n5pyk","id":"fx2b6arjgptn0h9"},"id":"m17o1gwgapvf521","previousOperationId":"g6cpe2dja9ok3zq"}
{"type":"log","timestamp":1705312613460,"level":"debug","message":"Running chrome with params {\"printBackground\":true,\"marginTop\":\"1.5cm\",\"marginRight\":\"1.5cm\",\"marginLeft\":\"1.cm\",\"timeout\":59400,\"margin\":{\"top\":\"1.5cm\",\"right\":\"1.5cm\",\"left\":\"1.cm\"}}","meta":{"rootId":"z4gabg2d21n5pyk","id":"fx2b6arjgptn0h9"},"id":"cpyonj5xaxmftcn","previousOperationId":"g6cpe2dja9ok3zq"}
{"type":"operationEnd","operationId":"g6cpe2dja9ok3zq","timestamp":1705312613499,"id":"dt06vcnhu643kvh","previousEventId":"6bhhl6qu6dsxtja","previousOperationId":"g6cpe2dja9ok3zq"}
{"type":"log","timestamp":1705312613500,"level":"debug","message":"Skipping storing report.","meta":{"rootId":"z4gabg2d21n5pyk","id":"fx2b6arjgptn0h9"},"id":"8h4doxffio44z4b","previousOperationId":"g6cpe2dja9ok3zq"}
{"type":"log","timestamp":1705312613500,"level":"info","message":"Rendering (child) request finished in 831 ms","meta":{"rootId":"z4gabg2d21n5pyk","id":"fx2b6arjgptn0h9"},"id":"wfnasj1fygznvpr","previousOperationId":"g6cpe2dja9ok3zq"}
{"type":"operationEnd","subtype":"render","operationId":"opg3rkjz445qbil","timestamp":1705312613501,"id":"dfjxn72lzvaaski","previousEventId":"dt06vcnhu643kvh","previousOperationId":"g6cpe2dja9ok3zq"}
{"type":"operationEnd","operationId":"cxdul2yeb9q3sky","timestamp":1705312613526,"id":"dqsgo5og2i0un9k","previousEventId":"er5ajhng9u40jcf","previousOperationId":"cxdul2yeb9q3sky"}
{"type":"log","timestamp":1705312613526,"level":"debug","message":"pdf-utils postproces start","meta":{"rootId":"z4gabg2d21n5pyk","id":"z4gabg2d21n5pyk"},"id":"m4of1tflhi6n2gw","previousOperationId":"cxdul2yeb9q3sky"}
{"type":"log","timestamp":1705312613537,"level":"debug","message":"pdf-utils postproces end","meta":{"rootId":"z4gabg2d21n5pyk","id":"z4gabg2d21n5pyk"},"id":"amj9zhqyqathho8","previousOperationId":"cxdul2yeb9q3sky"}
{"type":"operationEnd","operationId":"mb68aec5ig0behe","timestamp":1705312613537,"id":"y30thmhzv80o12b","previousEventId":"dqsgo5og2i0un9k","previousOperationId":"cxdul2yeb9q3sky"}
{"type":"log","timestamp":1705312613537,"level":"info","message":"pdf-utils pdf processing was finished","meta":{"rootId":"z4gabg2d21n5pyk","id":"z4gabg2d21n5pyk"},"id":"6g6f2mdae6odjyg","previousOperationId":"mb68aec5ig0behe"}
{"type":"log","timestamp":1705312613537,"level":"debug","message":"Skipping storing report.","meta":{"rootId":"z4gabg2d21n5pyk","id":"z4gabg2d21n5pyk"},"id":"bsjykdn143bkkzu","previousOperationId":"mb68aec5ig0behe"}
{"type":"log","timestamp":1705312613537,"level":"info","message":"Rendering request 3 finished in 868 ms","meta":{"rootId":"z4gabg2d21n5pyk","id":"z4gabg2d21n5pyk"},"id":"y7vb6sxvglsphlb","previousOperationId":"mb68aec5ig0behe"}
{"type":"operationEnd","subtype":"render","operationId":"d6pa7jw90c0m8yl","timestamp":1705312613537,"id":"ycgb4fzeuf4jm13","previousEventId":"y30thmhzv80o12b","previousOperationId":"mb68aec5ig0behe"}
{"type":"operationEnd","doDiffs":false,"previousEventId":"avk3o2x5j7ad8a4","previousOperationId":"xm84tgu0quf2ty4","operationId":"xm84tgu0quf2ty4","timestamp":1705312613548,"id":"yqkvl5xo1p5m1bi"}
