{"type":"operationStart","subtype":"profile","data":{"_id":"CqhRTeCROl5JABie","timestamp":"2024-01-13T19:25:23.033Z","state":"queued","mode":"standard","creationDate":"2024-01-13T19:25:23.040Z","modificationDate":"2024-01-13T19:25:23.040Z","shortid":"-uypcNu","$entitySet":"profiles"},"doDiffs":false,"timestamp":1705173923036,"id":"9ub2do9zx4l9n59","previousOperationId":null,"operationId":"xx8d3rqea8wwzmi"}
{"type":"log","level":"info","message":"Render request 6 queued for execution and waiting for available worker","previousOperationId":"xx8d3rqea8wwzmi","timestamp":1705173923037,"id":"hnu11oow9z9ikmx"}
{"type":"operationStart","subtype":"render","name":"sales-main","previousOperationId":"xx8d3rqea8wwzmi","timestamp":1705173923096,"id":"go9qs3qa3ymmxgd","previousEventId":"9ub2do9zx4l9n59","operationId":"7yc8cy4jcznmig9"}
{"type":"log","timestamp":1705173923102,"level":"info","message":"Starting rendering request 6","meta":{"rootId":"exe7jp4myq7zwp8","id":"exe7jp4myq7zwp8"},"id":"m9s1yt5f6p4xbcg","previousOperationId":"7yc8cy4jcznmig9"}
{"type":"log","timestamp":1705173923108,"level":"info","message":"Rendering template { name: sales-main, recipe: html-to-xlsx, engine: handlebars, preview: true }","meta":{"rootId":"exe7jp4myq7zwp8","id":"exe7jp4myq7zwp8"},"id":"gg54k0c776p9xtu","previousOperationId":"7yc8cy4jcznmig9"}
{"type":"log","timestamp":1705173923129,"level":"debug","message":"Adding sample data B1lSTrt6NB","meta":{"rootId":"exe7jp4myq7zwp8","id":"exe7jp4myq7zwp8"},"id":"fky4ft0ulfyaa29","previousOperationId":"7yc8cy4jcznmig9"}
{"type":"log","timestamp":1705173923145,"level":"debug","message":"Base url not specified, skipping its injection.","meta":{"rootId":"exe7jp4myq7zwp8","id":"exe7jp4myq7zwp8"},"id":"5zgdsiezpuwpdfa","previousOperationId":"7yc8cy4jcznmig9"}
{"type":"operationStart","subtype":"engine","name":"handlebars","timestamp":1705173923150,"id":"0xw3xrj2pb3qwra","previousEventId":"go9qs3qa3ymmxgd","operationId":"8hj7gubsf2xx9u9","previousOperationId":"7yc8cy4jcznmig9"}
{"type":"log","timestamp":1705173923150,"level":"debug","message":"Rendering engine handlebars","meta":{"rootId":"exe7jp4myq7zwp8","id":"exe7jp4myq7zwp8"},"id":"gq44ykmzam7od1v","previousOperationId":"8hj7gubsf2xx9u9"}
{"type":"operationEnd","operationId":"8hj7gubsf2xx9u9","timestamp":1705173923341,"id":"qldxphmpfbw5c0u","previousEventId":"0xw3xrj2pb3qwra","previousOperationId":"8hj7gubsf2xx9u9"}
{"type":"operationStart","subtype":"recipe","name":"html-to-xlsx","timestamp":1705173923341,"id":"dcgfho9sw2mwsnn","previousEventId":"qldxphmpfbw5c0u","operationId":"do62t4tw8bi2wk2","previousOperationId":"8hj7gubsf2xx9u9"}
{"type":"log","timestamp":1705173923341,"level":"debug","message":"Executing recipe html-to-xlsx","meta":{"rootId":"exe7jp4myq7zwp8","id":"exe7jp4myq7zwp8"},"id":"bqkf5qsakqk3p1v","previousOperationId":"do62t4tw8bi2wk2"}
{"type":"log","timestamp":1705173924122,"level":"info","message":"html-to-xlsx generation is starting","meta":{"rootId":"exe7jp4myq7zwp8","id":"exe7jp4myq7zwp8"},"id":"qyggdpjccs3uesb","previousOperationId":"do62t4tw8bi2wk2"}
{"type":"log","timestamp":1705173925678,"level":"info","message":"html-to-xlsx generation was finished","meta":{"rootId":"exe7jp4myq7zwp8","id":"exe7jp4myq7zwp8"},"id":"fgl14tufr4h2pwv","previousOperationId":"do62t4tw8bi2wk2"}
{"type":"log","timestamp":1705173925734,"level":"debug","message":"preparing office preview","meta":{"rootId":"exe7jp4myq7zwp8","id":"exe7jp4myq7zwp8"},"id":"f7i8gry0fv0sruu","previousOperationId":"do62t4tw8bi2wk2"}
{"type":"operationEnd","operationId":"do62t4tw8bi2wk2","timestamp":1705173926038,"id":"3cm2bzz5pj8xtnd","previousEventId":"dcgfho9sw2mwsnn","previousOperationId":"do62t4tw8bi2wk2"}
{"type":"log","timestamp":1705173926039,"level":"debug","message":"Skipping storing report.","meta":{"rootId":"exe7jp4myq7zwp8","id":"exe7jp4myq7zwp8"},"id":"puv1rd9v7ortuy5","previousOperationId":"do62t4tw8bi2wk2"}
{"type":"log","timestamp":1705173926039,"level":"info","message":"Rendering request 6 finished in 3006 ms","meta":{"rootId":"exe7jp4myq7zwp8","id":"exe7jp4myq7zwp8"},"id":"94uxf8hfpcrfiir","previousOperationId":"do62t4tw8bi2wk2"}
{"type":"operationEnd","subtype":"render","operationId":"7yc8cy4jcznmig9","timestamp":1705173926039,"id":"z6rz1dxzrnn8247","previousEventId":"3cm2bzz5pj8xtnd","previousOperationId":"do62t4tw8bi2wk2"}
{"type":"operationEnd","doDiffs":false,"previousEventId":"9ub2do9zx4l9n59","previousOperationId":"xx8d3rqea8wwzmi","operationId":"xx8d3rqea8wwzmi","timestamp":1705173926049,"id":"groatctbsxt8fzr"}
